<?xml version="1.0" encoding="utf-8"?><testsuite errors="0" failures="0" name="pytest" skips="110" tests="936" time="4.484"><testcase classname="pytest_cases.tests.test_plugin_installed" file="pytest_cases/tests/test_plugin_installed.py" line="4" name="test_pytest_cases_plugin_installed" time="0.0008065700531005859"></testcase><testcase classname="pytest_cases.tests.cases.doc.test_doc" file="pytest_cases/tests/cases/doc/test_doc.py" line="14" name="test_foo1[1-2]" time="0.0007450580596923828"></testcase><testcase classname="pytest_cases.tests.cases.doc.test_doc" file="pytest_cases/tests/cases/doc/test_doc.py" line="14" name="test_foo1[-1--2]" time="0.0006339550018310547"></testcase><testcase classname="pytest_cases.tests.cases.doc.test_doc" file="pytest_cases/tests/cases/doc/test_doc.py" line="19" name="test_foo1_synthesis" time="0.002772808074951172"></testcase><testcase classname="pytest_cases.tests.cases.doc.test_doc" file="pytest_cases/tests/cases/doc/test_doc.py" line="24" name="test_foo_default_cases_file[two_positive_ints[0]-two_positive_ints[1]]" time="0.0006639957427978516"></testcase><testcase classname="pytest_cases.tests.cases.doc.test_doc" file="pytest_cases/tests/cases/doc/test_doc.py" line="24" name="test_foo_default_cases_file[two_negative_ints[0]-two_negative_ints[1]]" time="0.0012063980102539062"></testcase><testcase classname="pytest_cases.tests.cases.doc.test_doc" file="pytest_cases/tests/cases/doc/test_doc.py" line="29" name="test_foo_default_cases_file_synthesis" time="0.002892732620239258"></testcase><testcase classname="pytest_cases.tests.cases.doc.test_doc" file="pytest_cases/tests/cases/doc/test_doc.py" line="42" name="test_foo_fun[strange_ints[0]-strange_ints[1]]" time="0.0006575584411621094"></testcase><testcase classname="pytest_cases.tests.cases.doc.test_doc" file="pytest_cases/tests/cases/doc/test_doc.py" line="47" name="test_foo_fun_synthesis" time="0.0027806758880615234"></testcase><testcase classname="pytest_cases.tests.cases.doc.test_doc" file="pytest_cases/tests/cases/doc/test_doc.py" line="55" name="test_foo_fun_list[0strange_ints[0]-strange_ints[1]]" time="0.0006678104400634766"></testcase><testcase classname="pytest_cases.tests.cases.doc.test_doc" file="pytest_cases/tests/cases/doc/test_doc.py" line="55" name="test_foo_fun_list[1strange_ints[0]-strange_ints[1]]" time="0.0008869171142578125"></testcase><testcase classname="pytest_cases.tests.cases.doc.test_doc" file="pytest_cases/tests/cases/doc/test_doc.py" line="60" name="test_foo_fun_list_synthesis" time="0.0040090084075927734"></testcase><testcase classname="pytest_cases.tests.cases.doc.test_doc" file="pytest_cases/tests/cases/doc/test_doc.py" line="99" name="test_foo_cls[hello world[0]-hello world[1]]" time="0.0007181167602539062"></testcase><testcase classname="pytest_cases.tests.cases.doc.test_doc" file="pytest_cases/tests/cases/doc/test_doc.py" line="99" name="test_foo_cls[skipped[0]-skipped[1]]" time="0.0002560615539550781"><skipped message="unconditional skip" type="pytest.skip">pytest_cases/tests/cases/doc/test_doc.py:99: &lt;py._xmlgen.raw object at 0x7fc15d328588&gt;</skipped></testcase><testcase classname="pytest_cases.tests.cases.doc.test_doc" file="pytest_cases/tests/cases/doc/test_doc.py" line="99" name="test_foo_cls[two_negative_ints[0]-two_negative_ints[1]]" time="0.0006868839263916016"></testcase><testcase classname="pytest_cases.tests.cases.doc.test_doc" file="pytest_cases/tests/cases/doc/test_doc.py" line="104" name="test_foo_cls_synthesis" time="0.0042133331298828125"></testcase><testcase classname="pytest_cases.tests.cases.doc.test_doc" file="pytest_cases/tests/cases/doc/test_doc.py" line="118" name="test_foo_cls_list[0hello world[0]-hello world[1]]" time="0.0007052421569824219"></testcase><testcase classname="pytest_cases.tests.cases.doc.test_doc" file="pytest_cases/tests/cases/doc/test_doc.py" line="118" name="test_foo_cls_list[1skipped[0]-skipped[1]]" time="0.00024080276489257812"><skipped message="unconditional skip" type="pytest.skip">pytest_cases/tests/cases/doc/test_doc.py:118: &lt;py._xmlgen.raw object at 0x7fc15d3282b0&gt;</skipped></testcase><testcase classname="pytest_cases.tests.cases.doc.test_doc" file="pytest_cases/tests/cases/doc/test_doc.py" line="118" name="test_foo_cls_list[2two_negative_ints[0]-two_negative_ints[1]]" time="0.0006921291351318359"></testcase><testcase classname="pytest_cases.tests.cases.doc.test_doc" file="pytest_cases/tests/cases/doc/test_doc.py" line="118" name="test_foo_cls_list[3strange_ints[0]-strange_ints[1]]" time="0.0006656646728515625"></testcase><testcase classname="pytest_cases.tests.cases.doc.test_doc" file="pytest_cases/tests/cases/doc/test_doc.py" line="118" name="test_foo_cls_list[4hello[0]-hello[1]]" time="0.0009095668792724609"></testcase><testcase classname="pytest_cases.tests.cases.doc.test_doc" file="pytest_cases/tests/cases/doc/test_doc.py" line="118" name="test_foo_cls_list[5skipped[0]-skipped[1]]" time="0.0002410411834716797"><skipped message="unconditional skip" type="pytest.skip">pytest_cases/tests/cases/doc/test_doc.py:118: &lt;py._xmlgen.raw object at 0x7fc15d2f5ba8&gt;</skipped></testcase><testcase classname="pytest_cases.tests.cases.doc.test_doc" file="pytest_cases/tests/cases/doc/test_doc.py" line="118" name="test_foo_cls_list[6two_negative_ints[0]-two_negative_ints[1]]" time="0.0006837844848632812"></testcase><testcase classname="pytest_cases.tests.cases.doc.test_doc" file="pytest_cases/tests/cases/doc/test_doc.py" line="118" name="test_foo_cls_list[7three_negative_ints[0]-three_negative_ints[1]]" time="0.0002391338348388672"><skipped message="unconditional skip" type="pytest.skip">pytest_cases/tests/cases/doc/test_doc.py:118: &lt;py._xmlgen.raw object at 0x7fc15d1bbd68&gt;</skipped></testcase><testcase classname="pytest_cases.tests.cases.doc.test_doc" file="pytest_cases/tests/cases/doc/test_doc.py" line="118" name="test_foo_cls_list[8two_negative_ints[0]-two_negative_ints[1]]" time="0.0007419586181640625"></testcase><testcase classname="pytest_cases.tests.cases.doc.test_doc" file="pytest_cases/tests/cases/doc/test_doc.py" line="118" name="test_foo_cls_list[9hello world[0]-hello world[1]]" time="0.0007679462432861328"></testcase><testcase classname="pytest_cases.tests.cases.doc.test_doc" file="pytest_cases/tests/cases/doc/test_doc.py" line="118" name="test_foo_cls_list[10skipped[0]-skipped[1]]" time="0.00025010108947753906"><skipped message="unconditional skip" type="pytest.skip">pytest_cases/tests/cases/doc/test_doc.py:118: &lt;py._xmlgen.raw object at 0x7fc15d1bbc18&gt;</skipped></testcase><testcase classname="pytest_cases.tests.cases.doc.test_doc" file="pytest_cases/tests/cases/doc/test_doc.py" line="118" name="test_foo_cls_list[11two_negative_ints[0]-two_negative_ints[1]]" time="0.000690460205078125"></testcase><testcase classname="pytest_cases.tests.cases.doc.test_doc" file="pytest_cases/tests/cases/doc/test_doc.py" line="118" name="test_foo_cls_list[12two_positive_ints[0]-two_positive_ints[1]]" time="0.0007090568542480469"></testcase><testcase classname="pytest_cases.tests.cases.doc.test_doc" file="pytest_cases/tests/cases/doc/test_doc.py" line="118" name="test_foo_cls_list[13two_negative_ints[0]-two_negative_ints[1]]" time="0.0007107257843017578"></testcase><testcase classname="pytest_cases.tests.cases.doc.test_doc" file="pytest_cases/tests/cases/doc/test_doc.py" line="123" name="test_foo_cls_list_synthesis" time="0.004584789276123047"></testcase><testcase classname="pytest_cases.tests.cases.doc.test_doc" file="pytest_cases/tests/cases/doc/test_doc.py" line="154" name="test_foo_parametrize_fixture[two_positive_ints]" time="0.0006585121154785156"></testcase><testcase classname="pytest_cases.tests.cases.doc.test_doc" file="pytest_cases/tests/cases/doc/test_doc.py" line="154" name="test_foo_parametrize_fixture[two_negative_ints]" time="0.0006613731384277344"></testcase><testcase classname="pytest_cases.tests.cases.doc.test_doc" file="pytest_cases/tests/cases/doc/test_doc.py" line="158" name="test_foo_parametrize_fixture_synthesis" time="0.0039215087890625"></testcase><testcase classname="pytest_cases.tests.cases.doc.test_doc_alternate" file="pytest_cases/tests/cases/doc/test_doc_alternate.py" line="13" name="test_foo_alternate_cases_file_and_two_marked_skip[0hello[0]-hello[1]]" time="0.0007064342498779297"></testcase><testcase classname="pytest_cases.tests.cases.doc.test_doc_alternate" file="pytest_cases/tests/cases/doc/test_doc_alternate.py" line="13" name="test_foo_alternate_cases_file_and_two_marked_skip[1skipped[0]-skipped[1]]" time="0.000446319580078125"><skipped message="unconditional skip" type="pytest.skip">pytest_cases/tests/cases/doc/test_doc_alternate.py:13: &lt;py._xmlgen.raw object at 0x7fc15d1cf588&gt;</skipped></testcase><testcase classname="pytest_cases.tests.cases.doc.test_doc_alternate" file="pytest_cases/tests/cases/doc/test_doc_alternate.py" line="13" name="test_foo_alternate_cases_file_and_two_marked_skip[2two_negative_ints[0]-two_negative_ints[1]]" time="0.0006749629974365234"></testcase><testcase classname="pytest_cases.tests.cases.doc.test_doc_alternate" file="pytest_cases/tests/cases/doc/test_doc_alternate.py" line="13" name="test_foo_alternate_cases_file_and_two_marked_skip[3three_negative_ints[0]-three_negative_ints[1]]" time="0.00024008750915527344"><skipped message="unconditional skip" type="pytest.skip">pytest_cases/tests/cases/doc/test_doc_alternate.py:13: &lt;py._xmlgen.raw object at 0x7fc15d1d3358&gt;</skipped></testcase><testcase classname="pytest_cases.tests.cases.doc.test_doc_alternate" file="pytest_cases/tests/cases/doc/test_doc_alternate.py" line="13" name="test_foo_alternate_cases_file_and_two_marked_skip[4two_negative_ints[0]-two_negative_ints[1]]" time="0.0006918907165527344"></testcase><testcase classname="pytest_cases.tests.cases.doc.test_doc_alternate" file="pytest_cases/tests/cases/doc/test_doc_alternate.py" line="18" name="test_foo_alternate_cases_file_and_two_marked_skip_synthesis" time="0.004183292388916016"></testcase><testcase classname="pytest_cases.tests.cases.doc.test_doc_cache" file="pytest_cases/tests/cases/doc/test_doc_cache.py" line="26" name="test_caching[dummy-a=0-d=0]" time="0.0009565353393554688"></testcase><testcase classname="pytest_cases.tests.cases.doc.test_doc_cache" file="pytest_cases/tests/cases/doc/test_doc_cache.py" line="26" name="test_caching[dummy-a=0-d=1]" time="0.0008151531219482422"></testcase><testcase classname="pytest_cases.tests.cases.doc.test_doc_cache" file="pytest_cases/tests/cases/doc/test_doc_cache.py" line="26" name="test_caching[dummy-a=1-d=0]" time="0.000942230224609375"></testcase><testcase classname="pytest_cases.tests.cases.doc.test_doc_cache" file="pytest_cases/tests/cases/doc/test_doc_cache.py" line="26" name="test_caching[dummy-a=1-d=1]" time="0.0008428096771240234"></testcase><testcase classname="pytest_cases.tests.cases.doc.test_doc_cache" file="pytest_cases/tests/cases/doc/test_doc_cache.py" line="32" name="test_synthesis" time="0.0045928955078125"></testcase><testcase classname="pytest_cases.tests.cases.doc.test_doc_debug" file="pytest_cases/tests/cases/doc/test_doc_debug.py" line="18" name="test_default_idstyle[hello]" time="0.0010373592376708984"><system-out>hello !
</system-out></testcase><testcase classname="pytest_cases.tests.cases.doc.test_doc_debug" file="pytest_cases/tests/cases/doc/test_doc_debug.py" line="18" name="test_default_idstyle[hello_fixture-you]" time="0.0009953975677490234"><system-out>hello, you !
</system-out></testcase><testcase classname="pytest_cases.tests.cases.doc.test_doc_debug" file="pytest_cases/tests/cases/doc/test_doc_debug.py" line="18" name="test_default_idstyle[hello_fixture-earthling]" time="0.0009791851043701172"><system-out>hello, earthling !
</system-out></testcase><testcase classname="pytest_cases.tests.cases.doc.test_doc_debug" file="pytest_cases/tests/cases/doc/test_doc_debug.py" line="23" name="test_compact_idstyle[/hello]" time="0.0012505054473876953"><system-out>hello !
</system-out></testcase><testcase classname="pytest_cases.tests.cases.doc.test_doc_debug" file="pytest_cases/tests/cases/doc/test_doc_debug.py" line="23" name="test_compact_idstyle[/hello_fixture-you]" time="0.0009531974792480469"><system-out>hello, you !
</system-out></testcase><testcase classname="pytest_cases.tests.cases.doc.test_doc_debug" file="pytest_cases/tests/cases/doc/test_doc_debug.py" line="23" name="test_compact_idstyle[/hello_fixture-earthling]" time="0.0009605884552001953"><system-out>hello, earthling !
</system-out></testcase><testcase classname="pytest_cases.tests.cases.doc.test_doc_debug" file="pytest_cases/tests/cases/doc/test_doc_debug.py" line="28" name="test_explicit_idstyle[msg/hello]" time="0.0010619163513183594"><system-out>hello !
</system-out></testcase><testcase classname="pytest_cases.tests.cases.doc.test_doc_debug" file="pytest_cases/tests/cases/doc/test_doc_debug.py" line="28" name="test_explicit_idstyle[msg/hello_fixture-you]" time="0.0012373924255371094"><system-out>hello, you !
</system-out></testcase><testcase classname="pytest_cases.tests.cases.doc.test_doc_debug" file="pytest_cases/tests/cases/doc/test_doc_debug.py" line="28" name="test_explicit_idstyle[msg/hello_fixture-earthling]" time="0.0009748935699462891"><system-out>hello, earthling !
</system-out></testcase><testcase classname="pytest_cases.tests.cases.doc.test_doc_debug" file="pytest_cases/tests/cases/doc/test_doc_debug.py" line="33" name="test_synthesis" time="0.004805803298950195"></testcase><testcase classname="pytest_cases.tests.cases.doc.test_doc_filters_n_tags" file="pytest_cases/tests/cases/doc/test_doc_filters_n_tags.py" line="10" name="test_default_pytest_order[bob-a]" time="0.0006918907165527344"></testcase><testcase classname="pytest_cases.tests.cases.doc.test_doc_filters_n_tags" file="pytest_cases/tests/cases/doc/test_doc_filters_n_tags.py" line="10" name="test_default_pytest_order[bob-b]" time="0.0008978843688964844"></testcase><testcase classname="pytest_cases.tests.cases.doc.test_doc_filters_n_tags" file="pytest_cases/tests/cases/doc/test_doc_filters_n_tags.py" line="41" name="test_with_data_non_param[bob-a]" time="0.0006730556488037109"></testcase><testcase classname="pytest_cases.tests.cases.doc.test_doc_filters_n_tags" file="pytest_cases/tests/cases/doc/test_doc_filters_n_tags.py" line="41" name="test_with_data_non_param[bob-b]" time="0.00067138671875"></testcase><testcase classname="pytest_cases.tests.cases.doc.test_doc_filters_n_tags" file="pytest_cases/tests/cases/doc/test_doc_filters_n_tags.py" line="48" name="test_with_data_param[a-bob]" time="0.0009577274322509766"></testcase><testcase classname="pytest_cases.tests.cases.doc.test_doc_filters_n_tags" file="pytest_cases/tests/cases/doc/test_doc_filters_n_tags.py" line="48" name="test_with_data_param[b-True-bob]" time="0.0009403228759765625"></testcase><testcase classname="pytest_cases.tests.cases.doc.test_doc_filters_n_tags" file="pytest_cases/tests/cases/doc/test_doc_filters_n_tags.py" line="48" name="test_with_data_param[b-False-bob]" time="0.001733541488647461"></testcase><testcase classname="pytest_cases.tests.cases.doc.test_doc_filters_n_tags" file="pytest_cases/tests/cases/doc/test_doc_filters_n_tags.py" line="55" name="test_with_data_synthesis" time="0.004716634750366211"></testcase><testcase classname="pytest_cases.tests.cases.doc.test_doc_filters_n_tags" file="pytest_cases/tests/cases/doc/test_doc_filters_n_tags.py" line="86" name="test_foo[one_positive_int]" time="0.0005943775177001953"></testcase><testcase classname="pytest_cases.tests.cases.doc.test_doc_filters_n_tags" file="pytest_cases/tests/cases/doc/test_doc_filters_n_tags.py" line="91" name="test_foo_fixtures_synthesis" time="0.004042387008666992"></testcase><testcase classname="pytest_cases.tests.cases.doc.test_doc_filters_n_tags2" file="pytest_cases/tests/cases/doc/test_doc_filters_n_tags2.py" line="20" name="test_good_datasets[int_success]" time="0.0006148815155029297"></testcase><testcase classname="pytest_cases.tests.cases.doc.test_doc_filters_n_tags2" file="pytest_cases/tests/cases/doc/test_doc_filters_n_tags2.py" line="25" name="test_bad_datasets[negative_int_failure[0]-negative_int_failure[1]-negative_int_failure[2]]" time="0.0023567676544189453"></testcase><testcase classname="pytest_cases.tests.cases.doc.test_doc_filters_n_tags2" file="pytest_cases/tests/cases/doc/test_doc_filters_n_tags2.py" line="31" name="test_synthesis" time="0.002434253692626953"></testcase><testcase classname="pytest_cases.tests.cases.doc.test_doc_filters_n_tags2" file="pytest_cases/tests/cases/doc/test_doc_filters_n_tags2.py" line="50" name="test_good_datasets2[int_success]" time="0.0008192062377929688"></testcase><testcase classname="pytest_cases.tests.cases.doc.test_doc_filters_n_tags2" file="pytest_cases/tests/cases/doc/test_doc_filters_n_tags2.py" line="55" name="test_bad_datasets2[negative_int_failure[0]-negative_int_failure[1]-negative_int_failure[2]]" time="0.0053136348724365234"></testcase><testcase classname="pytest_cases.tests.cases.doc.test_doc_filters_n_tags2" file="pytest_cases/tests/cases/doc/test_doc_filters_n_tags2.py" line="61" name="test_synthesis2" time="0.03293800354003906"></testcase><testcase classname="pytest_cases.tests.cases.doc.test_doc_ids" file="pytest_cases/tests/cases/doc/test_doc_ids.py" line="23" name="test_foo[#hello#]" time="0.0012946128845214844"><system-out>hello !
</system-out></testcase><testcase classname="pytest_cases.tests.cases.doc.test_doc_ids" file="pytest_cases/tests/cases/doc/test_doc_ids.py" line="23" name="test_foo[#hello_world#]" time="0.01321268081665039"><system-out>hello, world !
</system-out></testcase><testcase classname="pytest_cases.tests.cases.doc.test_doc_ids" file="pytest_cases/tests/cases/doc/test_doc_ids.py" line="23" name="test_foo[#hello_name#-you]" time="0.0011889934539794922"><system-out>hello, you !
</system-out></testcase><testcase classname="pytest_cases.tests.cases.doc.test_doc_ids" file="pytest_cases/tests/cases/doc/test_doc_ids.py" line="23" name="test_foo[#hello_name#-earthling]" time="0.0009832382202148438"><system-out>hello, earthling !
</system-out></testcase><testcase classname="pytest_cases.tests.cases.doc.test_doc_ids" file="pytest_cases/tests/cases/doc/test_doc_ids.py" line="28" name="test_synthesis" time="0.008394241333007812"></testcase><testcase classname="pytest_cases.tests.cases.doc.test_fixtures" file="pytest_cases/tests/cases/doc/test_fixtures.py" line="23" name="test_users[bob]" time="0.0012407302856445312"><system-out>this is test &apos;pytest_cases/tests/cases/doc/test_fixtures.py::test_users[bob]&apos;
</system-out></testcase><testcase classname="pytest_cases.tests.cases.doc.test_fixtures" file="pytest_cases/tests/cases/doc/test_fixtures.py" line="23" name="test_users[from_db-id=0]" time="0.0012726783752441406"><system-out>this is test &apos;pytest_cases/tests/cases/doc/test_fixtures.py::test_users[from_db-id=0]&apos;
</system-out></testcase><testcase classname="pytest_cases.tests.cases.doc.test_fixtures" file="pytest_cases/tests/cases/doc/test_fixtures.py" line="23" name="test_users[from_db-id=1]" time="0.0011816024780273438"><system-out>this is test &apos;pytest_cases/tests/cases/doc/test_fixtures.py::test_users[from_db-id=1]&apos;
</system-out></testcase><testcase classname="pytest_cases.tests.cases.doc.test_fixtures" file="pytest_cases/tests/cases/doc/test_fixtures.py" line="29" name="test_users_synthesis" time="0.005205869674682617"></testcase><testcase classname="pytest_cases.tests.cases.doc.test_generators" file="pytest_cases/tests/cases/doc/test_generators.py" line="23" name="test_foo[hello]" time="0.0010118484497070312"></testcase><testcase classname="pytest_cases.tests.cases.doc.test_generators" file="pytest_cases/tests/cases/doc/test_generators.py" line="23" name="test_foo[simple_generator-who=you]" time="0.001039743423461914"></testcase><testcase classname="pytest_cases.tests.cases.doc.test_generators" file="pytest_cases/tests/cases/doc/test_generators.py" line="23" name="test_foo[simple_generator-who=there]" time="0.00034427642822265625"><skipped message="unconditional skip" type="pytest.skip">pytest_cases/tests/cases/doc/test_generators.py:23: &lt;py._xmlgen.raw object at 0x7fc15d20a128&gt;</skipped></testcase><testcase classname="pytest_cases.tests.cases.doc.test_generators" file="pytest_cases/tests/cases/doc/test_generators.py" line="28" name="test_foo_synthesis" time="0.00487208366394043"></testcase><testcase classname="pytest_cases.tests.cases.doc.test_generators" file="pytest_cases/tests/cases/doc/test_generators.py" line="47" name="test_foo_multi[hello]" time="0.0010263919830322266"></testcase><testcase classname="pytest_cases.tests.cases.doc.test_generators" file="pytest_cases/tests/cases/doc/test_generators.py" line="47" name="test_foo_multi[simple_generator-b=5-who=you-a=5]" time="0.0003628730773925781"><skipped message="unconditional skip" type="pytest.skip">pytest_cases/tests/cases/doc/test_generators.py:47: &lt;py._xmlgen.raw object at 0x7fc15d208668&gt;</skipped></testcase><testcase classname="pytest_cases.tests.cases.doc.test_generators" file="pytest_cases/tests/cases/doc/test_generators.py" line="47" name="test_foo_multi[simple_generator-b=10-who=you-a=10]" time="0.0003333091735839844"><skipped message="unconditional skip" type="pytest.skip">pytest_cases/tests/cases/doc/test_generators.py:47: &lt;py._xmlgen.raw object at 0x7fc15d20af98&gt;</skipped></testcase><testcase classname="pytest_cases.tests.cases.doc.test_generators" file="pytest_cases/tests/cases/doc/test_generators.py" line="47" name="test_foo_multi[simple_generator-b=5-who=there-a=5]" time="0.001073598861694336"></testcase><testcase classname="pytest_cases.tests.cases.doc.test_generators" file="pytest_cases/tests/cases/doc/test_generators.py" line="47" name="test_foo_multi[simple_generator-b=10-who=there-a=10]" time="0.0012581348419189453"></testcase><testcase classname="pytest_cases.tests.cases.doc.test_generators" file="pytest_cases/tests/cases/doc/test_generators.py" line="53" name="test_foo_multi_synthesis" time="0.004897594451904297"></testcase><testcase classname="pytest_cases.tests.cases.doc.test_joss" file="pytest_cases/tests/cases/doc/test_joss.py" line="28" name="test_evaluation[a-a]" time="0.0013477802276611328"></testcase><testcase classname="pytest_cases.tests.cases.doc.test_joss" file="pytest_cases/tests/cases/doc/test_joss.py" line="28" name="test_evaluation[a-b-p=0]" time="0.0013682842254638672"></testcase><testcase classname="pytest_cases.tests.cases.doc.test_joss" file="pytest_cases/tests/cases/doc/test_joss.py" line="28" name="test_evaluation[a-b-p=1]" time="0.0015554428100585938"></testcase><testcase classname="pytest_cases.tests.cases.doc.test_nested" file="pytest_cases/tests/cases/doc/test_nested.py" line="15" name="test_foo[1]" time="0.0008490085601806641"><system-out>1
</system-out></testcase><testcase classname="pytest_cases.tests.cases.doc.test_nested" file="pytest_cases/tests/cases/doc/test_nested.py" line="15" name="test_foo[2]" time="0.0008101463317871094"><system-out>2
</system-out></testcase><testcase classname="pytest_cases.tests.cases.doc.test_nested" file="pytest_cases/tests/cases/doc/test_nested.py" line="15" name="test_foo[3]" time="0.0007426738739013672"><system-out>3
</system-out></testcase><testcase classname="pytest_cases.tests.cases.doc.test_parametrize_alt" file="pytest_cases/tests/cases/doc/test_parametrize_alt.py" line="16" name="test_argnames_as_list[sum_one_plus_two[0]-sum_one_plus_two[1]-sum_one_plus_two[2]]" time="0.0009491443634033203"></testcase><testcase classname="pytest_cases.tests.cases.doc.test_parametrize_alt" file="pytest_cases/tests/cases/doc/test_parametrize_alt.py" line="21" name="test_argnames_as_tuple[sum_one_plus_two[0]-sum_one_plus_two[1]-sum_one_plus_two[2]]" time="0.0011379718780517578"></testcase><testcase classname="pytest_cases.tests.cases.doc.test_parametrize_alt" file="pytest_cases/tests/cases/doc/test_parametrize_alt.py" line="26" name="test_argnames_from_invalid_type" time="0.0011227130889892578"></testcase><testcase classname="pytest_cases.tests.cases.doc.test_parametrize_alt" file="pytest_cases/tests/cases/doc/test_parametrize_alt.py" line="33" name="test_argnames_element_from_invalid_type" time="0.0010380744934082031"></testcase><testcase classname="pytest_cases.tests.cases.issues.test_issue_117" file="&lt;makefun-gen-92&gt;" line="0" name="test_something[case-case]" time="0.0013165473937988281"></testcase><testcase classname="pytest_cases.tests.cases.issues.test_issue_125" file="pytest_cases/tests/cases/issues/test_issue_125.py" line="37" name="test[one]" time="0.0012621879577636719"></testcase><testcase classname="pytest_cases.tests.cases.issues.test_issue_125" file="pytest_cases/tests/cases/issues/test_issue_125.py" line="37" name="test[two]" time="0.001504659652709961"></testcase><testcase classname="pytest_cases.tests.cases.issues.test_issue_125" file="pytest_cases/tests/cases/issues/test_issue_125.py" line="37" name="test[three]" time="0.0012857913970947266"></testcase><testcase classname="pytest_cases.tests.cases.issues.test_issue_126" file="pytest_cases/tests/cases/issues/test_issue_126.py" line="31" name="test_functionality[0_requirement_1]" time="0.0010349750518798828"></testcase><testcase classname="pytest_cases.tests.cases.issues.test_issue_126" file="pytest_cases/tests/cases/issues/test_issue_126.py" line="31" name="test_functionality[1_requirement_2]" time="0.0010535717010498047"></testcase><testcase classname="pytest_cases.tests.cases.issues.test_issue_126" file="pytest_cases/tests/cases/issues/test_issue_126.py" line="31" name="test_functionality[2_requirement_1]" time="0.0014507770538330078"></testcase><testcase classname="pytest_cases.tests.cases.issues.test_issue_126" file="pytest_cases/tests/cases/issues/test_issue_126.py" line="31" name="test_functionality[3_requirement_2]" time="0.0010957717895507812"></testcase><testcase classname="pytest_cases.tests.cases.issues.test_issue_126" file="pytest_cases/tests/cases/issues/test_issue_126.py" line="36" name="test_functionality_again[0_requirement_1]" time="0.001092672348022461"></testcase><testcase classname="pytest_cases.tests.cases.issues.test_issue_126" file="pytest_cases/tests/cases/issues/test_issue_126.py" line="36" name="test_functionality_again[1_requirement_2]" time="0.0011227130889892578"></testcase><testcase classname="pytest_cases.tests.cases.issues.test_issue_126" file="pytest_cases/tests/cases/issues/test_issue_126.py" line="36" name="test_functionality_again[2_requirement_1]" time="0.0011594295501708984"></testcase><testcase classname="pytest_cases.tests.cases.issues.test_issue_126" file="pytest_cases/tests/cases/issues/test_issue_126.py" line="36" name="test_functionality_again[3_requirement_2]" time="0.0011653900146484375"></testcase><testcase classname="pytest_cases.tests.cases.issues.test_issue_126.TestNested" file="pytest_cases/tests/cases/issues/test_issue_126.py" line="42" name="test_functionality_again2[0_requirement_1]" time="0.0011813640594482422"></testcase><testcase classname="pytest_cases.tests.cases.issues.test_issue_126.TestNested" file="pytest_cases/tests/cases/issues/test_issue_126.py" line="42" name="test_functionality_again2[1_requirement_2]" time="0.00115203857421875"></testcase><testcase classname="pytest_cases.tests.cases.issues.test_issue_126.TestNested" file="pytest_cases/tests/cases/issues/test_issue_126.py" line="42" name="test_functionality_again2[2_requirement_1]" time="0.0012097358703613281"></testcase><testcase classname="pytest_cases.tests.cases.issues.test_issue_126.TestNested" file="pytest_cases/tests/cases/issues/test_issue_126.py" line="42" name="test_functionality_again2[3_requirement_2]" time="0.001993417739868164"></testcase><testcase classname="pytest_cases.tests.cases.issues.test_issue_126" file="pytest_cases/tests/cases/issues/test_issue_126.py" line="63" name="test_synthesis" time="0.005755186080932617"></testcase><testcase classname="pytest_cases.tests.cases.issues.test_issue_128" file="pytest_cases/tests/cases/issues/test_issue_128.py" line="7" name="test[one]" time="0.0009105205535888672"></testcase><testcase classname="pytest_cases.tests.cases.issues.test_issue_128_2" file="pytest_cases/tests/cases/issues/test_issue_128_2.py" line="16" name="test_this_is_failing[one]" time="0.030303001403808594"></testcase><testcase classname="pytest_cases.tests.cases.issues.test_issue_128_2" file="pytest_cases/tests/cases/issues/test_issue_128_2.py" line="16" name="test_this_is_failing[two]" time="0.0010182857513427734"></testcase><testcase classname="pytest_cases.tests.cases.issues.test_issue_142" file="pytest_cases/tests/cases/issues/test_issue_142.py" line="11" name="test_empty_prefix[&lt;empty_case_id&gt;-1]" time="0.000823974609375"></testcase><testcase classname="pytest_cases.tests.cases.issues.test_issue_142" file="pytest_cases/tests/cases/issues/test_issue_142.py" line="11" name="test_empty_prefix[&lt;empty_case_id&gt;-0]" time="0.0007736682891845703"></testcase><testcase classname="pytest_cases.tests.cases.issues.test_issue_142" file="pytest_cases/tests/cases/issues/test_issue_142.py" line="11" name="test_empty_prefix[&lt;empty_case_id&gt;--1]" time="0.0010313987731933594"></testcase><testcase classname="pytest_cases.tests.cases.issues.test_issue_142" file="pytest_cases/tests/cases/issues/test_issue_142.py" line="27" name="test_empty_caseid_both[test_empty_caseid_both_dummy_amount0]" time="0.00087738037109375"></testcase><testcase classname="pytest_cases.tests.cases.issues.test_issue_142" file="pytest_cases/tests/cases/issues/test_issue_142.py" line="27" name="test_empty_caseid_both[test_empty_caseid_both_dummy_amount1-1]" time="0.0008876323699951172"></testcase><testcase classname="pytest_cases.tests.cases.issues.test_issue_142" file="pytest_cases/tests/cases/issues/test_issue_142.py" line="32" name="test_synthesis" time="0.004856109619140625"></testcase><testcase classname="pytest_cases.tests.cases.issues.test_issue_142_2" file="pytest_cases/tests/cases/issues/test_issue_142_2.py" line="8" name="test_foo[1-b0]" time="0.0007054805755615234"></testcase><testcase classname="pytest_cases.tests.cases.issues.test_issue_142_2" file="pytest_cases/tests/cases/issues/test_issue_142_2.py" line="8" name="test_foo[case_dumb[0]-case_dumb[1]]" time="0.0007104873657226562"></testcase><testcase classname="pytest_cases.tests.cases.issues.test_issue_142_2" file="pytest_cases/tests/cases/issues/test_issue_142_2.py" line="13" name="test_tuples_no_id[dumb[0]-dumb[1]]" time="0.00069427490234375"></testcase><testcase classname="pytest_cases.tests.cases.issues.test_issue_142_2" file="pytest_cases/tests/cases/issues/test_issue_142_2.py" line="21" name="test_foo2[hello]" time="0.0006468296051025391"></testcase><testcase classname="pytest_cases.tests.cases.issues.test_issue_142_2" file="pytest_cases/tests/cases/issues/test_issue_142_2.py" line="21" name="test_foo2[world]" time="0.0007064342498779297"></testcase><testcase classname="pytest_cases.tests.cases.issues.test_issue_142_2" file="pytest_cases/tests/cases/issues/test_issue_142_2.py" line="30" name="test_tuples[hello]" time="0.0006864070892333984"></testcase><testcase classname="pytest_cases.tests.cases.issues.test_issue_142_2" file="pytest_cases/tests/cases/issues/test_issue_142_2.py" line="35" name="test_synthesis" time="0.004621982574462891"></testcase><testcase classname="pytest_cases.tests.cases.issues.test_issue_151" file="pytest_cases/tests/cases/issues/test_issue_151.py" line="22" name="test_create_fixture_idstyle_explicit[(inputs,request_data)/simple]" time="0.0008389949798583984"></testcase><testcase classname="pytest_cases.tests.cases.issues.test_issue_151" file="pytest_cases/tests/cases/issues/test_issue_151.py" line="27" name="test_create_fixture_ids_generator[custom{0}]" time="0.0008351802825927734"></testcase><testcase classname="pytest_cases.tests.cases.issues.test_issue_151" file="pytest_cases/tests/cases/issues/test_issue_151.py" line="37" name="test_create_fixture_ids_callable[hello_simple]" time="0.0008451938629150391"></testcase><testcase classname="pytest_cases.tests.cases.issues.test_issue_151" file="pytest_cases/tests/cases/issues/test_issue_151.py" line="42" name="test_create_fixture_ids_callable_str[(inputs,request_data)/P0F/simple]" time="0.0010998249053955078"></testcase><testcase classname="pytest_cases.tests.cases.issues.test_issue_151" file="pytest_cases/tests/cases/issues/test_issue_151.py" line="47" name="test_create_fixture_idstyle_compact[/simple]" time="0.0007822513580322266"></testcase><testcase classname="pytest_cases.tests.cases.issues.test_issue_151" file="pytest_cases/tests/cases/issues/test_issue_151.py" line="52" name="test_create_fixture_idstyle_none[simple]" time="0.000827789306640625"></testcase><testcase classname="pytest_cases.tests.cases.issues.test_issue_151" file="pytest_cases/tests/cases/issues/test_issue_151.py" line="64" name="test_create_no_fixture_idstyle_explicit[simple[0]-simple[1]]" time="0.0007264614105224609"></testcase><testcase classname="pytest_cases.tests.cases.issues.test_issue_151" file="pytest_cases/tests/cases/issues/test_issue_151.py" line="69" name="test_create_no_fixture_ids_generator[custom{0}]" time="0.0007386207580566406"></testcase><testcase classname="pytest_cases.tests.cases.issues.test_issue_151" file="pytest_cases/tests/cases/issues/test_issue_151.py" line="74" name="test_create_no_fixture_ids_callable[hello_simple]" time="0.0009250640869140625"></testcase><testcase classname="pytest_cases.tests.cases.issues.test_issue_151" file="pytest_cases/tests/cases/issues/test_issue_151.py" line="79" name="test_create_no_fixture_idstyle_compact[simple[0]-simple[1]]" time="0.0006856918334960938"></testcase><testcase classname="pytest_cases.tests.cases.issues.test_issue_151" file="pytest_cases/tests/cases/issues/test_issue_151.py" line="84" name="test_create_no_fixture_idstyle_none[simple[0]-simple[1]]" time="0.0007283687591552734"></testcase><testcase classname="pytest_cases.tests.cases.issues.test_issue_151" file="pytest_cases/tests/cases/issues/test_issue_151.py" line="89" name="test_synthesis" time="0.00482487678527832"></testcase><testcase classname="pytest_cases.tests.cases.issues.test_issue_152" file="pytest_cases/tests/cases/issues/test_issue_152.py" line="24" name="test_uses_fixture[first]" time="0.0013060569763183594"></testcase><testcase classname="pytest_cases.tests.cases.issues.test_issue_152" file="pytest_cases/tests/cases/issues/test_issue_152.py" line="24" name="test_uses_fixture[second]" time="0.0009560585021972656"></testcase><testcase classname="pytest_cases.tests.cases.issues.test_issue_154.TestTuples" file="pytest_cases/tests/cases/issues/test_issue_154.py" line="104" name="test_create_tuple_idstyle_explicit[(inputs,request_data)/single]" time="0.0017497539520263672"></testcase><testcase classname="pytest_cases.tests.cases.issues.test_issue_154.TestTuples" file="pytest_cases/tests/cases/issues/test_issue_154.py" line="104" name="test_create_tuple_idstyle_explicit[(inputs,request_data)/fixref]" time="0.001955747604370117"></testcase><testcase classname="pytest_cases.tests.cases.issues.test_issue_154.TestTuples" file="pytest_cases/tests/cases/issues/test_issue_154.py" line="104" name="test_create_tuple_idstyle_explicit[(inputs,request_data)/single_marked_skipped]" time="0.00027632713317871094"><skipped message="&lt;unprintable Skipped object&gt;" type="pytest.skip">pytest_cases/tests/cases/issues/test_issue_154.py:104: &lt;py._xmlgen.raw object at 0x7fc15d197e10&gt;</skipped></testcase><testcase classname="pytest_cases.tests.cases.issues.test_issue_154.TestTuples" file="pytest_cases/tests/cases/issues/test_issue_154.py" line="104" name="test_create_tuple_idstyle_explicit[(inputs,request_data)/fixref_marked_skipped]" time="0.0002837181091308594"><skipped message="&lt;unprintable Skipped object&gt;" type="pytest.skip">pytest_cases/tests/cases/issues/test_issue_154.py:104: &lt;py._xmlgen.raw object at 0x7fc15d1a0f98&gt;</skipped></testcase><testcase classname="pytest_cases.tests.cases.issues.test_issue_154.TestTuples" file="pytest_cases/tests/cases/issues/test_issue_154.py" line="104" name="test_create_tuple_idstyle_explicit[(inputs,request_data)/P4:6-multi1]" time="0.0016710758209228516"></testcase><testcase classname="pytest_cases.tests.cases.issues.test_issue_154.TestTuples" file="pytest_cases/tests/cases/issues/test_issue_154.py" line="104" name="test_create_tuple_idstyle_explicit[(inputs,request_data)/P4:6-multi2_marked_skipped]" time="0.00048065185546875"><skipped message="&lt;unprintable Skipped object&gt;" type="pytest.skip">pytest_cases/tests/cases/issues/test_issue_154.py:104: &lt;py._xmlgen.raw object at 0x7fc15d1a64a8&gt;</skipped></testcase><testcase classname="pytest_cases.tests.cases.issues.test_issue_154.TestTuples" file="pytest_cases/tests/cases/issues/test_issue_154.py" line="104" name="test_create_tuple_idstyle_explicit[(inputs,request_data)/fixref_target_is_parametrized-0]" time="0.001636505126953125"></testcase><testcase classname="pytest_cases.tests.cases.issues.test_issue_154.TestTuples" file="pytest_cases/tests/cases/issues/test_issue_154.py" line="104" name="test_create_tuple_idstyle_explicit[(inputs,request_data)/single_parametrized_lazy-foo]" time="0.001657724380493164"></testcase><testcase classname="pytest_cases.tests.cases.issues.test_issue_154.TestTuples" file="pytest_cases/tests/cases/issues/test_issue_154.py" line="104" name="test_create_tuple_idstyle_explicit[(inputs,request_data)/fixref_target_is_parametrized_marked_skipped-0]" time="0.0002655982971191406"><skipped message="&lt;unprintable Skipped object&gt;" type="pytest.skip">pytest_cases/tests/cases/issues/test_issue_154.py:104: &lt;py._xmlgen.raw object at 0x7fc15d1a9b38&gt;</skipped></testcase><testcase classname="pytest_cases.tests.cases.issues.test_issue_154.TestTuples" file="pytest_cases/tests/cases/issues/test_issue_154.py" line="104" name="test_create_tuple_idstyle_explicit[(inputs,request_data)/single_parametrized_lazy_value_target_is_skipped-bar]" time="0.0005125999450683594"><skipped message="unconditional skip" type="pytest.skip">pytest_cases/tests/cases/issues/test_issue_154.py:104: &lt;py._xmlgen.raw object at 0x7fc15d1a9780&gt;</skipped></testcase><testcase classname="pytest_cases.tests.cases.issues.test_issue_154.TestTuples" file="pytest_cases/tests/cases/issues/test_issue_154.py" line="109" name="test_create_tuple_idstyle_compact[/single]" time="0.0016565322875976562"></testcase><testcase classname="pytest_cases.tests.cases.issues.test_issue_154.TestTuples" file="pytest_cases/tests/cases/issues/test_issue_154.py" line="109" name="test_create_tuple_idstyle_compact[/fixref]" time="0.0016050338745117188"></testcase><testcase classname="pytest_cases.tests.cases.issues.test_issue_154.TestTuples" file="pytest_cases/tests/cases/issues/test_issue_154.py" line="109" name="test_create_tuple_idstyle_compact[/single_marked_skipped]" time="0.0002770423889160156"><skipped message="&lt;unprintable Skipped object&gt;" type="pytest.skip">pytest_cases/tests/cases/issues/test_issue_154.py:109: &lt;py._xmlgen.raw object at 0x7fc15d1b0e10&gt;</skipped></testcase><testcase classname="pytest_cases.tests.cases.issues.test_issue_154.TestTuples" file="pytest_cases/tests/cases/issues/test_issue_154.py" line="109" name="test_create_tuple_idstyle_compact[/fixref_marked_skipped]" time="0.0002605915069580078"><skipped message="&lt;unprintable Skipped object&gt;" type="pytest.skip">pytest_cases/tests/cases/issues/test_issue_154.py:109: &lt;py._xmlgen.raw object at 0x7fc15d1800b8&gt;</skipped></testcase><testcase classname="pytest_cases.tests.cases.issues.test_issue_154.TestTuples" file="pytest_cases/tests/cases/issues/test_issue_154.py" line="109" name="test_create_tuple_idstyle_compact[/P4:6-multi1]" time="0.00170135498046875"></testcase><testcase classname="pytest_cases.tests.cases.issues.test_issue_154.TestTuples" file="pytest_cases/tests/cases/issues/test_issue_154.py" line="109" name="test_create_tuple_idstyle_compact[/P4:6-multi2_marked_skipped]" time="0.00025272369384765625"><skipped message="&lt;unprintable Skipped object&gt;" type="pytest.skip">pytest_cases/tests/cases/issues/test_issue_154.py:109: &lt;py._xmlgen.raw object at 0x7fc15d1b6da0&gt;</skipped></testcase><testcase classname="pytest_cases.tests.cases.issues.test_issue_154.TestTuples" file="pytest_cases/tests/cases/issues/test_issue_154.py" line="109" name="test_create_tuple_idstyle_compact[/fixref_target_is_parametrized-0]" time="0.001999378204345703"></testcase><testcase classname="pytest_cases.tests.cases.issues.test_issue_154.TestTuples" file="pytest_cases/tests/cases/issues/test_issue_154.py" line="109" name="test_create_tuple_idstyle_compact[/single_parametrized_lazy-foo]" time="0.001819610595703125"></testcase><testcase classname="pytest_cases.tests.cases.issues.test_issue_154.TestTuples" file="pytest_cases/tests/cases/issues/test_issue_154.py" line="109" name="test_create_tuple_idstyle_compact[/fixref_target_is_parametrized_marked_skipped-0]" time="0.0004012584686279297"><skipped message="&lt;unprintable Skipped object&gt;" type="pytest.skip">pytest_cases/tests/cases/issues/test_issue_154.py:109: &lt;py._xmlgen.raw object at 0x7fc15d13e0f0&gt;</skipped></testcase><testcase classname="pytest_cases.tests.cases.issues.test_issue_154.TestTuples" file="pytest_cases/tests/cases/issues/test_issue_154.py" line="109" name="test_create_tuple_idstyle_compact[/single_parametrized_lazy_value_target_is_skipped-bar]" time="0.00027251243591308594"><skipped message="unconditional skip" type="pytest.skip">pytest_cases/tests/cases/issues/test_issue_154.py:109: &lt;py._xmlgen.raw object at 0x7fc15d1440b8&gt;</skipped></testcase><testcase classname="pytest_cases.tests.cases.issues.test_issue_154.TestTuples" file="pytest_cases/tests/cases/issues/test_issue_154.py" line="114" name="test_create_tuple_idstyle_none[single]" time="0.0027692317962646484"></testcase><testcase classname="pytest_cases.tests.cases.issues.test_issue_154.TestTuples" file="pytest_cases/tests/cases/issues/test_issue_154.py" line="114" name="test_create_tuple_idstyle_none[fixref]" time="0.0019497871398925781"></testcase><testcase classname="pytest_cases.tests.cases.issues.test_issue_154.TestTuples" file="pytest_cases/tests/cases/issues/test_issue_154.py" line="114" name="test_create_tuple_idstyle_none[single_marked_skipped]" time="0.0002884864807128906"><skipped message="&lt;unprintable Skipped object&gt;" type="pytest.skip">pytest_cases/tests/cases/issues/test_issue_154.py:114: &lt;py._xmlgen.raw object at 0x7fc15d1b0a58&gt;</skipped></testcase><testcase classname="pytest_cases.tests.cases.issues.test_issue_154.TestTuples" file="pytest_cases/tests/cases/issues/test_issue_154.py" line="114" name="test_create_tuple_idstyle_none[fixref_marked_skipped]" time="0.0003247261047363281"><skipped message="&lt;unprintable Skipped object&gt;" type="pytest.skip">pytest_cases/tests/cases/issues/test_issue_154.py:114: &lt;py._xmlgen.raw object at 0x7fc15d1a6fd0&gt;</skipped></testcase><testcase classname="pytest_cases.tests.cases.issues.test_issue_154.TestTuples" file="pytest_cases/tests/cases/issues/test_issue_154.py" line="114" name="test_create_tuple_idstyle_none[multi1]" time="0.0017473697662353516"></testcase><testcase classname="pytest_cases.tests.cases.issues.test_issue_154.TestTuples" file="pytest_cases/tests/cases/issues/test_issue_154.py" line="114" name="test_create_tuple_idstyle_none[multi2_marked_skipped]" time="0.00038123130798339844"><skipped message="&lt;unprintable Skipped object&gt;" type="pytest.skip">pytest_cases/tests/cases/issues/test_issue_154.py:114: &lt;py._xmlgen.raw object at 0x7fc15d13e860&gt;</skipped></testcase><testcase classname="pytest_cases.tests.cases.issues.test_issue_154.TestTuples" file="pytest_cases/tests/cases/issues/test_issue_154.py" line="114" name="test_create_tuple_idstyle_none[fixref_target_is_parametrized-0]" time="0.002663135528564453"></testcase><testcase classname="pytest_cases.tests.cases.issues.test_issue_154.TestTuples" file="pytest_cases/tests/cases/issues/test_issue_154.py" line="114" name="test_create_tuple_idstyle_none[single_parametrized_lazy-foo]" time="0.0030868053436279297"></testcase><testcase classname="pytest_cases.tests.cases.issues.test_issue_154.TestTuples" file="pytest_cases/tests/cases/issues/test_issue_154.py" line="114" name="test_create_tuple_idstyle_none[fixref_target_is_parametrized_marked_skipped-0]" time="0.0003001689910888672"><skipped message="&lt;unprintable Skipped object&gt;" type="pytest.skip">pytest_cases/tests/cases/issues/test_issue_154.py:114: &lt;py._xmlgen.raw object at 0x7fc15d1b0358&gt;</skipped></testcase><testcase classname="pytest_cases.tests.cases.issues.test_issue_154.TestTuples" file="pytest_cases/tests/cases/issues/test_issue_154.py" line="114" name="test_create_tuple_idstyle_none[single_parametrized_lazy_value_target_is_skipped-bar]" time="0.0002853870391845703"><skipped message="unconditional skip" type="pytest.skip">pytest_cases/tests/cases/issues/test_issue_154.py:114: &lt;py._xmlgen.raw object at 0x7fc15d1446d8&gt;</skipped></testcase><testcase classname="pytest_cases.tests.cases.issues.test_issue_154.TestTuples" file="pytest_cases/tests/cases/issues/test_issue_154.py" line="119" name="test_create_tuple_idstyle_mygen[M(inputs,request_data)/P0/single]" time="0.001926422119140625"></testcase><testcase classname="pytest_cases.tests.cases.issues.test_issue_154.TestTuples" file="pytest_cases/tests/cases/issues/test_issue_154.py" line="119" name="test_create_tuple_idstyle_mygen[M(inputs,request_data)/P1F/fixref]" time="0.002245187759399414"></testcase><testcase classname="pytest_cases.tests.cases.issues.test_issue_154.TestTuples" file="pytest_cases/tests/cases/issues/test_issue_154.py" line="119" name="test_create_tuple_idstyle_mygen[M(inputs,request_data)/P2/single_marked_skipped]" time="0.00026154518127441406"><skipped message="&lt;unprintable Skipped object&gt;" type="pytest.skip">pytest_cases/tests/cases/issues/test_issue_154.py:119: &lt;py._xmlgen.raw object at 0x7fc15d197f98&gt;</skipped></testcase><testcase classname="pytest_cases.tests.cases.issues.test_issue_154.TestTuples" file="pytest_cases/tests/cases/issues/test_issue_154.py" line="119" name="test_create_tuple_idstyle_mygen[M(inputs,request_data)/P3F/fixref_marked_skipped]" time="0.00027489662170410156"><skipped message="&lt;unprintable Skipped object&gt;" type="pytest.skip">pytest_cases/tests/cases/issues/test_issue_154.py:119: &lt;py._xmlgen.raw object at 0x7fc15d1498d0&gt;</skipped></testcase><testcase classname="pytest_cases.tests.cases.issues.test_issue_154.TestTuples" file="pytest_cases/tests/cases/issues/test_issue_154.py" line="119" name="test_create_tuple_idstyle_mygen[M(inputs,request_data)/P4:6/-multi1]" time="0.0019259452819824219"></testcase><testcase classname="pytest_cases.tests.cases.issues.test_issue_154.TestTuples" file="pytest_cases/tests/cases/issues/test_issue_154.py" line="119" name="test_create_tuple_idstyle_mygen[M(inputs,request_data)/P4:6/-multi2_marked_skipped]" time="0.0005948543548583984"><skipped message="&lt;unprintable Skipped object&gt;" type="pytest.skip">pytest_cases/tests/cases/issues/test_issue_154.py:119: &lt;py._xmlgen.raw object at 0x7fc15d144fd0&gt;</skipped></testcase><testcase classname="pytest_cases.tests.cases.issues.test_issue_154.TestTuples" file="pytest_cases/tests/cases/issues/test_issue_154.py" line="119" name="test_create_tuple_idstyle_mygen[M(inputs,request_data)/P6F/fixref_target_is_parametrized-0]" time="0.001819610595703125"></testcase><testcase classname="pytest_cases.tests.cases.issues.test_issue_154.TestTuples" file="pytest_cases/tests/cases/issues/test_issue_154.py" line="119" name="test_create_tuple_idstyle_mygen[M(inputs,request_data)/P7F/single_parametrized_lazy-foo]" time="0.0025606155395507812"></testcase><testcase classname="pytest_cases.tests.cases.issues.test_issue_154.TestTuples" file="pytest_cases/tests/cases/issues/test_issue_154.py" line="119" name="test_create_tuple_idstyle_mygen[M(inputs,request_data)/P8F/fixref_target_is_parametrized_marked_skipped-0]" time="0.0007653236389160156"><skipped message="&lt;unprintable Skipped object&gt;" type="pytest.skip">pytest_cases/tests/cases/issues/test_issue_154.py:119: &lt;py._xmlgen.raw object at 0x7fc15d152048&gt;</skipped></testcase><testcase classname="pytest_cases.tests.cases.issues.test_issue_154.TestTuples" file="pytest_cases/tests/cases/issues/test_issue_154.py" line="119" name="test_create_tuple_idstyle_mygen[M(inputs,request_data)/P9F/single_parametrized_lazy_value_target_is_skipped-bar]" time="0.0002598762512207031"><skipped message="unconditional skip" type="pytest.skip">pytest_cases/tests/cases/issues/test_issue_154.py:119: &lt;py._xmlgen.raw object at 0x7fc15d149278&gt;</skipped></testcase><testcase classname="pytest_cases.tests.cases.issues.test_issue_154.TestTuples" file="pytest_cases/tests/cases/issues/test_issue_154.py" line="124" name="test_create_tuple_ids_list[0]" time="0.0018296241760253906"></testcase><testcase classname="pytest_cases.tests.cases.issues.test_issue_154.TestTuples" file="pytest_cases/tests/cases/issues/test_issue_154.py" line="124" name="test_create_tuple_ids_list[1]" time="0.0018916130065917969"></testcase><testcase classname="pytest_cases.tests.cases.issues.test_issue_154.TestTuples" file="pytest_cases/tests/cases/issues/test_issue_154.py" line="124" name="test_create_tuple_ids_list[2]" time="0.000362396240234375"><skipped message="&lt;unprintable Skipped object&gt;" type="pytest.skip">pytest_cases/tests/cases/issues/test_issue_154.py:124: &lt;py._xmlgen.raw object at 0x7fc15d1565f8&gt;</skipped></testcase><testcase classname="pytest_cases.tests.cases.issues.test_issue_154.TestTuples" file="pytest_cases/tests/cases/issues/test_issue_154.py" line="124" name="test_create_tuple_ids_list[3]" time="0.00025653839111328125"><skipped message="&lt;unprintable Skipped object&gt;" type="pytest.skip">pytest_cases/tests/cases/issues/test_issue_154.py:124: &lt;py._xmlgen.raw object at 0x7fc15d14cda0&gt;</skipped></testcase><testcase classname="pytest_cases.tests.cases.issues.test_issue_154.TestTuples" file="pytest_cases/tests/cases/issues/test_issue_154.py" line="124" name="test_create_tuple_ids_list[4]" time="0.00176239013671875"></testcase><testcase classname="pytest_cases.tests.cases.issues.test_issue_154.TestTuples" file="pytest_cases/tests/cases/issues/test_issue_154.py" line="124" name="test_create_tuple_ids_list[5]" time="0.00025916099548339844"><skipped message="&lt;unprintable Skipped object&gt;" type="pytest.skip">pytest_cases/tests/cases/issues/test_issue_154.py:124: &lt;py._xmlgen.raw object at 0x7fc15d156ef0&gt;</skipped></testcase><testcase classname="pytest_cases.tests.cases.issues.test_issue_154.TestTuples" file="pytest_cases/tests/cases/issues/test_issue_154.py" line="124" name="test_create_tuple_ids_list[6-0]" time="0.002213001251220703"></testcase><testcase classname="pytest_cases.tests.cases.issues.test_issue_154.TestTuples" file="pytest_cases/tests/cases/issues/test_issue_154.py" line="124" name="test_create_tuple_ids_list[7-foo]" time="0.0018033981323242188"></testcase><testcase classname="pytest_cases.tests.cases.issues.test_issue_154.TestTuples" file="pytest_cases/tests/cases/issues/test_issue_154.py" line="124" name="test_create_tuple_ids_list[8-0]" time="0.00026726722717285156"><skipped message="&lt;unprintable Skipped object&gt;" type="pytest.skip">pytest_cases/tests/cases/issues/test_issue_154.py:124: &lt;py._xmlgen.raw object at 0x7fc15d2127b8&gt;</skipped></testcase><testcase classname="pytest_cases.tests.cases.issues.test_issue_154.TestTuples" file="pytest_cases/tests/cases/issues/test_issue_154.py" line="124" name="test_create_tuple_ids_list[9-bar]" time="0.0004487037658691406"><skipped message="unconditional skip" type="pytest.skip">pytest_cases/tests/cases/issues/test_issue_154.py:124: &lt;py._xmlgen.raw object at 0x7fc15d161080&gt;</skipped></testcase><testcase classname="pytest_cases.tests.cases.issues.test_issue_154.TestTuples" file="pytest_cases/tests/cases/issues/test_issue_154.py" line="129" name="test_create_tuple_ids_list_style[/0]" time="0.0026865005493164062"></testcase><testcase classname="pytest_cases.tests.cases.issues.test_issue_154.TestTuples" file="pytest_cases/tests/cases/issues/test_issue_154.py" line="129" name="test_create_tuple_ids_list_style[/1]" time="0.0018112659454345703"></testcase><testcase classname="pytest_cases.tests.cases.issues.test_issue_154.TestTuples" file="pytest_cases/tests/cases/issues/test_issue_154.py" line="129" name="test_create_tuple_ids_list_style[/2]" time="0.0002925395965576172"><skipped message="&lt;unprintable Skipped object&gt;" type="pytest.skip">pytest_cases/tests/cases/issues/test_issue_154.py:129: &lt;py._xmlgen.raw object at 0x7fc15d161518&gt;</skipped></testcase><testcase classname="pytest_cases.tests.cases.issues.test_issue_154.TestTuples" file="pytest_cases/tests/cases/issues/test_issue_154.py" line="129" name="test_create_tuple_ids_list_style[/3]" time="0.000301361083984375"><skipped message="&lt;unprintable Skipped object&gt;" type="pytest.skip">pytest_cases/tests/cases/issues/test_issue_154.py:129: &lt;py._xmlgen.raw object at 0x7fc15d1661d0&gt;</skipped></testcase><testcase classname="pytest_cases.tests.cases.issues.test_issue_154.TestTuples" file="pytest_cases/tests/cases/issues/test_issue_154.py" line="129" name="test_create_tuple_ids_list_style[/P4:6-4]" time="0.001817941665649414"></testcase><testcase classname="pytest_cases.tests.cases.issues.test_issue_154.TestTuples" file="pytest_cases/tests/cases/issues/test_issue_154.py" line="129" name="test_create_tuple_ids_list_style[/P4:6-5]" time="0.00027108192443847656"><skipped message="&lt;unprintable Skipped object&gt;" type="pytest.skip">pytest_cases/tests/cases/issues/test_issue_154.py:129: &lt;py._xmlgen.raw object at 0x7fc15d161cf8&gt;</skipped></testcase><testcase classname="pytest_cases.tests.cases.issues.test_issue_154.TestTuples" file="pytest_cases/tests/cases/issues/test_issue_154.py" line="129" name="test_create_tuple_ids_list_style[/6-0]" time="0.0017621517181396484"></testcase><testcase classname="pytest_cases.tests.cases.issues.test_issue_154.TestTuples" file="pytest_cases/tests/cases/issues/test_issue_154.py" line="129" name="test_create_tuple_ids_list_style[/7-foo]" time="0.0022580623626708984"></testcase><testcase classname="pytest_cases.tests.cases.issues.test_issue_154.TestTuples" file="pytest_cases/tests/cases/issues/test_issue_154.py" line="129" name="test_create_tuple_ids_list_style[/8-0]" time="0.00031948089599609375"><skipped message="&lt;unprintable Skipped object&gt;" type="pytest.skip">pytest_cases/tests/cases/issues/test_issue_154.py:129: &lt;py._xmlgen.raw object at 0x7fc15d161c50&gt;</skipped></testcase><testcase classname="pytest_cases.tests.cases.issues.test_issue_154.TestTuples" file="pytest_cases/tests/cases/issues/test_issue_154.py" line="129" name="test_create_tuple_ids_list_style[/9-bar]" time="0.00031304359436035156"><skipped message="unconditional skip" type="pytest.skip">pytest_cases/tests/cases/issues/test_issue_154.py:129: &lt;py._xmlgen.raw object at 0x7fc15d16a128&gt;</skipped></testcase><testcase classname="pytest_cases.tests.cases.issues.test_issue_154.TestTuples" file="pytest_cases/tests/cases/issues/test_issue_154.py" line="134" name="test_create_tuple_ids_mygen[Msingle]" time="0.00205230712890625"></testcase><testcase classname="pytest_cases.tests.cases.issues.test_issue_154.TestTuples" file="pytest_cases/tests/cases/issues/test_issue_154.py" line="134" name="test_create_tuple_ids_mygen[Mfixref]" time="0.0021333694458007812"></testcase><testcase classname="pytest_cases.tests.cases.issues.test_issue_154.TestTuples" file="pytest_cases/tests/cases/issues/test_issue_154.py" line="134" name="test_create_tuple_ids_mygen[Msingle_marked_skipped]" time="0.0004112720489501953"><skipped message="&lt;unprintable Skipped object&gt;" type="pytest.skip">pytest_cases/tests/cases/issues/test_issue_154.py:134: &lt;py._xmlgen.raw object at 0x7fc15d152518&gt;</skipped></testcase><testcase classname="pytest_cases.tests.cases.issues.test_issue_154.TestTuples" file="pytest_cases/tests/cases/issues/test_issue_154.py" line="134" name="test_create_tuple_ids_mygen[Mfixref_marked_skipped]" time="0.0003814697265625"><skipped message="&lt;unprintable Skipped object&gt;" type="pytest.skip">pytest_cases/tests/cases/issues/test_issue_154.py:134: &lt;py._xmlgen.raw object at 0x7fc15d166d30&gt;</skipped></testcase><testcase classname="pytest_cases.tests.cases.issues.test_issue_154.TestTuples" file="pytest_cases/tests/cases/issues/test_issue_154.py" line="134" name="test_create_tuple_ids_mygen[Mmulti1]" time="0.0019011497497558594"></testcase><testcase classname="pytest_cases.tests.cases.issues.test_issue_154.TestTuples" file="pytest_cases/tests/cases/issues/test_issue_154.py" line="134" name="test_create_tuple_ids_mygen[Mmulti2_marked_skipped]" time="0.0002789497375488281"><skipped message="&lt;unprintable Skipped object&gt;" type="pytest.skip">pytest_cases/tests/cases/issues/test_issue_154.py:134: &lt;py._xmlgen.raw object at 0x7fc15d16a0f0&gt;</skipped></testcase><testcase classname="pytest_cases.tests.cases.issues.test_issue_154.TestTuples" file="pytest_cases/tests/cases/issues/test_issue_154.py" line="134" name="test_create_tuple_ids_mygen[Mfixref_target_is_parametrized-0]" time="0.0019292831420898438"></testcase><testcase classname="pytest_cases.tests.cases.issues.test_issue_154.TestTuples" file="pytest_cases/tests/cases/issues/test_issue_154.py" line="134" name="test_create_tuple_ids_mygen[Msingle_parametrized_lazy-foo]" time="0.001909494400024414"></testcase><testcase classname="pytest_cases.tests.cases.issues.test_issue_154.TestTuples" file="pytest_cases/tests/cases/issues/test_issue_154.py" line="134" name="test_create_tuple_ids_mygen[Mfixref_target_is_parametrized_marked_skipped-0]" time="0.00035643577575683594"><skipped message="&lt;unprintable Skipped object&gt;" type="pytest.skip">pytest_cases/tests/cases/issues/test_issue_154.py:134: &lt;py._xmlgen.raw object at 0x7fc15d149a90&gt;</skipped></testcase><testcase classname="pytest_cases.tests.cases.issues.test_issue_154.TestTuples" file="pytest_cases/tests/cases/issues/test_issue_154.py" line="134" name="test_create_tuple_ids_mygen[Msingle_parametrized_lazy_value_target_is_skipped-bar]" time="0.00032019615173339844"><skipped message="unconditional skip" type="pytest.skip">pytest_cases/tests/cases/issues/test_issue_154.py:134: &lt;py._xmlgen.raw object at 0x7fc15d166c18&gt;</skipped></testcase><testcase classname="pytest_cases.tests.cases.issues.test_issue_154.TestTuples" file="pytest_cases/tests/cases/issues/test_issue_154.py" line="139" name="test_create_tuple_ids_mygen_style[/Msingle]" time="0.0019817352294921875"></testcase><testcase classname="pytest_cases.tests.cases.issues.test_issue_154.TestTuples" file="pytest_cases/tests/cases/issues/test_issue_154.py" line="139" name="test_create_tuple_ids_mygen_style[/Mfixref]" time="0.0023207664489746094"></testcase><testcase classname="pytest_cases.tests.cases.issues.test_issue_154.TestTuples" file="pytest_cases/tests/cases/issues/test_issue_154.py" line="139" name="test_create_tuple_ids_mygen_style[/Msingle_marked_skipped]" time="0.0002956390380859375"><skipped message="&lt;unprintable Skipped object&gt;" type="pytest.skip">pytest_cases/tests/cases/issues/test_issue_154.py:139: &lt;py._xmlgen.raw object at 0x7fc15d1a6ef0&gt;</skipped></testcase><testcase classname="pytest_cases.tests.cases.issues.test_issue_154.TestTuples" file="pytest_cases/tests/cases/issues/test_issue_154.py" line="139" name="test_create_tuple_ids_mygen_style[/Mfixref_marked_skipped]" time="0.0002880096435546875"><skipped message="&lt;unprintable Skipped object&gt;" type="pytest.skip">pytest_cases/tests/cases/issues/test_issue_154.py:139: &lt;py._xmlgen.raw object at 0x7fc15d16ab70&gt;</skipped></testcase><testcase classname="pytest_cases.tests.cases.issues.test_issue_154.TestTuples" file="pytest_cases/tests/cases/issues/test_issue_154.py" line="139" name="test_create_tuple_ids_mygen_style[/P4:6-Mmulti1]" time="0.0019447803497314453"></testcase><testcase classname="pytest_cases.tests.cases.issues.test_issue_154.TestTuples" file="pytest_cases/tests/cases/issues/test_issue_154.py" line="139" name="test_create_tuple_ids_mygen_style[/P4:6-Mmulti2_marked_skipped]" time="0.00038552284240722656"><skipped message="&lt;unprintable Skipped object&gt;" type="pytest.skip">pytest_cases/tests/cases/issues/test_issue_154.py:139: &lt;py._xmlgen.raw object at 0x7fc15d0fb438&gt;</skipped></testcase><testcase classname="pytest_cases.tests.cases.issues.test_issue_154.TestTuples" file="pytest_cases/tests/cases/issues/test_issue_154.py" line="139" name="test_create_tuple_ids_mygen_style[/Mfixref_target_is_parametrized-0]" time="0.0030558109283447266"></testcase><testcase classname="pytest_cases.tests.cases.issues.test_issue_154.TestTuples" file="pytest_cases/tests/cases/issues/test_issue_154.py" line="139" name="test_create_tuple_ids_mygen_style[/Msingle_parametrized_lazy-foo]" time="0.0022482872009277344"></testcase><testcase classname="pytest_cases.tests.cases.issues.test_issue_154.TestTuples" file="pytest_cases/tests/cases/issues/test_issue_154.py" line="139" name="test_create_tuple_ids_mygen_style[/Mfixref_target_is_parametrized_marked_skipped-0]" time="0.00028395652770996094"><skipped message="&lt;unprintable Skipped object&gt;" type="pytest.skip">pytest_cases/tests/cases/issues/test_issue_154.py:139: &lt;py._xmlgen.raw object at 0x7fc15d0fb320&gt;</skipped></testcase><testcase classname="pytest_cases.tests.cases.issues.test_issue_154.TestTuples" file="pytest_cases/tests/cases/issues/test_issue_154.py" line="139" name="test_create_tuple_ids_mygen_style[/Msingle_parametrized_lazy_value_target_is_skipped-bar]" time="0.0003490447998046875"><skipped message="unconditional skip" type="pytest.skip">pytest_cases/tests/cases/issues/test_issue_154.py:139: &lt;py._xmlgen.raw object at 0x7fc15d0ff518&gt;</skipped></testcase><testcase classname="pytest_cases.tests.cases.issues.test_issue_154" file="pytest_cases/tests/cases/issues/test_issue_154.py" line="145" name="test_create_single_idstyle_explicit[inputs_request_data/single]" time="0.00238037109375"></testcase><testcase classname="pytest_cases.tests.cases.issues.test_issue_154" file="pytest_cases/tests/cases/issues/test_issue_154.py" line="145" name="test_create_single_idstyle_explicit[inputs_request_data/fixref]" time="0.0018377304077148438"></testcase><testcase classname="pytest_cases.tests.cases.issues.test_issue_154" file="pytest_cases/tests/cases/issues/test_issue_154.py" line="145" name="test_create_single_idstyle_explicit[inputs_request_data/single_marked_skipped]" time="0.0002884864807128906"><skipped message="&lt;unprintable Skipped object&gt;" type="pytest.skip">pytest_cases/tests/cases/issues/test_issue_154.py:145: &lt;py._xmlgen.raw object at 0x7fc15d0ff128&gt;</skipped></testcase><testcase classname="pytest_cases.tests.cases.issues.test_issue_154" file="pytest_cases/tests/cases/issues/test_issue_154.py" line="145" name="test_create_single_idstyle_explicit[inputs_request_data/fixref_marked_skipped]" time="0.00034546852111816406"><skipped message="&lt;unprintable Skipped object&gt;" type="pytest.skip">pytest_cases/tests/cases/issues/test_issue_154.py:145: &lt;py._xmlgen.raw object at 0x7fc15d1084a8&gt;</skipped></testcase><testcase classname="pytest_cases.tests.cases.issues.test_issue_154" file="pytest_cases/tests/cases/issues/test_issue_154.py" line="145" name="test_create_single_idstyle_explicit[inputs_request_data/P4:6-multi1]" time="0.0019922256469726562"></testcase><testcase classname="pytest_cases.tests.cases.issues.test_issue_154" file="pytest_cases/tests/cases/issues/test_issue_154.py" line="145" name="test_create_single_idstyle_explicit[inputs_request_data/P4:6-multi2_marked_skipped]" time="0.0004086494445800781"><skipped message="unconditional skip" type="pytest.skip">pytest_cases/tests/cases/issues/test_issue_154.py:145: &lt;py._xmlgen.raw object at 0x7fc15d0ffac8&gt;</skipped></testcase><testcase classname="pytest_cases.tests.cases.issues.test_issue_154" file="pytest_cases/tests/cases/issues/test_issue_154.py" line="145" name="test_create_single_idstyle_explicit[inputs_request_data/fixref_target_is_parametrized-0]" time="0.002198457717895508"></testcase><testcase classname="pytest_cases.tests.cases.issues.test_issue_154" file="pytest_cases/tests/cases/issues/test_issue_154.py" line="145" name="test_create_single_idstyle_explicit[inputs_request_data/single_parametrized_lazy-foo]" time="0.0023648738861083984"></testcase><testcase classname="pytest_cases.tests.cases.issues.test_issue_154" file="pytest_cases/tests/cases/issues/test_issue_154.py" line="145" name="test_create_single_idstyle_explicit[inputs_request_data/fixref_target_is_parametrized_marked_skipped-0]" time="0.0002911090850830078"><skipped message="&lt;unprintable Skipped object&gt;" type="pytest.skip">pytest_cases/tests/cases/issues/test_issue_154.py:145: &lt;py._xmlgen.raw object at 0x7fc15d0ffcc0&gt;</skipped></testcase><testcase classname="pytest_cases.tests.cases.issues.test_issue_154" file="pytest_cases/tests/cases/issues/test_issue_154.py" line="145" name="test_create_single_idstyle_explicit[inputs_request_data/single_parametrized_lazy_value_target_is_skipped-bar]" time="0.0002512931823730469"><skipped message="unconditional skip" type="pytest.skip">pytest_cases/tests/cases/issues/test_issue_154.py:145: &lt;py._xmlgen.raw object at 0x7fc15d10a080&gt;</skipped></testcase><testcase classname="pytest_cases.tests.cases.issues.test_issue_154" file="pytest_cases/tests/cases/issues/test_issue_154.py" line="152" name="test_create_single_idstyle_compact[/single]" time="0.0019047260284423828"></testcase><testcase classname="pytest_cases.tests.cases.issues.test_issue_154" file="pytest_cases/tests/cases/issues/test_issue_154.py" line="152" name="test_create_single_idstyle_compact[/fixref]" time="0.001978158950805664"></testcase><testcase classname="pytest_cases.tests.cases.issues.test_issue_154" file="pytest_cases/tests/cases/issues/test_issue_154.py" line="152" name="test_create_single_idstyle_compact[/single_marked_skipped]" time="0.00026154518127441406"><skipped message="&lt;unprintable Skipped object&gt;" type="pytest.skip">pytest_cases/tests/cases/issues/test_issue_154.py:152: &lt;py._xmlgen.raw object at 0x7fc15d0fbf28&gt;</skipped></testcase><testcase classname="pytest_cases.tests.cases.issues.test_issue_154" file="pytest_cases/tests/cases/issues/test_issue_154.py" line="152" name="test_create_single_idstyle_compact[/fixref_marked_skipped]" time="0.0002505779266357422"><skipped message="&lt;unprintable Skipped object&gt;" type="pytest.skip">pytest_cases/tests/cases/issues/test_issue_154.py:152: &lt;py._xmlgen.raw object at 0x7fc15d10f278&gt;</skipped></testcase><testcase classname="pytest_cases.tests.cases.issues.test_issue_154" file="pytest_cases/tests/cases/issues/test_issue_154.py" line="152" name="test_create_single_idstyle_compact[/P4:6-multi1]" time="0.002001047134399414"></testcase><testcase classname="pytest_cases.tests.cases.issues.test_issue_154" file="pytest_cases/tests/cases/issues/test_issue_154.py" line="152" name="test_create_single_idstyle_compact[/P4:6-multi2_marked_skipped]" time="0.0002472400665283203"><skipped message="unconditional skip" type="pytest.skip">pytest_cases/tests/cases/issues/test_issue_154.py:152: &lt;py._xmlgen.raw object at 0x7fc15d601198&gt;</skipped></testcase><testcase classname="pytest_cases.tests.cases.issues.test_issue_154" file="pytest_cases/tests/cases/issues/test_issue_154.py" line="152" name="test_create_single_idstyle_compact[/fixref_target_is_parametrized-0]" time="0.0016911029815673828"></testcase><testcase classname="pytest_cases.tests.cases.issues.test_issue_154" file="pytest_cases/tests/cases/issues/test_issue_154.py" line="152" name="test_create_single_idstyle_compact[/single_parametrized_lazy-foo]" time="0.0016400814056396484"></testcase><testcase classname="pytest_cases.tests.cases.issues.test_issue_154" file="pytest_cases/tests/cases/issues/test_issue_154.py" line="152" name="test_create_single_idstyle_compact[/fixref_target_is_parametrized_marked_skipped-0]" time="0.0002968311309814453"><skipped message="&lt;unprintable Skipped object&gt;" type="pytest.skip">pytest_cases/tests/cases/issues/test_issue_154.py:152: &lt;py._xmlgen.raw object at 0x7fc15d115d68&gt;</skipped></testcase><testcase classname="pytest_cases.tests.cases.issues.test_issue_154" file="pytest_cases/tests/cases/issues/test_issue_154.py" line="152" name="test_create_single_idstyle_compact[/single_parametrized_lazy_value_target_is_skipped-bar]" time="0.0002598762512207031"><skipped message="unconditional skip" type="pytest.skip">pytest_cases/tests/cases/issues/test_issue_154.py:152: &lt;py._xmlgen.raw object at 0x7fc15d10ac50&gt;</skipped></testcase><testcase classname="pytest_cases.tests.cases.issues.test_issue_154" file="pytest_cases/tests/cases/issues/test_issue_154.py" line="159" name="test_create_single_idstyle_none[single]" time="0.0016231536865234375"></testcase><testcase classname="pytest_cases.tests.cases.issues.test_issue_154" file="pytest_cases/tests/cases/issues/test_issue_154.py" line="159" name="test_create_single_idstyle_none[fixref]" time="0.0016808509826660156"></testcase><testcase classname="pytest_cases.tests.cases.issues.test_issue_154" file="pytest_cases/tests/cases/issues/test_issue_154.py" line="159" name="test_create_single_idstyle_none[single_marked_skipped]" time="0.0005474090576171875"><skipped message="&lt;unprintable Skipped object&gt;" type="pytest.skip">pytest_cases/tests/cases/issues/test_issue_154.py:159: &lt;py._xmlgen.raw object at 0x7fc15d11c9e8&gt;</skipped></testcase><testcase classname="pytest_cases.tests.cases.issues.test_issue_154" file="pytest_cases/tests/cases/issues/test_issue_154.py" line="159" name="test_create_single_idstyle_none[fixref_marked_skipped]" time="0.0002593994140625"><skipped message="&lt;unprintable Skipped object&gt;" type="pytest.skip">pytest_cases/tests/cases/issues/test_issue_154.py:159: &lt;py._xmlgen.raw object at 0x7fc15d108da0&gt;</skipped></testcase><testcase classname="pytest_cases.tests.cases.issues.test_issue_154" file="pytest_cases/tests/cases/issues/test_issue_154.py" line="159" name="test_create_single_idstyle_none[multi1]" time="0.0025424957275390625"></testcase><testcase classname="pytest_cases.tests.cases.issues.test_issue_154" file="pytest_cases/tests/cases/issues/test_issue_154.py" line="159" name="test_create_single_idstyle_none[multi2_marked_skipped]" time="0.00033283233642578125"><skipped message="unconditional skip" type="pytest.skip">pytest_cases/tests/cases/issues/test_issue_154.py:159: &lt;py._xmlgen.raw object at 0x7fc15d120a90&gt;</skipped></testcase><testcase classname="pytest_cases.tests.cases.issues.test_issue_154" file="pytest_cases/tests/cases/issues/test_issue_154.py" line="159" name="test_create_single_idstyle_none[fixref_target_is_parametrized-0]" time="0.0026078224182128906"></testcase><testcase classname="pytest_cases.tests.cases.issues.test_issue_154" file="pytest_cases/tests/cases/issues/test_issue_154.py" line="159" name="test_create_single_idstyle_none[single_parametrized_lazy-foo]" time="0.002798795700073242"></testcase><testcase classname="pytest_cases.tests.cases.issues.test_issue_154" file="pytest_cases/tests/cases/issues/test_issue_154.py" line="159" name="test_create_single_idstyle_none[fixref_target_is_parametrized_marked_skipped-0]" time="0.00028777122497558594"><skipped message="&lt;unprintable Skipped object&gt;" type="pytest.skip">pytest_cases/tests/cases/issues/test_issue_154.py:159: &lt;py._xmlgen.raw object at 0x7fc15d1240f0&gt;</skipped></testcase><testcase classname="pytest_cases.tests.cases.issues.test_issue_154" file="pytest_cases/tests/cases/issues/test_issue_154.py" line="159" name="test_create_single_idstyle_none[single_parametrized_lazy_value_target_is_skipped-bar]" time="0.0002856254577636719"><skipped message="unconditional skip" type="pytest.skip">pytest_cases/tests/cases/issues/test_issue_154.py:159: &lt;py._xmlgen.raw object at 0x7fc15d124c18&gt;</skipped></testcase><testcase classname="pytest_cases.tests.cases.issues.test_issue_154" file="pytest_cases/tests/cases/issues/test_issue_154.py" line="166" name="test_create_single_idstyle_mygen[Minputs_request_data/P0/single]" time="0.0016298294067382812"></testcase><testcase classname="pytest_cases.tests.cases.issues.test_issue_154" file="pytest_cases/tests/cases/issues/test_issue_154.py" line="166" name="test_create_single_idstyle_mygen[Minputs_request_data/P1F/fixref]" time="0.0015628337860107422"></testcase><testcase classname="pytest_cases.tests.cases.issues.test_issue_154" file="pytest_cases/tests/cases/issues/test_issue_154.py" line="166" name="test_create_single_idstyle_mygen[Minputs_request_data/P2/single_marked_skipped]" time="0.00026345252990722656"><skipped message="&lt;unprintable Skipped object&gt;" type="pytest.skip">pytest_cases/tests/cases/issues/test_issue_154.py:166: &lt;py._xmlgen.raw object at 0x7fc15d115860&gt;</skipped></testcase><testcase classname="pytest_cases.tests.cases.issues.test_issue_154" file="pytest_cases/tests/cases/issues/test_issue_154.py" line="166" name="test_create_single_idstyle_mygen[Minputs_request_data/P3F/fixref_marked_skipped]" time="0.00026035308837890625"><skipped message="&lt;unprintable Skipped object&gt;" type="pytest.skip">pytest_cases/tests/cases/issues/test_issue_154.py:166: &lt;py._xmlgen.raw object at 0x7fc15d108860&gt;</skipped></testcase><testcase classname="pytest_cases.tests.cases.issues.test_issue_154" file="pytest_cases/tests/cases/issues/test_issue_154.py" line="166" name="test_create_single_idstyle_mygen[Minputs_request_data/P4:6/-multi1]" time="0.0036330223083496094"></testcase><testcase classname="pytest_cases.tests.cases.issues.test_issue_154" file="pytest_cases/tests/cases/issues/test_issue_154.py" line="166" name="test_create_single_idstyle_mygen[Minputs_request_data/P4:6/-multi2_marked_skipped]" time="0.0002224445343017578"><skipped message="unconditional skip" type="pytest.skip">pytest_cases/tests/cases/issues/test_issue_154.py:166: &lt;py._xmlgen.raw object at 0x7fc15d1247b8&gt;</skipped></testcase><testcase classname="pytest_cases.tests.cases.issues.test_issue_154" file="pytest_cases/tests/cases/issues/test_issue_154.py" line="166" name="test_create_single_idstyle_mygen[Minputs_request_data/P6F/fixref_target_is_parametrized-0]" time="0.0014641284942626953"></testcase><testcase classname="pytest_cases.tests.cases.issues.test_issue_154" file="pytest_cases/tests/cases/issues/test_issue_154.py" line="166" name="test_create_single_idstyle_mygen[Minputs_request_data/P7F/single_parametrized_lazy-foo]" time="0.0017724037170410156"></testcase><testcase classname="pytest_cases.tests.cases.issues.test_issue_154" file="pytest_cases/tests/cases/issues/test_issue_154.py" line="166" name="test_create_single_idstyle_mygen[Minputs_request_data/P8F/fixref_target_is_parametrized_marked_skipped-0]" time="0.010607481002807617"><skipped message="&lt;unprintable Skipped object&gt;" type="pytest.skip">pytest_cases/tests/cases/issues/test_issue_154.py:166: &lt;py._xmlgen.raw object at 0x7fc15d120a58&gt;</skipped></testcase><testcase classname="pytest_cases.tests.cases.issues.test_issue_154" file="pytest_cases/tests/cases/issues/test_issue_154.py" line="166" name="test_create_single_idstyle_mygen[Minputs_request_data/P9F/single_parametrized_lazy_value_target_is_skipped-bar]" time="0.00023674964904785156"><skipped message="unconditional skip" type="pytest.skip">pytest_cases/tests/cases/issues/test_issue_154.py:166: &lt;py._xmlgen.raw object at 0x7fc15d622828&gt;</skipped></testcase><testcase classname="pytest_cases.tests.cases.issues.test_issue_154" file="pytest_cases/tests/cases/issues/test_issue_154.py" line="173" name="test_create_single_ids_list[0]" time="0.010361909866333008"></testcase><testcase classname="pytest_cases.tests.cases.issues.test_issue_154" file="pytest_cases/tests/cases/issues/test_issue_154.py" line="173" name="test_create_single_ids_list[1]" time="0.0017783641815185547"></testcase><testcase classname="pytest_cases.tests.cases.issues.test_issue_154" file="pytest_cases/tests/cases/issues/test_issue_154.py" line="173" name="test_create_single_ids_list[2]" time="0.009923458099365234"><skipped message="&lt;unprintable Skipped object&gt;" type="pytest.skip">pytest_cases/tests/cases/issues/test_issue_154.py:173: &lt;py._xmlgen.raw object at 0x7fc15d174550&gt;</skipped></testcase><testcase classname="pytest_cases.tests.cases.issues.test_issue_154" file="pytest_cases/tests/cases/issues/test_issue_154.py" line="173" name="test_create_single_ids_list[3]" time="0.000232696533203125"><skipped message="&lt;unprintable Skipped object&gt;" type="pytest.skip">pytest_cases/tests/cases/issues/test_issue_154.py:173: &lt;py._xmlgen.raw object at 0x7fc15d126550&gt;</skipped></testcase><testcase classname="pytest_cases.tests.cases.issues.test_issue_154" file="pytest_cases/tests/cases/issues/test_issue_154.py" line="173" name="test_create_single_ids_list[4]" time="0.001522064208984375"></testcase><testcase classname="pytest_cases.tests.cases.issues.test_issue_154" file="pytest_cases/tests/cases/issues/test_issue_154.py" line="173" name="test_create_single_ids_list[5]" time="0.00022482872009277344"><skipped message="unconditional skip" type="pytest.skip">pytest_cases/tests/cases/issues/test_issue_154.py:173: &lt;py._xmlgen.raw object at 0x7fc15d120668&gt;</skipped></testcase><testcase classname="pytest_cases.tests.cases.issues.test_issue_154" file="pytest_cases/tests/cases/issues/test_issue_154.py" line="173" name="test_create_single_ids_list[6-0]" time="0.0015101432800292969"></testcase><testcase classname="pytest_cases.tests.cases.issues.test_issue_154" file="pytest_cases/tests/cases/issues/test_issue_154.py" line="173" name="test_create_single_ids_list[7-foo]" time="0.0014641284942626953"></testcase><testcase classname="pytest_cases.tests.cases.issues.test_issue_154" file="pytest_cases/tests/cases/issues/test_issue_154.py" line="173" name="test_create_single_ids_list[8-0]" time="0.0002510547637939453"><skipped message="&lt;unprintable Skipped object&gt;" type="pytest.skip">pytest_cases/tests/cases/issues/test_issue_154.py:173: &lt;py._xmlgen.raw object at 0x7fc15d1339e8&gt;</skipped></testcase><testcase classname="pytest_cases.tests.cases.issues.test_issue_154" file="pytest_cases/tests/cases/issues/test_issue_154.py" line="173" name="test_create_single_ids_list[9-bar]" time="0.0002219676971435547"><skipped message="unconditional skip" type="pytest.skip">pytest_cases/tests/cases/issues/test_issue_154.py:173: &lt;py._xmlgen.raw object at 0x7fc15d126dd8&gt;</skipped></testcase><testcase classname="pytest_cases.tests.cases.issues.test_issue_154" file="pytest_cases/tests/cases/issues/test_issue_154.py" line="180" name="test_create_single_ids_list_style[/0]" time="0.0014886856079101562"></testcase><testcase classname="pytest_cases.tests.cases.issues.test_issue_154" file="pytest_cases/tests/cases/issues/test_issue_154.py" line="180" name="test_create_single_ids_list_style[/1]" time="0.003386974334716797"></testcase><testcase classname="pytest_cases.tests.cases.issues.test_issue_154" file="pytest_cases/tests/cases/issues/test_issue_154.py" line="180" name="test_create_single_ids_list_style[/2]" time="0.0005164146423339844"><skipped message="&lt;unprintable Skipped object&gt;" type="pytest.skip">pytest_cases/tests/cases/issues/test_issue_154.py:180: &lt;py._xmlgen.raw object at 0x7fc15d133fd0&gt;</skipped></testcase><testcase classname="pytest_cases.tests.cases.issues.test_issue_154" file="pytest_cases/tests/cases/issues/test_issue_154.py" line="180" name="test_create_single_ids_list_style[/3]" time="0.0005843639373779297"><skipped message="&lt;unprintable Skipped object&gt;" type="pytest.skip">pytest_cases/tests/cases/issues/test_issue_154.py:180: &lt;py._xmlgen.raw object at 0x7fc15d126e48&gt;</skipped></testcase><testcase classname="pytest_cases.tests.cases.issues.test_issue_154" file="pytest_cases/tests/cases/issues/test_issue_154.py" line="180" name="test_create_single_ids_list_style[/P4:6-4]" time="0.002813577651977539"></testcase><testcase classname="pytest_cases.tests.cases.issues.test_issue_154" file="pytest_cases/tests/cases/issues/test_issue_154.py" line="180" name="test_create_single_ids_list_style[/P4:6-5]" time="0.0004973411560058594"><skipped message="unconditional skip" type="pytest.skip">pytest_cases/tests/cases/issues/test_issue_154.py:180: &lt;py._xmlgen.raw object at 0x7fc15d0bc780&gt;</skipped></testcase><testcase classname="pytest_cases.tests.cases.issues.test_issue_154" file="pytest_cases/tests/cases/issues/test_issue_154.py" line="180" name="test_create_single_ids_list_style[/6-0]" time="0.0032567977905273438"></testcase><testcase classname="pytest_cases.tests.cases.issues.test_issue_154" file="pytest_cases/tests/cases/issues/test_issue_154.py" line="180" name="test_create_single_ids_list_style[/7-foo]" time="0.002529144287109375"></testcase><testcase classname="pytest_cases.tests.cases.issues.test_issue_154" file="pytest_cases/tests/cases/issues/test_issue_154.py" line="180" name="test_create_single_ids_list_style[/8-0]" time="0.00046539306640625"><skipped message="&lt;unprintable Skipped object&gt;" type="pytest.skip">pytest_cases/tests/cases/issues/test_issue_154.py:180: &lt;py._xmlgen.raw object at 0x7fc15d0bc438&gt;</skipped></testcase><testcase classname="pytest_cases.tests.cases.issues.test_issue_154" file="pytest_cases/tests/cases/issues/test_issue_154.py" line="180" name="test_create_single_ids_list_style[/9-bar]" time="0.00026345252990722656"><skipped message="unconditional skip" type="pytest.skip">pytest_cases/tests/cases/issues/test_issue_154.py:180: &lt;py._xmlgen.raw object at 0x7fc15d0c27f0&gt;</skipped></testcase><testcase classname="pytest_cases.tests.cases.issues.test_issue_154" file="pytest_cases/tests/cases/issues/test_issue_154.py" line="187" name="test_create_single_ids_mygen[Msingle]" time="0.003209352493286133"></testcase><testcase classname="pytest_cases.tests.cases.issues.test_issue_154" file="pytest_cases/tests/cases/issues/test_issue_154.py" line="187" name="test_create_single_ids_mygen[Mfixref]" time="0.002669811248779297"></testcase><testcase classname="pytest_cases.tests.cases.issues.test_issue_154" file="pytest_cases/tests/cases/issues/test_issue_154.py" line="187" name="test_create_single_ids_mygen[Msingle_marked_skipped]" time="0.00044798851013183594"><skipped message="&lt;unprintable Skipped object&gt;" type="pytest.skip">pytest_cases/tests/cases/issues/test_issue_154.py:187: &lt;py._xmlgen.raw object at 0x7fc15d0c2630&gt;</skipped></testcase><testcase classname="pytest_cases.tests.cases.issues.test_issue_154" file="pytest_cases/tests/cases/issues/test_issue_154.py" line="187" name="test_create_single_ids_mygen[Mfixref_marked_skipped]" time="0.0007195472717285156"><skipped message="&lt;unprintable Skipped object&gt;" type="pytest.skip">pytest_cases/tests/cases/issues/test_issue_154.py:187: &lt;py._xmlgen.raw object at 0x7fc15d0c77f0&gt;</skipped></testcase><testcase classname="pytest_cases.tests.cases.issues.test_issue_154" file="pytest_cases/tests/cases/issues/test_issue_154.py" line="187" name="test_create_single_ids_mygen[Mmulti1]" time="0.002494335174560547"></testcase><testcase classname="pytest_cases.tests.cases.issues.test_issue_154" file="pytest_cases/tests/cases/issues/test_issue_154.py" line="187" name="test_create_single_ids_mygen[Mmulti2_marked_skipped]" time="0.0003476142883300781"><skipped message="unconditional skip" type="pytest.skip">pytest_cases/tests/cases/issues/test_issue_154.py:187: &lt;py._xmlgen.raw object at 0x7fc15d610e80&gt;</skipped></testcase><testcase classname="pytest_cases.tests.cases.issues.test_issue_154" file="pytest_cases/tests/cases/issues/test_issue_154.py" line="187" name="test_create_single_ids_mygen[Mfixref_target_is_parametrized-0]" time="0.002749204635620117"></testcase><testcase classname="pytest_cases.tests.cases.issues.test_issue_154" file="pytest_cases/tests/cases/issues/test_issue_154.py" line="187" name="test_create_single_ids_mygen[Msingle_parametrized_lazy-foo]" time="0.0032379627227783203"></testcase><testcase classname="pytest_cases.tests.cases.issues.test_issue_154" file="pytest_cases/tests/cases/issues/test_issue_154.py" line="187" name="test_create_single_ids_mygen[Mfixref_target_is_parametrized_marked_skipped-0]" time="0.00044727325439453125"><skipped message="&lt;unprintable Skipped object&gt;" type="pytest.skip">pytest_cases/tests/cases/issues/test_issue_154.py:187: &lt;py._xmlgen.raw object at 0x7fc15d0bceb8&gt;</skipped></testcase><testcase classname="pytest_cases.tests.cases.issues.test_issue_154" file="pytest_cases/tests/cases/issues/test_issue_154.py" line="187" name="test_create_single_ids_mygen[Msingle_parametrized_lazy_value_target_is_skipped-bar]" time="0.00042700767517089844"><skipped message="unconditional skip" type="pytest.skip">pytest_cases/tests/cases/issues/test_issue_154.py:187: &lt;py._xmlgen.raw object at 0x7fc15d0ce160&gt;</skipped></testcase><testcase classname="pytest_cases.tests.cases.issues.test_issue_154" file="pytest_cases/tests/cases/issues/test_issue_154.py" line="194" name="test_create_single_ids_mygen_style[/Msingle]" time="0.0026895999908447266"></testcase><testcase classname="pytest_cases.tests.cases.issues.test_issue_154" file="pytest_cases/tests/cases/issues/test_issue_154.py" line="194" name="test_create_single_ids_mygen_style[/Mfixref]" time="0.0031652450561523438"></testcase><testcase classname="pytest_cases.tests.cases.issues.test_issue_154" file="pytest_cases/tests/cases/issues/test_issue_154.py" line="194" name="test_create_single_ids_mygen_style[/Msingle_marked_skipped]" time="0.00035643577575683594"><skipped message="&lt;unprintable Skipped object&gt;" type="pytest.skip">pytest_cases/tests/cases/issues/test_issue_154.py:194: &lt;py._xmlgen.raw object at 0x7fc15d610d30&gt;</skipped></testcase><testcase classname="pytest_cases.tests.cases.issues.test_issue_154" file="pytest_cases/tests/cases/issues/test_issue_154.py" line="194" name="test_create_single_ids_mygen_style[/Mfixref_marked_skipped]" time="0.00033020973205566406"><skipped message="&lt;unprintable Skipped object&gt;" type="pytest.skip">pytest_cases/tests/cases/issues/test_issue_154.py:194: &lt;py._xmlgen.raw object at 0x7fc15d0d56d8&gt;</skipped></testcase><testcase classname="pytest_cases.tests.cases.issues.test_issue_154" file="pytest_cases/tests/cases/issues/test_issue_154.py" line="194" name="test_create_single_ids_mygen_style[/P4:6-Mmulti1]" time="0.0043468475341796875"></testcase><testcase classname="pytest_cases.tests.cases.issues.test_issue_154" file="pytest_cases/tests/cases/issues/test_issue_154.py" line="194" name="test_create_single_ids_mygen_style[/P4:6-Mmulti2_marked_skipped]" time="0.0004112720489501953"><skipped message="unconditional skip" type="pytest.skip">pytest_cases/tests/cases/issues/test_issue_154.py:194: &lt;py._xmlgen.raw object at 0x7fc15d0d5668&gt;</skipped></testcase><testcase classname="pytest_cases.tests.cases.issues.test_issue_154" file="pytest_cases/tests/cases/issues/test_issue_154.py" line="194" name="test_create_single_ids_mygen_style[/Mfixref_target_is_parametrized-0]" time="0.0033037662506103516"></testcase><testcase classname="pytest_cases.tests.cases.issues.test_issue_154" file="pytest_cases/tests/cases/issues/test_issue_154.py" line="194" name="test_create_single_ids_mygen_style[/Msingle_parametrized_lazy-foo]" time="0.001497507095336914"></testcase><testcase classname="pytest_cases.tests.cases.issues.test_issue_154" file="pytest_cases/tests/cases/issues/test_issue_154.py" line="194" name="test_create_single_ids_mygen_style[/Mfixref_target_is_parametrized_marked_skipped-0]" time="0.00024628639221191406"><skipped message="&lt;unprintable Skipped object&gt;" type="pytest.skip">pytest_cases/tests/cases/issues/test_issue_154.py:194: &lt;py._xmlgen.raw object at 0x7fc15d1335c0&gt;</skipped></testcase><testcase classname="pytest_cases.tests.cases.issues.test_issue_154" file="pytest_cases/tests/cases/issues/test_issue_154.py" line="194" name="test_create_single_ids_mygen_style[/Msingle_parametrized_lazy_value_target_is_skipped-bar]" time="0.00024199485778808594"><skipped message="unconditional skip" type="pytest.skip">pytest_cases/tests/cases/issues/test_issue_154.py:194: &lt;py._xmlgen.raw object at 0x7fc15d0c70b8&gt;</skipped></testcase><testcase classname="pytest_cases.tests.cases.issues.test_issue_154" file="pytest_cases/tests/cases/issues/test_issue_154.py" line="201" name="test_synthesis" time="0.011092424392700195"></testcase><testcase classname="pytest_cases.tests.cases.issues.test_issue_158" file="pytest_cases/tests/cases/issues/test_issue_158.py" line="12" name="test_foo[y-x]" time="0.0011348724365234375"><system-out>128
</system-out></testcase><testcase classname="pytest_cases.tests.cases.legacy.advanced.test_memoize" file="pytest_cases/tests/cases/legacy/advanced/test_memoize.py" line="49" name="test_a[case_1]" time="0.0008451938629150391"><system-out>loading file file1
</system-out></testcase><testcase classname="pytest_cases.tests.cases.legacy.advanced.test_memoize" file="pytest_cases/tests/cases/legacy/advanced/test_memoize.py" line="49" name="test_a[case_2]" time="0.0008103847503662109"><system-out>loading file file2
</system-out></testcase><testcase classname="pytest_cases.tests.cases.legacy.advanced.test_memoize" file="pytest_cases/tests/cases/legacy/advanced/test_memoize.py" line="59" name="test_b[case_2]" time="0.0006358623504638672"></testcase><testcase classname="pytest_cases.tests.cases.legacy.advanced.test_memoize" file="pytest_cases/tests/cases/legacy/advanced/test_memoize.py" line="59" name="test_b[case_3]" time="0.0008096694946289062"><system-out>loading file file3
</system-out></testcase><testcase classname="pytest_cases.tests.cases.legacy.advanced.test_memoize" file="pytest_cases/tests/cases/legacy/advanced/test_memoize.py" line="69" name="test_c[case_1]" time="0.0007195472717285156"></testcase><testcase classname="pytest_cases.tests.cases.legacy.advanced.test_memoize" file="pytest_cases/tests/cases/legacy/advanced/test_memoize.py" line="69" name="test_c[case_2]" time="0.0007889270782470703"></testcase><testcase classname="pytest_cases.tests.cases.legacy.advanced.test_memoize" file="pytest_cases/tests/cases/legacy/advanced/test_memoize.py" line="69" name="test_c[case_3]" time="0.0007562637329101562"></testcase><testcase classname="pytest_cases.tests.cases.legacy.advanced.test_memoize" file="pytest_cases/tests/cases/legacy/advanced/test_memoize.py" line="79" name="test_assert_parametrized" time="0.0006875991821289062"></testcase><testcase classname="pytest_cases.tests.cases.legacy.advanced.test_memoize_generators" file="pytest_cases/tests/cases/legacy/advanced/test_memoize_generators.py" line="23" name="test_a[case 0]" time="0.0008587837219238281"><system-out>generating case 0
0
</system-out></testcase><testcase classname="pytest_cases.tests.cases.legacy.advanced.test_memoize_generators" file="pytest_cases/tests/cases/legacy/advanced/test_memoize_generators.py" line="23" name="test_a[case 1]" time="0.0010831356048583984"><system-out>generating case 1
1
</system-out></testcase><testcase classname="pytest_cases.tests.cases.legacy.advanced.test_memoize_generators" file="pytest_cases/tests/cases/legacy/advanced/test_memoize_generators.py" line="23" name="test_a[case 2]" time="0.0007889270782470703"><system-out>generating case 2
2
</system-out></testcase><testcase classname="pytest_cases.tests.cases.legacy.advanced.test_memoize_generators" file="pytest_cases/tests/cases/legacy/advanced/test_memoize_generators.py" line="33" name="test_b[case 0]" time="0.0007994174957275391"><system-out>0
</system-out></testcase><testcase classname="pytest_cases.tests.cases.legacy.advanced.test_memoize_generators" file="pytest_cases/tests/cases/legacy/advanced/test_memoize_generators.py" line="33" name="test_b[case 1]" time="0.000782012939453125"><system-out>1
</system-out></testcase><testcase classname="pytest_cases.tests.cases.legacy.advanced.test_memoize_generators" file="pytest_cases/tests/cases/legacy/advanced/test_memoize_generators.py" line="33" name="test_b[case 2]" time="0.0008070468902587891"><system-out>2
</system-out></testcase><testcase classname="pytest_cases.tests.cases.legacy.advanced.test_memoize_generators" file="pytest_cases/tests/cases/legacy/advanced/test_memoize_generators.py" line="43" name="test_assert_cases_are_here" time="0.001154184341430664"></testcase><testcase classname="pytest_cases.tests.cases.legacy.advanced.test_memoize_generators" file="pytest_cases/tests/cases/legacy/advanced/test_memoize_generators.py" line="50" name="test_assert_parametrized" time="0.0006058216094970703"></testcase><testcase classname="pytest_cases.tests.cases.legacy.advanced.test_parameters" file="pytest_cases/tests/cases/legacy/advanced/test_parameters.py" line="45" name="test_with_parameters[1.0.0-case_simple]" time="0.0009033679962158203"><system-out>using version 1.0.0
</system-out></testcase><testcase classname="pytest_cases.tests.cases.legacy.advanced.test_parameters" file="pytest_cases/tests/cases/legacy/advanced/test_parameters.py" line="45" name="test_with_parameters[1.0.0-case_simple2]" time="0.0009565353393554688"><system-out>using version 1.0.0
</system-out></testcase><testcase classname="pytest_cases.tests.cases.legacy.advanced.test_parameters" file="pytest_cases/tests/cases/legacy/advanced/test_parameters.py" line="45" name="test_with_parameters[1.0.0-case_gen__i=0, j=0]" time="0.0008928775787353516"><system-out>using version 1.0.0
</system-out></testcase><testcase classname="pytest_cases.tests.cases.legacy.advanced.test_parameters" file="pytest_cases/tests/cases/legacy/advanced/test_parameters.py" line="45" name="test_with_parameters[1.0.0-case_gen__i=0, j=1]" time="0.0009093284606933594"><system-out>using version 1.0.0
</system-out></testcase><testcase classname="pytest_cases.tests.cases.legacy.advanced.test_parameters" file="pytest_cases/tests/cases/legacy/advanced/test_parameters.py" line="45" name="test_with_parameters[1.0.0-case_gen__i=1, j=0]" time="0.0009102821350097656"><system-out>using version 1.0.0
</system-out></testcase><testcase classname="pytest_cases.tests.cases.legacy.advanced.test_parameters" file="pytest_cases/tests/cases/legacy/advanced/test_parameters.py" line="45" name="test_with_parameters[1.0.0-case_gen__i=1, j=1]" time="0.0008869171142578125"><system-out>using version 1.0.0
</system-out></testcase><testcase classname="pytest_cases.tests.cases.legacy.advanced.test_parameters" file="pytest_cases/tests/cases/legacy/advanced/test_parameters.py" line="45" name="test_with_parameters[2.0.0-case_simple]" time="0.0008749961853027344"><system-out>using version 2.0.0
</system-out></testcase><testcase classname="pytest_cases.tests.cases.legacy.advanced.test_parameters" file="pytest_cases/tests/cases/legacy/advanced/test_parameters.py" line="45" name="test_with_parameters[2.0.0-case_simple2]" time="0.0008604526519775391"><system-out>using version 2.0.0
</system-out></testcase><testcase classname="pytest_cases.tests.cases.legacy.advanced.test_parameters" file="pytest_cases/tests/cases/legacy/advanced/test_parameters.py" line="45" name="test_with_parameters[2.0.0-case_gen__i=0, j=0]" time="0.0011739730834960938"><system-out>using version 2.0.0
</system-out></testcase><testcase classname="pytest_cases.tests.cases.legacy.advanced.test_parameters" file="pytest_cases/tests/cases/legacy/advanced/test_parameters.py" line="45" name="test_with_parameters[2.0.0-case_gen__i=0, j=1]" time="0.0008990764617919922"><system-out>using version 2.0.0
</system-out></testcase><testcase classname="pytest_cases.tests.cases.legacy.advanced.test_parameters" file="pytest_cases/tests/cases/legacy/advanced/test_parameters.py" line="45" name="test_with_parameters[2.0.0-case_gen__i=1, j=0]" time="0.0009024143218994141"><system-out>using version 2.0.0
</system-out></testcase><testcase classname="pytest_cases.tests.cases.legacy.advanced.test_parameters" file="pytest_cases/tests/cases/legacy/advanced/test_parameters.py" line="45" name="test_with_parameters[2.0.0-case_gen__i=1, j=1]" time="0.0008630752563476562"><system-out>using version 2.0.0
</system-out></testcase><testcase classname="pytest_cases.tests.cases.legacy.advanced.test_parameters" file="pytest_cases/tests/cases/legacy/advanced/test_parameters.py" line="61" name="test_assert_parametrized" time="0.0006051063537597656"></testcase><testcase classname="pytest_cases.tests.cases.legacy.advanced.test_stackoverflow" file="pytest_cases/tests/cases/legacy/advanced/test_stackoverflow.py" line="26" name="test_with_cases_decorated[case_simple]" time="0.0010013580322265625"></testcase><testcase classname="pytest_cases.tests.cases.legacy.advanced.test_stackoverflow" file="pytest_cases/tests/cases/legacy/advanced/test_stackoverflow.py" line="39" name="test_with_cases_decorated2[case_simple]" time="0.00072479248046875"></testcase><testcase classname="pytest_cases.tests.cases.legacy.advanced.test_stackoverflow" file="pytest_cases/tests/cases/legacy/advanced/test_stackoverflow.py" line="39" name="test_with_cases_decorated2[case_simple2]" time="0.0007331371307373047"></testcase><testcase classname="pytest_cases.tests.cases.legacy.advanced.test_stackoverflow" file="pytest_cases/tests/cases/legacy/advanced/test_stackoverflow.py" line="87" name="test_a[case_1]" time="0.0007658004760742188"><system-out>loading file file1
</system-out></testcase><testcase classname="pytest_cases.tests.cases.legacy.advanced.test_stackoverflow" file="pytest_cases/tests/cases/legacy/advanced/test_stackoverflow.py" line="87" name="test_a[case_2]" time="0.000782012939453125"><system-out>loading file file2
</system-out></testcase><testcase classname="pytest_cases.tests.cases.legacy.advanced.test_stackoverflow" file="pytest_cases/tests/cases/legacy/advanced/test_stackoverflow.py" line="97" name="test_b[case_2]" time="0.0010061264038085938"></testcase><testcase classname="pytest_cases.tests.cases.legacy.advanced.test_stackoverflow" file="pytest_cases/tests/cases/legacy/advanced/test_stackoverflow.py" line="97" name="test_b[case_3]" time="0.0007855892181396484"><system-out>loading file file3
</system-out></testcase><testcase classname="pytest_cases.tests.cases.legacy.advanced.test_stackoverflow" file="pytest_cases/tests/cases/legacy/advanced/test_stackoverflow.py" line="107" name="test_c[case_1]" time="0.0007522106170654297"></testcase><testcase classname="pytest_cases.tests.cases.legacy.advanced.test_stackoverflow" file="pytest_cases/tests/cases/legacy/advanced/test_stackoverflow.py" line="107" name="test_c[case_2]" time="0.0006825923919677734"></testcase><testcase classname="pytest_cases.tests.cases.legacy.advanced.test_stackoverflow" file="pytest_cases/tests/cases/legacy/advanced/test_stackoverflow.py" line="107" name="test_c[case_3]" time="0.0007164478302001953"></testcase><testcase classname="pytest_cases.tests.cases.legacy.advanced.test_suite_parametrized_cases" file="pytest_cases/tests/cases/legacy/advanced/test_suite_parametrized_cases.py" line="65" name="test_suite_parametrized_cases[case_simple-step_check_a]" time="0.0011093616485595703"><system-out>{&apos;b&apos;: 2, &apos;a&apos;: 1}
</system-out></testcase><testcase classname="pytest_cases.tests.cases.legacy.advanced.test_suite_parametrized_cases" file="pytest_cases/tests/cases/legacy/advanced/test_suite_parametrized_cases.py" line="65" name="test_suite_parametrized_cases[case_simple-step_check_b]" time="0.0011260509490966797"><system-out>{&apos;b&apos;: 2, &apos;a&apos;: 1}
</system-out></testcase><testcase classname="pytest_cases.tests.cases.legacy.advanced.test_suite_parametrized_cases" file="pytest_cases/tests/cases/legacy/advanced/test_suite_parametrized_cases.py" line="65" name="test_suite_parametrized_cases[case_simple2-step_check_a]" time="0.001089334487915039"><system-out>{&apos;b&apos;: 2, &apos;a&apos;: -1}
</system-out></testcase><testcase classname="pytest_cases.tests.cases.legacy.advanced.test_suite_parametrized_cases" file="pytest_cases/tests/cases/legacy/advanced/test_suite_parametrized_cases.py" line="65" name="test_suite_parametrized_cases[case_simple2-step_check_b]" time="0.0010573863983154297"><system-out>{&apos;b&apos;: 2, &apos;a&apos;: -1}
</system-out></testcase><testcase classname="pytest_cases.tests.cases.legacy.advanced.test_suite_shared_dict_cases" file="pytest_cases/tests/cases/legacy/advanced/test_suite_shared_dict_cases.py" line="51" name="test_suite_shared_dict_cases[case_simple-step_check_a]" time="0.0010950565338134766"><system-out>{&apos;b&apos;: 2, &apos;a&apos;: 1}
</system-out></testcase><testcase classname="pytest_cases.tests.cases.legacy.advanced.test_suite_shared_dict_cases" file="pytest_cases/tests/cases/legacy/advanced/test_suite_shared_dict_cases.py" line="51" name="test_suite_shared_dict_cases[case_simple-step_check_b]" time="0.0013823509216308594"><system-out>{&apos;b&apos;: 2, &apos;a&apos;: 1}
</system-out></testcase><testcase classname="pytest_cases.tests.cases.legacy.advanced.test_suite_shared_dict_cases" file="pytest_cases/tests/cases/legacy/advanced/test_suite_shared_dict_cases.py" line="51" name="test_suite_shared_dict_cases[case_simple2-step_check_a]" time="0.0010006427764892578"><system-out>{&apos;b&apos;: 2, &apos;a&apos;: -1}
</system-out></testcase><testcase classname="pytest_cases.tests.cases.legacy.advanced.test_suite_shared_dict_cases" file="pytest_cases/tests/cases/legacy/advanced/test_suite_shared_dict_cases.py" line="51" name="test_suite_shared_dict_cases[case_simple2-step_check_b]" time="0.002252817153930664"><system-out>{&apos;b&apos;: 2, &apos;a&apos;: -1}
</system-out></testcase><testcase classname="pytest_cases.tests.cases.legacy.intermediate.test_filtering" file="pytest_cases/tests/cases/legacy/intermediate/test_filtering.py" line="34" name="test_with_cases_a_or_b[case_data0]" time="0.0005283355712890625"><skipped message="got empty parameter set [&apos;case_data&apos;], function test_with_cases_a_or_b at /home/travis/build/smarie/python-pytest-cases/pytest_cases/tests/cases/legacy/intermediate/test_filtering.py:34" type="pytest.skip">pytest_cases/tests/cases/legacy/intermediate/test_filtering.py:34: &lt;py._xmlgen.raw object at 0x7fc15d09af98&gt;</skipped></testcase><testcase classname="pytest_cases.tests.cases.legacy.intermediate.test_filtering" file="pytest_cases/tests/cases/legacy/intermediate/test_filtering.py" line="47" name="test_with_cases_a_and_b[case_data0]" time="0.0009577274322509766"><skipped message="got empty parameter set [&apos;case_data&apos;], function test_with_cases_a_and_b at /home/travis/build/smarie/python-pytest-cases/pytest_cases/tests/cases/legacy/intermediate/test_filtering.py:47" type="pytest.skip">pytest_cases/tests/cases/legacy/intermediate/test_filtering.py:47: &lt;py._xmlgen.raw object at 0x7fc15d0a0b00&gt;</skipped></testcase><testcase classname="pytest_cases.tests.cases.legacy.intermediate.test_shared" file="pytest_cases/tests/cases/legacy/intermediate/test_shared.py" line="12" name="test_with_filter[case_for_function1]" time="0.0007843971252441406"></testcase><testcase classname="pytest_cases.tests.cases.legacy.intermediate.test_shared" file="pytest_cases/tests/cases/legacy/intermediate/test_shared.py" line="12" name="test_with_filter[case_for_function_1_and_2]" time="0.0007474422454833984"></testcase><testcase classname="pytest_cases.tests.cases.legacy.intermediate.test_shared" file="pytest_cases/tests/cases/legacy/intermediate/test_shared.py" line="25" name="test_with_filter2[case_for_function2]" time="0.0007212162017822266"></testcase><testcase classname="pytest_cases.tests.cases.legacy.intermediate.test_shared" file="pytest_cases/tests/cases/legacy/intermediate/test_shared.py" line="25" name="test_with_filter2[case_for_function_1_and_2]" time="0.000759124755859375"></testcase><testcase classname="pytest_cases.tests.cases.legacy.intermediate.test_shared" file="pytest_cases/tests/cases/legacy/intermediate/test_shared.py" line="38" name="test_with_no_filter_all_cases[case_for_function1]" time="0.0007467269897460938"></testcase><testcase classname="pytest_cases.tests.cases.legacy.intermediate.test_shared" file="pytest_cases/tests/cases/legacy/intermediate/test_shared.py" line="38" name="test_with_no_filter_all_cases[case_for_function2]" time="0.0009768009185791016"></testcase><testcase classname="pytest_cases.tests.cases.legacy.intermediate.test_shared" file="pytest_cases/tests/cases/legacy/intermediate/test_shared.py" line="38" name="test_with_no_filter_all_cases[case_for_function_1_and_2]" time="0.0006899833679199219"></testcase><testcase classname="pytest_cases.tests.cases.legacy.intermediate.test_two_modules" file="pytest_cases/tests/cases/legacy/intermediate/test_two_modules.py" line="10" name="test_with_cases_decorated[case_simple]" time="0.0007216930389404297"></testcase><testcase classname="pytest_cases.tests.cases.legacy.intermediate.test_two_modules" file="pytest_cases/tests/cases/legacy/intermediate/test_two_modules.py" line="10" name="test_with_cases_decorated[case_simple_error_type]" time="0.0007109642028808594"></testcase><testcase classname="pytest_cases.tests.cases.legacy.intermediate.test_two_modules" file="pytest_cases/tests/cases/legacy/intermediate/test_two_modules.py" line="10" name="test_with_cases_decorated[case_simple_error_instance]" time="0.0007486343383789062"></testcase><testcase classname="pytest_cases.tests.cases.legacy.intermediate.test_two_modules" file="pytest_cases/tests/cases/legacy/intermediate/test_two_modules.py" line="10" name="test_with_cases_decorated[case_simple_error_callable]" time="0.0007712841033935547"></testcase><testcase classname="pytest_cases.tests.cases.legacy.intermediate.test_two_modules" file="pytest_cases/tests/cases/legacy/intermediate/test_two_modules.py" line="10" name="test_with_cases_decorated[case_skipped]" time="0.00033473968505859375"><skipped message="unconditional skip" type="pytest.skip">pytest_cases/tests/cases/legacy/intermediate/test_two_modules.py:10: &lt;py._xmlgen.raw object at 0x7fc15d554198&gt;</skipped></testcase><testcase classname="pytest_cases.tests.cases.legacy.intermediate.test_two_modules" file="pytest_cases/tests/cases/legacy/intermediate/test_two_modules.py" line="10" name="test_with_cases_decorated[case_for_function1]" time="0.0006885528564453125"></testcase><testcase classname="pytest_cases.tests.cases.legacy.intermediate.test_two_modules" file="pytest_cases/tests/cases/legacy/intermediate/test_two_modules.py" line="10" name="test_with_cases_decorated[case_for_function2]" time="0.0007119178771972656"></testcase><testcase classname="pytest_cases.tests.cases.legacy.intermediate.test_two_modules" file="pytest_cases/tests/cases/legacy/intermediate/test_two_modules.py" line="10" name="test_with_cases_decorated[case_for_function_1_and_2]" time="0.0007202625274658203"></testcase><testcase classname="pytest_cases.tests.cases.legacy.simple.test_fixtures" file="pytest_cases/tests/cases/legacy/simple/test_fixtures.py" line="20" name="test_with_cases_decorated_legacy[case_simple]" time="0.001211404800415039"></testcase><testcase classname="pytest_cases.tests.cases.legacy.simple.test_fixtures" file="pytest_cases/tests/cases/legacy/simple/test_fixtures.py" line="20" name="test_with_cases_decorated_legacy[case_simple_error_type]" time="0.0008401870727539062"></testcase><testcase classname="pytest_cases.tests.cases.legacy.simple.test_fixtures" file="pytest_cases/tests/cases/legacy/simple/test_fixtures.py" line="20" name="test_with_cases_decorated_legacy[case_simple_error_instance]" time="0.0008575916290283203"></testcase><testcase classname="pytest_cases.tests.cases.legacy.simple.test_fixtures" file="pytest_cases/tests/cases/legacy/simple/test_fixtures.py" line="20" name="test_with_cases_decorated_legacy[case_simple_error_callable]" time="0.0009016990661621094"></testcase><testcase classname="pytest_cases.tests.cases.legacy.simple.test_fixtures" file="pytest_cases/tests/cases/legacy/simple/test_fixtures.py" line="20" name="test_with_cases_decorated_legacy[case_skipped]" time="0.0003457069396972656"><skipped message="unconditional skip" type="pytest.skip">pytest_cases/tests/cases/legacy/simple/test_fixtures.py:20: &lt;py._xmlgen.raw object at 0x7fc15d0b2be0&gt;</skipped></testcase><testcase classname="pytest_cases.tests.cases.legacy.simple.test_fixtures" file="pytest_cases/tests/cases/legacy/simple/test_fixtures.py" line="67" name="test_with_cases_decorated[case_simple]" time="0.0008211135864257812"></testcase><testcase classname="pytest_cases.tests.cases.legacy.simple.test_fixtures" file="pytest_cases/tests/cases/legacy/simple/test_fixtures.py" line="67" name="test_with_cases_decorated[case_simple_error_type]" time="0.0008616447448730469"></testcase><testcase classname="pytest_cases.tests.cases.legacy.simple.test_fixtures" file="pytest_cases/tests/cases/legacy/simple/test_fixtures.py" line="67" name="test_with_cases_decorated[case_simple_error_instance]" time="0.0008931159973144531"></testcase><testcase classname="pytest_cases.tests.cases.legacy.simple.test_fixtures" file="pytest_cases/tests/cases/legacy/simple/test_fixtures.py" line="67" name="test_with_cases_decorated[case_simple_error_callable]" time="0.0009658336639404297"></testcase><testcase classname="pytest_cases.tests.cases.legacy.simple.test_fixtures" file="pytest_cases/tests/cases/legacy/simple/test_fixtures.py" line="67" name="test_with_cases_decorated[case_skipped]" time="0.0005927085876464844"><skipped message="unconditional skip" type="pytest.skip">pytest_cases/tests/cases/legacy/simple/test_fixtures.py:67: &lt;py._xmlgen.raw object at 0x7fc15d0b5630&gt;</skipped></testcase><testcase classname="pytest_cases.tests.cases.legacy.simple.test_generators" file="pytest_cases/tests/cases/legacy/simple/test_generators.py" line="56" name="test_with_cases_decorated[case_simple]" time="0.000732421875"></testcase><testcase classname="pytest_cases.tests.cases.legacy.simple.test_generators" file="pytest_cases/tests/cases/legacy/simple/test_generators.py" line="56" name="test_with_cases_decorated[test with i=0, j=0 and name template]" time="0.0007457733154296875"></testcase><testcase classname="pytest_cases.tests.cases.legacy.simple.test_generators" file="pytest_cases/tests/cases/legacy/simple/test_generators.py" line="56" name="test_with_cases_decorated[test with i=0, j=1 and name template]" time="0.0007572174072265625"></testcase><testcase classname="pytest_cases.tests.cases.legacy.simple.test_generators" file="pytest_cases/tests/cases/legacy/simple/test_generators.py" line="56" name="test_with_cases_decorated[test with i=0, j=2 and name template]" time="0.0007007122039794922"></testcase><testcase classname="pytest_cases.tests.cases.legacy.simple.test_generators" file="pytest_cases/tests/cases/legacy/simple/test_generators.py" line="56" name="test_with_cases_decorated[test with i=1, j=0 and name template]" time="0.00093841552734375"></testcase><testcase classname="pytest_cases.tests.cases.legacy.simple.test_generators" file="pytest_cases/tests/cases/legacy/simple/test_generators.py" line="56" name="test_with_cases_decorated[test with i=1, j=1 and name template]" time="0.0007028579711914062"></testcase><testcase classname="pytest_cases.tests.cases.legacy.simple.test_generators" file="pytest_cases/tests/cases/legacy/simple/test_generators.py" line="56" name="test_with_cases_decorated[test with i=1, j=2 and name template]" time="0.0007631778717041016"></testcase><testcase classname="pytest_cases.tests.cases.legacy.simple.test_generators" file="pytest_cases/tests/cases/legacy/simple/test_generators.py" line="56" name="test_with_cases_decorated[test with i=0, j=0 and names callable provider]" time="0.0007293224334716797"></testcase><testcase classname="pytest_cases.tests.cases.legacy.simple.test_generators" file="pytest_cases/tests/cases/legacy/simple/test_generators.py" line="56" name="test_with_cases_decorated[test with i=0, j=1 and names callable provider]" time="0.0007326602935791016"></testcase><testcase classname="pytest_cases.tests.cases.legacy.simple.test_generators" file="pytest_cases/tests/cases/legacy/simple/test_generators.py" line="56" name="test_with_cases_decorated[test with i=0, j=2 and names callable provider]" time="0.0007662773132324219"></testcase><testcase classname="pytest_cases.tests.cases.legacy.simple.test_generators" file="pytest_cases/tests/cases/legacy/simple/test_generators.py" line="56" name="test_with_cases_decorated[test with i=1, j=0 and names callable provider]" time="0.0007290840148925781"></testcase><testcase classname="pytest_cases.tests.cases.legacy.simple.test_generators" file="pytest_cases/tests/cases/legacy/simple/test_generators.py" line="56" name="test_with_cases_decorated[test with i=1, j=1 and names callable provider]" time="0.0007684230804443359"></testcase><testcase classname="pytest_cases.tests.cases.legacy.simple.test_generators" file="pytest_cases/tests/cases/legacy/simple/test_generators.py" line="56" name="test_with_cases_decorated[test with i=1, j=2 and names callable provider]" time="0.0007293224334716797"></testcase><testcase classname="pytest_cases.tests.cases.legacy.simple.test_generators" file="pytest_cases/tests/cases/legacy/simple/test_generators.py" line="56" name="test_with_cases_decorated[test with i=0, j=0 and explicit names list]" time="0.0007669925689697266"></testcase><testcase classname="pytest_cases.tests.cases.legacy.simple.test_generators" file="pytest_cases/tests/cases/legacy/simple/test_generators.py" line="56" name="test_with_cases_decorated[test with i=0, j=1 and explicit names list]" time="0.0007419586181640625"></testcase><testcase classname="pytest_cases.tests.cases.legacy.simple.test_generators" file="pytest_cases/tests/cases/legacy/simple/test_generators.py" line="56" name="test_with_cases_decorated[test with i=0, j=2 and explicit names list]" time="0.000993967056274414"></testcase><testcase classname="pytest_cases.tests.cases.legacy.simple.test_generators" file="pytest_cases/tests/cases/legacy/simple/test_generators.py" line="56" name="test_with_cases_decorated[test with i=1, j=0 and explicit names list]" time="0.0007030963897705078"></testcase><testcase classname="pytest_cases.tests.cases.legacy.simple.test_generators" file="pytest_cases/tests/cases/legacy/simple/test_generators.py" line="56" name="test_with_cases_decorated[test with i=1, j=1 and explicit names list]" time="0.0007343292236328125"></testcase><testcase classname="pytest_cases.tests.cases.legacy.simple.test_generators" file="pytest_cases/tests/cases/legacy/simple/test_generators.py" line="56" name="test_with_cases_decorated[test with i=1, j=2 and explicit names list]" time="0.0007293224334716797"></testcase><testcase classname="pytest_cases.tests.cases.legacy.simple.test_main" file="pytest_cases/tests/cases/legacy/simple/test_main.py" line="12" name="test_with_cases_decorated[case_simple]" time="0.0007460117340087891"></testcase><testcase classname="pytest_cases.tests.cases.legacy.simple.test_main" file="pytest_cases/tests/cases/legacy/simple/test_main.py" line="12" name="test_with_cases_decorated[case_simple_error_type]" time="0.0008268356323242188"></testcase><testcase classname="pytest_cases.tests.cases.legacy.simple.test_main" file="pytest_cases/tests/cases/legacy/simple/test_main.py" line="12" name="test_with_cases_decorated[case_simple_error_instance]" time="0.0007560253143310547"></testcase><testcase classname="pytest_cases.tests.cases.legacy.simple.test_main" file="pytest_cases/tests/cases/legacy/simple/test_main.py" line="12" name="test_with_cases_decorated[case_simple_error_callable]" time="0.0008258819580078125"></testcase><testcase classname="pytest_cases.tests.cases.legacy.simple.test_main" file="pytest_cases/tests/cases/legacy/simple/test_main.py" line="12" name="test_with_cases_decorated[case_skipped]" time="0.000331878662109375"><skipped message="unconditional skip" type="pytest.skip">pytest_cases/tests/cases/legacy/simple/test_main.py:12: &lt;py._xmlgen.raw object at 0x7fc15d057e48&gt;</skipped></testcase><testcase classname="pytest_cases.tests.cases.legacy.simple.test_main" file="pytest_cases/tests/cases/legacy/simple/test_main.py" line="50" name="test_with_cases_manual[case_simple]" time="0.0007853507995605469"></testcase><testcase classname="pytest_cases.tests.cases.legacy.simple.test_main" file="pytest_cases/tests/cases/legacy/simple/test_main.py" line="50" name="test_with_cases_manual[case_simple_error_type]" time="0.0019636154174804688"></testcase><testcase classname="pytest_cases.tests.cases.legacy.simple.test_main" file="pytest_cases/tests/cases/legacy/simple/test_main.py" line="50" name="test_with_cases_manual[case_simple_error_instance]" time="0.0007374286651611328"></testcase><testcase classname="pytest_cases.tests.cases.legacy.simple.test_main" file="pytest_cases/tests/cases/legacy/simple/test_main.py" line="50" name="test_with_cases_manual[case_simple_error_callable]" time="0.0007631778717041016"></testcase><testcase classname="pytest_cases.tests.cases.legacy.simple.test_main" file="pytest_cases/tests/cases/legacy/simple/test_main.py" line="50" name="test_with_cases_manual[case_skipped]" time="0.0003256797790527344"><skipped message="unconditional skip" type="pytest.skip">pytest_cases/tests/cases/legacy/simple/test_main.py:50: &lt;py._xmlgen.raw object at 0x7fc15d0aa438&gt;</skipped></testcase><testcase classname="pytest_cases.tests.cases.legacy.simple.test_pytest_marks" file="pytest_cases/tests/cases/legacy/simple/test_pytest_marks.py" line="9" name="test_get_pytest_marks" time="0.0013022422790527344"></testcase><testcase classname="pytest_cases.tests.cases.legacy.simple.test_same_file" file="pytest_cases/tests/cases/legacy/simple/test_same_file.py" line="27" name="test_with_cases_decorated[case_simple]" time="0.0007603168487548828"></testcase><testcase classname="pytest_cases.tests.cases.legacy.simple.test_same_file" file="pytest_cases/tests/cases/legacy/simple/test_same_file.py" line="27" name="test_with_cases_decorated[case_simple2]" time="0.0007388591766357422"></testcase><testcase classname="pytest_cases.tests.cases.legacy.simple.test_so.TestIt" file="pytest_cases/tests/cases/legacy/simple/test_so.py" line="33" name="test_tc1[[&apos;var1&apos;, &apos;var2&apos;]]" time="0.0011031627655029297"><system-out>this
</system-out></testcase><testcase classname="pytest_cases.tests.cases.legacy.simple.test_so2" file="pytest_cases/tests/cases/legacy/simple/test_so2.py" line="45" name="test_data[data1_a]" time="0.0009009838104248047"><system-out>setup for &lt;function case_datasetA at 0x7fc15d528ae8&gt;
</system-out></testcase><testcase classname="pytest_cases.tests.cases.legacy.simple.test_so2" file="pytest_cases/tests/cases/legacy/simple/test_so2.py" line="45" name="test_data[data2_a]" time="0.0009341239929199219"><system-out>teardown for &lt;function case_datasetA at 0x7fc15d528ae8&gt;
</system-out></testcase><testcase classname="pytest_cases.tests.cases.legacy.simple.test_so2" file="pytest_cases/tests/cases/legacy/simple/test_so2.py" line="45" name="test_data[data3_a]" time="0.0008091926574707031"></testcase><testcase classname="pytest_cases.tests.cases.legacy.simple.test_so2" file="pytest_cases/tests/cases/legacy/simple/test_so2.py" line="45" name="test_data[data1_b]" time="0.0008912086486816406"><system-out>setup for &lt;function case_datasetB at 0x7fc15d528b70&gt;
</system-out></testcase><testcase classname="pytest_cases.tests.cases.legacy.simple.test_so2" file="pytest_cases/tests/cases/legacy/simple/test_so2.py" line="45" name="test_data[data2_b]" time="0.0008561611175537109"><system-out>teardown for &lt;function case_datasetB at 0x7fc15d528b70&gt;
</system-out></testcase><testcase classname="pytest_cases.tests.cases.legacy.simple.test_so2" file="pytest_cases/tests/cases/legacy/simple/test_so2.py" line="45" name="test_data[data3_b]" time="0.0008299350738525391"></testcase><testcase classname="pytest_cases.tests.cases.legacy.simple.test_so2" file="pytest_cases/tests/cases/legacy/simple/test_so2.py" line="50" name="test_synthesis" time="0.0059621334075927734"></testcase><testcase classname="pytest_cases.tests.cases.others.test_glob_low_level" file="pytest_cases/tests/cases/others/test_glob_low_level.py" line="5" name="test_glob_low_level" time="0.0016789436340332031"></testcase><testcase classname="pytest_cases.tests.pytest_extension.doc.test_doc_fixture_graph" file="pytest_cases/tests/pytest_extension/doc/test_doc_fixture_graph.py" line="29" name="test_2[ie=-1-ia=0-i2=x]" time="0.001264810562133789"></testcase><testcase classname="pytest_cases.tests.pytest_extension.doc.test_doc_fixture_graph" file="pytest_cases/tests/pytest_extension/doc/test_doc_fixture_graph.py" line="29" name="test_2[ie=-1-ia=0-i2=z]" time="0.0012080669403076172"></testcase><testcase classname="pytest_cases.tests.pytest_extension.doc.test_doc_fixture_graph" file="pytest_cases/tests/pytest_extension/doc/test_doc_fixture_graph.py" line="29" name="test_2[ie=-1-ia=1-i2=x]" time="0.0012881755828857422"></testcase><testcase classname="pytest_cases.tests.pytest_extension.doc.test_doc_fixture_graph" file="pytest_cases/tests/pytest_extension/doc/test_doc_fixture_graph.py" line="29" name="test_2[ie=-1-ia=1-i2=z]" time="0.0011754035949707031"></testcase><testcase classname="pytest_cases.tests.pytest_extension.doc.test_doc_fixture_graph" file="pytest_cases/tests/pytest_extension/doc/test_doc_fixture_graph.py" line="29" name="test_2[ie=1-ia=0-i2=x]" time="0.0012111663818359375"></testcase><testcase classname="pytest_cases.tests.pytest_extension.doc.test_doc_fixture_graph" file="pytest_cases/tests/pytest_extension/doc/test_doc_fixture_graph.py" line="29" name="test_2[ie=1-ia=0-i2=z]" time="0.0012099742889404297"></testcase><testcase classname="pytest_cases.tests.pytest_extension.doc.test_doc_fixture_graph" file="pytest_cases/tests/pytest_extension/doc/test_doc_fixture_graph.py" line="29" name="test_2[ie=1-ia=1-i2=x]" time="0.0012154579162597656"></testcase><testcase classname="pytest_cases.tests.pytest_extension.doc.test_doc_fixture_graph" file="pytest_cases/tests/pytest_extension/doc/test_doc_fixture_graph.py" line="29" name="test_2[ie=1-ia=1-i2=z]" time="0.0015721321105957031"></testcase><testcase classname="pytest_cases.tests.pytest_extension.doc.test_doc_fixture_graph" file="pytest_cases/tests/pytest_extension/doc/test_doc_fixture_graph.py" line="40" name="test_1[ie=-1-ia=0-ib=x]" time="0.0015871524810791016"></testcase><testcase classname="pytest_cases.tests.pytest_extension.doc.test_doc_fixture_graph" file="pytest_cases/tests/pytest_extension/doc/test_doc_fixture_graph.py" line="40" name="test_1[ie=-1-ia=0-ib=z]" time="0.0006508827209472656"></testcase><testcase classname="pytest_cases.tests.pytest_extension.doc.test_doc_fixture_graph" file="pytest_cases/tests/pytest_extension/doc/test_doc_fixture_graph.py" line="40" name="test_1[ie=-1-ia=1-ib=x]" time="0.0012595653533935547"></testcase><testcase classname="pytest_cases.tests.pytest_extension.doc.test_doc_fixture_graph" file="pytest_cases/tests/pytest_extension/doc/test_doc_fixture_graph.py" line="40" name="test_1[ie=-1-ia=1-ib=z]" time="0.0013363361358642578"></testcase><testcase classname="pytest_cases.tests.pytest_extension.doc.test_doc_fixture_graph" file="pytest_cases/tests/pytest_extension/doc/test_doc_fixture_graph.py" line="40" name="test_1[ie=1-ia=0-ib=x]" time="0.0012390613555908203"></testcase><testcase classname="pytest_cases.tests.pytest_extension.doc.test_doc_fixture_graph" file="pytest_cases/tests/pytest_extension/doc/test_doc_fixture_graph.py" line="40" name="test_1[ie=1-ia=0-ib=z]" time="0.0011875629425048828"></testcase><testcase classname="pytest_cases.tests.pytest_extension.doc.test_doc_fixture_graph" file="pytest_cases/tests/pytest_extension/doc/test_doc_fixture_graph.py" line="40" name="test_1[ie=1-ia=1-ib=x]" time="0.0012156963348388672"></testcase><testcase classname="pytest_cases.tests.pytest_extension.doc.test_doc_fixture_graph" file="pytest_cases/tests/pytest_extension/doc/test_doc_fixture_graph.py" line="40" name="test_1[ie=1-ia=1-ib=z]" time="0.001308441162109375"></testcase><testcase classname="pytest_cases.tests.pytest_extension.doc.test_doc_fixture_graph_union" file="pytest_cases/tests/pytest_extension/doc/test_doc_fixture_graph_union.py" line="29" name="test_2[ie=-1-ia=0-i2=x]" time="0.0016257762908935547"></testcase><testcase classname="pytest_cases.tests.pytest_extension.doc.test_doc_fixture_graph_union" file="pytest_cases/tests/pytest_extension/doc/test_doc_fixture_graph_union.py" line="29" name="test_2[ie=-1-ia=0-i2=z]" time="0.0012097358703613281"></testcase><testcase classname="pytest_cases.tests.pytest_extension.doc.test_doc_fixture_graph_union" file="pytest_cases/tests/pytest_extension/doc/test_doc_fixture_graph_union.py" line="29" name="test_2[ie=-1-ia=1-i2=x]" time="0.001226663589477539"></testcase><testcase classname="pytest_cases.tests.pytest_extension.doc.test_doc_fixture_graph_union" file="pytest_cases/tests/pytest_extension/doc/test_doc_fixture_graph_union.py" line="29" name="test_2[ie=-1-ia=1-i2=z]" time="0.0012733936309814453"></testcase><testcase classname="pytest_cases.tests.pytest_extension.doc.test_doc_fixture_graph_union" file="pytest_cases/tests/pytest_extension/doc/test_doc_fixture_graph_union.py" line="29" name="test_2[ie=1-ia=0-i2=x]" time="0.0012362003326416016"></testcase><testcase classname="pytest_cases.tests.pytest_extension.doc.test_doc_fixture_graph_union" file="pytest_cases/tests/pytest_extension/doc/test_doc_fixture_graph_union.py" line="29" name="test_2[ie=1-ia=0-i2=z]" time="0.0012445449829101562"></testcase><testcase classname="pytest_cases.tests.pytest_extension.doc.test_doc_fixture_graph_union" file="pytest_cases/tests/pytest_extension/doc/test_doc_fixture_graph_union.py" line="29" name="test_2[ie=1-ia=1-i2=x]" time="0.0012445449829101562"></testcase><testcase classname="pytest_cases.tests.pytest_extension.doc.test_doc_fixture_graph_union" file="pytest_cases/tests/pytest_extension/doc/test_doc_fixture_graph_union.py" line="29" name="test_2[ie=1-ia=1-i2=z]" time="0.0012233257293701172"></testcase><testcase classname="pytest_cases.tests.pytest_extension.doc.test_doc_fixture_graph_union" file="pytest_cases/tests/pytest_extension/doc/test_doc_fixture_graph_union.py" line="51" name="test_1[ie=-1-/a-ia=0]" time="0.0015647411346435547"></testcase><testcase classname="pytest_cases.tests.pytest_extension.doc.test_doc_fixture_graph_union" file="pytest_cases/tests/pytest_extension/doc/test_doc_fixture_graph_union.py" line="51" name="test_1[ie=-1-/a-ia=1]" time="0.0014677047729492188"></testcase><testcase classname="pytest_cases.tests.pytest_extension.doc.test_doc_fixture_graph_union" file="pytest_cases/tests/pytest_extension/doc/test_doc_fixture_graph_union.py" line="51" name="test_1[ie=-1-/b-ib=x-a-ia=0]" time="0.0015647411346435547"></testcase><testcase classname="pytest_cases.tests.pytest_extension.doc.test_doc_fixture_graph_union" file="pytest_cases/tests/pytest_extension/doc/test_doc_fixture_graph_union.py" line="51" name="test_1[ie=-1-/b-ib=x-a-ia=1]" time="0.0015435218811035156"></testcase><testcase classname="pytest_cases.tests.pytest_extension.doc.test_doc_fixture_graph_union" file="pytest_cases/tests/pytest_extension/doc/test_doc_fixture_graph_union.py" line="51" name="test_1[ie=-1-/b-ib=x-c]" time="0.0015156269073486328"></testcase><testcase classname="pytest_cases.tests.pytest_extension.doc.test_doc_fixture_graph_union" file="pytest_cases/tests/pytest_extension/doc/test_doc_fixture_graph_union.py" line="51" name="test_1[ie=-1-/b-ib=z-a-ia=0]" time="0.001554727554321289"></testcase><testcase classname="pytest_cases.tests.pytest_extension.doc.test_doc_fixture_graph_union" file="pytest_cases/tests/pytest_extension/doc/test_doc_fixture_graph_union.py" line="51" name="test_1[ie=-1-/b-ib=z-a-ia=1]" time="0.0014753341674804688"></testcase><testcase classname="pytest_cases.tests.pytest_extension.doc.test_doc_fixture_graph_union" file="pytest_cases/tests/pytest_extension/doc/test_doc_fixture_graph_union.py" line="51" name="test_1[ie=-1-/b-ib=z-c]" time="0.0015685558319091797"></testcase><testcase classname="pytest_cases.tests.pytest_extension.doc.test_doc_fixture_graph_union" file="pytest_cases/tests/pytest_extension/doc/test_doc_fixture_graph_union.py" line="51" name="test_1[ie=1-/a-ia=0]" time="0.0015077590942382812"></testcase><testcase classname="pytest_cases.tests.pytest_extension.doc.test_doc_fixture_graph_union" file="pytest_cases/tests/pytest_extension/doc/test_doc_fixture_graph_union.py" line="51" name="test_1[ie=1-/a-ia=1]" time="0.0017437934875488281"></testcase><testcase classname="pytest_cases.tests.pytest_extension.doc.test_doc_fixture_graph_union" file="pytest_cases/tests/pytest_extension/doc/test_doc_fixture_graph_union.py" line="51" name="test_1[ie=1-/b-ib=x-a-ia=0]" time="0.0015139579772949219"></testcase><testcase classname="pytest_cases.tests.pytest_extension.doc.test_doc_fixture_graph_union" file="pytest_cases/tests/pytest_extension/doc/test_doc_fixture_graph_union.py" line="51" name="test_1[ie=1-/b-ib=x-a-ia=1]" time="0.0015361309051513672"></testcase><testcase classname="pytest_cases.tests.pytest_extension.doc.test_doc_fixture_graph_union" file="pytest_cases/tests/pytest_extension/doc/test_doc_fixture_graph_union.py" line="51" name="test_1[ie=1-/b-ib=x-c]" time="0.0015408992767333984"></testcase><testcase classname="pytest_cases.tests.pytest_extension.doc.test_doc_fixture_graph_union" file="pytest_cases/tests/pytest_extension/doc/test_doc_fixture_graph_union.py" line="51" name="test_1[ie=1-/b-ib=z-a-ia=0]" time="0.002591848373413086"></testcase><testcase classname="pytest_cases.tests.pytest_extension.doc.test_doc_fixture_graph_union" file="pytest_cases/tests/pytest_extension/doc/test_doc_fixture_graph_union.py" line="51" name="test_1[ie=1-/b-ib=z-a-ia=1]" time="0.0015673637390136719"></testcase><testcase classname="pytest_cases.tests.pytest_extension.doc.test_doc_fixture_graph_union" file="pytest_cases/tests/pytest_extension/doc/test_doc_fixture_graph_union.py" line="51" name="test_1[ie=1-/b-ib=z-c]" time="0.0015208721160888672"></testcase><testcase classname="pytest_cases.tests.pytest_extension.doc.test_doc_fixture_graph_union" file="pytest_cases/tests/pytest_extension/doc/test_doc_fixture_graph_union.py" line="57" name="test_closure[ie=-1]" time="0.0010673999786376953"></testcase><testcase classname="pytest_cases.tests.pytest_extension.doc.test_doc_fixture_graph_union" file="pytest_cases/tests/pytest_extension/doc/test_doc_fixture_graph_union.py" line="57" name="test_closure[ie=1]" time="0.0013513565063476562"></testcase><testcase classname="pytest_cases.tests.pytest_extension.doc.test_doc_fixture_graph_union_normal" file="pytest_cases/tests/pytest_extension/doc/test_doc_fixture_graph_union_normal.py" line="29" name="test_2[ie=-1-ia=0-i2=x]" time="0.0011928081512451172"></testcase><testcase classname="pytest_cases.tests.pytest_extension.doc.test_doc_fixture_graph_union_normal" file="pytest_cases/tests/pytest_extension/doc/test_doc_fixture_graph_union_normal.py" line="29" name="test_2[ie=-1-ia=0-i2=z]" time="0.001220703125"></testcase><testcase classname="pytest_cases.tests.pytest_extension.doc.test_doc_fixture_graph_union_normal" file="pytest_cases/tests/pytest_extension/doc/test_doc_fixture_graph_union_normal.py" line="29" name="test_2[ie=-1-ia=1-i2=x]" time="0.0011599063873291016"></testcase><testcase classname="pytest_cases.tests.pytest_extension.doc.test_doc_fixture_graph_union_normal" file="pytest_cases/tests/pytest_extension/doc/test_doc_fixture_graph_union_normal.py" line="29" name="test_2[ie=-1-ia=1-i2=z]" time="0.0011947154998779297"></testcase><testcase classname="pytest_cases.tests.pytest_extension.doc.test_doc_fixture_graph_union_normal" file="pytest_cases/tests/pytest_extension/doc/test_doc_fixture_graph_union_normal.py" line="29" name="test_2[ie=1-ia=0-i2=x]" time="0.0014834403991699219"></testcase><testcase classname="pytest_cases.tests.pytest_extension.doc.test_doc_fixture_graph_union_normal" file="pytest_cases/tests/pytest_extension/doc/test_doc_fixture_graph_union_normal.py" line="29" name="test_2[ie=1-ia=0-i2=z]" time="0.0012373924255371094"></testcase><testcase classname="pytest_cases.tests.pytest_extension.doc.test_doc_fixture_graph_union_normal" file="pytest_cases/tests/pytest_extension/doc/test_doc_fixture_graph_union_normal.py" line="29" name="test_2[ie=1-ia=1-i2=x]" time="0.0012204647064208984"></testcase><testcase classname="pytest_cases.tests.pytest_extension.doc.test_doc_fixture_graph_union_normal" file="pytest_cases/tests/pytest_extension/doc/test_doc_fixture_graph_union_normal.py" line="29" name="test_2[ie=1-ia=1-i2=z]" time="0.001224517822265625"></testcase><testcase classname="pytest_cases.tests.pytest_extension.doc.test_doc_fixture_graph_union_normal" file="pytest_cases/tests/pytest_extension/doc/test_doc_fixture_graph_union_normal.py" line="40" name="test_1[ie=-1-ia=0-ib=x]" time="0.0017085075378417969"></testcase><testcase classname="pytest_cases.tests.pytest_extension.doc.test_doc_fixture_graph_union_normal" file="pytest_cases/tests/pytest_extension/doc/test_doc_fixture_graph_union_normal.py" line="40" name="test_1[ie=-1-ia=0-ib=z]" time="0.0012767314910888672"></testcase><testcase classname="pytest_cases.tests.pytest_extension.doc.test_doc_fixture_graph_union_normal" file="pytest_cases/tests/pytest_extension/doc/test_doc_fixture_graph_union_normal.py" line="40" name="test_1[ie=-1-ia=1-ib=x]" time="0.0012598037719726562"></testcase><testcase classname="pytest_cases.tests.pytest_extension.doc.test_doc_fixture_graph_union_normal" file="pytest_cases/tests/pytest_extension/doc/test_doc_fixture_graph_union_normal.py" line="40" name="test_1[ie=-1-ia=1-ib=z]" time="0.0012629032135009766"></testcase><testcase classname="pytest_cases.tests.pytest_extension.doc.test_doc_fixture_graph_union_normal" file="pytest_cases/tests/pytest_extension/doc/test_doc_fixture_graph_union_normal.py" line="40" name="test_1[ie=1-ia=0-ib=x]" time="0.0013086795806884766"></testcase><testcase classname="pytest_cases.tests.pytest_extension.doc.test_doc_fixture_graph_union_normal" file="pytest_cases/tests/pytest_extension/doc/test_doc_fixture_graph_union_normal.py" line="40" name="test_1[ie=1-ia=0-ib=z]" time="0.0012633800506591797"></testcase><testcase classname="pytest_cases.tests.pytest_extension.doc.test_doc_fixture_graph_union_normal" file="pytest_cases/tests/pytest_extension/doc/test_doc_fixture_graph_union_normal.py" line="40" name="test_1[ie=1-ia=1-ib=x]" time="0.0012431144714355469"></testcase><testcase classname="pytest_cases.tests.pytest_extension.doc.test_doc_fixture_graph_union_normal" file="pytest_cases/tests/pytest_extension/doc/test_doc_fixture_graph_union_normal.py" line="40" name="test_1[ie=1-ia=1-ib=z]" time="0.00127410888671875"></testcase><testcase classname="pytest_cases.tests.pytest_extension.doc.test_doc_fixture_graph_union_normal" file="pytest_cases/tests/pytest_extension/doc/test_doc_fixture_graph_union_normal.py" line="46" name="test_synthesis_1[-1]" time="0.006792783737182617"></testcase><testcase classname="pytest_cases.tests.pytest_extension.doc.test_doc_fixture_graph_union_union" file="pytest_cases/tests/pytest_extension/doc/test_doc_fixture_graph_union_union.py" line="29" name="test_2[ie=-1-ia=0-i2=x]" time="0.0012743473052978516"></testcase><testcase classname="pytest_cases.tests.pytest_extension.doc.test_doc_fixture_graph_union_union" file="pytest_cases/tests/pytest_extension/doc/test_doc_fixture_graph_union_union.py" line="29" name="test_2[ie=-1-ia=0-i2=z]" time="0.0012345314025878906"></testcase><testcase classname="pytest_cases.tests.pytest_extension.doc.test_doc_fixture_graph_union_union" file="pytest_cases/tests/pytest_extension/doc/test_doc_fixture_graph_union_union.py" line="29" name="test_2[ie=-1-ia=1-i2=x]" time="0.0012257099151611328"></testcase><testcase classname="pytest_cases.tests.pytest_extension.doc.test_doc_fixture_graph_union_union" file="pytest_cases/tests/pytest_extension/doc/test_doc_fixture_graph_union_union.py" line="29" name="test_2[ie=-1-ia=1-i2=z]" time="0.0011849403381347656"></testcase><testcase classname="pytest_cases.tests.pytest_extension.doc.test_doc_fixture_graph_union_union" file="pytest_cases/tests/pytest_extension/doc/test_doc_fixture_graph_union_union.py" line="29" name="test_2[ie=1-ia=0-i2=x]" time="0.0015957355499267578"></testcase><testcase classname="pytest_cases.tests.pytest_extension.doc.test_doc_fixture_graph_union_union" file="pytest_cases/tests/pytest_extension/doc/test_doc_fixture_graph_union_union.py" line="29" name="test_2[ie=1-ia=0-i2=z]" time="0.0012211799621582031"></testcase><testcase classname="pytest_cases.tests.pytest_extension.doc.test_doc_fixture_graph_union_union" file="pytest_cases/tests/pytest_extension/doc/test_doc_fixture_graph_union_union.py" line="29" name="test_2[ie=1-ia=1-i2=x]" time="0.001247406005859375"></testcase><testcase classname="pytest_cases.tests.pytest_extension.doc.test_doc_fixture_graph_union_union" file="pytest_cases/tests/pytest_extension/doc/test_doc_fixture_graph_union_union.py" line="29" name="test_2[ie=1-ia=1-i2=z]" time="0.001214742660522461"></testcase><testcase classname="pytest_cases.tests.pytest_extension.doc.test_doc_fixture_graph_union_union" file="pytest_cases/tests/pytest_extension/doc/test_doc_fixture_graph_union_union.py" line="50" name="test_1[ie=-1-u/a-ia=0]" time="0.0019040107727050781"></testcase><testcase classname="pytest_cases.tests.pytest_extension.doc.test_doc_fixture_graph_union_union" file="pytest_cases/tests/pytest_extension/doc/test_doc_fixture_graph_union_union.py" line="50" name="test_1[ie=-1-u/a-ia=1]" time="0.0015141963958740234"></testcase><testcase classname="pytest_cases.tests.pytest_extension.doc.test_doc_fixture_graph_union_union" file="pytest_cases/tests/pytest_extension/doc/test_doc_fixture_graph_union_union.py" line="50" name="test_1[ie=-1-u/b-ib=x-ub/a-ia=0]" time="0.0015442371368408203"></testcase><testcase classname="pytest_cases.tests.pytest_extension.doc.test_doc_fixture_graph_union_union" file="pytest_cases/tests/pytest_extension/doc/test_doc_fixture_graph_union_union.py" line="50" name="test_1[ie=-1-u/b-ib=x-ub/a-ia=1]" time="0.0015838146209716797"></testcase><testcase classname="pytest_cases.tests.pytest_extension.doc.test_doc_fixture_graph_union_union" file="pytest_cases/tests/pytest_extension/doc/test_doc_fixture_graph_union_union.py" line="50" name="test_1[ie=-1-u/b-ib=x-ub/c]" time="0.001542806625366211"></testcase><testcase classname="pytest_cases.tests.pytest_extension.doc.test_doc_fixture_graph_union_union" file="pytest_cases/tests/pytest_extension/doc/test_doc_fixture_graph_union_union.py" line="50" name="test_1[ie=-1-u/b-ib=z-ub/a-ia=0]" time="0.0014710426330566406"></testcase><testcase classname="pytest_cases.tests.pytest_extension.doc.test_doc_fixture_graph_union_union" file="pytest_cases/tests/pytest_extension/doc/test_doc_fixture_graph_union_union.py" line="50" name="test_1[ie=-1-u/b-ib=z-ub/a-ia=1]" time="0.0015761852264404297"></testcase><testcase classname="pytest_cases.tests.pytest_extension.doc.test_doc_fixture_graph_union_union" file="pytest_cases/tests/pytest_extension/doc/test_doc_fixture_graph_union_union.py" line="50" name="test_1[ie=-1-u/b-ib=z-ub/c]" time="0.0014691352844238281"></testcase><testcase classname="pytest_cases.tests.pytest_extension.doc.test_doc_fixture_graph_union_union" file="pytest_cases/tests/pytest_extension/doc/test_doc_fixture_graph_union_union.py" line="50" name="test_1[ie=1-u/a-ia=0]" time="0.0018453598022460938"></testcase><testcase classname="pytest_cases.tests.pytest_extension.doc.test_doc_fixture_graph_union_union" file="pytest_cases/tests/pytest_extension/doc/test_doc_fixture_graph_union_union.py" line="50" name="test_1[ie=1-u/a-ia=1]" time="0.0014297962188720703"></testcase><testcase classname="pytest_cases.tests.pytest_extension.doc.test_doc_fixture_graph_union_union" file="pytest_cases/tests/pytest_extension/doc/test_doc_fixture_graph_union_union.py" line="50" name="test_1[ie=1-u/b-ib=x-ub/a-ia=0]" time="0.0015490055084228516"></testcase><testcase classname="pytest_cases.tests.pytest_extension.doc.test_doc_fixture_graph_union_union" file="pytest_cases/tests/pytest_extension/doc/test_doc_fixture_graph_union_union.py" line="50" name="test_1[ie=1-u/b-ib=x-ub/a-ia=1]" time="0.0017328262329101562"></testcase><testcase classname="pytest_cases.tests.pytest_extension.doc.test_doc_fixture_graph_union_union" file="pytest_cases/tests/pytest_extension/doc/test_doc_fixture_graph_union_union.py" line="50" name="test_1[ie=1-u/b-ib=x-ub/c]" time="0.001512289047241211"></testcase><testcase classname="pytest_cases.tests.pytest_extension.doc.test_doc_fixture_graph_union_union" file="pytest_cases/tests/pytest_extension/doc/test_doc_fixture_graph_union_union.py" line="50" name="test_1[ie=1-u/b-ib=z-ub/a-ia=0]" time="0.0015480518341064453"></testcase><testcase classname="pytest_cases.tests.pytest_extension.doc.test_doc_fixture_graph_union_union" file="pytest_cases/tests/pytest_extension/doc/test_doc_fixture_graph_union_union.py" line="50" name="test_1[ie=1-u/b-ib=z-ub/a-ia=1]" time="0.0013964176177978516"></testcase><testcase classname="pytest_cases.tests.pytest_extension.doc.test_doc_fixture_graph_union_union" file="pytest_cases/tests/pytest_extension/doc/test_doc_fixture_graph_union_union.py" line="50" name="test_1[ie=1-u/b-ib=z-ub/c]" time="0.0014901161193847656"></testcase><testcase classname="pytest_cases.tests.pytest_extension.doc.test_doc_fixture_graph_union_union" file="pytest_cases/tests/pytest_extension/doc/test_doc_fixture_graph_union_union.py" line="54" name="test_synthesis_1[-1]" time="0.008723735809326172"></testcase><testcase classname="pytest_cases.tests.pytest_extension.doc.test_doc_parametrize" file="pytest_cases/tests/pytest_extension/doc/test_doc_parametrize.py" line="24" name="test_prints[nothing-?]" time="0.0016543865203857422"><system-out>nothing?
</system-out></testcase><testcase classname="pytest_cases.tests.pytest_extension.doc.test_doc_parametrize" file="pytest_cases/tests/pytest_extension/doc/test_doc_parametrize.py" line="24" name="test_prints[nothing-!]" time="0.0015921592712402344"><system-out>nothing!
</system-out></testcase><testcase classname="pytest_cases.tests.pytest_extension.doc.test_doc_parametrize" file="pytest_cases/tests/pytest_extension/doc/test_doc_parametrize.py" line="24" name="test_prints[world_str-?]" time="0.001577615737915039"><system-out>world?
</system-out></testcase><testcase classname="pytest_cases.tests.pytest_extension.doc.test_doc_parametrize" file="pytest_cases/tests/pytest_extension/doc/test_doc_parametrize.py" line="24" name="test_prints[world_str-!]" time="0.002458333969116211"><system-out>world!
</system-out></testcase><testcase classname="pytest_cases.tests.pytest_extension.doc.test_doc_parametrize" file="pytest_cases/tests/pytest_extension/doc/test_doc_parametrize.py" line="24" name="test_prints[whatfun-?]" time="0.0015594959259033203"><system-out>what?
</system-out></testcase><testcase classname="pytest_cases.tests.pytest_extension.doc.test_doc_parametrize" file="pytest_cases/tests/pytest_extension/doc/test_doc_parametrize.py" line="24" name="test_prints[whatfun-!]" time="0.0015668869018554688"><system-out>what!
</system-out></testcase><testcase classname="pytest_cases.tests.pytest_extension.doc.test_doc_parametrize" file="pytest_cases/tests/pytest_extension/doc/test_doc_parametrize.py" line="24" name="test_prints[1-?]" time="0.0015773773193359375"><system-out>1?
</system-out></testcase><testcase classname="pytest_cases.tests.pytest_extension.doc.test_doc_parametrize" file="pytest_cases/tests/pytest_extension/doc/test_doc_parametrize.py" line="24" name="test_prints[1-!]" time="0.0019788742065429688"><system-out>1!
</system-out></testcase><testcase classname="pytest_cases.tests.pytest_extension.doc.test_doc_parametrize" file="pytest_cases/tests/pytest_extension/doc/test_doc_parametrize.py" line="24" name="test_prints[greetings-world_str-?]" time="0.001547098159790039"><system-out>hello world?
</system-out></testcase><testcase classname="pytest_cases.tests.pytest_extension.doc.test_doc_parametrize" file="pytest_cases/tests/pytest_extension/doc/test_doc_parametrize.py" line="24" name="test_prints[greetings-world_str-!]" time="0.0018856525421142578"><system-out>hello world!
</system-out></testcase><testcase classname="pytest_cases.tests.pytest_extension.doc.test_doc_parametrize" file="pytest_cases/tests/pytest_extension/doc/test_doc_parametrize.py" line="24" name="test_prints[greetings-you-?]" time="0.003081798553466797"><system-out>hello you?
</system-out></testcase><testcase classname="pytest_cases.tests.pytest_extension.doc.test_doc_parametrize" file="pytest_cases/tests/pytest_extension/doc/test_doc_parametrize.py" line="24" name="test_prints[greetings-you-!]" time="0.0007975101470947266"><system-out>hello you!
</system-out></testcase><testcase classname="pytest_cases.tests.pytest_extension.doc.test_doc_parametrize" file="pytest_cases/tests/pytest_extension/doc/test_doc_parametrize.py" line="34" name="test_synthesis" time="0.004259824752807617"></testcase><testcase classname="pytest_cases.tests.pytest_extension.doc.test_doc_parametrize_customids" file="pytest_cases/tests/pytest_extension/doc/test_doc_parametrize_customids.py" line="24" name="test_prints[main_msg/nothing-?]" time="0.0016429424285888672"><system-out>nothing?
</system-out></testcase><testcase classname="pytest_cases.tests.pytest_extension.doc.test_doc_parametrize_customids" file="pytest_cases/tests/pytest_extension/doc/test_doc_parametrize_customids.py" line="24" name="test_prints[main_msg/nothing-!]" time="0.0019297599792480469"><system-out>nothing!
</system-out></testcase><testcase classname="pytest_cases.tests.pytest_extension.doc.test_doc_parametrize_customids" file="pytest_cases/tests/pytest_extension/doc/test_doc_parametrize_customids.py" line="24" name="test_prints[main_msg/world_str-?]" time="0.0016052722930908203"><system-out>world?
</system-out></testcase><testcase classname="pytest_cases.tests.pytest_extension.doc.test_doc_parametrize_customids" file="pytest_cases/tests/pytest_extension/doc/test_doc_parametrize_customids.py" line="24" name="test_prints[main_msg/world_str-!]" time="0.0014841556549072266"><system-out>world!
</system-out></testcase><testcase classname="pytest_cases.tests.pytest_extension.doc.test_doc_parametrize_customids" file="pytest_cases/tests/pytest_extension/doc/test_doc_parametrize_customids.py" line="24" name="test_prints[main_msg/P2:4-whatfun-?]" time="0.001966714859008789"><system-out>what?
</system-out></testcase><testcase classname="pytest_cases.tests.pytest_extension.doc.test_doc_parametrize_customids" file="pytest_cases/tests/pytest_extension/doc/test_doc_parametrize_customids.py" line="24" name="test_prints[main_msg/P2:4-whatfun-!]" time="0.0016105175018310547"><system-out>what!
</system-out></testcase><testcase classname="pytest_cases.tests.pytest_extension.doc.test_doc_parametrize_customids" file="pytest_cases/tests/pytest_extension/doc/test_doc_parametrize_customids.py" line="24" name="test_prints[main_msg/P2:4-1-?]" time="0.0016074180603027344"><system-out>1?
</system-out></testcase><testcase classname="pytest_cases.tests.pytest_extension.doc.test_doc_parametrize_customids" file="pytest_cases/tests/pytest_extension/doc/test_doc_parametrize_customids.py" line="24" name="test_prints[main_msg/P2:4-1-!]" time="0.0015666484832763672"><system-out>1!
</system-out></testcase><testcase classname="pytest_cases.tests.pytest_extension.doc.test_doc_parametrize_customids" file="pytest_cases/tests/pytest_extension/doc/test_doc_parametrize_customids.py" line="24" name="test_prints[main_msg/greetings-world_str-?]" time="0.0016121864318847656"><system-out>hello world?
</system-out></testcase><testcase classname="pytest_cases.tests.pytest_extension.doc.test_doc_parametrize_customids" file="pytest_cases/tests/pytest_extension/doc/test_doc_parametrize_customids.py" line="24" name="test_prints[main_msg/greetings-world_str-!]" time="0.0015821456909179688"><system-out>hello world!
</system-out></testcase><testcase classname="pytest_cases.tests.pytest_extension.doc.test_doc_parametrize_customids" file="pytest_cases/tests/pytest_extension/doc/test_doc_parametrize_customids.py" line="24" name="test_prints[main_msg/greetings-you-?]" time="0.001588582992553711"><system-out>hello you?
</system-out></testcase><testcase classname="pytest_cases.tests.pytest_extension.doc.test_doc_parametrize_customids" file="pytest_cases/tests/pytest_extension/doc/test_doc_parametrize_customids.py" line="24" name="test_prints[main_msg/greetings-you-!]" time="0.0016415119171142578"><system-out>hello you!
</system-out></testcase><testcase classname="pytest_cases.tests.pytest_extension.fixtures.test_hook" file="pytest_cases/tests/pytest_extension/fixtures/test_hook.py" line="32" name="test_a[u-/o-3-4]" time="0.0021920204162597656"></testcase><testcase classname="pytest_cases.tests.pytest_extension.fixtures.test_hook" file="pytest_cases/tests/pytest_extension/fixtures/test_hook.py" line="32" name="test_a[u-/p-3-4]" time="0.001626729965209961"></testcase><testcase classname="pytest_cases.tests.pytest_extension.fixtures.test_hook" file="pytest_cases/tests/pytest_extension/fixtures/test_hook.py" line="32" name="test_a[p1-1-3-4]" time="0.0016753673553466797"></testcase><testcase classname="pytest_cases.tests.pytest_extension.fixtures.test_hook" file="pytest_cases/tests/pytest_extension/fixtures/test_hook.py" line="32" name="test_a[p1-2-3-4]" time="0.0017516613006591797"></testcase><testcase classname="pytest_cases.tests.pytest_extension.fixtures.test_hook" file="pytest_cases/tests/pytest_extension/fixtures/test_hook.py" line="38" name="test_synthesis" time="0.006089925765991211"></testcase><testcase classname="pytest_cases.tests.pytest_extension.fixtures.test_issue_github_54" file="pytest_cases/tests/pytest_extension/fixtures/test_issue_github_54.py" line="15" name="test_invalid_argvalues" time="0.0008156299591064453"></testcase><testcase classname="pytest_cases.tests.pytest_extension.fixtures.test_so3" file="pytest_cases/tests/pytest_extension/fixtures/test_so3.py" line="12" name="test_stuff" time="0.0010082721710205078"></testcase><testcase classname="pytest_cases.tests.pytest_extension.fixtures.fixture_plus_and_others.test_fixture_unpacking" file="pytest_cases/tests/pytest_extension/fixtures/fixture_plus_and_others/test_fixture_unpacking.py" line="17" name="test_function[hello]" time="0.0010347366333007812"></testcase><testcase classname="pytest_cases.tests.pytest_extension.fixtures.fixture_plus_and_others.test_fixture_unpacking" file="pytest_cases/tests/pytest_extension/fixtures/fixture_plus_and_others/test_fixture_unpacking.py" line="17" name="test_function[world]" time="0.0010437965393066406"></testcase><testcase classname="pytest_cases.tests.pytest_extension.fixtures.fixture_plus_and_others.test_fixture_unpacking" file="pytest_cases/tests/pytest_extension/fixtures/fixture_plus_and_others/test_fixture_unpacking.py" line="21" name="test_synthesis" time="0.005453348159790039"></testcase><testcase classname="pytest_cases.tests.pytest_extension.fixtures.fixture_plus_and_others.test_fixture_unpacking2" file="pytest_cases/tests/pytest_extension/fixtures/fixture_plus_and_others/test_fixture_unpacking2.py" line="14" name="test_function[hello]" time="0.0010318756103515625"></testcase><testcase classname="pytest_cases.tests.pytest_extension.fixtures.fixture_plus_and_others.test_fixture_unpacking2" file="pytest_cases/tests/pytest_extension/fixtures/fixture_plus_and_others/test_fixture_unpacking2.py" line="14" name="test_function[world]" time="0.0009675025939941406"></testcase><testcase classname="pytest_cases.tests.pytest_extension.fixtures.fixture_plus_and_others.test_fixture_unpacking2" file="pytest_cases/tests/pytest_extension/fixtures/fixture_plus_and_others/test_fixture_unpacking2.py" line="28" name="test_function2[/root1-hello]" time="0.0012295246124267578"></testcase><testcase classname="pytest_cases.tests.pytest_extension.fixtures.fixture_plus_and_others.test_fixture_unpacking2" file="pytest_cases/tests/pytest_extension/fixtures/fixture_plus_and_others/test_fixture_unpacking2.py" line="28" name="test_function2[/root1-world]" time="0.0012736320495605469"></testcase><testcase classname="pytest_cases.tests.pytest_extension.fixtures.fixture_plus_and_others.test_fixture_unpacking2" file="pytest_cases/tests/pytest_extension/fixtures/fixture_plus_and_others/test_fixture_unpacking2.py" line="28" name="test_function2[/root2-yeepee]" time="0.0012257099151611328"></testcase><testcase classname="pytest_cases.tests.pytest_extension.fixtures.fixture_plus_and_others.test_fixture_unpacking2" file="pytest_cases/tests/pytest_extension/fixtures/fixture_plus_and_others/test_fixture_unpacking2.py" line="28" name="test_function2[/root2-yay]" time="0.0012874603271484375"></testcase><testcase classname="pytest_cases.tests.pytest_extension.fixtures.fixture_plus_and_others.test_fixture_unpacking2" file="pytest_cases/tests/pytest_extension/fixtures/fixture_plus_and_others/test_fixture_unpacking2.py" line="33" name="test_synthesis" time="0.005287885665893555"></testcase><testcase classname="pytest_cases.tests.pytest_extension.fixtures.fixture_plus_and_others.test_fixtures_parametrize" file="pytest_cases/tests/pytest_extension/fixtures/fixture_plus_and_others/test_fixtures_parametrize.py" line="18" name="test_one[one-one]" time="0.0009534358978271484"><system-out>(&apos;one&apos;, &apos;one&apos;)
</system-out></testcase><testcase classname="pytest_cases.tests.pytest_extension.fixtures.fixture_plus_and_others.test_fixtures_parametrize" file="pytest_cases/tests/pytest_extension/fixtures/fixture_plus_and_others/test_fixtures_parametrize.py" line="18" name="test_one[one-two]" time="0.0011849403381347656"><system-out>(&apos;two&apos;, &apos;one&apos;)
</system-out></testcase><testcase classname="pytest_cases.tests.pytest_extension.fixtures.fixture_plus_and_others.test_fixtures_parametrize" file="pytest_cases/tests/pytest_extension/fixtures/fixture_plus_and_others/test_fixtures_parametrize.py" line="18" name="test_one[two-one]" time="0.0008418560028076172"><system-out>(&apos;one&apos;, &apos;two&apos;)
</system-out></testcase><testcase classname="pytest_cases.tests.pytest_extension.fixtures.fixture_plus_and_others.test_fixtures_parametrize" file="pytest_cases/tests/pytest_extension/fixtures/fixture_plus_and_others/test_fixtures_parametrize.py" line="18" name="test_one[two-two]" time="0.0008611679077148438"><system-out>(&apos;two&apos;, &apos;two&apos;)
</system-out></testcase><testcase classname="pytest_cases.tests.pytest_extension.fixtures.fixture_plus_and_others.test_fixtures_parametrize" file="pytest_cases/tests/pytest_extension/fixtures/fixture_plus_and_others/test_fixtures_parametrize.py" line="24" name="test_synthesis" time="0.005261659622192383"></testcase><testcase classname="pytest_cases.tests.pytest_extension.fixtures.fixture_plus_and_others.test_fixtures_parametrize" file="pytest_cases/tests/pytest_extension/fixtures/fixture_plus_and_others/test_fixtures_parametrize.py" line="40" name="test_warning_pytest2" time="0.0008645057678222656"></testcase><testcase classname="pytest_cases.tests.pytest_extension.fixtures.fixture_plus_and_others.test_fixtures_parametrize_stereo" file="pytest_cases/tests/pytest_extension/fixtures/fixture_plus_and_others/test_fixtures_parametrize_stereo.py" line="59" name="test_stereo_two_parametrizers[list-stereo 1.wav]" time="0.0008018016815185547"></testcase><testcase classname="pytest_cases.tests.pytest_extension.fixtures.fixture_plus_and_others.test_fixtures_parametrize_stereo" file="pytest_cases/tests/pytest_extension/fixtures/fixture_plus_and_others/test_fixtures_parametrize_stereo.py" line="59" name="test_stereo_two_parametrizers[list-stereo 2.wav]" time="0.0008344650268554688"></testcase><testcase classname="pytest_cases.tests.pytest_extension.fixtures.fixture_plus_and_others.test_fixtures_parametrize_stereo" file="pytest_cases/tests/pytest_extension/fixtures/fixture_plus_and_others/test_fixtures_parametrize_stereo.py" line="59" name="test_stereo_two_parametrizers[dict-stereo 1.wav]" time="0.0008523464202880859"></testcase><testcase classname="pytest_cases.tests.pytest_extension.fixtures.fixture_plus_and_others.test_fixtures_parametrize_stereo" file="pytest_cases/tests/pytest_extension/fixtures/fixture_plus_and_others/test_fixtures_parametrize_stereo.py" line="59" name="test_stereo_two_parametrizers[dict-stereo 2.wav]" time="0.0008051395416259766"></testcase><testcase classname="pytest_cases.tests.pytest_extension.fixtures.fixture_plus_and_others.test_fixtures_parametrize_stereo" file="pytest_cases/tests/pytest_extension/fixtures/fixture_plus_and_others/test_fixtures_parametrize_stereo.py" line="72" name="test_reference_test[list-stereo 1.wav]" time="0.0003910064697265625"><skipped message="with old versions of pytest pytest-cases cannot fix the parametrization order." type="pytest.skip">pytest_cases/tests/pytest_extension/fixtures/fixture_plus_and_others/test_fixtures_parametrize_stereo.py:72: &lt;py._xmlgen.raw object at 0x7fc15cff9ba8&gt;</skipped></testcase><testcase classname="pytest_cases.tests.pytest_extension.fixtures.fixture_plus_and_others.test_fixtures_parametrize_stereo" file="pytest_cases/tests/pytest_extension/fixtures/fixture_plus_and_others/test_fixtures_parametrize_stereo.py" line="72" name="test_reference_test[list-stereo 2.wav]" time="0.00034332275390625"><skipped message="with old versions of pytest pytest-cases cannot fix the parametrization order." type="pytest.skip">pytest_cases/tests/pytest_extension/fixtures/fixture_plus_and_others/test_fixtures_parametrize_stereo.py:72: &lt;py._xmlgen.raw object at 0x7fc15cff0048&gt;</skipped></testcase><testcase classname="pytest_cases.tests.pytest_extension.fixtures.fixture_plus_and_others.test_fixtures_parametrize_stereo" file="pytest_cases/tests/pytest_extension/fixtures/fixture_plus_and_others/test_fixtures_parametrize_stereo.py" line="72" name="test_reference_test[dict-stereo 1.wav]" time="0.0003864765167236328"><skipped message="with old versions of pytest pytest-cases cannot fix the parametrization order." type="pytest.skip">pytest_cases/tests/pytest_extension/fixtures/fixture_plus_and_others/test_fixtures_parametrize_stereo.py:72: &lt;py._xmlgen.raw object at 0x7fc15cfe14a8&gt;</skipped></testcase><testcase classname="pytest_cases.tests.pytest_extension.fixtures.fixture_plus_and_others.test_fixtures_parametrize_stereo" file="pytest_cases/tests/pytest_extension/fixtures/fixture_plus_and_others/test_fixtures_parametrize_stereo.py" line="72" name="test_reference_test[dict-stereo 2.wav]" time="0.00035119056701660156"><skipped message="with old versions of pytest pytest-cases cannot fix the parametrization order." type="pytest.skip">pytest_cases/tests/pytest_extension/fixtures/fixture_plus_and_others/test_fixtures_parametrize_stereo.py:72: &lt;py._xmlgen.raw object at 0x7fc15cff90b8&gt;</skipped></testcase><testcase classname="pytest_cases.tests.pytest_extension.fixtures.fixture_plus_and_others.test_fixtures_parametrize_stereo" file="pytest_cases/tests/pytest_extension/fixtures/fixture_plus_and_others/test_fixtures_parametrize_stereo.py" line="109" name="test_stereo_one_global_parametrizer[list-stereo 1.wav]" time="0.001190185546875"></testcase><testcase classname="pytest_cases.tests.pytest_extension.fixtures.fixture_plus_and_others.test_fixtures_parametrize_stereo" file="pytest_cases/tests/pytest_extension/fixtures/fixture_plus_and_others/test_fixtures_parametrize_stereo.py" line="109" name="test_stereo_one_global_parametrizer[list-stereo 2.wav]" time="0.0008509159088134766"></testcase><testcase classname="pytest_cases.tests.pytest_extension.fixtures.fixture_plus_and_others.test_fixtures_parametrize_stereo" file="pytest_cases/tests/pytest_extension/fixtures/fixture_plus_and_others/test_fixtures_parametrize_stereo.py" line="109" name="test_stereo_one_global_parametrizer[dict-stereo 1.wav]" time="0.0008347034454345703"></testcase><testcase classname="pytest_cases.tests.pytest_extension.fixtures.fixture_plus_and_others.test_fixtures_parametrize_stereo" file="pytest_cases/tests/pytest_extension/fixtures/fixture_plus_and_others/test_fixtures_parametrize_stereo.py" line="109" name="test_stereo_one_global_parametrizer[dict-stereo 2.wav]" time="0.0008885860443115234"></testcase><testcase classname="pytest_cases.tests.pytest_extension.fixtures.fixture_plus_and_others.test_fixtures_paramfixtures" file="pytest_cases/tests/pytest_extension/fixtures/fixture_plus_and_others/test_fixtures_paramfixtures.py" line="28" name="test_uses_param[1-3]" time="0.0009708404541015625"></testcase><testcase classname="pytest_cases.tests.pytest_extension.fixtures.fixture_plus_and_others.test_fixtures_paramfixtures" file="pytest_cases/tests/pytest_extension/fixtures/fixture_plus_and_others/test_fixtures_paramfixtures.py" line="28" name="test_uses_param[1-4]" time="0.001260519027709961"></testcase><testcase classname="pytest_cases.tests.pytest_extension.fixtures.fixture_plus_and_others.test_fixtures_paramfixtures" file="pytest_cases/tests/pytest_extension/fixtures/fixture_plus_and_others/test_fixtures_paramfixtures.py" line="28" name="test_uses_param[2-3]" time="0.0008594989776611328"></testcase><testcase classname="pytest_cases.tests.pytest_extension.fixtures.fixture_plus_and_others.test_fixtures_paramfixtures" file="pytest_cases/tests/pytest_extension/fixtures/fixture_plus_and_others/test_fixtures_paramfixtures.py" line="28" name="test_uses_param[2-4]" time="0.0009338855743408203"></testcase><testcase classname="pytest_cases.tests.pytest_extension.fixtures.fixture_plus_and_others.test_fixtures_paramfixtures" file="pytest_cases/tests/pytest_extension/fixtures/fixture_plus_and_others/test_fixtures_paramfixtures.py" line="46" name="test_uses_param2[1-2-5]" time="0.0012764930725097656"></testcase><testcase classname="pytest_cases.tests.pytest_extension.fixtures.fixture_plus_and_others.test_fixtures_paramfixtures" file="pytest_cases/tests/pytest_extension/fixtures/fixture_plus_and_others/test_fixtures_paramfixtures.py" line="46" name="test_uses_param2[1-2-6]" time="0.0012335777282714844"></testcase><testcase classname="pytest_cases.tests.pytest_extension.fixtures.fixture_plus_and_others.test_fixtures_paramfixtures" file="pytest_cases/tests/pytest_extension/fixtures/fixture_plus_and_others/test_fixtures_paramfixtures.py" line="46" name="test_uses_param2[3-4-5]" time="0.001514434814453125"></testcase><testcase classname="pytest_cases.tests.pytest_extension.fixtures.fixture_plus_and_others.test_fixtures_paramfixtures" file="pytest_cases/tests/pytest_extension/fixtures/fixture_plus_and_others/test_fixtures_paramfixtures.py" line="46" name="test_uses_param2[3-4-6]" time="0.0012083053588867188"></testcase><testcase classname="pytest_cases.tests.pytest_extension.fixtures.fixture_plus_and_others.test_fixtures_paramfixtures" file="pytest_cases/tests/pytest_extension/fixtures/fixture_plus_and_others/test_fixtures_paramfixtures.py" line="68" name="test_custom_parameters[1-2-a-b-10-20]" time="0.0013799667358398438"></testcase><testcase classname="pytest_cases.tests.pytest_extension.fixtures.fixture_plus_and_others.test_fixtures_paramfixtures" file="pytest_cases/tests/pytest_extension/fixtures/fixture_plus_and_others/test_fixtures_paramfixtures.py" line="68" name="test_custom_parameters[1-2-a-b-30-40]" time="0.001434326171875"></testcase><testcase classname="pytest_cases.tests.pytest_extension.fixtures.fixture_plus_and_others.test_fixtures_paramfixtures" file="pytest_cases/tests/pytest_extension/fixtures/fixture_plus_and_others/test_fixtures_paramfixtures.py" line="68" name="test_custom_parameters[1-2-c-d-10-20]" time="0.001369476318359375"></testcase><testcase classname="pytest_cases.tests.pytest_extension.fixtures.fixture_plus_and_others.test_fixtures_paramfixtures" file="pytest_cases/tests/pytest_extension/fixtures/fixture_plus_and_others/test_fixtures_paramfixtures.py" line="68" name="test_custom_parameters[1-2-c-d-30-40]" time="0.0013191699981689453"></testcase><testcase classname="pytest_cases.tests.pytest_extension.fixtures.fixture_plus_and_others.test_fixtures_paramfixtures" file="pytest_cases/tests/pytest_extension/fixtures/fixture_plus_and_others/test_fixtures_paramfixtures.py" line="68" name="test_custom_parameters[3-4-a-b-10-20]" time="0.0014040470123291016"></testcase><testcase classname="pytest_cases.tests.pytest_extension.fixtures.fixture_plus_and_others.test_fixtures_paramfixtures" file="pytest_cases/tests/pytest_extension/fixtures/fixture_plus_and_others/test_fixtures_paramfixtures.py" line="68" name="test_custom_parameters[3-4-a-b-30-40]" time="0.0013570785522460938"></testcase><testcase classname="pytest_cases.tests.pytest_extension.fixtures.fixture_plus_and_others.test_fixtures_paramfixtures" file="pytest_cases/tests/pytest_extension/fixtures/fixture_plus_and_others/test_fixtures_paramfixtures.py" line="68" name="test_custom_parameters[3-4-c-d-10-20]" time="0.0014386177062988281"></testcase><testcase classname="pytest_cases.tests.pytest_extension.fixtures.fixture_plus_and_others.test_fixtures_paramfixtures" file="pytest_cases/tests/pytest_extension/fixtures/fixture_plus_and_others/test_fixtures_paramfixtures.py" line="68" name="test_custom_parameters[3-4-c-d-30-40]" time="0.0013070106506347656"></testcase><testcase classname="pytest_cases.tests.pytest_extension.fixtures.fixture_plus_and_others.test_fixtures_paramfixtures" file="pytest_cases/tests/pytest_extension/fixtures/fixture_plus_and_others/test_fixtures_paramfixtures.py" line="87" name="test_synthesis" time="0.006313323974609375"></testcase><testcase classname="pytest_cases.tests.pytest_extension.fixtures.fixture_plus_and_others.test_skip_on_paramz_fixture" file="pytest_cases/tests/pytest_extension/fixtures/fixture_plus_and_others/test_skip_on_paramz_fixture.py" line="6" name="test_foo_simple_param[0]" time="0.0007770061492919922"></testcase><testcase classname="pytest_cases.tests.pytest_extension.fixtures.fixture_plus_and_others.test_skip_on_paramz_fixture" file="pytest_cases/tests/pytest_extension/fixtures/fixture_plus_and_others/test_skip_on_paramz_fixture.py" line="6" name="test_foo_simple_param[1]" time="0.00035691261291503906"><skipped message="unconditional skip" type="pytest.skip">pytest_cases/tests/pytest_extension/fixtures/fixture_plus_and_others/test_skip_on_paramz_fixture.py:6: &lt;py._xmlgen.raw object at 0x7fc15cf9e0f0&gt;</skipped></testcase><testcase classname="pytest_cases.tests.pytest_extension.fixtures.fixture_plus_and_others.test_skip_on_paramz_fixture" file="pytest_cases/tests/pytest_extension/fixtures/fixture_plus_and_others/test_skip_on_paramz_fixture.py" line="16" name="test_foo2_paramfix[0]" time="0.0007169246673583984"></testcase><testcase classname="pytest_cases.tests.pytest_extension.fixtures.fixture_plus_and_others.test_skip_on_paramz_fixture" file="pytest_cases/tests/pytest_extension/fixtures/fixture_plus_and_others/test_skip_on_paramz_fixture.py" line="16" name="test_foo2_paramfix[1]" time="0.00028514862060546875"><skipped message="unconditional skip" type="pytest.skip">pytest_cases/tests/pytest_extension/fixtures/fixture_plus_and_others/test_skip_on_paramz_fixture.py:16: &lt;py._xmlgen.raw object at 0x7fc15cf9e2b0&gt;</skipped></testcase><testcase classname="pytest_cases.tests.pytest_extension.fixtures.fixture_plus_and_others.test_skip_on_paramz_fixture" file="pytest_cases/tests/pytest_extension/fixtures/fixture_plus_and_others/test_skip_on_paramz_fixture.py" line="26" name="test_foo3_paramfix[0]" time="0.000766754150390625"></testcase><testcase classname="pytest_cases.tests.pytest_extension.fixtures.fixture_plus_and_others.test_skip_on_paramz_fixture" file="pytest_cases/tests/pytest_extension/fixtures/fixture_plus_and_others/test_skip_on_paramz_fixture.py" line="26" name="test_foo3_paramfix[1]" time="0.0003116130828857422"><skipped message="unconditional skip" type="pytest.skip">pytest_cases/tests/pytest_extension/fixtures/fixture_plus_and_others/test_skip_on_paramz_fixture.py:26: &lt;py._xmlgen.raw object at 0x7fc15cfa45c0&gt;</skipped></testcase><testcase classname="pytest_cases.tests.pytest_extension.fixtures.fixture_plus_and_others.test_skip_on_paramz_fixture" file="pytest_cases/tests/pytest_extension/fixtures/fixture_plus_and_others/test_skip_on_paramz_fixture.py" line="30" name="test_synthesis" time="0.005502223968505859"></testcase><testcase classname="pytest_cases.tests.pytest_extension.fixtures.fixture_unions.test_fixture_closure_edits" file="pytest_cases/tests/pytest_extension/fixtures/fixture_unions/test_fixture_closure_edits.py" line="17" name="test_issue116" time="0.0007343292236328125"></testcase><testcase classname="pytest_cases.tests.pytest_extension.fixtures.fixture_unions.test_fixture_closure_edits" file="pytest_cases/tests/pytest_extension/fixtures/fixture_unions/test_fixture_closure_edits.py" line="29" name="test_super_closure_edits[0/a]" time="0.0009596347808837891"></testcase><testcase classname="pytest_cases.tests.pytest_extension.fixtures.fixture_unions.test_fixture_closure_edits" file="pytest_cases/tests/pytest_extension/fixtures/fixture_unions/test_fixture_closure_edits.py" line="29" name="test_super_closure_edits[1/a]" time="0.0009200572967529297"></testcase><testcase classname="pytest_cases.tests.pytest_extension.fixtures.fixture_unions.test_fixture_closure_edits" file="pytest_cases/tests/pytest_extension/fixtures/fixture_unions/test_fixture_closure_edits.py" line="35" name="test_super_closure_edits2" time="0.0018701553344726562"><system-err>/home/travis/build/smarie/python-pytest-cases/pytest_cases/plugin.py:564: UserWarning: WARNING: An attempt was made to reorder a super fixture closure with unions. This is not yet supported since the partitions use subsets of the fixtures ; please report it so that we can find a suitable solution for your need.
  warn(&quot;WARNING: An attempt was made to reorder a super fixture closure with unions. This is not yet &quot;
</system-err></testcase><testcase classname="pytest_cases.tests.pytest_extension.fixtures.fixture_unions.test_fixture_union_ids.TestA" file="pytest_cases/tests/pytest_extension/fixtures/fixture_unions/test_fixture_union_ids.py" line="21" name="test_ids_explicit[my_explicit/a-1]" time="0.0011410713195800781"></testcase><testcase classname="pytest_cases.tests.pytest_extension.fixtures.fixture_unions.test_fixture_union_ids.TestA" file="pytest_cases/tests/pytest_extension/fixtures/fixture_unions/test_fixture_union_ids.py" line="21" name="test_ids_explicit[my_explicit/a-2]" time="0.0010592937469482422"></testcase><testcase classname="pytest_cases.tests.pytest_extension.fixtures.fixture_unions.test_fixture_union_ids.TestA" file="pytest_cases/tests/pytest_extension/fixtures/fixture_unions/test_fixture_union_ids.py" line="21" name="test_ids_explicit[my_explicit/b-3]" time="0.0010979175567626953"></testcase><testcase classname="pytest_cases.tests.pytest_extension.fixtures.fixture_unions.test_fixture_union_ids.TestA" file="pytest_cases/tests/pytest_extension/fixtures/fixture_unions/test_fixture_union_ids.py" line="21" name="test_ids_explicit[my_explicit/b-4]" time="0.0010941028594970703"></testcase><testcase classname="pytest_cases.tests.pytest_extension.fixtures.fixture_unions.test_fixture_union_ids" file="pytest_cases/tests/pytest_extension/fixtures/fixture_unions/test_fixture_union_ids.py" line="25" name="test_ids_compact[/a-1]" time="0.0010836124420166016"></testcase><testcase classname="pytest_cases.tests.pytest_extension.fixtures.fixture_unions.test_fixture_union_ids" file="pytest_cases/tests/pytest_extension/fixtures/fixture_unions/test_fixture_union_ids.py" line="25" name="test_ids_compact[/a-2]" time="0.0010256767272949219"></testcase><testcase classname="pytest_cases.tests.pytest_extension.fixtures.fixture_unions.test_fixture_union_ids" file="pytest_cases/tests/pytest_extension/fixtures/fixture_unions/test_fixture_union_ids.py" line="25" name="test_ids_compact[/b-3]" time="0.0020804405212402344"></testcase><testcase classname="pytest_cases.tests.pytest_extension.fixtures.fixture_unions.test_fixture_union_ids" file="pytest_cases/tests/pytest_extension/fixtures/fixture_unions/test_fixture_union_ids.py" line="25" name="test_ids_compact[/b-4]" time="0.00048613548278808594"></testcase><testcase classname="pytest_cases.tests.pytest_extension.fixtures.fixture_unions.test_fixture_union_ids" file="pytest_cases/tests/pytest_extension/fixtures/fixture_unions/test_fixture_union_ids.py" line="29" name="test_ids_none[a-1]" time="0.0009915828704833984"></testcase><testcase classname="pytest_cases.tests.pytest_extension.fixtures.fixture_unions.test_fixture_union_ids" file="pytest_cases/tests/pytest_extension/fixtures/fixture_unions/test_fixture_union_ids.py" line="29" name="test_ids_none[a-2]" time="0.0013308525085449219"></testcase><testcase classname="pytest_cases.tests.pytest_extension.fixtures.fixture_unions.test_fixture_union_ids" file="pytest_cases/tests/pytest_extension/fixtures/fixture_unions/test_fixture_union_ids.py" line="29" name="test_ids_none[b-3]" time="0.0010099411010742188"></testcase><testcase classname="pytest_cases.tests.pytest_extension.fixtures.fixture_unions.test_fixture_union_ids" file="pytest_cases/tests/pytest_extension/fixtures/fixture_unions/test_fixture_union_ids.py" line="29" name="test_ids_none[b-4]" time="0.001013040542602539"></testcase><testcase classname="pytest_cases.tests.pytest_extension.fixtures.fixture_unions.test_fixture_union_ids" file="pytest_cases/tests/pytest_extension/fixtures/fixture_unions/test_fixture_union_ids.py" line="33" name="test_ids_custom_list[c=A-1]" time="0.0010128021240234375"></testcase><testcase classname="pytest_cases.tests.pytest_extension.fixtures.fixture_unions.test_fixture_union_ids" file="pytest_cases/tests/pytest_extension/fixtures/fixture_unions/test_fixture_union_ids.py" line="33" name="test_ids_custom_list[c=A-2]" time="0.0010077953338623047"></testcase><testcase classname="pytest_cases.tests.pytest_extension.fixtures.fixture_unions.test_fixture_union_ids" file="pytest_cases/tests/pytest_extension/fixtures/fixture_unions/test_fixture_union_ids.py" line="33" name="test_ids_custom_list[c=B-3]" time="0.0013585090637207031"></testcase><testcase classname="pytest_cases.tests.pytest_extension.fixtures.fixture_unions.test_fixture_union_ids" file="pytest_cases/tests/pytest_extension/fixtures/fixture_unions/test_fixture_union_ids.py" line="33" name="test_ids_custom_list[c=B-4]" time="0.000986337661743164"></testcase><testcase classname="pytest_cases.tests.pytest_extension.fixtures.fixture_unions.test_fixture_union_ids" file="pytest_cases/tests/pytest_extension/fixtures/fixture_unions/test_fixture_union_ids.py" line="37" name="test_ids_custom_gen[my_custom_gen/0/a-1]" time="0.0010454654693603516"></testcase><testcase classname="pytest_cases.tests.pytest_extension.fixtures.fixture_unions.test_fixture_union_ids" file="pytest_cases/tests/pytest_extension/fixtures/fixture_unions/test_fixture_union_ids.py" line="37" name="test_ids_custom_gen[my_custom_gen/0/a-2]" time="0.001003265380859375"></testcase><testcase classname="pytest_cases.tests.pytest_extension.fixtures.fixture_unions.test_fixture_union_ids" file="pytest_cases/tests/pytest_extension/fixtures/fixture_unions/test_fixture_union_ids.py" line="37" name="test_ids_custom_gen[my_custom_gen/1/b-3]" time="0.0010080337524414062"></testcase><testcase classname="pytest_cases.tests.pytest_extension.fixtures.fixture_unions.test_fixture_union_ids" file="pytest_cases/tests/pytest_extension/fixtures/fixture_unions/test_fixture_union_ids.py" line="37" name="test_ids_custom_gen[my_custom_gen/1/b-4]" time="0.002035856246948242"></testcase><testcase classname="pytest_cases.tests.pytest_extension.fixtures.fixture_unions.test_fixture_union_ids" file="pytest_cases/tests/pytest_extension/fixtures/fixture_unions/test_fixture_union_ids.py" line="45" name="test_synthesis" time="0.007093906402587891"></testcase><testcase classname="pytest_cases.tests.pytest_extension.fixtures.fixture_unions.test_fixture_union_setup_teardown" file="pytest_cases/tests/pytest_extension/fixtures/fixture_unions/test_fixture_union_setup_teardown.py" line="34" name="test_all[/b]" time="0.001148223876953125"></testcase><testcase classname="pytest_cases.tests.pytest_extension.fixtures.fixture_unions.test_fixture_union_setup_teardown" file="pytest_cases/tests/pytest_extension/fixtures/fixture_unions/test_fixture_union_setup_teardown.py" line="34" name="test_all[/a]" time="0.0011136531829833984"></testcase><testcase classname="pytest_cases.tests.pytest_extension.fixtures.fixture_unions.test_fixture_union_setup_teardown" file="pytest_cases/tests/pytest_extension/fixtures/fixture_unions/test_fixture_union_setup_teardown.py" line="38" name="test_synthesis" time="0.0005602836608886719"></testcase><testcase classname="pytest_cases.tests.pytest_extension.fixtures.fixture_unions.test_fixture_union_setup_teardown2" file="pytest_cases/tests/pytest_extension/fixtures/fixture_unions/test_fixture_union_setup_teardown2.py" line="116" name="test_foo[/F1M1s1s2]" time="0.0019373893737792969"></testcase><testcase classname="pytest_cases.tests.pytest_extension.fixtures.fixture_unions.test_fixture_union_setup_teardown2" file="pytest_cases/tests/pytest_extension/fixtures/fixture_unions/test_fixture_union_setup_teardown2.py" line="116" name="test_foo[/F2-i=0]" time="0.0017731189727783203"></testcase><testcase classname="pytest_cases.tests.pytest_extension.fixtures.fixture_unions.test_fixture_union_setup_teardown2" file="pytest_cases/tests/pytest_extension/fixtures/fixture_unions/test_fixture_union_setup_teardown2.py" line="116" name="test_foo[/F2-i=1]" time="0.0020780563354492188"></testcase><testcase classname="pytest_cases.tests.pytest_extension.fixtures.fixture_unions.test_fixture_union_setup_teardown2" file="pytest_cases/tests/pytest_extension/fixtures/fixture_unions/test_fixture_union_setup_teardown2.py" line="116" name="test_foo[/F3s2s3]" time="0.0016999244689941406"></testcase><testcase classname="pytest_cases.tests.pytest_extension.fixtures.fixture_unions.test_fixture_union_setup_teardown2" file="pytest_cases/tests/pytest_extension/fixtures/fixture_unions/test_fixture_union_setup_teardown2.py" line="116" name="test_foo[/F4M2s1s3]" time="0.0017037391662597656"></testcase><testcase classname="pytest_cases.tests.pytest_extension.fixtures.fixture_unions.test_fixture_union_setup_teardown2" file="pytest_cases/tests/pytest_extension/fixtures/fixture_unions/test_fixture_union_setup_teardown2.py" line="122" name="test_synthesis" time="0.005835533142089844"></testcase><testcase classname="pytest_cases.tests.pytest_extension.fixtures.fixture_unions.test_fixture_union_setup_teardown3.TestFoo" file="pytest_cases/tests/pytest_extension/fixtures/fixture_unions/test_fixture_union_setup_teardown3.py" line="27" name="test_a" time="0.0008385181427001953"></testcase><testcase classname="pytest_cases.tests.pytest_extension.fixtures.fixture_unions.test_fixture_union_setup_teardown3.TestFoo" file="pytest_cases/tests/pytest_extension/fixtures/fixture_unions/test_fixture_union_setup_teardown3.py" line="30" name="test_b[0fa]" time="0.0010750293731689453"></testcase><testcase classname="pytest_cases.tests.pytest_extension.fixtures.fixture_unions.test_fixture_union_setup_teardown3.TestFoo" file="pytest_cases/tests/pytest_extension/fixtures/fixture_unions/test_fixture_union_setup_teardown3.py" line="30" name="test_b[1fb]" time="0.001005411148071289"></testcase><testcase classname="pytest_cases.tests.pytest_extension.fixtures.fixture_unions.test_fixture_union_setup_teardown3.TestFoo" file="pytest_cases/tests/pytest_extension/fixtures/fixture_unions/test_fixture_union_setup_teardown3.py" line="30" name="test_b[2fa]" time="0.0009806156158447266"></testcase><testcase classname="pytest_cases.tests.pytest_extension.fixtures.fixture_unions.test_fixture_union_setup_teardown3.TestFoo" file="pytest_cases/tests/pytest_extension/fixtures/fixture_unions/test_fixture_union_setup_teardown3.py" line="34" name="test_c" time="0.0007240772247314453"></testcase><testcase classname="pytest_cases.tests.pytest_extension.fixtures.fixture_unions.test_fixtures_union_0simplest" file="pytest_cases/tests/pytest_extension/fixtures/fixture_unions/test_fixtures_union_0simplest.py" line="21" name="test_basic_union[/first]" time="0.0010602474212646484"><system-out>hello
</system-out></testcase><testcase classname="pytest_cases.tests.pytest_extension.fixtures.fixture_unions.test_fixtures_union_0simplest" file="pytest_cases/tests/pytest_extension/fixtures/fixture_unions/test_fixtures_union_0simplest.py" line="21" name="test_basic_union[/second-a]" time="0.0010595321655273438"><system-out>a
</system-out></testcase><testcase classname="pytest_cases.tests.pytest_extension.fixtures.fixture_unions.test_fixtures_union_0simplest" file="pytest_cases/tests/pytest_extension/fixtures/fixture_unions/test_fixtures_union_0simplest.py" line="21" name="test_basic_union[/second-b]" time="0.0010216236114501953"><system-out>b
</system-out></testcase><testcase classname="pytest_cases.tests.pytest_extension.fixtures.fixture_unions.test_fixtures_union_0simplest" file="pytest_cases/tests/pytest_extension/fixtures/fixture_unions/test_fixtures_union_0simplest.py" line="25" name="test_synthesis" time="0.0053310394287109375"></testcase><testcase classname="pytest_cases.tests.pytest_extension.fixtures.fixture_unions.test_fixtures_union_1simple" file="pytest_cases/tests/pytest_extension/fixtures/fixture_unions/test_fixtures_union_1simple.py" line="19" name="test_fixture_union[c/a-x]" time="0.0014688968658447266"><system-out>x x
</system-out></testcase><testcase classname="pytest_cases.tests.pytest_extension.fixtures.fixture_unions.test_fixtures_union_1simple" file="pytest_cases/tests/pytest_extension/fixtures/fixture_unions/test_fixtures_union_1simple.py" line="19" name="test_fixture_union[c/a-y]" time="0.0011219978332519531"><system-out>y y
</system-out></testcase><testcase classname="pytest_cases.tests.pytest_extension.fixtures.fixture_unions.test_fixtures_union_1simple" file="pytest_cases/tests/pytest_extension/fixtures/fixture_unions/test_fixtures_union_1simple.py" line="19" name="test_fixture_union[c/b-1-x]" time="0.0011134147644042969"><system-out>1 x
</system-out></testcase><testcase classname="pytest_cases.tests.pytest_extension.fixtures.fixture_unions.test_fixtures_union_1simple" file="pytest_cases/tests/pytest_extension/fixtures/fixture_unions/test_fixtures_union_1simple.py" line="19" name="test_fixture_union[c/b-1-y]" time="0.001096963882446289"><system-out>1 y
</system-out></testcase><testcase classname="pytest_cases.tests.pytest_extension.fixtures.fixture_unions.test_fixtures_union_1simple" file="pytest_cases/tests/pytest_extension/fixtures/fixture_unions/test_fixtures_union_1simple.py" line="19" name="test_fixture_union[c/b-2-x]" time="0.0014204978942871094"><system-out>2 x
</system-out></testcase><testcase classname="pytest_cases.tests.pytest_extension.fixtures.fixture_unions.test_fixtures_union_1simple" file="pytest_cases/tests/pytest_extension/fixtures/fixture_unions/test_fixtures_union_1simple.py" line="19" name="test_fixture_union[c/b-2-y]" time="0.0011377334594726562"><system-out>2 y
</system-out></testcase><testcase classname="pytest_cases.tests.pytest_extension.fixtures.fixture_unions.test_fixtures_union_1simple" file="pytest_cases/tests/pytest_extension/fixtures/fixture_unions/test_fixtures_union_1simple.py" line="23" name="test_synthesis" time="0.005430936813354492"></testcase><testcase classname="pytest_cases.tests.pytest_extension.fixtures.fixture_unions.test_fixtures_union_2hard" file="pytest_cases/tests/pytest_extension/fixtures/fixture_unions/test_fixtures_union_2hard.py" line="19" name="test_fixture_union_harder[/a-x-d/b-1]" time="0.0012717247009277344"><system-out>x x 1
</system-out></testcase><testcase classname="pytest_cases.tests.pytest_extension.fixtures.fixture_unions.test_fixtures_union_2hard" file="pytest_cases/tests/pytest_extension/fixtures/fixture_unions/test_fixtures_union_2hard.py" line="19" name="test_fixture_union_harder[/a-x-d/b-2]" time="0.0021562576293945312"><system-out>x x 2
</system-out></testcase><testcase classname="pytest_cases.tests.pytest_extension.fixtures.fixture_unions.test_fixtures_union_2hard" file="pytest_cases/tests/pytest_extension/fixtures/fixture_unions/test_fixtures_union_2hard.py" line="19" name="test_fixture_union_harder[/a-x-d/a]" time="0.0031173229217529297"><system-out>x x x
</system-out></testcase><testcase classname="pytest_cases.tests.pytest_extension.fixtures.fixture_unions.test_fixtures_union_2hard" file="pytest_cases/tests/pytest_extension/fixtures/fixture_unions/test_fixtures_union_2hard.py" line="19" name="test_fixture_union_harder[/a-y-d/b-1]" time="0.003274202346801758"><system-out>y y 1
</system-out></testcase><testcase classname="pytest_cases.tests.pytest_extension.fixtures.fixture_unions.test_fixtures_union_2hard" file="pytest_cases/tests/pytest_extension/fixtures/fixture_unions/test_fixtures_union_2hard.py" line="19" name="test_fixture_union_harder[/a-y-d/b-2]" time="0.0020165443420410156"><system-out>y y 2
</system-out></testcase><testcase classname="pytest_cases.tests.pytest_extension.fixtures.fixture_unions.test_fixtures_union_2hard" file="pytest_cases/tests/pytest_extension/fixtures/fixture_unions/test_fixtures_union_2hard.py" line="19" name="test_fixture_union_harder[/a-y-d/a]" time="0.0027086734771728516"><system-out>y y y
</system-out></testcase><testcase classname="pytest_cases.tests.pytest_extension.fixtures.fixture_unions.test_fixtures_union_2hard" file="pytest_cases/tests/pytest_extension/fixtures/fixture_unions/test_fixtures_union_2hard.py" line="19" name="test_fixture_union_harder[/b-1-x-d/b]" time="0.002628326416015625"><system-out>1 x 1
</system-out></testcase><testcase classname="pytest_cases.tests.pytest_extension.fixtures.fixture_unions.test_fixtures_union_2hard" file="pytest_cases/tests/pytest_extension/fixtures/fixture_unions/test_fixtures_union_2hard.py" line="19" name="test_fixture_union_harder[/b-1-x-d/a]" time="0.0005652904510498047"><system-out>1 x x
</system-out></testcase><testcase classname="pytest_cases.tests.pytest_extension.fixtures.fixture_unions.test_fixtures_union_2hard" file="pytest_cases/tests/pytest_extension/fixtures/fixture_unions/test_fixtures_union_2hard.py" line="19" name="test_fixture_union_harder[/b-1-y-d/b]" time="0.0012173652648925781"><system-out>1 y 1
</system-out></testcase><testcase classname="pytest_cases.tests.pytest_extension.fixtures.fixture_unions.test_fixtures_union_2hard" file="pytest_cases/tests/pytest_extension/fixtures/fixture_unions/test_fixtures_union_2hard.py" line="19" name="test_fixture_union_harder[/b-1-y-d/a]" time="0.001474618911743164"><system-out>1 y y
</system-out></testcase><testcase classname="pytest_cases.tests.pytest_extension.fixtures.fixture_unions.test_fixtures_union_2hard" file="pytest_cases/tests/pytest_extension/fixtures/fixture_unions/test_fixtures_union_2hard.py" line="19" name="test_fixture_union_harder[/b-2-x-d/b]" time="0.0018792152404785156"><system-out>2 x 2
</system-out></testcase><testcase classname="pytest_cases.tests.pytest_extension.fixtures.fixture_unions.test_fixtures_union_2hard" file="pytest_cases/tests/pytest_extension/fixtures/fixture_unions/test_fixtures_union_2hard.py" line="19" name="test_fixture_union_harder[/b-2-x-d/a]" time="0.0013668537139892578"><system-out>2 x x
</system-out></testcase><testcase classname="pytest_cases.tests.pytest_extension.fixtures.fixture_unions.test_fixtures_union_2hard" file="pytest_cases/tests/pytest_extension/fixtures/fixture_unions/test_fixtures_union_2hard.py" line="19" name="test_fixture_union_harder[/b-2-y-d/b]" time="0.0013661384582519531"><system-out>2 y 2
</system-out></testcase><testcase classname="pytest_cases.tests.pytest_extension.fixtures.fixture_unions.test_fixtures_union_2hard" file="pytest_cases/tests/pytest_extension/fixtures/fixture_unions/test_fixtures_union_2hard.py" line="19" name="test_fixture_union_harder[/b-2-y-d/a]" time="0.0012543201446533203"><system-out>2 y y
</system-out></testcase><testcase classname="pytest_cases.tests.pytest_extension.fixtures.fixture_unions.test_fixtures_union_2hard" file="pytest_cases/tests/pytest_extension/fixtures/fixture_unions/test_fixtures_union_2hard.py" line="26" name="test_synthesis" time="0.008117914199829102"></testcase><testcase classname="pytest_cases.tests.pytest_extension.fixtures.fixture_unions.test_fixtures_union_2hard" file="pytest_cases/tests/pytest_extension/fixtures/fixture_unions/test_fixtures_union_2hard.py" line="45" name="test_super_closure" time="0.0011339187622070312"></testcase><testcase classname="pytest_cases.tests.pytest_extension.fixtures.fixture_unions.test_fixtures_union_3parametrize_plus" file="pytest_cases/tests/pytest_extension/fixtures/fixture_unions/test_fixtures_union_3parametrize_plus.py" line="21" name="test_fixture_union[/a-2]" time="0.0010447502136230469"></testcase><testcase classname="pytest_cases.tests.pytest_extension.fixtures.fixture_unions.test_fixtures_union_3parametrize_plus" file="pytest_cases/tests/pytest_extension/fixtures/fixture_unions/test_fixtures_union_3parametrize_plus.py" line="21" name="test_fixture_union[/a-3]" time="0.0011107921600341797"></testcase><testcase classname="pytest_cases.tests.pytest_extension.fixtures.fixture_unions.test_fixtures_union_3parametrize_plus" file="pytest_cases/tests/pytest_extension/fixtures/fixture_unions/test_fixtures_union_3parametrize_plus.py" line="21" name="test_fixture_union[/b-0]" time="0.001096487045288086"></testcase><testcase classname="pytest_cases.tests.pytest_extension.fixtures.fixture_unions.test_fixtures_union_3parametrize_plus" file="pytest_cases/tests/pytest_extension/fixtures/fixture_unions/test_fixtures_union_3parametrize_plus.py" line="21" name="test_fixture_union[/b-1]" time="0.0010776519775390625"></testcase><testcase classname="pytest_cases.tests.pytest_extension.fixtures.fixture_unions.test_fixtures_union_3parametrize_plus" file="pytest_cases/tests/pytest_extension/fixtures/fixture_unions/test_fixtures_union_3parametrize_plus.py" line="21" name="test_fixture_union[/b-2]" time="0.0010330677032470703"></testcase><testcase classname="pytest_cases.tests.pytest_extension.fixtures.fixture_unions.test_so" file="pytest_cases/tests/pytest_extension/fixtures/fixture_unions/test_so.py" line="29" name="test_all[/lower-1]" time="0.0013515949249267578"><system-out>i
</system-out></testcase><testcase classname="pytest_cases.tests.pytest_extension.fixtures.fixture_unions.test_so" file="pytest_cases/tests/pytest_extension/fixtures/fixture_unions/test_so.py" line="29" name="test_all[/lower-2]" time="0.0012786388397216797"><system-out>ii
</system-out></testcase><testcase classname="pytest_cases.tests.pytest_extension.fixtures.fixture_unions.test_so" file="pytest_cases/tests/pytest_extension/fixtures/fixture_unions/test_so.py" line="29" name="test_all[/lower-3]" time="0.0013628005981445312"><system-out>iii
</system-out></testcase><testcase classname="pytest_cases.tests.pytest_extension.fixtures.fixture_unions.test_so" file="pytest_cases/tests/pytest_extension/fixtures/fixture_unions/test_so.py" line="29" name="test_all[/upper-1]" time="0.0013437271118164062"><system-out>I
</system-out></testcase><testcase classname="pytest_cases.tests.pytest_extension.fixtures.fixture_unions.test_so" file="pytest_cases/tests/pytest_extension/fixtures/fixture_unions/test_so.py" line="29" name="test_all[/upper-2]" time="0.001253366470336914"><system-out>II
</system-out></testcase><testcase classname="pytest_cases.tests.pytest_extension.fixtures.fixture_unions.test_so" file="pytest_cases/tests/pytest_extension/fixtures/fixture_unions/test_so.py" line="33" name="test_synthesis" time="0.0064983367919921875"></testcase><testcase classname="pytest_cases.tests.pytest_extension.issues.test_issue_114" file="pytest_cases/tests/pytest_extension/issues/test_issue_114.py" line="21" name="test_me[1]" time="0.000904083251953125"></testcase><testcase classname="pytest_cases.tests.pytest_extension.issues.test_issue_114" file="pytest_cases/tests/pytest_extension/issues/test_issue_114.py" line="21" name="test_me[2]" time="0.08487510681152344"></testcase><testcase classname="pytest_cases.tests.pytest_extension.issues.test_issue_115" file="pytest_cases/tests/pytest_extension/issues/test_issue_115.py" line="12" name="test_fn[0]" time="0.0025467872619628906"></testcase><testcase classname="pytest_cases.tests.pytest_extension.issues.test_issue_115" file="pytest_cases/tests/pytest_extension/issues/test_issue_115.py" line="12" name="test_fn[1]" time="0.0005381107330322266"></testcase><testcase classname="pytest_cases.tests.pytest_extension.issues.test_issue_115" file="pytest_cases/tests/pytest_extension/issues/test_issue_115.py" line="12" name="test_fn[2]" time="0.0005254745483398438"></testcase><testcase classname="pytest_cases.tests.pytest_extension.issues.test_issue_115" file="pytest_cases/tests/pytest_extension/issues/test_issue_115.py" line="12" name="test_fn[3]" time="0.0005381107330322266"></testcase><testcase classname="pytest_cases.tests.pytest_extension.issues.test_issue_115" file="pytest_cases/tests/pytest_extension/issues/test_issue_115.py" line="12" name="test_fn[4]" time="0.0005233287811279297"></testcase><testcase classname="pytest_cases.tests.pytest_extension.issues.test_issue_115" file="pytest_cases/tests/pytest_extension/issues/test_issue_115.py" line="12" name="test_fn[5]" time="0.0005271434783935547"></testcase><testcase classname="pytest_cases.tests.pytest_extension.issues.test_issue_115" file="pytest_cases/tests/pytest_extension/issues/test_issue_115.py" line="12" name="test_fn[6]" time="0.0005500316619873047"></testcase><testcase classname="pytest_cases.tests.pytest_extension.issues.test_issue_115" file="pytest_cases/tests/pytest_extension/issues/test_issue_115.py" line="12" name="test_fn[7]" time="0.0005154609680175781"></testcase><testcase classname="pytest_cases.tests.pytest_extension.issues.test_issue_115" file="pytest_cases/tests/pytest_extension/issues/test_issue_115.py" line="12" name="test_fn[8]" time="0.0005342960357666016"></testcase><testcase classname="pytest_cases.tests.pytest_extension.issues.test_issue_115" file="pytest_cases/tests/pytest_extension/issues/test_issue_115.py" line="12" name="test_fn[9]" time="0.0007643699645996094"></testcase><testcase classname="pytest_cases.tests.pytest_extension.issues.test_issue_124" file="pytest_cases/tests/pytest_extension/issues/test_issue_124.py" line="18" name="test_me[i-i==0]" time="0.0008196830749511719"></testcase><testcase classname="pytest_cases.tests.pytest_extension.issues.test_issue_124" file="pytest_cases/tests/pytest_extension/issues/test_issue_124.py" line="18" name="test_me[i-i==1]" time="0.009117841720581055"></testcase><testcase classname="pytest_cases.tests.pytest_extension.issues.test_issue_124" file="pytest_cases/tests/pytest_extension/issues/test_issue_124.py" line="18" name="test_me[k-i==0]" time="0.0007975101470947266"></testcase><testcase classname="pytest_cases.tests.pytest_extension.issues.test_issue_124" file="pytest_cases/tests/pytest_extension/issues/test_issue_124.py" line="18" name="test_me[k-i==1]" time="0.0008683204650878906"></testcase><testcase classname="pytest_cases.tests.pytest_extension.issues.test_issue_124" file="pytest_cases/tests/pytest_extension/issues/test_issue_124.py" line="23" name="test_synthesis" time="0.012037515640258789"></testcase><testcase classname="pytest_cases.tests.pytest_extension.issues.test_issue_148" file="pytest_cases/tests/pytest_extension/issues/test_issue_148.py" line="23" name="test_foo[x{0}-myunion{0}-a{0}]" time="0.006049633026123047"></testcase><testcase classname="pytest_cases.tests.pytest_extension.issues.test_issue_148" file="pytest_cases/tests/pytest_extension/issues/test_issue_148.py" line="23" name="test_foo[x{0}-myunion{0}-a{1}]" time="0.0008025169372558594"></testcase><testcase classname="pytest_cases.tests.pytest_extension.issues.test_issue_148" file="pytest_cases/tests/pytest_extension/issues/test_issue_148.py" line="23" name="test_foo[x{1}-myunion{0}-a{0}]" time="0.0007932186126708984"></testcase><testcase classname="pytest_cases.tests.pytest_extension.issues.test_issue_148" file="pytest_cases/tests/pytest_extension/issues/test_issue_148.py" line="23" name="test_foo[x{1}-myunion{0}-a{1}]" time="0.0012331008911132812"></testcase><testcase classname="pytest_cases.tests.pytest_extension.issues.test_issue_148" file="pytest_cases/tests/pytest_extension/issues/test_issue_148.py" line="27" name="test_synthesis" time="0.009786367416381836"></testcase><testcase classname="pytest_cases.tests.pytest_extension.issues.test_issue_149" file="pytest_cases/tests/pytest_extension/issues/test_issue_149.py" line="10" name="test_foo[x-0]" time="0.00038814544677734375"><skipped message="request.getfixturevalue is not available in pytest 2" type="pytest.skip">pytest_cases/tests/pytest_extension/issues/test_issue_149.py:10: &lt;py._xmlgen.raw object at 0x7fc15d0ef4e0&gt;</skipped></testcase><testcase classname="pytest_cases.tests.pytest_extension.issues.test_issue_149" file="pytest_cases/tests/pytest_extension/issues/test_issue_149.py" line="10" name="test_foo[x-1]" time="0.00046253204345703125"><skipped message="request.getfixturevalue is not available in pytest 2" type="pytest.skip">pytest_cases/tests/pytest_extension/issues/test_issue_149.py:10: &lt;py._xmlgen.raw object at 0x7fc15d0f3128&gt;</skipped></testcase><testcase classname="pytest_cases.tests.pytest_extension.issues.test_issue_classes" file="pytest_cases/tests/pytest_extension/issues/test_issue_classes.py" line="19" name="test_thing[foo]" time="0.0015642642974853516"><system-out>1
</system-out></testcase><testcase classname="pytest_cases.tests.pytest_extension.issues.test_issue_classes" file="pytest_cases/tests/pytest_extension/issues/test_issue_classes.py" line="19" name="test_thing[bar]" time="0.0011341571807861328"><system-out>2
</system-out></testcase><testcase classname="pytest_cases.tests.pytest_extension.issues.test_issue_classes.TestCase" file="pytest_cases/tests/pytest_extension/issues/test_issue_classes.py" line="25" name="test_thing_pytest[1]" time="0.0009546279907226562"><system-out>1
</system-out></testcase><testcase classname="pytest_cases.tests.pytest_extension.issues.test_issue_classes.TestCase" file="pytest_cases/tests/pytest_extension/issues/test_issue_classes.py" line="25" name="test_thing_pytest[2]" time="0.0008549690246582031"><system-out>2
</system-out></testcase><testcase classname="pytest_cases.tests.pytest_extension.issues.test_issue_classes.TestCase" file="pytest_cases/tests/pytest_extension/issues/test_issue_classes.py" line="29" name="test_thing_cases[foo]" time="0.0011272430419921875"><system-out>1
</system-out></testcase><testcase classname="pytest_cases.tests.pytest_extension.issues.test_issue_classes.TestCase" file="pytest_cases/tests/pytest_extension/issues/test_issue_classes.py" line="29" name="test_thing_cases[bar]" time="0.0012259483337402344"><system-out>2
</system-out></testcase><testcase classname="pytest_cases.tests.pytest_extension.issues.test_issue_fixture_union1" file="pytest_cases/tests/pytest_extension/issues/test_issue_fixture_union1.py" line="20" name="test_foo[0/a]" time="0.001079559326171875"></testcase><testcase classname="pytest_cases.tests.pytest_extension.issues.test_issue_fixture_union1" file="pytest_cases/tests/pytest_extension/issues/test_issue_fixture_union1.py" line="20" name="test_foo[1/a]" time="0.0010542869567871094"></testcase><testcase classname="pytest_cases.tests.pytest_extension.issues.test_issue_fixture_union1" file="pytest_cases/tests/pytest_extension/issues/test_issue_fixture_union1.py" line="24" name="test_synthesis" time="0.006124019622802734"></testcase><testcase classname="pytest_cases.tests.pytest_extension.issues.test_issue_fixture_union2" file="pytest_cases/tests/pytest_extension/issues/test_issue_fixture_union2.py" line="23" name="test_foo[1]" time="0.0010769367218017578"></testcase><testcase classname="pytest_cases.tests.pytest_extension.issues.test_issue_fixture_union2" file="pytest_cases/tests/pytest_extension/issues/test_issue_fixture_union2.py" line="23" name="test_foo[2]" time="0.0013442039489746094"></testcase><testcase classname="pytest_cases.tests.pytest_extension.issues.test_issue_fixture_union2" file="pytest_cases/tests/pytest_extension/issues/test_issue_fixture_union2.py" line="23" name="test_foo[3]" time="0.001056671142578125"></testcase><testcase classname="pytest_cases.tests.pytest_extension.issues.test_issue_fixture_union2" file="pytest_cases/tests/pytest_extension/issues/test_issue_fixture_union2.py" line="30" name="test_foo2[0/a]" time="0.0009381771087646484"></testcase><testcase classname="pytest_cases.tests.pytest_extension.issues.test_issue_fixture_union2" file="pytest_cases/tests/pytest_extension/issues/test_issue_fixture_union2.py" line="30" name="test_foo2[1/b]" time="0.001031637191772461"></testcase><testcase classname="pytest_cases.tests.pytest_extension.issues.test_issue_fixture_union2" file="pytest_cases/tests/pytest_extension/issues/test_issue_fixture_union2.py" line="30" name="test_foo2[2/a]" time="0.0011434555053710938"></testcase><testcase classname="pytest_cases.tests.pytest_extension.issues.test_issue_fixture_union2" file="pytest_cases/tests/pytest_extension/issues/test_issue_fixture_union2.py" line="34" name="test_synthesis" time="0.006992816925048828"></testcase><testcase classname="pytest_cases.tests.pytest_extension.issues.test_issue_indirect_fixture_param" file="pytest_cases/tests/pytest_extension/issues/test_issue_indirect_fixture_param.py" line="17" name="test_x[123]" time="0.0008933544158935547"></testcase><testcase classname="pytest_cases.tests.pytest_extension.issues.test_issue_pytest_70" file="pytest_cases/tests/pytest_extension/issues/test_issue_pytest_70.py" line="19" name="test_get_or_create_book[book1-A]" time="0.0013065338134765625"><system-out>A
</system-out></testcase><testcase classname="pytest_cases.tests.pytest_extension.issues.test_issue_pytest_70" file="pytest_cases/tests/pytest_extension/issues/test_issue_pytest_70.py" line="19" name="test_get_or_create_book[book1-B]" time="0.0014047622680664062"><system-out>B
</system-out></testcase><testcase classname="pytest_cases.tests.pytest_extension.issues.test_issue_pytest_70" file="pytest_cases/tests/pytest_extension/issues/test_issue_pytest_70.py" line="19" name="test_get_or_create_book[hi]" time="0.0017507076263427734"><system-out>hi
</system-out></testcase><testcase classname="pytest_cases.tests.pytest_extension.issues.test_issue_pytest_70" file="pytest_cases/tests/pytest_extension/issues/test_issue_pytest_70.py" line="19" name="test_get_or_create_book[ih]" time="0.0015714168548583984"><system-out>ih
</system-out></testcase><testcase classname="pytest_cases.tests.pytest_extension.issues.test_issue_pytest_70" file="pytest_cases/tests/pytest_extension/issues/test_issue_pytest_70.py" line="19" name="test_get_or_create_book[book2]" time="0.0012671947479248047"><system-out>None
</system-out></testcase><testcase classname="pytest_cases.tests.pytest_extension.issues.test_issue_pytest_70" file="pytest_cases/tests/pytest_extension/issues/test_issue_pytest_70.py" line="29" name="test_synthesis" time="0.0062296390533447266"></testcase><testcase classname="pytest_cases.tests.pytest_extension.issues.test_issue_python2_str" file="pytest_cases/tests/pytest_extension/issues/test_issue_python2_str.py" line="16" name="test_my_cool_feature_with_fixture[a1]" time="0.0012865066528320312"><system-out>hello world
a1
</system-out></testcase><testcase classname="pytest_cases.tests.pytest_extension.issues.test_issue_python2_str" file="pytest_cases/tests/pytest_extension/issues/test_issue_python2_str.py" line="16" name="test_my_cool_feature_with_fixture[b2]" time="0.0008921623229980469"><system-out>hello world
b2
</system-out></testcase><testcase classname="pytest_cases.tests.pytest_extension.issues.test_issue_python2_str" file="pytest_cases/tests/pytest_extension/issues/test_issue_python2_str.py" line="16" name="test_my_cool_feature_with_fixture[b3]" time="0.0009982585906982422"><system-out>hello world
b3
</system-out></testcase><testcase classname="pytest_cases.tests.pytest_extension.issues.test_issue_so_76" file="pytest_cases/tests/pytest_extension/issues/test_issue_so_76.py" line="50" name="test_value_tables_node[value_tables-1-value_table-1-_-value_table_description-&quot;s&quot;-0.0-value_table_description-value_table]" time="0.0022149085998535156"></testcase><testcase classname="pytest_cases.tests.pytest_extension.issues.test_issue_so_76" file="pytest_cases/tests/pytest_extension/issues/test_issue_so_76.py" line="50" name="test_value_tables_node[value_tables-1-value_table-1-_-value_table_description-&quot;s&quot;--1.0-value_table_description-value_table]" time="0.0020623207092285156"></testcase><testcase classname="pytest_cases.tests.pytest_extension.issues.test_issue_so_76" file="pytest_cases/tests/pytest_extension/issues/test_issue_so_76.py" line="50" name="test_value_tables_node[value_tables-1-value_table-1-_-value_table_description-&quot;s&quot;-1.0-value_table_description-value_table]" time="0.0017533302307128906"></testcase><testcase classname="pytest_cases.tests.pytest_extension.issues.test_issue_so_76" file="pytest_cases/tests/pytest_extension/issues/test_issue_so_76.py" line="50" name="test_value_tables_node[value_tables-1-value_table-1-_-value_table_description-&quot;_&quot;-0.0-value_table_description-value_table]" time="0.0018000602722167969"></testcase><testcase classname="pytest_cases.tests.pytest_extension.issues.test_issue_so_76" file="pytest_cases/tests/pytest_extension/issues/test_issue_so_76.py" line="50" name="test_value_tables_node[value_tables-1-value_table-1-_-value_table_description-&quot;_&quot;--1.0-value_table_description-value_table]" time="0.0018956661224365234"></testcase><testcase classname="pytest_cases.tests.pytest_extension.issues.test_issue_so_76" file="pytest_cases/tests/pytest_extension/issues/test_issue_so_76.py" line="50" name="test_value_tables_node[value_tables-1-value_table-1-_-value_table_description-&quot;_&quot;-1.0-value_table_description-value_table]" time="0.0031452178955078125"></testcase><testcase classname="pytest_cases.tests.pytest_extension.issues.test_issue_so_76" file="pytest_cases/tests/pytest_extension/issues/test_issue_so_76.py" line="50" name="test_value_tables_node[value_tables-1-value_table-1-_c-value_table_description-&quot;s&quot;-0.0-value_table_description-value_table]" time="0.002287626266479492"></testcase><testcase classname="pytest_cases.tests.pytest_extension.issues.test_issue_so_76" file="pytest_cases/tests/pytest_extension/issues/test_issue_so_76.py" line="50" name="test_value_tables_node[value_tables-1-value_table-1-_c-value_table_description-&quot;s&quot;--1.0-value_table_description-value_table]" time="0.0065462589263916016"></testcase><testcase classname="pytest_cases.tests.pytest_extension.issues.test_issue_so_76" file="pytest_cases/tests/pytest_extension/issues/test_issue_so_76.py" line="50" name="test_value_tables_node[value_tables-1-value_table-1-_c-value_table_description-&quot;s&quot;-1.0-value_table_description-value_table]" time="0.006762504577636719"></testcase><testcase classname="pytest_cases.tests.pytest_extension.issues.test_issue_so_76" file="pytest_cases/tests/pytest_extension/issues/test_issue_so_76.py" line="50" name="test_value_tables_node[value_tables-1-value_table-1-_c-value_table_description-&quot;_&quot;-0.0-value_table_description-value_table]" time="0.0075664520263671875"></testcase><testcase classname="pytest_cases.tests.pytest_extension.issues.test_issue_so_76" file="pytest_cases/tests/pytest_extension/issues/test_issue_so_76.py" line="50" name="test_value_tables_node[value_tables-1-value_table-1-_c-value_table_description-&quot;_&quot;--1.0-value_table_description-value_table]" time="0.006237983703613281"></testcase><testcase classname="pytest_cases.tests.pytest_extension.issues.test_issue_so_76" file="pytest_cases/tests/pytest_extension/issues/test_issue_so_76.py" line="50" name="test_value_tables_node[value_tables-1-value_table-1-_c-value_table_description-&quot;_&quot;-1.0-value_table_description-value_table]" time="0.0067501068115234375"></testcase><testcase classname="pytest_cases.tests.pytest_extension.issues.test_issue_so_76" file="pytest_cases/tests/pytest_extension/issues/test_issue_so_76.py" line="50" name="test_value_tables_node[value_tables-1-value_table-2-_-value_table_description-&quot;s&quot;-0.0-value_table_description-value_table]" time="0.006580352783203125"></testcase><testcase classname="pytest_cases.tests.pytest_extension.issues.test_issue_so_76" file="pytest_cases/tests/pytest_extension/issues/test_issue_so_76.py" line="50" name="test_value_tables_node[value_tables-1-value_table-2-_-value_table_description-&quot;s&quot;--1.0-value_table_description-value_table]" time="0.008274078369140625"></testcase><testcase classname="pytest_cases.tests.pytest_extension.issues.test_issue_so_76" file="pytest_cases/tests/pytest_extension/issues/test_issue_so_76.py" line="50" name="test_value_tables_node[value_tables-1-value_table-2-_-value_table_description-&quot;s&quot;-1.0-value_table_description-value_table]" time="0.006895542144775391"></testcase><testcase classname="pytest_cases.tests.pytest_extension.issues.test_issue_so_76" file="pytest_cases/tests/pytest_extension/issues/test_issue_so_76.py" line="50" name="test_value_tables_node[value_tables-1-value_table-2-_-value_table_description-&quot;_&quot;-0.0-value_table_description-value_table]" time="0.006613254547119141"></testcase><testcase classname="pytest_cases.tests.pytest_extension.issues.test_issue_so_76" file="pytest_cases/tests/pytest_extension/issues/test_issue_so_76.py" line="50" name="test_value_tables_node[value_tables-1-value_table-2-_-value_table_description-&quot;_&quot;--1.0-value_table_description-value_table]" time="0.007366657257080078"></testcase><testcase classname="pytest_cases.tests.pytest_extension.issues.test_issue_so_76" file="pytest_cases/tests/pytest_extension/issues/test_issue_so_76.py" line="50" name="test_value_tables_node[value_tables-1-value_table-2-_-value_table_description-&quot;_&quot;-1.0-value_table_description-value_table]" time="0.006605386734008789"></testcase><testcase classname="pytest_cases.tests.pytest_extension.issues.test_issue_so_76" file="pytest_cases/tests/pytest_extension/issues/test_issue_so_76.py" line="50" name="test_value_tables_node[value_tables-1-value_table-2-_c-value_table_description-&quot;s&quot;-0.0-value_table_description-value_table]" time="0.006995201110839844"></testcase><testcase classname="pytest_cases.tests.pytest_extension.issues.test_issue_so_76" file="pytest_cases/tests/pytest_extension/issues/test_issue_so_76.py" line="50" name="test_value_tables_node[value_tables-1-value_table-2-_c-value_table_description-&quot;s&quot;--1.0-value_table_description-value_table]" time="0.006184577941894531"></testcase><testcase classname="pytest_cases.tests.pytest_extension.issues.test_issue_so_76" file="pytest_cases/tests/pytest_extension/issues/test_issue_so_76.py" line="50" name="test_value_tables_node[value_tables-1-value_table-2-_c-value_table_description-&quot;s&quot;-1.0-value_table_description-value_table]" time="0.007815361022949219"></testcase><testcase classname="pytest_cases.tests.pytest_extension.issues.test_issue_so_76" file="pytest_cases/tests/pytest_extension/issues/test_issue_so_76.py" line="50" name="test_value_tables_node[value_tables-1-value_table-2-_c-value_table_description-&quot;_&quot;-0.0-value_table_description-value_table]" time="0.004694461822509766"></testcase><testcase classname="pytest_cases.tests.pytest_extension.issues.test_issue_so_76" file="pytest_cases/tests/pytest_extension/issues/test_issue_so_76.py" line="50" name="test_value_tables_node[value_tables-1-value_table-2-_c-value_table_description-&quot;_&quot;--1.0-value_table_description-value_table]" time="0.0047414302825927734"></testcase><testcase classname="pytest_cases.tests.pytest_extension.issues.test_issue_so_76" file="pytest_cases/tests/pytest_extension/issues/test_issue_so_76.py" line="50" name="test_value_tables_node[value_tables-1-value_table-2-_c-value_table_description-&quot;_&quot;-1.0-value_table_description-value_table]" time="0.0019659996032714844"></testcase><testcase classname="pytest_cases.tests.pytest_extension.issues.test_issue_so_76" file="pytest_cases/tests/pytest_extension/issues/test_issue_so_76.py" line="50" name="test_value_tables_node[value_tables-2-value_table-1-_-value_table_description-&quot;s&quot;-0.0-value_table_description-value_table]" time="0.0022847652435302734"></testcase><testcase classname="pytest_cases.tests.pytest_extension.issues.test_issue_so_76" file="pytest_cases/tests/pytest_extension/issues/test_issue_so_76.py" line="50" name="test_value_tables_node[value_tables-2-value_table-1-_-value_table_description-&quot;s&quot;--1.0-value_table_description-value_table]" time="0.0020651817321777344"></testcase><testcase classname="pytest_cases.tests.pytest_extension.issues.test_issue_so_76" file="pytest_cases/tests/pytest_extension/issues/test_issue_so_76.py" line="50" name="test_value_tables_node[value_tables-2-value_table-1-_-value_table_description-&quot;s&quot;-1.0-value_table_description-value_table]" time="0.0019228458404541016"></testcase><testcase classname="pytest_cases.tests.pytest_extension.issues.test_issue_so_76" file="pytest_cases/tests/pytest_extension/issues/test_issue_so_76.py" line="50" name="test_value_tables_node[value_tables-2-value_table-1-_-value_table_description-&quot;_&quot;-0.0-value_table_description-value_table]" time="0.0018544197082519531"></testcase><testcase classname="pytest_cases.tests.pytest_extension.issues.test_issue_so_76" file="pytest_cases/tests/pytest_extension/issues/test_issue_so_76.py" line="50" name="test_value_tables_node[value_tables-2-value_table-1-_-value_table_description-&quot;_&quot;--1.0-value_table_description-value_table]" time="0.002222299575805664"></testcase><testcase classname="pytest_cases.tests.pytest_extension.issues.test_issue_so_76" file="pytest_cases/tests/pytest_extension/issues/test_issue_so_76.py" line="50" name="test_value_tables_node[value_tables-2-value_table-1-_-value_table_description-&quot;_&quot;-1.0-value_table_description-value_table]" time="0.0019147396087646484"></testcase><testcase classname="pytest_cases.tests.pytest_extension.issues.test_issue_so_76" file="pytest_cases/tests/pytest_extension/issues/test_issue_so_76.py" line="50" name="test_value_tables_node[value_tables-2-value_table-1-_c-value_table_description-&quot;s&quot;-0.0-value_table_description-value_table]" time="0.0021064281463623047"></testcase><testcase classname="pytest_cases.tests.pytest_extension.issues.test_issue_so_76" file="pytest_cases/tests/pytest_extension/issues/test_issue_so_76.py" line="50" name="test_value_tables_node[value_tables-2-value_table-1-_c-value_table_description-&quot;s&quot;--1.0-value_table_description-value_table]" time="0.002046823501586914"></testcase><testcase classname="pytest_cases.tests.pytest_extension.issues.test_issue_so_76" file="pytest_cases/tests/pytest_extension/issues/test_issue_so_76.py" line="50" name="test_value_tables_node[value_tables-2-value_table-1-_c-value_table_description-&quot;s&quot;-1.0-value_table_description-value_table]" time="0.0022177696228027344"></testcase><testcase classname="pytest_cases.tests.pytest_extension.issues.test_issue_so_76" file="pytest_cases/tests/pytest_extension/issues/test_issue_so_76.py" line="50" name="test_value_tables_node[value_tables-2-value_table-1-_c-value_table_description-&quot;_&quot;-0.0-value_table_description-value_table]" time="0.0019040107727050781"></testcase><testcase classname="pytest_cases.tests.pytest_extension.issues.test_issue_so_76" file="pytest_cases/tests/pytest_extension/issues/test_issue_so_76.py" line="50" name="test_value_tables_node[value_tables-2-value_table-1-_c-value_table_description-&quot;_&quot;--1.0-value_table_description-value_table]" time="0.0019009113311767578"></testcase><testcase classname="pytest_cases.tests.pytest_extension.issues.test_issue_so_76" file="pytest_cases/tests/pytest_extension/issues/test_issue_so_76.py" line="50" name="test_value_tables_node[value_tables-2-value_table-1-_c-value_table_description-&quot;_&quot;-1.0-value_table_description-value_table]" time="0.0022611618041992188"></testcase><testcase classname="pytest_cases.tests.pytest_extension.issues.test_issue_so_76" file="pytest_cases/tests/pytest_extension/issues/test_issue_so_76.py" line="50" name="test_value_tables_node[value_tables-2-value_table-2-_-value_table_description-&quot;s&quot;-0.0-value_table_description-value_table]" time="0.0018546581268310547"></testcase><testcase classname="pytest_cases.tests.pytest_extension.issues.test_issue_so_76" file="pytest_cases/tests/pytest_extension/issues/test_issue_so_76.py" line="50" name="test_value_tables_node[value_tables-2-value_table-2-_-value_table_description-&quot;s&quot;--1.0-value_table_description-value_table]" time="0.0018930435180664062"></testcase><testcase classname="pytest_cases.tests.pytest_extension.issues.test_issue_so_76" file="pytest_cases/tests/pytest_extension/issues/test_issue_so_76.py" line="50" name="test_value_tables_node[value_tables-2-value_table-2-_-value_table_description-&quot;s&quot;-1.0-value_table_description-value_table]" time="0.0020079612731933594"></testcase><testcase classname="pytest_cases.tests.pytest_extension.issues.test_issue_so_76" file="pytest_cases/tests/pytest_extension/issues/test_issue_so_76.py" line="50" name="test_value_tables_node[value_tables-2-value_table-2-_-value_table_description-&quot;_&quot;-0.0-value_table_description-value_table]" time="0.002399444580078125"></testcase><testcase classname="pytest_cases.tests.pytest_extension.issues.test_issue_so_76" file="pytest_cases/tests/pytest_extension/issues/test_issue_so_76.py" line="50" name="test_value_tables_node[value_tables-2-value_table-2-_-value_table_description-&quot;_&quot;--1.0-value_table_description-value_table]" time="0.0017879009246826172"></testcase><testcase classname="pytest_cases.tests.pytest_extension.issues.test_issue_so_76" file="pytest_cases/tests/pytest_extension/issues/test_issue_so_76.py" line="50" name="test_value_tables_node[value_tables-2-value_table-2-_-value_table_description-&quot;_&quot;-1.0-value_table_description-value_table]" time="0.0022895336151123047"></testcase><testcase classname="pytest_cases.tests.pytest_extension.issues.test_issue_so_76" file="pytest_cases/tests/pytest_extension/issues/test_issue_so_76.py" line="50" name="test_value_tables_node[value_tables-2-value_table-2-_c-value_table_description-&quot;s&quot;-0.0-value_table_description-value_table]" time="0.006278276443481445"></testcase><testcase classname="pytest_cases.tests.pytest_extension.issues.test_issue_so_76" file="pytest_cases/tests/pytest_extension/issues/test_issue_so_76.py" line="50" name="test_value_tables_node[value_tables-2-value_table-2-_c-value_table_description-&quot;s&quot;--1.0-value_table_description-value_table]" time="0.007559061050415039"></testcase><testcase classname="pytest_cases.tests.pytest_extension.issues.test_issue_so_76" file="pytest_cases/tests/pytest_extension/issues/test_issue_so_76.py" line="50" name="test_value_tables_node[value_tables-2-value_table-2-_c-value_table_description-&quot;s&quot;-1.0-value_table_description-value_table]" time="0.006537675857543945"></testcase><testcase classname="pytest_cases.tests.pytest_extension.issues.test_issue_so_76" file="pytest_cases/tests/pytest_extension/issues/test_issue_so_76.py" line="50" name="test_value_tables_node[value_tables-2-value_table-2-_c-value_table_description-&quot;_&quot;-0.0-value_table_description-value_table]" time="0.00671076774597168"></testcase><testcase classname="pytest_cases.tests.pytest_extension.issues.test_issue_so_76" file="pytest_cases/tests/pytest_extension/issues/test_issue_so_76.py" line="50" name="test_value_tables_node[value_tables-2-value_table-2-_c-value_table_description-&quot;_&quot;--1.0-value_table_description-value_table]" time="0.005721330642700195"></testcase><testcase classname="pytest_cases.tests.pytest_extension.issues.test_issue_so_76" file="pytest_cases/tests/pytest_extension/issues/test_issue_so_76.py" line="50" name="test_value_tables_node[value_tables-2-value_table-2-_c-value_table_description-&quot;_&quot;-1.0-value_table_description-value_table]" time="0.0020170211791992188"></testcase><testcase classname="pytest_cases.tests.pytest_extension.issues.test_issue_so_76" file="pytest_cases/tests/pytest_extension/issues/test_issue_so_76.py" line="59" name="test_synthesis" time="0.00815439224243164"></testcase><testcase classname="pytest_cases.tests.pytest_extension.issues.test_parametrize_with_lists" file="pytest_cases/tests/pytest_extension/issues/test_parametrize_with_lists.py" line="14" name="test_dummy[0-0-0-0]" time="0.0011174678802490234"></testcase><testcase classname="pytest_cases.tests.pytest_extension.issues.test_parametrize_with_lists" file="pytest_cases/tests/pytest_extension/issues/test_parametrize_with_lists.py" line="14" name="test_dummy[0-0-1-1]" time="0.0009069442749023438"></testcase><testcase classname="pytest_cases.tests.pytest_extension.issues.test_parametrize_with_lists" file="pytest_cases/tests/pytest_extension/issues/test_parametrize_with_lists.py" line="14" name="test_dummy[1-1-0-0]" time="0.0013000965118408203"></testcase><testcase classname="pytest_cases.tests.pytest_extension.issues.test_parametrize_with_lists" file="pytest_cases/tests/pytest_extension/issues/test_parametrize_with_lists.py" line="14" name="test_dummy[1-1-1-1]" time="0.0009105205535888672"></testcase><testcase classname="pytest_cases.tests.pytest_extension.issues.test_parametrize_with_lists" file="pytest_cases/tests/pytest_extension/issues/test_parametrize_with_lists.py" line="19" name="test_synthesis" time="0.0051615238189697266"></testcase><testcase classname="pytest_cases.tests.pytest_extension.issues.test_pytest_py35_asyncio" file="pytest_cases/tests/pytest_extension/issues/test_pytest_py35_asyncio.py" line="7" name="test_x[0]" time="0.0014033317565917969"><system-err>/home/travis/miniconda/envs/test-environment/lib/python3.5/site-packages/_pytest/python.py:287: RuntimeWarning: coroutine &apos;test_x&apos; was never awaited
  testfunction(**testargs)
</system-err></testcase><testcase classname="pytest_cases.tests.pytest_extension.meta.test_all" file="pytest_cases/tests/pytest_extension/meta/test_all.py" line="25" name="test_run_all_tests[session_optim]" time="0.046877384185791016"><system-out>
Config contents: import pytest

def pytest_configure(config):
    # change the option
    setattr(config.option, &apos;with_reorder&apos;, &apos;skip&apos;)

    # add dynamic fixture
    class DynamicFixturePlugin(object):
        @pytest.fixture(scope=&apos;session&apos;, params=[&apos;flavor1&apos;, &apos;flavor2&apos;], autouse=False)
        def flavor(self, request):
            print(&apos;flavor created:&apos;, request.param)
            return request.param

    config.pluginmanager.register(DynamicFixturePlugin(), &apos;flavor-fixture&apos;)


Testing that running pytest on file session_optim.py with config file /home/travis/build/smarie/python-pytest-cases/pytest_cases/tests/pytest_extension/meta/raw/session_optim/conf.py results in {&apos;skipped&apos;: 0, &apos;failed&apos;: 0, &apos;passed&apos;: 10}.
For debug, temp dir is: /tmp/pytest-of-travis/pytest-0/testdir/test_run_all_tests0
============================= test session starts ==============================
platform linux -- Python 3.5.6, pytest-2.9.2, py-1.10.0, pluggy-0.3.1
rootdir: /tmp/pytest-of-travis/pytest-0/testdir/test_run_all_tests0, inifile: 
plugins: steps-1.7.3, logging-2015.11.4, html-1.9.0, harvest-1.10.1, cases-3.0.1.dev2+gaeb72ef
collected 10 items

test_run_all_tests.py ..........

========================== 10 passed in 0.02 seconds ===========================
</system-out></testcase><testcase classname="pytest_cases.tests.pytest_extension.meta.test_all" file="pytest_cases/tests/pytest_extension/meta/test_all.py" line="25" name="test_run_all_tests[reorder_skip]" time="0.030004024505615234"><system-out>
Testing that running pytest on file reorder_skip.py with config file /home/travis/build/smarie/python-pytest-cases/pytest_cases/tests/pytest_extension/meta/raw/reorder_skip/conf.py results in {&apos;skipped&apos;: 0, &apos;failed&apos;: 0, &apos;passed&apos;: 3}.
For debug, temp dir is: /tmp/pytest-of-travis/pytest-0/testdir/test_run_all_tests1
============================= test session starts ==============================
platform linux -- Python 3.5.6, pytest-2.9.2, py-1.10.0, pluggy-0.3.1
rootdir: /tmp/pytest-of-travis/pytest-0/testdir/test_run_all_tests1, inifile: 
plugins: steps-1.7.3, logging-2015.11.4, html-1.9.0, harvest-1.10.1, cases-3.0.1.dev2+gaeb72ef
collected 4 items

test_run_all_tests.py ...

==================== 1 tests deselected by &quot;-m &apos;not black&apos;&quot; ====================
==================== 3 passed, 1 deselected in 0.01 seconds ====================
</system-out></testcase><testcase classname="pytest_cases.tests.pytest_extension.order.test_fixture_order_respects_scope" file="pytest_cases/tests/pytest_extension/order/test_fixture_order_respects_scope.py" line="24" name="test_value" time="0.0003037452697753906"><skipped message="This bug was not fixed in old pytest." type="pytest.skip">pytest_cases/tests/pytest_extension/order/test_fixture_order_respects_scope.py:24: &lt;py._xmlgen.raw object at 0x7fc15ce0df28&gt;</skipped></testcase><testcase classname="pytest_cases.tests.pytest_extension.order.session_optim.test_reorder_default_normal" file="pytest_cases/tests/pytest_extension/order/session_optim/test_reorder_default_normal.py" line="9" name="test_config" time="0.0006272792816162109"></testcase><testcase classname="pytest_cases.tests.pytest_extension.order.session_optim.test_reorder_default_normal" file="pytest_cases/tests/pytest_extension/order/session_optim/test_reorder_default_normal.py" line="24" name="test[flavor1-vxlan]" time="0.0009829998016357422"><system-out>flavor created: flavor1
encap created: vxlan
reprovision created: flavor1 vxlan
</system-out></testcase><testcase classname="pytest_cases.tests.pytest_extension.order.session_optim.test_reorder_default_normal" file="pytest_cases/tests/pytest_extension/order/session_optim/test_reorder_default_normal.py" line="28" name="test2[flavor1-vxlan]" time="0.0008318424224853516"></testcase><testcase classname="pytest_cases.tests.pytest_extension.order.session_optim.test_reorder_default_normal" file="pytest_cases/tests/pytest_extension/order/session_optim/test_reorder_default_normal.py" line="24" name="test[flavor2-vxlan]" time="0.0009503364562988281"><system-out>flavor created: flavor2
reprovision created: flavor2 vxlan
</system-out></testcase><testcase classname="pytest_cases.tests.pytest_extension.order.session_optim.test_reorder_default_normal" file="pytest_cases/tests/pytest_extension/order/session_optim/test_reorder_default_normal.py" line="28" name="test2[flavor2-vxlan]" time="0.0007810592651367188"></testcase><testcase classname="pytest_cases.tests.pytest_extension.order.session_optim.test_reorder_default_normal" file="pytest_cases/tests/pytest_extension/order/session_optim/test_reorder_default_normal.py" line="24" name="test[flavor2-vlan]" time="0.0009377002716064453"><system-out>encap created: vlan
reprovision created: flavor2 vlan
</system-out></testcase><testcase classname="pytest_cases.tests.pytest_extension.order.session_optim.test_reorder_default_normal" file="pytest_cases/tests/pytest_extension/order/session_optim/test_reorder_default_normal.py" line="28" name="test2[flavor2-vlan]" time="0.0007352828979492188"></testcase><testcase classname="pytest_cases.tests.pytest_extension.order.session_optim.test_reorder_default_normal" file="pytest_cases/tests/pytest_extension/order/session_optim/test_reorder_default_normal.py" line="24" name="test[flavor1-vlan]" time="0.0012445449829101562"><system-out>flavor created: flavor1
reprovision created: flavor1 vlan
</system-out></testcase><testcase classname="pytest_cases.tests.pytest_extension.order.session_optim.test_reorder_default_normal" file="pytest_cases/tests/pytest_extension/order/session_optim/test_reorder_default_normal.py" line="28" name="test2[flavor1-vlan]" time="0.0008156299591064453"></testcase><testcase classname="pytest_cases.tests.pytest_extension.order.session_optim.test_reorder_default_normal" file="pytest_cases/tests/pytest_extension/order/session_optim/test_reorder_default_normal.py" line="32" name="test_synthesis" time="0.00031280517578125"><skipped message="This &apos;optimal order&apos; was changed in some versions of pytest" type="pytest.skip">pytest_cases/tests/pytest_extension/order/session_optim/test_reorder_default_normal.py:32: &lt;py._xmlgen.raw object at 0x7fc15cdfe7b8&gt;</skipped></testcase><testcase classname="pytest_cases.tests.pytest_extension.others.test_assert_exception" file="pytest_cases/tests/pytest_extension/others/test_assert_exception.py" line="9" name="test_assert_exception" time="0.0012259483337402344"></testcase><testcase classname="pytest_cases.tests.pytest_extension.parametrize_plus.test_basics_misc" file="pytest_cases/tests/pytest_extension/parametrize_plus/test_basics_misc.py" line="19" name="test_extract_pset_info" time="0.000537872314453125"></testcase><testcase classname="pytest_cases.tests.pytest_extension.parametrize_plus.test_basics_misc" file="pytest_cases/tests/pytest_extension/parametrize_plus/test_basics_misc.py" line="32" name="test_cart_product_pytest" time="0.0011658668518066406"></testcase><testcase classname="pytest_cases.tests.pytest_extension.parametrize_plus.test_basics_misc" file="pytest_cases/tests/pytest_extension/parametrize_plus/test_basics_misc.py" line="63" name="test_argname_error" time="0.0007615089416503906"></testcase><testcase classname="pytest_cases.tests.pytest_extension.parametrize_plus.test_basics_misc" file="pytest_cases/tests/pytest_extension/parametrize_plus/test_basics_misc.py" line="73" name="test_get_argnames_argvalues[False]" time="0.001338958740234375"></testcase><testcase classname="pytest_cases.tests.pytest_extension.parametrize_plus.test_basics_misc" file="pytest_cases/tests/pytest_extension/parametrize_plus/test_basics_misc.py" line="73" name="test_get_argnames_argvalues[True]" time="0.001245737075805664"></testcase><testcase classname="pytest_cases.tests.pytest_extension.parametrize_plus.test_basics_misc" file="pytest_cases/tests/pytest_extension/parametrize_plus/test_basics_misc.py" line="157" name="test_idgen1[10yes-c2.1-a=True,b= -1]" time="0.0008070468902587891"></testcase><testcase classname="pytest_cases.tests.pytest_extension.parametrize_plus.test_basics_misc" file="pytest_cases/tests/pytest_extension/parametrize_plus/test_basics_misc.py" line="157" name="test_idgen1[10yes-c2.1-a=False,b=  3]" time="0.0008313655853271484"></testcase><testcase classname="pytest_cases.tests.pytest_extension.parametrize_plus.test_basics_misc" file="pytest_cases/tests/pytest_extension/parametrize_plus/test_basics_misc.py" line="157" name="test_idgen1[10yes-c0.0-a=True,b= -1]" time="0.0007584095001220703"></testcase><testcase classname="pytest_cases.tests.pytest_extension.parametrize_plus.test_basics_misc" file="pytest_cases/tests/pytest_extension/parametrize_plus/test_basics_misc.py" line="157" name="test_idgen1[10yes-c0.0-a=False,b=  3]" time="0.0008041858673095703"></testcase><testcase classname="pytest_cases.tests.pytest_extension.parametrize_plus.test_basics_misc" file="pytest_cases/tests/pytest_extension/parametrize_plus/test_basics_misc.py" line="164" name="test_idgen1_synthesis" time="0.004972934722900391"></testcase><testcase classname="pytest_cases.tests.pytest_extension.parametrize_plus.test_basics_misc" file="pytest_cases/tests/pytest_extension/parametrize_plus/test_basics_misc.py" line="181" name="test_alt_usage1[a=True,b=1.2 and   -1]" time="0.0007479190826416016"></testcase><testcase classname="pytest_cases.tests.pytest_extension.parametrize_plus.test_basics_misc" file="pytest_cases/tests/pytest_extension/parametrize_plus/test_basics_misc.py" line="181" name="test_alt_usage1[a=True,b=0.0 and   -1]" time="0.0009713172912597656"></testcase><testcase classname="pytest_cases.tests.pytest_extension.parametrize_plus.test_basics_misc" file="pytest_cases/tests/pytest_extension/parametrize_plus/test_basics_misc.py" line="181" name="test_alt_usage1[a=True,b=1.2 and    2]" time="0.0007436275482177734"></testcase><testcase classname="pytest_cases.tests.pytest_extension.parametrize_plus.test_basics_misc" file="pytest_cases/tests/pytest_extension/parametrize_plus/test_basics_misc.py" line="181" name="test_alt_usage1[a=True,b=0.0 and    2]" time="0.0007164478302001953"></testcase><testcase classname="pytest_cases.tests.pytest_extension.parametrize_plus.test_basics_misc" file="pytest_cases/tests/pytest_extension/parametrize_plus/test_basics_misc.py" line="186" name="test_alt_usage1_synthesis" time="0.0051271915435791016"></testcase><testcase classname="pytest_cases.tests.pytest_extension.parametrize_plus.test_basics_misc" file="pytest_cases/tests/pytest_extension/parametrize_plus/test_basics_misc.py" line="199" name="test_alt_usage2[b1e+00]" time="0.000762939453125"></testcase><testcase classname="pytest_cases.tests.pytest_extension.parametrize_plus.test_basics_misc" file="pytest_cases/tests/pytest_extension/parametrize_plus/test_basics_misc.py" line="199" name="test_alt_usage2[b0e+00]" time="0.0006401538848876953"></testcase><testcase classname="pytest_cases.tests.pytest_extension.parametrize_plus.test_basics_misc" file="pytest_cases/tests/pytest_extension/parametrize_plus/test_basics_misc.py" line="204" name="test_alt_usage2_synthesis" time="0.005877017974853516"></testcase><testcase classname="pytest_cases.tests.pytest_extension.parametrize_plus.test_fixture_ref_basic1" file="pytest_cases/tests/pytest_extension/parametrize_plus/test_fixture_ref_basic1.py" line="20" name="test_prints[nothing-?]" time="0.0014803409576416016"><system-out>nothing?
</system-out></testcase><testcase classname="pytest_cases.tests.pytest_extension.parametrize_plus.test_fixture_ref_basic1" file="pytest_cases/tests/pytest_extension/parametrize_plus/test_fixture_ref_basic1.py" line="20" name="test_prints[nothing-!]" time="0.0013947486877441406"><system-out>nothing!
</system-out></testcase><testcase classname="pytest_cases.tests.pytest_extension.parametrize_plus.test_fixture_ref_basic1" file="pytest_cases/tests/pytest_extension/parametrize_plus/test_fixture_ref_basic1.py" line="20" name="test_prints[world_str-?]" time="0.0013837814331054688"><system-out>world?
</system-out></testcase><testcase classname="pytest_cases.tests.pytest_extension.parametrize_plus.test_fixture_ref_basic1" file="pytest_cases/tests/pytest_extension/parametrize_plus/test_fixture_ref_basic1.py" line="20" name="test_prints[world_str-!]" time="0.001623392105102539"><system-out>world!
</system-out></testcase><testcase classname="pytest_cases.tests.pytest_extension.parametrize_plus.test_fixture_ref_basic1" file="pytest_cases/tests/pytest_extension/parametrize_plus/test_fixture_ref_basic1.py" line="20" name="test_prints[greetings-world_str-?]" time="0.0013637542724609375"><system-out>hello world?
</system-out></testcase><testcase classname="pytest_cases.tests.pytest_extension.parametrize_plus.test_fixture_ref_basic1" file="pytest_cases/tests/pytest_extension/parametrize_plus/test_fixture_ref_basic1.py" line="20" name="test_prints[greetings-world_str-!]" time="0.0014088153839111328"><system-out>hello world!
</system-out></testcase><testcase classname="pytest_cases.tests.pytest_extension.parametrize_plus.test_fixture_ref_basic1" file="pytest_cases/tests/pytest_extension/parametrize_plus/test_fixture_ref_basic1.py" line="20" name="test_prints[greetings-you-?]" time="0.001359701156616211"><system-out>hello you?
</system-out></testcase><testcase classname="pytest_cases.tests.pytest_extension.parametrize_plus.test_fixture_ref_basic1" file="pytest_cases/tests/pytest_extension/parametrize_plus/test_fixture_ref_basic1.py" line="20" name="test_prints[greetings-you-!]" time="0.0016591548919677734"><system-out>hello you!
</system-out></testcase><testcase classname="pytest_cases.tests.pytest_extension.parametrize_plus.test_fixture_ref_basic1" file="pytest_cases/tests/pytest_extension/parametrize_plus/test_fixture_ref_basic1.py" line="20" name="test_prints[global_fixture-?]" time="0.0013921260833740234"><system-out>global?
</system-out></testcase><testcase classname="pytest_cases.tests.pytest_extension.parametrize_plus.test_fixture_ref_basic1" file="pytest_cases/tests/pytest_extension/parametrize_plus/test_fixture_ref_basic1.py" line="20" name="test_prints[global_fixture-!]" time="0.001355886459350586"><system-out>global!
</system-out></testcase><testcase classname="pytest_cases.tests.pytest_extension.parametrize_plus.test_fixture_ref_basic1" file="pytest_cases/tests/pytest_extension/parametrize_plus/test_fixture_ref_basic1.py" line="29" name="test_synthesis" time="0.006475687026977539"></testcase><testcase classname="pytest_cases.tests.pytest_extension.parametrize_plus.test_fixture_ref_basic1" file="pytest_cases/tests/pytest_extension/parametrize_plus/test_fixture_ref_basic1.py" line="47" name="test_foo[c]" time="0.0008087158203125"></testcase><testcase classname="pytest_cases.tests.pytest_extension.parametrize_plus.test_fixture_ref_basic2" file="pytest_cases/tests/pytest_extension/parametrize_plus/test_fixture_ref_basic2.py" line="22" name="test_foo[z-bar]" time="0.0013942718505859375"></testcase><testcase classname="pytest_cases.tests.pytest_extension.parametrize_plus.test_fixture_ref_basic2" file="pytest_cases/tests/pytest_extension/parametrize_plus/test_fixture_ref_basic2.py" line="22" name="test_foo[a-bar]" time="0.0014538764953613281"></testcase><testcase classname="pytest_cases.tests.pytest_extension.parametrize_plus.test_fixture_ref_basic2" file="pytest_cases/tests/pytest_extension/parametrize_plus/test_fixture_ref_basic2.py" line="22" name="test_foo[b-a-bar]" time="0.0017611980438232422"></testcase><testcase classname="pytest_cases.tests.pytest_extension.parametrize_plus.test_fixture_ref_basic2" file="pytest_cases/tests/pytest_extension/parametrize_plus/test_fixture_ref_basic2.py" line="22" name="test_foo[b-o-bar]" time="0.0013489723205566406"></testcase><testcase classname="pytest_cases.tests.pytest_extension.parametrize_plus.test_fixture_ref_basic2" file="pytest_cases/tests/pytest_extension/parametrize_plus/test_fixture_ref_basic2.py" line="22" name="test_foo[o-bar]" time="0.001413583755493164"></testcase><testcase classname="pytest_cases.tests.pytest_extension.parametrize_plus.test_fixture_ref_basic2" file="pytest_cases/tests/pytest_extension/parametrize_plus/test_fixture_ref_basic2.py" line="36" name="test_synthesis" time="0.005773305892944336"></testcase><testcase classname="pytest_cases.tests.pytest_extension.parametrize_plus.test_fixture_ref_basic3_tuples" file="pytest_cases/tests/pytest_extension/parametrize_plus/test_fixture_ref_basic3_tuples.py" line="27" name="test_prints[a-1]" time="0.0018758773803710938"><system-out>a 1
</system-out></testcase><testcase classname="pytest_cases.tests.pytest_extension.parametrize_plus.test_fixture_ref_basic3_tuples" file="pytest_cases/tests/pytest_extension/parametrize_plus/test_fixture_ref_basic3_tuples.py" line="27" name="test_prints[myfix-2-b]" time="0.001552581787109375"><system-out>b 2
</system-out></testcase><testcase classname="pytest_cases.tests.pytest_extension.parametrize_plus.test_fixture_ref_basic3_tuples" file="pytest_cases/tests/pytest_extension/parametrize_plus/test_fixture_ref_basic3_tuples.py" line="27" name="test_prints[myfix-2-c]" time="0.0015072822570800781"><system-out>c 2
</system-out></testcase><testcase classname="pytest_cases.tests.pytest_extension.parametrize_plus.test_fixture_ref_basic3_tuples" file="pytest_cases/tests/pytest_extension/parametrize_plus/test_fixture_ref_basic3_tuples.py" line="27" name="test_prints[myfix-myfix2-b-0]" time="0.001871347427368164"><system-out>b 0
</system-out></testcase><testcase classname="pytest_cases.tests.pytest_extension.parametrize_plus.test_fixture_ref_basic3_tuples" file="pytest_cases/tests/pytest_extension/parametrize_plus/test_fixture_ref_basic3_tuples.py" line="27" name="test_prints[myfix-myfix2-b--1]" time="0.002358675003051758"><system-out>b -1
</system-out></testcase><testcase classname="pytest_cases.tests.pytest_extension.parametrize_plus.test_fixture_ref_basic3_tuples" file="pytest_cases/tests/pytest_extension/parametrize_plus/test_fixture_ref_basic3_tuples.py" line="27" name="test_prints[myfix-myfix2-c-0]" time="0.0015459060668945312"><system-out>c 0
</system-out></testcase><testcase classname="pytest_cases.tests.pytest_extension.parametrize_plus.test_fixture_ref_basic3_tuples" file="pytest_cases/tests/pytest_extension/parametrize_plus/test_fixture_ref_basic3_tuples.py" line="27" name="test_prints[myfix-myfix2-c--1]" time="0.0014977455139160156"><system-out>c -1
</system-out></testcase><testcase classname="pytest_cases.tests.pytest_extension.parametrize_plus.test_fixture_ref_basic3_tuples" file="pytest_cases/tests/pytest_extension/parametrize_plus/test_fixture_ref_basic3_tuples.py" line="27" name="test_prints[myfix-myfix-b]" time="0.0018534660339355469"><system-out>b b
</system-out></testcase><testcase classname="pytest_cases.tests.pytest_extension.parametrize_plus.test_fixture_ref_basic3_tuples" file="pytest_cases/tests/pytest_extension/parametrize_plus/test_fixture_ref_basic3_tuples.py" line="27" name="test_prints[myfix-myfix-c]" time="0.0014660358428955078"><system-out>c c
</system-out></testcase><testcase classname="pytest_cases.tests.pytest_extension.parametrize_plus.test_fixture_ref_basic3_tuples" file="pytest_cases/tests/pytest_extension/parametrize_plus/test_fixture_ref_basic3_tuples.py" line="27" name="test_prints[my_tuple-d-3]" time="0.0014889240264892578"><system-out>d 3
</system-out></testcase><testcase classname="pytest_cases.tests.pytest_extension.parametrize_plus.test_fixture_ref_basic3_tuples" file="pytest_cases/tests/pytest_extension/parametrize_plus/test_fixture_ref_basic3_tuples.py" line="27" name="test_prints[my_tuple-e-4]" time="0.0018208026885986328"><system-out>e 4
</system-out></testcase><testcase classname="pytest_cases.tests.pytest_extension.parametrize_plus.test_fixture_ref_basic3_tuples" file="pytest_cases/tests/pytest_extension/parametrize_plus/test_fixture_ref_basic3_tuples.py" line="36" name="test_synthesis" time="0.00644230842590332"></testcase><testcase classname="pytest_cases.tests.pytest_extension.parametrize_plus.test_fixture_ref_basic4_ids" file="pytest_cases/tests/pytest_extension/parametrize_plus/test_fixture_ref_basic4_ids.py" line="31" name="test_foo_explicit[(arg1,arg2)/P0:2-1-None]" time="0.0013856887817382812"><system-out>1 None
</system-out></testcase><testcase classname="pytest_cases.tests.pytest_extension.parametrize_plus.test_fixture_ref_basic4_ids" file="pytest_cases/tests/pytest_extension/parametrize_plus/test_fixture_ref_basic4_ids.py" line="31" name="test_foo_explicit[(arg1,arg2)/P0:2-None-2]" time="0.001332998275756836"><system-out>None 2
</system-out></testcase><testcase classname="pytest_cases.tests.pytest_extension.parametrize_plus.test_fixture_ref_basic4_ids" file="pytest_cases/tests/pytest_extension/parametrize_plus/test_fixture_ref_basic4_ids.py" line="31" name="test_foo_explicit[(arg1,arg2)/a]" time="0.0016338825225830078"><system-out>A AA
</system-out></testcase><testcase classname="pytest_cases.tests.pytest_extension.parametrize_plus.test_fixture_ref_basic4_ids" file="pytest_cases/tests/pytest_extension/parametrize_plus/test_fixture_ref_basic4_ids.py" line="31" name="test_foo_explicit[(arg1,arg2)/aaa]" time="0.0013191699981689453"><system-out>A AA
</system-out></testcase><testcase classname="pytest_cases.tests.pytest_extension.parametrize_plus.test_fixture_ref_basic4_ids" file="pytest_cases/tests/pytest_extension/parametrize_plus/test_fixture_ref_basic4_ids.py" line="31" name="test_foo_explicit[(arg1,arg2)/4-4]" time="0.0013167858123779297"><system-out>4 4
</system-out></testcase><testcase classname="pytest_cases.tests.pytest_extension.parametrize_plus.test_fixture_ref_basic4_ids" file="pytest_cases/tests/pytest_extension/parametrize_plus/test_fixture_ref_basic4_ids.py" line="31" name="test_foo_explicit[(arg1,arg2)/1-a]" time="0.0013628005981445312"><system-out>1 (&apos;A&apos;, &apos;AA&apos;)
</system-out></testcase><testcase classname="pytest_cases.tests.pytest_extension.parametrize_plus.test_fixture_ref_basic4_ids" file="pytest_cases/tests/pytest_extension/parametrize_plus/test_fixture_ref_basic4_ids.py" line="31" name="test_foo_explicit[(arg1,arg2)/3-b-1]" time="0.001615285873413086"><system-out>3 B1
</system-out></testcase><testcase classname="pytest_cases.tests.pytest_extension.parametrize_plus.test_fixture_ref_basic4_ids" file="pytest_cases/tests/pytest_extension/parametrize_plus/test_fixture_ref_basic4_ids.py" line="31" name="test_foo_explicit[(arg1,arg2)/3-b-2]" time="0.0013151168823242188"><system-out>3 B2
</system-out></testcase><testcase classname="pytest_cases.tests.pytest_extension.parametrize_plus.test_fixture_ref_basic4_ids" file="pytest_cases/tests/pytest_extension/parametrize_plus/test_fixture_ref_basic4_ids.py" line="36" name="test_foo_compact[/P0:2-1-None]" time="0.0012907981872558594"><system-out>1 None
</system-out></testcase><testcase classname="pytest_cases.tests.pytest_extension.parametrize_plus.test_fixture_ref_basic4_ids" file="pytest_cases/tests/pytest_extension/parametrize_plus/test_fixture_ref_basic4_ids.py" line="36" name="test_foo_compact[/P0:2-None-2]" time="0.0010929107666015625"><system-out>None 2
</system-out></testcase><testcase classname="pytest_cases.tests.pytest_extension.parametrize_plus.test_fixture_ref_basic4_ids" file="pytest_cases/tests/pytest_extension/parametrize_plus/test_fixture_ref_basic4_ids.py" line="36" name="test_foo_compact[/a]" time="0.006166696548461914"><system-out>A AA
</system-out></testcase><testcase classname="pytest_cases.tests.pytest_extension.parametrize_plus.test_fixture_ref_basic4_ids" file="pytest_cases/tests/pytest_extension/parametrize_plus/test_fixture_ref_basic4_ids.py" line="36" name="test_foo_compact[/aaa]" time="0.005858898162841797"><system-out>A AA
</system-out></testcase><testcase classname="pytest_cases.tests.pytest_extension.parametrize_plus.test_fixture_ref_basic4_ids" file="pytest_cases/tests/pytest_extension/parametrize_plus/test_fixture_ref_basic4_ids.py" line="36" name="test_foo_compact[/4-4]" time="0.002767801284790039"><system-out>4 4
</system-out></testcase><testcase classname="pytest_cases.tests.pytest_extension.parametrize_plus.test_fixture_ref_basic4_ids" file="pytest_cases/tests/pytest_extension/parametrize_plus/test_fixture_ref_basic4_ids.py" line="36" name="test_foo_compact[/1-a]" time="0.0011284351348876953"><system-out>1 (&apos;A&apos;, &apos;AA&apos;)
</system-out></testcase><testcase classname="pytest_cases.tests.pytest_extension.parametrize_plus.test_fixture_ref_basic4_ids" file="pytest_cases/tests/pytest_extension/parametrize_plus/test_fixture_ref_basic4_ids.py" line="36" name="test_foo_compact[/3-b-1]" time="0.001371622085571289"><system-out>3 B1
</system-out></testcase><testcase classname="pytest_cases.tests.pytest_extension.parametrize_plus.test_fixture_ref_basic4_ids" file="pytest_cases/tests/pytest_extension/parametrize_plus/test_fixture_ref_basic4_ids.py" line="36" name="test_foo_compact[/3-b-2]" time="0.001203775405883789"><system-out>3 B2
</system-out></testcase><testcase classname="pytest_cases.tests.pytest_extension.parametrize_plus.test_fixture_ref_basic4_ids" file="pytest_cases/tests/pytest_extension/parametrize_plus/test_fixture_ref_basic4_ids.py" line="41" name="test_foo_nostyle[1-None]" time="0.0011780261993408203"><system-out>1 None
</system-out></testcase><testcase classname="pytest_cases.tests.pytest_extension.parametrize_plus.test_fixture_ref_basic4_ids" file="pytest_cases/tests/pytest_extension/parametrize_plus/test_fixture_ref_basic4_ids.py" line="41" name="test_foo_nostyle[None-2]" time="0.001165151596069336"><system-out>None 2
</system-out></testcase><testcase classname="pytest_cases.tests.pytest_extension.parametrize_plus.test_fixture_ref_basic4_ids" file="pytest_cases/tests/pytest_extension/parametrize_plus/test_fixture_ref_basic4_ids.py" line="41" name="test_foo_nostyle[a]" time="0.0018095970153808594"><system-out>A AA
</system-out></testcase><testcase classname="pytest_cases.tests.pytest_extension.parametrize_plus.test_fixture_ref_basic4_ids" file="pytest_cases/tests/pytest_extension/parametrize_plus/test_fixture_ref_basic4_ids.py" line="41" name="test_foo_nostyle[aaa]" time="0.0030264854431152344"><system-out>A AA
</system-out></testcase><testcase classname="pytest_cases.tests.pytest_extension.parametrize_plus.test_fixture_ref_basic4_ids" file="pytest_cases/tests/pytest_extension/parametrize_plus/test_fixture_ref_basic4_ids.py" line="41" name="test_foo_nostyle[4-4]" time="0.0019388198852539062"><system-out>4 4
</system-out></testcase><testcase classname="pytest_cases.tests.pytest_extension.parametrize_plus.test_fixture_ref_basic4_ids" file="pytest_cases/tests/pytest_extension/parametrize_plus/test_fixture_ref_basic4_ids.py" line="41" name="test_foo_nostyle[1-a]" time="0.003462553024291992"><system-out>1 (&apos;A&apos;, &apos;AA&apos;)
</system-out></testcase><testcase classname="pytest_cases.tests.pytest_extension.parametrize_plus.test_fixture_ref_basic4_ids" file="pytest_cases/tests/pytest_extension/parametrize_plus/test_fixture_ref_basic4_ids.py" line="41" name="test_foo_nostyle[3-b-1]" time="0.002131223678588867"><system-out>3 B1
</system-out></testcase><testcase classname="pytest_cases.tests.pytest_extension.parametrize_plus.test_fixture_ref_basic4_ids" file="pytest_cases/tests/pytest_extension/parametrize_plus/test_fixture_ref_basic4_ids.py" line="41" name="test_foo_nostyle[3-b-2]" time="0.003111124038696289"><system-out>3 B2
</system-out></testcase><testcase classname="pytest_cases.tests.pytest_extension.parametrize_plus.test_fixture_ref_basic4_ids" file="pytest_cases/tests/pytest_extension/parametrize_plus/test_fixture_ref_basic4_ids.py" line="46" name="test_synthesis" time="0.005341291427612305"></testcase><testcase classname="pytest_cases.tests.pytest_extension.parametrize_plus.test_getcallspecs" file="pytest_cases/tests/pytest_extension/parametrize_plus/test_getcallspecs.py" line="12" name="test_getcallspecs[False]" time="0.00237274169921875"></testcase><testcase classname="pytest_cases.tests.pytest_extension.parametrize_plus.test_getcallspecs" file="pytest_cases/tests/pytest_extension/parametrize_plus/test_getcallspecs.py" line="12" name="test_getcallspecs[True]" time="0.0009999275207519531"></testcase><testcase classname="pytest_cases.tests.pytest_extension.parametrize_plus.test_lazy_value" file="pytest_cases/tests/pytest_extension/parametrize_plus/test_lazy_value.py" line="26" name="test_foo_single[val]" time="0.0005407333374023438"></testcase><testcase classname="pytest_cases.tests.pytest_extension.parametrize_plus.test_lazy_value" file="pytest_cases/tests/pytest_extension/parametrize_plus/test_lazy_value.py" line="26" name="test_foo_single[val_skipped_on_old_pytest]" time="0.0005242824554443359"><skipped message="well" type="pytest.skip">pytest_cases/tests/pytest_extension/parametrize_plus/test_lazy_value.py:26: &lt;py._xmlgen.raw object at 0x7fc15cd916a0&gt;</skipped></testcase><testcase classname="pytest_cases.tests.pytest_extension.parametrize_plus.test_lazy_value" file="pytest_cases/tests/pytest_extension/parametrize_plus/test_lazy_value.py" line="26" name="test_foo_single[A]" time="0.0005009174346923828"></testcase><testcase classname="pytest_cases.tests.pytest_extension.parametrize_plus.test_lazy_value" file="pytest_cases/tests/pytest_extension/parametrize_plus/test_lazy_value.py" line="34" name="test_foo_multi[valtuple[0]-valtuple[1]]" time="0.0006861686706542969"></testcase><testcase classname="pytest_cases.tests.pytest_extension.parametrize_plus.test_lazy_value" file="pytest_cases/tests/pytest_extension/parametrize_plus/test_lazy_value.py" line="34" name="test_foo_multi[1-val]" time="0.0013566017150878906"></testcase><testcase classname="pytest_cases.tests.pytest_extension.parametrize_plus.test_lazy_value" file="pytest_cases/tests/pytest_extension/parametrize_plus/test_lazy_value.py" line="41" name="test_synthesis" time="0.005125284194946289"></testcase><testcase classname="pytest_cases.tests.pytest_extension.parametrize_plus.test_lazy_value__custom_ids" file="pytest_cases/tests/pytest_extension/parametrize_plus/test_lazy_value__custom_ids.py" line="38" name="test_foo_single[a=val]" time="0.0013201236724853516"></testcase><testcase classname="pytest_cases.tests.pytest_extension.parametrize_plus.test_lazy_value__custom_ids" file="pytest_cases/tests/pytest_extension/parametrize_plus/test_lazy_value__custom_ids.py" line="38" name="test_foo_single[a=val_skipped_on_old_pytest]" time="0.0005099773406982422"><skipped message="well" type="pytest.skip">pytest_cases/tests/pytest_extension/parametrize_plus/test_lazy_value__custom_ids.py:38: &lt;py._xmlgen.raw object at 0x7fc15cd7e7b8&gt;</skipped></testcase><testcase classname="pytest_cases.tests.pytest_extension.parametrize_plus.test_lazy_value__custom_ids" file="pytest_cases/tests/pytest_extension/parametrize_plus/test_lazy_value__custom_ids.py" line="38" name="test_foo_single[a=A]" time="0.001562356948852539"></testcase><testcase classname="pytest_cases.tests.pytest_extension.parametrize_plus.test_lazy_value__custom_ids" file="pytest_cases/tests/pytest_extension/parametrize_plus/test_lazy_value__custom_ids.py" line="46" name="test_foo_multi[a=valtuple[0]-b=valtuple[1]]" time="0.00186920166015625"></testcase><testcase classname="pytest_cases.tests.pytest_extension.parametrize_plus.test_lazy_value__custom_ids" file="pytest_cases/tests/pytest_extension/parametrize_plus/test_lazy_value__custom_ids.py" line="46" name="test_foo_multi[a=1-b=val]" time="0.0012104511260986328"></testcase><testcase classname="pytest_cases.tests.pytest_extension.parametrize_plus.test_lazy_value__custom_ids" file="pytest_cases/tests/pytest_extension/parametrize_plus/test_lazy_value__custom_ids.py" line="53" name="test_synthesis" time="0.0039234161376953125"></testcase><testcase classname="pytest_cases.tests.pytest_extension.parametrize_plus.test_lazy_value_and_fixture_ref" file="pytest_cases/tests/pytest_extension/parametrize_plus/test_lazy_value_and_fixture_ref.py" line="21" name="test_foo_single[val]" time="0.0019249916076660156"></testcase><testcase classname="pytest_cases.tests.pytest_extension.parametrize_plus.test_lazy_value_and_fixture_ref" file="pytest_cases/tests/pytest_extension/parametrize_plus/test_lazy_value_and_fixture_ref.py" line="21" name="test_foo_single[bfix-5]" time="0.0014019012451171875"></testcase><testcase classname="pytest_cases.tests.pytest_extension.parametrize_plus.test_lazy_value_and_fixture_ref" file="pytest_cases/tests/pytest_extension/parametrize_plus/test_lazy_value_and_fixture_ref.py" line="21" name="test_foo_single[bfix-7]" time="0.0021402835845947266"></testcase><testcase classname="pytest_cases.tests.pytest_extension.parametrize_plus.test_lazy_value_and_fixture_ref" file="pytest_cases/tests/pytest_extension/parametrize_plus/test_lazy_value_and_fixture_ref.py" line="21" name="test_foo_single[A]" time="0.0029251575469970703"></testcase><testcase classname="pytest_cases.tests.pytest_extension.parametrize_plus.test_lazy_value_and_fixture_ref" file="pytest_cases/tests/pytest_extension/parametrize_plus/test_lazy_value_and_fixture_ref.py" line="29" name="test_synthesis2" time="0.004295825958251953"></testcase><testcase classname="pytest_cases.tests.pytest_extension.parametrize_plus.test_lazy_value_and_fixture_ref2" file="pytest_cases/tests/pytest_extension/parametrize_plus/test_lazy_value_and_fixture_ref2.py" line="46" name="test_foo_multi[valtuple]" time="0.001390218734741211"></testcase><testcase classname="pytest_cases.tests.pytest_extension.parametrize_plus.test_lazy_value_and_fixture_ref2" file="pytest_cases/tests/pytest_extension/parametrize_plus/test_lazy_value_and_fixture_ref2.py" line="46" name="test_foo_multi[A]" time="0.0012962818145751953"></testcase><testcase classname="pytest_cases.tests.pytest_extension.parametrize_plus.test_lazy_value_and_fixture_ref2" file="pytest_cases/tests/pytest_extension/parametrize_plus/test_lazy_value_and_fixture_ref2.py" line="46" name="test_foo_multi[tfix-13]" time="0.0012543201446533203"></testcase><testcase classname="pytest_cases.tests.pytest_extension.parametrize_plus.test_lazy_value_and_fixture_ref2" file="pytest_cases/tests/pytest_extension/parametrize_plus/test_lazy_value_and_fixture_ref2.py" line="46" name="test_foo_multi[tfix-11]" time="0.0027832984924316406"></testcase><testcase classname="pytest_cases.tests.pytest_extension.parametrize_plus.test_lazy_value_and_fixture_ref2" file="pytest_cases/tests/pytest_extension/parametrize_plus/test_lazy_value_and_fixture_ref2.py" line="46" name="test_foo_multi[vfix-val-5]" time="0.0017452239990234375"></testcase><testcase classname="pytest_cases.tests.pytest_extension.parametrize_plus.test_lazy_value_and_fixture_ref2" file="pytest_cases/tests/pytest_extension/parametrize_plus/test_lazy_value_and_fixture_ref2.py" line="46" name="test_foo_multi[vfix-val-7]" time="0.0022733211517333984"></testcase><testcase classname="pytest_cases.tests.pytest_extension.parametrize_plus.test_lazy_value_and_fixture_ref2" file="pytest_cases/tests/pytest_extension/parametrize_plus/test_lazy_value_and_fixture_ref2.py" line="46" name="test_foo_multi[B-vfix-5]" time="0.001331329345703125"></testcase><testcase classname="pytest_cases.tests.pytest_extension.parametrize_plus.test_lazy_value_and_fixture_ref2" file="pytest_cases/tests/pytest_extension/parametrize_plus/test_lazy_value_and_fixture_ref2.py" line="46" name="test_foo_multi[B-vfix-7]" time="0.001058816909790039"></testcase><testcase classname="pytest_cases.tests.pytest_extension.parametrize_plus.test_lazy_value_and_fixture_ref2" file="pytest_cases/tests/pytest_extension/parametrize_plus/test_lazy_value_and_fixture_ref2.py" line="46" name="test_foo_multi[vfix-vfix-5]" time="0.0015208721160888672"></testcase><testcase classname="pytest_cases.tests.pytest_extension.parametrize_plus.test_lazy_value_and_fixture_ref2" file="pytest_cases/tests/pytest_extension/parametrize_plus/test_lazy_value_and_fixture_ref2.py" line="46" name="test_foo_multi[vfix-vfix-7]" time="0.0029897689819335938"></testcase><testcase classname="pytest_cases.tests.pytest_extension.parametrize_plus.test_lazy_value_and_fixture_ref2" file="pytest_cases/tests/pytest_extension/parametrize_plus/test_lazy_value_and_fixture_ref2.py" line="60" name="test_synthesis2" time="0.004816532135009766"></testcase><testcase classname="pytest_cases.tests.pytest_extension.parametrize_plus.test_lazy_value_and_fixture_ref3" file="pytest_cases/tests/pytest_extension/parametrize_plus/test_lazy_value_and_fixture_ref3.py" line="46" name="test_foo_multi[valtuple]" time="0.0026743412017822266"></testcase><testcase classname="pytest_cases.tests.pytest_extension.parametrize_plus.test_lazy_value_and_fixture_ref3" file="pytest_cases/tests/pytest_extension/parametrize_plus/test_lazy_value_and_fixture_ref3.py" line="46" name="test_foo_multi[A]" time="0.0036880970001220703"></testcase><testcase classname="pytest_cases.tests.pytest_extension.parametrize_plus.test_lazy_value_and_fixture_ref3" file="pytest_cases/tests/pytest_extension/parametrize_plus/test_lazy_value_and_fixture_ref3.py" line="46" name="test_foo_multi[tfix-val]" time="0.004215240478515625"></testcase><testcase classname="pytest_cases.tests.pytest_extension.parametrize_plus.test_lazy_value_and_fixture_ref3" file="pytest_cases/tests/pytest_extension/parametrize_plus/test_lazy_value_and_fixture_ref3.py" line="46" name="test_foo_multi[tfix-11]" time="0.0036880970001220703"></testcase><testcase classname="pytest_cases.tests.pytest_extension.parametrize_plus.test_lazy_value_and_fixture_ref3" file="pytest_cases/tests/pytest_extension/parametrize_plus/test_lazy_value_and_fixture_ref3.py" line="46" name="test_foo_multi[vfix-val-5]" time="0.0037021636962890625"></testcase><testcase classname="pytest_cases.tests.pytest_extension.parametrize_plus.test_lazy_value_and_fixture_ref3" file="pytest_cases/tests/pytest_extension/parametrize_plus/test_lazy_value_and_fixture_ref3.py" line="46" name="test_foo_multi[vfix-val-val]" time="0.003526449203491211"></testcase><testcase classname="pytest_cases.tests.pytest_extension.parametrize_plus.test_lazy_value_and_fixture_ref3" file="pytest_cases/tests/pytest_extension/parametrize_plus/test_lazy_value_and_fixture_ref3.py" line="46" name="test_foo_multi[B-vfix-5]" time="0.0042724609375"></testcase><testcase classname="pytest_cases.tests.pytest_extension.parametrize_plus.test_lazy_value_and_fixture_ref3" file="pytest_cases/tests/pytest_extension/parametrize_plus/test_lazy_value_and_fixture_ref3.py" line="46" name="test_foo_multi[B-vfix-val]" time="0.0013833045959472656"></testcase><testcase classname="pytest_cases.tests.pytest_extension.parametrize_plus.test_lazy_value_and_fixture_ref3" file="pytest_cases/tests/pytest_extension/parametrize_plus/test_lazy_value_and_fixture_ref3.py" line="46" name="test_foo_multi[vfix-vfix-5]" time="0.0010426044464111328"></testcase><testcase classname="pytest_cases.tests.pytest_extension.parametrize_plus.test_lazy_value_and_fixture_ref3" file="pytest_cases/tests/pytest_extension/parametrize_plus/test_lazy_value_and_fixture_ref3.py" line="46" name="test_foo_multi[vfix-vfix-val]" time="0.0031142234802246094"></testcase><testcase classname="pytest_cases.tests.pytest_extension.parametrize_plus.test_lazy_value_and_fixture_ref3" file="pytest_cases/tests/pytest_extension/parametrize_plus/test_lazy_value_and_fixture_ref3.py" line="60" name="test_synthesis2" time="0.005890369415283203"></testcase><testcase classname="pytest_cases.tests.pytest_extension.parametrize_plus.test_lazy_value_low_level" file="pytest_cases/tests/pytest_extension/parametrize_plus/test_lazy_value_low_level.py" line="16" name="test_value_ref" time="0.002933025360107422"></testcase><testcase classname="pytest_cases.tests.pytest_extension.parametrize_plus.test_lazy_value_low_level" file="pytest_cases/tests/pytest_extension/parametrize_plus/test_lazy_value_low_level.py" line="100" name="test_lv_clone" time="0.0018913745880126953"></testcase><testcase classname="pytest_cases.tests.pytest_extension.parametrize_plus.test_lazy_value_low_level" file="pytest_cases/tests/pytest_extension/parametrize_plus/test_lazy_value_low_level.py" line="125" name="test_lv_tuple_clone" time="0.002705812454223633"></testcase><testcase classname="pytest_cases.tests.pytest_extension.parametrize_plus.test_lazy_value_so" file="pytest_cases/tests/pytest_extension/parametrize_plus/test_lazy_value_so.py" line="32" name="test_foo[get_param(0)]" time="0.0014050006866455078"><system-out>0.21604703409625714
</system-out></testcase><testcase classname="pytest_cases.tests.pytest_extension.parametrize_plus.test_lazy_value_so" file="pytest_cases/tests/pytest_extension/parametrize_plus/test_lazy_value_so.py" line="32" name="test_foo[get_param(1)]" time="0.0009829998016357422"><system-out>0.8872431335981694
</system-out></testcase><testcase classname="pytest_cases.tests.pytest_extension.parametrize_plus.test_lazy_value_so" file="pytest_cases/tests/pytest_extension/parametrize_plus/test_lazy_value_so.py" line="32" name="test_foo[get_param(2)]" time="0.0006358623504638672"><system-out>0.18970096913802437
</system-out></testcase><testcase classname="pytest_cases.tests.pytest_extension.parametrize_plus.test_lazy_value_so" file="pytest_cases/tests/pytest_extension/parametrize_plus/test_lazy_value_so.py" line="32" name="test_foo[get_param(3)]" time="0.0006353855133056641"><system-out>0.08985669950803177
</system-out></testcase><testcase classname="pytest_cases.tests.pytest_extension.parametrize_plus.test_lazy_value_so" file="pytest_cases/tests/pytest_extension/parametrize_plus/test_lazy_value_so.py" line="32" name="test_foo[get_param(4)]" time="0.0005810260772705078"><system-out>0.15760830334646436
</system-out></testcase><testcase classname="pytest_cases.tests.pytest_extension.parametrize_plus.test_lazy_value_so" file="pytest_cases/tests/pytest_extension/parametrize_plus/test_lazy_value_so.py" line="32" name="test_foo[get_param(5)]" time="0.0022699832916259766"><system-out>0.6682964951782353
</system-out></testcase><testcase classname="pytest_cases.tests.pytest_extension.parametrize_plus.test_lazy_value_so" file="pytest_cases/tests/pytest_extension/parametrize_plus/test_lazy_value_so.py" line="32" name="test_foo[get_param(6)]" time="0.0013301372528076172"><system-out>0.5734861263592943
</system-out></testcase><testcase classname="pytest_cases.tests.pytest_extension.parametrize_plus.test_lazy_value_so" file="pytest_cases/tests/pytest_extension/parametrize_plus/test_lazy_value_so.py" line="32" name="test_foo[get_param(7)]" time="0.0015728473663330078"><system-out>0.3771559567030084
</system-out></testcase><testcase classname="pytest_cases.tests.pytest_extension.parametrize_plus.test_lazy_value_so" file="pytest_cases/tests/pytest_extension/parametrize_plus/test_lazy_value_so.py" line="32" name="test_foo[get_param(8)]" time="0.0014810562133789062"><system-out>0.8503493151602343
</system-out></testcase><testcase classname="pytest_cases.tests.pytest_extension.parametrize_plus.test_lazy_value_so" file="pytest_cases/tests/pytest_extension/parametrize_plus/test_lazy_value_so.py" line="32" name="test_foo[get_param(9)]" time="0.0004379749298095703"><system-out>0.4400150567089236
</system-out></testcase><testcase classname="pytest_cases.tests.pytest_extension.parametrize_plus.test_so2" file="pytest_cases/tests/pytest_extension/parametrize_plus/test_so2.py" line="67" name="test_databases[data_from_datasetA-idx=0]" time="0.000732421875"><system-out>setting up dataset A
setting up dataset B
data1_a
</system-out></testcase><testcase classname="pytest_cases.tests.pytest_extension.parametrize_plus.test_so2" file="pytest_cases/tests/pytest_extension/parametrize_plus/test_so2.py" line="67" name="test_databases[data_from_datasetB-idx=0]" time="0.0007283687591552734"></testcase><testcase classname="pytest_cases.tests.pytest_extension.parametrize_plus.test_so2" file="pytest_cases/tests/pytest_extension/parametrize_plus/test_so2.py" line="67" name="test_databases[data_from_datasetB-idx=1]" time="0.0014424324035644531"><system-out>data2_b
</system-out></testcase><testcase classname="pytest_cases.tests.pytest_extension.parametrize_plus.test_so2" file="pytest_cases/tests/pytest_extension/parametrize_plus/test_so2.py" line="67" name="test_databases[data_from_datasetB-idx=2]" time="0.0045244693756103516"><system-out>data3_b
</system-out></testcase><testcase classname="pytest_cases.tests.pytest_extension.parametrize_plus.test_so2" file="pytest_cases/tests/pytest_extension/parametrize_plus/test_so2.py" line="67" name="test_databases[data_from_datasetA-idx=1]" time="0.004047393798828125"><system-out>data2_a
</system-out></testcase><testcase classname="pytest_cases.tests.pytest_extension.parametrize_plus.test_so2" file="pytest_cases/tests/pytest_extension/parametrize_plus/test_so2.py" line="67" name="test_databases[data_from_datasetA-idx=2]" time="0.0012683868408203125"><system-out>data3_a
</system-out></testcase><testcase classname="pytest_cases.tests.pytest_extension.parametrize_plus.test_so2_dynamic" file="pytest_cases/tests/pytest_extension/parametrize_plus/test_so2_dynamic.py" line="42" name="test_databases[data_from_DA-idx=0]" time="0.001209259033203125"><system-out>setting up dataset DA
setting up dataset DB
data1_a
</system-out></testcase><testcase classname="pytest_cases.tests.pytest_extension.parametrize_plus.test_so2_dynamic" file="pytest_cases/tests/pytest_extension/parametrize_plus/test_so2_dynamic.py" line="42" name="test_databases[data_from_DB-idx=0]" time="0.0026679039001464844"></testcase><testcase classname="pytest_cases.tests.pytest_extension.parametrize_plus.test_so2_dynamic" file="pytest_cases/tests/pytest_extension/parametrize_plus/test_so2_dynamic.py" line="42" name="test_databases[data_from_DA-idx=1]" time="0.0012359619140625"><system-out>data2_a
</system-out></testcase><testcase classname="pytest_cases.tests.pytest_extension.parametrize_plus.test_so2_dynamic" file="pytest_cases/tests/pytest_extension/parametrize_plus/test_so2_dynamic.py" line="42" name="test_databases[data_from_DA-idx=2]" time="0.0010142326354980469"><system-out>data3_a
</system-out></testcase><testcase classname="pytest_cases.tests.pytest_extension.parametrize_plus.test_so2_dynamic" file="pytest_cases/tests/pytest_extension/parametrize_plus/test_so2_dynamic.py" line="42" name="test_databases[data_from_DB-idx=1]" time="0.0030477046966552734"><system-out>data2_b
</system-out></testcase><testcase classname="pytest_cases.tests.pytest_extension.parametrize_plus.test_so2_new" file="pytest_cases/tests/pytest_extension/parametrize_plus/test_so2_new.py" line="45" name="test_data[from_A-idx=0]" time="0.0022988319396972656"><system-out>10
</system-out></testcase><testcase classname="pytest_cases.tests.pytest_extension.parametrize_plus.test_so2_new" file="pytest_cases/tests/pytest_extension/parametrize_plus/test_so2_new.py" line="45" name="test_data[from_A-idx=1]" time="0.0007109642028808594"><system-out>20
</system-out></testcase><testcase classname="pytest_cases.tests.pytest_extension.parametrize_plus.test_so2_new" file="pytest_cases/tests/pytest_extension/parametrize_plus/test_so2_new.py" line="45" name="test_data[from_A-idx=2]" time="0.0008220672607421875"><system-out>30
</system-out></testcase><testcase classname="pytest_cases.tests.pytest_extension.parametrize_plus.test_so2_new" file="pytest_cases/tests/pytest_extension/parametrize_plus/test_so2_new.py" line="45" name="test_data[from_B-idx=0]" time="0.0006096363067626953"><system-out>100
</system-out></testcase><testcase classname="pytest_cases.tests.pytest_extension.parametrize_plus.test_so2_new" file="pytest_cases/tests/pytest_extension/parametrize_plus/test_so2_new.py" line="45" name="test_data[from_B-idx=1]" time="0.0016491413116455078"><system-out>200
</system-out></testcase><testcase classname="pytest_cases.tests.pytest_extension.parametrize_plus.test_so2_simplified" file="pytest_cases/tests/pytest_extension/parametrize_plus/test_so2_simplified.py" line="39" name="test_databases[data_from_datasetA-idx=0]" time="0.002890348434448242"><system-out>setting up dataset A
setting up dataset B
data1_a
</system-out></testcase><testcase classname="pytest_cases.tests.pytest_extension.parametrize_plus.test_so2_simplified" file="pytest_cases/tests/pytest_extension/parametrize_plus/test_so2_simplified.py" line="39" name="test_databases[data_from_datasetB-idx=0]" time="0.0028798580169677734"></testcase><testcase classname="pytest_cases.tests.pytest_extension.parametrize_plus.test_so2_simplified" file="pytest_cases/tests/pytest_extension/parametrize_plus/test_so2_simplified.py" line="39" name="test_databases[data_from_datasetB-idx=1]" time="0.0031664371490478516"><system-out>data2_b
</system-out></testcase><testcase classname="pytest_cases.tests.pytest_extension.parametrize_plus.test_so2_simplified" file="pytest_cases/tests/pytest_extension/parametrize_plus/test_so2_simplified.py" line="39" name="test_databases[data_from_datasetA-idx=1]" time="0.002213001251220703"><system-out>data2_a
</system-out></testcase><testcase classname="pytest_cases.tests.pytest_extension.parametrize_plus.test_so2_simplified" file="pytest_cases/tests/pytest_extension/parametrize_plus/test_so2_simplified.py" line="39" name="test_databases[data_from_datasetA-idx=2]" time="0.00468897819519043"><system-out>data3_a
</system-out></testcase></testsuite>