<?xml version="1.0" encoding="utf-8"?><testsuite errors="0" failures="0" name="pytest" skips="110" tests="860" time="4.450"><testcase classname="pytest_cases.tests.test_plugin_installed" file="pytest_cases/tests/test_plugin_installed.py" line="4" name="test_pytest_cases_plugin_installed" time="0.0008928775787353516"></testcase><testcase classname="pytest_cases.tests.cases.doc.test_doc" file="pytest_cases/tests/cases/doc/test_doc.py" line="14" name="test_foo1[1-2]" time="0.0007488727569580078"></testcase><testcase classname="pytest_cases.tests.cases.doc.test_doc" file="pytest_cases/tests/cases/doc/test_doc.py" line="14" name="test_foo1[-1--2]" time="0.0007143020629882812"></testcase><testcase classname="pytest_cases.tests.cases.doc.test_doc" file="pytest_cases/tests/cases/doc/test_doc.py" line="19" name="test_foo1_synthesis" time="0.004029512405395508"></testcase><testcase classname="pytest_cases.tests.cases.doc.test_doc" file="pytest_cases/tests/cases/doc/test_doc.py" line="24" name="test_foo_default_cases_file[two_positive_ints[0]-two_positive_ints[1]]" time="0.0007529258728027344"></testcase><testcase classname="pytest_cases.tests.cases.doc.test_doc" file="pytest_cases/tests/cases/doc/test_doc.py" line="24" name="test_foo_default_cases_file[two_negative_ints[0]-two_negative_ints[1]]" time="0.0009055137634277344"></testcase><testcase classname="pytest_cases.tests.cases.doc.test_doc" file="pytest_cases/tests/cases/doc/test_doc.py" line="29" name="test_foo_default_cases_file_synthesis" time="0.004037141799926758"></testcase><testcase classname="pytest_cases.tests.cases.doc.test_doc" file="pytest_cases/tests/cases/doc/test_doc.py" line="37" name="test_foo_alternate_cases_file_and_two_marked_skip[0hello[0]-hello[1]]" time="0.0007271766662597656"></testcase><testcase classname="pytest_cases.tests.cases.doc.test_doc" file="pytest_cases/tests/cases/doc/test_doc.py" line="37" name="test_foo_alternate_cases_file_and_two_marked_skip[1skipped[0]-skipped[1]]" time="0.0002741813659667969"><skipped message="unconditional skip" type="pytest.skip">pytest_cases/tests/cases/doc/test_doc.py:37: &lt;py._xmlgen.raw object at 0x7f4b6be26400&gt;</skipped></testcase><testcase classname="pytest_cases.tests.cases.doc.test_doc" file="pytest_cases/tests/cases/doc/test_doc.py" line="37" name="test_foo_alternate_cases_file_and_two_marked_skip[2two_negative_ints[0]-two_negative_ints[1]]" time="0.0007805824279785156"></testcase><testcase classname="pytest_cases.tests.cases.doc.test_doc" file="pytest_cases/tests/cases/doc/test_doc.py" line="37" name="test_foo_alternate_cases_file_and_two_marked_skip[3three_negative_ints[0]-three_negative_ints[1]]" time="0.00024819374084472656"><skipped message="unconditional skip" type="pytest.skip">pytest_cases/tests/cases/doc/test_doc.py:37: &lt;py._xmlgen.raw object at 0x7f4b6beccf60&gt;</skipped></testcase><testcase classname="pytest_cases.tests.cases.doc.test_doc" file="pytest_cases/tests/cases/doc/test_doc.py" line="37" name="test_foo_alternate_cases_file_and_two_marked_skip[4two_negative_ints[0]-two_negative_ints[1]]" time="0.0007295608520507812"></testcase><testcase classname="pytest_cases.tests.cases.doc.test_doc" file="pytest_cases/tests/cases/doc/test_doc.py" line="42" name="test_foo_alternate_cases_file_and_two_marked_skip_synthesis" time="0.004105091094970703"></testcase><testcase classname="pytest_cases.tests.cases.doc.test_doc" file="pytest_cases/tests/cases/doc/test_doc.py" line="64" name="test_foo_fun[strange_ints[0]-strange_ints[1]]" time="0.0007207393646240234"></testcase><testcase classname="pytest_cases.tests.cases.doc.test_doc" file="pytest_cases/tests/cases/doc/test_doc.py" line="69" name="test_foo_fun_synthesis" time="0.004167795181274414"></testcase><testcase classname="pytest_cases.tests.cases.doc.test_doc" file="pytest_cases/tests/cases/doc/test_doc.py" line="77" name="test_foo_fun_list[0strange_ints[0]-strange_ints[1]]" time="0.0007412433624267578"></testcase><testcase classname="pytest_cases.tests.cases.doc.test_doc" file="pytest_cases/tests/cases/doc/test_doc.py" line="77" name="test_foo_fun_list[1strange_ints[0]-strange_ints[1]]" time="0.0006930828094482422"></testcase><testcase classname="pytest_cases.tests.cases.doc.test_doc" file="pytest_cases/tests/cases/doc/test_doc.py" line="82" name="test_foo_fun_list_synthesis" time="0.003992557525634766"></testcase><testcase classname="pytest_cases.tests.cases.doc.test_doc" file="pytest_cases/tests/cases/doc/test_doc.py" line="121" name="test_foo_cls[hello world[0]-hello world[1]]" time="0.0007832050323486328"></testcase><testcase classname="pytest_cases.tests.cases.doc.test_doc" file="pytest_cases/tests/cases/doc/test_doc.py" line="121" name="test_foo_cls[skipped[0]-skipped[1]]" time="0.00028014183044433594"><skipped message="unconditional skip" type="pytest.skip">pytest_cases/tests/cases/doc/test_doc.py:121: &lt;py._xmlgen.raw object at 0x7f4b6be1f128&gt;</skipped></testcase><testcase classname="pytest_cases.tests.cases.doc.test_doc" file="pytest_cases/tests/cases/doc/test_doc.py" line="121" name="test_foo_cls[two_negative_ints[0]-two_negative_ints[1]]" time="0.0007064342498779297"></testcase><testcase classname="pytest_cases.tests.cases.doc.test_doc" file="pytest_cases/tests/cases/doc/test_doc.py" line="126" name="test_foo_cls_synthesis" time="0.0040590763092041016"></testcase><testcase classname="pytest_cases.tests.cases.doc.test_doc" file="pytest_cases/tests/cases/doc/test_doc.py" line="140" name="test_foo_cls_list[0hello world[0]-hello world[1]]" time="0.0007479190826416016"></testcase><testcase classname="pytest_cases.tests.cases.doc.test_doc" file="pytest_cases/tests/cases/doc/test_doc.py" line="140" name="test_foo_cls_list[1skipped[0]-skipped[1]]" time="0.0002655982971191406"><skipped message="unconditional skip" type="pytest.skip">pytest_cases/tests/cases/doc/test_doc.py:140: &lt;py._xmlgen.raw object at 0x7f4b6be1f978&gt;</skipped></testcase><testcase classname="pytest_cases.tests.cases.doc.test_doc" file="pytest_cases/tests/cases/doc/test_doc.py" line="140" name="test_foo_cls_list[2two_negative_ints[0]-two_negative_ints[1]]" time="0.0009715557098388672"></testcase><testcase classname="pytest_cases.tests.cases.doc.test_doc" file="pytest_cases/tests/cases/doc/test_doc.py" line="140" name="test_foo_cls_list[3strange_ints[0]-strange_ints[1]]" time="0.000720977783203125"></testcase><testcase classname="pytest_cases.tests.cases.doc.test_doc" file="pytest_cases/tests/cases/doc/test_doc.py" line="140" name="test_foo_cls_list[4hello[0]-hello[1]]" time="0.0007269382476806641"></testcase><testcase classname="pytest_cases.tests.cases.doc.test_doc" file="pytest_cases/tests/cases/doc/test_doc.py" line="140" name="test_foo_cls_list[5skipped[0]-skipped[1]]" time="0.000255584716796875"><skipped message="unconditional skip" type="pytest.skip">pytest_cases/tests/cases/doc/test_doc.py:140: &lt;py._xmlgen.raw object at 0x7f4b6be9e828&gt;</skipped></testcase><testcase classname="pytest_cases.tests.cases.doc.test_doc" file="pytest_cases/tests/cases/doc/test_doc.py" line="140" name="test_foo_cls_list[6two_negative_ints[0]-two_negative_ints[1]]" time="0.0007445812225341797"></testcase><testcase classname="pytest_cases.tests.cases.doc.test_doc" file="pytest_cases/tests/cases/doc/test_doc.py" line="140" name="test_foo_cls_list[7three_negative_ints[0]-three_negative_ints[1]]" time="0.0002818107604980469"><skipped message="unconditional skip" type="pytest.skip">pytest_cases/tests/cases/doc/test_doc.py:140: &lt;py._xmlgen.raw object at 0x7f4b6be2a7b8&gt;</skipped></testcase><testcase classname="pytest_cases.tests.cases.doc.test_doc" file="pytest_cases/tests/cases/doc/test_doc.py" line="140" name="test_foo_cls_list[8two_negative_ints[0]-two_negative_ints[1]]" time="0.0007565021514892578"></testcase><testcase classname="pytest_cases.tests.cases.doc.test_doc" file="pytest_cases/tests/cases/doc/test_doc.py" line="140" name="test_foo_cls_list[9hello world[0]-hello world[1]]" time="0.0007455348968505859"></testcase><testcase classname="pytest_cases.tests.cases.doc.test_doc" file="pytest_cases/tests/cases/doc/test_doc.py" line="140" name="test_foo_cls_list[10skipped[0]-skipped[1]]" time="0.0002372264862060547"><skipped message="unconditional skip" type="pytest.skip">pytest_cases/tests/cases/doc/test_doc.py:140: &lt;py._xmlgen.raw object at 0x7f4b6be2aa58&gt;</skipped></testcase><testcase classname="pytest_cases.tests.cases.doc.test_doc" file="pytest_cases/tests/cases/doc/test_doc.py" line="140" name="test_foo_cls_list[11two_negative_ints[0]-two_negative_ints[1]]" time="0.0007605552673339844"></testcase><testcase classname="pytest_cases.tests.cases.doc.test_doc" file="pytest_cases/tests/cases/doc/test_doc.py" line="140" name="test_foo_cls_list[12two_positive_ints[0]-two_positive_ints[1]]" time="0.0009925365447998047"></testcase><testcase classname="pytest_cases.tests.cases.doc.test_doc" file="pytest_cases/tests/cases/doc/test_doc.py" line="140" name="test_foo_cls_list[13two_negative_ints[0]-two_negative_ints[1]]" time="0.0007309913635253906"></testcase><testcase classname="pytest_cases.tests.cases.doc.test_doc" file="pytest_cases/tests/cases/doc/test_doc.py" line="145" name="test_foo_cls_list_synthesis" time="0.004593372344970703"></testcase><testcase classname="pytest_cases.tests.cases.doc.test_doc" file="pytest_cases/tests/cases/doc/test_doc.py" line="176" name="test_foo_parametrize_fixture[two_positive_ints]" time="0.0007610321044921875"></testcase><testcase classname="pytest_cases.tests.cases.doc.test_doc" file="pytest_cases/tests/cases/doc/test_doc.py" line="176" name="test_foo_parametrize_fixture[two_negative_ints]" time="0.0007238388061523438"></testcase><testcase classname="pytest_cases.tests.cases.doc.test_doc" file="pytest_cases/tests/cases/doc/test_doc.py" line="180" name="test_foo_parametrize_fixture_synthesis" time="0.004137992858886719"></testcase><testcase classname="pytest_cases.tests.cases.doc.test_doc_cache" file="pytest_cases/tests/cases/doc/test_doc_cache.py" line="26" name="test_caching[dummy-a=0-d=0]" time="0.001064300537109375"></testcase><testcase classname="pytest_cases.tests.cases.doc.test_doc_cache" file="pytest_cases/tests/cases/doc/test_doc_cache.py" line="26" name="test_caching[dummy-a=0-d=1]" time="0.0008795261383056641"></testcase><testcase classname="pytest_cases.tests.cases.doc.test_doc_cache" file="pytest_cases/tests/cases/doc/test_doc_cache.py" line="26" name="test_caching[dummy-a=1-d=0]" time="0.0010225772857666016"></testcase><testcase classname="pytest_cases.tests.cases.doc.test_doc_cache" file="pytest_cases/tests/cases/doc/test_doc_cache.py" line="26" name="test_caching[dummy-a=1-d=1]" time="0.0019774436950683594"></testcase><testcase classname="pytest_cases.tests.cases.doc.test_doc_cache" file="pytest_cases/tests/cases/doc/test_doc_cache.py" line="32" name="test_synthesis" time="0.004361391067504883"></testcase><testcase classname="pytest_cases.tests.cases.doc.test_doc_filters_n_tags" file="pytest_cases/tests/cases/doc/test_doc_filters_n_tags.py" line="10" name="test_default_pytest_order[bob-a]" time="0.0007131099700927734"></testcase><testcase classname="pytest_cases.tests.cases.doc.test_doc_filters_n_tags" file="pytest_cases/tests/cases/doc/test_doc_filters_n_tags.py" line="10" name="test_default_pytest_order[bob-b]" time="0.0006616115570068359"></testcase><testcase classname="pytest_cases.tests.cases.doc.test_doc_filters_n_tags" file="pytest_cases/tests/cases/doc/test_doc_filters_n_tags.py" line="41" name="test_with_data_non_param[bob-a]" time="0.0007481575012207031"></testcase><testcase classname="pytest_cases.tests.cases.doc.test_doc_filters_n_tags" file="pytest_cases/tests/cases/doc/test_doc_filters_n_tags.py" line="41" name="test_with_data_non_param[bob-b]" time="0.0009644031524658203"></testcase><testcase classname="pytest_cases.tests.cases.doc.test_doc_filters_n_tags" file="pytest_cases/tests/cases/doc/test_doc_filters_n_tags.py" line="48" name="test_with_data_param[a-bob]" time="0.0010542869567871094"></testcase><testcase classname="pytest_cases.tests.cases.doc.test_doc_filters_n_tags" file="pytest_cases/tests/cases/doc/test_doc_filters_n_tags.py" line="48" name="test_with_data_param[b-True-bob]" time="0.001020193099975586"></testcase><testcase classname="pytest_cases.tests.cases.doc.test_doc_filters_n_tags" file="pytest_cases/tests/cases/doc/test_doc_filters_n_tags.py" line="48" name="test_with_data_param[b-False-bob]" time="0.0010066032409667969"></testcase><testcase classname="pytest_cases.tests.cases.doc.test_doc_filters_n_tags" file="pytest_cases/tests/cases/doc/test_doc_filters_n_tags.py" line="55" name="test_with_data_synthesis" time="0.004587411880493164"></testcase><testcase classname="pytest_cases.tests.cases.doc.test_doc_filters_n_tags" file="pytest_cases/tests/cases/doc/test_doc_filters_n_tags.py" line="86" name="test_foo[one_positive_int]" time="0.0008873939514160156"></testcase><testcase classname="pytest_cases.tests.cases.doc.test_doc_filters_n_tags" file="pytest_cases/tests/cases/doc/test_doc_filters_n_tags.py" line="91" name="test_foo_fixtures_synthesis" time="0.003831624984741211"></testcase><testcase classname="pytest_cases.tests.cases.doc.test_doc_filters_n_tags2" file="pytest_cases/tests/cases/doc/test_doc_filters_n_tags2.py" line="20" name="test_good_datasets[int_success]" time="0.0006470680236816406"></testcase><testcase classname="pytest_cases.tests.cases.doc.test_doc_filters_n_tags2" file="pytest_cases/tests/cases/doc/test_doc_filters_n_tags2.py" line="25" name="test_bad_datasets[negative_int_failure[0]-negative_int_failure[1]-negative_int_failure[2]]" time="0.002118349075317383"></testcase><testcase classname="pytest_cases.tests.cases.doc.test_doc_filters_n_tags2" file="pytest_cases/tests/cases/doc/test_doc_filters_n_tags2.py" line="31" name="test_synthesis" time="0.005795478820800781"></testcase><testcase classname="pytest_cases.tests.cases.doc.test_doc_filters_n_tags2" file="pytest_cases/tests/cases/doc/test_doc_filters_n_tags2.py" line="50" name="test_good_datasets2[int_success]" time="0.001027822494506836"></testcase><testcase classname="pytest_cases.tests.cases.doc.test_doc_filters_n_tags2" file="pytest_cases/tests/cases/doc/test_doc_filters_n_tags2.py" line="55" name="test_bad_datasets2[negative_int_failure[0]-negative_int_failure[1]-negative_int_failure[2]]" time="0.001111745834350586"></testcase><testcase classname="pytest_cases.tests.cases.doc.test_doc_filters_n_tags2" file="pytest_cases/tests/cases/doc/test_doc_filters_n_tags2.py" line="61" name="test_synthesis2" time="0.0054988861083984375"></testcase><testcase classname="pytest_cases.tests.cases.doc.test_fixtures" file="pytest_cases/tests/cases/doc/test_fixtures.py" line="23" name="test_users[bob]" time="0.0015797615051269531"><system-out>this is test &apos;pytest_cases/tests/cases/doc/test_fixtures.py::test_users[bob]&apos;
</system-out></testcase><testcase classname="pytest_cases.tests.cases.doc.test_fixtures" file="pytest_cases/tests/cases/doc/test_fixtures.py" line="23" name="test_users[from_db-id=0]" time="0.0014188289642333984"><system-out>this is test &apos;pytest_cases/tests/cases/doc/test_fixtures.py::test_users[from_db-id=0]&apos;
</system-out></testcase><testcase classname="pytest_cases.tests.cases.doc.test_fixtures" file="pytest_cases/tests/cases/doc/test_fixtures.py" line="23" name="test_users[from_db-id=1]" time="0.0014400482177734375"><system-out>this is test &apos;pytest_cases/tests/cases/doc/test_fixtures.py::test_users[from_db-id=1]&apos;
</system-out></testcase><testcase classname="pytest_cases.tests.cases.doc.test_fixtures" file="pytest_cases/tests/cases/doc/test_fixtures.py" line="29" name="test_users_synthesis" time="0.004971981048583984"></testcase><testcase classname="pytest_cases.tests.cases.doc.test_generators" file="pytest_cases/tests/cases/doc/test_generators.py" line="23" name="test_foo[hello]" time="0.0010504722595214844"></testcase><testcase classname="pytest_cases.tests.cases.doc.test_generators" file="pytest_cases/tests/cases/doc/test_generators.py" line="23" name="test_foo[simple_generator-who=you]" time="0.0011715888977050781"></testcase><testcase classname="pytest_cases.tests.cases.doc.test_generators" file="pytest_cases/tests/cases/doc/test_generators.py" line="23" name="test_foo[simple_generator-who=there]" time="0.0006783008575439453"><skipped message="unconditional skip" type="pytest.skip">pytest_cases/tests/cases/doc/test_generators.py:23: &lt;py._xmlgen.raw object at 0x7f4b6be6a978&gt;</skipped></testcase><testcase classname="pytest_cases.tests.cases.doc.test_generators" file="pytest_cases/tests/cases/doc/test_generators.py" line="28" name="test_foo_synthesis" time="0.004796743392944336"></testcase><testcase classname="pytest_cases.tests.cases.doc.test_generators" file="pytest_cases/tests/cases/doc/test_generators.py" line="47" name="test_foo_multi[hello]" time="0.0011374950408935547"></testcase><testcase classname="pytest_cases.tests.cases.doc.test_generators" file="pytest_cases/tests/cases/doc/test_generators.py" line="47" name="test_foo_multi[simple_generator-a=5-who=you-b=5]" time="0.0002422332763671875"><skipped message="unconditional skip" type="pytest.skip">pytest_cases/tests/cases/doc/test_generators.py:47: &lt;py._xmlgen.raw object at 0x7f4b6be71e80&gt;</skipped></testcase><testcase classname="pytest_cases.tests.cases.doc.test_generators" file="pytest_cases/tests/cases/doc/test_generators.py" line="47" name="test_foo_multi[simple_generator-a=10-who=you-b=10]" time="0.0002846717834472656"><skipped message="unconditional skip" type="pytest.skip">pytest_cases/tests/cases/doc/test_generators.py:47: &lt;py._xmlgen.raw object at 0x7f4b6be71d68&gt;</skipped></testcase><testcase classname="pytest_cases.tests.cases.doc.test_generators" file="pytest_cases/tests/cases/doc/test_generators.py" line="47" name="test_foo_multi[simple_generator-a=5-who=there-b=5]" time="0.0011749267578125"></testcase><testcase classname="pytest_cases.tests.cases.doc.test_generators" file="pytest_cases/tests/cases/doc/test_generators.py" line="47" name="test_foo_multi[simple_generator-a=10-who=there-b=10]" time="0.0011665821075439453"></testcase><testcase classname="pytest_cases.tests.cases.doc.test_generators" file="pytest_cases/tests/cases/doc/test_generators.py" line="53" name="test_foo_multi_synthesis" time="0.004975557327270508"></testcase><testcase classname="pytest_cases.tests.cases.doc.test_joss" file="pytest_cases/tests/cases/doc/test_joss.py" line="28" name="test_evaluation[a-a]" time="0.001531362533569336"></testcase><testcase classname="pytest_cases.tests.cases.doc.test_joss" file="pytest_cases/tests/cases/doc/test_joss.py" line="28" name="test_evaluation[a-b-p=0]" time="0.0015816688537597656"></testcase><testcase classname="pytest_cases.tests.cases.doc.test_joss" file="pytest_cases/tests/cases/doc/test_joss.py" line="28" name="test_evaluation[a-b-p=1]" time="0.001556396484375"></testcase><testcase classname="pytest_cases.tests.cases.doc.test_parametrize_alt" file="pytest_cases/tests/cases/doc/test_parametrize_alt.py" line="16" name="test_argnames_as_list[sum_one_plus_two[0]-sum_one_plus_two[1]-sum_one_plus_two[2]]" time="0.001077890396118164"></testcase><testcase classname="pytest_cases.tests.cases.doc.test_parametrize_alt" file="pytest_cases/tests/cases/doc/test_parametrize_alt.py" line="21" name="test_argnames_as_tuple[sum_one_plus_two[0]-sum_one_plus_two[1]-sum_one_plus_two[2]]" time="0.0010890960693359375"></testcase><testcase classname="pytest_cases.tests.cases.doc.test_parametrize_alt" file="pytest_cases/tests/cases/doc/test_parametrize_alt.py" line="26" name="test_argnames_from_invalid_type" time="0.0015873908996582031"></testcase><testcase classname="pytest_cases.tests.cases.doc.test_parametrize_alt" file="pytest_cases/tests/cases/doc/test_parametrize_alt.py" line="33" name="test_argnames_element_from_invalid_type" time="0.0011265277862548828"></testcase><testcase classname="pytest_cases.tests.cases.issues.test_issue_117" file="&lt;makefun-gen-63&gt;" line="0" name="test_something[case-case]" time="0.001428365707397461"></testcase><testcase classname="pytest_cases.tests.cases.issues.test_issue_125" file="pytest_cases/tests/cases/issues/test_issue_125.py" line="37" name="test[one]" time="0.0014579296112060547"></testcase><testcase classname="pytest_cases.tests.cases.issues.test_issue_125" file="pytest_cases/tests/cases/issues/test_issue_125.py" line="37" name="test[two]" time="0.0014748573303222656"></testcase><testcase classname="pytest_cases.tests.cases.issues.test_issue_125" file="pytest_cases/tests/cases/issues/test_issue_125.py" line="37" name="test[three]" time="0.0015878677368164062"></testcase><testcase classname="pytest_cases.tests.cases.issues.test_issue_126" file="pytest_cases/tests/cases/issues/test_issue_126.py" line="31" name="test_functionality[0_requirement_1]" time="0.0014753341674804688"></testcase><testcase classname="pytest_cases.tests.cases.issues.test_issue_126" file="pytest_cases/tests/cases/issues/test_issue_126.py" line="31" name="test_functionality[1_requirement_2]" time="0.0013883113861083984"></testcase><testcase classname="pytest_cases.tests.cases.issues.test_issue_126" file="pytest_cases/tests/cases/issues/test_issue_126.py" line="31" name="test_functionality[2_requirement_1]" time="0.0015320777893066406"></testcase><testcase classname="pytest_cases.tests.cases.issues.test_issue_126" file="pytest_cases/tests/cases/issues/test_issue_126.py" line="31" name="test_functionality[3_requirement_2]" time="0.0017321109771728516"></testcase><testcase classname="pytest_cases.tests.cases.issues.test_issue_126" file="pytest_cases/tests/cases/issues/test_issue_126.py" line="36" name="test_functionality_again[0_requirement_1]" time="0.0014443397521972656"></testcase><testcase classname="pytest_cases.tests.cases.issues.test_issue_126" file="pytest_cases/tests/cases/issues/test_issue_126.py" line="36" name="test_functionality_again[1_requirement_2]" time="0.001417398452758789"></testcase><testcase classname="pytest_cases.tests.cases.issues.test_issue_126" file="pytest_cases/tests/cases/issues/test_issue_126.py" line="36" name="test_functionality_again[2_requirement_1]" time="0.0014684200286865234"></testcase><testcase classname="pytest_cases.tests.cases.issues.test_issue_126" file="pytest_cases/tests/cases/issues/test_issue_126.py" line="36" name="test_functionality_again[3_requirement_2]" time="0.0015902519226074219"></testcase><testcase classname="pytest_cases.tests.cases.issues.test_issue_126.TestNested" file="pytest_cases/tests/cases/issues/test_issue_126.py" line="42" name="test_functionality_again2[0_requirement_1]" time="0.0013880729675292969"></testcase><testcase classname="pytest_cases.tests.cases.issues.test_issue_126.TestNested" file="pytest_cases/tests/cases/issues/test_issue_126.py" line="42" name="test_functionality_again2[1_requirement_2]" time="0.0010111331939697266"></testcase><testcase classname="pytest_cases.tests.cases.issues.test_issue_126.TestNested" file="pytest_cases/tests/cases/issues/test_issue_126.py" line="42" name="test_functionality_again2[2_requirement_1]" time="0.0011012554168701172"></testcase><testcase classname="pytest_cases.tests.cases.issues.test_issue_126.TestNested" file="pytest_cases/tests/cases/issues/test_issue_126.py" line="42" name="test_functionality_again2[3_requirement_2]" time="0.0010666847229003906"></testcase><testcase classname="pytest_cases.tests.cases.issues.test_issue_126" file="pytest_cases/tests/cases/issues/test_issue_126.py" line="63" name="test_synthesis" time="0.018717050552368164"></testcase><testcase classname="pytest_cases.tests.cases.issues.test_issue_128" file="pytest_cases/tests/cases/issues/test_issue_128.py" line="7" name="test[one]" time="0.0026979446411132812"></testcase><testcase classname="pytest_cases.tests.cases.issues.test_issue_128_2" file="pytest_cases/tests/cases/issues/test_issue_128_2.py" line="16" name="test_this_is_failing[one]" time="0.003504514694213867"></testcase><testcase classname="pytest_cases.tests.cases.issues.test_issue_128_2" file="pytest_cases/tests/cases/issues/test_issue_128_2.py" line="16" name="test_this_is_failing[two]" time="0.0022232532501220703"></testcase><testcase classname="pytest_cases.tests.cases.issues.test_issue_142" file="pytest_cases/tests/cases/issues/test_issue_142.py" line="11" name="test_empty_prefix[&lt;empty_case_id&gt;-1]" time="0.0026798248291015625"></testcase><testcase classname="pytest_cases.tests.cases.issues.test_issue_142" file="pytest_cases/tests/cases/issues/test_issue_142.py" line="11" name="test_empty_prefix[&lt;empty_case_id&gt;-0]" time="0.0023458003997802734"></testcase><testcase classname="pytest_cases.tests.cases.issues.test_issue_142" file="pytest_cases/tests/cases/issues/test_issue_142.py" line="11" name="test_empty_prefix[&lt;empty_case_id&gt;--1]" time="0.0024595260620117188"></testcase><testcase classname="pytest_cases.tests.cases.issues.test_issue_142" file="pytest_cases/tests/cases/issues/test_issue_142.py" line="27" name="test_empty_caseid_both[test_empty_caseid_both_dummy_amount0]" time="0.003084421157836914"></testcase><testcase classname="pytest_cases.tests.cases.issues.test_issue_142" file="pytest_cases/tests/cases/issues/test_issue_142.py" line="27" name="test_empty_caseid_both[test_empty_caseid_both_dummy_amount1-1]" time="0.0022940635681152344"></testcase><testcase classname="pytest_cases.tests.cases.issues.test_issue_142" file="pytest_cases/tests/cases/issues/test_issue_142.py" line="32" name="test_synthesis" time="0.012349367141723633"></testcase><testcase classname="pytest_cases.tests.cases.issues.test_issue_142_2" file="pytest_cases/tests/cases/issues/test_issue_142_2.py" line="8" name="test_foo[1-b0]" time="0.0014796257019042969"></testcase><testcase classname="pytest_cases.tests.cases.issues.test_issue_142_2" file="pytest_cases/tests/cases/issues/test_issue_142_2.py" line="8" name="test_foo[case_dumb[0]-case_dumb[1]]" time="0.0021750926971435547"></testcase><testcase classname="pytest_cases.tests.cases.issues.test_issue_142_2" file="pytest_cases/tests/cases/issues/test_issue_142_2.py" line="13" name="test_tuples_no_id[dumb[0]-dumb[1]]" time="0.0016913414001464844"></testcase><testcase classname="pytest_cases.tests.cases.issues.test_issue_142_2" file="pytest_cases/tests/cases/issues/test_issue_142_2.py" line="21" name="test_foo2[hello]" time="0.0015604496002197266"></testcase><testcase classname="pytest_cases.tests.cases.issues.test_issue_142_2" file="pytest_cases/tests/cases/issues/test_issue_142_2.py" line="21" name="test_foo2[world]" time="0.0016121864318847656"></testcase><testcase classname="pytest_cases.tests.cases.issues.test_issue_142_2" file="pytest_cases/tests/cases/issues/test_issue_142_2.py" line="30" name="test_tuples[hello]" time="0.0017249584197998047"></testcase><testcase classname="pytest_cases.tests.cases.issues.test_issue_142_2" file="pytest_cases/tests/cases/issues/test_issue_142_2.py" line="35" name="test_synthesis" time="0.017975807189941406"></testcase><testcase classname="pytest_cases.tests.cases.issues.test_issue_151" file="pytest_cases/tests/cases/issues/test_issue_151.py" line="22" name="test_create_fixture_idstyle_explicit[(inputs,request_data)/simple]" time="0.0008840560913085938"></testcase><testcase classname="pytest_cases.tests.cases.issues.test_issue_151" file="pytest_cases/tests/cases/issues/test_issue_151.py" line="27" name="test_create_fixture_ids_generator[custom{0}]" time="0.0009183883666992188"></testcase><testcase classname="pytest_cases.tests.cases.issues.test_issue_151" file="pytest_cases/tests/cases/issues/test_issue_151.py" line="37" name="test_create_fixture_ids_callable[hello_simple]" time="0.000827789306640625"></testcase><testcase classname="pytest_cases.tests.cases.issues.test_issue_151" file="pytest_cases/tests/cases/issues/test_issue_151.py" line="42" name="test_create_fixture_ids_callable_str[(inputs,request_data)/P0F/simple]" time="0.0017118453979492188"></testcase><testcase classname="pytest_cases.tests.cases.issues.test_issue_151" file="pytest_cases/tests/cases/issues/test_issue_151.py" line="47" name="test_create_fixture_idstyle_compact[/simple]" time="0.0008246898651123047"></testcase><testcase classname="pytest_cases.tests.cases.issues.test_issue_151" file="pytest_cases/tests/cases/issues/test_issue_151.py" line="52" name="test_create_fixture_idstyle_none[simple]" time="0.0008645057678222656"></testcase><testcase classname="pytest_cases.tests.cases.issues.test_issue_151" file="pytest_cases/tests/cases/issues/test_issue_151.py" line="64" name="test_create_no_fixture_idstyle_explicit[simple[0]-simple[1]]" time="0.004269123077392578"></testcase><testcase classname="pytest_cases.tests.cases.issues.test_issue_151" file="pytest_cases/tests/cases/issues/test_issue_151.py" line="69" name="test_create_no_fixture_ids_generator[custom{0}]" time="0.0010912418365478516"></testcase><testcase classname="pytest_cases.tests.cases.issues.test_issue_151" file="pytest_cases/tests/cases/issues/test_issue_151.py" line="74" name="test_create_no_fixture_ids_callable[hello_simple]" time="0.0006849765777587891"></testcase><testcase classname="pytest_cases.tests.cases.issues.test_issue_151" file="pytest_cases/tests/cases/issues/test_issue_151.py" line="79" name="test_create_no_fixture_idstyle_compact[simple[0]-simple[1]]" time="0.0007050037384033203"></testcase><testcase classname="pytest_cases.tests.cases.issues.test_issue_151" file="pytest_cases/tests/cases/issues/test_issue_151.py" line="84" name="test_create_no_fixture_idstyle_none[simple[0]-simple[1]]" time="0.0007781982421875"></testcase><testcase classname="pytest_cases.tests.cases.issues.test_issue_151" file="pytest_cases/tests/cases/issues/test_issue_151.py" line="89" name="test_synthesis" time="0.0081329345703125"></testcase><testcase classname="pytest_cases.tests.cases.issues.test_issue_152" file="pytest_cases/tests/cases/issues/test_issue_152.py" line="24" name="test_uses_fixture[first]" time="0.0024979114532470703"></testcase><testcase classname="pytest_cases.tests.cases.issues.test_issue_152" file="pytest_cases/tests/cases/issues/test_issue_152.py" line="24" name="test_uses_fixture[second]" time="0.0009932518005371094"></testcase><testcase classname="pytest_cases.tests.cases.issues.test_issue_154.TestTuples" file="pytest_cases/tests/cases/issues/test_issue_154.py" line="104" name="test_create_tuple_idstyle_explicit[(inputs,request_data)/single]" time="0.0018765926361083984"></testcase><testcase classname="pytest_cases.tests.cases.issues.test_issue_154.TestTuples" file="pytest_cases/tests/cases/issues/test_issue_154.py" line="104" name="test_create_tuple_idstyle_explicit[(inputs,request_data)/fixref]" time="0.025318145751953125"></testcase><testcase classname="pytest_cases.tests.cases.issues.test_issue_154.TestTuples" file="pytest_cases/tests/cases/issues/test_issue_154.py" line="104" name="test_create_tuple_idstyle_explicit[(inputs,request_data)/single_marked_skipped]" time="0.00027680397033691406"><skipped message="&lt;unprintable Skipped object&gt;" type="pytest.skip">pytest_cases/tests/cases/issues/test_issue_154.py:104: &lt;py._xmlgen.raw object at 0x7f4b6bdf3fd0&gt;</skipped></testcase><testcase classname="pytest_cases.tests.cases.issues.test_issue_154.TestTuples" file="pytest_cases/tests/cases/issues/test_issue_154.py" line="104" name="test_create_tuple_idstyle_explicit[(inputs,request_data)/fixref_marked_skipped]" time="0.00028324127197265625"><skipped message="&lt;unprintable Skipped object&gt;" type="pytest.skip">pytest_cases/tests/cases/issues/test_issue_154.py:104: &lt;py._xmlgen.raw object at 0x7f4b6be04b00&gt;</skipped></testcase><testcase classname="pytest_cases.tests.cases.issues.test_issue_154.TestTuples" file="pytest_cases/tests/cases/issues/test_issue_154.py" line="104" name="test_create_tuple_idstyle_explicit[(inputs,request_data)/P4:6-multi1]" time="0.002126455307006836"></testcase><testcase classname="pytest_cases.tests.cases.issues.test_issue_154.TestTuples" file="pytest_cases/tests/cases/issues/test_issue_154.py" line="104" name="test_create_tuple_idstyle_explicit[(inputs,request_data)/P4:6-multi2_marked_skipped]" time="0.013124704360961914"><skipped message="&lt;unprintable Skipped object&gt;" type="pytest.skip">pytest_cases/tests/cases/issues/test_issue_154.py:104: &lt;py._xmlgen.raw object at 0x7f4b6bdf9438&gt;</skipped></testcase><testcase classname="pytest_cases.tests.cases.issues.test_issue_154.TestTuples" file="pytest_cases/tests/cases/issues/test_issue_154.py" line="104" name="test_create_tuple_idstyle_explicit[(inputs,request_data)/fixref_target_is_parametrized-0]" time="0.0018184185028076172"></testcase><testcase classname="pytest_cases.tests.cases.issues.test_issue_154.TestTuples" file="pytest_cases/tests/cases/issues/test_issue_154.py" line="104" name="test_create_tuple_idstyle_explicit[(inputs,request_data)/single_parametrized_lazy-foo]" time="0.002313375473022461"></testcase><testcase classname="pytest_cases.tests.cases.issues.test_issue_154.TestTuples" file="pytest_cases/tests/cases/issues/test_issue_154.py" line="104" name="test_create_tuple_idstyle_explicit[(inputs,request_data)/fixref_target_is_parametrized_marked_skipped-0]" time="0.001436471939086914"><skipped message="&lt;unprintable Skipped object&gt;" type="pytest.skip">pytest_cases/tests/cases/issues/test_issue_154.py:104: &lt;py._xmlgen.raw object at 0x7f4b6be09518&gt;</skipped></testcase><testcase classname="pytest_cases.tests.cases.issues.test_issue_154.TestTuples" file="pytest_cases/tests/cases/issues/test_issue_154.py" line="104" name="test_create_tuple_idstyle_explicit[(inputs,request_data)/single_parametrized_lazy_value_target_is_skipped-bar]" time="0.00026869773864746094"><skipped message="unconditional skip" type="pytest.skip">pytest_cases/tests/cases/issues/test_issue_154.py:104: &lt;py._xmlgen.raw object at 0x7f4b6bdf9ac8&gt;</skipped></testcase><testcase classname="pytest_cases.tests.cases.issues.test_issue_154.TestTuples" file="pytest_cases/tests/cases/issues/test_issue_154.py" line="109" name="test_create_tuple_idstyle_compact[/single]" time="0.001722574234008789"></testcase><testcase classname="pytest_cases.tests.cases.issues.test_issue_154.TestTuples" file="pytest_cases/tests/cases/issues/test_issue_154.py" line="109" name="test_create_tuple_idstyle_compact[/fixref]" time="0.001840353012084961"></testcase><testcase classname="pytest_cases.tests.cases.issues.test_issue_154.TestTuples" file="pytest_cases/tests/cases/issues/test_issue_154.py" line="109" name="test_create_tuple_idstyle_compact[/single_marked_skipped]" time="0.002559661865234375"><skipped message="&lt;unprintable Skipped object&gt;" type="pytest.skip">pytest_cases/tests/cases/issues/test_issue_154.py:109: &lt;py._xmlgen.raw object at 0x7f4b6be09550&gt;</skipped></testcase><testcase classname="pytest_cases.tests.cases.issues.test_issue_154.TestTuples" file="pytest_cases/tests/cases/issues/test_issue_154.py" line="109" name="test_create_tuple_idstyle_compact[/fixref_marked_skipped]" time="0.00028228759765625"><skipped message="&lt;unprintable Skipped object&gt;" type="pytest.skip">pytest_cases/tests/cases/issues/test_issue_154.py:109: &lt;py._xmlgen.raw object at 0x7f4b6be13358&gt;</skipped></testcase><testcase classname="pytest_cases.tests.cases.issues.test_issue_154.TestTuples" file="pytest_cases/tests/cases/issues/test_issue_154.py" line="109" name="test_create_tuple_idstyle_compact[/P4:6-multi1]" time="0.0037288665771484375"></testcase><testcase classname="pytest_cases.tests.cases.issues.test_issue_154.TestTuples" file="pytest_cases/tests/cases/issues/test_issue_154.py" line="109" name="test_create_tuple_idstyle_compact[/P4:6-multi2_marked_skipped]" time="0.0008199214935302734"><skipped message="&lt;unprintable Skipped object&gt;" type="pytest.skip">pytest_cases/tests/cases/issues/test_issue_154.py:109: &lt;py._xmlgen.raw object at 0x7f4b6be13eb8&gt;</skipped></testcase><testcase classname="pytest_cases.tests.cases.issues.test_issue_154.TestTuples" file="pytest_cases/tests/cases/issues/test_issue_154.py" line="109" name="test_create_tuple_idstyle_compact[/fixref_target_is_parametrized-0]" time="0.004210948944091797"></testcase><testcase classname="pytest_cases.tests.cases.issues.test_issue_154.TestTuples" file="pytest_cases/tests/cases/issues/test_issue_154.py" line="109" name="test_create_tuple_idstyle_compact[/single_parametrized_lazy-foo]" time="0.00450444221496582"></testcase><testcase classname="pytest_cases.tests.cases.issues.test_issue_154.TestTuples" file="pytest_cases/tests/cases/issues/test_issue_154.py" line="109" name="test_create_tuple_idstyle_compact[/fixref_target_is_parametrized_marked_skipped-0]" time="0.0010635852813720703"><skipped message="&lt;unprintable Skipped object&gt;" type="pytest.skip">pytest_cases/tests/cases/issues/test_issue_154.py:109: &lt;py._xmlgen.raw object at 0x7f4b6bd9b400&gt;</skipped></testcase><testcase classname="pytest_cases.tests.cases.issues.test_issue_154.TestTuples" file="pytest_cases/tests/cases/issues/test_issue_154.py" line="109" name="test_create_tuple_idstyle_compact[/single_parametrized_lazy_value_target_is_skipped-bar]" time="0.0037899017333984375"><skipped message="unconditional skip" type="pytest.skip">pytest_cases/tests/cases/issues/test_issue_154.py:109: &lt;py._xmlgen.raw object at 0x7f4b6be08208&gt;</skipped></testcase><testcase classname="pytest_cases.tests.cases.issues.test_issue_154.TestTuples" file="pytest_cases/tests/cases/issues/test_issue_154.py" line="114" name="test_create_tuple_idstyle_none[single]" time="0.003656148910522461"></testcase><testcase classname="pytest_cases.tests.cases.issues.test_issue_154.TestTuples" file="pytest_cases/tests/cases/issues/test_issue_154.py" line="114" name="test_create_tuple_idstyle_none[fixref]" time="0.0042247772216796875"></testcase><testcase classname="pytest_cases.tests.cases.issues.test_issue_154.TestTuples" file="pytest_cases/tests/cases/issues/test_issue_154.py" line="114" name="test_create_tuple_idstyle_none[single_marked_skipped]" time="0.0008177757263183594"><skipped message="&lt;unprintable Skipped object&gt;" type="pytest.skip">pytest_cases/tests/cases/issues/test_issue_154.py:114: &lt;py._xmlgen.raw object at 0x7f4b6bd9bb00&gt;</skipped></testcase><testcase classname="pytest_cases.tests.cases.issues.test_issue_154.TestTuples" file="pytest_cases/tests/cases/issues/test_issue_154.py" line="114" name="test_create_tuple_idstyle_none[fixref_marked_skipped]" time="0.00029206275939941406"><skipped message="&lt;unprintable Skipped object&gt;" type="pytest.skip">pytest_cases/tests/cases/issues/test_issue_154.py:114: &lt;py._xmlgen.raw object at 0x7f4b6be55cc0&gt;</skipped></testcase><testcase classname="pytest_cases.tests.cases.issues.test_issue_154.TestTuples" file="pytest_cases/tests/cases/issues/test_issue_154.py" line="114" name="test_create_tuple_idstyle_none[multi1]" time="0.001798391342163086"></testcase><testcase classname="pytest_cases.tests.cases.issues.test_issue_154.TestTuples" file="pytest_cases/tests/cases/issues/test_issue_154.py" line="114" name="test_create_tuple_idstyle_none[multi2_marked_skipped]" time="0.0004661083221435547"><skipped message="&lt;unprintable Skipped object&gt;" type="pytest.skip">pytest_cases/tests/cases/issues/test_issue_154.py:114: &lt;py._xmlgen.raw object at 0x7f4b6be09ef0&gt;</skipped></testcase><testcase classname="pytest_cases.tests.cases.issues.test_issue_154.TestTuples" file="pytest_cases/tests/cases/issues/test_issue_154.py" line="114" name="test_create_tuple_idstyle_none[fixref_target_is_parametrized-0]" time="0.0014312267303466797"></testcase><testcase classname="pytest_cases.tests.cases.issues.test_issue_154.TestTuples" file="pytest_cases/tests/cases/issues/test_issue_154.py" line="114" name="test_create_tuple_idstyle_none[single_parametrized_lazy-foo]" time="0.0014526844024658203"></testcase><testcase classname="pytest_cases.tests.cases.issues.test_issue_154.TestTuples" file="pytest_cases/tests/cases/issues/test_issue_154.py" line="114" name="test_create_tuple_idstyle_none[fixref_target_is_parametrized_marked_skipped-0]" time="0.00025534629821777344"><skipped message="&lt;unprintable Skipped object&gt;" type="pytest.skip">pytest_cases/tests/cases/issues/test_issue_154.py:114: &lt;py._xmlgen.raw object at 0x7f4b6bda2c18&gt;</skipped></testcase><testcase classname="pytest_cases.tests.cases.issues.test_issue_154.TestTuples" file="pytest_cases/tests/cases/issues/test_issue_154.py" line="114" name="test_create_tuple_idstyle_none[single_parametrized_lazy_value_target_is_skipped-bar]" time="0.0003733634948730469"><skipped message="unconditional skip" type="pytest.skip">pytest_cases/tests/cases/issues/test_issue_154.py:114: &lt;py._xmlgen.raw object at 0x7f4b6be55cc0&gt;</skipped></testcase><testcase classname="pytest_cases.tests.cases.issues.test_issue_154.TestTuples" file="pytest_cases/tests/cases/issues/test_issue_154.py" line="119" name="test_create_tuple_idstyle_mygen[M(inputs,request_data)/P0/single]" time="0.0036728382110595703"></testcase><testcase classname="pytest_cases.tests.cases.issues.test_issue_154.TestTuples" file="pytest_cases/tests/cases/issues/test_issue_154.py" line="119" name="test_create_tuple_idstyle_mygen[M(inputs,request_data)/P1F/fixref]" time="0.0049397945404052734"></testcase><testcase classname="pytest_cases.tests.cases.issues.test_issue_154.TestTuples" file="pytest_cases/tests/cases/issues/test_issue_154.py" line="119" name="test_create_tuple_idstyle_mygen[M(inputs,request_data)/P2/single_marked_skipped]" time="0.000308990478515625"><skipped message="&lt;unprintable Skipped object&gt;" type="pytest.skip">pytest_cases/tests/cases/issues/test_issue_154.py:119: &lt;py._xmlgen.raw object at 0x7f4b6bdab0b8&gt;</skipped></testcase><testcase classname="pytest_cases.tests.cases.issues.test_issue_154.TestTuples" file="pytest_cases/tests/cases/issues/test_issue_154.py" line="119" name="test_create_tuple_idstyle_mygen[M(inputs,request_data)/P3F/fixref_marked_skipped]" time="0.0009655952453613281"><skipped message="&lt;unprintable Skipped object&gt;" type="pytest.skip">pytest_cases/tests/cases/issues/test_issue_154.py:119: &lt;py._xmlgen.raw object at 0x7f4b6bd9b898&gt;</skipped></testcase><testcase classname="pytest_cases.tests.cases.issues.test_issue_154.TestTuples" file="pytest_cases/tests/cases/issues/test_issue_154.py" line="119" name="test_create_tuple_idstyle_mygen[M(inputs,request_data)/P4:6/-multi1]" time="0.0043985843658447266"></testcase><testcase classname="pytest_cases.tests.cases.issues.test_issue_154.TestTuples" file="pytest_cases/tests/cases/issues/test_issue_154.py" line="119" name="test_create_tuple_idstyle_mygen[M(inputs,request_data)/P4:6/-multi2_marked_skipped]" time="0.00029969215393066406"><skipped message="&lt;unprintable Skipped object&gt;" type="pytest.skip">pytest_cases/tests/cases/issues/test_issue_154.py:119: &lt;py._xmlgen.raw object at 0x7f4b6bdb7240&gt;</skipped></testcase><testcase classname="pytest_cases.tests.cases.issues.test_issue_154.TestTuples" file="pytest_cases/tests/cases/issues/test_issue_154.py" line="119" name="test_create_tuple_idstyle_mygen[M(inputs,request_data)/P6F/fixref_target_is_parametrized-0]" time="0.0014219284057617188"></testcase><testcase classname="pytest_cases.tests.cases.issues.test_issue_154.TestTuples" file="pytest_cases/tests/cases/issues/test_issue_154.py" line="119" name="test_create_tuple_idstyle_mygen[M(inputs,request_data)/P7F/single_parametrized_lazy-foo]" time="0.0014567375183105469"></testcase><testcase classname="pytest_cases.tests.cases.issues.test_issue_154.TestTuples" file="pytest_cases/tests/cases/issues/test_issue_154.py" line="119" name="test_create_tuple_idstyle_mygen[M(inputs,request_data)/P8F/fixref_target_is_parametrized_marked_skipped-0]" time="0.00025010108947753906"><skipped message="&lt;unprintable Skipped object&gt;" type="pytest.skip">pytest_cases/tests/cases/issues/test_issue_154.py:119: &lt;py._xmlgen.raw object at 0x7f4b6bdb7a90&gt;</skipped></testcase><testcase classname="pytest_cases.tests.cases.issues.test_issue_154.TestTuples" file="pytest_cases/tests/cases/issues/test_issue_154.py" line="119" name="test_create_tuple_idstyle_mygen[M(inputs,request_data)/P9F/single_parametrized_lazy_value_target_is_skipped-bar]" time="0.00106048583984375"><skipped message="unconditional skip" type="pytest.skip">pytest_cases/tests/cases/issues/test_issue_154.py:119: &lt;py._xmlgen.raw object at 0x7f4b6bdb7dd8&gt;</skipped></testcase><testcase classname="pytest_cases.tests.cases.issues.test_issue_154.TestTuples" file="pytest_cases/tests/cases/issues/test_issue_154.py" line="124" name="test_create_tuple_ids_list[0]" time="0.0033533573150634766"></testcase><testcase classname="pytest_cases.tests.cases.issues.test_issue_154.TestTuples" file="pytest_cases/tests/cases/issues/test_issue_154.py" line="124" name="test_create_tuple_ids_list[1]" time="0.0037169456481933594"></testcase><testcase classname="pytest_cases.tests.cases.issues.test_issue_154.TestTuples" file="pytest_cases/tests/cases/issues/test_issue_154.py" line="124" name="test_create_tuple_ids_list[2]" time="0.0003104209899902344"><skipped message="&lt;unprintable Skipped object&gt;" type="pytest.skip">pytest_cases/tests/cases/issues/test_issue_154.py:124: &lt;py._xmlgen.raw object at 0x7f4b6bdbff28&gt;</skipped></testcase><testcase classname="pytest_cases.tests.cases.issues.test_issue_154.TestTuples" file="pytest_cases/tests/cases/issues/test_issue_154.py" line="124" name="test_create_tuple_ids_list[3]" time="0.0020880699157714844"><skipped message="&lt;unprintable Skipped object&gt;" type="pytest.skip">pytest_cases/tests/cases/issues/test_issue_154.py:124: &lt;py._xmlgen.raw object at 0x7f4b6bdbfd68&gt;</skipped></testcase><testcase classname="pytest_cases.tests.cases.issues.test_issue_154.TestTuples" file="pytest_cases/tests/cases/issues/test_issue_154.py" line="124" name="test_create_tuple_ids_list[4]" time="0.0031232833862304688"></testcase><testcase classname="pytest_cases.tests.cases.issues.test_issue_154.TestTuples" file="pytest_cases/tests/cases/issues/test_issue_154.py" line="124" name="test_create_tuple_ids_list[5]" time="0.00035858154296875"><skipped message="&lt;unprintable Skipped object&gt;" type="pytest.skip">pytest_cases/tests/cases/issues/test_issue_154.py:124: &lt;py._xmlgen.raw object at 0x7f4b6bdc1748&gt;</skipped></testcase><testcase classname="pytest_cases.tests.cases.issues.test_issue_154.TestTuples" file="pytest_cases/tests/cases/issues/test_issue_154.py" line="124" name="test_create_tuple_ids_list[6-0]" time="0.0034923553466796875"></testcase><testcase classname="pytest_cases.tests.cases.issues.test_issue_154.TestTuples" file="pytest_cases/tests/cases/issues/test_issue_154.py" line="124" name="test_create_tuple_ids_list[7-foo]" time="0.002753734588623047"></testcase><testcase classname="pytest_cases.tests.cases.issues.test_issue_154.TestTuples" file="pytest_cases/tests/cases/issues/test_issue_154.py" line="124" name="test_create_tuple_ids_list[8-0]" time="0.0005745887756347656"><skipped message="&lt;unprintable Skipped object&gt;" type="pytest.skip">pytest_cases/tests/cases/issues/test_issue_154.py:124: &lt;py._xmlgen.raw object at 0x7f4b6bdc92b0&gt;</skipped></testcase><testcase classname="pytest_cases.tests.cases.issues.test_issue_154.TestTuples" file="pytest_cases/tests/cases/issues/test_issue_154.py" line="124" name="test_create_tuple_ids_list[9-bar]" time="0.0008835792541503906"><skipped message="unconditional skip" type="pytest.skip">pytest_cases/tests/cases/issues/test_issue_154.py:124: &lt;py._xmlgen.raw object at 0x7f4b6bdc9dd8&gt;</skipped></testcase><testcase classname="pytest_cases.tests.cases.issues.test_issue_154.TestTuples" file="pytest_cases/tests/cases/issues/test_issue_154.py" line="129" name="test_create_tuple_ids_list_style[/0]" time="0.0038251876831054688"></testcase><testcase classname="pytest_cases.tests.cases.issues.test_issue_154.TestTuples" file="pytest_cases/tests/cases/issues/test_issue_154.py" line="129" name="test_create_tuple_ids_list_style[/1]" time="0.0018992424011230469"></testcase><testcase classname="pytest_cases.tests.cases.issues.test_issue_154.TestTuples" file="pytest_cases/tests/cases/issues/test_issue_154.py" line="129" name="test_create_tuple_ids_list_style[/2]" time="0.0005133152008056641"><skipped message="&lt;unprintable Skipped object&gt;" type="pytest.skip">pytest_cases/tests/cases/issues/test_issue_154.py:129: &lt;py._xmlgen.raw object at 0x7f4b6bdcd278&gt;</skipped></testcase><testcase classname="pytest_cases.tests.cases.issues.test_issue_154.TestTuples" file="pytest_cases/tests/cases/issues/test_issue_154.py" line="129" name="test_create_tuple_ids_list_style[/3]" time="0.00025653839111328125"><skipped message="&lt;unprintable Skipped object&gt;" type="pytest.skip">pytest_cases/tests/cases/issues/test_issue_154.py:129: &lt;py._xmlgen.raw object at 0x7f4b6bdcdf98&gt;</skipped></testcase><testcase classname="pytest_cases.tests.cases.issues.test_issue_154.TestTuples" file="pytest_cases/tests/cases/issues/test_issue_154.py" line="129" name="test_create_tuple_ids_list_style[/P4:6-4]" time="0.0023055076599121094"></testcase><testcase classname="pytest_cases.tests.cases.issues.test_issue_154.TestTuples" file="pytest_cases/tests/cases/issues/test_issue_154.py" line="129" name="test_create_tuple_ids_list_style[/P4:6-5]" time="0.0002295970916748047"><skipped message="&lt;unprintable Skipped object&gt;" type="pytest.skip">pytest_cases/tests/cases/issues/test_issue_154.py:129: &lt;py._xmlgen.raw object at 0x7f4b6bdcd7f0&gt;</skipped></testcase><testcase classname="pytest_cases.tests.cases.issues.test_issue_154.TestTuples" file="pytest_cases/tests/cases/issues/test_issue_154.py" line="129" name="test_create_tuple_ids_list_style[/6-0]" time="0.00135040283203125"></testcase><testcase classname="pytest_cases.tests.cases.issues.test_issue_154.TestTuples" file="pytest_cases/tests/cases/issues/test_issue_154.py" line="129" name="test_create_tuple_ids_list_style[/7-foo]" time="0.0015027523040771484"></testcase><testcase classname="pytest_cases.tests.cases.issues.test_issue_154.TestTuples" file="pytest_cases/tests/cases/issues/test_issue_154.py" line="129" name="test_create_tuple_ids_list_style[/8-0]" time="0.0002200603485107422"><skipped message="&lt;unprintable Skipped object&gt;" type="pytest.skip">pytest_cases/tests/cases/issues/test_issue_154.py:129: &lt;py._xmlgen.raw object at 0x7f4b6bdb7668&gt;</skipped></testcase><testcase classname="pytest_cases.tests.cases.issues.test_issue_154.TestTuples" file="pytest_cases/tests/cases/issues/test_issue_154.py" line="129" name="test_create_tuple_ids_list_style[/9-bar]" time="0.0008151531219482422"><skipped message="unconditional skip" type="pytest.skip">pytest_cases/tests/cases/issues/test_issue_154.py:129: &lt;py._xmlgen.raw object at 0x7f4b6bdd2518&gt;</skipped></testcase><testcase classname="pytest_cases.tests.cases.issues.test_issue_154.TestTuples" file="pytest_cases/tests/cases/issues/test_issue_154.py" line="134" name="test_create_tuple_ids_mygen[Msingle]" time="0.003146648406982422"></testcase><testcase classname="pytest_cases.tests.cases.issues.test_issue_154.TestTuples" file="pytest_cases/tests/cases/issues/test_issue_154.py" line="134" name="test_create_tuple_ids_mygen[Mfixref]" time="0.004048585891723633"></testcase><testcase classname="pytest_cases.tests.cases.issues.test_issue_154.TestTuples" file="pytest_cases/tests/cases/issues/test_issue_154.py" line="134" name="test_create_tuple_ids_mygen[Msingle_marked_skipped]" time="0.0006053447723388672"><skipped message="&lt;unprintable Skipped object&gt;" type="pytest.skip">pytest_cases/tests/cases/issues/test_issue_154.py:134: &lt;py._xmlgen.raw object at 0x7f4b6bdd2da0&gt;</skipped></testcase><testcase classname="pytest_cases.tests.cases.issues.test_issue_154.TestTuples" file="pytest_cases/tests/cases/issues/test_issue_154.py" line="134" name="test_create_tuple_ids_mygen[Mfixref_marked_skipped]" time="0.0003573894500732422"><skipped message="&lt;unprintable Skipped object&gt;" type="pytest.skip">pytest_cases/tests/cases/issues/test_issue_154.py:134: &lt;py._xmlgen.raw object at 0x7f4b6bd58358&gt;</skipped></testcase><testcase classname="pytest_cases.tests.cases.issues.test_issue_154.TestTuples" file="pytest_cases/tests/cases/issues/test_issue_154.py" line="134" name="test_create_tuple_ids_mygen[Mmulti1]" time="0.0044574737548828125"></testcase><testcase classname="pytest_cases.tests.cases.issues.test_issue_154.TestTuples" file="pytest_cases/tests/cases/issues/test_issue_154.py" line="134" name="test_create_tuple_ids_mygen[Mmulti2_marked_skipped]" time="0.0004730224609375"><skipped message="&lt;unprintable Skipped object&gt;" type="pytest.skip">pytest_cases/tests/cases/issues/test_issue_154.py:134: &lt;py._xmlgen.raw object at 0x7f4b6bd582b0&gt;</skipped></testcase><testcase classname="pytest_cases.tests.cases.issues.test_issue_154.TestTuples" file="pytest_cases/tests/cases/issues/test_issue_154.py" line="134" name="test_create_tuple_ids_mygen[Mfixref_target_is_parametrized-0]" time="0.0038902759552001953"></testcase><testcase classname="pytest_cases.tests.cases.issues.test_issue_154.TestTuples" file="pytest_cases/tests/cases/issues/test_issue_154.py" line="134" name="test_create_tuple_ids_mygen[Msingle_parametrized_lazy-foo]" time="0.0036427974700927734"></testcase><testcase classname="pytest_cases.tests.cases.issues.test_issue_154.TestTuples" file="pytest_cases/tests/cases/issues/test_issue_154.py" line="134" name="test_create_tuple_ids_mygen[Mfixref_target_is_parametrized_marked_skipped-0]" time="0.0006809234619140625"><skipped message="&lt;unprintable Skipped object&gt;" type="pytest.skip">pytest_cases/tests/cases/issues/test_issue_154.py:134: &lt;py._xmlgen.raw object at 0x7f4b6bdb0f60&gt;</skipped></testcase><testcase classname="pytest_cases.tests.cases.issues.test_issue_154.TestTuples" file="pytest_cases/tests/cases/issues/test_issue_154.py" line="134" name="test_create_tuple_ids_mygen[Msingle_parametrized_lazy_value_target_is_skipped-bar]" time="0.0013267993927001953"><skipped message="unconditional skip" type="pytest.skip">pytest_cases/tests/cases/issues/test_issue_154.py:134: &lt;py._xmlgen.raw object at 0x7f4b6bdcdda0&gt;</skipped></testcase><testcase classname="pytest_cases.tests.cases.issues.test_issue_154.TestTuples" file="pytest_cases/tests/cases/issues/test_issue_154.py" line="139" name="test_create_tuple_ids_mygen_style[/Msingle]" time="0.004115104675292969"></testcase><testcase classname="pytest_cases.tests.cases.issues.test_issue_154.TestTuples" file="pytest_cases/tests/cases/issues/test_issue_154.py" line="139" name="test_create_tuple_ids_mygen_style[/Mfixref]" time="0.0009334087371826172"></testcase><testcase classname="pytest_cases.tests.cases.issues.test_issue_154.TestTuples" file="pytest_cases/tests/cases/issues/test_issue_154.py" line="139" name="test_create_tuple_ids_mygen_style[/Msingle_marked_skipped]" time="0.00017881393432617188"><skipped message="&lt;unprintable Skipped object&gt;" type="pytest.skip">pytest_cases/tests/cases/issues/test_issue_154.py:139: &lt;py._xmlgen.raw object at 0x7f4b6bd5d128&gt;</skipped></testcase><testcase classname="pytest_cases.tests.cases.issues.test_issue_154.TestTuples" file="pytest_cases/tests/cases/issues/test_issue_154.py" line="139" name="test_create_tuple_ids_mygen_style[/Mfixref_marked_skipped]" time="0.00015044212341308594"><skipped message="&lt;unprintable Skipped object&gt;" type="pytest.skip">pytest_cases/tests/cases/issues/test_issue_154.py:139: &lt;py._xmlgen.raw object at 0x7f4b6bd585c0&gt;</skipped></testcase><testcase classname="pytest_cases.tests.cases.issues.test_issue_154.TestTuples" file="pytest_cases/tests/cases/issues/test_issue_154.py" line="139" name="test_create_tuple_ids_mygen_style[/P4:6-Mmulti1]" time="0.0008814334869384766"></testcase><testcase classname="pytest_cases.tests.cases.issues.test_issue_154.TestTuples" file="pytest_cases/tests/cases/issues/test_issue_154.py" line="139" name="test_create_tuple_ids_mygen_style[/P4:6-Mmulti2_marked_skipped]" time="0.00013589859008789062"><skipped message="&lt;unprintable Skipped object&gt;" type="pytest.skip">pytest_cases/tests/cases/issues/test_issue_154.py:139: &lt;py._xmlgen.raw object at 0x7f4b6bd63550&gt;</skipped></testcase><testcase classname="pytest_cases.tests.cases.issues.test_issue_154.TestTuples" file="pytest_cases/tests/cases/issues/test_issue_154.py" line="139" name="test_create_tuple_ids_mygen_style[/Mfixref_target_is_parametrized-0]" time="0.008230209350585938"></testcase><testcase classname="pytest_cases.tests.cases.issues.test_issue_154.TestTuples" file="pytest_cases/tests/cases/issues/test_issue_154.py" line="139" name="test_create_tuple_ids_mygen_style[/Msingle_parametrized_lazy-foo]" time="0.0024154186248779297"></testcase><testcase classname="pytest_cases.tests.cases.issues.test_issue_154.TestTuples" file="pytest_cases/tests/cases/issues/test_issue_154.py" line="139" name="test_create_tuple_ids_mygen_style[/Mfixref_target_is_parametrized_marked_skipped-0]" time="0.0005676746368408203"><skipped message="&lt;unprintable Skipped object&gt;" type="pytest.skip">pytest_cases/tests/cases/issues/test_issue_154.py:139: &lt;py._xmlgen.raw object at 0x7f4b6bd630f0&gt;</skipped></testcase><testcase classname="pytest_cases.tests.cases.issues.test_issue_154.TestTuples" file="pytest_cases/tests/cases/issues/test_issue_154.py" line="139" name="test_create_tuple_ids_mygen_style[/Msingle_parametrized_lazy_value_target_is_skipped-bar]" time="0.0005240440368652344"><skipped message="unconditional skip" type="pytest.skip">pytest_cases/tests/cases/issues/test_issue_154.py:139: &lt;py._xmlgen.raw object at 0x7f4b6bd646a0&gt;</skipped></testcase><testcase classname="pytest_cases.tests.cases.issues.test_issue_154" file="pytest_cases/tests/cases/issues/test_issue_154.py" line="145" name="test_create_single_idstyle_explicit[inputs_request_data/single]" time="0.0027189254760742188"></testcase><testcase classname="pytest_cases.tests.cases.issues.test_issue_154" file="pytest_cases/tests/cases/issues/test_issue_154.py" line="145" name="test_create_single_idstyle_explicit[inputs_request_data/fixref]" time="0.0037217140197753906"></testcase><testcase classname="pytest_cases.tests.cases.issues.test_issue_154" file="pytest_cases/tests/cases/issues/test_issue_154.py" line="145" name="test_create_single_idstyle_explicit[inputs_request_data/single_marked_skipped]" time="0.0006513595581054688"><skipped message="&lt;unprintable Skipped object&gt;" type="pytest.skip">pytest_cases/tests/cases/issues/test_issue_154.py:145: &lt;py._xmlgen.raw object at 0x7f4b6bd64278&gt;</skipped></testcase><testcase classname="pytest_cases.tests.cases.issues.test_issue_154" file="pytest_cases/tests/cases/issues/test_issue_154.py" line="145" name="test_create_single_idstyle_explicit[inputs_request_data/fixref_marked_skipped]" time="0.00045418739318847656"><skipped message="&lt;unprintable Skipped object&gt;" type="pytest.skip">pytest_cases/tests/cases/issues/test_issue_154.py:145: &lt;py._xmlgen.raw object at 0x7f4b6bd6b6a0&gt;</skipped></testcase><testcase classname="pytest_cases.tests.cases.issues.test_issue_154" file="pytest_cases/tests/cases/issues/test_issue_154.py" line="145" name="test_create_single_idstyle_explicit[inputs_request_data/P4:6-multi1]" time="0.002756834030151367"></testcase><testcase classname="pytest_cases.tests.cases.issues.test_issue_154" file="pytest_cases/tests/cases/issues/test_issue_154.py" line="145" name="test_create_single_idstyle_explicit[inputs_request_data/P4:6-multi2_marked_skipped]" time="0.0001728534698486328"><skipped message="unconditional skip" type="pytest.skip">pytest_cases/tests/cases/issues/test_issue_154.py:145: &lt;py._xmlgen.raw object at 0x7f4b6bd64da0&gt;</skipped></testcase><testcase classname="pytest_cases.tests.cases.issues.test_issue_154" file="pytest_cases/tests/cases/issues/test_issue_154.py" line="145" name="test_create_single_idstyle_explicit[inputs_request_data/fixref_target_is_parametrized-0]" time="0.0008950233459472656"></testcase><testcase classname="pytest_cases.tests.cases.issues.test_issue_154" file="pytest_cases/tests/cases/issues/test_issue_154.py" line="145" name="test_create_single_idstyle_explicit[inputs_request_data/single_parametrized_lazy-foo]" time="0.0010824203491210938"></testcase><testcase classname="pytest_cases.tests.cases.issues.test_issue_154" file="pytest_cases/tests/cases/issues/test_issue_154.py" line="145" name="test_create_single_idstyle_explicit[inputs_request_data/fixref_target_is_parametrized_marked_skipped-0]" time="0.00013327598571777344"><skipped message="&lt;unprintable Skipped object&gt;" type="pytest.skip">pytest_cases/tests/cases/issues/test_issue_154.py:145: &lt;py._xmlgen.raw object at 0x7f4b6bd6bba8&gt;</skipped></testcase><testcase classname="pytest_cases.tests.cases.issues.test_issue_154" file="pytest_cases/tests/cases/issues/test_issue_154.py" line="145" name="test_create_single_idstyle_explicit[inputs_request_data/single_parametrized_lazy_value_target_is_skipped-bar]" time="0.00012946128845214844"><skipped message="unconditional skip" type="pytest.skip">pytest_cases/tests/cases/issues/test_issue_154.py:145: &lt;py._xmlgen.raw object at 0x7f4b6bd6e128&gt;</skipped></testcase><testcase classname="pytest_cases.tests.cases.issues.test_issue_154" file="pytest_cases/tests/cases/issues/test_issue_154.py" line="152" name="test_create_single_idstyle_compact[/single]" time="0.009851217269897461"></testcase><testcase classname="pytest_cases.tests.cases.issues.test_issue_154" file="pytest_cases/tests/cases/issues/test_issue_154.py" line="152" name="test_create_single_idstyle_compact[/fixref]" time="0.003345012664794922"></testcase><testcase classname="pytest_cases.tests.cases.issues.test_issue_154" file="pytest_cases/tests/cases/issues/test_issue_154.py" line="152" name="test_create_single_idstyle_compact[/single_marked_skipped]" time="0.0002911090850830078"><skipped message="&lt;unprintable Skipped object&gt;" type="pytest.skip">pytest_cases/tests/cases/issues/test_issue_154.py:152: &lt;py._xmlgen.raw object at 0x7f4b6c1aac18&gt;</skipped></testcase><testcase classname="pytest_cases.tests.cases.issues.test_issue_154" file="pytest_cases/tests/cases/issues/test_issue_154.py" line="152" name="test_create_single_idstyle_compact[/fixref_marked_skipped]" time="0.00022792816162109375"><skipped message="&lt;unprintable Skipped object&gt;" type="pytest.skip">pytest_cases/tests/cases/issues/test_issue_154.py:152: &lt;py._xmlgen.raw object at 0x7f4b6bd75390&gt;</skipped></testcase><testcase classname="pytest_cases.tests.cases.issues.test_issue_154" file="pytest_cases/tests/cases/issues/test_issue_154.py" line="152" name="test_create_single_idstyle_compact[/P4:6-multi1]" time="0.0012867450714111328"></testcase><testcase classname="pytest_cases.tests.cases.issues.test_issue_154" file="pytest_cases/tests/cases/issues/test_issue_154.py" line="152" name="test_create_single_idstyle_compact[/P4:6-multi2_marked_skipped]" time="0.0026590824127197266"><skipped message="unconditional skip" type="pytest.skip">pytest_cases/tests/cases/issues/test_issue_154.py:152: &lt;py._xmlgen.raw object at 0x7f4b6bd6b3c8&gt;</skipped></testcase><testcase classname="pytest_cases.tests.cases.issues.test_issue_154" file="pytest_cases/tests/cases/issues/test_issue_154.py" line="152" name="test_create_single_idstyle_compact[/fixref_target_is_parametrized-0]" time="0.003614664077758789"></testcase><testcase classname="pytest_cases.tests.cases.issues.test_issue_154" file="pytest_cases/tests/cases/issues/test_issue_154.py" line="152" name="test_create_single_idstyle_compact[/single_parametrized_lazy-foo]" time="0.00252532958984375"></testcase><testcase classname="pytest_cases.tests.cases.issues.test_issue_154" file="pytest_cases/tests/cases/issues/test_issue_154.py" line="152" name="test_create_single_idstyle_compact[/fixref_target_is_parametrized_marked_skipped-0]" time="0.00030922889709472656"><skipped message="&lt;unprintable Skipped object&gt;" type="pytest.skip">pytest_cases/tests/cases/issues/test_issue_154.py:152: &lt;py._xmlgen.raw object at 0x7f4b6bd7acf8&gt;</skipped></testcase><testcase classname="pytest_cases.tests.cases.issues.test_issue_154" file="pytest_cases/tests/cases/issues/test_issue_154.py" line="152" name="test_create_single_idstyle_compact[/single_parametrized_lazy_value_target_is_skipped-bar]" time="0.00040221214294433594"><skipped message="unconditional skip" type="pytest.skip">pytest_cases/tests/cases/issues/test_issue_154.py:152: &lt;py._xmlgen.raw object at 0x7f4b6bd630b8&gt;</skipped></testcase><testcase classname="pytest_cases.tests.cases.issues.test_issue_154" file="pytest_cases/tests/cases/issues/test_issue_154.py" line="159" name="test_create_single_idstyle_none[single]" time="0.0012924671173095703"></testcase><testcase classname="pytest_cases.tests.cases.issues.test_issue_154" file="pytest_cases/tests/cases/issues/test_issue_154.py" line="159" name="test_create_single_idstyle_none[fixref]" time="0.0018215179443359375"></testcase><testcase classname="pytest_cases.tests.cases.issues.test_issue_154" file="pytest_cases/tests/cases/issues/test_issue_154.py" line="159" name="test_create_single_idstyle_none[single_marked_skipped]" time="0.00037598609924316406"><skipped message="&lt;unprintable Skipped object&gt;" type="pytest.skip">pytest_cases/tests/cases/issues/test_issue_154.py:159: &lt;py._xmlgen.raw object at 0x7f4b6bd831d0&gt;</skipped></testcase><testcase classname="pytest_cases.tests.cases.issues.test_issue_154" file="pytest_cases/tests/cases/issues/test_issue_154.py" line="159" name="test_create_single_idstyle_none[fixref_marked_skipped]" time="0.00022721290588378906"><skipped message="&lt;unprintable Skipped object&gt;" type="pytest.skip">pytest_cases/tests/cases/issues/test_issue_154.py:159: &lt;py._xmlgen.raw object at 0x7f4b6bd6eb70&gt;</skipped></testcase><testcase classname="pytest_cases.tests.cases.issues.test_issue_154" file="pytest_cases/tests/cases/issues/test_issue_154.py" line="159" name="test_create_single_idstyle_none[multi1]" time="0.0012578964233398438"></testcase><testcase classname="pytest_cases.tests.cases.issues.test_issue_154" file="pytest_cases/tests/cases/issues/test_issue_154.py" line="159" name="test_create_single_idstyle_none[multi2_marked_skipped]" time="0.00022268295288085938"><skipped message="unconditional skip" type="pytest.skip">pytest_cases/tests/cases/issues/test_issue_154.py:159: &lt;py._xmlgen.raw object at 0x7f4b6bd83b70&gt;</skipped></testcase><testcase classname="pytest_cases.tests.cases.issues.test_issue_154" file="pytest_cases/tests/cases/issues/test_issue_154.py" line="159" name="test_create_single_idstyle_none[fixref_target_is_parametrized-0]" time="0.003378629684448242"></testcase><testcase classname="pytest_cases.tests.cases.issues.test_issue_154" file="pytest_cases/tests/cases/issues/test_issue_154.py" line="159" name="test_create_single_idstyle_none[single_parametrized_lazy-foo]" time="0.0038139820098876953"></testcase><testcase classname="pytest_cases.tests.cases.issues.test_issue_154" file="pytest_cases/tests/cases/issues/test_issue_154.py" line="159" name="test_create_single_idstyle_none[fixref_target_is_parametrized_marked_skipped-0]" time="0.0004661083221435547"><skipped message="&lt;unprintable Skipped object&gt;" type="pytest.skip">pytest_cases/tests/cases/issues/test_issue_154.py:159: &lt;py._xmlgen.raw object at 0x7f4b6bd7f5c0&gt;</skipped></testcase><testcase classname="pytest_cases.tests.cases.issues.test_issue_154" file="pytest_cases/tests/cases/issues/test_issue_154.py" line="159" name="test_create_single_idstyle_none[single_parametrized_lazy_value_target_is_skipped-bar]" time="0.001916646957397461"><skipped message="unconditional skip" type="pytest.skip">pytest_cases/tests/cases/issues/test_issue_154.py:159: &lt;py._xmlgen.raw object at 0x7f4b6bd8aba8&gt;</skipped></testcase><testcase classname="pytest_cases.tests.cases.issues.test_issue_154" file="pytest_cases/tests/cases/issues/test_issue_154.py" line="166" name="test_create_single_idstyle_mygen[Minputs_request_data/P0/single]" time="0.0018582344055175781"></testcase><testcase classname="pytest_cases.tests.cases.issues.test_issue_154" file="pytest_cases/tests/cases/issues/test_issue_154.py" line="166" name="test_create_single_idstyle_mygen[Minputs_request_data/P1F/fixref]" time="0.0015087127685546875"></testcase><testcase classname="pytest_cases.tests.cases.issues.test_issue_154" file="pytest_cases/tests/cases/issues/test_issue_154.py" line="166" name="test_create_single_idstyle_mygen[Minputs_request_data/P2/single_marked_skipped]" time="0.0028455257415771484"><skipped message="&lt;unprintable Skipped object&gt;" type="pytest.skip">pytest_cases/tests/cases/issues/test_issue_154.py:166: &lt;py._xmlgen.raw object at 0x7f4b6bd7ff28&gt;</skipped></testcase><testcase classname="pytest_cases.tests.cases.issues.test_issue_154" file="pytest_cases/tests/cases/issues/test_issue_154.py" line="166" name="test_create_single_idstyle_mygen[Minputs_request_data/P3F/fixref_marked_skipped]" time="0.003098011016845703"><skipped message="&lt;unprintable Skipped object&gt;" type="pytest.skip">pytest_cases/tests/cases/issues/test_issue_154.py:166: &lt;py._xmlgen.raw object at 0x7f4b6bd6e710&gt;</skipped></testcase><testcase classname="pytest_cases.tests.cases.issues.test_issue_154" file="pytest_cases/tests/cases/issues/test_issue_154.py" line="166" name="test_create_single_idstyle_mygen[Minputs_request_data/P4:6/-multi1]" time="0.0038912296295166016"></testcase><testcase classname="pytest_cases.tests.cases.issues.test_issue_154" file="pytest_cases/tests/cases/issues/test_issue_154.py" line="166" name="test_create_single_idstyle_mygen[Minputs_request_data/P4:6/-multi2_marked_skipped]" time="0.0002772808074951172"><skipped message="unconditional skip" type="pytest.skip">pytest_cases/tests/cases/issues/test_issue_154.py:166: &lt;py._xmlgen.raw object at 0x7f4b6bd7fdd8&gt;</skipped></testcase><testcase classname="pytest_cases.tests.cases.issues.test_issue_154" file="pytest_cases/tests/cases/issues/test_issue_154.py" line="166" name="test_create_single_idstyle_mygen[Minputs_request_data/P6F/fixref_target_is_parametrized-0]" time="0.0013573169708251953"></testcase><testcase classname="pytest_cases.tests.cases.issues.test_issue_154" file="pytest_cases/tests/cases/issues/test_issue_154.py" line="166" name="test_create_single_idstyle_mygen[Minputs_request_data/P7F/single_parametrized_lazy-foo]" time="0.0022194385528564453"></testcase><testcase classname="pytest_cases.tests.cases.issues.test_issue_154" file="pytest_cases/tests/cases/issues/test_issue_154.py" line="166" name="test_create_single_idstyle_mygen[Minputs_request_data/P8F/fixref_target_is_parametrized_marked_skipped-0]" time="0.0004239082336425781"><skipped message="&lt;unprintable Skipped object&gt;" type="pytest.skip">pytest_cases/tests/cases/issues/test_issue_154.py:166: &lt;py._xmlgen.raw object at 0x7f4b6bd7f470&gt;</skipped></testcase><testcase classname="pytest_cases.tests.cases.issues.test_issue_154" file="pytest_cases/tests/cases/issues/test_issue_154.py" line="166" name="test_create_single_idstyle_mygen[Minputs_request_data/P9F/single_parametrized_lazy_value_target_is_skipped-bar]" time="0.003314495086669922"><skipped message="unconditional skip" type="pytest.skip">pytest_cases/tests/cases/issues/test_issue_154.py:166: &lt;py._xmlgen.raw object at 0x7f4b6bd6e438&gt;</skipped></testcase><testcase classname="pytest_cases.tests.cases.issues.test_issue_154" file="pytest_cases/tests/cases/issues/test_issue_154.py" line="173" name="test_create_single_ids_list[0]" time="0.0019116401672363281"></testcase><testcase classname="pytest_cases.tests.cases.issues.test_issue_154" file="pytest_cases/tests/cases/issues/test_issue_154.py" line="173" name="test_create_single_ids_list[1]" time="0.001974344253540039"></testcase><testcase classname="pytest_cases.tests.cases.issues.test_issue_154" file="pytest_cases/tests/cases/issues/test_issue_154.py" line="173" name="test_create_single_ids_list[2]" time="0.00024080276489257812"><skipped message="&lt;unprintable Skipped object&gt;" type="pytest.skip">pytest_cases/tests/cases/issues/test_issue_154.py:173: &lt;py._xmlgen.raw object at 0x7f4b6bd83630&gt;</skipped></testcase><testcase classname="pytest_cases.tests.cases.issues.test_issue_154" file="pytest_cases/tests/cases/issues/test_issue_154.py" line="173" name="test_create_single_ids_list[3]" time="0.0002269744873046875"><skipped message="&lt;unprintable Skipped object&gt;" type="pytest.skip">pytest_cases/tests/cases/issues/test_issue_154.py:173: &lt;py._xmlgen.raw object at 0x7f4b6bd8f9b0&gt;</skipped></testcase><testcase classname="pytest_cases.tests.cases.issues.test_issue_154" file="pytest_cases/tests/cases/issues/test_issue_154.py" line="173" name="test_create_single_ids_list[4]" time="0.001268625259399414"></testcase><testcase classname="pytest_cases.tests.cases.issues.test_issue_154" file="pytest_cases/tests/cases/issues/test_issue_154.py" line="173" name="test_create_single_ids_list[5]" time="0.002421855926513672"><skipped message="unconditional skip" type="pytest.skip">pytest_cases/tests/cases/issues/test_issue_154.py:173: &lt;py._xmlgen.raw object at 0x7f4b6bd5d2b0&gt;</skipped></testcase><testcase classname="pytest_cases.tests.cases.issues.test_issue_154" file="pytest_cases/tests/cases/issues/test_issue_154.py" line="173" name="test_create_single_ids_list[6-0]" time="0.0031366348266601562"></testcase><testcase classname="pytest_cases.tests.cases.issues.test_issue_154" file="pytest_cases/tests/cases/issues/test_issue_154.py" line="173" name="test_create_single_ids_list[7-foo]" time="0.004028797149658203"></testcase><testcase classname="pytest_cases.tests.cases.issues.test_issue_154" file="pytest_cases/tests/cases/issues/test_issue_154.py" line="173" name="test_create_single_ids_list[8-0]" time="0.0003294944763183594"><skipped message="&lt;unprintable Skipped object&gt;" type="pytest.skip">pytest_cases/tests/cases/issues/test_issue_154.py:173: &lt;py._xmlgen.raw object at 0x7f4b6bd1a0f0&gt;</skipped></testcase><testcase classname="pytest_cases.tests.cases.issues.test_issue_154" file="pytest_cases/tests/cases/issues/test_issue_154.py" line="173" name="test_create_single_ids_list[9-bar]" time="0.00046634674072265625"><skipped message="unconditional skip" type="pytest.skip">pytest_cases/tests/cases/issues/test_issue_154.py:173: &lt;py._xmlgen.raw object at 0x7f4b6bd16f60&gt;</skipped></testcase><testcase classname="pytest_cases.tests.cases.issues.test_issue_154" file="pytest_cases/tests/cases/issues/test_issue_154.py" line="180" name="test_create_single_ids_list_style[/0]" time="0.0012080669403076172"></testcase><testcase classname="pytest_cases.tests.cases.issues.test_issue_154" file="pytest_cases/tests/cases/issues/test_issue_154.py" line="180" name="test_create_single_ids_list_style[/1]" time="0.0017282962799072266"></testcase><testcase classname="pytest_cases.tests.cases.issues.test_issue_154" file="pytest_cases/tests/cases/issues/test_issue_154.py" line="180" name="test_create_single_ids_list_style[/2]" time="0.0021021366119384766"><skipped message="&lt;unprintable Skipped object&gt;" type="pytest.skip">pytest_cases/tests/cases/issues/test_issue_154.py:180: &lt;py._xmlgen.raw object at 0x7f4b6bd20390&gt;</skipped></testcase><testcase classname="pytest_cases.tests.cases.issues.test_issue_154" file="pytest_cases/tests/cases/issues/test_issue_154.py" line="180" name="test_create_single_ids_list_style[/3]" time="0.0004267692565917969"><skipped message="&lt;unprintable Skipped object&gt;" type="pytest.skip">pytest_cases/tests/cases/issues/test_issue_154.py:180: &lt;py._xmlgen.raw object at 0x7f4b6bd1a3c8&gt;</skipped></testcase><testcase classname="pytest_cases.tests.cases.issues.test_issue_154" file="pytest_cases/tests/cases/issues/test_issue_154.py" line="180" name="test_create_single_ids_list_style[/P4:6-4]" time="0.003258228302001953"></testcase><testcase classname="pytest_cases.tests.cases.issues.test_issue_154" file="pytest_cases/tests/cases/issues/test_issue_154.py" line="180" name="test_create_single_ids_list_style[/P4:6-5]" time="0.00036215782165527344"><skipped message="unconditional skip" type="pytest.skip">pytest_cases/tests/cases/issues/test_issue_154.py:180: &lt;py._xmlgen.raw object at 0x7f4b6bd20cc0&gt;</skipped></testcase><testcase classname="pytest_cases.tests.cases.issues.test_issue_154" file="pytest_cases/tests/cases/issues/test_issue_154.py" line="180" name="test_create_single_ids_list_style[/6-0]" time="0.0014355182647705078"></testcase><testcase classname="pytest_cases.tests.cases.issues.test_issue_154" file="pytest_cases/tests/cases/issues/test_issue_154.py" line="180" name="test_create_single_ids_list_style[/7-foo]" time="0.0012269020080566406"></testcase><testcase classname="pytest_cases.tests.cases.issues.test_issue_154" file="pytest_cases/tests/cases/issues/test_issue_154.py" line="180" name="test_create_single_ids_list_style[/8-0]" time="0.00022459030151367188"><skipped message="&lt;unprintable Skipped object&gt;" type="pytest.skip">pytest_cases/tests/cases/issues/test_issue_154.py:180: &lt;py._xmlgen.raw object at 0x7f4b6bd5d128&gt;</skipped></testcase><testcase classname="pytest_cases.tests.cases.issues.test_issue_154" file="pytest_cases/tests/cases/issues/test_issue_154.py" line="180" name="test_create_single_ids_list_style[/9-bar]" time="0.0003886222839355469"><skipped message="unconditional skip" type="pytest.skip">pytest_cases/tests/cases/issues/test_issue_154.py:180: &lt;py._xmlgen.raw object at 0x7f4b6bd24cc0&gt;</skipped></testcase><testcase classname="pytest_cases.tests.cases.issues.test_issue_154" file="pytest_cases/tests/cases/issues/test_issue_154.py" line="187" name="test_create_single_ids_mygen[Msingle]" time="0.0023970603942871094"></testcase><testcase classname="pytest_cases.tests.cases.issues.test_issue_154" file="pytest_cases/tests/cases/issues/test_issue_154.py" line="187" name="test_create_single_ids_mygen[Mfixref]" time="0.0019428730010986328"></testcase><testcase classname="pytest_cases.tests.cases.issues.test_issue_154" file="pytest_cases/tests/cases/issues/test_issue_154.py" line="187" name="test_create_single_ids_mygen[Msingle_marked_skipped]" time="0.0002856254577636719"><skipped message="&lt;unprintable Skipped object&gt;" type="pytest.skip">pytest_cases/tests/cases/issues/test_issue_154.py:187: &lt;py._xmlgen.raw object at 0x7f4b6bd20c88&gt;</skipped></testcase><testcase classname="pytest_cases.tests.cases.issues.test_issue_154" file="pytest_cases/tests/cases/issues/test_issue_154.py" line="187" name="test_create_single_ids_mygen[Mfixref_marked_skipped]" time="0.0002887248992919922"><skipped message="&lt;unprintable Skipped object&gt;" type="pytest.skip">pytest_cases/tests/cases/issues/test_issue_154.py:187: &lt;py._xmlgen.raw object at 0x7f4b6bd26ba8&gt;</skipped></testcase><testcase classname="pytest_cases.tests.cases.issues.test_issue_154" file="pytest_cases/tests/cases/issues/test_issue_154.py" line="187" name="test_create_single_ids_mygen[Mmulti1]" time="0.0022733211517333984"></testcase><testcase classname="pytest_cases.tests.cases.issues.test_issue_154" file="pytest_cases/tests/cases/issues/test_issue_154.py" line="187" name="test_create_single_ids_mygen[Mmulti2_marked_skipped]" time="0.0002675056457519531"><skipped message="unconditional skip" type="pytest.skip">pytest_cases/tests/cases/issues/test_issue_154.py:187: &lt;py._xmlgen.raw object at 0x7f4b6bd1add8&gt;</skipped></testcase><testcase classname="pytest_cases.tests.cases.issues.test_issue_154" file="pytest_cases/tests/cases/issues/test_issue_154.py" line="187" name="test_create_single_ids_mygen[Mfixref_target_is_parametrized-0]" time="0.00194549560546875"></testcase><testcase classname="pytest_cases.tests.cases.issues.test_issue_154" file="pytest_cases/tests/cases/issues/test_issue_154.py" line="187" name="test_create_single_ids_mygen[Msingle_parametrized_lazy-foo]" time="0.002279043197631836"></testcase><testcase classname="pytest_cases.tests.cases.issues.test_issue_154" file="pytest_cases/tests/cases/issues/test_issue_154.py" line="187" name="test_create_single_ids_mygen[Mfixref_target_is_parametrized_marked_skipped-0]" time="0.00028204917907714844"><skipped message="&lt;unprintable Skipped object&gt;" type="pytest.skip">pytest_cases/tests/cases/issues/test_issue_154.py:187: &lt;py._xmlgen.raw object at 0x7f4b6bd1ae10&gt;</skipped></testcase><testcase classname="pytest_cases.tests.cases.issues.test_issue_154" file="pytest_cases/tests/cases/issues/test_issue_154.py" line="187" name="test_create_single_ids_mygen[Msingle_parametrized_lazy_value_target_is_skipped-bar]" time="0.0002434253692626953"><skipped message="unconditional skip" type="pytest.skip">pytest_cases/tests/cases/issues/test_issue_154.py:187: &lt;py._xmlgen.raw object at 0x7f4b6bd2e710&gt;</skipped></testcase><testcase classname="pytest_cases.tests.cases.issues.test_issue_154" file="pytest_cases/tests/cases/issues/test_issue_154.py" line="194" name="test_create_single_ids_mygen_style[/Msingle]" time="0.001781463623046875"></testcase><testcase classname="pytest_cases.tests.cases.issues.test_issue_154" file="pytest_cases/tests/cases/issues/test_issue_154.py" line="194" name="test_create_single_ids_mygen_style[/Mfixref]" time="0.002067089080810547"></testcase><testcase classname="pytest_cases.tests.cases.issues.test_issue_154" file="pytest_cases/tests/cases/issues/test_issue_154.py" line="194" name="test_create_single_ids_mygen_style[/Msingle_marked_skipped]" time="0.0002562999725341797"><skipped message="&lt;unprintable Skipped object&gt;" type="pytest.skip">pytest_cases/tests/cases/issues/test_issue_154.py:194: &lt;py._xmlgen.raw object at 0x7f4b6bd2e668&gt;</skipped></testcase><testcase classname="pytest_cases.tests.cases.issues.test_issue_154" file="pytest_cases/tests/cases/issues/test_issue_154.py" line="194" name="test_create_single_ids_mygen_style[/Mfixref_marked_skipped]" time="0.0002930164337158203"><skipped message="&lt;unprintable Skipped object&gt;" type="pytest.skip">pytest_cases/tests/cases/issues/test_issue_154.py:194: &lt;py._xmlgen.raw object at 0x7f4b6bd34278&gt;</skipped></testcase><testcase classname="pytest_cases.tests.cases.issues.test_issue_154" file="pytest_cases/tests/cases/issues/test_issue_154.py" line="194" name="test_create_single_ids_mygen_style[/P4:6-Mmulti1]" time="0.0017213821411132812"></testcase><testcase classname="pytest_cases.tests.cases.issues.test_issue_154" file="pytest_cases/tests/cases/issues/test_issue_154.py" line="194" name="test_create_single_ids_mygen_style[/P4:6-Mmulti2_marked_skipped]" time="0.0011150836944580078"><skipped message="unconditional skip" type="pytest.skip">pytest_cases/tests/cases/issues/test_issue_154.py:194: &lt;py._xmlgen.raw object at 0x7f4b6bd340f0&gt;</skipped></testcase><testcase classname="pytest_cases.tests.cases.issues.test_issue_154" file="pytest_cases/tests/cases/issues/test_issue_154.py" line="194" name="test_create_single_ids_mygen_style[/Mfixref_target_is_parametrized-0]" time="0.0017745494842529297"></testcase><testcase classname="pytest_cases.tests.cases.issues.test_issue_154" file="pytest_cases/tests/cases/issues/test_issue_154.py" line="194" name="test_create_single_ids_mygen_style[/Msingle_parametrized_lazy-foo]" time="0.0017595291137695312"></testcase><testcase classname="pytest_cases.tests.cases.issues.test_issue_154" file="pytest_cases/tests/cases/issues/test_issue_154.py" line="194" name="test_create_single_ids_mygen_style[/Mfixref_target_is_parametrized_marked_skipped-0]" time="0.0002701282501220703"><skipped message="&lt;unprintable Skipped object&gt;" type="pytest.skip">pytest_cases/tests/cases/issues/test_issue_154.py:194: &lt;py._xmlgen.raw object at 0x7f4b6bd8f1d0&gt;</skipped></testcase><testcase classname="pytest_cases.tests.cases.issues.test_issue_154" file="pytest_cases/tests/cases/issues/test_issue_154.py" line="194" name="test_create_single_ids_mygen_style[/Msingle_parametrized_lazy_value_target_is_skipped-bar]" time="0.0005311965942382812"><skipped message="unconditional skip" type="pytest.skip">pytest_cases/tests/cases/issues/test_issue_154.py:194: &lt;py._xmlgen.raw object at 0x7f4b6bd16898&gt;</skipped></testcase><testcase classname="pytest_cases.tests.cases.issues.test_issue_154" file="pytest_cases/tests/cases/issues/test_issue_154.py" line="201" name="test_synthesis" time="0.021027088165283203"></testcase><testcase classname="pytest_cases.tests.cases.legacy.advanced.test_memoize" file="pytest_cases/tests/cases/legacy/advanced/test_memoize.py" line="49" name="test_a[case_1]" time="0.0011835098266601562"><system-out>loading file file1
</system-out></testcase><testcase classname="pytest_cases.tests.cases.legacy.advanced.test_memoize" file="pytest_cases/tests/cases/legacy/advanced/test_memoize.py" line="49" name="test_a[case_2]" time="0.0006999969482421875"><system-out>loading file file2
</system-out></testcase><testcase classname="pytest_cases.tests.cases.legacy.advanced.test_memoize" file="pytest_cases/tests/cases/legacy/advanced/test_memoize.py" line="59" name="test_b[case_2]" time="0.000629425048828125"></testcase><testcase classname="pytest_cases.tests.cases.legacy.advanced.test_memoize" file="pytest_cases/tests/cases/legacy/advanced/test_memoize.py" line="59" name="test_b[case_3]" time="0.0006656646728515625"><system-out>loading file file3
</system-out></testcase><testcase classname="pytest_cases.tests.cases.legacy.advanced.test_memoize" file="pytest_cases/tests/cases/legacy/advanced/test_memoize.py" line="69" name="test_c[case_1]" time="0.0006237030029296875"></testcase><testcase classname="pytest_cases.tests.cases.legacy.advanced.test_memoize" file="pytest_cases/tests/cases/legacy/advanced/test_memoize.py" line="69" name="test_c[case_2]" time="0.0006494522094726562"></testcase><testcase classname="pytest_cases.tests.cases.legacy.advanced.test_memoize" file="pytest_cases/tests/cases/legacy/advanced/test_memoize.py" line="69" name="test_c[case_3]" time="0.0006222724914550781"></testcase><testcase classname="pytest_cases.tests.cases.legacy.advanced.test_memoize" file="pytest_cases/tests/cases/legacy/advanced/test_memoize.py" line="79" name="test_assert_parametrized" time="0.0005385875701904297"></testcase><testcase classname="pytest_cases.tests.cases.legacy.advanced.test_memoize_generators" file="pytest_cases/tests/cases/legacy/advanced/test_memoize_generators.py" line="23" name="test_a[case 0]" time="0.0006959438323974609"><system-out>generating case 0
0
</system-out></testcase><testcase classname="pytest_cases.tests.cases.legacy.advanced.test_memoize_generators" file="pytest_cases/tests/cases/legacy/advanced/test_memoize_generators.py" line="23" name="test_a[case 1]" time="0.0007002353668212891"><system-out>generating case 1
1
</system-out></testcase><testcase classname="pytest_cases.tests.cases.legacy.advanced.test_memoize_generators" file="pytest_cases/tests/cases/legacy/advanced/test_memoize_generators.py" line="23" name="test_a[case 2]" time="0.0006616115570068359"><system-out>generating case 2
2
</system-out></testcase><testcase classname="pytest_cases.tests.cases.legacy.advanced.test_memoize_generators" file="pytest_cases/tests/cases/legacy/advanced/test_memoize_generators.py" line="33" name="test_b[case 0]" time="0.0009527206420898438"><system-out>0
</system-out></testcase><testcase classname="pytest_cases.tests.cases.legacy.advanced.test_memoize_generators" file="pytest_cases/tests/cases/legacy/advanced/test_memoize_generators.py" line="33" name="test_b[case 1]" time="0.0006852149963378906"><system-out>1
</system-out></testcase><testcase classname="pytest_cases.tests.cases.legacy.advanced.test_memoize_generators" file="pytest_cases/tests/cases/legacy/advanced/test_memoize_generators.py" line="33" name="test_b[case 2]" time="0.0007088184356689453"><system-out>2
</system-out></testcase><testcase classname="pytest_cases.tests.cases.legacy.advanced.test_memoize_generators" file="pytest_cases/tests/cases/legacy/advanced/test_memoize_generators.py" line="43" name="test_assert_cases_are_here" time="0.0007860660552978516"></testcase><testcase classname="pytest_cases.tests.cases.legacy.advanced.test_memoize_generators" file="pytest_cases/tests/cases/legacy/advanced/test_memoize_generators.py" line="50" name="test_assert_parametrized" time="0.0005462169647216797"></testcase><testcase classname="pytest_cases.tests.cases.legacy.advanced.test_parameters" file="pytest_cases/tests/cases/legacy/advanced/test_parameters.py" line="45" name="test_with_parameters[1.0.0-case_simple]" time="0.0007741451263427734"><system-out>using version 1.0.0
</system-out></testcase><testcase classname="pytest_cases.tests.cases.legacy.advanced.test_parameters" file="pytest_cases/tests/cases/legacy/advanced/test_parameters.py" line="45" name="test_with_parameters[1.0.0-case_simple2]" time="0.0004076957702636719"><system-out>using version 1.0.0
</system-out></testcase><testcase classname="pytest_cases.tests.cases.legacy.advanced.test_parameters" file="pytest_cases/tests/cases/legacy/advanced/test_parameters.py" line="45" name="test_with_parameters[1.0.0-case_gen__i=0, j=0]" time="0.00039696693420410156"><system-out>using version 1.0.0
</system-out></testcase><testcase classname="pytest_cases.tests.cases.legacy.advanced.test_parameters" file="pytest_cases/tests/cases/legacy/advanced/test_parameters.py" line="45" name="test_with_parameters[1.0.0-case_gen__i=0, j=1]" time="0.0003948211669921875"><system-out>using version 1.0.0
</system-out></testcase><testcase classname="pytest_cases.tests.cases.legacy.advanced.test_parameters" file="pytest_cases/tests/cases/legacy/advanced/test_parameters.py" line="45" name="test_with_parameters[1.0.0-case_gen__i=1, j=0]" time="0.0013303756713867188"><system-out>using version 1.0.0
</system-out></testcase><testcase classname="pytest_cases.tests.cases.legacy.advanced.test_parameters" file="pytest_cases/tests/cases/legacy/advanced/test_parameters.py" line="45" name="test_with_parameters[1.0.0-case_gen__i=1, j=1]" time="0.0014886856079101562"><system-out>using version 1.0.0
</system-out></testcase><testcase classname="pytest_cases.tests.cases.legacy.advanced.test_parameters" file="pytest_cases/tests/cases/legacy/advanced/test_parameters.py" line="45" name="test_with_parameters[2.0.0-case_simple]" time="0.0013458728790283203"><system-out>using version 2.0.0
</system-out></testcase><testcase classname="pytest_cases.tests.cases.legacy.advanced.test_parameters" file="pytest_cases/tests/cases/legacy/advanced/test_parameters.py" line="45" name="test_with_parameters[2.0.0-case_simple2]" time="0.003142833709716797"><system-out>using version 2.0.0
</system-out></testcase><testcase classname="pytest_cases.tests.cases.legacy.advanced.test_parameters" file="pytest_cases/tests/cases/legacy/advanced/test_parameters.py" line="45" name="test_with_parameters[2.0.0-case_gen__i=0, j=0]" time="0.0034050941467285156"><system-out>using version 2.0.0
</system-out></testcase><testcase classname="pytest_cases.tests.cases.legacy.advanced.test_parameters" file="pytest_cases/tests/cases/legacy/advanced/test_parameters.py" line="45" name="test_with_parameters[2.0.0-case_gen__i=0, j=1]" time="0.0030443668365478516"><system-out>using version 2.0.0
</system-out></testcase><testcase classname="pytest_cases.tests.cases.legacy.advanced.test_parameters" file="pytest_cases/tests/cases/legacy/advanced/test_parameters.py" line="45" name="test_with_parameters[2.0.0-case_gen__i=1, j=0]" time="0.0033495426177978516"><system-out>using version 2.0.0
</system-out></testcase><testcase classname="pytest_cases.tests.cases.legacy.advanced.test_parameters" file="pytest_cases/tests/cases/legacy/advanced/test_parameters.py" line="45" name="test_with_parameters[2.0.0-case_gen__i=1, j=1]" time="0.0016291141510009766"><system-out>using version 2.0.0
</system-out></testcase><testcase classname="pytest_cases.tests.cases.legacy.advanced.test_parameters" file="pytest_cases/tests/cases/legacy/advanced/test_parameters.py" line="61" name="test_assert_parametrized" time="0.0009150505065917969"></testcase><testcase classname="pytest_cases.tests.cases.legacy.advanced.test_stackoverflow" file="pytest_cases/tests/cases/legacy/advanced/test_stackoverflow.py" line="26" name="test_with_cases_decorated[case_simple]" time="0.0013551712036132812"></testcase><testcase classname="pytest_cases.tests.cases.legacy.advanced.test_stackoverflow" file="pytest_cases/tests/cases/legacy/advanced/test_stackoverflow.py" line="39" name="test_with_cases_decorated2[case_simple]" time="0.0017244815826416016"></testcase><testcase classname="pytest_cases.tests.cases.legacy.advanced.test_stackoverflow" file="pytest_cases/tests/cases/legacy/advanced/test_stackoverflow.py" line="39" name="test_with_cases_decorated2[case_simple2]" time="0.0013794898986816406"></testcase><testcase classname="pytest_cases.tests.cases.legacy.advanced.test_stackoverflow" file="pytest_cases/tests/cases/legacy/advanced/test_stackoverflow.py" line="87" name="test_a[case_1]" time="0.0025844573974609375"><system-out>loading file file1
</system-out></testcase><testcase classname="pytest_cases.tests.cases.legacy.advanced.test_stackoverflow" file="pytest_cases/tests/cases/legacy/advanced/test_stackoverflow.py" line="87" name="test_a[case_2]" time="0.0003962516784667969"><system-out>loading file file2
</system-out></testcase><testcase classname="pytest_cases.tests.cases.legacy.advanced.test_stackoverflow" file="pytest_cases/tests/cases/legacy/advanced/test_stackoverflow.py" line="97" name="test_b[case_2]" time="0.0003292560577392578"></testcase><testcase classname="pytest_cases.tests.cases.legacy.advanced.test_stackoverflow" file="pytest_cases/tests/cases/legacy/advanced/test_stackoverflow.py" line="97" name="test_b[case_3]" time="0.0003981590270996094"><system-out>loading file file3
</system-out></testcase><testcase classname="pytest_cases.tests.cases.legacy.advanced.test_stackoverflow" file="pytest_cases/tests/cases/legacy/advanced/test_stackoverflow.py" line="107" name="test_c[case_1]" time="0.0008518695831298828"></testcase><testcase classname="pytest_cases.tests.cases.legacy.advanced.test_stackoverflow" file="pytest_cases/tests/cases/legacy/advanced/test_stackoverflow.py" line="107" name="test_c[case_2]" time="0.0006096363067626953"></testcase><testcase classname="pytest_cases.tests.cases.legacy.advanced.test_stackoverflow" file="pytest_cases/tests/cases/legacy/advanced/test_stackoverflow.py" line="107" name="test_c[case_3]" time="0.0006008148193359375"></testcase><testcase classname="pytest_cases.tests.cases.legacy.advanced.test_suite_parametrized_cases" file="pytest_cases/tests/cases/legacy/advanced/test_suite_parametrized_cases.py" line="65" name="test_suite_parametrized_cases[case_simple-step_check_a]" time="0.0009667873382568359"><system-out>{&apos;b&apos;: 2, &apos;a&apos;: 1}
</system-out></testcase><testcase classname="pytest_cases.tests.cases.legacy.advanced.test_suite_parametrized_cases" file="pytest_cases/tests/cases/legacy/advanced/test_suite_parametrized_cases.py" line="65" name="test_suite_parametrized_cases[case_simple-step_check_b]" time="0.0009377002716064453"><system-out>{&apos;b&apos;: 2, &apos;a&apos;: 1}
</system-out></testcase><testcase classname="pytest_cases.tests.cases.legacy.advanced.test_suite_parametrized_cases" file="pytest_cases/tests/cases/legacy/advanced/test_suite_parametrized_cases.py" line="65" name="test_suite_parametrized_cases[case_simple2-step_check_a]" time="0.0016527175903320312"><system-out>{&apos;b&apos;: 2, &apos;a&apos;: -1}
</system-out></testcase><testcase classname="pytest_cases.tests.cases.legacy.advanced.test_suite_parametrized_cases" file="pytest_cases/tests/cases/legacy/advanced/test_suite_parametrized_cases.py" line="65" name="test_suite_parametrized_cases[case_simple2-step_check_b]" time="0.0008950233459472656"><system-out>{&apos;b&apos;: 2, &apos;a&apos;: -1}
</system-out></testcase><testcase classname="pytest_cases.tests.cases.legacy.advanced.test_suite_shared_dict_cases" file="pytest_cases/tests/cases/legacy/advanced/test_suite_shared_dict_cases.py" line="51" name="test_suite_shared_dict_cases[case_simple-step_check_a]" time="0.0009047985076904297"><system-out>{&apos;b&apos;: 2, &apos;a&apos;: 1}
</system-out></testcase><testcase classname="pytest_cases.tests.cases.legacy.advanced.test_suite_shared_dict_cases" file="pytest_cases/tests/cases/legacy/advanced/test_suite_shared_dict_cases.py" line="51" name="test_suite_shared_dict_cases[case_simple-step_check_b]" time="0.0008831024169921875"><system-out>{&apos;b&apos;: 2, &apos;a&apos;: 1}
</system-out></testcase><testcase classname="pytest_cases.tests.cases.legacy.advanced.test_suite_shared_dict_cases" file="pytest_cases/tests/cases/legacy/advanced/test_suite_shared_dict_cases.py" line="51" name="test_suite_shared_dict_cases[case_simple2-step_check_a]" time="0.000985860824584961"><system-out>{&apos;b&apos;: 2, &apos;a&apos;: -1}
</system-out></testcase><testcase classname="pytest_cases.tests.cases.legacy.advanced.test_suite_shared_dict_cases" file="pytest_cases/tests/cases/legacy/advanced/test_suite_shared_dict_cases.py" line="51" name="test_suite_shared_dict_cases[case_simple2-step_check_b]" time="0.0009186267852783203"><system-out>{&apos;b&apos;: 2, &apos;a&apos;: -1}
</system-out></testcase><testcase classname="pytest_cases.tests.cases.legacy.intermediate.test_filtering" file="pytest_cases/tests/cases/legacy/intermediate/test_filtering.py" line="34" name="test_with_cases_a_or_b[case_data0]" time="0.0002739429473876953"><skipped message="got empty parameter set [&apos;case_data&apos;], function test_with_cases_a_or_b at /home/travis/build/smarie/python-pytest-cases/pytest_cases/tests/cases/legacy/intermediate/test_filtering.py:34" type="pytest.skip">pytest_cases/tests/cases/legacy/intermediate/test_filtering.py:34: &lt;py._xmlgen.raw object at 0x7f4b6c1709b0&gt;</skipped></testcase><testcase classname="pytest_cases.tests.cases.legacy.intermediate.test_filtering" file="pytest_cases/tests/cases/legacy/intermediate/test_filtering.py" line="47" name="test_with_cases_a_and_b[case_data0]" time="0.00028228759765625"><skipped message="got empty parameter set [&apos;case_data&apos;], function test_with_cases_a_and_b at /home/travis/build/smarie/python-pytest-cases/pytest_cases/tests/cases/legacy/intermediate/test_filtering.py:47" type="pytest.skip">pytest_cases/tests/cases/legacy/intermediate/test_filtering.py:47: &lt;py._xmlgen.raw object at 0x7f4b6bd04240&gt;</skipped></testcase><testcase classname="pytest_cases.tests.cases.legacy.intermediate.test_shared" file="pytest_cases/tests/cases/legacy/intermediate/test_shared.py" line="12" name="test_with_filter[case_for_function1]" time="0.0006577968597412109"></testcase><testcase classname="pytest_cases.tests.cases.legacy.intermediate.test_shared" file="pytest_cases/tests/cases/legacy/intermediate/test_shared.py" line="12" name="test_with_filter[case_for_function_1_and_2]" time="0.0008692741394042969"></testcase><testcase classname="pytest_cases.tests.cases.legacy.intermediate.test_shared" file="pytest_cases/tests/cases/legacy/intermediate/test_shared.py" line="25" name="test_with_filter2[case_for_function2]" time="0.0006120204925537109"></testcase><testcase classname="pytest_cases.tests.cases.legacy.intermediate.test_shared" file="pytest_cases/tests/cases/legacy/intermediate/test_shared.py" line="25" name="test_with_filter2[case_for_function_1_and_2]" time="0.0006091594696044922"></testcase><testcase classname="pytest_cases.tests.cases.legacy.intermediate.test_shared" file="pytest_cases/tests/cases/legacy/intermediate/test_shared.py" line="38" name="test_with_no_filter_all_cases[case_for_function1]" time="0.0006039142608642578"></testcase><testcase classname="pytest_cases.tests.cases.legacy.intermediate.test_shared" file="pytest_cases/tests/cases/legacy/intermediate/test_shared.py" line="38" name="test_with_no_filter_all_cases[case_for_function2]" time="0.0006108283996582031"></testcase><testcase classname="pytest_cases.tests.cases.legacy.intermediate.test_shared" file="pytest_cases/tests/cases/legacy/intermediate/test_shared.py" line="38" name="test_with_no_filter_all_cases[case_for_function_1_and_2]" time="0.0006473064422607422"></testcase><testcase classname="pytest_cases.tests.cases.legacy.intermediate.test_two_modules" file="pytest_cases/tests/cases/legacy/intermediate/test_two_modules.py" line="10" name="test_with_cases_decorated[case_simple]" time="0.0006117820739746094"></testcase><testcase classname="pytest_cases.tests.cases.legacy.intermediate.test_two_modules" file="pytest_cases/tests/cases/legacy/intermediate/test_two_modules.py" line="10" name="test_with_cases_decorated[case_simple_error_type]" time="0.0005972385406494141"></testcase><testcase classname="pytest_cases.tests.cases.legacy.intermediate.test_two_modules" file="pytest_cases/tests/cases/legacy/intermediate/test_two_modules.py" line="10" name="test_with_cases_decorated[case_simple_error_instance]" time="0.0006110668182373047"></testcase><testcase classname="pytest_cases.tests.cases.legacy.intermediate.test_two_modules" file="pytest_cases/tests/cases/legacy/intermediate/test_two_modules.py" line="10" name="test_with_cases_decorated[case_simple_error_callable]" time="0.0006079673767089844"></testcase><testcase classname="pytest_cases.tests.cases.legacy.intermediate.test_two_modules" file="pytest_cases/tests/cases/legacy/intermediate/test_two_modules.py" line="10" name="test_with_cases_decorated[case_skipped]" time="0.0002720355987548828"><skipped message="unconditional skip" type="pytest.skip">pytest_cases/tests/cases/legacy/intermediate/test_two_modules.py:10: &lt;py._xmlgen.raw object at 0x7f4b6bd0fcf8&gt;</skipped></testcase><testcase classname="pytest_cases.tests.cases.legacy.intermediate.test_two_modules" file="pytest_cases/tests/cases/legacy/intermediate/test_two_modules.py" line="10" name="test_with_cases_decorated[case_for_function1]" time="0.0008292198181152344"></testcase><testcase classname="pytest_cases.tests.cases.legacy.intermediate.test_two_modules" file="pytest_cases/tests/cases/legacy/intermediate/test_two_modules.py" line="10" name="test_with_cases_decorated[case_for_function2]" time="0.0005950927734375"></testcase><testcase classname="pytest_cases.tests.cases.legacy.intermediate.test_two_modules" file="pytest_cases/tests/cases/legacy/intermediate/test_two_modules.py" line="10" name="test_with_cases_decorated[case_for_function_1_and_2]" time="0.0006086826324462891"></testcase><testcase classname="pytest_cases.tests.cases.legacy.simple.test_fixtures" file="pytest_cases/tests/cases/legacy/simple/test_fixtures.py" line="20" name="test_with_cases_decorated_legacy[case_simple]" time="0.0007338523864746094"></testcase><testcase classname="pytest_cases.tests.cases.legacy.simple.test_fixtures" file="pytest_cases/tests/cases/legacy/simple/test_fixtures.py" line="20" name="test_with_cases_decorated_legacy[case_simple_error_type]" time="0.0007951259613037109"></testcase><testcase classname="pytest_cases.tests.cases.legacy.simple.test_fixtures" file="pytest_cases/tests/cases/legacy/simple/test_fixtures.py" line="20" name="test_with_cases_decorated_legacy[case_simple_error_instance]" time="0.0009779930114746094"></testcase><testcase classname="pytest_cases.tests.cases.legacy.simple.test_fixtures" file="pytest_cases/tests/cases/legacy/simple/test_fixtures.py" line="20" name="test_with_cases_decorated_legacy[case_simple_error_callable]" time="0.0007381439208984375"></testcase><testcase classname="pytest_cases.tests.cases.legacy.simple.test_fixtures" file="pytest_cases/tests/cases/legacy/simple/test_fixtures.py" line="20" name="test_with_cases_decorated_legacy[case_skipped]" time="0.00025844573974609375"><skipped message="unconditional skip" type="pytest.skip">pytest_cases/tests/cases/legacy/simple/test_fixtures.py:20: &lt;py._xmlgen.raw object at 0x7f4b6bd0ffd0&gt;</skipped></testcase><testcase classname="pytest_cases.tests.cases.legacy.simple.test_fixtures" file="pytest_cases/tests/cases/legacy/simple/test_fixtures.py" line="67" name="test_with_cases_decorated[case_simple]" time="0.0007190704345703125"></testcase><testcase classname="pytest_cases.tests.cases.legacy.simple.test_fixtures" file="pytest_cases/tests/cases/legacy/simple/test_fixtures.py" line="67" name="test_with_cases_decorated[case_simple_error_type]" time="0.0010001659393310547"></testcase><testcase classname="pytest_cases.tests.cases.legacy.simple.test_fixtures" file="pytest_cases/tests/cases/legacy/simple/test_fixtures.py" line="67" name="test_with_cases_decorated[case_simple_error_instance]" time="0.0007185935974121094"></testcase><testcase classname="pytest_cases.tests.cases.legacy.simple.test_fixtures" file="pytest_cases/tests/cases/legacy/simple/test_fixtures.py" line="67" name="test_with_cases_decorated[case_simple_error_callable]" time="0.0007662773132324219"></testcase><testcase classname="pytest_cases.tests.cases.legacy.simple.test_fixtures" file="pytest_cases/tests/cases/legacy/simple/test_fixtures.py" line="67" name="test_with_cases_decorated[case_skipped]" time="0.00027632713317871094"><skipped message="unconditional skip" type="pytest.skip">pytest_cases/tests/cases/legacy/simple/test_fixtures.py:67: &lt;py._xmlgen.raw object at 0x7f4b6bca0470&gt;</skipped></testcase><testcase classname="pytest_cases.tests.cases.legacy.simple.test_generators" file="pytest_cases/tests/cases/legacy/simple/test_generators.py" line="56" name="test_with_cases_decorated[case_simple]" time="0.0008838176727294922"></testcase><testcase classname="pytest_cases.tests.cases.legacy.simple.test_generators" file="pytest_cases/tests/cases/legacy/simple/test_generators.py" line="56" name="test_with_cases_decorated[test with i=0, j=0 and name template]" time="0.0005869865417480469"></testcase><testcase classname="pytest_cases.tests.cases.legacy.simple.test_generators" file="pytest_cases/tests/cases/legacy/simple/test_generators.py" line="56" name="test_with_cases_decorated[test with i=0, j=1 and name template]" time="0.0005657672882080078"></testcase><testcase classname="pytest_cases.tests.cases.legacy.simple.test_generators" file="pytest_cases/tests/cases/legacy/simple/test_generators.py" line="56" name="test_with_cases_decorated[test with i=0, j=2 and name template]" time="0.0005955696105957031"></testcase><testcase classname="pytest_cases.tests.cases.legacy.simple.test_generators" file="pytest_cases/tests/cases/legacy/simple/test_generators.py" line="56" name="test_with_cases_decorated[test with i=1, j=0 and name template]" time="0.0006105899810791016"></testcase><testcase classname="pytest_cases.tests.cases.legacy.simple.test_generators" file="pytest_cases/tests/cases/legacy/simple/test_generators.py" line="56" name="test_with_cases_decorated[test with i=1, j=1 and name template]" time="0.0006341934204101562"></testcase><testcase classname="pytest_cases.tests.cases.legacy.simple.test_generators" file="pytest_cases/tests/cases/legacy/simple/test_generators.py" line="56" name="test_with_cases_decorated[test with i=1, j=2 and name template]" time="0.0005733966827392578"></testcase><testcase classname="pytest_cases.tests.cases.legacy.simple.test_generators" file="pytest_cases/tests/cases/legacy/simple/test_generators.py" line="56" name="test_with_cases_decorated[test with i=0, j=0 and names callable provider]" time="0.0005800724029541016"></testcase><testcase classname="pytest_cases.tests.cases.legacy.simple.test_generators" file="pytest_cases/tests/cases/legacy/simple/test_generators.py" line="56" name="test_with_cases_decorated[test with i=0, j=1 and names callable provider]" time="0.0005648136138916016"></testcase><testcase classname="pytest_cases.tests.cases.legacy.simple.test_generators" file="pytest_cases/tests/cases/legacy/simple/test_generators.py" line="56" name="test_with_cases_decorated[test with i=0, j=2 and names callable provider]" time="0.0006041526794433594"></testcase><testcase classname="pytest_cases.tests.cases.legacy.simple.test_generators" file="pytest_cases/tests/cases/legacy/simple/test_generators.py" line="56" name="test_with_cases_decorated[test with i=1, j=0 and names callable provider]" time="0.0006098747253417969"></testcase><testcase classname="pytest_cases.tests.cases.legacy.simple.test_generators" file="pytest_cases/tests/cases/legacy/simple/test_generators.py" line="56" name="test_with_cases_decorated[test with i=1, j=1 and names callable provider]" time="0.0008034706115722656"></testcase><testcase classname="pytest_cases.tests.cases.legacy.simple.test_generators" file="pytest_cases/tests/cases/legacy/simple/test_generators.py" line="56" name="test_with_cases_decorated[test with i=1, j=2 and names callable provider]" time="0.0005691051483154297"></testcase><testcase classname="pytest_cases.tests.cases.legacy.simple.test_generators" file="pytest_cases/tests/cases/legacy/simple/test_generators.py" line="56" name="test_with_cases_decorated[test with i=0, j=0 and explicit names list]" time="0.0005800724029541016"></testcase><testcase classname="pytest_cases.tests.cases.legacy.simple.test_generators" file="pytest_cases/tests/cases/legacy/simple/test_generators.py" line="56" name="test_with_cases_decorated[test with i=0, j=1 and explicit names list]" time="0.0005791187286376953"></testcase><testcase classname="pytest_cases.tests.cases.legacy.simple.test_generators" file="pytest_cases/tests/cases/legacy/simple/test_generators.py" line="56" name="test_with_cases_decorated[test with i=0, j=2 and explicit names list]" time="0.0005803108215332031"></testcase><testcase classname="pytest_cases.tests.cases.legacy.simple.test_generators" file="pytest_cases/tests/cases/legacy/simple/test_generators.py" line="56" name="test_with_cases_decorated[test with i=1, j=0 and explicit names list]" time="0.0006103515625"></testcase><testcase classname="pytest_cases.tests.cases.legacy.simple.test_generators" file="pytest_cases/tests/cases/legacy/simple/test_generators.py" line="56" name="test_with_cases_decorated[test with i=1, j=1 and explicit names list]" time="0.0007827281951904297"></testcase><testcase classname="pytest_cases.tests.cases.legacy.simple.test_generators" file="pytest_cases/tests/cases/legacy/simple/test_generators.py" line="56" name="test_with_cases_decorated[test with i=1, j=2 and explicit names list]" time="0.0005826950073242188"></testcase><testcase classname="pytest_cases.tests.cases.legacy.simple.test_main" file="pytest_cases/tests/cases/legacy/simple/test_main.py" line="12" name="test_with_cases_decorated[case_simple]" time="0.0005958080291748047"></testcase><testcase classname="pytest_cases.tests.cases.legacy.simple.test_main" file="pytest_cases/tests/cases/legacy/simple/test_main.py" line="12" name="test_with_cases_decorated[case_simple_error_type]" time="0.0006241798400878906"></testcase><testcase classname="pytest_cases.tests.cases.legacy.simple.test_main" file="pytest_cases/tests/cases/legacy/simple/test_main.py" line="12" name="test_with_cases_decorated[case_simple_error_instance]" time="0.0006499290466308594"></testcase><testcase classname="pytest_cases.tests.cases.legacy.simple.test_main" file="pytest_cases/tests/cases/legacy/simple/test_main.py" line="12" name="test_with_cases_decorated[case_simple_error_callable]" time="0.0006287097930908203"></testcase><testcase classname="pytest_cases.tests.cases.legacy.simple.test_main" file="pytest_cases/tests/cases/legacy/simple/test_main.py" line="12" name="test_with_cases_decorated[case_skipped]" time="0.00023818016052246094"><skipped message="unconditional skip" type="pytest.skip">pytest_cases/tests/cases/legacy/simple/test_main.py:12: &lt;py._xmlgen.raw object at 0x7f4b6bc98978&gt;</skipped></testcase><testcase classname="pytest_cases.tests.cases.legacy.simple.test_main" file="pytest_cases/tests/cases/legacy/simple/test_main.py" line="50" name="test_with_cases_manual[case_simple]" time="0.0005972385406494141"></testcase><testcase classname="pytest_cases.tests.cases.legacy.simple.test_main" file="pytest_cases/tests/cases/legacy/simple/test_main.py" line="50" name="test_with_cases_manual[case_simple_error_type]" time="0.0006127357482910156"></testcase><testcase classname="pytest_cases.tests.cases.legacy.simple.test_main" file="pytest_cases/tests/cases/legacy/simple/test_main.py" line="50" name="test_with_cases_manual[case_simple_error_instance]" time="0.0013973712921142578"></testcase><testcase classname="pytest_cases.tests.cases.legacy.simple.test_main" file="pytest_cases/tests/cases/legacy/simple/test_main.py" line="50" name="test_with_cases_manual[case_simple_error_callable]" time="0.0013494491577148438"></testcase><testcase classname="pytest_cases.tests.cases.legacy.simple.test_main" file="pytest_cases/tests/cases/legacy/simple/test_main.py" line="50" name="test_with_cases_manual[case_skipped]" time="0.00025177001953125"><skipped message="unconditional skip" type="pytest.skip">pytest_cases/tests/cases/legacy/simple/test_main.py:50: &lt;py._xmlgen.raw object at 0x7f4b6c13a4a8&gt;</skipped></testcase><testcase classname="pytest_cases.tests.cases.legacy.simple.test_pytest_marks" file="pytest_cases/tests/cases/legacy/simple/test_pytest_marks.py" line="9" name="test_get_pytest_marks" time="0.0006833076477050781"></testcase><testcase classname="pytest_cases.tests.cases.legacy.simple.test_same_file" file="pytest_cases/tests/cases/legacy/simple/test_same_file.py" line="27" name="test_with_cases_decorated[case_simple]" time="0.0006098747253417969"></testcase><testcase classname="pytest_cases.tests.cases.legacy.simple.test_same_file" file="pytest_cases/tests/cases/legacy/simple/test_same_file.py" line="27" name="test_with_cases_decorated[case_simple2]" time="0.00087738037109375"></testcase><testcase classname="pytest_cases.tests.cases.legacy.simple.test_so.TestIt" file="pytest_cases/tests/cases/legacy/simple/test_so.py" line="33" name="test_tc1[[&apos;var1&apos;, &apos;var2&apos;]]" time="0.0008461475372314453"><system-out>this
</system-out></testcase><testcase classname="pytest_cases.tests.cases.legacy.simple.test_so2" file="pytest_cases/tests/cases/legacy/simple/test_so2.py" line="45" name="test_data[data1_a]" time="0.0007319450378417969"><system-out>setup for &lt;function case_datasetA at 0x7f4b6c0d7840&gt;
</system-out></testcase><testcase classname="pytest_cases.tests.cases.legacy.simple.test_so2" file="pytest_cases/tests/cases/legacy/simple/test_so2.py" line="45" name="test_data[data2_a]" time="0.0007193088531494141"><system-out>teardown for &lt;function case_datasetA at 0x7f4b6c0d7840&gt;
</system-out></testcase><testcase classname="pytest_cases.tests.cases.legacy.simple.test_so2" file="pytest_cases/tests/cases/legacy/simple/test_so2.py" line="45" name="test_data[data3_a]" time="0.0006759166717529297"></testcase><testcase classname="pytest_cases.tests.cases.legacy.simple.test_so2" file="pytest_cases/tests/cases/legacy/simple/test_so2.py" line="45" name="test_data[data1_b]" time="0.0009443759918212891"><system-out>setup for &lt;function case_datasetB at 0x7f4b6c0d78c8&gt;
</system-out></testcase><testcase classname="pytest_cases.tests.cases.legacy.simple.test_so2" file="pytest_cases/tests/cases/legacy/simple/test_so2.py" line="45" name="test_data[data2_b]" time="0.0007228851318359375"><system-out>teardown for &lt;function case_datasetB at 0x7f4b6c0d78c8&gt;
</system-out></testcase><testcase classname="pytest_cases.tests.cases.legacy.simple.test_so2" file="pytest_cases/tests/cases/legacy/simple/test_so2.py" line="45" name="test_data[data3_b]" time="0.0006296634674072266"></testcase><testcase classname="pytest_cases.tests.cases.legacy.simple.test_so2" file="pytest_cases/tests/cases/legacy/simple/test_so2.py" line="50" name="test_synthesis" time="0.00442051887512207"></testcase><testcase classname="pytest_cases.tests.cases.others.test_glob_low_level" file="pytest_cases/tests/cases/others/test_glob_low_level.py" line="5" name="test_glob_low_level" time="0.0014712810516357422"></testcase><testcase classname="pytest_cases.tests.pytest_extension.doc.test_doc_fixture_graph" file="pytest_cases/tests/pytest_extension/doc/test_doc_fixture_graph.py" line="29" name="test_2[ie=-1-ia=0-i2=x]" time="0.0010061264038085938"></testcase><testcase classname="pytest_cases.tests.pytest_extension.doc.test_doc_fixture_graph" file="pytest_cases/tests/pytest_extension/doc/test_doc_fixture_graph.py" line="29" name="test_2[ie=-1-ia=0-i2=z]" time="0.0009584426879882812"></testcase><testcase classname="pytest_cases.tests.pytest_extension.doc.test_doc_fixture_graph" file="pytest_cases/tests/pytest_extension/doc/test_doc_fixture_graph.py" line="29" name="test_2[ie=-1-ia=1-i2=x]" time="0.0009794235229492188"></testcase><testcase classname="pytest_cases.tests.pytest_extension.doc.test_doc_fixture_graph" file="pytest_cases/tests/pytest_extension/doc/test_doc_fixture_graph.py" line="29" name="test_2[ie=-1-ia=1-i2=z]" time="0.000993967056274414"></testcase><testcase classname="pytest_cases.tests.pytest_extension.doc.test_doc_fixture_graph" file="pytest_cases/tests/pytest_extension/doc/test_doc_fixture_graph.py" line="29" name="test_2[ie=1-ia=0-i2=x]" time="0.0012106895446777344"></testcase><testcase classname="pytest_cases.tests.pytest_extension.doc.test_doc_fixture_graph" file="pytest_cases/tests/pytest_extension/doc/test_doc_fixture_graph.py" line="29" name="test_2[ie=1-ia=0-i2=z]" time="0.0009508132934570312"></testcase><testcase classname="pytest_cases.tests.pytest_extension.doc.test_doc_fixture_graph" file="pytest_cases/tests/pytest_extension/doc/test_doc_fixture_graph.py" line="29" name="test_2[ie=1-ia=1-i2=x]" time="0.0009648799896240234"></testcase><testcase classname="pytest_cases.tests.pytest_extension.doc.test_doc_fixture_graph" file="pytest_cases/tests/pytest_extension/doc/test_doc_fixture_graph.py" line="29" name="test_2[ie=1-ia=1-i2=z]" time="0.0010616779327392578"></testcase><testcase classname="pytest_cases.tests.pytest_extension.doc.test_doc_fixture_graph" file="pytest_cases/tests/pytest_extension/doc/test_doc_fixture_graph.py" line="40" name="test_1[ie=-1-ia=0-ib=x]" time="0.001275777816772461"></testcase><testcase classname="pytest_cases.tests.pytest_extension.doc.test_doc_fixture_graph" file="pytest_cases/tests/pytest_extension/doc/test_doc_fixture_graph.py" line="40" name="test_1[ie=-1-ia=0-ib=z]" time="0.0010237693786621094"></testcase><testcase classname="pytest_cases.tests.pytest_extension.doc.test_doc_fixture_graph" file="pytest_cases/tests/pytest_extension/doc/test_doc_fixture_graph.py" line="40" name="test_1[ie=-1-ia=1-ib=x]" time="0.0009717941284179688"></testcase><testcase classname="pytest_cases.tests.pytest_extension.doc.test_doc_fixture_graph" file="pytest_cases/tests/pytest_extension/doc/test_doc_fixture_graph.py" line="40" name="test_1[ie=-1-ia=1-ib=z]" time="0.0010058879852294922"></testcase><testcase classname="pytest_cases.tests.pytest_extension.doc.test_doc_fixture_graph" file="pytest_cases/tests/pytest_extension/doc/test_doc_fixture_graph.py" line="40" name="test_1[ie=1-ia=0-ib=x]" time="0.0010187625885009766"></testcase><testcase classname="pytest_cases.tests.pytest_extension.doc.test_doc_fixture_graph" file="pytest_cases/tests/pytest_extension/doc/test_doc_fixture_graph.py" line="40" name="test_1[ie=1-ia=0-ib=z]" time="0.0012264251708984375"></testcase><testcase classname="pytest_cases.tests.pytest_extension.doc.test_doc_fixture_graph" file="pytest_cases/tests/pytest_extension/doc/test_doc_fixture_graph.py" line="40" name="test_1[ie=1-ia=1-ib=x]" time="0.0009734630584716797"></testcase><testcase classname="pytest_cases.tests.pytest_extension.doc.test_doc_fixture_graph" file="pytest_cases/tests/pytest_extension/doc/test_doc_fixture_graph.py" line="40" name="test_1[ie=1-ia=1-ib=z]" time="0.0009975433349609375"></testcase><testcase classname="pytest_cases.tests.pytest_extension.doc.test_doc_fixture_graph_union" file="pytest_cases/tests/pytest_extension/doc/test_doc_fixture_graph_union.py" line="29" name="test_2[ie=-1-ia=0-i2=x]" time="0.0005700588226318359"></testcase><testcase classname="pytest_cases.tests.pytest_extension.doc.test_doc_fixture_graph_union" file="pytest_cases/tests/pytest_extension/doc/test_doc_fixture_graph_union.py" line="29" name="test_2[ie=-1-ia=0-i2=z]" time="0.0007116794586181641"></testcase><testcase classname="pytest_cases.tests.pytest_extension.doc.test_doc_fixture_graph_union" file="pytest_cases/tests/pytest_extension/doc/test_doc_fixture_graph_union.py" line="29" name="test_2[ie=-1-ia=1-i2=x]" time="0.001253366470336914"></testcase><testcase classname="pytest_cases.tests.pytest_extension.doc.test_doc_fixture_graph_union" file="pytest_cases/tests/pytest_extension/doc/test_doc_fixture_graph_union.py" line="29" name="test_2[ie=-1-ia=1-i2=z]" time="0.0014650821685791016"></testcase><testcase classname="pytest_cases.tests.pytest_extension.doc.test_doc_fixture_graph_union" file="pytest_cases/tests/pytest_extension/doc/test_doc_fixture_graph_union.py" line="29" name="test_2[ie=1-ia=0-i2=x]" time="0.0014178752899169922"></testcase><testcase classname="pytest_cases.tests.pytest_extension.doc.test_doc_fixture_graph_union" file="pytest_cases/tests/pytest_extension/doc/test_doc_fixture_graph_union.py" line="29" name="test_2[ie=1-ia=0-i2=z]" time="0.001176595687866211"></testcase><testcase classname="pytest_cases.tests.pytest_extension.doc.test_doc_fixture_graph_union" file="pytest_cases/tests/pytest_extension/doc/test_doc_fixture_graph_union.py" line="29" name="test_2[ie=1-ia=1-i2=x]" time="0.0013918876647949219"></testcase><testcase classname="pytest_cases.tests.pytest_extension.doc.test_doc_fixture_graph_union" file="pytest_cases/tests/pytest_extension/doc/test_doc_fixture_graph_union.py" line="29" name="test_2[ie=1-ia=1-i2=z]" time="0.0009560585021972656"></testcase><testcase classname="pytest_cases.tests.pytest_extension.doc.test_doc_fixture_graph_union" file="pytest_cases/tests/pytest_extension/doc/test_doc_fixture_graph_union.py" line="51" name="test_1[ie=-1-/a-ia=0]" time="0.0012388229370117188"></testcase><testcase classname="pytest_cases.tests.pytest_extension.doc.test_doc_fixture_graph_union" file="pytest_cases/tests/pytest_extension/doc/test_doc_fixture_graph_union.py" line="51" name="test_1[ie=-1-/a-ia=1]" time="0.0012462139129638672"></testcase><testcase classname="pytest_cases.tests.pytest_extension.doc.test_doc_fixture_graph_union" file="pytest_cases/tests/pytest_extension/doc/test_doc_fixture_graph_union.py" line="51" name="test_1[ie=-1-/b-ib=x-ub=fixture_ref&lt;a&gt;-ia=0]" time="0.0015072822570800781"></testcase><testcase classname="pytest_cases.tests.pytest_extension.doc.test_doc_fixture_graph_union" file="pytest_cases/tests/pytest_extension/doc/test_doc_fixture_graph_union.py" line="51" name="test_1[ie=-1-/b-ib=x-ub=fixture_ref&lt;a&gt;-ia=1]" time="0.0012416839599609375"></testcase><testcase classname="pytest_cases.tests.pytest_extension.doc.test_doc_fixture_graph_union" file="pytest_cases/tests/pytest_extension/doc/test_doc_fixture_graph_union.py" line="51" name="test_1[ie=-1-/b-ib=x-ub=fixture_ref&lt;c&gt;]" time="0.0012078285217285156"></testcase><testcase classname="pytest_cases.tests.pytest_extension.doc.test_doc_fixture_graph_union" file="pytest_cases/tests/pytest_extension/doc/test_doc_fixture_graph_union.py" line="51" name="test_1[ie=-1-/b-ib=z-ub=fixture_ref&lt;a&gt;-ia=0]" time="0.0012421607971191406"></testcase><testcase classname="pytest_cases.tests.pytest_extension.doc.test_doc_fixture_graph_union" file="pytest_cases/tests/pytest_extension/doc/test_doc_fixture_graph_union.py" line="51" name="test_1[ie=-1-/b-ib=z-ub=fixture_ref&lt;a&gt;-ia=1]" time="0.00150299072265625"></testcase><testcase classname="pytest_cases.tests.pytest_extension.doc.test_doc_fixture_graph_union" file="pytest_cases/tests/pytest_extension/doc/test_doc_fixture_graph_union.py" line="51" name="test_1[ie=-1-/b-ib=z-ub=fixture_ref&lt;c&gt;]" time="0.0011894702911376953"></testcase><testcase classname="pytest_cases.tests.pytest_extension.doc.test_doc_fixture_graph_union" file="pytest_cases/tests/pytest_extension/doc/test_doc_fixture_graph_union.py" line="51" name="test_1[ie=1-/a-ia=0]" time="0.0011758804321289062"></testcase><testcase classname="pytest_cases.tests.pytest_extension.doc.test_doc_fixture_graph_union" file="pytest_cases/tests/pytest_extension/doc/test_doc_fixture_graph_union.py" line="51" name="test_1[ie=1-/a-ia=1]" time="0.0011851787567138672"></testcase><testcase classname="pytest_cases.tests.pytest_extension.doc.test_doc_fixture_graph_union" file="pytest_cases/tests/pytest_extension/doc/test_doc_fixture_graph_union.py" line="51" name="test_1[ie=1-/b-ib=x-ub=fixture_ref&lt;a&gt;-ia=0]" time="0.0015232563018798828"></testcase><testcase classname="pytest_cases.tests.pytest_extension.doc.test_doc_fixture_graph_union" file="pytest_cases/tests/pytest_extension/doc/test_doc_fixture_graph_union.py" line="51" name="test_1[ie=1-/b-ib=x-ub=fixture_ref&lt;a&gt;-ia=1]" time="0.00119781494140625"></testcase><testcase classname="pytest_cases.tests.pytest_extension.doc.test_doc_fixture_graph_union" file="pytest_cases/tests/pytest_extension/doc/test_doc_fixture_graph_union.py" line="51" name="test_1[ie=1-/b-ib=x-ub=fixture_ref&lt;c&gt;]" time="0.0011637210845947266"></testcase><testcase classname="pytest_cases.tests.pytest_extension.doc.test_doc_fixture_graph_union" file="pytest_cases/tests/pytest_extension/doc/test_doc_fixture_graph_union.py" line="51" name="test_1[ie=1-/b-ib=z-ub=fixture_ref&lt;a&gt;-ia=0]" time="0.0011968612670898438"></testcase><testcase classname="pytest_cases.tests.pytest_extension.doc.test_doc_fixture_graph_union" file="pytest_cases/tests/pytest_extension/doc/test_doc_fixture_graph_union.py" line="51" name="test_1[ie=1-/b-ib=z-ub=fixture_ref&lt;a&gt;-ia=1]" time="0.001909494400024414"></testcase><testcase classname="pytest_cases.tests.pytest_extension.doc.test_doc_fixture_graph_union" file="pytest_cases/tests/pytest_extension/doc/test_doc_fixture_graph_union.py" line="51" name="test_1[ie=1-/b-ib=z-ub=fixture_ref&lt;c&gt;]" time="0.0011668205261230469"></testcase><testcase classname="pytest_cases.tests.pytest_extension.doc.test_doc_fixture_graph_union" file="pytest_cases/tests/pytest_extension/doc/test_doc_fixture_graph_union.py" line="57" name="test_closure[ie=-1]" time="0.0009584426879882812"></testcase><testcase classname="pytest_cases.tests.pytest_extension.doc.test_doc_fixture_graph_union" file="pytest_cases/tests/pytest_extension/doc/test_doc_fixture_graph_union.py" line="57" name="test_closure[ie=1]" time="0.0008459091186523438"></testcase><testcase classname="pytest_cases.tests.pytest_extension.doc.test_doc_parametrize" file="pytest_cases/tests/pytest_extension/doc/test_doc_parametrize.py" line="24" name="test_prints[nothing-?]" time="0.0012941360473632812"><system-out>nothing?
</system-out></testcase><testcase classname="pytest_cases.tests.pytest_extension.doc.test_doc_parametrize" file="pytest_cases/tests/pytest_extension/doc/test_doc_parametrize.py" line="24" name="test_prints[nothing-!]" time="0.001249074935913086"><system-out>nothing!
</system-out></testcase><testcase classname="pytest_cases.tests.pytest_extension.doc.test_doc_parametrize" file="pytest_cases/tests/pytest_extension/doc/test_doc_parametrize.py" line="24" name="test_prints[world_str-?]" time="0.0012683868408203125"><system-out>world?
</system-out></testcase><testcase classname="pytest_cases.tests.pytest_extension.doc.test_doc_parametrize" file="pytest_cases/tests/pytest_extension/doc/test_doc_parametrize.py" line="24" name="test_prints[world_str-!]" time="0.0012445449829101562"><system-out>world!
</system-out></testcase><testcase classname="pytest_cases.tests.pytest_extension.doc.test_doc_parametrize" file="pytest_cases/tests/pytest_extension/doc/test_doc_parametrize.py" line="24" name="test_prints[whatfun-?]" time="0.0015380382537841797"><system-out>what?
</system-out></testcase><testcase classname="pytest_cases.tests.pytest_extension.doc.test_doc_parametrize" file="pytest_cases/tests/pytest_extension/doc/test_doc_parametrize.py" line="24" name="test_prints[whatfun-!]" time="0.0012722015380859375"><system-out>what!
</system-out></testcase><testcase classname="pytest_cases.tests.pytest_extension.doc.test_doc_parametrize" file="pytest_cases/tests/pytest_extension/doc/test_doc_parametrize.py" line="24" name="test_prints[greetings-world_str-?]" time="0.0012562274932861328"><system-out>hello world?
</system-out></testcase><testcase classname="pytest_cases.tests.pytest_extension.doc.test_doc_parametrize" file="pytest_cases/tests/pytest_extension/doc/test_doc_parametrize.py" line="24" name="test_prints[greetings-world_str-!]" time="0.0012526512145996094"><system-out>hello world!
</system-out></testcase><testcase classname="pytest_cases.tests.pytest_extension.doc.test_doc_parametrize" file="pytest_cases/tests/pytest_extension/doc/test_doc_parametrize.py" line="24" name="test_prints[greetings-you-?]" time="0.0017435550689697266"><system-out>hello you?
</system-out></testcase><testcase classname="pytest_cases.tests.pytest_extension.doc.test_doc_parametrize" file="pytest_cases/tests/pytest_extension/doc/test_doc_parametrize.py" line="24" name="test_prints[greetings-you-!]" time="0.0012698173522949219"><system-out>hello you!
</system-out></testcase><testcase classname="pytest_cases.tests.pytest_extension.fixtures.test_hook" file="pytest_cases/tests/pytest_extension/fixtures/test_hook.py" line="32" name="test_a[u-/o-3-4]" time="0.0014224052429199219"></testcase><testcase classname="pytest_cases.tests.pytest_extension.fixtures.test_hook" file="pytest_cases/tests/pytest_extension/fixtures/test_hook.py" line="32" name="test_a[u-/p-3-4]" time="0.0014505386352539062"></testcase><testcase classname="pytest_cases.tests.pytest_extension.fixtures.test_hook" file="pytest_cases/tests/pytest_extension/fixtures/test_hook.py" line="32" name="test_a[p1-1-3-4]" time="0.0013282299041748047"></testcase><testcase classname="pytest_cases.tests.pytest_extension.fixtures.test_hook" file="pytest_cases/tests/pytest_extension/fixtures/test_hook.py" line="32" name="test_a[p1-2-3-4]" time="0.0013358592987060547"></testcase><testcase classname="pytest_cases.tests.pytest_extension.fixtures.test_hook" file="pytest_cases/tests/pytest_extension/fixtures/test_hook.py" line="38" name="test_synthesis" time="0.004565238952636719"></testcase><testcase classname="pytest_cases.tests.pytest_extension.fixtures.test_issue_github_54" file="pytest_cases/tests/pytest_extension/fixtures/test_issue_github_54.py" line="15" name="test_invalid_argvalues" time="0.0007038116455078125"></testcase><testcase classname="pytest_cases.tests.pytest_extension.fixtures.test_so3" file="pytest_cases/tests/pytest_extension/fixtures/test_so3.py" line="12" name="test_stuff" time="0.000827789306640625"></testcase><testcase classname="pytest_cases.tests.pytest_extension.fixtures.fixture_plus_and_others.test_fixture_unpacking" file="pytest_cases/tests/pytest_extension/fixtures/fixture_plus_and_others/test_fixture_unpacking.py" line="17" name="test_function[hello]" time="0.0009608268737792969"></testcase><testcase classname="pytest_cases.tests.pytest_extension.fixtures.fixture_plus_and_others.test_fixture_unpacking" file="pytest_cases/tests/pytest_extension/fixtures/fixture_plus_and_others/test_fixture_unpacking.py" line="17" name="test_function[world]" time="0.0010395050048828125"></testcase><testcase classname="pytest_cases.tests.pytest_extension.fixtures.fixture_plus_and_others.test_fixture_unpacking" file="pytest_cases/tests/pytest_extension/fixtures/fixture_plus_and_others/test_fixture_unpacking.py" line="21" name="test_synthesis" time="0.005170345306396484"></testcase><testcase classname="pytest_cases.tests.pytest_extension.fixtures.fixture_plus_and_others.test_fixture_unpacking2" file="pytest_cases/tests/pytest_extension/fixtures/fixture_plus_and_others/test_fixture_unpacking2.py" line="14" name="test_function[hello]" time="0.000988006591796875"></testcase><testcase classname="pytest_cases.tests.pytest_extension.fixtures.fixture_plus_and_others.test_fixture_unpacking2" file="pytest_cases/tests/pytest_extension/fixtures/fixture_plus_and_others/test_fixture_unpacking2.py" line="14" name="test_function[world]" time="0.0021200180053710938"></testcase><testcase classname="pytest_cases.tests.pytest_extension.fixtures.fixture_plus_and_others.test_fixture_unpacking2" file="pytest_cases/tests/pytest_extension/fixtures/fixture_plus_and_others/test_fixture_unpacking2.py" line="28" name="test_function2[/root1-hello]" time="0.0011646747589111328"></testcase><testcase classname="pytest_cases.tests.pytest_extension.fixtures.fixture_plus_and_others.test_fixture_unpacking2" file="pytest_cases/tests/pytest_extension/fixtures/fixture_plus_and_others/test_fixture_unpacking2.py" line="28" name="test_function2[/root1-world]" time="0.0011708736419677734"></testcase><testcase classname="pytest_cases.tests.pytest_extension.fixtures.fixture_plus_and_others.test_fixture_unpacking2" file="pytest_cases/tests/pytest_extension/fixtures/fixture_plus_and_others/test_fixture_unpacking2.py" line="28" name="test_function2[/root2-yeepee]" time="0.001138925552368164"></testcase><testcase classname="pytest_cases.tests.pytest_extension.fixtures.fixture_plus_and_others.test_fixture_unpacking2" file="pytest_cases/tests/pytest_extension/fixtures/fixture_plus_and_others/test_fixture_unpacking2.py" line="28" name="test_function2[/root2-yay]" time="0.0015556812286376953"></testcase><testcase classname="pytest_cases.tests.pytest_extension.fixtures.fixture_plus_and_others.test_fixture_unpacking2" file="pytest_cases/tests/pytest_extension/fixtures/fixture_plus_and_others/test_fixture_unpacking2.py" line="33" name="test_synthesis" time="0.004965543746948242"></testcase><testcase classname="pytest_cases.tests.pytest_extension.fixtures.fixture_plus_and_others.test_fixtures_parametrize" file="pytest_cases/tests/pytest_extension/fixtures/fixture_plus_and_others/test_fixtures_parametrize.py" line="18" name="test_one[one-one]" time="0.001138925552368164"><system-out>(&apos;one&apos;, &apos;one&apos;)
</system-out></testcase><testcase classname="pytest_cases.tests.pytest_extension.fixtures.fixture_plus_and_others.test_fixtures_parametrize" file="pytest_cases/tests/pytest_extension/fixtures/fixture_plus_and_others/test_fixtures_parametrize.py" line="18" name="test_one[one-two]" time="0.0008490085601806641"><system-out>(&apos;two&apos;, &apos;one&apos;)
</system-out></testcase><testcase classname="pytest_cases.tests.pytest_extension.fixtures.fixture_plus_and_others.test_fixtures_parametrize" file="pytest_cases/tests/pytest_extension/fixtures/fixture_plus_and_others/test_fixtures_parametrize.py" line="18" name="test_one[two-one]" time="0.0009768009185791016"><system-out>(&apos;one&apos;, &apos;two&apos;)
</system-out></testcase><testcase classname="pytest_cases.tests.pytest_extension.fixtures.fixture_plus_and_others.test_fixtures_parametrize" file="pytest_cases/tests/pytest_extension/fixtures/fixture_plus_and_others/test_fixtures_parametrize.py" line="18" name="test_one[two-two]" time="0.0008027553558349609"><system-out>(&apos;two&apos;, &apos;two&apos;)
</system-out></testcase><testcase classname="pytest_cases.tests.pytest_extension.fixtures.fixture_plus_and_others.test_fixtures_parametrize" file="pytest_cases/tests/pytest_extension/fixtures/fixture_plus_and_others/test_fixtures_parametrize.py" line="24" name="test_synthesis" time="0.005278825759887695"></testcase><testcase classname="pytest_cases.tests.pytest_extension.fixtures.fixture_plus_and_others.test_fixtures_parametrize" file="pytest_cases/tests/pytest_extension/fixtures/fixture_plus_and_others/test_fixtures_parametrize.py" line="40" name="test_warning_pytest2" time="0.0007200241088867188"></testcase><testcase classname="pytest_cases.tests.pytest_extension.fixtures.fixture_plus_and_others.test_fixtures_parametrize_stereo" file="pytest_cases/tests/pytest_extension/fixtures/fixture_plus_and_others/test_fixtures_parametrize_stereo.py" line="59" name="test_stereo_two_parametrizers[list-stereo 1.wav]" time="0.000812530517578125"></testcase><testcase classname="pytest_cases.tests.pytest_extension.fixtures.fixture_plus_and_others.test_fixtures_parametrize_stereo" file="pytest_cases/tests/pytest_extension/fixtures/fixture_plus_and_others/test_fixtures_parametrize_stereo.py" line="59" name="test_stereo_two_parametrizers[list-stereo 2.wav]" time="0.001051187515258789"></testcase><testcase classname="pytest_cases.tests.pytest_extension.fixtures.fixture_plus_and_others.test_fixtures_parametrize_stereo" file="pytest_cases/tests/pytest_extension/fixtures/fixture_plus_and_others/test_fixtures_parametrize_stereo.py" line="59" name="test_stereo_two_parametrizers[dict-stereo 1.wav]" time="0.0009403228759765625"></testcase><testcase classname="pytest_cases.tests.pytest_extension.fixtures.fixture_plus_and_others.test_fixtures_parametrize_stereo" file="pytest_cases/tests/pytest_extension/fixtures/fixture_plus_and_others/test_fixtures_parametrize_stereo.py" line="59" name="test_stereo_two_parametrizers[dict-stereo 2.wav]" time="0.0009558200836181641"></testcase><testcase classname="pytest_cases.tests.pytest_extension.fixtures.fixture_plus_and_others.test_fixtures_parametrize_stereo" file="pytest_cases/tests/pytest_extension/fixtures/fixture_plus_and_others/test_fixtures_parametrize_stereo.py" line="72" name="test_reference_test[list-stereo 1.wav]" time="0.00045609474182128906"><skipped message="with old versions of pytest pytest-cases cannot fix the parametrization order." type="pytest.skip">pytest_cases/tests/pytest_extension/fixtures/fixture_plus_and_others/test_fixtures_parametrize_stereo.py:72: &lt;py._xmlgen.raw object at 0x7f4b6bc1e710&gt;</skipped></testcase><testcase classname="pytest_cases.tests.pytest_extension.fixtures.fixture_plus_and_others.test_fixtures_parametrize_stereo" file="pytest_cases/tests/pytest_extension/fixtures/fixture_plus_and_others/test_fixtures_parametrize_stereo.py" line="72" name="test_reference_test[list-stereo 2.wav]" time="0.00028228759765625"><skipped message="with old versions of pytest pytest-cases cannot fix the parametrization order." type="pytest.skip">pytest_cases/tests/pytest_extension/fixtures/fixture_plus_and_others/test_fixtures_parametrize_stereo.py:72: &lt;py._xmlgen.raw object at 0x7f4b6bc222b0&gt;</skipped></testcase><testcase classname="pytest_cases.tests.pytest_extension.fixtures.fixture_plus_and_others.test_fixtures_parametrize_stereo" file="pytest_cases/tests/pytest_extension/fixtures/fixture_plus_and_others/test_fixtures_parametrize_stereo.py" line="72" name="test_reference_test[dict-stereo 1.wav]" time="0.0003345012664794922"><skipped message="with old versions of pytest pytest-cases cannot fix the parametrization order." type="pytest.skip">pytest_cases/tests/pytest_extension/fixtures/fixture_plus_and_others/test_fixtures_parametrize_stereo.py:72: &lt;py._xmlgen.raw object at 0x7f4b6bc18f60&gt;</skipped></testcase><testcase classname="pytest_cases.tests.pytest_extension.fixtures.fixture_plus_and_others.test_fixtures_parametrize_stereo" file="pytest_cases/tests/pytest_extension/fixtures/fixture_plus_and_others/test_fixtures_parametrize_stereo.py" line="72" name="test_reference_test[dict-stereo 2.wav]" time="0.0003566741943359375"><skipped message="with old versions of pytest pytest-cases cannot fix the parametrization order." type="pytest.skip">pytest_cases/tests/pytest_extension/fixtures/fixture_plus_and_others/test_fixtures_parametrize_stereo.py:72: &lt;py._xmlgen.raw object at 0x7f4b6bc1e278&gt;</skipped></testcase><testcase classname="pytest_cases.tests.pytest_extension.fixtures.fixture_plus_and_others.test_fixtures_parametrize_stereo" file="pytest_cases/tests/pytest_extension/fixtures/fixture_plus_and_others/test_fixtures_parametrize_stereo.py" line="109" name="test_stereo_one_global_parametrizer[list-stereo 1.wav]" time="0.0007333755493164062"></testcase><testcase classname="pytest_cases.tests.pytest_extension.fixtures.fixture_plus_and_others.test_fixtures_parametrize_stereo" file="pytest_cases/tests/pytest_extension/fixtures/fixture_plus_and_others/test_fixtures_parametrize_stereo.py" line="109" name="test_stereo_one_global_parametrizer[list-stereo 2.wav]" time="0.0008184909820556641"></testcase><testcase classname="pytest_cases.tests.pytest_extension.fixtures.fixture_plus_and_others.test_fixtures_parametrize_stereo" file="pytest_cases/tests/pytest_extension/fixtures/fixture_plus_and_others/test_fixtures_parametrize_stereo.py" line="109" name="test_stereo_one_global_parametrizer[dict-stereo 1.wav]" time="0.0009257793426513672"></testcase><testcase classname="pytest_cases.tests.pytest_extension.fixtures.fixture_plus_and_others.test_fixtures_parametrize_stereo" file="pytest_cases/tests/pytest_extension/fixtures/fixture_plus_and_others/test_fixtures_parametrize_stereo.py" line="109" name="test_stereo_one_global_parametrizer[dict-stereo 2.wav]" time="0.0008094310760498047"></testcase><testcase classname="pytest_cases.tests.pytest_extension.fixtures.fixture_plus_and_others.test_fixtures_paramfixtures" file="pytest_cases/tests/pytest_extension/fixtures/fixture_plus_and_others/test_fixtures_paramfixtures.py" line="28" name="test_uses_param[1-3]" time="0.0008528232574462891"></testcase><testcase classname="pytest_cases.tests.pytest_extension.fixtures.fixture_plus_and_others.test_fixtures_paramfixtures" file="pytest_cases/tests/pytest_extension/fixtures/fixture_plus_and_others/test_fixtures_paramfixtures.py" line="28" name="test_uses_param[1-4]" time="0.0009024143218994141"></testcase><testcase classname="pytest_cases.tests.pytest_extension.fixtures.fixture_plus_and_others.test_fixtures_paramfixtures" file="pytest_cases/tests/pytest_extension/fixtures/fixture_plus_and_others/test_fixtures_paramfixtures.py" line="28" name="test_uses_param[2-3]" time="0.0011930465698242188"></testcase><testcase classname="pytest_cases.tests.pytest_extension.fixtures.fixture_plus_and_others.test_fixtures_paramfixtures" file="pytest_cases/tests/pytest_extension/fixtures/fixture_plus_and_others/test_fixtures_paramfixtures.py" line="28" name="test_uses_param[2-4]" time="0.0011551380157470703"></testcase><testcase classname="pytest_cases.tests.pytest_extension.fixtures.fixture_plus_and_others.test_fixtures_paramfixtures" file="pytest_cases/tests/pytest_extension/fixtures/fixture_plus_and_others/test_fixtures_paramfixtures.py" line="46" name="test_uses_param2[1-2-5]" time="0.0011017322540283203"></testcase><testcase classname="pytest_cases.tests.pytest_extension.fixtures.fixture_plus_and_others.test_fixtures_paramfixtures" file="pytest_cases/tests/pytest_extension/fixtures/fixture_plus_and_others/test_fixtures_paramfixtures.py" line="46" name="test_uses_param2[1-2-6]" time="0.0010619163513183594"></testcase><testcase classname="pytest_cases.tests.pytest_extension.fixtures.fixture_plus_and_others.test_fixtures_paramfixtures" file="pytest_cases/tests/pytest_extension/fixtures/fixture_plus_and_others/test_fixtures_paramfixtures.py" line="46" name="test_uses_param2[3-4-5]" time="0.001096963882446289"></testcase><testcase classname="pytest_cases.tests.pytest_extension.fixtures.fixture_plus_and_others.test_fixtures_paramfixtures" file="pytest_cases/tests/pytest_extension/fixtures/fixture_plus_and_others/test_fixtures_paramfixtures.py" line="46" name="test_uses_param2[3-4-6]" time="0.0011091232299804688"></testcase><testcase classname="pytest_cases.tests.pytest_extension.fixtures.fixture_plus_and_others.test_fixtures_paramfixtures" file="pytest_cases/tests/pytest_extension/fixtures/fixture_plus_and_others/test_fixtures_paramfixtures.py" line="68" name="test_custom_parameters[1-2-a-b-10-20]" time="0.0015807151794433594"></testcase><testcase classname="pytest_cases.tests.pytest_extension.fixtures.fixture_plus_and_others.test_fixtures_paramfixtures" file="pytest_cases/tests/pytest_extension/fixtures/fixture_plus_and_others/test_fixtures_paramfixtures.py" line="68" name="test_custom_parameters[1-2-a-b-30-40]" time="0.0013644695281982422"></testcase><testcase classname="pytest_cases.tests.pytest_extension.fixtures.fixture_plus_and_others.test_fixtures_paramfixtures" file="pytest_cases/tests/pytest_extension/fixtures/fixture_plus_and_others/test_fixtures_paramfixtures.py" line="68" name="test_custom_parameters[1-2-c-d-10-20]" time="0.0013003349304199219"></testcase><testcase classname="pytest_cases.tests.pytest_extension.fixtures.fixture_plus_and_others.test_fixtures_paramfixtures" file="pytest_cases/tests/pytest_extension/fixtures/fixture_plus_and_others/test_fixtures_paramfixtures.py" line="68" name="test_custom_parameters[1-2-c-d-30-40]" time="0.0016760826110839844"></testcase><testcase classname="pytest_cases.tests.pytest_extension.fixtures.fixture_plus_and_others.test_fixtures_paramfixtures" file="pytest_cases/tests/pytest_extension/fixtures/fixture_plus_and_others/test_fixtures_paramfixtures.py" line="68" name="test_custom_parameters[3-4-a-b-10-20]" time="0.001978635787963867"></testcase><testcase classname="pytest_cases.tests.pytest_extension.fixtures.fixture_plus_and_others.test_fixtures_paramfixtures" file="pytest_cases/tests/pytest_extension/fixtures/fixture_plus_and_others/test_fixtures_paramfixtures.py" line="68" name="test_custom_parameters[3-4-a-b-30-40]" time="0.001184225082397461"></testcase><testcase classname="pytest_cases.tests.pytest_extension.fixtures.fixture_plus_and_others.test_fixtures_paramfixtures" file="pytest_cases/tests/pytest_extension/fixtures/fixture_plus_and_others/test_fixtures_paramfixtures.py" line="68" name="test_custom_parameters[3-4-c-d-10-20]" time="0.0012159347534179688"></testcase><testcase classname="pytest_cases.tests.pytest_extension.fixtures.fixture_plus_and_others.test_fixtures_paramfixtures" file="pytest_cases/tests/pytest_extension/fixtures/fixture_plus_and_others/test_fixtures_paramfixtures.py" line="68" name="test_custom_parameters[3-4-c-d-30-40]" time="0.0012462139129638672"></testcase><testcase classname="pytest_cases.tests.pytest_extension.fixtures.fixture_plus_and_others.test_fixtures_paramfixtures" file="pytest_cases/tests/pytest_extension/fixtures/fixture_plus_and_others/test_fixtures_paramfixtures.py" line="87" name="test_synthesis" time="0.00583338737487793"></testcase><testcase classname="pytest_cases.tests.pytest_extension.fixtures.fixture_plus_and_others.test_skip_on_paramz_fixture" file="pytest_cases/tests/pytest_extension/fixtures/fixture_plus_and_others/test_skip_on_paramz_fixture.py" line="6" name="test_foo_simple_param[0]" time="0.0006401538848876953"></testcase><testcase classname="pytest_cases.tests.pytest_extension.fixtures.fixture_plus_and_others.test_skip_on_paramz_fixture" file="pytest_cases/tests/pytest_extension/fixtures/fixture_plus_and_others/test_skip_on_paramz_fixture.py" line="6" name="test_foo_simple_param[1]" time="0.00038814544677734375"><skipped message="unconditional skip" type="pytest.skip">pytest_cases/tests/pytest_extension/fixtures/fixture_plus_and_others/test_skip_on_paramz_fixture.py:6: &lt;py._xmlgen.raw object at 0x7f4b6bc387b8&gt;</skipped></testcase><testcase classname="pytest_cases.tests.pytest_extension.fixtures.fixture_plus_and_others.test_skip_on_paramz_fixture" file="pytest_cases/tests/pytest_extension/fixtures/fixture_plus_and_others/test_skip_on_paramz_fixture.py" line="16" name="test_foo2_paramfix[0]" time="0.0009806156158447266"></testcase><testcase classname="pytest_cases.tests.pytest_extension.fixtures.fixture_plus_and_others.test_skip_on_paramz_fixture" file="pytest_cases/tests/pytest_extension/fixtures/fixture_plus_and_others/test_skip_on_paramz_fixture.py" line="16" name="test_foo2_paramfix[1]" time="0.0003528594970703125"><skipped message="unconditional skip" type="pytest.skip">pytest_cases/tests/pytest_extension/fixtures/fixture_plus_and_others/test_skip_on_paramz_fixture.py:16: &lt;py._xmlgen.raw object at 0x7f4b6bc3fac8&gt;</skipped></testcase><testcase classname="pytest_cases.tests.pytest_extension.fixtures.fixture_plus_and_others.test_skip_on_paramz_fixture" file="pytest_cases/tests/pytest_extension/fixtures/fixture_plus_and_others/test_skip_on_paramz_fixture.py" line="26" name="test_foo3_paramfix[0]" time="0.0007088184356689453"></testcase><testcase classname="pytest_cases.tests.pytest_extension.fixtures.fixture_plus_and_others.test_skip_on_paramz_fixture" file="pytest_cases/tests/pytest_extension/fixtures/fixture_plus_and_others/test_skip_on_paramz_fixture.py" line="26" name="test_foo3_paramfix[1]" time="0.0002894401550292969"><skipped message="unconditional skip" type="pytest.skip">pytest_cases/tests/pytest_extension/fixtures/fixture_plus_and_others/test_skip_on_paramz_fixture.py:26: &lt;py._xmlgen.raw object at 0x7f4b6bc37dd8&gt;</skipped></testcase><testcase classname="pytest_cases.tests.pytest_extension.fixtures.fixture_plus_and_others.test_skip_on_paramz_fixture" file="pytest_cases/tests/pytest_extension/fixtures/fixture_plus_and_others/test_skip_on_paramz_fixture.py" line="30" name="test_synthesis" time="0.004067659378051758"></testcase><testcase classname="pytest_cases.tests.pytest_extension.fixtures.fixture_unions.test_fixture_closure_edits" file="pytest_cases/tests/pytest_extension/fixtures/fixture_unions/test_fixture_closure_edits.py" line="17" name="test_issue116" time="0.0003466606140136719"></testcase><testcase classname="pytest_cases.tests.pytest_extension.fixtures.fixture_unions.test_fixture_closure_edits" file="pytest_cases/tests/pytest_extension/fixtures/fixture_unions/test_fixture_closure_edits.py" line="29" name="test_super_closure_edits[0/a]" time="0.0010075569152832031"></testcase><testcase classname="pytest_cases.tests.pytest_extension.fixtures.fixture_unions.test_fixture_closure_edits" file="pytest_cases/tests/pytest_extension/fixtures/fixture_unions/test_fixture_closure_edits.py" line="29" name="test_super_closure_edits[1/a]" time="0.0008132457733154297"></testcase><testcase classname="pytest_cases.tests.pytest_extension.fixtures.fixture_unions.test_fixture_closure_edits" file="pytest_cases/tests/pytest_extension/fixtures/fixture_unions/test_fixture_closure_edits.py" line="35" name="test_super_closure_edits2" time="0.0017209053039550781"><system-err>/home/travis/build/smarie/python-pytest-cases/pytest_cases/plugin.py:564: UserWarning: WARNING: An attempt was made to reorder a super fixture closure with unions. This is not yet supported since the partitions use subsets of the fixtures ; please report it so that we can find a suitable solution for your need.
  warn(&quot;WARNING: An attempt was made to reorder a super fixture closure with unions. This is not yet &quot;
</system-err></testcase><testcase classname="pytest_cases.tests.pytest_extension.fixtures.fixture_unions.test_fixture_union_ids.TestA" file="pytest_cases/tests/pytest_extension/fixtures/fixture_unions/test_fixture_union_ids.py" line="21" name="test_ids_explicit[my_explicit/a-1]" time="0.0011048316955566406"></testcase><testcase classname="pytest_cases.tests.pytest_extension.fixtures.fixture_unions.test_fixture_union_ids.TestA" file="pytest_cases/tests/pytest_extension/fixtures/fixture_unions/test_fixture_union_ids.py" line="21" name="test_ids_explicit[my_explicit/a-2]" time="0.0013453960418701172"></testcase><testcase classname="pytest_cases.tests.pytest_extension.fixtures.fixture_unions.test_fixture_union_ids.TestA" file="pytest_cases/tests/pytest_extension/fixtures/fixture_unions/test_fixture_union_ids.py" line="21" name="test_ids_explicit[my_explicit/b-3]" time="0.0016400814056396484"></testcase><testcase classname="pytest_cases.tests.pytest_extension.fixtures.fixture_unions.test_fixture_union_ids.TestA" file="pytest_cases/tests/pytest_extension/fixtures/fixture_unions/test_fixture_union_ids.py" line="21" name="test_ids_explicit[my_explicit/b-4]" time="0.0012097358703613281"></testcase><testcase classname="pytest_cases.tests.pytest_extension.fixtures.fixture_unions.test_fixture_union_ids" file="pytest_cases/tests/pytest_extension/fixtures/fixture_unions/test_fixture_union_ids.py" line="25" name="test_ids_compact[/a-1]" time="0.00089263916015625"></testcase><testcase classname="pytest_cases.tests.pytest_extension.fixtures.fixture_unions.test_fixture_union_ids" file="pytest_cases/tests/pytest_extension/fixtures/fixture_unions/test_fixture_union_ids.py" line="25" name="test_ids_compact[/a-2]" time="0.0009510517120361328"></testcase><testcase classname="pytest_cases.tests.pytest_extension.fixtures.fixture_unions.test_fixture_union_ids" file="pytest_cases/tests/pytest_extension/fixtures/fixture_unions/test_fixture_union_ids.py" line="25" name="test_ids_compact[/b-3]" time="0.0009303092956542969"></testcase><testcase classname="pytest_cases.tests.pytest_extension.fixtures.fixture_unions.test_fixture_union_ids" file="pytest_cases/tests/pytest_extension/fixtures/fixture_unions/test_fixture_union_ids.py" line="25" name="test_ids_compact[/b-4]" time="0.0009818077087402344"></testcase><testcase classname="pytest_cases.tests.pytest_extension.fixtures.fixture_unions.test_fixture_union_ids" file="pytest_cases/tests/pytest_extension/fixtures/fixture_unions/test_fixture_union_ids.py" line="29" name="test_ids_none[a-1]" time="0.0009434223175048828"></testcase><testcase classname="pytest_cases.tests.pytest_extension.fixtures.fixture_unions.test_fixture_union_ids" file="pytest_cases/tests/pytest_extension/fixtures/fixture_unions/test_fixture_union_ids.py" line="29" name="test_ids_none[a-2]" time="0.0009291172027587891"></testcase><testcase classname="pytest_cases.tests.pytest_extension.fixtures.fixture_unions.test_fixture_union_ids" file="pytest_cases/tests/pytest_extension/fixtures/fixture_unions/test_fixture_union_ids.py" line="29" name="test_ids_none[b-3]" time="0.0009508132934570312"></testcase><testcase classname="pytest_cases.tests.pytest_extension.fixtures.fixture_unions.test_fixture_union_ids" file="pytest_cases/tests/pytest_extension/fixtures/fixture_unions/test_fixture_union_ids.py" line="29" name="test_ids_none[b-4]" time="0.0009789466857910156"></testcase><testcase classname="pytest_cases.tests.pytest_extension.fixtures.fixture_unions.test_fixture_union_ids" file="pytest_cases/tests/pytest_extension/fixtures/fixture_unions/test_fixture_union_ids.py" line="33" name="test_ids_custom_list[c=A-1]" time="0.0009355545043945312"></testcase><testcase classname="pytest_cases.tests.pytest_extension.fixtures.fixture_unions.test_fixture_union_ids" file="pytest_cases/tests/pytest_extension/fixtures/fixture_unions/test_fixture_union_ids.py" line="33" name="test_ids_custom_list[c=A-2]" time="0.0011677742004394531"></testcase><testcase classname="pytest_cases.tests.pytest_extension.fixtures.fixture_unions.test_fixture_union_ids" file="pytest_cases/tests/pytest_extension/fixtures/fixture_unions/test_fixture_union_ids.py" line="33" name="test_ids_custom_list[c=B-3]" time="0.0009570121765136719"></testcase><testcase classname="pytest_cases.tests.pytest_extension.fixtures.fixture_unions.test_fixture_union_ids" file="pytest_cases/tests/pytest_extension/fixtures/fixture_unions/test_fixture_union_ids.py" line="33" name="test_ids_custom_list[c=B-4]" time="0.000972747802734375"></testcase><testcase classname="pytest_cases.tests.pytest_extension.fixtures.fixture_unions.test_fixture_union_ids" file="pytest_cases/tests/pytest_extension/fixtures/fixture_unions/test_fixture_union_ids.py" line="37" name="test_ids_custom_gen[my_custom_gen/0/a-1]" time="0.0009548664093017578"></testcase><testcase classname="pytest_cases.tests.pytest_extension.fixtures.fixture_unions.test_fixture_union_ids" file="pytest_cases/tests/pytest_extension/fixtures/fixture_unions/test_fixture_union_ids.py" line="37" name="test_ids_custom_gen[my_custom_gen/0/a-2]" time="0.0009932518005371094"></testcase><testcase classname="pytest_cases.tests.pytest_extension.fixtures.fixture_unions.test_fixture_union_ids" file="pytest_cases/tests/pytest_extension/fixtures/fixture_unions/test_fixture_union_ids.py" line="37" name="test_ids_custom_gen[my_custom_gen/1/b-3]" time="0.001247406005859375"></testcase><testcase classname="pytest_cases.tests.pytest_extension.fixtures.fixture_unions.test_fixture_union_ids" file="pytest_cases/tests/pytest_extension/fixtures/fixture_unions/test_fixture_union_ids.py" line="37" name="test_ids_custom_gen[my_custom_gen/1/b-4]" time="0.0012438297271728516"></testcase><testcase classname="pytest_cases.tests.pytest_extension.fixtures.fixture_unions.test_fixture_union_ids" file="pytest_cases/tests/pytest_extension/fixtures/fixture_unions/test_fixture_union_ids.py" line="45" name="test_synthesis" time="0.006561994552612305"></testcase><testcase classname="pytest_cases.tests.pytest_extension.fixtures.fixture_unions.test_fixture_union_setup_teardown" file="pytest_cases/tests/pytest_extension/fixtures/fixture_unions/test_fixture_union_setup_teardown.py" line="34" name="test_all[/b]" time="0.0010013580322265625"></testcase><testcase classname="pytest_cases.tests.pytest_extension.fixtures.fixture_unions.test_fixture_union_setup_teardown" file="pytest_cases/tests/pytest_extension/fixtures/fixture_unions/test_fixture_union_setup_teardown.py" line="34" name="test_all[/a]" time="0.0010135173797607422"></testcase><testcase classname="pytest_cases.tests.pytest_extension.fixtures.fixture_unions.test_fixture_union_setup_teardown" file="pytest_cases/tests/pytest_extension/fixtures/fixture_unions/test_fixture_union_setup_teardown.py" line="38" name="test_synthesis" time="0.0006105899810791016"></testcase><testcase classname="pytest_cases.tests.pytest_extension.fixtures.fixture_unions.test_fixture_union_setup_teardown2" file="pytest_cases/tests/pytest_extension/fixtures/fixture_unions/test_fixture_union_setup_teardown2.py" line="116" name="test_foo[/F1M1s1s2]" time="0.0023415088653564453"></testcase><testcase classname="pytest_cases.tests.pytest_extension.fixtures.fixture_unions.test_fixture_union_setup_teardown2" file="pytest_cases/tests/pytest_extension/fixtures/fixture_unions/test_fixture_union_setup_teardown2.py" line="116" name="test_foo[/F2-i=0]" time="0.00215911865234375"></testcase><testcase classname="pytest_cases.tests.pytest_extension.fixtures.fixture_unions.test_fixture_union_setup_teardown2" file="pytest_cases/tests/pytest_extension/fixtures/fixture_unions/test_fixture_union_setup_teardown2.py" line="116" name="test_foo[/F2-i=1]" time="0.0020265579223632812"></testcase><testcase classname="pytest_cases.tests.pytest_extension.fixtures.fixture_unions.test_fixture_union_setup_teardown2" file="pytest_cases/tests/pytest_extension/fixtures/fixture_unions/test_fixture_union_setup_teardown2.py" line="116" name="test_foo[/F3s2s3]" time="0.0025644302368164062"></testcase><testcase classname="pytest_cases.tests.pytest_extension.fixtures.fixture_unions.test_fixture_union_setup_teardown2" file="pytest_cases/tests/pytest_extension/fixtures/fixture_unions/test_fixture_union_setup_teardown2.py" line="116" name="test_foo[/F4M2s1s3]" time="0.001604318618774414"></testcase><testcase classname="pytest_cases.tests.pytest_extension.fixtures.fixture_unions.test_fixture_union_setup_teardown2" file="pytest_cases/tests/pytest_extension/fixtures/fixture_unions/test_fixture_union_setup_teardown2.py" line="122" name="test_synthesis" time="0.005402088165283203"></testcase><testcase classname="pytest_cases.tests.pytest_extension.fixtures.fixture_unions.test_fixture_union_setup_teardown3.TestFoo" file="pytest_cases/tests/pytest_extension/fixtures/fixture_unions/test_fixture_union_setup_teardown3.py" line="27" name="test_a" time="0.000789642333984375"></testcase><testcase classname="pytest_cases.tests.pytest_extension.fixtures.fixture_unions.test_fixture_union_setup_teardown3.TestFoo" file="pytest_cases/tests/pytest_extension/fixtures/fixture_unions/test_fixture_union_setup_teardown3.py" line="30" name="test_b[0fa]" time="0.0015611648559570312"></testcase><testcase classname="pytest_cases.tests.pytest_extension.fixtures.fixture_unions.test_fixture_union_setup_teardown3.TestFoo" file="pytest_cases/tests/pytest_extension/fixtures/fixture_unions/test_fixture_union_setup_teardown3.py" line="30" name="test_b[1fb]" time="0.0015838146209716797"></testcase><testcase classname="pytest_cases.tests.pytest_extension.fixtures.fixture_unions.test_fixture_union_setup_teardown3.TestFoo" file="pytest_cases/tests/pytest_extension/fixtures/fixture_unions/test_fixture_union_setup_teardown3.py" line="30" name="test_b[2fa]" time="0.0009262561798095703"></testcase><testcase classname="pytest_cases.tests.pytest_extension.fixtures.fixture_unions.test_fixture_union_setup_teardown3.TestFoo" file="pytest_cases/tests/pytest_extension/fixtures/fixture_unions/test_fixture_union_setup_teardown3.py" line="34" name="test_c" time="0.0007226467132568359"></testcase><testcase classname="pytest_cases.tests.pytest_extension.fixtures.fixture_unions.test_fixtures_union_0simplest" file="pytest_cases/tests/pytest_extension/fixtures/fixture_unions/test_fixtures_union_0simplest.py" line="21" name="test_basic_union[/first]" time="0.0010633468627929688"><system-out>hello
</system-out></testcase><testcase classname="pytest_cases.tests.pytest_extension.fixtures.fixture_unions.test_fixtures_union_0simplest" file="pytest_cases/tests/pytest_extension/fixtures/fixture_unions/test_fixtures_union_0simplest.py" line="21" name="test_basic_union[/second-a]" time="0.0009512901306152344"><system-out>a
</system-out></testcase><testcase classname="pytest_cases.tests.pytest_extension.fixtures.fixture_unions.test_fixtures_union_0simplest" file="pytest_cases/tests/pytest_extension/fixtures/fixture_unions/test_fixtures_union_0simplest.py" line="21" name="test_basic_union[/second-b]" time="0.0012979507446289062"><system-out>b
</system-out></testcase><testcase classname="pytest_cases.tests.pytest_extension.fixtures.fixture_unions.test_fixtures_union_0simplest" file="pytest_cases/tests/pytest_extension/fixtures/fixture_unions/test_fixtures_union_0simplest.py" line="25" name="test_synthesis" time="0.004929542541503906"></testcase><testcase classname="pytest_cases.tests.pytest_extension.fixtures.fixture_unions.test_fixtures_union_1simple" file="pytest_cases/tests/pytest_extension/fixtures/fixture_unions/test_fixtures_union_1simple.py" line="19" name="test_fixture_union[c/a-x]" time="0.002803325653076172"><system-out>x x
</system-out></testcase><testcase classname="pytest_cases.tests.pytest_extension.fixtures.fixture_unions.test_fixtures_union_1simple" file="pytest_cases/tests/pytest_extension/fixtures/fixture_unions/test_fixtures_union_1simple.py" line="19" name="test_fixture_union[c/a-y]" time="0.0029540061950683594"><system-out>y y
</system-out></testcase><testcase classname="pytest_cases.tests.pytest_extension.fixtures.fixture_unions.test_fixtures_union_1simple" file="pytest_cases/tests/pytest_extension/fixtures/fixture_unions/test_fixtures_union_1simple.py" line="19" name="test_fixture_union[c/b-1-x]" time="0.003580331802368164"><system-out>1 x
</system-out></testcase><testcase classname="pytest_cases.tests.pytest_extension.fixtures.fixture_unions.test_fixtures_union_1simple" file="pytest_cases/tests/pytest_extension/fixtures/fixture_unions/test_fixtures_union_1simple.py" line="19" name="test_fixture_union[c/b-1-y]" time="0.002841949462890625"><system-out>1 y
</system-out></testcase><testcase classname="pytest_cases.tests.pytest_extension.fixtures.fixture_unions.test_fixtures_union_1simple" file="pytest_cases/tests/pytest_extension/fixtures/fixture_unions/test_fixtures_union_1simple.py" line="19" name="test_fixture_union[c/b-2-x]" time="0.0028946399688720703"><system-out>2 x
</system-out></testcase><testcase classname="pytest_cases.tests.pytest_extension.fixtures.fixture_unions.test_fixtures_union_1simple" file="pytest_cases/tests/pytest_extension/fixtures/fixture_unions/test_fixtures_union_1simple.py" line="19" name="test_fixture_union[c/b-2-y]" time="0.0025854110717773438"><system-out>2 y
</system-out></testcase><testcase classname="pytest_cases.tests.pytest_extension.fixtures.fixture_unions.test_fixtures_union_1simple" file="pytest_cases/tests/pytest_extension/fixtures/fixture_unions/test_fixtures_union_1simple.py" line="23" name="test_synthesis" time="0.015204906463623047"></testcase><testcase classname="pytest_cases.tests.pytest_extension.fixtures.fixture_unions.test_fixtures_union_2hard" file="pytest_cases/tests/pytest_extension/fixtures/fixture_unions/test_fixtures_union_2hard.py" line="19" name="test_fixture_union_harder[/a-x-d/b-1]" time="0.0036652088165283203"><system-out>x x 1
</system-out></testcase><testcase classname="pytest_cases.tests.pytest_extension.fixtures.fixture_unions.test_fixtures_union_2hard" file="pytest_cases/tests/pytest_extension/fixtures/fixture_unions/test_fixtures_union_2hard.py" line="19" name="test_fixture_union_harder[/a-x-d/b-2]" time="0.00339508056640625"><system-out>x x 2
</system-out></testcase><testcase classname="pytest_cases.tests.pytest_extension.fixtures.fixture_unions.test_fixtures_union_2hard" file="pytest_cases/tests/pytest_extension/fixtures/fixture_unions/test_fixtures_union_2hard.py" line="19" name="test_fixture_union_harder[/a-x-d/a]" time="0.0035321712493896484"><system-out>x x x
</system-out></testcase><testcase classname="pytest_cases.tests.pytest_extension.fixtures.fixture_unions.test_fixtures_union_2hard" file="pytest_cases/tests/pytest_extension/fixtures/fixture_unions/test_fixtures_union_2hard.py" line="19" name="test_fixture_union_harder[/a-y-d/b-1]" time="0.004118680953979492"><system-out>y y 1
</system-out></testcase><testcase classname="pytest_cases.tests.pytest_extension.fixtures.fixture_unions.test_fixtures_union_2hard" file="pytest_cases/tests/pytest_extension/fixtures/fixture_unions/test_fixtures_union_2hard.py" line="19" name="test_fixture_union_harder[/a-y-d/b-2]" time="0.0026726722717285156"><system-out>y y 2
</system-out></testcase><testcase classname="pytest_cases.tests.pytest_extension.fixtures.fixture_unions.test_fixtures_union_2hard" file="pytest_cases/tests/pytest_extension/fixtures/fixture_unions/test_fixtures_union_2hard.py" line="19" name="test_fixture_union_harder[/a-y-d/a]" time="0.0036878585815429688"><system-out>y y y
</system-out></testcase><testcase classname="pytest_cases.tests.pytest_extension.fixtures.fixture_unions.test_fixtures_union_2hard" file="pytest_cases/tests/pytest_extension/fixtures/fixture_unions/test_fixtures_union_2hard.py" line="19" name="test_fixture_union_harder[/b-1-x-d/b]" time="0.0031251907348632812"><system-out>1 x 1
</system-out></testcase><testcase classname="pytest_cases.tests.pytest_extension.fixtures.fixture_unions.test_fixtures_union_2hard" file="pytest_cases/tests/pytest_extension/fixtures/fixture_unions/test_fixtures_union_2hard.py" line="19" name="test_fixture_union_harder[/b-1-x-d/a]" time="0.00299835205078125"><system-out>1 x x
</system-out></testcase><testcase classname="pytest_cases.tests.pytest_extension.fixtures.fixture_unions.test_fixtures_union_2hard" file="pytest_cases/tests/pytest_extension/fixtures/fixture_unions/test_fixtures_union_2hard.py" line="19" name="test_fixture_union_harder[/b-1-y-d/b]" time="0.0032393932342529297"><system-out>1 y 1
</system-out></testcase><testcase classname="pytest_cases.tests.pytest_extension.fixtures.fixture_unions.test_fixtures_union_2hard" file="pytest_cases/tests/pytest_extension/fixtures/fixture_unions/test_fixtures_union_2hard.py" line="19" name="test_fixture_union_harder[/b-1-y-d/a]" time="0.006849050521850586"><system-out>1 y y
</system-out></testcase><testcase classname="pytest_cases.tests.pytest_extension.fixtures.fixture_unions.test_fixtures_union_2hard" file="pytest_cases/tests/pytest_extension/fixtures/fixture_unions/test_fixtures_union_2hard.py" line="19" name="test_fixture_union_harder[/b-2-x-d/b]" time="0.00478053092956543"><system-out>2 x 2
</system-out></testcase><testcase classname="pytest_cases.tests.pytest_extension.fixtures.fixture_unions.test_fixtures_union_2hard" file="pytest_cases/tests/pytest_extension/fixtures/fixture_unions/test_fixtures_union_2hard.py" line="19" name="test_fixture_union_harder[/b-2-x-d/a]" time="0.004940986633300781"><system-out>2 x x
</system-out></testcase><testcase classname="pytest_cases.tests.pytest_extension.fixtures.fixture_unions.test_fixtures_union_2hard" file="pytest_cases/tests/pytest_extension/fixtures/fixture_unions/test_fixtures_union_2hard.py" line="19" name="test_fixture_union_harder[/b-2-y-d/b]" time="0.005989551544189453"><system-out>2 y 2
</system-out></testcase><testcase classname="pytest_cases.tests.pytest_extension.fixtures.fixture_unions.test_fixtures_union_2hard" file="pytest_cases/tests/pytest_extension/fixtures/fixture_unions/test_fixtures_union_2hard.py" line="19" name="test_fixture_union_harder[/b-2-y-d/a]" time="0.005133628845214844"><system-out>2 y y
</system-out></testcase><testcase classname="pytest_cases.tests.pytest_extension.fixtures.fixture_unions.test_fixtures_union_2hard" file="pytest_cases/tests/pytest_extension/fixtures/fixture_unions/test_fixtures_union_2hard.py" line="26" name="test_synthesis" time="0.02452683448791504"></testcase><testcase classname="pytest_cases.tests.pytest_extension.fixtures.fixture_unions.test_fixtures_union_2hard" file="pytest_cases/tests/pytest_extension/fixtures/fixture_unions/test_fixtures_union_2hard.py" line="45" name="test_super_closure" time="0.003598928451538086"></testcase><testcase classname="pytest_cases.tests.pytest_extension.fixtures.fixture_unions.test_fixtures_union_3parametrize_plus" file="pytest_cases/tests/pytest_extension/fixtures/fixture_unions/test_fixtures_union_3parametrize_plus.py" line="21" name="test_fixture_union[/a-2]" time="0.004877328872680664"></testcase><testcase classname="pytest_cases.tests.pytest_extension.fixtures.fixture_unions.test_fixtures_union_3parametrize_plus" file="pytest_cases/tests/pytest_extension/fixtures/fixture_unions/test_fixtures_union_3parametrize_plus.py" line="21" name="test_fixture_union[/a-3]" time="0.00360107421875"></testcase><testcase classname="pytest_cases.tests.pytest_extension.fixtures.fixture_unions.test_fixtures_union_3parametrize_plus" file="pytest_cases/tests/pytest_extension/fixtures/fixture_unions/test_fixtures_union_3parametrize_plus.py" line="21" name="test_fixture_union[/b-0]" time="0.0036194324493408203"></testcase><testcase classname="pytest_cases.tests.pytest_extension.fixtures.fixture_unions.test_fixtures_union_3parametrize_plus" file="pytest_cases/tests/pytest_extension/fixtures/fixture_unions/test_fixtures_union_3parametrize_plus.py" line="21" name="test_fixture_union[/b-1]" time="0.0017621517181396484"></testcase><testcase classname="pytest_cases.tests.pytest_extension.fixtures.fixture_unions.test_fixtures_union_3parametrize_plus" file="pytest_cases/tests/pytest_extension/fixtures/fixture_unions/test_fixtures_union_3parametrize_plus.py" line="21" name="test_fixture_union[/b-2]" time="0.002033710479736328"></testcase><testcase classname="pytest_cases.tests.pytest_extension.fixtures.fixture_unions.test_so" file="pytest_cases/tests/pytest_extension/fixtures/fixture_unions/test_so.py" line="29" name="test_all[/lower-1]" time="0.003152132034301758"><system-out>i
</system-out></testcase><testcase classname="pytest_cases.tests.pytest_extension.fixtures.fixture_unions.test_so" file="pytest_cases/tests/pytest_extension/fixtures/fixture_unions/test_so.py" line="29" name="test_all[/lower-2]" time="0.003011941909790039"><system-out>ii
</system-out></testcase><testcase classname="pytest_cases.tests.pytest_extension.fixtures.fixture_unions.test_so" file="pytest_cases/tests/pytest_extension/fixtures/fixture_unions/test_so.py" line="29" name="test_all[/lower-3]" time="0.0023567676544189453"><system-out>iii
</system-out></testcase><testcase classname="pytest_cases.tests.pytest_extension.fixtures.fixture_unions.test_so" file="pytest_cases/tests/pytest_extension/fixtures/fixture_unions/test_so.py" line="29" name="test_all[/upper-1]" time="0.002712249755859375"><system-out>I
</system-out></testcase><testcase classname="pytest_cases.tests.pytest_extension.fixtures.fixture_unions.test_so" file="pytest_cases/tests/pytest_extension/fixtures/fixture_unions/test_so.py" line="29" name="test_all[/upper-2]" time="0.0031659603118896484"><system-out>II
</system-out></testcase><testcase classname="pytest_cases.tests.pytest_extension.fixtures.fixture_unions.test_so" file="pytest_cases/tests/pytest_extension/fixtures/fixture_unions/test_so.py" line="33" name="test_synthesis" time="0.012200593948364258"></testcase><testcase classname="pytest_cases.tests.pytest_extension.issues.test_issue_114" file="pytest_cases/tests/pytest_extension/issues/test_issue_114.py" line="21" name="test_me[1]" time="0.0020101070404052734"></testcase><testcase classname="pytest_cases.tests.pytest_extension.issues.test_issue_114" file="pytest_cases/tests/pytest_extension/issues/test_issue_114.py" line="21" name="test_me[2]" time="0.0023751258850097656"></testcase><testcase classname="pytest_cases.tests.pytest_extension.issues.test_issue_115" file="pytest_cases/tests/pytest_extension/issues/test_issue_115.py" line="12" name="test_fn[0]" time="0.0018317699432373047"></testcase><testcase classname="pytest_cases.tests.pytest_extension.issues.test_issue_115" file="pytest_cases/tests/pytest_extension/issues/test_issue_115.py" line="12" name="test_fn[1]" time="0.0019392967224121094"></testcase><testcase classname="pytest_cases.tests.pytest_extension.issues.test_issue_115" file="pytest_cases/tests/pytest_extension/issues/test_issue_115.py" line="12" name="test_fn[2]" time="0.0021893978118896484"></testcase><testcase classname="pytest_cases.tests.pytest_extension.issues.test_issue_115" file="pytest_cases/tests/pytest_extension/issues/test_issue_115.py" line="12" name="test_fn[3]" time="0.0021126270294189453"></testcase><testcase classname="pytest_cases.tests.pytest_extension.issues.test_issue_115" file="pytest_cases/tests/pytest_extension/issues/test_issue_115.py" line="12" name="test_fn[4]" time="0.0017917156219482422"></testcase><testcase classname="pytest_cases.tests.pytest_extension.issues.test_issue_115" file="pytest_cases/tests/pytest_extension/issues/test_issue_115.py" line="12" name="test_fn[5]" time="0.0016655921936035156"></testcase><testcase classname="pytest_cases.tests.pytest_extension.issues.test_issue_115" file="pytest_cases/tests/pytest_extension/issues/test_issue_115.py" line="12" name="test_fn[6]" time="0.0019919872283935547"></testcase><testcase classname="pytest_cases.tests.pytest_extension.issues.test_issue_115" file="pytest_cases/tests/pytest_extension/issues/test_issue_115.py" line="12" name="test_fn[7]" time="0.0018620491027832031"></testcase><testcase classname="pytest_cases.tests.pytest_extension.issues.test_issue_115" file="pytest_cases/tests/pytest_extension/issues/test_issue_115.py" line="12" name="test_fn[8]" time="0.0018961429595947266"></testcase><testcase classname="pytest_cases.tests.pytest_extension.issues.test_issue_115" file="pytest_cases/tests/pytest_extension/issues/test_issue_115.py" line="12" name="test_fn[9]" time="0.0017406940460205078"></testcase><testcase classname="pytest_cases.tests.pytest_extension.issues.test_issue_124" file="pytest_cases/tests/pytest_extension/issues/test_issue_124.py" line="18" name="test_me[i-i==0]" time="0.0026793479919433594"></testcase><testcase classname="pytest_cases.tests.pytest_extension.issues.test_issue_124" file="pytest_cases/tests/pytest_extension/issues/test_issue_124.py" line="18" name="test_me[i-i==1]" time="0.0026247501373291016"></testcase><testcase classname="pytest_cases.tests.pytest_extension.issues.test_issue_124" file="pytest_cases/tests/pytest_extension/issues/test_issue_124.py" line="18" name="test_me[k-i==0]" time="0.002837657928466797"></testcase><testcase classname="pytest_cases.tests.pytest_extension.issues.test_issue_124" file="pytest_cases/tests/pytest_extension/issues/test_issue_124.py" line="18" name="test_me[k-i==1]" time="0.0027456283569335938"></testcase><testcase classname="pytest_cases.tests.pytest_extension.issues.test_issue_124" file="pytest_cases/tests/pytest_extension/issues/test_issue_124.py" line="23" name="test_synthesis" time="0.012303829193115234"></testcase><testcase classname="pytest_cases.tests.pytest_extension.issues.test_issue_148" file="pytest_cases/tests/pytest_extension/issues/test_issue_148.py" line="23" name="test_foo[x{0}-myunion{0}-a{0}]" time="0.0027239322662353516"></testcase><testcase classname="pytest_cases.tests.pytest_extension.issues.test_issue_148" file="pytest_cases/tests/pytest_extension/issues/test_issue_148.py" line="23" name="test_foo[x{0}-myunion{0}-a{1}]" time="0.002629995346069336"></testcase><testcase classname="pytest_cases.tests.pytest_extension.issues.test_issue_148" file="pytest_cases/tests/pytest_extension/issues/test_issue_148.py" line="23" name="test_foo[x{1}-myunion{0}-a{0}]" time="0.0035996437072753906"></testcase><testcase classname="pytest_cases.tests.pytest_extension.issues.test_issue_148" file="pytest_cases/tests/pytest_extension/issues/test_issue_148.py" line="23" name="test_foo[x{1}-myunion{0}-a{1}]" time="0.002598285675048828"></testcase><testcase classname="pytest_cases.tests.pytest_extension.issues.test_issue_148" file="pytest_cases/tests/pytest_extension/issues/test_issue_148.py" line="27" name="test_synthesis" time="0.02570199966430664"></testcase><testcase classname="pytest_cases.tests.pytest_extension.issues.test_issue_149" file="pytest_cases/tests/pytest_extension/issues/test_issue_149.py" line="10" name="test_foo[x-0]" time="0.0018279552459716797"><skipped message="request.getfixturevalue is not available in pytest 2" type="pytest.skip">pytest_cases/tests/pytest_extension/issues/test_issue_149.py:10: &lt;py._xmlgen.raw object at 0x7f4b6bbcbc50&gt;</skipped></testcase><testcase classname="pytest_cases.tests.pytest_extension.issues.test_issue_149" file="pytest_cases/tests/pytest_extension/issues/test_issue_149.py" line="10" name="test_foo[x-1]" time="0.0015001296997070312"><skipped message="request.getfixturevalue is not available in pytest 2" type="pytest.skip">pytest_cases/tests/pytest_extension/issues/test_issue_149.py:10: &lt;py._xmlgen.raw object at 0x7f4b6bbc7518&gt;</skipped></testcase><testcase classname="pytest_cases.tests.pytest_extension.issues.test_issue_classes" file="pytest_cases/tests/pytest_extension/issues/test_issue_classes.py" line="19" name="test_thing[foo]" time="0.005342721939086914"><system-out>1
</system-out></testcase><testcase classname="pytest_cases.tests.pytest_extension.issues.test_issue_classes" file="pytest_cases/tests/pytest_extension/issues/test_issue_classes.py" line="19" name="test_thing[bar]" time="0.005481243133544922"><system-out>2
</system-out></testcase><testcase classname="pytest_cases.tests.pytest_extension.issues.test_issue_classes.TestCase" file="pytest_cases/tests/pytest_extension/issues/test_issue_classes.py" line="25" name="test_thing_pytest[1]" time="0.004462718963623047"><system-out>1
</system-out></testcase><testcase classname="pytest_cases.tests.pytest_extension.issues.test_issue_classes.TestCase" file="pytest_cases/tests/pytest_extension/issues/test_issue_classes.py" line="25" name="test_thing_pytest[2]" time="0.004597663879394531"><system-out>2
</system-out></testcase><testcase classname="pytest_cases.tests.pytest_extension.issues.test_issue_classes.TestCase" file="pytest_cases/tests/pytest_extension/issues/test_issue_classes.py" line="29" name="test_thing_cases[foo]" time="0.0075151920318603516"><system-out>1
</system-out></testcase><testcase classname="pytest_cases.tests.pytest_extension.issues.test_issue_classes.TestCase" file="pytest_cases/tests/pytest_extension/issues/test_issue_classes.py" line="29" name="test_thing_cases[bar]" time="0.006173133850097656"><system-out>2
</system-out></testcase><testcase classname="pytest_cases.tests.pytest_extension.issues.test_issue_fixture_union1" file="pytest_cases/tests/pytest_extension/issues/test_issue_fixture_union1.py" line="20" name="test_foo[0/a]" time="0.0004487037658691406"></testcase><testcase classname="pytest_cases.tests.pytest_extension.issues.test_issue_fixture_union1" file="pytest_cases/tests/pytest_extension/issues/test_issue_fixture_union1.py" line="20" name="test_foo[1/a]" time="0.0009007453918457031"></testcase><testcase classname="pytest_cases.tests.pytest_extension.issues.test_issue_fixture_union1" file="pytest_cases/tests/pytest_extension/issues/test_issue_fixture_union1.py" line="24" name="test_synthesis" time="0.0071027278900146484"></testcase><testcase classname="pytest_cases.tests.pytest_extension.issues.test_issue_fixture_union2" file="pytest_cases/tests/pytest_extension/issues/test_issue_fixture_union2.py" line="23" name="test_foo[1]" time="0.0014240741729736328"></testcase><testcase classname="pytest_cases.tests.pytest_extension.issues.test_issue_fixture_union2" file="pytest_cases/tests/pytest_extension/issues/test_issue_fixture_union2.py" line="23" name="test_foo[2]" time="0.0012540817260742188"></testcase><testcase classname="pytest_cases.tests.pytest_extension.issues.test_issue_fixture_union2" file="pytest_cases/tests/pytest_extension/issues/test_issue_fixture_union2.py" line="23" name="test_foo[3]" time="0.001264810562133789"></testcase><testcase classname="pytest_cases.tests.pytest_extension.issues.test_issue_fixture_union2" file="pytest_cases/tests/pytest_extension/issues/test_issue_fixture_union2.py" line="30" name="test_foo2[0/a]" time="0.0013158321380615234"></testcase><testcase classname="pytest_cases.tests.pytest_extension.issues.test_issue_fixture_union2" file="pytest_cases/tests/pytest_extension/issues/test_issue_fixture_union2.py" line="30" name="test_foo2[1/b]" time="0.0011813640594482422"></testcase><testcase classname="pytest_cases.tests.pytest_extension.issues.test_issue_fixture_union2" file="pytest_cases/tests/pytest_extension/issues/test_issue_fixture_union2.py" line="30" name="test_foo2[2/a]" time="0.0009067058563232422"></testcase><testcase classname="pytest_cases.tests.pytest_extension.issues.test_issue_fixture_union2" file="pytest_cases/tests/pytest_extension/issues/test_issue_fixture_union2.py" line="34" name="test_synthesis" time="0.003905773162841797"></testcase><testcase classname="pytest_cases.tests.pytest_extension.issues.test_issue_indirect_fixture_param" file="pytest_cases/tests/pytest_extension/issues/test_issue_indirect_fixture_param.py" line="17" name="test_x[123]" time="0.0009233951568603516"></testcase><testcase classname="pytest_cases.tests.pytest_extension.issues.test_issue_pytest_70" file="pytest_cases/tests/pytest_extension/issues/test_issue_pytest_70.py" line="19" name="test_get_or_create_book[book1-A]" time="0.001898050308227539"><system-out>A
</system-out></testcase><testcase classname="pytest_cases.tests.pytest_extension.issues.test_issue_pytest_70" file="pytest_cases/tests/pytest_extension/issues/test_issue_pytest_70.py" line="19" name="test_get_or_create_book[book1-B]" time="0.002232074737548828"><system-out>B
</system-out></testcase><testcase classname="pytest_cases.tests.pytest_extension.issues.test_issue_pytest_70" file="pytest_cases/tests/pytest_extension/issues/test_issue_pytest_70.py" line="19" name="test_get_or_create_book[hi]" time="0.0012905597686767578"><system-out>hi
</system-out></testcase><testcase classname="pytest_cases.tests.pytest_extension.issues.test_issue_pytest_70" file="pytest_cases/tests/pytest_extension/issues/test_issue_pytest_70.py" line="19" name="test_get_or_create_book[ih]" time="0.0013229846954345703"><system-out>ih
</system-out></testcase><testcase classname="pytest_cases.tests.pytest_extension.issues.test_issue_pytest_70" file="pytest_cases/tests/pytest_extension/issues/test_issue_pytest_70.py" line="19" name="test_get_or_create_book[book2]" time="0.0013377666473388672"><system-out>None
</system-out></testcase><testcase classname="pytest_cases.tests.pytest_extension.issues.test_issue_pytest_70" file="pytest_cases/tests/pytest_extension/issues/test_issue_pytest_70.py" line="29" name="test_synthesis" time="0.006464958190917969"></testcase><testcase classname="pytest_cases.tests.pytest_extension.issues.test_issue_python2_str" file="pytest_cases/tests/pytest_extension/issues/test_issue_python2_str.py" line="16" name="test_my_cool_feature_with_fixture[a1]" time="0.0009520053863525391"><system-out>hello world
a1
</system-out></testcase><testcase classname="pytest_cases.tests.pytest_extension.issues.test_issue_python2_str" file="pytest_cases/tests/pytest_extension/issues/test_issue_python2_str.py" line="16" name="test_my_cool_feature_with_fixture[b2]" time="0.0009238719940185547"><system-out>hello world
b2
</system-out></testcase><testcase classname="pytest_cases.tests.pytest_extension.issues.test_issue_python2_str" file="pytest_cases/tests/pytest_extension/issues/test_issue_python2_str.py" line="16" name="test_my_cool_feature_with_fixture[b3]" time="0.0009891986846923828"><system-out>hello world
b3
</system-out></testcase><testcase classname="pytest_cases.tests.pytest_extension.issues.test_issue_so_76" file="pytest_cases/tests/pytest_extension/issues/test_issue_so_76.py" line="50" name="test_value_tables_node[value_tables-1-value_table-1-_-value_table_description-&quot;s&quot;-0.0-value_table_description-value_table]" time="0.0022118091583251953"></testcase><testcase classname="pytest_cases.tests.pytest_extension.issues.test_issue_so_76" file="pytest_cases/tests/pytest_extension/issues/test_issue_so_76.py" line="50" name="test_value_tables_node[value_tables-1-value_table-1-_-value_table_description-&quot;s&quot;--1.0-value_table_description-value_table]" time="0.002298116683959961"></testcase><testcase classname="pytest_cases.tests.pytest_extension.issues.test_issue_so_76" file="pytest_cases/tests/pytest_extension/issues/test_issue_so_76.py" line="50" name="test_value_tables_node[value_tables-1-value_table-1-_-value_table_description-&quot;s&quot;-1.0-value_table_description-value_table]" time="0.0019600391387939453"></testcase><testcase classname="pytest_cases.tests.pytest_extension.issues.test_issue_so_76" file="pytest_cases/tests/pytest_extension/issues/test_issue_so_76.py" line="50" name="test_value_tables_node[value_tables-1-value_table-1-_-value_table_description-&quot;_&quot;-0.0-value_table_description-value_table]" time="0.0020449161529541016"></testcase><testcase classname="pytest_cases.tests.pytest_extension.issues.test_issue_so_76" file="pytest_cases/tests/pytest_extension/issues/test_issue_so_76.py" line="50" name="test_value_tables_node[value_tables-1-value_table-1-_-value_table_description-&quot;_&quot;--1.0-value_table_description-value_table]" time="0.0023424625396728516"></testcase><testcase classname="pytest_cases.tests.pytest_extension.issues.test_issue_so_76" file="pytest_cases/tests/pytest_extension/issues/test_issue_so_76.py" line="50" name="test_value_tables_node[value_tables-1-value_table-1-_-value_table_description-&quot;_&quot;-1.0-value_table_description-value_table]" time="0.001936197280883789"></testcase><testcase classname="pytest_cases.tests.pytest_extension.issues.test_issue_so_76" file="pytest_cases/tests/pytest_extension/issues/test_issue_so_76.py" line="50" name="test_value_tables_node[value_tables-1-value_table-1-_c-value_table_description-&quot;s&quot;-0.0-value_table_description-value_table]" time="0.001968860626220703"></testcase><testcase classname="pytest_cases.tests.pytest_extension.issues.test_issue_so_76" file="pytest_cases/tests/pytest_extension/issues/test_issue_so_76.py" line="50" name="test_value_tables_node[value_tables-1-value_table-1-_c-value_table_description-&quot;s&quot;--1.0-value_table_description-value_table]" time="0.002009153366088867"></testcase><testcase classname="pytest_cases.tests.pytest_extension.issues.test_issue_so_76" file="pytest_cases/tests/pytest_extension/issues/test_issue_so_76.py" line="50" name="test_value_tables_node[value_tables-1-value_table-1-_c-value_table_description-&quot;s&quot;-1.0-value_table_description-value_table]" time="0.0023615360260009766"></testcase><testcase classname="pytest_cases.tests.pytest_extension.issues.test_issue_so_76" file="pytest_cases/tests/pytest_extension/issues/test_issue_so_76.py" line="50" name="test_value_tables_node[value_tables-1-value_table-1-_c-value_table_description-&quot;_&quot;-0.0-value_table_description-value_table]" time="0.0019834041595458984"></testcase><testcase classname="pytest_cases.tests.pytest_extension.issues.test_issue_so_76" file="pytest_cases/tests/pytest_extension/issues/test_issue_so_76.py" line="50" name="test_value_tables_node[value_tables-1-value_table-1-_c-value_table_description-&quot;_&quot;--1.0-value_table_description-value_table]" time="0.002023458480834961"></testcase><testcase classname="pytest_cases.tests.pytest_extension.issues.test_issue_so_76" file="pytest_cases/tests/pytest_extension/issues/test_issue_so_76.py" line="50" name="test_value_tables_node[value_tables-1-value_table-1-_c-value_table_description-&quot;_&quot;-1.0-value_table_description-value_table]" time="0.001985311508178711"></testcase><testcase classname="pytest_cases.tests.pytest_extension.issues.test_issue_so_76" file="pytest_cases/tests/pytest_extension/issues/test_issue_so_76.py" line="50" name="test_value_tables_node[value_tables-1-value_table-2-_-value_table_description-&quot;s&quot;-0.0-value_table_description-value_table]" time="0.0030722618103027344"></testcase><testcase classname="pytest_cases.tests.pytest_extension.issues.test_issue_so_76" file="pytest_cases/tests/pytest_extension/issues/test_issue_so_76.py" line="50" name="test_value_tables_node[value_tables-1-value_table-2-_-value_table_description-&quot;s&quot;--1.0-value_table_description-value_table]" time="0.0018699169158935547"></testcase><testcase classname="pytest_cases.tests.pytest_extension.issues.test_issue_so_76" file="pytest_cases/tests/pytest_extension/issues/test_issue_so_76.py" line="50" name="test_value_tables_node[value_tables-1-value_table-2-_-value_table_description-&quot;s&quot;-1.0-value_table_description-value_table]" time="0.0012364387512207031"></testcase><testcase classname="pytest_cases.tests.pytest_extension.issues.test_issue_so_76" file="pytest_cases/tests/pytest_extension/issues/test_issue_so_76.py" line="50" name="test_value_tables_node[value_tables-1-value_table-2-_-value_table_description-&quot;_&quot;-0.0-value_table_description-value_table]" time="0.005291938781738281"></testcase><testcase classname="pytest_cases.tests.pytest_extension.issues.test_issue_so_76" file="pytest_cases/tests/pytest_extension/issues/test_issue_so_76.py" line="50" name="test_value_tables_node[value_tables-1-value_table-2-_-value_table_description-&quot;_&quot;--1.0-value_table_description-value_table]" time="0.0014557838439941406"></testcase><testcase classname="pytest_cases.tests.pytest_extension.issues.test_issue_so_76" file="pytest_cases/tests/pytest_extension/issues/test_issue_so_76.py" line="50" name="test_value_tables_node[value_tables-1-value_table-2-_-value_table_description-&quot;_&quot;-1.0-value_table_description-value_table]" time="0.0012614727020263672"></testcase><testcase classname="pytest_cases.tests.pytest_extension.issues.test_issue_so_76" file="pytest_cases/tests/pytest_extension/issues/test_issue_so_76.py" line="50" name="test_value_tables_node[value_tables-1-value_table-2-_c-value_table_description-&quot;s&quot;-0.0-value_table_description-value_table]" time="0.001310586929321289"></testcase><testcase classname="pytest_cases.tests.pytest_extension.issues.test_issue_so_76" file="pytest_cases/tests/pytest_extension/issues/test_issue_so_76.py" line="50" name="test_value_tables_node[value_tables-1-value_table-2-_c-value_table_description-&quot;s&quot;--1.0-value_table_description-value_table]" time="0.0015101432800292969"></testcase><testcase classname="pytest_cases.tests.pytest_extension.issues.test_issue_so_76" file="pytest_cases/tests/pytest_extension/issues/test_issue_so_76.py" line="50" name="test_value_tables_node[value_tables-1-value_table-2-_c-value_table_description-&quot;s&quot;-1.0-value_table_description-value_table]" time="0.010170698165893555"></testcase><testcase classname="pytest_cases.tests.pytest_extension.issues.test_issue_so_76" file="pytest_cases/tests/pytest_extension/issues/test_issue_so_76.py" line="50" name="test_value_tables_node[value_tables-1-value_table-2-_c-value_table_description-&quot;_&quot;-0.0-value_table_description-value_table]" time="0.0012574195861816406"></testcase><testcase classname="pytest_cases.tests.pytest_extension.issues.test_issue_so_76" file="pytest_cases/tests/pytest_extension/issues/test_issue_so_76.py" line="50" name="test_value_tables_node[value_tables-1-value_table-2-_c-value_table_description-&quot;_&quot;--1.0-value_table_description-value_table]" time="0.0012288093566894531"></testcase><testcase classname="pytest_cases.tests.pytest_extension.issues.test_issue_so_76" file="pytest_cases/tests/pytest_extension/issues/test_issue_so_76.py" line="50" name="test_value_tables_node[value_tables-1-value_table-2-_c-value_table_description-&quot;_&quot;-1.0-value_table_description-value_table]" time="0.009397506713867188"></testcase><testcase classname="pytest_cases.tests.pytest_extension.issues.test_issue_so_76" file="pytest_cases/tests/pytest_extension/issues/test_issue_so_76.py" line="50" name="test_value_tables_node[value_tables-2-value_table-1-_-value_table_description-&quot;s&quot;-0.0-value_table_description-value_table]" time="0.0012273788452148438"></testcase><testcase classname="pytest_cases.tests.pytest_extension.issues.test_issue_so_76" file="pytest_cases/tests/pytest_extension/issues/test_issue_so_76.py" line="50" name="test_value_tables_node[value_tables-2-value_table-1-_-value_table_description-&quot;s&quot;--1.0-value_table_description-value_table]" time="0.001222372055053711"></testcase><testcase classname="pytest_cases.tests.pytest_extension.issues.test_issue_so_76" file="pytest_cases/tests/pytest_extension/issues/test_issue_so_76.py" line="50" name="test_value_tables_node[value_tables-2-value_table-1-_-value_table_description-&quot;s&quot;-1.0-value_table_description-value_table]" time="0.010080575942993164"></testcase><testcase classname="pytest_cases.tests.pytest_extension.issues.test_issue_so_76" file="pytest_cases/tests/pytest_extension/issues/test_issue_so_76.py" line="50" name="test_value_tables_node[value_tables-2-value_table-1-_-value_table_description-&quot;_&quot;-0.0-value_table_description-value_table]" time="0.0015230178833007812"></testcase><testcase classname="pytest_cases.tests.pytest_extension.issues.test_issue_so_76" file="pytest_cases/tests/pytest_extension/issues/test_issue_so_76.py" line="50" name="test_value_tables_node[value_tables-2-value_table-1-_-value_table_description-&quot;_&quot;--1.0-value_table_description-value_table]" time="0.0012431144714355469"></testcase><testcase classname="pytest_cases.tests.pytest_extension.issues.test_issue_so_76" file="pytest_cases/tests/pytest_extension/issues/test_issue_so_76.py" line="50" name="test_value_tables_node[value_tables-2-value_table-1-_-value_table_description-&quot;_&quot;-1.0-value_table_description-value_table]" time="0.009446144104003906"></testcase><testcase classname="pytest_cases.tests.pytest_extension.issues.test_issue_so_76" file="pytest_cases/tests/pytest_extension/issues/test_issue_so_76.py" line="50" name="test_value_tables_node[value_tables-2-value_table-1-_c-value_table_description-&quot;s&quot;-0.0-value_table_description-value_table]" time="0.0012378692626953125"></testcase><testcase classname="pytest_cases.tests.pytest_extension.issues.test_issue_so_76" file="pytest_cases/tests/pytest_extension/issues/test_issue_so_76.py" line="50" name="test_value_tables_node[value_tables-2-value_table-1-_c-value_table_description-&quot;s&quot;--1.0-value_table_description-value_table]" time="0.0016138553619384766"></testcase><testcase classname="pytest_cases.tests.pytest_extension.issues.test_issue_so_76" file="pytest_cases/tests/pytest_extension/issues/test_issue_so_76.py" line="50" name="test_value_tables_node[value_tables-2-value_table-1-_c-value_table_description-&quot;s&quot;-1.0-value_table_description-value_table]" time="0.00891256332397461"></testcase><testcase classname="pytest_cases.tests.pytest_extension.issues.test_issue_so_76" file="pytest_cases/tests/pytest_extension/issues/test_issue_so_76.py" line="50" name="test_value_tables_node[value_tables-2-value_table-1-_c-value_table_description-&quot;_&quot;-0.0-value_table_description-value_table]" time="0.0012416839599609375"></testcase><testcase classname="pytest_cases.tests.pytest_extension.issues.test_issue_so_76" file="pytest_cases/tests/pytest_extension/issues/test_issue_so_76.py" line="50" name="test_value_tables_node[value_tables-2-value_table-1-_c-value_table_description-&quot;_&quot;--1.0-value_table_description-value_table]" time="0.0013556480407714844"></testcase><testcase classname="pytest_cases.tests.pytest_extension.issues.test_issue_so_76" file="pytest_cases/tests/pytest_extension/issues/test_issue_so_76.py" line="50" name="test_value_tables_node[value_tables-2-value_table-1-_c-value_table_description-&quot;_&quot;-1.0-value_table_description-value_table]" time="0.005975008010864258"></testcase><testcase classname="pytest_cases.tests.pytest_extension.issues.test_issue_so_76" file="pytest_cases/tests/pytest_extension/issues/test_issue_so_76.py" line="50" name="test_value_tables_node[value_tables-2-value_table-2-_-value_table_description-&quot;s&quot;-0.0-value_table_description-value_table]" time="0.005360126495361328"></testcase><testcase classname="pytest_cases.tests.pytest_extension.issues.test_issue_so_76" file="pytest_cases/tests/pytest_extension/issues/test_issue_so_76.py" line="50" name="test_value_tables_node[value_tables-2-value_table-2-_-value_table_description-&quot;s&quot;--1.0-value_table_description-value_table]" time="0.0012431144714355469"></testcase><testcase classname="pytest_cases.tests.pytest_extension.issues.test_issue_so_76" file="pytest_cases/tests/pytest_extension/issues/test_issue_so_76.py" line="50" name="test_value_tables_node[value_tables-2-value_table-2-_-value_table_description-&quot;s&quot;-1.0-value_table_description-value_table]" time="0.0013279914855957031"></testcase><testcase classname="pytest_cases.tests.pytest_extension.issues.test_issue_so_76" file="pytest_cases/tests/pytest_extension/issues/test_issue_so_76.py" line="50" name="test_value_tables_node[value_tables-2-value_table-2-_-value_table_description-&quot;_&quot;-0.0-value_table_description-value_table]" time="0.006532192230224609"></testcase><testcase classname="pytest_cases.tests.pytest_extension.issues.test_issue_so_76" file="pytest_cases/tests/pytest_extension/issues/test_issue_so_76.py" line="50" name="test_value_tables_node[value_tables-2-value_table-2-_-value_table_description-&quot;_&quot;--1.0-value_table_description-value_table]" time="0.0012619495391845703"></testcase><testcase classname="pytest_cases.tests.pytest_extension.issues.test_issue_so_76" file="pytest_cases/tests/pytest_extension/issues/test_issue_so_76.py" line="50" name="test_value_tables_node[value_tables-2-value_table-2-_-value_table_description-&quot;_&quot;-1.0-value_table_description-value_table]" time="0.001222848892211914"></testcase><testcase classname="pytest_cases.tests.pytest_extension.issues.test_issue_so_76" file="pytest_cases/tests/pytest_extension/issues/test_issue_so_76.py" line="50" name="test_value_tables_node[value_tables-2-value_table-2-_c-value_table_description-&quot;s&quot;-0.0-value_table_description-value_table]" time="0.008051395416259766"></testcase><testcase classname="pytest_cases.tests.pytest_extension.issues.test_issue_so_76" file="pytest_cases/tests/pytest_extension/issues/test_issue_so_76.py" line="50" name="test_value_tables_node[value_tables-2-value_table-2-_c-value_table_description-&quot;s&quot;--1.0-value_table_description-value_table]" time="0.0012288093566894531"></testcase><testcase classname="pytest_cases.tests.pytest_extension.issues.test_issue_so_76" file="pytest_cases/tests/pytest_extension/issues/test_issue_so_76.py" line="50" name="test_value_tables_node[value_tables-2-value_table-2-_c-value_table_description-&quot;s&quot;-1.0-value_table_description-value_table]" time="0.0012307167053222656"></testcase><testcase classname="pytest_cases.tests.pytest_extension.issues.test_issue_so_76" file="pytest_cases/tests/pytest_extension/issues/test_issue_so_76.py" line="50" name="test_value_tables_node[value_tables-2-value_table-2-_c-value_table_description-&quot;_&quot;-0.0-value_table_description-value_table]" time="0.006772279739379883"></testcase><testcase classname="pytest_cases.tests.pytest_extension.issues.test_issue_so_76" file="pytest_cases/tests/pytest_extension/issues/test_issue_so_76.py" line="50" name="test_value_tables_node[value_tables-2-value_table-2-_c-value_table_description-&quot;_&quot;--1.0-value_table_description-value_table]" time="0.003651142120361328"></testcase><testcase classname="pytest_cases.tests.pytest_extension.issues.test_issue_so_76" file="pytest_cases/tests/pytest_extension/issues/test_issue_so_76.py" line="50" name="test_value_tables_node[value_tables-2-value_table-2-_c-value_table_description-&quot;_&quot;-1.0-value_table_description-value_table]" time="0.0010454654693603516"></testcase><testcase classname="pytest_cases.tests.pytest_extension.issues.test_issue_so_76" file="pytest_cases/tests/pytest_extension/issues/test_issue_so_76.py" line="59" name="test_synthesis" time="0.019594669342041016"></testcase><testcase classname="pytest_cases.tests.pytest_extension.issues.test_parametrize_with_lists" file="pytest_cases/tests/pytest_extension/issues/test_parametrize_with_lists.py" line="14" name="test_dummy[0-0-0-0]" time="0.0015611648559570312"></testcase><testcase classname="pytest_cases.tests.pytest_extension.issues.test_parametrize_with_lists" file="pytest_cases/tests/pytest_extension/issues/test_parametrize_with_lists.py" line="14" name="test_dummy[0-0-1-1]" time="0.0019538402557373047"></testcase><testcase classname="pytest_cases.tests.pytest_extension.issues.test_parametrize_with_lists" file="pytest_cases/tests/pytest_extension/issues/test_parametrize_with_lists.py" line="14" name="test_dummy[1-1-0-0]" time="0.0014379024505615234"></testcase><testcase classname="pytest_cases.tests.pytest_extension.issues.test_parametrize_with_lists" file="pytest_cases/tests/pytest_extension/issues/test_parametrize_with_lists.py" line="14" name="test_dummy[1-1-1-1]" time="0.0014526844024658203"></testcase><testcase classname="pytest_cases.tests.pytest_extension.issues.test_parametrize_with_lists" file="pytest_cases/tests/pytest_extension/issues/test_parametrize_with_lists.py" line="19" name="test_synthesis" time="0.005635976791381836"></testcase><testcase classname="pytest_cases.tests.pytest_extension.issues.test_pytest_py35_asyncio" file="pytest_cases/tests/pytest_extension/issues/test_pytest_py35_asyncio.py" line="7" name="test_x[0]" time="0.0021162033081054688"><system-err>/home/travis/miniconda/envs/test-environment/lib/python3.5/site-packages/_pytest/python.py:287: RuntimeWarning: coroutine &apos;test_x&apos; was never awaited
  testfunction(**testargs)
</system-err></testcase><testcase classname="pytest_cases.tests.pytest_extension.meta.test_all" file="pytest_cases/tests/pytest_extension/meta/test_all.py" line="25" name="test_run_all_tests[session_optim]" time="0.07409548759460449"><system-out>
Config contents: import pytest

def pytest_configure(config):
    # change the option
    setattr(config.option, &apos;with_reorder&apos;, &apos;skip&apos;)

    # add dynamic fixture
    class DynamicFixturePlugin(object):
        @pytest.fixture(scope=&apos;session&apos;, params=[&apos;flavor1&apos;, &apos;flavor2&apos;], autouse=False)
        def flavor(self, request):
            print(&apos;flavor created:&apos;, request.param)
            return request.param

    config.pluginmanager.register(DynamicFixturePlugin(), &apos;flavor-fixture&apos;)


Testing that running pytest on file session_optim.py with config file /home/travis/build/smarie/python-pytest-cases/pytest_cases/tests/pytest_extension/meta/raw/session_optim/conf.py results in {&apos;failed&apos;: 0, &apos;skipped&apos;: 0, &apos;passed&apos;: 10}.
For debug, temp dir is: /tmp/pytest-of-travis/pytest-0/testdir/test_run_all_tests0
============================= test session starts ==============================
platform linux -- Python 3.5.6, pytest-2.9.2, py-1.10.0, pluggy-0.3.1
rootdir: /tmp/pytest-of-travis/pytest-0/testdir/test_run_all_tests0, inifile: 
plugins: steps-1.7.3, logging-2015.11.4, html-1.9.0, harvest-1.10.1, cases-2.7.3.dev18+gde82d6e
collected 10 items

test_run_all_tests.py ..........

========================== 10 passed in 0.02 seconds ===========================
</system-out></testcase><testcase classname="pytest_cases.tests.pytest_extension.meta.test_all" file="pytest_cases/tests/pytest_extension/meta/test_all.py" line="25" name="test_run_all_tests[reorder_skip]" time="0.029494047164916992"><system-out>
Testing that running pytest on file reorder_skip.py with config file /home/travis/build/smarie/python-pytest-cases/pytest_cases/tests/pytest_extension/meta/raw/reorder_skip/conf.py results in {&apos;failed&apos;: 0, &apos;skipped&apos;: 0, &apos;passed&apos;: 3}.
For debug, temp dir is: /tmp/pytest-of-travis/pytest-0/testdir/test_run_all_tests1
============================= test session starts ==============================
platform linux -- Python 3.5.6, pytest-2.9.2, py-1.10.0, pluggy-0.3.1
rootdir: /tmp/pytest-of-travis/pytest-0/testdir/test_run_all_tests1, inifile: 
plugins: steps-1.7.3, logging-2015.11.4, html-1.9.0, harvest-1.10.1, cases-2.7.3.dev18+gde82d6e
collected 4 items

test_run_all_tests.py ...

==================== 1 tests deselected by &quot;-m &apos;not black&apos;&quot; ====================
==================== 3 passed, 1 deselected in 0.01 seconds ====================
</system-out></testcase><testcase classname="pytest_cases.tests.pytest_extension.order.test_fixture_order_respects_scope" file="pytest_cases/tests/pytest_extension/order/test_fixture_order_respects_scope.py" line="24" name="test_value" time="0.0003757476806640625"><skipped message="This bug was not fixed in old pytest." type="pytest.skip">pytest_cases/tests/pytest_extension/order/test_fixture_order_respects_scope.py:24: &lt;py._xmlgen.raw object at 0x7f4b6bab19b0&gt;</skipped></testcase><testcase classname="pytest_cases.tests.pytest_extension.order.session_optim.test_reorder_default_normal" file="pytest_cases/tests/pytest_extension/order/session_optim/test_reorder_default_normal.py" line="9" name="test_config" time="0.0009133815765380859"></testcase><testcase classname="pytest_cases.tests.pytest_extension.order.session_optim.test_reorder_default_normal" file="pytest_cases/tests/pytest_extension/order/session_optim/test_reorder_default_normal.py" line="24" name="test[flavor1-vxlan]" time="0.0017209053039550781"><system-out>flavor created: flavor1
encap created: vxlan
reprovision created: flavor1 vxlan
</system-out></testcase><testcase classname="pytest_cases.tests.pytest_extension.order.session_optim.test_reorder_default_normal" file="pytest_cases/tests/pytest_extension/order/session_optim/test_reorder_default_normal.py" line="28" name="test2[flavor1-vxlan]" time="0.0014672279357910156"></testcase><testcase classname="pytest_cases.tests.pytest_extension.order.session_optim.test_reorder_default_normal" file="pytest_cases/tests/pytest_extension/order/session_optim/test_reorder_default_normal.py" line="24" name="test[flavor1-vlan]" time="0.0016245841979980469"><system-out>encap created: vlan
reprovision created: flavor1 vlan
</system-out></testcase><testcase classname="pytest_cases.tests.pytest_extension.order.session_optim.test_reorder_default_normal" file="pytest_cases/tests/pytest_extension/order/session_optim/test_reorder_default_normal.py" line="28" name="test2[flavor1-vlan]" time="0.0014238357543945312"></testcase><testcase classname="pytest_cases.tests.pytest_extension.order.session_optim.test_reorder_default_normal" file="pytest_cases/tests/pytest_extension/order/session_optim/test_reorder_default_normal.py" line="24" name="test[flavor2-vlan]" time="0.0011279582977294922"><system-out>flavor created: flavor2
reprovision created: flavor2 vlan
</system-out></testcase><testcase classname="pytest_cases.tests.pytest_extension.order.session_optim.test_reorder_default_normal" file="pytest_cases/tests/pytest_extension/order/session_optim/test_reorder_default_normal.py" line="28" name="test2[flavor2-vlan]" time="0.0015091896057128906"></testcase><testcase classname="pytest_cases.tests.pytest_extension.order.session_optim.test_reorder_default_normal" file="pytest_cases/tests/pytest_extension/order/session_optim/test_reorder_default_normal.py" line="24" name="test[flavor2-vxlan]" time="0.0020639896392822266"><system-out>encap created: vxlan
reprovision created: flavor2 vxlan
</system-out></testcase><testcase classname="pytest_cases.tests.pytest_extension.order.session_optim.test_reorder_default_normal" file="pytest_cases/tests/pytest_extension/order/session_optim/test_reorder_default_normal.py" line="28" name="test2[flavor2-vxlan]" time="0.001374959945678711"></testcase><testcase classname="pytest_cases.tests.pytest_extension.order.session_optim.test_reorder_default_normal" file="pytest_cases/tests/pytest_extension/order/session_optim/test_reorder_default_normal.py" line="32" name="test_synthesis" time="0.00043654441833496094"><skipped message="This &apos;optimal order&apos; was changed in some versions of pytest" type="pytest.skip">pytest_cases/tests/pytest_extension/order/session_optim/test_reorder_default_normal.py:32: &lt;py._xmlgen.raw object at 0x7f4b6bac57f0&gt;</skipped></testcase><testcase classname="pytest_cases.tests.pytest_extension.others.test_assert_exception" file="pytest_cases/tests/pytest_extension/others/test_assert_exception.py" line="9" name="test_assert_exception" time="0.002129077911376953"></testcase><testcase classname="pytest_cases.tests.pytest_extension.parametrize_plus.test_basics_misc" file="pytest_cases/tests/pytest_extension/parametrize_plus/test_basics_misc.py" line="19" name="test_extract_pset_info" time="0.001146078109741211"></testcase><testcase classname="pytest_cases.tests.pytest_extension.parametrize_plus.test_basics_misc" file="pytest_cases/tests/pytest_extension/parametrize_plus/test_basics_misc.py" line="32" name="test_cart_product_pytest" time="0.0022573471069335938"></testcase><testcase classname="pytest_cases.tests.pytest_extension.parametrize_plus.test_basics_misc" file="pytest_cases/tests/pytest_extension/parametrize_plus/test_basics_misc.py" line="63" name="test_argname_error" time="0.0012710094451904297"></testcase><testcase classname="pytest_cases.tests.pytest_extension.parametrize_plus.test_basics_misc" file="pytest_cases/tests/pytest_extension/parametrize_plus/test_basics_misc.py" line="73" name="test_get_argnames_argvalues[False]" time="0.002329587936401367"></testcase><testcase classname="pytest_cases.tests.pytest_extension.parametrize_plus.test_basics_misc" file="pytest_cases/tests/pytest_extension/parametrize_plus/test_basics_misc.py" line="73" name="test_get_argnames_argvalues[True]" time="0.002334117889404297"></testcase><testcase classname="pytest_cases.tests.pytest_extension.parametrize_plus.test_basics_misc" file="pytest_cases/tests/pytest_extension/parametrize_plus/test_basics_misc.py" line="157" name="test_idgen1[10yes-c2.1-a=True,b= -1]" time="0.0016584396362304688"></testcase><testcase classname="pytest_cases.tests.pytest_extension.parametrize_plus.test_basics_misc" file="pytest_cases/tests/pytest_extension/parametrize_plus/test_basics_misc.py" line="157" name="test_idgen1[10yes-c2.1-a=False,b=  3]" time="0.0016140937805175781"></testcase><testcase classname="pytest_cases.tests.pytest_extension.parametrize_plus.test_basics_misc" file="pytest_cases/tests/pytest_extension/parametrize_plus/test_basics_misc.py" line="157" name="test_idgen1[10yes-c0.0-a=True,b= -1]" time="0.00154876708984375"></testcase><testcase classname="pytest_cases.tests.pytest_extension.parametrize_plus.test_basics_misc" file="pytest_cases/tests/pytest_extension/parametrize_plus/test_basics_misc.py" line="157" name="test_idgen1[10yes-c0.0-a=False,b=  3]" time="0.0013911724090576172"></testcase><testcase classname="pytest_cases.tests.pytest_extension.parametrize_plus.test_basics_misc" file="pytest_cases/tests/pytest_extension/parametrize_plus/test_basics_misc.py" line="164" name="test_idgen1_synthesis" time="0.0043032169342041016"></testcase><testcase classname="pytest_cases.tests.pytest_extension.parametrize_plus.test_basics_misc" file="pytest_cases/tests/pytest_extension/parametrize_plus/test_basics_misc.py" line="181" name="test_alt_usage1[a=True,b=1.2 and   -1]" time="0.001186370849609375"></testcase><testcase classname="pytest_cases.tests.pytest_extension.parametrize_plus.test_basics_misc" file="pytest_cases/tests/pytest_extension/parametrize_plus/test_basics_misc.py" line="181" name="test_alt_usage1[a=True,b=0.0 and   -1]" time="0.0018117427825927734"></testcase><testcase classname="pytest_cases.tests.pytest_extension.parametrize_plus.test_basics_misc" file="pytest_cases/tests/pytest_extension/parametrize_plus/test_basics_misc.py" line="181" name="test_alt_usage1[a=True,b=1.2 and    2]" time="0.001310586929321289"></testcase><testcase classname="pytest_cases.tests.pytest_extension.parametrize_plus.test_basics_misc" file="pytest_cases/tests/pytest_extension/parametrize_plus/test_basics_misc.py" line="181" name="test_alt_usage1[a=True,b=0.0 and    2]" time="0.0012106895446777344"></testcase><testcase classname="pytest_cases.tests.pytest_extension.parametrize_plus.test_basics_misc" file="pytest_cases/tests/pytest_extension/parametrize_plus/test_basics_misc.py" line="186" name="test_alt_usage1_synthesis" time="0.004125356674194336"></testcase><testcase classname="pytest_cases.tests.pytest_extension.parametrize_plus.test_basics_misc" file="pytest_cases/tests/pytest_extension/parametrize_plus/test_basics_misc.py" line="199" name="test_alt_usage2[b1e+00]" time="0.001065969467163086"></testcase><testcase classname="pytest_cases.tests.pytest_extension.parametrize_plus.test_basics_misc" file="pytest_cases/tests/pytest_extension/parametrize_plus/test_basics_misc.py" line="199" name="test_alt_usage2[b0e+00]" time="0.0010581016540527344"></testcase><testcase classname="pytest_cases.tests.pytest_extension.parametrize_plus.test_basics_misc" file="pytest_cases/tests/pytest_extension/parametrize_plus/test_basics_misc.py" line="204" name="test_alt_usage2_synthesis" time="0.0040967464447021484"></testcase><testcase classname="pytest_cases.tests.pytest_extension.parametrize_plus.test_fixture_ref_basic1" file="pytest_cases/tests/pytest_extension/parametrize_plus/test_fixture_ref_basic1.py" line="20" name="test_prints[nothing-?]" time="0.002461671829223633"><system-out>nothing?
</system-out></testcase><testcase classname="pytest_cases.tests.pytest_extension.parametrize_plus.test_fixture_ref_basic1" file="pytest_cases/tests/pytest_extension/parametrize_plus/test_fixture_ref_basic1.py" line="20" name="test_prints[nothing-!]" time="0.002116680145263672"><system-out>nothing!
</system-out></testcase><testcase classname="pytest_cases.tests.pytest_extension.parametrize_plus.test_fixture_ref_basic1" file="pytest_cases/tests/pytest_extension/parametrize_plus/test_fixture_ref_basic1.py" line="20" name="test_prints[world_str-?]" time="0.00232696533203125"><system-out>world?
</system-out></testcase><testcase classname="pytest_cases.tests.pytest_extension.parametrize_plus.test_fixture_ref_basic1" file="pytest_cases/tests/pytest_extension/parametrize_plus/test_fixture_ref_basic1.py" line="20" name="test_prints[world_str-!]" time="0.0024721622467041016"><system-out>world!
</system-out></testcase><testcase classname="pytest_cases.tests.pytest_extension.parametrize_plus.test_fixture_ref_basic1" file="pytest_cases/tests/pytest_extension/parametrize_plus/test_fixture_ref_basic1.py" line="20" name="test_prints[greetings-world_str-?]" time="0.002276182174682617"><system-out>hello world?
</system-out></testcase><testcase classname="pytest_cases.tests.pytest_extension.parametrize_plus.test_fixture_ref_basic1" file="pytest_cases/tests/pytest_extension/parametrize_plus/test_fixture_ref_basic1.py" line="20" name="test_prints[greetings-world_str-!]" time="0.0025680065155029297"><system-out>hello world!
</system-out></testcase><testcase classname="pytest_cases.tests.pytest_extension.parametrize_plus.test_fixture_ref_basic1" file="pytest_cases/tests/pytest_extension/parametrize_plus/test_fixture_ref_basic1.py" line="20" name="test_prints[greetings-you-?]" time="0.002352476119995117"><system-out>hello you?
</system-out></testcase><testcase classname="pytest_cases.tests.pytest_extension.parametrize_plus.test_fixture_ref_basic1" file="pytest_cases/tests/pytest_extension/parametrize_plus/test_fixture_ref_basic1.py" line="20" name="test_prints[greetings-you-!]" time="0.0023813247680664062"><system-out>hello you!
</system-out></testcase><testcase classname="pytest_cases.tests.pytest_extension.parametrize_plus.test_fixture_ref_basic1" file="pytest_cases/tests/pytest_extension/parametrize_plus/test_fixture_ref_basic1.py" line="20" name="test_prints[global_fixture-?]" time="0.002815723419189453"><system-out>global?
</system-out></testcase><testcase classname="pytest_cases.tests.pytest_extension.parametrize_plus.test_fixture_ref_basic1" file="pytest_cases/tests/pytest_extension/parametrize_plus/test_fixture_ref_basic1.py" line="20" name="test_prints[global_fixture-!]" time="0.0024776458740234375"><system-out>global!
</system-out></testcase><testcase classname="pytest_cases.tests.pytest_extension.parametrize_plus.test_fixture_ref_basic1" file="pytest_cases/tests/pytest_extension/parametrize_plus/test_fixture_ref_basic1.py" line="29" name="test_synthesis" time="0.005222797393798828"></testcase><testcase classname="pytest_cases.tests.pytest_extension.parametrize_plus.test_fixture_ref_basic1" file="pytest_cases/tests/pytest_extension/parametrize_plus/test_fixture_ref_basic1.py" line="47" name="test_foo[c]" time="0.0012390613555908203"></testcase><testcase classname="pytest_cases.tests.pytest_extension.parametrize_plus.test_fixture_ref_basic2" file="pytest_cases/tests/pytest_extension/parametrize_plus/test_fixture_ref_basic2.py" line="22" name="test_foo[z-bar]" time="0.0022804737091064453"></testcase><testcase classname="pytest_cases.tests.pytest_extension.parametrize_plus.test_fixture_ref_basic2" file="pytest_cases/tests/pytest_extension/parametrize_plus/test_fixture_ref_basic2.py" line="22" name="test_foo[a-bar]" time="0.002343893051147461"></testcase><testcase classname="pytest_cases.tests.pytest_extension.parametrize_plus.test_fixture_ref_basic2" file="pytest_cases/tests/pytest_extension/parametrize_plus/test_fixture_ref_basic2.py" line="22" name="test_foo[b-a-bar]" time="0.0028645992279052734"></testcase><testcase classname="pytest_cases.tests.pytest_extension.parametrize_plus.test_fixture_ref_basic2" file="pytest_cases/tests/pytest_extension/parametrize_plus/test_fixture_ref_basic2.py" line="22" name="test_foo[b-o-bar]" time="0.002353191375732422"></testcase><testcase classname="pytest_cases.tests.pytest_extension.parametrize_plus.test_fixture_ref_basic2" file="pytest_cases/tests/pytest_extension/parametrize_plus/test_fixture_ref_basic2.py" line="22" name="test_foo[o-bar]" time="0.0022161006927490234"></testcase><testcase classname="pytest_cases.tests.pytest_extension.parametrize_plus.test_fixture_ref_basic2" file="pytest_cases/tests/pytest_extension/parametrize_plus/test_fixture_ref_basic2.py" line="36" name="test_synthesis" time="0.004453182220458984"></testcase><testcase classname="pytest_cases.tests.pytest_extension.parametrize_plus.test_fixture_ref_basic3_tuples" file="pytest_cases/tests/pytest_extension/parametrize_plus/test_fixture_ref_basic3_tuples.py" line="27" name="test_prints[a-1]" time="0.0030732154846191406"><system-out>a 1
</system-out></testcase><testcase classname="pytest_cases.tests.pytest_extension.parametrize_plus.test_fixture_ref_basic3_tuples" file="pytest_cases/tests/pytest_extension/parametrize_plus/test_fixture_ref_basic3_tuples.py" line="27" name="test_prints[myfix-2-b]" time="0.002730131149291992"><system-out>b 2
</system-out></testcase><testcase classname="pytest_cases.tests.pytest_extension.parametrize_plus.test_fixture_ref_basic3_tuples" file="pytest_cases/tests/pytest_extension/parametrize_plus/test_fixture_ref_basic3_tuples.py" line="27" name="test_prints[myfix-2-c]" time="0.002785205841064453"><system-out>c 2
</system-out></testcase><testcase classname="pytest_cases.tests.pytest_extension.parametrize_plus.test_fixture_ref_basic3_tuples" file="pytest_cases/tests/pytest_extension/parametrize_plus/test_fixture_ref_basic3_tuples.py" line="27" name="test_prints[myfix-myfix2-b-0]" time="0.0033080577850341797"><system-out>b 0
</system-out></testcase><testcase classname="pytest_cases.tests.pytest_extension.parametrize_plus.test_fixture_ref_basic3_tuples" file="pytest_cases/tests/pytest_extension/parametrize_plus/test_fixture_ref_basic3_tuples.py" line="27" name="test_prints[myfix-myfix2-b--1]" time="0.002722024917602539"><system-out>b -1
</system-out></testcase><testcase classname="pytest_cases.tests.pytest_extension.parametrize_plus.test_fixture_ref_basic3_tuples" file="pytest_cases/tests/pytest_extension/parametrize_plus/test_fixture_ref_basic3_tuples.py" line="27" name="test_prints[myfix-myfix2-c-0]" time="0.002640247344970703"><system-out>c 0
</system-out></testcase><testcase classname="pytest_cases.tests.pytest_extension.parametrize_plus.test_fixture_ref_basic3_tuples" file="pytest_cases/tests/pytest_extension/parametrize_plus/test_fixture_ref_basic3_tuples.py" line="27" name="test_prints[myfix-myfix2-c--1]" time="0.0027837753295898438"><system-out>c -1
</system-out></testcase><testcase classname="pytest_cases.tests.pytest_extension.parametrize_plus.test_fixture_ref_basic3_tuples" file="pytest_cases/tests/pytest_extension/parametrize_plus/test_fixture_ref_basic3_tuples.py" line="27" name="test_prints[myfix-myfix-b]" time="0.003233671188354492"><system-out>b b
</system-out></testcase><testcase classname="pytest_cases.tests.pytest_extension.parametrize_plus.test_fixture_ref_basic3_tuples" file="pytest_cases/tests/pytest_extension/parametrize_plus/test_fixture_ref_basic3_tuples.py" line="27" name="test_prints[myfix-myfix-c]" time="0.0027010440826416016"><system-out>c c
</system-out></testcase><testcase classname="pytest_cases.tests.pytest_extension.parametrize_plus.test_fixture_ref_basic3_tuples" file="pytest_cases/tests/pytest_extension/parametrize_plus/test_fixture_ref_basic3_tuples.py" line="27" name="test_prints[my_tuple-d-3]" time="0.0028564929962158203"><system-out>d 3
</system-out></testcase><testcase classname="pytest_cases.tests.pytest_extension.parametrize_plus.test_fixture_ref_basic3_tuples" file="pytest_cases/tests/pytest_extension/parametrize_plus/test_fixture_ref_basic3_tuples.py" line="27" name="test_prints[my_tuple-e-4]" time="0.002952098846435547"><system-out>e 4
</system-out></testcase><testcase classname="pytest_cases.tests.pytest_extension.parametrize_plus.test_fixture_ref_basic3_tuples" file="pytest_cases/tests/pytest_extension/parametrize_plus/test_fixture_ref_basic3_tuples.py" line="36" name="test_synthesis" time="0.003911256790161133"></testcase><testcase classname="pytest_cases.tests.pytest_extension.parametrize_plus.test_fixture_ref_basic4_ids" file="pytest_cases/tests/pytest_extension/parametrize_plus/test_fixture_ref_basic4_ids.py" line="31" name="test_foo_explicit[(arg1,arg2)/P0:2-1-None]" time="0.001241445541381836"><system-out>1 None
</system-out></testcase><testcase classname="pytest_cases.tests.pytest_extension.parametrize_plus.test_fixture_ref_basic4_ids" file="pytest_cases/tests/pytest_extension/parametrize_plus/test_fixture_ref_basic4_ids.py" line="31" name="test_foo_explicit[(arg1,arg2)/P0:2-None-2]" time="0.0012476444244384766"><system-out>None 2
</system-out></testcase><testcase classname="pytest_cases.tests.pytest_extension.parametrize_plus.test_fixture_ref_basic4_ids" file="pytest_cases/tests/pytest_extension/parametrize_plus/test_fixture_ref_basic4_ids.py" line="31" name="test_foo_explicit[(arg1,arg2)/a]" time="0.0014727115631103516"><system-out>A AA
</system-out></testcase><testcase classname="pytest_cases.tests.pytest_extension.parametrize_plus.test_fixture_ref_basic4_ids" file="pytest_cases/tests/pytest_extension/parametrize_plus/test_fixture_ref_basic4_ids.py" line="31" name="test_foo_explicit[(arg1,arg2)/aaa]" time="0.0011968612670898438"><system-out>A AA
</system-out></testcase><testcase classname="pytest_cases.tests.pytest_extension.parametrize_plus.test_fixture_ref_basic4_ids" file="pytest_cases/tests/pytest_extension/parametrize_plus/test_fixture_ref_basic4_ids.py" line="31" name="test_foo_explicit[(arg1,arg2)/4-4]" time="0.0012958049774169922"><system-out>4 4
</system-out></testcase><testcase classname="pytest_cases.tests.pytest_extension.parametrize_plus.test_fixture_ref_basic4_ids" file="pytest_cases/tests/pytest_extension/parametrize_plus/test_fixture_ref_basic4_ids.py" line="31" name="test_foo_explicit[(arg1,arg2)/1-a]" time="0.0015077590942382812"><system-out>1 (&apos;A&apos;, &apos;AA&apos;)
</system-out></testcase><testcase classname="pytest_cases.tests.pytest_extension.parametrize_plus.test_fixture_ref_basic4_ids" file="pytest_cases/tests/pytest_extension/parametrize_plus/test_fixture_ref_basic4_ids.py" line="31" name="test_foo_explicit[(arg1,arg2)/3-b-1]" time="0.0017788410186767578"><system-out>3 B1
</system-out></testcase><testcase classname="pytest_cases.tests.pytest_extension.parametrize_plus.test_fixture_ref_basic4_ids" file="pytest_cases/tests/pytest_extension/parametrize_plus/test_fixture_ref_basic4_ids.py" line="31" name="test_foo_explicit[(arg1,arg2)/3-b-2]" time="0.0014557838439941406"><system-out>3 B2
</system-out></testcase><testcase classname="pytest_cases.tests.pytest_extension.parametrize_plus.test_fixture_ref_basic4_ids" file="pytest_cases/tests/pytest_extension/parametrize_plus/test_fixture_ref_basic4_ids.py" line="36" name="test_foo_compact[/P0:2-1-None]" time="0.0013360977172851562"><system-out>1 None
</system-out></testcase><testcase classname="pytest_cases.tests.pytest_extension.parametrize_plus.test_fixture_ref_basic4_ids" file="pytest_cases/tests/pytest_extension/parametrize_plus/test_fixture_ref_basic4_ids.py" line="36" name="test_foo_compact[/P0:2-None-2]" time="0.0015645027160644531"><system-out>None 2
</system-out></testcase><testcase classname="pytest_cases.tests.pytest_extension.parametrize_plus.test_fixture_ref_basic4_ids" file="pytest_cases/tests/pytest_extension/parametrize_plus/test_fixture_ref_basic4_ids.py" line="36" name="test_foo_compact[/a]" time="0.0014355182647705078"><system-out>A AA
</system-out></testcase><testcase classname="pytest_cases.tests.pytest_extension.parametrize_plus.test_fixture_ref_basic4_ids" file="pytest_cases/tests/pytest_extension/parametrize_plus/test_fixture_ref_basic4_ids.py" line="36" name="test_foo_compact[/aaa]" time="0.0014851093292236328"><system-out>A AA
</system-out></testcase><testcase classname="pytest_cases.tests.pytest_extension.parametrize_plus.test_fixture_ref_basic4_ids" file="pytest_cases/tests/pytest_extension/parametrize_plus/test_fixture_ref_basic4_ids.py" line="36" name="test_foo_compact[/4-4]" time="0.001382589340209961"><system-out>4 4
</system-out></testcase><testcase classname="pytest_cases.tests.pytest_extension.parametrize_plus.test_fixture_ref_basic4_ids" file="pytest_cases/tests/pytest_extension/parametrize_plus/test_fixture_ref_basic4_ids.py" line="36" name="test_foo_compact[/1-a]" time="0.0012993812561035156"><system-out>1 (&apos;A&apos;, &apos;AA&apos;)
</system-out></testcase><testcase classname="pytest_cases.tests.pytest_extension.parametrize_plus.test_fixture_ref_basic4_ids" file="pytest_cases/tests/pytest_extension/parametrize_plus/test_fixture_ref_basic4_ids.py" line="36" name="test_foo_compact[/3-b-1]" time="0.0012333393096923828"><system-out>3 B1
</system-out></testcase><testcase classname="pytest_cases.tests.pytest_extension.parametrize_plus.test_fixture_ref_basic4_ids" file="pytest_cases/tests/pytest_extension/parametrize_plus/test_fixture_ref_basic4_ids.py" line="36" name="test_foo_compact[/3-b-2]" time="0.001950979232788086"><system-out>3 B2
</system-out></testcase><testcase classname="pytest_cases.tests.pytest_extension.parametrize_plus.test_fixture_ref_basic4_ids" file="pytest_cases/tests/pytest_extension/parametrize_plus/test_fixture_ref_basic4_ids.py" line="41" name="test_foo_nostyle[1-None]" time="0.002451181411743164"><system-out>1 None
</system-out></testcase><testcase classname="pytest_cases.tests.pytest_extension.parametrize_plus.test_fixture_ref_basic4_ids" file="pytest_cases/tests/pytest_extension/parametrize_plus/test_fixture_ref_basic4_ids.py" line="41" name="test_foo_nostyle[None-2]" time="0.0022706985473632812"><system-out>None 2
</system-out></testcase><testcase classname="pytest_cases.tests.pytest_extension.parametrize_plus.test_fixture_ref_basic4_ids" file="pytest_cases/tests/pytest_extension/parametrize_plus/test_fixture_ref_basic4_ids.py" line="41" name="test_foo_nostyle[a]" time="0.001940011978149414"><system-out>A AA
</system-out></testcase><testcase classname="pytest_cases.tests.pytest_extension.parametrize_plus.test_fixture_ref_basic4_ids" file="pytest_cases/tests/pytest_extension/parametrize_plus/test_fixture_ref_basic4_ids.py" line="41" name="test_foo_nostyle[aaa]" time="0.002249002456665039"><system-out>A AA
</system-out></testcase><testcase classname="pytest_cases.tests.pytest_extension.parametrize_plus.test_fixture_ref_basic4_ids" file="pytest_cases/tests/pytest_extension/parametrize_plus/test_fixture_ref_basic4_ids.py" line="41" name="test_foo_nostyle[4-4]" time="0.002487659454345703"><system-out>4 4
</system-out></testcase><testcase classname="pytest_cases.tests.pytest_extension.parametrize_plus.test_fixture_ref_basic4_ids" file="pytest_cases/tests/pytest_extension/parametrize_plus/test_fixture_ref_basic4_ids.py" line="41" name="test_foo_nostyle[1-a]" time="0.0022735595703125"><system-out>1 (&apos;A&apos;, &apos;AA&apos;)
</system-out></testcase><testcase classname="pytest_cases.tests.pytest_extension.parametrize_plus.test_fixture_ref_basic4_ids" file="pytest_cases/tests/pytest_extension/parametrize_plus/test_fixture_ref_basic4_ids.py" line="41" name="test_foo_nostyle[3-b-1]" time="0.002115488052368164"><system-out>3 B1
</system-out></testcase><testcase classname="pytest_cases.tests.pytest_extension.parametrize_plus.test_fixture_ref_basic4_ids" file="pytest_cases/tests/pytest_extension/parametrize_plus/test_fixture_ref_basic4_ids.py" line="41" name="test_foo_nostyle[3-b-2]" time="0.0024461746215820312"><system-out>3 B2
</system-out></testcase><testcase classname="pytest_cases.tests.pytest_extension.parametrize_plus.test_fixture_ref_basic4_ids" file="pytest_cases/tests/pytest_extension/parametrize_plus/test_fixture_ref_basic4_ids.py" line="46" name="test_synthesis" time="0.006265163421630859"></testcase><testcase classname="pytest_cases.tests.pytest_extension.parametrize_plus.test_getcallspecs" file="pytest_cases/tests/pytest_extension/parametrize_plus/test_getcallspecs.py" line="12" name="test_getcallspecs[False]" time="0.002046346664428711"></testcase><testcase classname="pytest_cases.tests.pytest_extension.parametrize_plus.test_getcallspecs" file="pytest_cases/tests/pytest_extension/parametrize_plus/test_getcallspecs.py" line="12" name="test_getcallspecs[True]" time="0.0020439624786376953"></testcase><testcase classname="pytest_cases.tests.pytest_extension.parametrize_plus.test_lazy_value" file="pytest_cases/tests/pytest_extension/parametrize_plus/test_lazy_value.py" line="26" name="test_foo_single[val]" time="0.0009942054748535156"></testcase><testcase classname="pytest_cases.tests.pytest_extension.parametrize_plus.test_lazy_value" file="pytest_cases/tests/pytest_extension/parametrize_plus/test_lazy_value.py" line="26" name="test_foo_single[val_skipped_on_old_pytest]" time="0.0007777214050292969"><skipped message="well" type="pytest.skip">pytest_cases/tests/pytest_extension/parametrize_plus/test_lazy_value.py:26: &lt;py._xmlgen.raw object at 0x7f4b6ba2e208&gt;</skipped></testcase><testcase classname="pytest_cases.tests.pytest_extension.parametrize_plus.test_lazy_value" file="pytest_cases/tests/pytest_extension/parametrize_plus/test_lazy_value.py" line="26" name="test_foo_single[A]" time="0.0011463165283203125"></testcase><testcase classname="pytest_cases.tests.pytest_extension.parametrize_plus.test_lazy_value" file="pytest_cases/tests/pytest_extension/parametrize_plus/test_lazy_value.py" line="34" name="test_foo_multi[valtuple[0]-valtuple[1]]" time="0.0014166831970214844"></testcase><testcase classname="pytest_cases.tests.pytest_extension.parametrize_plus.test_lazy_value" file="pytest_cases/tests/pytest_extension/parametrize_plus/test_lazy_value.py" line="34" name="test_foo_multi[1-val]" time="0.0012333393096923828"></testcase><testcase classname="pytest_cases.tests.pytest_extension.parametrize_plus.test_lazy_value" file="pytest_cases/tests/pytest_extension/parametrize_plus/test_lazy_value.py" line="41" name="test_synthesis" time="0.004140138626098633"></testcase><testcase classname="pytest_cases.tests.pytest_extension.parametrize_plus.test_lazy_value__custom_ids" file="pytest_cases/tests/pytest_extension/parametrize_plus/test_lazy_value__custom_ids.py" line="38" name="test_foo_single[a=val]" time="0.0010905265808105469"></testcase><testcase classname="pytest_cases.tests.pytest_extension.parametrize_plus.test_lazy_value__custom_ids" file="pytest_cases/tests/pytest_extension/parametrize_plus/test_lazy_value__custom_ids.py" line="38" name="test_foo_single[a=val_skipped_on_old_pytest]" time="0.0003254413604736328"><skipped message="well" type="pytest.skip">pytest_cases/tests/pytest_extension/parametrize_plus/test_lazy_value__custom_ids.py:38: &lt;py._xmlgen.raw object at 0x7f4b6ba30860&gt;</skipped></testcase><testcase classname="pytest_cases.tests.pytest_extension.parametrize_plus.test_lazy_value__custom_ids" file="pytest_cases/tests/pytest_extension/parametrize_plus/test_lazy_value__custom_ids.py" line="38" name="test_foo_single[a=A]" time="0.0013115406036376953"></testcase><testcase classname="pytest_cases.tests.pytest_extension.parametrize_plus.test_lazy_value__custom_ids" file="pytest_cases/tests/pytest_extension/parametrize_plus/test_lazy_value__custom_ids.py" line="46" name="test_foo_multi[a=valtuple[0]-b=valtuple[1]]" time="0.0013878345489501953"></testcase><testcase classname="pytest_cases.tests.pytest_extension.parametrize_plus.test_lazy_value__custom_ids" file="pytest_cases/tests/pytest_extension/parametrize_plus/test_lazy_value__custom_ids.py" line="46" name="test_foo_multi[a=1-b=val]" time="0.0014858245849609375"></testcase><testcase classname="pytest_cases.tests.pytest_extension.parametrize_plus.test_lazy_value__custom_ids" file="pytest_cases/tests/pytest_extension/parametrize_plus/test_lazy_value__custom_ids.py" line="53" name="test_synthesis" time="0.004572868347167969"></testcase><testcase classname="pytest_cases.tests.pytest_extension.parametrize_plus.test_lazy_value_and_fixture_ref" file="pytest_cases/tests/pytest_extension/parametrize_plus/test_lazy_value_and_fixture_ref.py" line="21" name="test_foo_single[val]" time="0.0018618106842041016"></testcase><testcase classname="pytest_cases.tests.pytest_extension.parametrize_plus.test_lazy_value_and_fixture_ref" file="pytest_cases/tests/pytest_extension/parametrize_plus/test_lazy_value_and_fixture_ref.py" line="21" name="test_foo_single[bfix-5]" time="0.0016319751739501953"></testcase><testcase classname="pytest_cases.tests.pytest_extension.parametrize_plus.test_lazy_value_and_fixture_ref" file="pytest_cases/tests/pytest_extension/parametrize_plus/test_lazy_value_and_fixture_ref.py" line="21" name="test_foo_single[bfix-7]" time="0.0020110607147216797"></testcase><testcase classname="pytest_cases.tests.pytest_extension.parametrize_plus.test_lazy_value_and_fixture_ref" file="pytest_cases/tests/pytest_extension/parametrize_plus/test_lazy_value_and_fixture_ref.py" line="21" name="test_foo_single[A]" time="0.0024709701538085938"></testcase><testcase classname="pytest_cases.tests.pytest_extension.parametrize_plus.test_lazy_value_and_fixture_ref" file="pytest_cases/tests/pytest_extension/parametrize_plus/test_lazy_value_and_fixture_ref.py" line="29" name="test_synthesis2" time="0.004986286163330078"></testcase><testcase classname="pytest_cases.tests.pytest_extension.parametrize_plus.test_lazy_value_and_fixture_ref2" file="pytest_cases/tests/pytest_extension/parametrize_plus/test_lazy_value_and_fixture_ref2.py" line="46" name="test_foo_multi[valtuple]" time="0.002488374710083008"></testcase><testcase classname="pytest_cases.tests.pytest_extension.parametrize_plus.test_lazy_value_and_fixture_ref2" file="pytest_cases/tests/pytest_extension/parametrize_plus/test_lazy_value_and_fixture_ref2.py" line="46" name="test_foo_multi[A]" time="0.0023386478424072266"></testcase><testcase classname="pytest_cases.tests.pytest_extension.parametrize_plus.test_lazy_value_and_fixture_ref2" file="pytest_cases/tests/pytest_extension/parametrize_plus/test_lazy_value_and_fixture_ref2.py" line="46" name="test_foo_multi[tfix-13]" time="0.003022909164428711"></testcase><testcase classname="pytest_cases.tests.pytest_extension.parametrize_plus.test_lazy_value_and_fixture_ref2" file="pytest_cases/tests/pytest_extension/parametrize_plus/test_lazy_value_and_fixture_ref2.py" line="46" name="test_foo_multi[tfix-11]" time="0.0021407604217529297"></testcase><testcase classname="pytest_cases.tests.pytest_extension.parametrize_plus.test_lazy_value_and_fixture_ref2" file="pytest_cases/tests/pytest_extension/parametrize_plus/test_lazy_value_and_fixture_ref2.py" line="46" name="test_foo_multi[vfix-val-5]" time="0.0025184154510498047"></testcase><testcase classname="pytest_cases.tests.pytest_extension.parametrize_plus.test_lazy_value_and_fixture_ref2" file="pytest_cases/tests/pytest_extension/parametrize_plus/test_lazy_value_and_fixture_ref2.py" line="46" name="test_foo_multi[vfix-val-7]" time="0.0017313957214355469"></testcase><testcase classname="pytest_cases.tests.pytest_extension.parametrize_plus.test_lazy_value_and_fixture_ref2" file="pytest_cases/tests/pytest_extension/parametrize_plus/test_lazy_value_and_fixture_ref2.py" line="46" name="test_foo_multi[B-vfix-5]" time="0.0008549690246582031"></testcase><testcase classname="pytest_cases.tests.pytest_extension.parametrize_plus.test_lazy_value_and_fixture_ref2" file="pytest_cases/tests/pytest_extension/parametrize_plus/test_lazy_value_and_fixture_ref2.py" line="46" name="test_foo_multi[B-vfix-7]" time="0.0006833076477050781"></testcase><testcase classname="pytest_cases.tests.pytest_extension.parametrize_plus.test_lazy_value_and_fixture_ref2" file="pytest_cases/tests/pytest_extension/parametrize_plus/test_lazy_value_and_fixture_ref2.py" line="46" name="test_foo_multi[vfix-vfix-5]" time="0.0006492137908935547"></testcase><testcase classname="pytest_cases.tests.pytest_extension.parametrize_plus.test_lazy_value_and_fixture_ref2" file="pytest_cases/tests/pytest_extension/parametrize_plus/test_lazy_value_and_fixture_ref2.py" line="46" name="test_foo_multi[vfix-vfix-7]" time="0.0006618499755859375"></testcase><testcase classname="pytest_cases.tests.pytest_extension.parametrize_plus.test_lazy_value_and_fixture_ref2" file="pytest_cases/tests/pytest_extension/parametrize_plus/test_lazy_value_and_fixture_ref2.py" line="60" name="test_synthesis2" time="0.018375873565673828"></testcase><testcase classname="pytest_cases.tests.pytest_extension.parametrize_plus.test_lazy_value_and_fixture_ref3" file="pytest_cases/tests/pytest_extension/parametrize_plus/test_lazy_value_and_fixture_ref3.py" line="46" name="test_foo_multi[valtuple]" time="0.0017426013946533203"></testcase><testcase classname="pytest_cases.tests.pytest_extension.parametrize_plus.test_lazy_value_and_fixture_ref3" file="pytest_cases/tests/pytest_extension/parametrize_plus/test_lazy_value_and_fixture_ref3.py" line="46" name="test_foo_multi[A]" time="0.0017011165618896484"></testcase><testcase classname="pytest_cases.tests.pytest_extension.parametrize_plus.test_lazy_value_and_fixture_ref3" file="pytest_cases/tests/pytest_extension/parametrize_plus/test_lazy_value_and_fixture_ref3.py" line="46" name="test_foo_multi[tfix-val]" time="0.004496335983276367"></testcase><testcase classname="pytest_cases.tests.pytest_extension.parametrize_plus.test_lazy_value_and_fixture_ref3" file="pytest_cases/tests/pytest_extension/parametrize_plus/test_lazy_value_and_fixture_ref3.py" line="46" name="test_foo_multi[tfix-11]" time="0.001676797866821289"></testcase><testcase classname="pytest_cases.tests.pytest_extension.parametrize_plus.test_lazy_value_and_fixture_ref3" file="pytest_cases/tests/pytest_extension/parametrize_plus/test_lazy_value_and_fixture_ref3.py" line="46" name="test_foo_multi[vfix-val-5]" time="0.003741741180419922"></testcase><testcase classname="pytest_cases.tests.pytest_extension.parametrize_plus.test_lazy_value_and_fixture_ref3" file="pytest_cases/tests/pytest_extension/parametrize_plus/test_lazy_value_and_fixture_ref3.py" line="46" name="test_foo_multi[vfix-val-val]" time="0.0017244815826416016"></testcase><testcase classname="pytest_cases.tests.pytest_extension.parametrize_plus.test_lazy_value_and_fixture_ref3" file="pytest_cases/tests/pytest_extension/parametrize_plus/test_lazy_value_and_fixture_ref3.py" line="46" name="test_foo_multi[B-vfix-5]" time="0.003871917724609375"></testcase><testcase classname="pytest_cases.tests.pytest_extension.parametrize_plus.test_lazy_value_and_fixture_ref3" file="pytest_cases/tests/pytest_extension/parametrize_plus/test_lazy_value_and_fixture_ref3.py" line="46" name="test_foo_multi[B-vfix-val]" time="0.0017800331115722656"></testcase><testcase classname="pytest_cases.tests.pytest_extension.parametrize_plus.test_lazy_value_and_fixture_ref3" file="pytest_cases/tests/pytest_extension/parametrize_plus/test_lazy_value_and_fixture_ref3.py" line="46" name="test_foo_multi[vfix-vfix-5]" time="0.002366304397583008"></testcase><testcase classname="pytest_cases.tests.pytest_extension.parametrize_plus.test_lazy_value_and_fixture_ref3" file="pytest_cases/tests/pytest_extension/parametrize_plus/test_lazy_value_and_fixture_ref3.py" line="46" name="test_foo_multi[vfix-vfix-val]" time="0.0037217140197753906"></testcase><testcase classname="pytest_cases.tests.pytest_extension.parametrize_plus.test_lazy_value_and_fixture_ref3" file="pytest_cases/tests/pytest_extension/parametrize_plus/test_lazy_value_and_fixture_ref3.py" line="60" name="test_synthesis2" time="0.004141330718994141"></testcase><testcase classname="pytest_cases.tests.pytest_extension.parametrize_plus.test_lazy_value_low_level" file="pytest_cases/tests/pytest_extension/parametrize_plus/test_lazy_value_low_level.py" line="16" name="test_value_ref" time="0.003620147705078125"></testcase><testcase classname="pytest_cases.tests.pytest_extension.parametrize_plus.test_lazy_value_low_level" file="pytest_cases/tests/pytest_extension/parametrize_plus/test_lazy_value_low_level.py" line="100" name="test_lv_clone" time="0.0017991065979003906"></testcase><testcase classname="pytest_cases.tests.pytest_extension.parametrize_plus.test_lazy_value_low_level" file="pytest_cases/tests/pytest_extension/parametrize_plus/test_lazy_value_low_level.py" line="125" name="test_lv_tuple_clone" time="0.0011897087097167969"></testcase><testcase classname="pytest_cases.tests.pytest_extension.parametrize_plus.test_lazy_value_so" file="pytest_cases/tests/pytest_extension/parametrize_plus/test_lazy_value_so.py" line="32" name="test_foo[get_param(0)]" time="0.0027663707733154297"><system-out>0.9531417549516211
</system-out></testcase><testcase classname="pytest_cases.tests.pytest_extension.parametrize_plus.test_lazy_value_so" file="pytest_cases/tests/pytest_extension/parametrize_plus/test_lazy_value_so.py" line="32" name="test_foo[get_param(1)]" time="0.0015513896942138672"><system-out>0.13491661094546725
</system-out></testcase><testcase classname="pytest_cases.tests.pytest_extension.parametrize_plus.test_lazy_value_so" file="pytest_cases/tests/pytest_extension/parametrize_plus/test_lazy_value_so.py" line="32" name="test_foo[get_param(2)]" time="0.0012054443359375"><system-out>0.38856785896712587
</system-out></testcase><testcase classname="pytest_cases.tests.pytest_extension.parametrize_plus.test_lazy_value_so" file="pytest_cases/tests/pytest_extension/parametrize_plus/test_lazy_value_so.py" line="32" name="test_foo[get_param(3)]" time="0.0009658336639404297"><system-out>0.06899036910580303
</system-out></testcase><testcase classname="pytest_cases.tests.pytest_extension.parametrize_plus.test_lazy_value_so" file="pytest_cases/tests/pytest_extension/parametrize_plus/test_lazy_value_so.py" line="32" name="test_foo[get_param(4)]" time="0.0012063980102539062"><system-out>0.45074680363185027
</system-out></testcase><testcase classname="pytest_cases.tests.pytest_extension.parametrize_plus.test_lazy_value_so" file="pytest_cases/tests/pytest_extension/parametrize_plus/test_lazy_value_so.py" line="32" name="test_foo[get_param(5)]" time="0.0008914470672607422"><system-out>0.7425573705087979
</system-out></testcase><testcase classname="pytest_cases.tests.pytest_extension.parametrize_plus.test_lazy_value_so" file="pytest_cases/tests/pytest_extension/parametrize_plus/test_lazy_value_so.py" line="32" name="test_foo[get_param(6)]" time="0.0016789436340332031"><system-out>0.9599446069275794
</system-out></testcase><testcase classname="pytest_cases.tests.pytest_extension.parametrize_plus.test_lazy_value_so" file="pytest_cases/tests/pytest_extension/parametrize_plus/test_lazy_value_so.py" line="32" name="test_foo[get_param(7)]" time="0.001646280288696289"><system-out>0.46708268048686974
</system-out></testcase><testcase classname="pytest_cases.tests.pytest_extension.parametrize_plus.test_lazy_value_so" file="pytest_cases/tests/pytest_extension/parametrize_plus/test_lazy_value_so.py" line="32" name="test_foo[get_param(8)]" time="0.0012974739074707031"><system-out>0.869628060916616
</system-out></testcase><testcase classname="pytest_cases.tests.pytest_extension.parametrize_plus.test_lazy_value_so" file="pytest_cases/tests/pytest_extension/parametrize_plus/test_lazy_value_so.py" line="32" name="test_foo[get_param(9)]" time="0.0010769367218017578"><system-out>0.2720154840325838
</system-out></testcase><testcase classname="pytest_cases.tests.pytest_extension.parametrize_plus.test_so2" file="pytest_cases/tests/pytest_extension/parametrize_plus/test_so2.py" line="67" name="test_databases[data_from_datasetA-idx=0]" time="0.0022215843200683594"><system-out>setting up dataset A
setting up dataset B
data1_a
</system-out></testcase><testcase classname="pytest_cases.tests.pytest_extension.parametrize_plus.test_so2" file="pytest_cases/tests/pytest_extension/parametrize_plus/test_so2.py" line="67" name="test_databases[data_from_datasetB-idx=0]" time="0.0016901493072509766"></testcase><testcase classname="pytest_cases.tests.pytest_extension.parametrize_plus.test_so2" file="pytest_cases/tests/pytest_extension/parametrize_plus/test_so2.py" line="67" name="test_databases[data_from_datasetA-idx=1]" time="0.0017244815826416016"><system-out>data2_a
</system-out></testcase><testcase classname="pytest_cases.tests.pytest_extension.parametrize_plus.test_so2" file="pytest_cases/tests/pytest_extension/parametrize_plus/test_so2.py" line="67" name="test_databases[data_from_datasetA-idx=2]" time="0.0016293525695800781"><system-out>data3_a
</system-out></testcase><testcase classname="pytest_cases.tests.pytest_extension.parametrize_plus.test_so2" file="pytest_cases/tests/pytest_extension/parametrize_plus/test_so2.py" line="67" name="test_databases[data_from_datasetB-idx=1]" time="0.0018770694732666016"><system-out>data2_b
</system-out></testcase><testcase classname="pytest_cases.tests.pytest_extension.parametrize_plus.test_so2" file="pytest_cases/tests/pytest_extension/parametrize_plus/test_so2.py" line="67" name="test_databases[data_from_datasetB-idx=2]" time="0.0024459362030029297"><system-out>data3_b
</system-out></testcase><testcase classname="pytest_cases.tests.pytest_extension.parametrize_plus.test_so2_dynamic" file="pytest_cases/tests/pytest_extension/parametrize_plus/test_so2_dynamic.py" line="42" name="test_databases[data_from_DA-idx=0]" time="0.0022139549255371094"><system-out>setting up dataset DA
setting up dataset DB
data1_a
</system-out></testcase><testcase classname="pytest_cases.tests.pytest_extension.parametrize_plus.test_so2_dynamic" file="pytest_cases/tests/pytest_extension/parametrize_plus/test_so2_dynamic.py" line="42" name="test_databases[data_from_DB-idx=0]" time="0.0017778873443603516"></testcase><testcase classname="pytest_cases.tests.pytest_extension.parametrize_plus.test_so2_dynamic" file="pytest_cases/tests/pytest_extension/parametrize_plus/test_so2_dynamic.py" line="42" name="test_databases[data_from_DB-idx=1]" time="0.0019135475158691406"><system-out>data2_b
</system-out></testcase><testcase classname="pytest_cases.tests.pytest_extension.parametrize_plus.test_so2_dynamic" file="pytest_cases/tests/pytest_extension/parametrize_plus/test_so2_dynamic.py" line="42" name="test_databases[data_from_DA-idx=1]" time="0.002507925033569336"><system-out>data2_a
</system-out></testcase><testcase classname="pytest_cases.tests.pytest_extension.parametrize_plus.test_so2_dynamic" file="pytest_cases/tests/pytest_extension/parametrize_plus/test_so2_dynamic.py" line="42" name="test_databases[data_from_DA-idx=2]" time="0.0033648014068603516"><system-out>data3_a
</system-out></testcase><testcase classname="pytest_cases.tests.pytest_extension.parametrize_plus.test_so2_new" file="pytest_cases/tests/pytest_extension/parametrize_plus/test_so2_new.py" line="45" name="test_data[from_A-idx=0]" time="0.0016064643859863281"><system-out>10
</system-out></testcase><testcase classname="pytest_cases.tests.pytest_extension.parametrize_plus.test_so2_new" file="pytest_cases/tests/pytest_extension/parametrize_plus/test_so2_new.py" line="45" name="test_data[from_A-idx=1]" time="0.0029001235961914062"><system-out>20
</system-out></testcase><testcase classname="pytest_cases.tests.pytest_extension.parametrize_plus.test_so2_new" file="pytest_cases/tests/pytest_extension/parametrize_plus/test_so2_new.py" line="45" name="test_data[from_A-idx=2]" time="0.0017223358154296875"><system-out>30
</system-out></testcase><testcase classname="pytest_cases.tests.pytest_extension.parametrize_plus.test_so2_new" file="pytest_cases/tests/pytest_extension/parametrize_plus/test_so2_new.py" line="45" name="test_data[from_B-idx=0]" time="0.0020990371704101562"><system-out>100
</system-out></testcase><testcase classname="pytest_cases.tests.pytest_extension.parametrize_plus.test_so2_new" file="pytest_cases/tests/pytest_extension/parametrize_plus/test_so2_new.py" line="45" name="test_data[from_B-idx=1]" time="0.0020236968994140625"><system-out>200
</system-out></testcase><testcase classname="pytest_cases.tests.pytest_extension.parametrize_plus.test_so2_simplified" file="pytest_cases/tests/pytest_extension/parametrize_plus/test_so2_simplified.py" line="39" name="test_databases[data_from_datasetA-idx=0]" time="0.0021784305572509766"><system-out>setting up dataset A
setting up dataset B
data1_a
</system-out></testcase><testcase classname="pytest_cases.tests.pytest_extension.parametrize_plus.test_so2_simplified" file="pytest_cases/tests/pytest_extension/parametrize_plus/test_so2_simplified.py" line="39" name="test_databases[data_from_datasetB-idx=0]" time="0.0022003650665283203"></testcase><testcase classname="pytest_cases.tests.pytest_extension.parametrize_plus.test_so2_simplified" file="pytest_cases/tests/pytest_extension/parametrize_plus/test_so2_simplified.py" line="39" name="test_databases[data_from_datasetA-idx=1]" time="0.0015621185302734375"><system-out>data2_a
</system-out></testcase><testcase classname="pytest_cases.tests.pytest_extension.parametrize_plus.test_so2_simplified" file="pytest_cases/tests/pytest_extension/parametrize_plus/test_so2_simplified.py" line="39" name="test_databases[data_from_datasetA-idx=2]" time="0.0019335746765136719"><system-out>data3_a
</system-out></testcase><testcase classname="pytest_cases.tests.pytest_extension.parametrize_plus.test_so2_simplified" file="pytest_cases/tests/pytest_extension/parametrize_plus/test_so2_simplified.py" line="39" name="test_databases[data_from_datasetB-idx=1]" time="0.0028047561645507812"><system-out>data2_b
</system-out></testcase></testsuite>