<?xml version="1.0" encoding="utf-8"?><testsuite errors="0" failures="0" name="pytest" skips="110" tests="860" time="4.667"><testcase classname="pytest_cases.tests.test_plugin_installed" file="pytest_cases/tests/test_plugin_installed.py" line="4" name="test_pytest_cases_plugin_installed" time="0.0010175704956054688"></testcase><testcase classname="pytest_cases.tests.cases.doc.test_doc" file="pytest_cases/tests/cases/doc/test_doc.py" line="14" name="test_foo1[1-2]" time="0.0007882118225097656"></testcase><testcase classname="pytest_cases.tests.cases.doc.test_doc" file="pytest_cases/tests/cases/doc/test_doc.py" line="14" name="test_foo1[-1--2]" time="0.0007047653198242188"></testcase><testcase classname="pytest_cases.tests.cases.doc.test_doc" file="pytest_cases/tests/cases/doc/test_doc.py" line="19" name="test_foo1_synthesis" time="0.004156589508056641"></testcase><testcase classname="pytest_cases.tests.cases.doc.test_doc" file="pytest_cases/tests/cases/doc/test_doc.py" line="24" name="test_foo_default_cases_file[two_positive_ints[0]-two_positive_ints[1]]" time="0.0007557868957519531"></testcase><testcase classname="pytest_cases.tests.cases.doc.test_doc" file="pytest_cases/tests/cases/doc/test_doc.py" line="24" name="test_foo_default_cases_file[two_negative_ints[0]-two_negative_ints[1]]" time="0.0009970664978027344"></testcase><testcase classname="pytest_cases.tests.cases.doc.test_doc" file="pytest_cases/tests/cases/doc/test_doc.py" line="29" name="test_foo_default_cases_file_synthesis" time="0.0041539669036865234"></testcase><testcase classname="pytest_cases.tests.cases.doc.test_doc" file="pytest_cases/tests/cases/doc/test_doc.py" line="37" name="test_foo_alternate_cases_file_and_two_marked_skip[0hello[0]-hello[1]]" time="0.0007507801055908203"></testcase><testcase classname="pytest_cases.tests.cases.doc.test_doc" file="pytest_cases/tests/cases/doc/test_doc.py" line="37" name="test_foo_alternate_cases_file_and_two_marked_skip[1skipped[0]-skipped[1]]" time="0.00028586387634277344"><skipped message="unconditional skip" type="pytest.skip">pytest_cases/tests/cases/doc/test_doc.py:37: &lt;py._xmlgen.raw object at 0x7fcbdda5c588&gt;</skipped></testcase><testcase classname="pytest_cases.tests.cases.doc.test_doc" file="pytest_cases/tests/cases/doc/test_doc.py" line="37" name="test_foo_alternate_cases_file_and_two_marked_skip[2two_negative_ints[0]-two_negative_ints[1]]" time="0.0007822513580322266"></testcase><testcase classname="pytest_cases.tests.cases.doc.test_doc" file="pytest_cases/tests/cases/doc/test_doc.py" line="37" name="test_foo_alternate_cases_file_and_two_marked_skip[3three_negative_ints[0]-three_negative_ints[1]]" time="0.00024700164794921875"><skipped message="unconditional skip" type="pytest.skip">pytest_cases/tests/cases/doc/test_doc.py:37: &lt;py._xmlgen.raw object at 0x7fcbdda5c400&gt;</skipped></testcase><testcase classname="pytest_cases.tests.cases.doc.test_doc" file="pytest_cases/tests/cases/doc/test_doc.py" line="37" name="test_foo_alternate_cases_file_and_two_marked_skip[4two_negative_ints[0]-two_negative_ints[1]]" time="0.0007140636444091797"></testcase><testcase classname="pytest_cases.tests.cases.doc.test_doc" file="pytest_cases/tests/cases/doc/test_doc.py" line="42" name="test_foo_alternate_cases_file_and_two_marked_skip_synthesis" time="0.004272937774658203"></testcase><testcase classname="pytest_cases.tests.cases.doc.test_doc" file="pytest_cases/tests/cases/doc/test_doc.py" line="64" name="test_foo_fun[strange_ints[0]-strange_ints[1]]" time="0.0007281303405761719"></testcase><testcase classname="pytest_cases.tests.cases.doc.test_doc" file="pytest_cases/tests/cases/doc/test_doc.py" line="69" name="test_foo_fun_synthesis" time="0.004578828811645508"></testcase><testcase classname="pytest_cases.tests.cases.doc.test_doc" file="pytest_cases/tests/cases/doc/test_doc.py" line="77" name="test_foo_fun_list[0strange_ints[0]-strange_ints[1]]" time="0.0008282661437988281"></testcase><testcase classname="pytest_cases.tests.cases.doc.test_doc" file="pytest_cases/tests/cases/doc/test_doc.py" line="77" name="test_foo_fun_list[1strange_ints[0]-strange_ints[1]]" time="0.0008139610290527344"></testcase><testcase classname="pytest_cases.tests.cases.doc.test_doc" file="pytest_cases/tests/cases/doc/test_doc.py" line="82" name="test_foo_fun_list_synthesis" time="0.004474639892578125"></testcase><testcase classname="pytest_cases.tests.cases.doc.test_doc" file="pytest_cases/tests/cases/doc/test_doc.py" line="121" name="test_foo_cls[hello world[0]-hello world[1]]" time="0.0008852481842041016"></testcase><testcase classname="pytest_cases.tests.cases.doc.test_doc" file="pytest_cases/tests/cases/doc/test_doc.py" line="121" name="test_foo_cls[skipped[0]-skipped[1]]" time="0.0002884864807128906"><skipped message="unconditional skip" type="pytest.skip">pytest_cases/tests/cases/doc/test_doc.py:121: &lt;py._xmlgen.raw object at 0x7fcbdda570b8&gt;</skipped></testcase><testcase classname="pytest_cases.tests.cases.doc.test_doc" file="pytest_cases/tests/cases/doc/test_doc.py" line="121" name="test_foo_cls[two_negative_ints[0]-two_negative_ints[1]]" time="0.0008139610290527344"></testcase><testcase classname="pytest_cases.tests.cases.doc.test_doc" file="pytest_cases/tests/cases/doc/test_doc.py" line="126" name="test_foo_cls_synthesis" time="0.004322528839111328"></testcase><testcase classname="pytest_cases.tests.cases.doc.test_doc" file="pytest_cases/tests/cases/doc/test_doc.py" line="140" name="test_foo_cls_list[0hello world[0]-hello world[1]]" time="0.0007834434509277344"></testcase><testcase classname="pytest_cases.tests.cases.doc.test_doc" file="pytest_cases/tests/cases/doc/test_doc.py" line="140" name="test_foo_cls_list[1skipped[0]-skipped[1]]" time="0.0002765655517578125"><skipped message="unconditional skip" type="pytest.skip">pytest_cases/tests/cases/doc/test_doc.py:140: &lt;py._xmlgen.raw object at 0x7fcbdda57b38&gt;</skipped></testcase><testcase classname="pytest_cases.tests.cases.doc.test_doc" file="pytest_cases/tests/cases/doc/test_doc.py" line="140" name="test_foo_cls_list[2two_negative_ints[0]-two_negative_ints[1]]" time="0.0010211467742919922"></testcase><testcase classname="pytest_cases.tests.cases.doc.test_doc" file="pytest_cases/tests/cases/doc/test_doc.py" line="140" name="test_foo_cls_list[3strange_ints[0]-strange_ints[1]]" time="0.0007233619689941406"></testcase><testcase classname="pytest_cases.tests.cases.doc.test_doc" file="pytest_cases/tests/cases/doc/test_doc.py" line="140" name="test_foo_cls_list[4hello[0]-hello[1]]" time="0.0006957054138183594"></testcase><testcase classname="pytest_cases.tests.cases.doc.test_doc" file="pytest_cases/tests/cases/doc/test_doc.py" line="140" name="test_foo_cls_list[5skipped[0]-skipped[1]]" time="0.00024890899658203125"><skipped message="unconditional skip" type="pytest.skip">pytest_cases/tests/cases/doc/test_doc.py:140: &lt;py._xmlgen.raw object at 0x7fcbdda5b588&gt;</skipped></testcase><testcase classname="pytest_cases.tests.cases.doc.test_doc" file="pytest_cases/tests/cases/doc/test_doc.py" line="140" name="test_foo_cls_list[6two_negative_ints[0]-two_negative_ints[1]]" time="0.0007138252258300781"></testcase><testcase classname="pytest_cases.tests.cases.doc.test_doc" file="pytest_cases/tests/cases/doc/test_doc.py" line="140" name="test_foo_cls_list[7three_negative_ints[0]-three_negative_ints[1]]" time="0.000255584716796875"><skipped message="unconditional skip" type="pytest.skip">pytest_cases/tests/cases/doc/test_doc.py:140: &lt;py._xmlgen.raw object at 0x7fcbdda62898&gt;</skipped></testcase><testcase classname="pytest_cases.tests.cases.doc.test_doc" file="pytest_cases/tests/cases/doc/test_doc.py" line="140" name="test_foo_cls_list[8two_negative_ints[0]-two_negative_ints[1]]" time="0.0007004737854003906"></testcase><testcase classname="pytest_cases.tests.cases.doc.test_doc" file="pytest_cases/tests/cases/doc/test_doc.py" line="140" name="test_foo_cls_list[9hello world[0]-hello world[1]]" time="0.0007042884826660156"></testcase><testcase classname="pytest_cases.tests.cases.doc.test_doc" file="pytest_cases/tests/cases/doc/test_doc.py" line="140" name="test_foo_cls_list[10skipped[0]-skipped[1]]" time="0.0002532005310058594"><skipped message="unconditional skip" type="pytest.skip">pytest_cases/tests/cases/doc/test_doc.py:140: &lt;py._xmlgen.raw object at 0x7fcbdda62b38&gt;</skipped></testcase><testcase classname="pytest_cases.tests.cases.doc.test_doc" file="pytest_cases/tests/cases/doc/test_doc.py" line="140" name="test_foo_cls_list[11two_negative_ints[0]-two_negative_ints[1]]" time="0.0007045269012451172"></testcase><testcase classname="pytest_cases.tests.cases.doc.test_doc" file="pytest_cases/tests/cases/doc/test_doc.py" line="140" name="test_foo_cls_list[12two_positive_ints[0]-two_positive_ints[1]]" time="0.0009794235229492188"></testcase><testcase classname="pytest_cases.tests.cases.doc.test_doc" file="pytest_cases/tests/cases/doc/test_doc.py" line="140" name="test_foo_cls_list[13two_negative_ints[0]-two_negative_ints[1]]" time="0.000675201416015625"></testcase><testcase classname="pytest_cases.tests.cases.doc.test_doc" file="pytest_cases/tests/cases/doc/test_doc.py" line="145" name="test_foo_cls_list_synthesis" time="0.004841804504394531"></testcase><testcase classname="pytest_cases.tests.cases.doc.test_doc" file="pytest_cases/tests/cases/doc/test_doc.py" line="176" name="test_foo_parametrize_fixture[two_positive_ints]" time="0.0007371902465820312"></testcase><testcase classname="pytest_cases.tests.cases.doc.test_doc" file="pytest_cases/tests/cases/doc/test_doc.py" line="176" name="test_foo_parametrize_fixture[two_negative_ints]" time="0.0007145404815673828"></testcase><testcase classname="pytest_cases.tests.cases.doc.test_doc" file="pytest_cases/tests/cases/doc/test_doc.py" line="180" name="test_foo_parametrize_fixture_synthesis" time="0.004416942596435547"></testcase><testcase classname="pytest_cases.tests.cases.doc.test_doc_cache" file="pytest_cases/tests/cases/doc/test_doc_cache.py" line="26" name="test_caching[dummy-a=0-d=0]" time="0.0010082721710205078"></testcase><testcase classname="pytest_cases.tests.cases.doc.test_doc_cache" file="pytest_cases/tests/cases/doc/test_doc_cache.py" line="26" name="test_caching[dummy-a=0-d=1]" time="0.0008189678192138672"></testcase><testcase classname="pytest_cases.tests.cases.doc.test_doc_cache" file="pytest_cases/tests/cases/doc/test_doc_cache.py" line="26" name="test_caching[dummy-a=1-d=0]" time="0.000946044921875"></testcase><testcase classname="pytest_cases.tests.cases.doc.test_doc_cache" file="pytest_cases/tests/cases/doc/test_doc_cache.py" line="26" name="test_caching[dummy-a=1-d=1]" time="0.0020551681518554688"></testcase><testcase classname="pytest_cases.tests.cases.doc.test_doc_cache" file="pytest_cases/tests/cases/doc/test_doc_cache.py" line="32" name="test_synthesis" time="0.0046787261962890625"></testcase><testcase classname="pytest_cases.tests.cases.doc.test_doc_filters_n_tags" file="pytest_cases/tests/cases/doc/test_doc_filters_n_tags.py" line="10" name="test_default_pytest_order[bob-a]" time="0.0007042884826660156"></testcase><testcase classname="pytest_cases.tests.cases.doc.test_doc_filters_n_tags" file="pytest_cases/tests/cases/doc/test_doc_filters_n_tags.py" line="10" name="test_default_pytest_order[bob-b]" time="0.0006682872772216797"></testcase><testcase classname="pytest_cases.tests.cases.doc.test_doc_filters_n_tags" file="pytest_cases/tests/cases/doc/test_doc_filters_n_tags.py" line="41" name="test_with_data_non_param[bob-a]" time="0.0006909370422363281"></testcase><testcase classname="pytest_cases.tests.cases.doc.test_doc_filters_n_tags" file="pytest_cases/tests/cases/doc/test_doc_filters_n_tags.py" line="41" name="test_with_data_non_param[bob-b]" time="0.0009763240814208984"></testcase><testcase classname="pytest_cases.tests.cases.doc.test_doc_filters_n_tags" file="pytest_cases/tests/cases/doc/test_doc_filters_n_tags.py" line="48" name="test_with_data_param[a-bob]" time="0.000993490219116211"></testcase><testcase classname="pytest_cases.tests.cases.doc.test_doc_filters_n_tags" file="pytest_cases/tests/cases/doc/test_doc_filters_n_tags.py" line="48" name="test_with_data_param[b-True-bob]" time="0.001005411148071289"></testcase><testcase classname="pytest_cases.tests.cases.doc.test_doc_filters_n_tags" file="pytest_cases/tests/cases/doc/test_doc_filters_n_tags.py" line="48" name="test_with_data_param[b-False-bob]" time="0.0009725093841552734"></testcase><testcase classname="pytest_cases.tests.cases.doc.test_doc_filters_n_tags" file="pytest_cases/tests/cases/doc/test_doc_filters_n_tags.py" line="55" name="test_with_data_synthesis" time="0.0049991607666015625"></testcase><testcase classname="pytest_cases.tests.cases.doc.test_doc_filters_n_tags" file="pytest_cases/tests/cases/doc/test_doc_filters_n_tags.py" line="86" name="test_foo[one_positive_int]" time="0.0009188652038574219"></testcase><testcase classname="pytest_cases.tests.cases.doc.test_doc_filters_n_tags" file="pytest_cases/tests/cases/doc/test_doc_filters_n_tags.py" line="91" name="test_foo_fixtures_synthesis" time="0.0041408538818359375"></testcase><testcase classname="pytest_cases.tests.cases.doc.test_doc_filters_n_tags2" file="pytest_cases/tests/cases/doc/test_doc_filters_n_tags2.py" line="20" name="test_good_datasets[int_success]" time="0.0006277561187744141"></testcase><testcase classname="pytest_cases.tests.cases.doc.test_doc_filters_n_tags2" file="pytest_cases/tests/cases/doc/test_doc_filters_n_tags2.py" line="25" name="test_bad_datasets[negative_int_failure[0]-negative_int_failure[1]-negative_int_failure[2]]" time="0.007080793380737305"></testcase><testcase classname="pytest_cases.tests.cases.doc.test_doc_filters_n_tags2" file="pytest_cases/tests/cases/doc/test_doc_filters_n_tags2.py" line="31" name="test_synthesis" time="0.00506138801574707"></testcase><testcase classname="pytest_cases.tests.cases.doc.test_doc_filters_n_tags2" file="pytest_cases/tests/cases/doc/test_doc_filters_n_tags2.py" line="50" name="test_good_datasets2[int_success]" time="0.0009276866912841797"></testcase><testcase classname="pytest_cases.tests.cases.doc.test_doc_filters_n_tags2" file="pytest_cases/tests/cases/doc/test_doc_filters_n_tags2.py" line="55" name="test_bad_datasets2[negative_int_failure[0]-negative_int_failure[1]-negative_int_failure[2]]" time="0.0008771419525146484"></testcase><testcase classname="pytest_cases.tests.cases.doc.test_doc_filters_n_tags2" file="pytest_cases/tests/cases/doc/test_doc_filters_n_tags2.py" line="61" name="test_synthesis2" time="0.004529237747192383"></testcase><testcase classname="pytest_cases.tests.cases.doc.test_fixtures" file="pytest_cases/tests/cases/doc/test_fixtures.py" line="23" name="test_users[bob]" time="0.0011508464813232422"><system-out>this is test &apos;pytest_cases/tests/cases/doc/test_fixtures.py::test_users[bob]&apos;
</system-out></testcase><testcase classname="pytest_cases.tests.cases.doc.test_fixtures" file="pytest_cases/tests/cases/doc/test_fixtures.py" line="23" name="test_users[from_db-id=0]" time="0.0010561943054199219"><system-out>this is test &apos;pytest_cases/tests/cases/doc/test_fixtures.py::test_users[from_db-id=0]&apos;
</system-out></testcase><testcase classname="pytest_cases.tests.cases.doc.test_fixtures" file="pytest_cases/tests/cases/doc/test_fixtures.py" line="23" name="test_users[from_db-id=1]" time="0.0010161399841308594"><system-out>this is test &apos;pytest_cases/tests/cases/doc/test_fixtures.py::test_users[from_db-id=1]&apos;
</system-out></testcase><testcase classname="pytest_cases.tests.cases.doc.test_fixtures" file="pytest_cases/tests/cases/doc/test_fixtures.py" line="29" name="test_users_synthesis" time="0.004243373870849609"></testcase><testcase classname="pytest_cases.tests.cases.doc.test_generators" file="pytest_cases/tests/cases/doc/test_generators.py" line="23" name="test_foo[hello]" time="0.0009021759033203125"></testcase><testcase classname="pytest_cases.tests.cases.doc.test_generators" file="pytest_cases/tests/cases/doc/test_generators.py" line="23" name="test_foo[simple_generator-who=you]" time="0.0008797645568847656"></testcase><testcase classname="pytest_cases.tests.cases.doc.test_generators" file="pytest_cases/tests/cases/doc/test_generators.py" line="23" name="test_foo[simple_generator-who=there]" time="0.0005345344543457031"><skipped message="unconditional skip" type="pytest.skip">pytest_cases/tests/cases/doc/test_generators.py:23: &lt;py._xmlgen.raw object at 0x7fcbddaa2780&gt;</skipped></testcase><testcase classname="pytest_cases.tests.cases.doc.test_generators" file="pytest_cases/tests/cases/doc/test_generators.py" line="28" name="test_foo_synthesis" time="0.004119157791137695"></testcase><testcase classname="pytest_cases.tests.cases.doc.test_generators" file="pytest_cases/tests/cases/doc/test_generators.py" line="47" name="test_foo_multi[hello]" time="0.0009176731109619141"></testcase><testcase classname="pytest_cases.tests.cases.doc.test_generators" file="pytest_cases/tests/cases/doc/test_generators.py" line="47" name="test_foo_multi[simple_generator-a=5-who=you-b=5]" time="0.00025391578674316406"><skipped message="unconditional skip" type="pytest.skip">pytest_cases/tests/cases/doc/test_generators.py:47: &lt;py._xmlgen.raw object at 0x7fcbddaa7fd0&gt;</skipped></testcase><testcase classname="pytest_cases.tests.cases.doc.test_generators" file="pytest_cases/tests/cases/doc/test_generators.py" line="47" name="test_foo_multi[simple_generator-a=5-who=there-b=5]" time="0.0011799335479736328"></testcase><testcase classname="pytest_cases.tests.cases.doc.test_generators" file="pytest_cases/tests/cases/doc/test_generators.py" line="47" name="test_foo_multi[simple_generator-a=10-who=you-b=10]" time="0.0002486705780029297"><skipped message="unconditional skip" type="pytest.skip">pytest_cases/tests/cases/doc/test_generators.py:47: &lt;py._xmlgen.raw object at 0x7fcbdda92e10&gt;</skipped></testcase><testcase classname="pytest_cases.tests.cases.doc.test_generators" file="pytest_cases/tests/cases/doc/test_generators.py" line="47" name="test_foo_multi[simple_generator-a=10-who=there-b=10]" time="0.0008809566497802734"></testcase><testcase classname="pytest_cases.tests.cases.doc.test_generators" file="pytest_cases/tests/cases/doc/test_generators.py" line="53" name="test_foo_multi_synthesis" time="0.004189729690551758"></testcase><testcase classname="pytest_cases.tests.cases.doc.test_joss" file="pytest_cases/tests/cases/doc/test_joss.py" line="28" name="test_evaluation[a-a]" time="0.0014743804931640625"></testcase><testcase classname="pytest_cases.tests.cases.doc.test_joss" file="pytest_cases/tests/cases/doc/test_joss.py" line="28" name="test_evaluation[a-b-p=0]" time="0.0011653900146484375"></testcase><testcase classname="pytest_cases.tests.cases.doc.test_joss" file="pytest_cases/tests/cases/doc/test_joss.py" line="28" name="test_evaluation[a-b-p=1]" time="0.0011889934539794922"></testcase><testcase classname="pytest_cases.tests.cases.doc.test_parametrize_alt" file="pytest_cases/tests/cases/doc/test_parametrize_alt.py" line="16" name="test_argnames_as_list[sum_one_plus_two[0]-sum_one_plus_two[1]-sum_one_plus_two[2]]" time="0.0008065700531005859"></testcase><testcase classname="pytest_cases.tests.cases.doc.test_parametrize_alt" file="pytest_cases/tests/cases/doc/test_parametrize_alt.py" line="21" name="test_argnames_as_tuple[sum_one_plus_two[0]-sum_one_plus_two[1]-sum_one_plus_two[2]]" time="0.0007770061492919922"></testcase><testcase classname="pytest_cases.tests.cases.doc.test_parametrize_alt" file="pytest_cases/tests/cases/doc/test_parametrize_alt.py" line="26" name="test_argnames_from_invalid_type" time="0.001249074935913086"></testcase><testcase classname="pytest_cases.tests.cases.doc.test_parametrize_alt" file="pytest_cases/tests/cases/doc/test_parametrize_alt.py" line="33" name="test_argnames_element_from_invalid_type" time="0.0009224414825439453"></testcase><testcase classname="pytest_cases.tests.cases.issues.test_issue_117" file="&lt;makefun-gen-63&gt;" line="0" name="test_something[case-case]" time="0.0011532306671142578"></testcase><testcase classname="pytest_cases.tests.cases.issues.test_issue_125" file="pytest_cases/tests/cases/issues/test_issue_125.py" line="37" name="test[one]" time="0.0011806488037109375"></testcase><testcase classname="pytest_cases.tests.cases.issues.test_issue_125" file="pytest_cases/tests/cases/issues/test_issue_125.py" line="37" name="test[two]" time="0.001104593276977539"></testcase><testcase classname="pytest_cases.tests.cases.issues.test_issue_125" file="pytest_cases/tests/cases/issues/test_issue_125.py" line="37" name="test[three]" time="0.0013747215270996094"></testcase><testcase classname="pytest_cases.tests.cases.issues.test_issue_126" file="pytest_cases/tests/cases/issues/test_issue_126.py" line="31" name="test_functionality[0_requirement_1]" time="0.0011508464813232422"></testcase><testcase classname="pytest_cases.tests.cases.issues.test_issue_126" file="pytest_cases/tests/cases/issues/test_issue_126.py" line="31" name="test_functionality[1_requirement_2]" time="0.0010924339294433594"></testcase><testcase classname="pytest_cases.tests.cases.issues.test_issue_126" file="pytest_cases/tests/cases/issues/test_issue_126.py" line="31" name="test_functionality[2_requirement_1]" time="0.0011320114135742188"></testcase><testcase classname="pytest_cases.tests.cases.issues.test_issue_126" file="pytest_cases/tests/cases/issues/test_issue_126.py" line="31" name="test_functionality[3_requirement_2]" time="0.001422882080078125"></testcase><testcase classname="pytest_cases.tests.cases.issues.test_issue_126" file="pytest_cases/tests/cases/issues/test_issue_126.py" line="36" name="test_functionality_again[0_requirement_1]" time="0.0010809898376464844"></testcase><testcase classname="pytest_cases.tests.cases.issues.test_issue_126" file="pytest_cases/tests/cases/issues/test_issue_126.py" line="36" name="test_functionality_again[1_requirement_2]" time="0.0011060237884521484"></testcase><testcase classname="pytest_cases.tests.cases.issues.test_issue_126" file="pytest_cases/tests/cases/issues/test_issue_126.py" line="36" name="test_functionality_again[2_requirement_1]" time="0.001096963882446289"></testcase><testcase classname="pytest_cases.tests.cases.issues.test_issue_126" file="pytest_cases/tests/cases/issues/test_issue_126.py" line="36" name="test_functionality_again[3_requirement_2]" time="0.0014972686767578125"></testcase><testcase classname="pytest_cases.tests.cases.issues.test_issue_126.TestNested" file="pytest_cases/tests/cases/issues/test_issue_126.py" line="42" name="test_functionality_again2[0_requirement_1]" time="0.0011529922485351562"></testcase><testcase classname="pytest_cases.tests.cases.issues.test_issue_126.TestNested" file="pytest_cases/tests/cases/issues/test_issue_126.py" line="42" name="test_functionality_again2[1_requirement_2]" time="0.0011663436889648438"></testcase><testcase classname="pytest_cases.tests.cases.issues.test_issue_126.TestNested" file="pytest_cases/tests/cases/issues/test_issue_126.py" line="42" name="test_functionality_again2[2_requirement_1]" time="0.0011646747589111328"></testcase><testcase classname="pytest_cases.tests.cases.issues.test_issue_126.TestNested" file="pytest_cases/tests/cases/issues/test_issue_126.py" line="42" name="test_functionality_again2[3_requirement_2]" time="0.0011715888977050781"></testcase><testcase classname="pytest_cases.tests.cases.issues.test_issue_126" file="pytest_cases/tests/cases/issues/test_issue_126.py" line="63" name="test_synthesis" time="0.005402565002441406"></testcase><testcase classname="pytest_cases.tests.cases.issues.test_issue_128" file="pytest_cases/tests/cases/issues/test_issue_128.py" line="7" name="test[one]" time="0.0009438991546630859"></testcase><testcase classname="pytest_cases.tests.cases.issues.test_issue_128_2" file="pytest_cases/tests/cases/issues/test_issue_128_2.py" line="16" name="test_this_is_failing[one]" time="0.0009982585906982422"></testcase><testcase classname="pytest_cases.tests.cases.issues.test_issue_128_2" file="pytest_cases/tests/cases/issues/test_issue_128_2.py" line="16" name="test_this_is_failing[two]" time="0.0010380744934082031"></testcase><testcase classname="pytest_cases.tests.cases.issues.test_issue_142" file="pytest_cases/tests/cases/issues/test_issue_142.py" line="11" name="test_empty_prefix[&lt;empty_case_id&gt;-1]" time="0.0007805824279785156"></testcase><testcase classname="pytest_cases.tests.cases.issues.test_issue_142" file="pytest_cases/tests/cases/issues/test_issue_142.py" line="11" name="test_empty_prefix[&lt;empty_case_id&gt;-0]" time="0.0007932186126708984"></testcase><testcase classname="pytest_cases.tests.cases.issues.test_issue_142" file="pytest_cases/tests/cases/issues/test_issue_142.py" line="11" name="test_empty_prefix[&lt;empty_case_id&gt;--1]" time="0.0007476806640625"></testcase><testcase classname="pytest_cases.tests.cases.issues.test_issue_142" file="pytest_cases/tests/cases/issues/test_issue_142.py" line="27" name="test_empty_caseid_both[test_empty_caseid_both_dummy_amount0]" time="0.0008518695831298828"></testcase><testcase classname="pytest_cases.tests.cases.issues.test_issue_142" file="pytest_cases/tests/cases/issues/test_issue_142.py" line="27" name="test_empty_caseid_both[_-1]" time="0.0008897781372070312"></testcase><testcase classname="pytest_cases.tests.cases.issues.test_issue_142" file="pytest_cases/tests/cases/issues/test_issue_142.py" line="32" name="test_synthesis" time="0.004568338394165039"></testcase><testcase classname="pytest_cases.tests.cases.issues.test_issue_142_2" file="pytest_cases/tests/cases/issues/test_issue_142_2.py" line="8" name="test_foo[1-b0]" time="0.0006563663482666016"></testcase><testcase classname="pytest_cases.tests.cases.issues.test_issue_142_2" file="pytest_cases/tests/cases/issues/test_issue_142_2.py" line="8" name="test_foo[case_dumb[0]-case_dumb[1]]" time="0.0007276535034179688"></testcase><testcase classname="pytest_cases.tests.cases.issues.test_issue_142_2" file="pytest_cases/tests/cases/issues/test_issue_142_2.py" line="13" name="test_tuples_no_id[dumb[0]-dumb[1]]" time="0.0007061958312988281"></testcase><testcase classname="pytest_cases.tests.cases.issues.test_issue_142_2" file="pytest_cases/tests/cases/issues/test_issue_142_2.py" line="21" name="test_foo2[hello]" time="0.0006968975067138672"></testcase><testcase classname="pytest_cases.tests.cases.issues.test_issue_142_2" file="pytest_cases/tests/cases/issues/test_issue_142_2.py" line="21" name="test_foo2[world]" time="0.0006778240203857422"></testcase><testcase classname="pytest_cases.tests.cases.issues.test_issue_142_2" file="pytest_cases/tests/cases/issues/test_issue_142_2.py" line="30" name="test_tuples[hello]" time="0.0006852149963378906"></testcase><testcase classname="pytest_cases.tests.cases.issues.test_issue_142_2" file="pytest_cases/tests/cases/issues/test_issue_142_2.py" line="35" name="test_synthesis" time="0.004655599594116211"></testcase><testcase classname="pytest_cases.tests.cases.issues.test_issue_151" file="pytest_cases/tests/cases/issues/test_issue_151.py" line="22" name="test_create_fixture_idstyle_explicit[(inputs,request_data)/simple]" time="0.0008776187896728516"></testcase><testcase classname="pytest_cases.tests.cases.issues.test_issue_151" file="pytest_cases/tests/cases/issues/test_issue_151.py" line="27" name="test_create_fixture_ids_generator[custom{0}]" time="0.001184701919555664"></testcase><testcase classname="pytest_cases.tests.cases.issues.test_issue_151" file="pytest_cases/tests/cases/issues/test_issue_151.py" line="37" name="test_create_fixture_ids_callable[hello_simple]" time="0.0008881092071533203"></testcase><testcase classname="pytest_cases.tests.cases.issues.test_issue_151" file="pytest_cases/tests/cases/issues/test_issue_151.py" line="42" name="test_create_fixture_ids_callable_str[(inputs,request_data)/P0F/simple]" time="0.0008063316345214844"></testcase><testcase classname="pytest_cases.tests.cases.issues.test_issue_151" file="pytest_cases/tests/cases/issues/test_issue_151.py" line="47" name="test_create_fixture_idstyle_compact[/simple]" time="0.0008089542388916016"></testcase><testcase classname="pytest_cases.tests.cases.issues.test_issue_151" file="pytest_cases/tests/cases/issues/test_issue_151.py" line="52" name="test_create_fixture_idstyle_none[simple]" time="0.0008192062377929688"></testcase><testcase classname="pytest_cases.tests.cases.issues.test_issue_151" file="pytest_cases/tests/cases/issues/test_issue_151.py" line="64" name="test_create_no_fixture_idstyle_explicit[simple[0]-simple[1]]" time="0.001020669937133789"></testcase><testcase classname="pytest_cases.tests.cases.issues.test_issue_151" file="pytest_cases/tests/cases/issues/test_issue_151.py" line="69" name="test_create_no_fixture_ids_generator[custom{0}]" time="0.0006916522979736328"></testcase><testcase classname="pytest_cases.tests.cases.issues.test_issue_151" file="pytest_cases/tests/cases/issues/test_issue_151.py" line="74" name="test_create_no_fixture_ids_callable[hello_simple]" time="0.0006687641143798828"></testcase><testcase classname="pytest_cases.tests.cases.issues.test_issue_151" file="pytest_cases/tests/cases/issues/test_issue_151.py" line="79" name="test_create_no_fixture_idstyle_compact[simple[0]-simple[1]]" time="0.0007021427154541016"></testcase><testcase classname="pytest_cases.tests.cases.issues.test_issue_151" file="pytest_cases/tests/cases/issues/test_issue_151.py" line="84" name="test_create_no_fixture_idstyle_none[simple[0]-simple[1]]" time="0.0006966590881347656"></testcase><testcase classname="pytest_cases.tests.cases.issues.test_issue_151" file="pytest_cases/tests/cases/issues/test_issue_151.py" line="89" name="test_synthesis" time="0.0052263736724853516"></testcase><testcase classname="pytest_cases.tests.cases.issues.test_issue_152" file="pytest_cases/tests/cases/issues/test_issue_152.py" line="24" name="test_uses_fixture[first]" time="0.0010428428649902344"></testcase><testcase classname="pytest_cases.tests.cases.issues.test_issue_152" file="pytest_cases/tests/cases/issues/test_issue_152.py" line="24" name="test_uses_fixture[second]" time="0.0010180473327636719"></testcase><testcase classname="pytest_cases.tests.cases.issues.test_issue_154.TestTuples" file="pytest_cases/tests/cases/issues/test_issue_154.py" line="104" name="test_create_tuple_idstyle_explicit[(inputs,request_data)/single]" time="0.0018839836120605469"></testcase><testcase classname="pytest_cases.tests.cases.issues.test_issue_154.TestTuples" file="pytest_cases/tests/cases/issues/test_issue_154.py" line="104" name="test_create_tuple_idstyle_explicit[(inputs,request_data)/fixref]" time="0.0016639232635498047"></testcase><testcase classname="pytest_cases.tests.cases.issues.test_issue_154.TestTuples" file="pytest_cases/tests/cases/issues/test_issue_154.py" line="104" name="test_create_tuple_idstyle_explicit[(inputs,request_data)/single_marked_skipped]" time="0.00027370452880859375"><skipped message="&lt;unprintable Skipped object&gt;" type="pytest.skip">pytest_cases/tests/cases/issues/test_issue_154.py:104: &lt;py._xmlgen.raw object at 0x7fcbdda25048&gt;</skipped></testcase><testcase classname="pytest_cases.tests.cases.issues.test_issue_154.TestTuples" file="pytest_cases/tests/cases/issues/test_issue_154.py" line="104" name="test_create_tuple_idstyle_explicit[(inputs,request_data)/fixref_marked_skipped]" time="0.0002663135528564453"><skipped message="&lt;unprintable Skipped object&gt;" type="pytest.skip">pytest_cases/tests/cases/issues/test_issue_154.py:104: &lt;py._xmlgen.raw object at 0x7fcbdda39d30&gt;</skipped></testcase><testcase classname="pytest_cases.tests.cases.issues.test_issue_154.TestTuples" file="pytest_cases/tests/cases/issues/test_issue_154.py" line="104" name="test_create_tuple_idstyle_explicit[(inputs,request_data)/P4:6-multi1]" time="0.0020983219146728516"></testcase><testcase classname="pytest_cases.tests.cases.issues.test_issue_154.TestTuples" file="pytest_cases/tests/cases/issues/test_issue_154.py" line="104" name="test_create_tuple_idstyle_explicit[(inputs,request_data)/P4:6-multi2_marked_skipped]" time="0.000255584716796875"><skipped message="&lt;unprintable Skipped object&gt;" type="pytest.skip">pytest_cases/tests/cases/issues/test_issue_154.py:104: &lt;py._xmlgen.raw object at 0x7fcbdda312b0&gt;</skipped></testcase><testcase classname="pytest_cases.tests.cases.issues.test_issue_154.TestTuples" file="pytest_cases/tests/cases/issues/test_issue_154.py" line="104" name="test_create_tuple_idstyle_explicit[(inputs,request_data)/fixref_target_is_parametrized-0]" time="0.001730203628540039"></testcase><testcase classname="pytest_cases.tests.cases.issues.test_issue_154.TestTuples" file="pytest_cases/tests/cases/issues/test_issue_154.py" line="104" name="test_create_tuple_idstyle_explicit[(inputs,request_data)/single_parametrized_lazy-foo]" time="0.0017995834350585938"></testcase><testcase classname="pytest_cases.tests.cases.issues.test_issue_154.TestTuples" file="pytest_cases/tests/cases/issues/test_issue_154.py" line="104" name="test_create_tuple_idstyle_explicit[(inputs,request_data)/fixref_target_is_parametrized_marked_skipped-0]" time="0.0003020763397216797"><skipped message="&lt;unprintable Skipped object&gt;" type="pytest.skip">pytest_cases/tests/cases/issues/test_issue_154.py:104: &lt;py._xmlgen.raw object at 0x7fcbdda25e80&gt;</skipped></testcase><testcase classname="pytest_cases.tests.cases.issues.test_issue_154.TestTuples" file="pytest_cases/tests/cases/issues/test_issue_154.py" line="104" name="test_create_tuple_idstyle_explicit[(inputs,request_data)/single_parametrized_lazy_value_target_is_skipped-bar]" time="0.00024771690368652344"><skipped message="unconditional skip" type="pytest.skip">pytest_cases/tests/cases/issues/test_issue_154.py:104: &lt;py._xmlgen.raw object at 0x7fcbdda3f7b8&gt;</skipped></testcase><testcase classname="pytest_cases.tests.cases.issues.test_issue_154.TestTuples" file="pytest_cases/tests/cases/issues/test_issue_154.py" line="109" name="test_create_tuple_idstyle_compact[/single]" time="0.0017466545104980469"></testcase><testcase classname="pytest_cases.tests.cases.issues.test_issue_154.TestTuples" file="pytest_cases/tests/cases/issues/test_issue_154.py" line="109" name="test_create_tuple_idstyle_compact[/fixref]" time="0.0017092227935791016"></testcase><testcase classname="pytest_cases.tests.cases.issues.test_issue_154.TestTuples" file="pytest_cases/tests/cases/issues/test_issue_154.py" line="109" name="test_create_tuple_idstyle_compact[/single_marked_skipped]" time="0.0002551078796386719"><skipped message="&lt;unprintable Skipped object&gt;" type="pytest.skip">pytest_cases/tests/cases/issues/test_issue_154.py:109: &lt;py._xmlgen.raw object at 0x7fcbdda13710&gt;</skipped></testcase><testcase classname="pytest_cases.tests.cases.issues.test_issue_154.TestTuples" file="pytest_cases/tests/cases/issues/test_issue_154.py" line="109" name="test_create_tuple_idstyle_compact[/fixref_marked_skipped]" time="0.00025272369384765625"><skipped message="&lt;unprintable Skipped object&gt;" type="pytest.skip">pytest_cases/tests/cases/issues/test_issue_154.py:109: &lt;py._xmlgen.raw object at 0x7fcbdda4a588&gt;</skipped></testcase><testcase classname="pytest_cases.tests.cases.issues.test_issue_154.TestTuples" file="pytest_cases/tests/cases/issues/test_issue_154.py" line="109" name="test_create_tuple_idstyle_compact[/P4:6-multi1]" time="0.0017418861389160156"></testcase><testcase classname="pytest_cases.tests.cases.issues.test_issue_154.TestTuples" file="pytest_cases/tests/cases/issues/test_issue_154.py" line="109" name="test_create_tuple_idstyle_compact[/P4:6-multi2_marked_skipped]" time="0.0002734661102294922"><skipped message="&lt;unprintable Skipped object&gt;" type="pytest.skip">pytest_cases/tests/cases/issues/test_issue_154.py:109: &lt;py._xmlgen.raw object at 0x7fcbdda4a2b0&gt;</skipped></testcase><testcase classname="pytest_cases.tests.cases.issues.test_issue_154.TestTuples" file="pytest_cases/tests/cases/issues/test_issue_154.py" line="109" name="test_create_tuple_idstyle_compact[/fixref_target_is_parametrized-0]" time="0.0017404556274414062"></testcase><testcase classname="pytest_cases.tests.cases.issues.test_issue_154.TestTuples" file="pytest_cases/tests/cases/issues/test_issue_154.py" line="109" name="test_create_tuple_idstyle_compact[/single_parametrized_lazy-foo]" time="0.0017750263214111328"></testcase><testcase classname="pytest_cases.tests.cases.issues.test_issue_154.TestTuples" file="pytest_cases/tests/cases/issues/test_issue_154.py" line="109" name="test_create_tuple_idstyle_compact[/fixref_target_is_parametrized_marked_skipped-0]" time="0.0002663135528564453"><skipped message="&lt;unprintable Skipped object&gt;" type="pytest.skip">pytest_cases/tests/cases/issues/test_issue_154.py:109: &lt;py._xmlgen.raw object at 0x7fcbdd9d3588&gt;</skipped></testcase><testcase classname="pytest_cases.tests.cases.issues.test_issue_154.TestTuples" file="pytest_cases/tests/cases/issues/test_issue_154.py" line="109" name="test_create_tuple_idstyle_compact[/single_parametrized_lazy_value_target_is_skipped-bar]" time="0.00122833251953125"><skipped message="unconditional skip" type="pytest.skip">pytest_cases/tests/cases/issues/test_issue_154.py:109: &lt;py._xmlgen.raw object at 0x7fcbdd9cf908&gt;</skipped></testcase><testcase classname="pytest_cases.tests.cases.issues.test_issue_154.TestTuples" file="pytest_cases/tests/cases/issues/test_issue_154.py" line="114" name="test_create_tuple_idstyle_none[single]" time="0.0017242431640625"></testcase><testcase classname="pytest_cases.tests.cases.issues.test_issue_154.TestTuples" file="pytest_cases/tests/cases/issues/test_issue_154.py" line="114" name="test_create_tuple_idstyle_none[fixref]" time="0.0016765594482421875"></testcase><testcase classname="pytest_cases.tests.cases.issues.test_issue_154.TestTuples" file="pytest_cases/tests/cases/issues/test_issue_154.py" line="114" name="test_create_tuple_idstyle_none[single_marked_skipped]" time="0.0002624988555908203"><skipped message="&lt;unprintable Skipped object&gt;" type="pytest.skip">pytest_cases/tests/cases/issues/test_issue_154.py:114: &lt;py._xmlgen.raw object at 0x7fcbdd9d3c50&gt;</skipped></testcase><testcase classname="pytest_cases.tests.cases.issues.test_issue_154.TestTuples" file="pytest_cases/tests/cases/issues/test_issue_154.py" line="114" name="test_create_tuple_idstyle_none[fixref_marked_skipped]" time="0.0008580684661865234"><skipped message="&lt;unprintable Skipped object&gt;" type="pytest.skip">pytest_cases/tests/cases/issues/test_issue_154.py:114: &lt;py._xmlgen.raw object at 0x7fcbdda0f470&gt;</skipped></testcase><testcase classname="pytest_cases.tests.cases.issues.test_issue_154.TestTuples" file="pytest_cases/tests/cases/issues/test_issue_154.py" line="114" name="test_create_tuple_idstyle_none[multi1]" time="0.005127668380737305"></testcase><testcase classname="pytest_cases.tests.cases.issues.test_issue_154.TestTuples" file="pytest_cases/tests/cases/issues/test_issue_154.py" line="114" name="test_create_tuple_idstyle_none[multi2_marked_skipped]" time="0.0014841556549072266"><skipped message="&lt;unprintable Skipped object&gt;" type="pytest.skip">pytest_cases/tests/cases/issues/test_issue_154.py:114: &lt;py._xmlgen.raw object at 0x7fcbddd99278&gt;</skipped></testcase><testcase classname="pytest_cases.tests.cases.issues.test_issue_154.TestTuples" file="pytest_cases/tests/cases/issues/test_issue_154.py" line="114" name="test_create_tuple_idstyle_none[fixref_target_is_parametrized-0]" time="0.005297660827636719"></testcase><testcase classname="pytest_cases.tests.cases.issues.test_issue_154.TestTuples" file="pytest_cases/tests/cases/issues/test_issue_154.py" line="114" name="test_create_tuple_idstyle_none[single_parametrized_lazy-foo]" time="0.004652500152587891"></testcase><testcase classname="pytest_cases.tests.cases.issues.test_issue_154.TestTuples" file="pytest_cases/tests/cases/issues/test_issue_154.py" line="114" name="test_create_tuple_idstyle_none[fixref_target_is_parametrized_marked_skipped-0]" time="0.0007345676422119141"><skipped message="&lt;unprintable Skipped object&gt;" type="pytest.skip">pytest_cases/tests/cases/issues/test_issue_154.py:114: &lt;py._xmlgen.raw object at 0x7fcbdd9d7d68&gt;</skipped></testcase><testcase classname="pytest_cases.tests.cases.issues.test_issue_154.TestTuples" file="pytest_cases/tests/cases/issues/test_issue_154.py" line="114" name="test_create_tuple_idstyle_none[single_parametrized_lazy_value_target_is_skipped-bar]" time="0.0006635189056396484"><skipped message="unconditional skip" type="pytest.skip">pytest_cases/tests/cases/issues/test_issue_154.py:114: &lt;py._xmlgen.raw object at 0x7fcbdda0f3c8&gt;</skipped></testcase><testcase classname="pytest_cases.tests.cases.issues.test_issue_154.TestTuples" file="pytest_cases/tests/cases/issues/test_issue_154.py" line="119" name="test_create_tuple_idstyle_mygen[M(inputs,request_data)/P0/single]" time="0.00534510612487793"></testcase><testcase classname="pytest_cases.tests.cases.issues.test_issue_154.TestTuples" file="pytest_cases/tests/cases/issues/test_issue_154.py" line="119" name="test_create_tuple_idstyle_mygen[M(inputs,request_data)/P1F/fixref]" time="0.005700588226318359"></testcase><testcase classname="pytest_cases.tests.cases.issues.test_issue_154.TestTuples" file="pytest_cases/tests/cases/issues/test_issue_154.py" line="119" name="test_create_tuple_idstyle_mygen[M(inputs,request_data)/P2/single_marked_skipped]" time="0.00078582763671875"><skipped message="&lt;unprintable Skipped object&gt;" type="pytest.skip">pytest_cases/tests/cases/issues/test_issue_154.py:119: &lt;py._xmlgen.raw object at 0x7fcbdd9df208&gt;</skipped></testcase><testcase classname="pytest_cases.tests.cases.issues.test_issue_154.TestTuples" file="pytest_cases/tests/cases/issues/test_issue_154.py" line="119" name="test_create_tuple_idstyle_mygen[M(inputs,request_data)/P3F/fixref_marked_skipped]" time="0.0007829666137695312"><skipped message="&lt;unprintable Skipped object&gt;" type="pytest.skip">pytest_cases/tests/cases/issues/test_issue_154.py:119: &lt;py._xmlgen.raw object at 0x7fcbdd9cfeb8&gt;</skipped></testcase><testcase classname="pytest_cases.tests.cases.issues.test_issue_154.TestTuples" file="pytest_cases/tests/cases/issues/test_issue_154.py" line="119" name="test_create_tuple_idstyle_mygen[M(inputs,request_data)/P4:6/-multi1]" time="0.0058209896087646484"></testcase><testcase classname="pytest_cases.tests.cases.issues.test_issue_154.TestTuples" file="pytest_cases/tests/cases/issues/test_issue_154.py" line="119" name="test_create_tuple_idstyle_mygen[M(inputs,request_data)/P4:6/-multi2_marked_skipped]" time="0.0009391307830810547"><skipped message="&lt;unprintable Skipped object&gt;" type="pytest.skip">pytest_cases/tests/cases/issues/test_issue_154.py:119: &lt;py._xmlgen.raw object at 0x7fcbdd9eb390&gt;</skipped></testcase><testcase classname="pytest_cases.tests.cases.issues.test_issue_154.TestTuples" file="pytest_cases/tests/cases/issues/test_issue_154.py" line="119" name="test_create_tuple_idstyle_mygen[M(inputs,request_data)/P6F/fixref_target_is_parametrized-0]" time="0.004982471466064453"></testcase><testcase classname="pytest_cases.tests.cases.issues.test_issue_154.TestTuples" file="pytest_cases/tests/cases/issues/test_issue_154.py" line="119" name="test_create_tuple_idstyle_mygen[M(inputs,request_data)/P7F/single_parametrized_lazy-foo]" time="0.0032393932342529297"></testcase><testcase classname="pytest_cases.tests.cases.issues.test_issue_154.TestTuples" file="pytest_cases/tests/cases/issues/test_issue_154.py" line="119" name="test_create_tuple_idstyle_mygen[M(inputs,request_data)/P8F/fixref_target_is_parametrized_marked_skipped-0]" time="0.0005295276641845703"><skipped message="&lt;unprintable Skipped object&gt;" type="pytest.skip">pytest_cases/tests/cases/issues/test_issue_154.py:119: &lt;py._xmlgen.raw object at 0x7fcbdd9ebbe0&gt;</skipped></testcase><testcase classname="pytest_cases.tests.cases.issues.test_issue_154.TestTuples" file="pytest_cases/tests/cases/issues/test_issue_154.py" line="119" name="test_create_tuple_idstyle_mygen[M(inputs,request_data)/P9F/single_parametrized_lazy_value_target_is_skipped-bar]" time="0.0007219314575195312"><skipped message="unconditional skip" type="pytest.skip">pytest_cases/tests/cases/issues/test_issue_154.py:119: &lt;py._xmlgen.raw object at 0x7fcbdd9ebba8&gt;</skipped></testcase><testcase classname="pytest_cases.tests.cases.issues.test_issue_154.TestTuples" file="pytest_cases/tests/cases/issues/test_issue_154.py" line="124" name="test_create_tuple_ids_list[0]" time="0.004952192306518555"></testcase><testcase classname="pytest_cases.tests.cases.issues.test_issue_154.TestTuples" file="pytest_cases/tests/cases/issues/test_issue_154.py" line="124" name="test_create_tuple_ids_list[1]" time="0.004977703094482422"></testcase><testcase classname="pytest_cases.tests.cases.issues.test_issue_154.TestTuples" file="pytest_cases/tests/cases/issues/test_issue_154.py" line="124" name="test_create_tuple_ids_list[2]" time="0.0006546974182128906"><skipped message="&lt;unprintable Skipped object&gt;" type="pytest.skip">pytest_cases/tests/cases/issues/test_issue_154.py:124: &lt;py._xmlgen.raw object at 0x7fcbdd9f70b8&gt;</skipped></testcase><testcase classname="pytest_cases.tests.cases.issues.test_issue_154.TestTuples" file="pytest_cases/tests/cases/issues/test_issue_154.py" line="124" name="test_create_tuple_ids_list[3]" time="0.0013511180877685547"><skipped message="&lt;unprintable Skipped object&gt;" type="pytest.skip">pytest_cases/tests/cases/issues/test_issue_154.py:124: &lt;py._xmlgen.raw object at 0x7fcbdd9f2a20&gt;</skipped></testcase><testcase classname="pytest_cases.tests.cases.issues.test_issue_154.TestTuples" file="pytest_cases/tests/cases/issues/test_issue_154.py" line="124" name="test_create_tuple_ids_list[4]" time="0.004768848419189453"></testcase><testcase classname="pytest_cases.tests.cases.issues.test_issue_154.TestTuples" file="pytest_cases/tests/cases/issues/test_issue_154.py" line="124" name="test_create_tuple_ids_list[5]" time="0.0005140304565429688"><skipped message="&lt;unprintable Skipped object&gt;" type="pytest.skip">pytest_cases/tests/cases/issues/test_issue_154.py:124: &lt;py._xmlgen.raw object at 0x7fcbdd9f7898&gt;</skipped></testcase><testcase classname="pytest_cases.tests.cases.issues.test_issue_154.TestTuples" file="pytest_cases/tests/cases/issues/test_issue_154.py" line="124" name="test_create_tuple_ids_list[6-0]" time="0.0048563480377197266"></testcase><testcase classname="pytest_cases.tests.cases.issues.test_issue_154.TestTuples" file="pytest_cases/tests/cases/issues/test_issue_154.py" line="124" name="test_create_tuple_ids_list[7-foo]" time="0.004837751388549805"></testcase><testcase classname="pytest_cases.tests.cases.issues.test_issue_154.TestTuples" file="pytest_cases/tests/cases/issues/test_issue_154.py" line="124" name="test_create_tuple_ids_list[8-0]" time="0.0007212162017822266"><skipped message="&lt;unprintable Skipped object&gt;" type="pytest.skip">pytest_cases/tests/cases/issues/test_issue_154.py:124: &lt;py._xmlgen.raw object at 0x7fcbdd9fd400&gt;</skipped></testcase><testcase classname="pytest_cases.tests.cases.issues.test_issue_154.TestTuples" file="pytest_cases/tests/cases/issues/test_issue_154.py" line="124" name="test_create_tuple_ids_list[9-bar]" time="0.0007808208465576172"><skipped message="unconditional skip" type="pytest.skip">pytest_cases/tests/cases/issues/test_issue_154.py:124: &lt;py._xmlgen.raw object at 0x7fcbdd9fdf28&gt;</skipped></testcase><testcase classname="pytest_cases.tests.cases.issues.test_issue_154.TestTuples" file="pytest_cases/tests/cases/issues/test_issue_154.py" line="129" name="test_create_tuple_ids_list_style[/0]" time="0.005387544631958008"></testcase><testcase classname="pytest_cases.tests.cases.issues.test_issue_154.TestTuples" file="pytest_cases/tests/cases/issues/test_issue_154.py" line="129" name="test_create_tuple_ids_list_style[/1]" time="0.004959583282470703"></testcase><testcase classname="pytest_cases.tests.cases.issues.test_issue_154.TestTuples" file="pytest_cases/tests/cases/issues/test_issue_154.py" line="129" name="test_create_tuple_ids_list_style[/2]" time="0.0007100105285644531"><skipped message="&lt;unprintable Skipped object&gt;" type="pytest.skip">pytest_cases/tests/cases/issues/test_issue_154.py:129: &lt;py._xmlgen.raw object at 0x7fcbdda01400&gt;</skipped></testcase><testcase classname="pytest_cases.tests.cases.issues.test_issue_154.TestTuples" file="pytest_cases/tests/cases/issues/test_issue_154.py" line="129" name="test_create_tuple_ids_list_style[/3]" time="0.0005788803100585938"><skipped message="&lt;unprintable Skipped object&gt;" type="pytest.skip">pytest_cases/tests/cases/issues/test_issue_154.py:129: &lt;py._xmlgen.raw object at 0x7fcbdda05128&gt;</skipped></testcase><testcase classname="pytest_cases.tests.cases.issues.test_issue_154.TestTuples" file="pytest_cases/tests/cases/issues/test_issue_154.py" line="129" name="test_create_tuple_ids_list_style[/P4:6-4]" time="0.002765655517578125"></testcase><testcase classname="pytest_cases.tests.cases.issues.test_issue_154.TestTuples" file="pytest_cases/tests/cases/issues/test_issue_154.py" line="129" name="test_create_tuple_ids_list_style[/P4:6-5]" time="0.0010402202606201172"><skipped message="&lt;unprintable Skipped object&gt;" type="pytest.skip">pytest_cases/tests/cases/issues/test_issue_154.py:129: &lt;py._xmlgen.raw object at 0x7fcbdda01668&gt;</skipped></testcase><testcase classname="pytest_cases.tests.cases.issues.test_issue_154.TestTuples" file="pytest_cases/tests/cases/issues/test_issue_154.py" line="129" name="test_create_tuple_ids_list_style[/6-0]" time="0.0027954578399658203"></testcase><testcase classname="pytest_cases.tests.cases.issues.test_issue_154.TestTuples" file="pytest_cases/tests/cases/issues/test_issue_154.py" line="129" name="test_create_tuple_ids_list_style[/7-foo]" time="0.005505561828613281"></testcase><testcase classname="pytest_cases.tests.cases.issues.test_issue_154.TestTuples" file="pytest_cases/tests/cases/issues/test_issue_154.py" line="129" name="test_create_tuple_ids_list_style[/8-0]" time="0.0007278919219970703"><skipped message="&lt;unprintable Skipped object&gt;" type="pytest.skip">pytest_cases/tests/cases/issues/test_issue_154.py:129: &lt;py._xmlgen.raw object at 0x7fcbdd9eb828&gt;</skipped></testcase><testcase classname="pytest_cases.tests.cases.issues.test_issue_154.TestTuples" file="pytest_cases/tests/cases/issues/test_issue_154.py" line="129" name="test_create_tuple_ids_list_style[/9-bar]" time="0.0007808208465576172"><skipped message="unconditional skip" type="pytest.skip">pytest_cases/tests/cases/issues/test_issue_154.py:129: &lt;py._xmlgen.raw object at 0x7fcbdda055c0&gt;</skipped></testcase><testcase classname="pytest_cases.tests.cases.issues.test_issue_154.TestTuples" file="pytest_cases/tests/cases/issues/test_issue_154.py" line="134" name="test_create_tuple_ids_mygen[Msingle]" time="0.00432896614074707"></testcase><testcase classname="pytest_cases.tests.cases.issues.test_issue_154.TestTuples" file="pytest_cases/tests/cases/issues/test_issue_154.py" line="134" name="test_create_tuple_ids_mygen[Mfixref]" time="0.005449056625366211"></testcase><testcase classname="pytest_cases.tests.cases.issues.test_issue_154.TestTuples" file="pytest_cases/tests/cases/issues/test_issue_154.py" line="134" name="test_create_tuple_ids_mygen[Msingle_marked_skipped]" time="0.0006215572357177734"><skipped message="&lt;unprintable Skipped object&gt;" type="pytest.skip">pytest_cases/tests/cases/issues/test_issue_154.py:134: &lt;py._xmlgen.raw object at 0x7fcbdda01ac8&gt;</skipped></testcase><testcase classname="pytest_cases.tests.cases.issues.test_issue_154.TestTuples" file="pytest_cases/tests/cases/issues/test_issue_154.py" line="134" name="test_create_tuple_ids_mygen[Mfixref_marked_skipped]" time="0.0008339881896972656"><skipped message="&lt;unprintable Skipped object&gt;" type="pytest.skip">pytest_cases/tests/cases/issues/test_issue_154.py:134: &lt;py._xmlgen.raw object at 0x7fcbdda05a58&gt;</skipped></testcase><testcase classname="pytest_cases.tests.cases.issues.test_issue_154.TestTuples" file="pytest_cases/tests/cases/issues/test_issue_154.py" line="134" name="test_create_tuple_ids_mygen[Mmulti1]" time="0.005116939544677734"></testcase><testcase classname="pytest_cases.tests.cases.issues.test_issue_154.TestTuples" file="pytest_cases/tests/cases/issues/test_issue_154.py" line="134" name="test_create_tuple_ids_mygen[Mmulti2_marked_skipped]" time="0.0006418228149414062"><skipped message="&lt;unprintable Skipped object&gt;" type="pytest.skip">pytest_cases/tests/cases/issues/test_issue_154.py:134: &lt;py._xmlgen.raw object at 0x7fcbdda0aa90&gt;</skipped></testcase><testcase classname="pytest_cases.tests.cases.issues.test_issue_154.TestTuples" file="pytest_cases/tests/cases/issues/test_issue_154.py" line="134" name="test_create_tuple_ids_mygen[Mfixref_target_is_parametrized-0]" time="0.004937648773193359"></testcase><testcase classname="pytest_cases.tests.cases.issues.test_issue_154.TestTuples" file="pytest_cases/tests/cases/issues/test_issue_154.py" line="134" name="test_create_tuple_ids_mygen[Msingle_parametrized_lazy-foo]" time="0.0047910213470458984"></testcase><testcase classname="pytest_cases.tests.cases.issues.test_issue_154.TestTuples" file="pytest_cases/tests/cases/issues/test_issue_154.py" line="134" name="test_create_tuple_ids_mygen[Mfixref_target_is_parametrized_marked_skipped-0]" time="0.0007097721099853516"><skipped message="&lt;unprintable Skipped object&gt;" type="pytest.skip">pytest_cases/tests/cases/issues/test_issue_154.py:134: &lt;py._xmlgen.raw object at 0x7fcbdd9e3f28&gt;</skipped></testcase><testcase classname="pytest_cases.tests.cases.issues.test_issue_154.TestTuples" file="pytest_cases/tests/cases/issues/test_issue_154.py" line="134" name="test_create_tuple_ids_mygen[Msingle_parametrized_lazy_value_target_is_skipped-bar]" time="0.0007307529449462891"><skipped message="unconditional skip" type="pytest.skip">pytest_cases/tests/cases/issues/test_issue_154.py:134: &lt;py._xmlgen.raw object at 0x7fcbdda01d30&gt;</skipped></testcase><testcase classname="pytest_cases.tests.cases.issues.test_issue_154.TestTuples" file="pytest_cases/tests/cases/issues/test_issue_154.py" line="139" name="test_create_tuple_ids_mygen_style[/Msingle]" time="0.005252838134765625"></testcase><testcase classname="pytest_cases.tests.cases.issues.test_issue_154.TestTuples" file="pytest_cases/tests/cases/issues/test_issue_154.py" line="139" name="test_create_tuple_ids_mygen_style[/Mfixref]" time="0.0038733482360839844"></testcase><testcase classname="pytest_cases.tests.cases.issues.test_issue_154.TestTuples" file="pytest_cases/tests/cases/issues/test_issue_154.py" line="139" name="test_create_tuple_ids_mygen_style[/Msingle_marked_skipped]" time="0.0002601146697998047"><skipped message="&lt;unprintable Skipped object&gt;" type="pytest.skip">pytest_cases/tests/cases/issues/test_issue_154.py:139: &lt;py._xmlgen.raw object at 0x7fcbdd990278&gt;</skipped></testcase><testcase classname="pytest_cases.tests.cases.issues.test_issue_154.TestTuples" file="pytest_cases/tests/cases/issues/test_issue_154.py" line="139" name="test_create_tuple_ids_mygen_style[/Mfixref_marked_skipped]" time="0.0005676746368408203"><skipped message="&lt;unprintable Skipped object&gt;" type="pytest.skip">pytest_cases/tests/cases/issues/test_issue_154.py:139: &lt;py._xmlgen.raw object at 0x7fcbdde03fd0&gt;</skipped></testcase><testcase classname="pytest_cases.tests.cases.issues.test_issue_154.TestTuples" file="pytest_cases/tests/cases/issues/test_issue_154.py" line="139" name="test_create_tuple_ids_mygen_style[/P4:6-Mmulti1]" time="0.005174875259399414"></testcase><testcase classname="pytest_cases.tests.cases.issues.test_issue_154.TestTuples" file="pytest_cases/tests/cases/issues/test_issue_154.py" line="139" name="test_create_tuple_ids_mygen_style[/P4:6-Mmulti2_marked_skipped]" time="0.0006554126739501953"><skipped message="&lt;unprintable Skipped object&gt;" type="pytest.skip">pytest_cases/tests/cases/issues/test_issue_154.py:139: &lt;py._xmlgen.raw object at 0x7fcbdd9976a0&gt;</skipped></testcase><testcase classname="pytest_cases.tests.cases.issues.test_issue_154.TestTuples" file="pytest_cases/tests/cases/issues/test_issue_154.py" line="139" name="test_create_tuple_ids_mygen_style[/Mfixref_target_is_parametrized-0]" time="0.005970954895019531"></testcase><testcase classname="pytest_cases.tests.cases.issues.test_issue_154.TestTuples" file="pytest_cases/tests/cases/issues/test_issue_154.py" line="139" name="test_create_tuple_ids_mygen_style[/Msingle_parametrized_lazy-foo]" time="0.004830121994018555"></testcase><testcase classname="pytest_cases.tests.cases.issues.test_issue_154.TestTuples" file="pytest_cases/tests/cases/issues/test_issue_154.py" line="139" name="test_create_tuple_ids_mygen_style[/Mfixref_target_is_parametrized_marked_skipped-0]" time="0.0007777214050292969"><skipped message="&lt;unprintable Skipped object&gt;" type="pytest.skip">pytest_cases/tests/cases/issues/test_issue_154.py:139: &lt;py._xmlgen.raw object at 0x7fcbdd997278&gt;</skipped></testcase><testcase classname="pytest_cases.tests.cases.issues.test_issue_154.TestTuples" file="pytest_cases/tests/cases/issues/test_issue_154.py" line="139" name="test_create_tuple_ids_mygen_style[/Msingle_parametrized_lazy_value_target_is_skipped-bar]" time="0.0007472038269042969"><skipped message="unconditional skip" type="pytest.skip">pytest_cases/tests/cases/issues/test_issue_154.py:139: &lt;py._xmlgen.raw object at 0x7fcbdd9987f0&gt;</skipped></testcase><testcase classname="pytest_cases.tests.cases.issues.test_issue_154" file="pytest_cases/tests/cases/issues/test_issue_154.py" line="145" name="test_create_single_idstyle_explicit[inputs_request_data/single]" time="0.006177663803100586"></testcase><testcase classname="pytest_cases.tests.cases.issues.test_issue_154" file="pytest_cases/tests/cases/issues/test_issue_154.py" line="145" name="test_create_single_idstyle_explicit[inputs_request_data/fixref]" time="0.00450897216796875"></testcase><testcase classname="pytest_cases.tests.cases.issues.test_issue_154" file="pytest_cases/tests/cases/issues/test_issue_154.py" line="145" name="test_create_single_idstyle_explicit[inputs_request_data/single_marked_skipped]" time="0.0007245540618896484"><skipped message="&lt;unprintable Skipped object&gt;" type="pytest.skip">pytest_cases/tests/cases/issues/test_issue_154.py:145: &lt;py._xmlgen.raw object at 0x7fcbdd998550&gt;</skipped></testcase><testcase classname="pytest_cases.tests.cases.issues.test_issue_154" file="pytest_cases/tests/cases/issues/test_issue_154.py" line="145" name="test_create_single_idstyle_explicit[inputs_request_data/fixref_marked_skipped]" time="0.0006096363067626953"><skipped message="&lt;unprintable Skipped object&gt;" type="pytest.skip">pytest_cases/tests/cases/issues/test_issue_154.py:145: &lt;py._xmlgen.raw object at 0x7fcbdd9a07f0&gt;</skipped></testcase><testcase classname="pytest_cases.tests.cases.issues.test_issue_154" file="pytest_cases/tests/cases/issues/test_issue_154.py" line="145" name="test_create_single_idstyle_explicit[inputs_request_data/P4:6-multi1]" time="0.00593113899230957"></testcase><testcase classname="pytest_cases.tests.cases.issues.test_issue_154" file="pytest_cases/tests/cases/issues/test_issue_154.py" line="145" name="test_create_single_idstyle_explicit[inputs_request_data/P4:6-multi2_marked_skipped]" time="0.0005452632904052734"><skipped message="unconditional skip" type="pytest.skip">pytest_cases/tests/cases/issues/test_issue_154.py:145: &lt;py._xmlgen.raw object at 0x7fcbdd9986d8&gt;</skipped></testcase><testcase classname="pytest_cases.tests.cases.issues.test_issue_154" file="pytest_cases/tests/cases/issues/test_issue_154.py" line="145" name="test_create_single_idstyle_explicit[inputs_request_data/fixref_target_is_parametrized-0]" time="0.004915952682495117"></testcase><testcase classname="pytest_cases.tests.cases.issues.test_issue_154" file="pytest_cases/tests/cases/issues/test_issue_154.py" line="145" name="test_create_single_idstyle_explicit[inputs_request_data/single_parametrized_lazy-foo]" time="0.005624055862426758"></testcase><testcase classname="pytest_cases.tests.cases.issues.test_issue_154" file="pytest_cases/tests/cases/issues/test_issue_154.py" line="145" name="test_create_single_idstyle_explicit[inputs_request_data/fixref_target_is_parametrized_marked_skipped-0]" time="0.0006787776947021484"><skipped message="&lt;unprintable Skipped object&gt;" type="pytest.skip">pytest_cases/tests/cases/issues/test_issue_154.py:145: &lt;py._xmlgen.raw object at 0x7fcbdd9a02e8&gt;</skipped></testcase><testcase classname="pytest_cases.tests.cases.issues.test_issue_154" file="pytest_cases/tests/cases/issues/test_issue_154.py" line="145" name="test_create_single_idstyle_explicit[inputs_request_data/single_parametrized_lazy_value_target_is_skipped-bar]" time="0.0006680488586425781"><skipped message="unconditional skip" type="pytest.skip">pytest_cases/tests/cases/issues/test_issue_154.py:145: &lt;py._xmlgen.raw object at 0x7fcbdd9a3278&gt;</skipped></testcase><testcase classname="pytest_cases.tests.cases.issues.test_issue_154" file="pytest_cases/tests/cases/issues/test_issue_154.py" line="152" name="test_create_single_idstyle_compact[/single]" time="0.004987955093383789"></testcase><testcase classname="pytest_cases.tests.cases.issues.test_issue_154" file="pytest_cases/tests/cases/issues/test_issue_154.py" line="152" name="test_create_single_idstyle_compact[/fixref]" time="0.0060808658599853516"></testcase><testcase classname="pytest_cases.tests.cases.issues.test_issue_154" file="pytest_cases/tests/cases/issues/test_issue_154.py" line="152" name="test_create_single_idstyle_compact[/single_marked_skipped]" time="0.00089263916015625"><skipped message="&lt;unprintable Skipped object&gt;" type="pytest.skip">pytest_cases/tests/cases/issues/test_issue_154.py:152: &lt;py._xmlgen.raw object at 0x7fcbdd9d7c50&gt;</skipped></testcase><testcase classname="pytest_cases.tests.cases.issues.test_issue_154" file="pytest_cases/tests/cases/issues/test_issue_154.py" line="152" name="test_create_single_idstyle_compact[/fixref_marked_skipped]" time="0.000797271728515625"><skipped message="&lt;unprintable Skipped object&gt;" type="pytest.skip">pytest_cases/tests/cases/issues/test_issue_154.py:152: &lt;py._xmlgen.raw object at 0x7fcbdd9a8588&gt;</skipped></testcase><testcase classname="pytest_cases.tests.cases.issues.test_issue_154" file="pytest_cases/tests/cases/issues/test_issue_154.py" line="152" name="test_create_single_idstyle_compact[/P4:6-multi1]" time="0.0022449493408203125"></testcase><testcase classname="pytest_cases.tests.cases.issues.test_issue_154" file="pytest_cases/tests/cases/issues/test_issue_154.py" line="152" name="test_create_single_idstyle_compact[/P4:6-multi2_marked_skipped]" time="0.0005676746368408203"><skipped message="unconditional skip" type="pytest.skip">pytest_cases/tests/cases/issues/test_issue_154.py:152: &lt;py._xmlgen.raw object at 0x7fcbdd9a3400&gt;</skipped></testcase><testcase classname="pytest_cases.tests.cases.issues.test_issue_154" file="pytest_cases/tests/cases/issues/test_issue_154.py" line="152" name="test_create_single_idstyle_compact[/fixref_target_is_parametrized-0]" time="0.0051882266998291016"></testcase><testcase classname="pytest_cases.tests.cases.issues.test_issue_154" file="pytest_cases/tests/cases/issues/test_issue_154.py" line="152" name="test_create_single_idstyle_compact[/single_parametrized_lazy-foo]" time="0.0043773651123046875"></testcase><testcase classname="pytest_cases.tests.cases.issues.test_issue_154" file="pytest_cases/tests/cases/issues/test_issue_154.py" line="152" name="test_create_single_idstyle_compact[/fixref_target_is_parametrized_marked_skipped-0]" time="0.0007266998291015625"><skipped message="&lt;unprintable Skipped object&gt;" type="pytest.skip">pytest_cases/tests/cases/issues/test_issue_154.py:152: &lt;py._xmlgen.raw object at 0x7fcbdd9aee48&gt;</skipped></testcase><testcase classname="pytest_cases.tests.cases.issues.test_issue_154" file="pytest_cases/tests/cases/issues/test_issue_154.py" line="152" name="test_create_single_idstyle_compact[/single_parametrized_lazy_value_target_is_skipped-bar]" time="0.0005412101745605469"><skipped message="unconditional skip" type="pytest.skip">pytest_cases/tests/cases/issues/test_issue_154.py:152: &lt;py._xmlgen.raw object at 0x7fcbdde4beb8&gt;</skipped></testcase><testcase classname="pytest_cases.tests.cases.issues.test_issue_154" file="pytest_cases/tests/cases/issues/test_issue_154.py" line="159" name="test_create_single_idstyle_none[single]" time="0.004813671112060547"></testcase><testcase classname="pytest_cases.tests.cases.issues.test_issue_154" file="pytest_cases/tests/cases/issues/test_issue_154.py" line="159" name="test_create_single_idstyle_none[fixref]" time="0.0048601627349853516"></testcase><testcase classname="pytest_cases.tests.cases.issues.test_issue_154" file="pytest_cases/tests/cases/issues/test_issue_154.py" line="159" name="test_create_single_idstyle_none[single_marked_skipped]" time="0.0007936954498291016"><skipped message="&lt;unprintable Skipped object&gt;" type="pytest.skip">pytest_cases/tests/cases/issues/test_issue_154.py:159: &lt;py._xmlgen.raw object at 0x7fcbdd9b6320&gt;</skipped></testcase><testcase classname="pytest_cases.tests.cases.issues.test_issue_154" file="pytest_cases/tests/cases/issues/test_issue_154.py" line="159" name="test_create_single_idstyle_none[fixref_marked_skipped]" time="0.0005664825439453125"><skipped message="&lt;unprintable Skipped object&gt;" type="pytest.skip">pytest_cases/tests/cases/issues/test_issue_154.py:159: &lt;py._xmlgen.raw object at 0x7fcbdd9a04e0&gt;</skipped></testcase><testcase classname="pytest_cases.tests.cases.issues.test_issue_154" file="pytest_cases/tests/cases/issues/test_issue_154.py" line="159" name="test_create_single_idstyle_none[multi1]" time="0.0046765804290771484"></testcase><testcase classname="pytest_cases.tests.cases.issues.test_issue_154" file="pytest_cases/tests/cases/issues/test_issue_154.py" line="159" name="test_create_single_idstyle_none[multi2_marked_skipped]" time="0.0006704330444335938"><skipped message="unconditional skip" type="pytest.skip">pytest_cases/tests/cases/issues/test_issue_154.py:159: &lt;py._xmlgen.raw object at 0x7fcbdd9b6cc0&gt;</skipped></testcase><testcase classname="pytest_cases.tests.cases.issues.test_issue_154" file="pytest_cases/tests/cases/issues/test_issue_154.py" line="159" name="test_create_single_idstyle_none[fixref_target_is_parametrized-0]" time="0.013144493103027344"></testcase><testcase classname="pytest_cases.tests.cases.issues.test_issue_154" file="pytest_cases/tests/cases/issues/test_issue_154.py" line="159" name="test_create_single_idstyle_none[single_parametrized_lazy-foo]" time="0.002646207809448242"></testcase><testcase classname="pytest_cases.tests.cases.issues.test_issue_154" file="pytest_cases/tests/cases/issues/test_issue_154.py" line="159" name="test_create_single_idstyle_none[fixref_target_is_parametrized_marked_skipped-0]" time="0.00141143798828125"><skipped message="&lt;unprintable Skipped object&gt;" type="pytest.skip">pytest_cases/tests/cases/issues/test_issue_154.py:159: &lt;py._xmlgen.raw object at 0x7fcbdd9bb2b0&gt;</skipped></testcase><testcase classname="pytest_cases.tests.cases.issues.test_issue_154" file="pytest_cases/tests/cases/issues/test_issue_154.py" line="159" name="test_create_single_idstyle_none[single_parametrized_lazy_value_target_is_skipped-bar]" time="0.0014657974243164062"><skipped message="unconditional skip" type="pytest.skip">pytest_cases/tests/cases/issues/test_issue_154.py:159: &lt;py._xmlgen.raw object at 0x7fcbdd9bbcf8&gt;</skipped></testcase><testcase classname="pytest_cases.tests.cases.issues.test_issue_154" file="pytest_cases/tests/cases/issues/test_issue_154.py" line="166" name="test_create_single_idstyle_mygen[Minputs_request_data/P0/single]" time="0.005233287811279297"></testcase><testcase classname="pytest_cases.tests.cases.issues.test_issue_154" file="pytest_cases/tests/cases/issues/test_issue_154.py" line="166" name="test_create_single_idstyle_mygen[Minputs_request_data/P1F/fixref]" time="0.004846334457397461"></testcase><testcase classname="pytest_cases.tests.cases.issues.test_issue_154" file="pytest_cases/tests/cases/issues/test_issue_154.py" line="166" name="test_create_single_idstyle_mygen[Minputs_request_data/P2/single_marked_skipped]" time="0.0006773471832275391"><skipped message="&lt;unprintable Skipped object&gt;" type="pytest.skip">pytest_cases/tests/cases/issues/test_issue_154.py:166: &lt;py._xmlgen.raw object at 0x7fcbdd9b0fd0&gt;</skipped></testcase><testcase classname="pytest_cases.tests.cases.issues.test_issue_154" file="pytest_cases/tests/cases/issues/test_issue_154.py" line="166" name="test_create_single_idstyle_mygen[Minputs_request_data/P3F/fixref_marked_skipped]" time="0.0007898807525634766"><skipped message="&lt;unprintable Skipped object&gt;" type="pytest.skip">pytest_cases/tests/cases/issues/test_issue_154.py:166: &lt;py._xmlgen.raw object at 0x7fcbdd9a3128&gt;</skipped></testcase><testcase classname="pytest_cases.tests.cases.issues.test_issue_154" file="pytest_cases/tests/cases/issues/test_issue_154.py" line="166" name="test_create_single_idstyle_mygen[Minputs_request_data/P4:6/-multi1]" time="0.004404783248901367"></testcase><testcase classname="pytest_cases.tests.cases.issues.test_issue_154" file="pytest_cases/tests/cases/issues/test_issue_154.py" line="166" name="test_create_single_idstyle_mygen[Minputs_request_data/P4:6/-multi2_marked_skipped]" time="0.0007290840148925781"><skipped message="unconditional skip" type="pytest.skip">pytest_cases/tests/cases/issues/test_issue_154.py:166: &lt;py._xmlgen.raw object at 0x7fcbdd9b0e48&gt;</skipped></testcase><testcase classname="pytest_cases.tests.cases.issues.test_issue_154" file="pytest_cases/tests/cases/issues/test_issue_154.py" line="166" name="test_create_single_idstyle_mygen[Minputs_request_data/P6F/fixref_target_is_parametrized-0]" time="0.004632711410522461"></testcase><testcase classname="pytest_cases.tests.cases.issues.test_issue_154" file="pytest_cases/tests/cases/issues/test_issue_154.py" line="166" name="test_create_single_idstyle_mygen[Minputs_request_data/P7F/single_parametrized_lazy-foo]" time="0.004946231842041016"></testcase><testcase classname="pytest_cases.tests.cases.issues.test_issue_154" file="pytest_cases/tests/cases/issues/test_issue_154.py" line="166" name="test_create_single_idstyle_mygen[Minputs_request_data/P8F/fixref_target_is_parametrized_marked_skipped-0]" time="0.000576019287109375"><skipped message="&lt;unprintable Skipped object&gt;" type="pytest.skip">pytest_cases/tests/cases/issues/test_issue_154.py:166: &lt;py._xmlgen.raw object at 0x7fcbdd9b0e48&gt;</skipped></testcase><testcase classname="pytest_cases.tests.cases.issues.test_issue_154" file="pytest_cases/tests/cases/issues/test_issue_154.py" line="166" name="test_create_single_idstyle_mygen[Minputs_request_data/P9F/single_parametrized_lazy_value_target_is_skipped-bar]" time="0.0008332729339599609"><skipped message="unconditional skip" type="pytest.skip">pytest_cases/tests/cases/issues/test_issue_154.py:166: &lt;py._xmlgen.raw object at 0x7fcbdd9a8630&gt;</skipped></testcase><testcase classname="pytest_cases.tests.cases.issues.test_issue_154" file="pytest_cases/tests/cases/issues/test_issue_154.py" line="173" name="test_create_single_ids_list[0]" time="0.0029811859130859375"></testcase><testcase classname="pytest_cases.tests.cases.issues.test_issue_154" file="pytest_cases/tests/cases/issues/test_issue_154.py" line="173" name="test_create_single_ids_list[1]" time="0.0060482025146484375"></testcase><testcase classname="pytest_cases.tests.cases.issues.test_issue_154" file="pytest_cases/tests/cases/issues/test_issue_154.py" line="173" name="test_create_single_ids_list[2]" time="0.0006616115570068359"><skipped message="&lt;unprintable Skipped object&gt;" type="pytest.skip">pytest_cases/tests/cases/issues/test_issue_154.py:173: &lt;py._xmlgen.raw object at 0x7fcbddda6588&gt;</skipped></testcase><testcase classname="pytest_cases.tests.cases.issues.test_issue_154" file="pytest_cases/tests/cases/issues/test_issue_154.py" line="173" name="test_create_single_ids_list[3]" time="0.0007522106170654297"><skipped message="&lt;unprintable Skipped object&gt;" type="pytest.skip">pytest_cases/tests/cases/issues/test_issue_154.py:173: &lt;py._xmlgen.raw object at 0x7fcbdd9c27f0&gt;</skipped></testcase><testcase classname="pytest_cases.tests.cases.issues.test_issue_154" file="pytest_cases/tests/cases/issues/test_issue_154.py" line="173" name="test_create_single_ids_list[4]" time="0.004060268402099609"></testcase><testcase classname="pytest_cases.tests.cases.issues.test_issue_154" file="pytest_cases/tests/cases/issues/test_issue_154.py" line="173" name="test_create_single_ids_list[5]" time="0.0015034675598144531"><skipped message="unconditional skip" type="pytest.skip">pytest_cases/tests/cases/issues/test_issue_154.py:173: &lt;py._xmlgen.raw object at 0x7fcbdd9d7b38&gt;</skipped></testcase><testcase classname="pytest_cases.tests.cases.issues.test_issue_154" file="pytest_cases/tests/cases/issues/test_issue_154.py" line="173" name="test_create_single_ids_list[6-0]" time="0.003327608108520508"></testcase><testcase classname="pytest_cases.tests.cases.issues.test_issue_154" file="pytest_cases/tests/cases/issues/test_issue_154.py" line="173" name="test_create_single_ids_list[7-foo]" time="0.0034720897674560547"></testcase><testcase classname="pytest_cases.tests.cases.issues.test_issue_154" file="pytest_cases/tests/cases/issues/test_issue_154.py" line="173" name="test_create_single_ids_list[8-0]" time="0.0016891956329345703"><skipped message="&lt;unprintable Skipped object&gt;" type="pytest.skip">pytest_cases/tests/cases/issues/test_issue_154.py:173: &lt;py._xmlgen.raw object at 0x7fcbdd94d240&gt;</skipped></testcase><testcase classname="pytest_cases.tests.cases.issues.test_issue_154" file="pytest_cases/tests/cases/issues/test_issue_154.py" line="173" name="test_create_single_ids_list[9-bar]" time="0.0019502639770507812"><skipped message="unconditional skip" type="pytest.skip">pytest_cases/tests/cases/issues/test_issue_154.py:173: &lt;py._xmlgen.raw object at 0x7fcbdd9c9320&gt;</skipped></testcase><testcase classname="pytest_cases.tests.cases.issues.test_issue_154" file="pytest_cases/tests/cases/issues/test_issue_154.py" line="180" name="test_create_single_ids_list_style[/0]" time="0.003818988800048828"></testcase><testcase classname="pytest_cases.tests.cases.issues.test_issue_154" file="pytest_cases/tests/cases/issues/test_issue_154.py" line="180" name="test_create_single_ids_list_style[/1]" time="0.00360107421875"></testcase><testcase classname="pytest_cases.tests.cases.issues.test_issue_154" file="pytest_cases/tests/cases/issues/test_issue_154.py" line="180" name="test_create_single_ids_list_style[/2]" time="0.0007405281066894531"><skipped message="&lt;unprintable Skipped object&gt;" type="pytest.skip">pytest_cases/tests/cases/issues/test_issue_154.py:180: &lt;py._xmlgen.raw object at 0x7fcbdd9524e0&gt;</skipped></testcase><testcase classname="pytest_cases.tests.cases.issues.test_issue_154" file="pytest_cases/tests/cases/issues/test_issue_154.py" line="180" name="test_create_single_ids_list_style[/3]" time="0.0007009506225585938"><skipped message="&lt;unprintable Skipped object&gt;" type="pytest.skip">pytest_cases/tests/cases/issues/test_issue_154.py:180: &lt;py._xmlgen.raw object at 0x7fcbdd94d550&gt;</skipped></testcase><testcase classname="pytest_cases.tests.cases.issues.test_issue_154" file="pytest_cases/tests/cases/issues/test_issue_154.py" line="180" name="test_create_single_ids_list_style[/P4:6-4]" time="0.003886699676513672"></testcase><testcase classname="pytest_cases.tests.cases.issues.test_issue_154" file="pytest_cases/tests/cases/issues/test_issue_154.py" line="180" name="test_create_single_ids_list_style[/P4:6-5]" time="0.0006339550018310547"><skipped message="unconditional skip" type="pytest.skip">pytest_cases/tests/cases/issues/test_issue_154.py:180: &lt;py._xmlgen.raw object at 0x7fcbdd952e10&gt;</skipped></testcase><testcase classname="pytest_cases.tests.cases.issues.test_issue_154" file="pytest_cases/tests/cases/issues/test_issue_154.py" line="180" name="test_create_single_ids_list_style[/6-0]" time="0.0047566890716552734"></testcase><testcase classname="pytest_cases.tests.cases.issues.test_issue_154" file="pytest_cases/tests/cases/issues/test_issue_154.py" line="180" name="test_create_single_ids_list_style[/7-foo]" time="0.0020902156829833984"></testcase><testcase classname="pytest_cases.tests.cases.issues.test_issue_154" file="pytest_cases/tests/cases/issues/test_issue_154.py" line="180" name="test_create_single_ids_list_style[/8-0]" time="0.0009348392486572266"><skipped message="&lt;unprintable Skipped object&gt;" type="pytest.skip">pytest_cases/tests/cases/issues/test_issue_154.py:180: &lt;py._xmlgen.raw object at 0x7fcbdd94dfd0&gt;</skipped></testcase><testcase classname="pytest_cases.tests.cases.issues.test_issue_154" file="pytest_cases/tests/cases/issues/test_issue_154.py" line="180" name="test_create_single_ids_list_style[/9-bar]" time="0.0006363391876220703"><skipped message="unconditional skip" type="pytest.skip">pytest_cases/tests/cases/issues/test_issue_154.py:180: &lt;py._xmlgen.raw object at 0x7fcbdd956e10&gt;</skipped></testcase><testcase classname="pytest_cases.tests.cases.issues.test_issue_154" file="pytest_cases/tests/cases/issues/test_issue_154.py" line="187" name="test_create_single_ids_mygen[Msingle]" time="0.003931283950805664"></testcase><testcase classname="pytest_cases.tests.cases.issues.test_issue_154" file="pytest_cases/tests/cases/issues/test_issue_154.py" line="187" name="test_create_single_ids_mygen[Mfixref]" time="0.002549886703491211"></testcase><testcase classname="pytest_cases.tests.cases.issues.test_issue_154" file="pytest_cases/tests/cases/issues/test_issue_154.py" line="187" name="test_create_single_ids_mygen[Msingle_marked_skipped]" time="0.0006966590881347656"><skipped message="&lt;unprintable Skipped object&gt;" type="pytest.skip">pytest_cases/tests/cases/issues/test_issue_154.py:187: &lt;py._xmlgen.raw object at 0x7fcbdd952e10&gt;</skipped></testcase><testcase classname="pytest_cases.tests.cases.issues.test_issue_154" file="pytest_cases/tests/cases/issues/test_issue_154.py" line="187" name="test_create_single_ids_mygen[Mfixref_marked_skipped]" time="0.0006303787231445312"><skipped message="&lt;unprintable Skipped object&gt;" type="pytest.skip">pytest_cases/tests/cases/issues/test_issue_154.py:187: &lt;py._xmlgen.raw object at 0x7fcbdd95bcf8&gt;</skipped></testcase><testcase classname="pytest_cases.tests.cases.issues.test_issue_154" file="pytest_cases/tests/cases/issues/test_issue_154.py" line="187" name="test_create_single_ids_mygen[Mmulti1]" time="0.0037300586700439453"></testcase><testcase classname="pytest_cases.tests.cases.issues.test_issue_154" file="pytest_cases/tests/cases/issues/test_issue_154.py" line="187" name="test_create_single_ids_mygen[Mmulti2_marked_skipped]" time="0.0007977485656738281"><skipped message="unconditional skip" type="pytest.skip">pytest_cases/tests/cases/issues/test_issue_154.py:187: &lt;py._xmlgen.raw object at 0x7fcbdd95bcf8&gt;</skipped></testcase><testcase classname="pytest_cases.tests.cases.issues.test_issue_154" file="pytest_cases/tests/cases/issues/test_issue_154.py" line="187" name="test_create_single_ids_mygen[Mfixref_target_is_parametrized-0]" time="0.004494905471801758"></testcase><testcase classname="pytest_cases.tests.cases.issues.test_issue_154" file="pytest_cases/tests/cases/issues/test_issue_154.py" line="187" name="test_create_single_ids_mygen[Msingle_parametrized_lazy-foo]" time="0.003788471221923828"></testcase><testcase classname="pytest_cases.tests.cases.issues.test_issue_154" file="pytest_cases/tests/cases/issues/test_issue_154.py" line="187" name="test_create_single_ids_mygen[Mfixref_target_is_parametrized_marked_skipped-0]" time="0.0007119178771972656"><skipped message="&lt;unprintable Skipped object&gt;" type="pytest.skip">pytest_cases/tests/cases/issues/test_issue_154.py:187: &lt;py._xmlgen.raw object at 0x7fcbdd956e10&gt;</skipped></testcase><testcase classname="pytest_cases.tests.cases.issues.test_issue_154" file="pytest_cases/tests/cases/issues/test_issue_154.py" line="187" name="test_create_single_ids_mygen[Msingle_parametrized_lazy_value_target_is_skipped-bar]" time="0.0008435249328613281"><skipped message="unconditional skip" type="pytest.skip">pytest_cases/tests/cases/issues/test_issue_154.py:187: &lt;py._xmlgen.raw object at 0x7fcbdd95f748&gt;</skipped></testcase><testcase classname="pytest_cases.tests.cases.issues.test_issue_154" file="pytest_cases/tests/cases/issues/test_issue_154.py" line="194" name="test_create_single_ids_mygen_style[/Msingle]" time="0.002166271209716797"></testcase><testcase classname="pytest_cases.tests.cases.issues.test_issue_154" file="pytest_cases/tests/cases/issues/test_issue_154.py" line="194" name="test_create_single_ids_mygen_style[/Mfixref]" time="0.006054401397705078"></testcase><testcase classname="pytest_cases.tests.cases.issues.test_issue_154" file="pytest_cases/tests/cases/issues/test_issue_154.py" line="194" name="test_create_single_ids_mygen_style[/Msingle_marked_skipped]" time="0.00045108795166015625"><skipped message="&lt;unprintable Skipped object&gt;" type="pytest.skip">pytest_cases/tests/cases/issues/test_issue_154.py:194: &lt;py._xmlgen.raw object at 0x7fcbdd952be0&gt;</skipped></testcase><testcase classname="pytest_cases.tests.cases.issues.test_issue_154" file="pytest_cases/tests/cases/issues/test_issue_154.py" line="194" name="test_create_single_ids_mygen_style[/Mfixref_marked_skipped]" time="0.0010335445404052734"><skipped message="&lt;unprintable Skipped object&gt;" type="pytest.skip">pytest_cases/tests/cases/issues/test_issue_154.py:194: &lt;py._xmlgen.raw object at 0x7fcbdd95f9e8&gt;</skipped></testcase><testcase classname="pytest_cases.tests.cases.issues.test_issue_154" file="pytest_cases/tests/cases/issues/test_issue_154.py" line="194" name="test_create_single_ids_mygen_style[/P4:6-Mmulti1]" time="0.0028107166290283203"></testcase><testcase classname="pytest_cases.tests.cases.issues.test_issue_154" file="pytest_cases/tests/cases/issues/test_issue_154.py" line="194" name="test_create_single_ids_mygen_style[/P4:6-Mmulti2_marked_skipped]" time="0.002749919891357422"><skipped message="unconditional skip" type="pytest.skip">pytest_cases/tests/cases/issues/test_issue_154.py:194: &lt;py._xmlgen.raw object at 0x7fcbdd96aac8&gt;</skipped></testcase><testcase classname="pytest_cases.tests.cases.issues.test_issue_154" file="pytest_cases/tests/cases/issues/test_issue_154.py" line="194" name="test_create_single_ids_mygen_style[/Mfixref_target_is_parametrized-0]" time="0.003320455551147461"></testcase><testcase classname="pytest_cases.tests.cases.issues.test_issue_154" file="pytest_cases/tests/cases/issues/test_issue_154.py" line="194" name="test_create_single_ids_mygen_style[/Msingle_parametrized_lazy-foo]" time="0.0040090084075927734"></testcase><testcase classname="pytest_cases.tests.cases.issues.test_issue_154" file="pytest_cases/tests/cases/issues/test_issue_154.py" line="194" name="test_create_single_ids_mygen_style[/Mfixref_target_is_parametrized_marked_skipped-0]" time="0.0007870197296142578"><skipped message="&lt;unprintable Skipped object&gt;" type="pytest.skip">pytest_cases/tests/cases/issues/test_issue_154.py:194: &lt;py._xmlgen.raw object at 0x7fcbdd9c9dd8&gt;</skipped></testcase><testcase classname="pytest_cases.tests.cases.issues.test_issue_154" file="pytest_cases/tests/cases/issues/test_issue_154.py" line="194" name="test_create_single_ids_mygen_style[/Msingle_parametrized_lazy_value_target_is_skipped-bar]" time="0.0017800331115722656"><skipped message="unconditional skip" type="pytest.skip">pytest_cases/tests/cases/issues/test_issue_154.py:194: &lt;py._xmlgen.raw object at 0x7fcbdd9c9d30&gt;</skipped></testcase><testcase classname="pytest_cases.tests.cases.issues.test_issue_154" file="pytest_cases/tests/cases/issues/test_issue_154.py" line="201" name="test_synthesis" time="0.013488292694091797"></testcase><testcase classname="pytest_cases.tests.cases.legacy.advanced.test_memoize" file="pytest_cases/tests/cases/legacy/advanced/test_memoize.py" line="49" name="test_a[case_1]" time="0.0014154911041259766"><system-out>loading file file1
</system-out></testcase><testcase classname="pytest_cases.tests.cases.legacy.advanced.test_memoize" file="pytest_cases/tests/cases/legacy/advanced/test_memoize.py" line="49" name="test_a[case_2]" time="0.0013251304626464844"><system-out>loading file file2
</system-out></testcase><testcase classname="pytest_cases.tests.cases.legacy.advanced.test_memoize" file="pytest_cases/tests/cases/legacy/advanced/test_memoize.py" line="59" name="test_b[case_2]" time="0.0005443096160888672"></testcase><testcase classname="pytest_cases.tests.cases.legacy.advanced.test_memoize" file="pytest_cases/tests/cases/legacy/advanced/test_memoize.py" line="59" name="test_b[case_3]" time="0.0005619525909423828"><system-out>loading file file3
</system-out></testcase><testcase classname="pytest_cases.tests.cases.legacy.advanced.test_memoize" file="pytest_cases/tests/cases/legacy/advanced/test_memoize.py" line="69" name="test_c[case_1]" time="0.0005118846893310547"></testcase><testcase classname="pytest_cases.tests.cases.legacy.advanced.test_memoize" file="pytest_cases/tests/cases/legacy/advanced/test_memoize.py" line="69" name="test_c[case_2]" time="0.001573801040649414"></testcase><testcase classname="pytest_cases.tests.cases.legacy.advanced.test_memoize" file="pytest_cases/tests/cases/legacy/advanced/test_memoize.py" line="69" name="test_c[case_3]" time="0.0006513595581054688"></testcase><testcase classname="pytest_cases.tests.cases.legacy.advanced.test_memoize" file="pytest_cases/tests/cases/legacy/advanced/test_memoize.py" line="79" name="test_assert_parametrized" time="0.0011591911315917969"></testcase><testcase classname="pytest_cases.tests.cases.legacy.advanced.test_memoize_generators" file="pytest_cases/tests/cases/legacy/advanced/test_memoize_generators.py" line="23" name="test_a[case 0]" time="0.0017783641815185547"><system-out>generating case 0
0
</system-out></testcase><testcase classname="pytest_cases.tests.cases.legacy.advanced.test_memoize_generators" file="pytest_cases/tests/cases/legacy/advanced/test_memoize_generators.py" line="23" name="test_a[case 1]" time="0.002133607864379883"><system-out>generating case 1
1
</system-out></testcase><testcase classname="pytest_cases.tests.cases.legacy.advanced.test_memoize_generators" file="pytest_cases/tests/cases/legacy/advanced/test_memoize_generators.py" line="23" name="test_a[case 2]" time="0.0022199153900146484"><system-out>generating case 2
2
</system-out></testcase><testcase classname="pytest_cases.tests.cases.legacy.advanced.test_memoize_generators" file="pytest_cases/tests/cases/legacy/advanced/test_memoize_generators.py" line="33" name="test_b[case 0]" time="0.0011644363403320312"><system-out>0
</system-out></testcase><testcase classname="pytest_cases.tests.cases.legacy.advanced.test_memoize_generators" file="pytest_cases/tests/cases/legacy/advanced/test_memoize_generators.py" line="33" name="test_b[case 1]" time="0.0007936954498291016"><system-out>1
</system-out></testcase><testcase classname="pytest_cases.tests.cases.legacy.advanced.test_memoize_generators" file="pytest_cases/tests/cases/legacy/advanced/test_memoize_generators.py" line="33" name="test_b[case 2]" time="0.0007781982421875"><system-out>2
</system-out></testcase><testcase classname="pytest_cases.tests.cases.legacy.advanced.test_memoize_generators" file="pytest_cases/tests/cases/legacy/advanced/test_memoize_generators.py" line="43" name="test_assert_cases_are_here" time="0.0007021427154541016"></testcase><testcase classname="pytest_cases.tests.cases.legacy.advanced.test_memoize_generators" file="pytest_cases/tests/cases/legacy/advanced/test_memoize_generators.py" line="50" name="test_assert_parametrized" time="0.0004448890686035156"></testcase><testcase classname="pytest_cases.tests.cases.legacy.advanced.test_parameters" file="pytest_cases/tests/cases/legacy/advanced/test_parameters.py" line="45" name="test_with_parameters[1.0.0-case_simple]" time="0.0007088184356689453"><system-out>using version 1.0.0
</system-out></testcase><testcase classname="pytest_cases.tests.cases.legacy.advanced.test_parameters" file="pytest_cases/tests/cases/legacy/advanced/test_parameters.py" line="45" name="test_with_parameters[1.0.0-case_simple2]" time="0.0006527900695800781"><system-out>using version 1.0.0
</system-out></testcase><testcase classname="pytest_cases.tests.cases.legacy.advanced.test_parameters" file="pytest_cases/tests/cases/legacy/advanced/test_parameters.py" line="45" name="test_with_parameters[1.0.0-case_gen__j=0, i=0]" time="0.0006995201110839844"><system-out>using version 1.0.0
</system-out></testcase><testcase classname="pytest_cases.tests.cases.legacy.advanced.test_parameters" file="pytest_cases/tests/cases/legacy/advanced/test_parameters.py" line="45" name="test_with_parameters[1.0.0-case_gen__j=0, i=1]" time="0.0008456707000732422"><system-out>using version 1.0.0
</system-out></testcase><testcase classname="pytest_cases.tests.cases.legacy.advanced.test_parameters" file="pytest_cases/tests/cases/legacy/advanced/test_parameters.py" line="45" name="test_with_parameters[1.0.0-case_gen__j=1, i=0]" time="0.0028934478759765625"><system-out>using version 1.0.0
</system-out></testcase><testcase classname="pytest_cases.tests.cases.legacy.advanced.test_parameters" file="pytest_cases/tests/cases/legacy/advanced/test_parameters.py" line="45" name="test_with_parameters[1.0.0-case_gen__j=1, i=1]" time="0.0035190582275390625"><system-out>using version 1.0.0
</system-out></testcase><testcase classname="pytest_cases.tests.cases.legacy.advanced.test_parameters" file="pytest_cases/tests/cases/legacy/advanced/test_parameters.py" line="45" name="test_with_parameters[2.0.0-case_simple]" time="0.0023221969604492188"><system-out>using version 2.0.0
</system-out></testcase><testcase classname="pytest_cases.tests.cases.legacy.advanced.test_parameters" file="pytest_cases/tests/cases/legacy/advanced/test_parameters.py" line="45" name="test_with_parameters[2.0.0-case_simple2]" time="0.002593994140625"><system-out>using version 2.0.0
</system-out></testcase><testcase classname="pytest_cases.tests.cases.legacy.advanced.test_parameters" file="pytest_cases/tests/cases/legacy/advanced/test_parameters.py" line="45" name="test_with_parameters[2.0.0-case_gen__j=0, i=0]" time="0.0030689239501953125"><system-out>using version 2.0.0
</system-out></testcase><testcase classname="pytest_cases.tests.cases.legacy.advanced.test_parameters" file="pytest_cases/tests/cases/legacy/advanced/test_parameters.py" line="45" name="test_with_parameters[2.0.0-case_gen__j=0, i=1]" time="0.0008997917175292969"><system-out>using version 2.0.0
</system-out></testcase><testcase classname="pytest_cases.tests.cases.legacy.advanced.test_parameters" file="pytest_cases/tests/cases/legacy/advanced/test_parameters.py" line="45" name="test_with_parameters[2.0.0-case_gen__j=1, i=0]" time="0.0022978782653808594"><system-out>using version 2.0.0
</system-out></testcase><testcase classname="pytest_cases.tests.cases.legacy.advanced.test_parameters" file="pytest_cases/tests/cases/legacy/advanced/test_parameters.py" line="45" name="test_with_parameters[2.0.0-case_gen__j=1, i=1]" time="0.0007190704345703125"><system-out>using version 2.0.0
</system-out></testcase><testcase classname="pytest_cases.tests.cases.legacy.advanced.test_parameters" file="pytest_cases/tests/cases/legacy/advanced/test_parameters.py" line="61" name="test_assert_parametrized" time="0.0007603168487548828"></testcase><testcase classname="pytest_cases.tests.cases.legacy.advanced.test_stackoverflow" file="pytest_cases/tests/cases/legacy/advanced/test_stackoverflow.py" line="26" name="test_with_cases_decorated[case_simple]" time="0.0009474754333496094"></testcase><testcase classname="pytest_cases.tests.cases.legacy.advanced.test_stackoverflow" file="pytest_cases/tests/cases/legacy/advanced/test_stackoverflow.py" line="39" name="test_with_cases_decorated2[case_simple]" time="0.0009417533874511719"></testcase><testcase classname="pytest_cases.tests.cases.legacy.advanced.test_stackoverflow" file="pytest_cases/tests/cases/legacy/advanced/test_stackoverflow.py" line="39" name="test_with_cases_decorated2[case_simple2]" time="0.0019707679748535156"></testcase><testcase classname="pytest_cases.tests.cases.legacy.advanced.test_stackoverflow" file="pytest_cases/tests/cases/legacy/advanced/test_stackoverflow.py" line="87" name="test_a[case_1]" time="0.002041339874267578"><system-out>loading file file1
</system-out></testcase><testcase classname="pytest_cases.tests.cases.legacy.advanced.test_stackoverflow" file="pytest_cases/tests/cases/legacy/advanced/test_stackoverflow.py" line="87" name="test_a[case_2]" time="0.0012485980987548828"><system-out>loading file file2
</system-out></testcase><testcase classname="pytest_cases.tests.cases.legacy.advanced.test_stackoverflow" file="pytest_cases/tests/cases/legacy/advanced/test_stackoverflow.py" line="97" name="test_b[case_2]" time="0.0012364387512207031"></testcase><testcase classname="pytest_cases.tests.cases.legacy.advanced.test_stackoverflow" file="pytest_cases/tests/cases/legacy/advanced/test_stackoverflow.py" line="97" name="test_b[case_3]" time="0.001287221908569336"><system-out>loading file file3
</system-out></testcase><testcase classname="pytest_cases.tests.cases.legacy.advanced.test_stackoverflow" file="pytest_cases/tests/cases/legacy/advanced/test_stackoverflow.py" line="107" name="test_c[case_1]" time="0.0014896392822265625"></testcase><testcase classname="pytest_cases.tests.cases.legacy.advanced.test_stackoverflow" file="pytest_cases/tests/cases/legacy/advanced/test_stackoverflow.py" line="107" name="test_c[case_2]" time="0.0008854866027832031"></testcase><testcase classname="pytest_cases.tests.cases.legacy.advanced.test_stackoverflow" file="pytest_cases/tests/cases/legacy/advanced/test_stackoverflow.py" line="107" name="test_c[case_3]" time="0.0009019374847412109"></testcase><testcase classname="pytest_cases.tests.cases.legacy.advanced.test_suite_parametrized_cases" file="pytest_cases/tests/cases/legacy/advanced/test_suite_parametrized_cases.py" line="65" name="test_suite_parametrized_cases[case_simple-step_check_a]" time="0.0014815330505371094"><system-out>{&apos;a&apos;: 1, &apos;b&apos;: 2}
</system-out></testcase><testcase classname="pytest_cases.tests.cases.legacy.advanced.test_suite_parametrized_cases" file="pytest_cases/tests/cases/legacy/advanced/test_suite_parametrized_cases.py" line="65" name="test_suite_parametrized_cases[case_simple-step_check_b]" time="0.001772165298461914"><system-out>{&apos;a&apos;: 1, &apos;b&apos;: 2}
</system-out></testcase><testcase classname="pytest_cases.tests.cases.legacy.advanced.test_suite_parametrized_cases" file="pytest_cases/tests/cases/legacy/advanced/test_suite_parametrized_cases.py" line="65" name="test_suite_parametrized_cases[case_simple2-step_check_a]" time="0.003869295120239258"><system-out>{&apos;a&apos;: -1, &apos;b&apos;: 2}
</system-out></testcase><testcase classname="pytest_cases.tests.cases.legacy.advanced.test_suite_parametrized_cases" file="pytest_cases/tests/cases/legacy/advanced/test_suite_parametrized_cases.py" line="65" name="test_suite_parametrized_cases[case_simple2-step_check_b]" time="0.0018472671508789062"><system-out>{&apos;a&apos;: -1, &apos;b&apos;: 2}
</system-out></testcase><testcase classname="pytest_cases.tests.cases.legacy.advanced.test_suite_shared_dict_cases" file="pytest_cases/tests/cases/legacy/advanced/test_suite_shared_dict_cases.py" line="51" name="test_suite_shared_dict_cases[case_simple-step_check_a]" time="0.0019497871398925781"><system-out>{&apos;a&apos;: 1, &apos;b&apos;: 2}
</system-out></testcase><testcase classname="pytest_cases.tests.cases.legacy.advanced.test_suite_shared_dict_cases" file="pytest_cases/tests/cases/legacy/advanced/test_suite_shared_dict_cases.py" line="51" name="test_suite_shared_dict_cases[case_simple-step_check_b]" time="0.0019664764404296875"><system-out>{&apos;a&apos;: 1, &apos;b&apos;: 2}
</system-out></testcase><testcase classname="pytest_cases.tests.cases.legacy.advanced.test_suite_shared_dict_cases" file="pytest_cases/tests/cases/legacy/advanced/test_suite_shared_dict_cases.py" line="51" name="test_suite_shared_dict_cases[case_simple2-step_check_a]" time="0.002246379852294922"><system-out>{&apos;a&apos;: -1, &apos;b&apos;: 2}
</system-out></testcase><testcase classname="pytest_cases.tests.cases.legacy.advanced.test_suite_shared_dict_cases" file="pytest_cases/tests/cases/legacy/advanced/test_suite_shared_dict_cases.py" line="51" name="test_suite_shared_dict_cases[case_simple2-step_check_b]" time="0.0020923614501953125"><system-out>{&apos;a&apos;: -1, &apos;b&apos;: 2}
</system-out></testcase><testcase classname="pytest_cases.tests.cases.legacy.intermediate.test_filtering" file="pytest_cases/tests/cases/legacy/intermediate/test_filtering.py" line="34" name="test_with_cases_a_or_b[case_data0]" time="0.0004668235778808594"><skipped message="got empty parameter set [&apos;case_data&apos;], function test_with_cases_a_or_b at /home/travis/build/smarie/python-pytest-cases/pytest_cases/tests/cases/legacy/intermediate/test_filtering.py:34" type="pytest.skip">pytest_cases/tests/cases/legacy/intermediate/test_filtering.py:34: &lt;py._xmlgen.raw object at 0x7fcbdddc0b70&gt;</skipped></testcase><testcase classname="pytest_cases.tests.cases.legacy.intermediate.test_filtering" file="pytest_cases/tests/cases/legacy/intermediate/test_filtering.py" line="47" name="test_with_cases_a_and_b[case_data0]" time="0.0005800724029541016"><skipped message="got empty parameter set [&apos;case_data&apos;], function test_with_cases_a_and_b at /home/travis/build/smarie/python-pytest-cases/pytest_cases/tests/cases/legacy/intermediate/test_filtering.py:47" type="pytest.skip">pytest_cases/tests/cases/legacy/intermediate/test_filtering.py:47: &lt;py._xmlgen.raw object at 0x7fcbdd939390&gt;</skipped></testcase><testcase classname="pytest_cases.tests.cases.legacy.intermediate.test_shared" file="pytest_cases/tests/cases/legacy/intermediate/test_shared.py" line="12" name="test_with_filter[case_for_function1]" time="0.0013546943664550781"></testcase><testcase classname="pytest_cases.tests.cases.legacy.intermediate.test_shared" file="pytest_cases/tests/cases/legacy/intermediate/test_shared.py" line="12" name="test_with_filter[case_for_function_1_and_2]" time="0.0018436908721923828"></testcase><testcase classname="pytest_cases.tests.cases.legacy.intermediate.test_shared" file="pytest_cases/tests/cases/legacy/intermediate/test_shared.py" line="25" name="test_with_filter2[case_for_function2]" time="0.0011470317840576172"></testcase><testcase classname="pytest_cases.tests.cases.legacy.intermediate.test_shared" file="pytest_cases/tests/cases/legacy/intermediate/test_shared.py" line="25" name="test_with_filter2[case_for_function_1_and_2]" time="0.0011501312255859375"></testcase><testcase classname="pytest_cases.tests.cases.legacy.intermediate.test_shared" file="pytest_cases/tests/cases/legacy/intermediate/test_shared.py" line="38" name="test_with_no_filter_all_cases[case_for_function1]" time="0.0011670589447021484"></testcase><testcase classname="pytest_cases.tests.cases.legacy.intermediate.test_shared" file="pytest_cases/tests/cases/legacy/intermediate/test_shared.py" line="38" name="test_with_no_filter_all_cases[case_for_function2]" time="0.001241922378540039"></testcase><testcase classname="pytest_cases.tests.cases.legacy.intermediate.test_shared" file="pytest_cases/tests/cases/legacy/intermediate/test_shared.py" line="38" name="test_with_no_filter_all_cases[case_for_function_1_and_2]" time="0.001190185546875"></testcase><testcase classname="pytest_cases.tests.cases.legacy.intermediate.test_two_modules" file="pytest_cases/tests/cases/legacy/intermediate/test_two_modules.py" line="10" name="test_with_cases_decorated[case_simple]" time="0.0011699199676513672"></testcase><testcase classname="pytest_cases.tests.cases.legacy.intermediate.test_two_modules" file="pytest_cases/tests/cases/legacy/intermediate/test_two_modules.py" line="10" name="test_with_cases_decorated[case_simple_error_type]" time="0.001130819320678711"></testcase><testcase classname="pytest_cases.tests.cases.legacy.intermediate.test_two_modules" file="pytest_cases/tests/cases/legacy/intermediate/test_two_modules.py" line="10" name="test_with_cases_decorated[case_simple_error_instance]" time="0.0013217926025390625"></testcase><testcase classname="pytest_cases.tests.cases.legacy.intermediate.test_two_modules" file="pytest_cases/tests/cases/legacy/intermediate/test_two_modules.py" line="10" name="test_with_cases_decorated[case_simple_error_callable]" time="0.0011568069458007812"></testcase><testcase classname="pytest_cases.tests.cases.legacy.intermediate.test_two_modules" file="pytest_cases/tests/cases/legacy/intermediate/test_two_modules.py" line="10" name="test_with_cases_decorated[case_skipped]" time="0.0005428791046142578"><skipped message="unconditional skip" type="pytest.skip">pytest_cases/tests/cases/legacy/intermediate/test_two_modules.py:10: &lt;py._xmlgen.raw object at 0x7fcbdd942e48&gt;</skipped></testcase><testcase classname="pytest_cases.tests.cases.legacy.intermediate.test_two_modules" file="pytest_cases/tests/cases/legacy/intermediate/test_two_modules.py" line="10" name="test_with_cases_decorated[case_for_function1]" time="0.001949310302734375"></testcase><testcase classname="pytest_cases.tests.cases.legacy.intermediate.test_two_modules" file="pytest_cases/tests/cases/legacy/intermediate/test_two_modules.py" line="10" name="test_with_cases_decorated[case_for_function2]" time="0.0011444091796875"></testcase><testcase classname="pytest_cases.tests.cases.legacy.intermediate.test_two_modules" file="pytest_cases/tests/cases/legacy/intermediate/test_two_modules.py" line="10" name="test_with_cases_decorated[case_for_function_1_and_2]" time="0.0011622905731201172"></testcase><testcase classname="pytest_cases.tests.cases.legacy.simple.test_fixtures" file="pytest_cases/tests/cases/legacy/simple/test_fixtures.py" line="20" name="test_with_cases_decorated_legacy[case_simple]" time="0.0015990734100341797"></testcase><testcase classname="pytest_cases.tests.cases.legacy.simple.test_fixtures" file="pytest_cases/tests/cases/legacy/simple/test_fixtures.py" line="20" name="test_with_cases_decorated_legacy[case_simple_error_type]" time="0.0014121532440185547"></testcase><testcase classname="pytest_cases.tests.cases.legacy.simple.test_fixtures" file="pytest_cases/tests/cases/legacy/simple/test_fixtures.py" line="20" name="test_with_cases_decorated_legacy[case_simple_error_instance]" time="0.0023353099822998047"></testcase><testcase classname="pytest_cases.tests.cases.legacy.simple.test_fixtures" file="pytest_cases/tests/cases/legacy/simple/test_fixtures.py" line="20" name="test_with_cases_decorated_legacy[case_simple_error_callable]" time="0.0017161369323730469"></testcase><testcase classname="pytest_cases.tests.cases.legacy.simple.test_fixtures" file="pytest_cases/tests/cases/legacy/simple/test_fixtures.py" line="20" name="test_with_cases_decorated_legacy[case_skipped]" time="0.0005044937133789062"><skipped message="unconditional skip" type="pytest.skip">pytest_cases/tests/cases/legacy/simple/test_fixtures.py:20: &lt;py._xmlgen.raw object at 0x7fcbdddba940&gt;</skipped></testcase><testcase classname="pytest_cases.tests.cases.legacy.simple.test_fixtures" file="pytest_cases/tests/cases/legacy/simple/test_fixtures.py" line="67" name="test_with_cases_decorated[case_simple]" time="0.0014078617095947266"></testcase><testcase classname="pytest_cases.tests.cases.legacy.simple.test_fixtures" file="pytest_cases/tests/cases/legacy/simple/test_fixtures.py" line="67" name="test_with_cases_decorated[case_simple_error_type]" time="0.0020780563354492188"></testcase><testcase classname="pytest_cases.tests.cases.legacy.simple.test_fixtures" file="pytest_cases/tests/cases/legacy/simple/test_fixtures.py" line="67" name="test_with_cases_decorated[case_simple_error_instance]" time="0.001332998275756836"></testcase><testcase classname="pytest_cases.tests.cases.legacy.simple.test_fixtures" file="pytest_cases/tests/cases/legacy/simple/test_fixtures.py" line="67" name="test_with_cases_decorated[case_simple_error_callable]" time="0.0011663436889648438"></testcase><testcase classname="pytest_cases.tests.cases.legacy.simple.test_fixtures" file="pytest_cases/tests/cases/legacy/simple/test_fixtures.py" line="67" name="test_with_cases_decorated[case_skipped]" time="0.00036597251892089844"><skipped message="unconditional skip" type="pytest.skip">pytest_cases/tests/cases/legacy/simple/test_fixtures.py:67: &lt;py._xmlgen.raw object at 0x7fcbdd8d35c0&gt;</skipped></testcase><testcase classname="pytest_cases.tests.cases.legacy.simple.test_generators" file="pytest_cases/tests/cases/legacy/simple/test_generators.py" line="56" name="test_with_cases_decorated[case_simple]" time="0.0017812252044677734"></testcase><testcase classname="pytest_cases.tests.cases.legacy.simple.test_generators" file="pytest_cases/tests/cases/legacy/simple/test_generators.py" line="56" name="test_with_cases_decorated[test with i=0, j=0 and name template]" time="0.0011365413665771484"></testcase><testcase classname="pytest_cases.tests.cases.legacy.simple.test_generators" file="pytest_cases/tests/cases/legacy/simple/test_generators.py" line="56" name="test_with_cases_decorated[test with i=1, j=0 and name template]" time="0.0012879371643066406"></testcase><testcase classname="pytest_cases.tests.cases.legacy.simple.test_generators" file="pytest_cases/tests/cases/legacy/simple/test_generators.py" line="56" name="test_with_cases_decorated[test with i=0, j=1 and name template]" time="0.0014200210571289062"></testcase><testcase classname="pytest_cases.tests.cases.legacy.simple.test_generators" file="pytest_cases/tests/cases/legacy/simple/test_generators.py" line="56" name="test_with_cases_decorated[test with i=1, j=1 and name template]" time="0.0008978843688964844"></testcase><testcase classname="pytest_cases.tests.cases.legacy.simple.test_generators" file="pytest_cases/tests/cases/legacy/simple/test_generators.py" line="56" name="test_with_cases_decorated[test with i=0, j=2 and name template]" time="0.0013418197631835938"></testcase><testcase classname="pytest_cases.tests.cases.legacy.simple.test_generators" file="pytest_cases/tests/cases/legacy/simple/test_generators.py" line="56" name="test_with_cases_decorated[test with i=1, j=2 and name template]" time="0.0011639595031738281"></testcase><testcase classname="pytest_cases.tests.cases.legacy.simple.test_generators" file="pytest_cases/tests/cases/legacy/simple/test_generators.py" line="56" name="test_with_cases_decorated[test with i=0, j=0 and names callable provider]" time="0.0011210441589355469"></testcase><testcase classname="pytest_cases.tests.cases.legacy.simple.test_generators" file="pytest_cases/tests/cases/legacy/simple/test_generators.py" line="56" name="test_with_cases_decorated[test with i=1, j=0 and names callable provider]" time="0.0011088848114013672"></testcase><testcase classname="pytest_cases.tests.cases.legacy.simple.test_generators" file="pytest_cases/tests/cases/legacy/simple/test_generators.py" line="56" name="test_with_cases_decorated[test with i=0, j=1 and names callable provider]" time="0.0014197826385498047"></testcase><testcase classname="pytest_cases.tests.cases.legacy.simple.test_generators" file="pytest_cases/tests/cases/legacy/simple/test_generators.py" line="56" name="test_with_cases_decorated[test with i=1, j=1 and names callable provider]" time="0.0013592243194580078"></testcase><testcase classname="pytest_cases.tests.cases.legacy.simple.test_generators" file="pytest_cases/tests/cases/legacy/simple/test_generators.py" line="56" name="test_with_cases_decorated[test with i=0, j=2 and names callable provider]" time="0.0018126964569091797"></testcase><testcase classname="pytest_cases.tests.cases.legacy.simple.test_generators" file="pytest_cases/tests/cases/legacy/simple/test_generators.py" line="56" name="test_with_cases_decorated[test with i=1, j=2 and names callable provider]" time="0.0012483596801757812"></testcase><testcase classname="pytest_cases.tests.cases.legacy.simple.test_generators" file="pytest_cases/tests/cases/legacy/simple/test_generators.py" line="56" name="test_with_cases_decorated[test with i=0, j=0 and explicit names list]" time="0.0012965202331542969"></testcase><testcase classname="pytest_cases.tests.cases.legacy.simple.test_generators" file="pytest_cases/tests/cases/legacy/simple/test_generators.py" line="56" name="test_with_cases_decorated[test with i=0, j=1 and explicit names list]" time="0.0012564659118652344"></testcase><testcase classname="pytest_cases.tests.cases.legacy.simple.test_generators" file="pytest_cases/tests/cases/legacy/simple/test_generators.py" line="56" name="test_with_cases_decorated[test with i=0, j=2 and explicit names list]" time="0.0013875961303710938"></testcase><testcase classname="pytest_cases.tests.cases.legacy.simple.test_generators" file="pytest_cases/tests/cases/legacy/simple/test_generators.py" line="56" name="test_with_cases_decorated[test with i=1, j=0 and explicit names list]" time="0.0010433197021484375"></testcase><testcase classname="pytest_cases.tests.cases.legacy.simple.test_generators" file="pytest_cases/tests/cases/legacy/simple/test_generators.py" line="56" name="test_with_cases_decorated[test with i=1, j=1 and explicit names list]" time="0.0018966197967529297"></testcase><testcase classname="pytest_cases.tests.cases.legacy.simple.test_generators" file="pytest_cases/tests/cases/legacy/simple/test_generators.py" line="56" name="test_with_cases_decorated[test with i=1, j=2 and explicit names list]" time="0.0010502338409423828"></testcase><testcase classname="pytest_cases.tests.cases.legacy.simple.test_main" file="pytest_cases/tests/cases/legacy/simple/test_main.py" line="12" name="test_with_cases_decorated[case_simple]" time="0.0011968612670898438"></testcase><testcase classname="pytest_cases.tests.cases.legacy.simple.test_main" file="pytest_cases/tests/cases/legacy/simple/test_main.py" line="12" name="test_with_cases_decorated[case_simple_error_type]" time="0.0012345314025878906"></testcase><testcase classname="pytest_cases.tests.cases.legacy.simple.test_main" file="pytest_cases/tests/cases/legacy/simple/test_main.py" line="12" name="test_with_cases_decorated[case_simple_error_instance]" time="0.0011248588562011719"></testcase><testcase classname="pytest_cases.tests.cases.legacy.simple.test_main" file="pytest_cases/tests/cases/legacy/simple/test_main.py" line="12" name="test_with_cases_decorated[case_simple_error_callable]" time="0.001224517822265625"></testcase><testcase classname="pytest_cases.tests.cases.legacy.simple.test_main" file="pytest_cases/tests/cases/legacy/simple/test_main.py" line="12" name="test_with_cases_decorated[case_skipped]" time="0.0003390312194824219"><skipped message="unconditional skip" type="pytest.skip">pytest_cases/tests/cases/legacy/simple/test_main.py:12: &lt;py._xmlgen.raw object at 0x7fcbdd8e5390&gt;</skipped></testcase><testcase classname="pytest_cases.tests.cases.legacy.simple.test_main" file="pytest_cases/tests/cases/legacy/simple/test_main.py" line="50" name="test_with_cases_manual[case_simple]" time="0.0012764930725097656"></testcase><testcase classname="pytest_cases.tests.cases.legacy.simple.test_main" file="pytest_cases/tests/cases/legacy/simple/test_main.py" line="50" name="test_with_cases_manual[case_simple_error_type]" time="0.0012164115905761719"></testcase><testcase classname="pytest_cases.tests.cases.legacy.simple.test_main" file="pytest_cases/tests/cases/legacy/simple/test_main.py" line="50" name="test_with_cases_manual[case_simple_error_instance]" time="0.002556324005126953"></testcase><testcase classname="pytest_cases.tests.cases.legacy.simple.test_main" file="pytest_cases/tests/cases/legacy/simple/test_main.py" line="50" name="test_with_cases_manual[case_simple_error_callable]" time="0.0013620853424072266"></testcase><testcase classname="pytest_cases.tests.cases.legacy.simple.test_main" file="pytest_cases/tests/cases/legacy/simple/test_main.py" line="50" name="test_with_cases_manual[case_skipped]" time="0.0004520416259765625"><skipped message="unconditional skip" type="pytest.skip">pytest_cases/tests/cases/legacy/simple/test_main.py:50: &lt;py._xmlgen.raw object at 0x7fcbdd8e5978&gt;</skipped></testcase><testcase classname="pytest_cases.tests.cases.legacy.simple.test_pytest_marks" file="pytest_cases/tests/cases/legacy/simple/test_pytest_marks.py" line="9" name="test_get_pytest_marks" time="0.001443624496459961"></testcase><testcase classname="pytest_cases.tests.cases.legacy.simple.test_same_file" file="pytest_cases/tests/cases/legacy/simple/test_same_file.py" line="27" name="test_with_cases_decorated[case_simple]" time="0.0014595985412597656"></testcase><testcase classname="pytest_cases.tests.cases.legacy.simple.test_same_file" file="pytest_cases/tests/cases/legacy/simple/test_same_file.py" line="27" name="test_with_cases_decorated[case_simple2]" time="0.0018744468688964844"></testcase><testcase classname="pytest_cases.tests.cases.legacy.simple.test_so.TestIt" file="pytest_cases/tests/cases/legacy/simple/test_so.py" line="33" name="test_tc1[[&apos;var1&apos;, &apos;var2&apos;]]" time="0.0016028881072998047"><system-out>this
</system-out></testcase><testcase classname="pytest_cases.tests.cases.legacy.simple.test_so2" file="pytest_cases/tests/cases/legacy/simple/test_so2.py" line="45" name="test_data[data1_a]" time="0.001293182373046875"><system-out>setup for &lt;function case_datasetA at 0x7fcbddd1a598&gt;
</system-out></testcase><testcase classname="pytest_cases.tests.cases.legacy.simple.test_so2" file="pytest_cases/tests/cases/legacy/simple/test_so2.py" line="45" name="test_data[data2_a]" time="0.0014119148254394531"><system-out>teardown for &lt;function case_datasetA at 0x7fcbddd1a598&gt;
</system-out></testcase><testcase classname="pytest_cases.tests.cases.legacy.simple.test_so2" file="pytest_cases/tests/cases/legacy/simple/test_so2.py" line="45" name="test_data[data3_a]" time="0.0012569427490234375"></testcase><testcase classname="pytest_cases.tests.cases.legacy.simple.test_so2" file="pytest_cases/tests/cases/legacy/simple/test_so2.py" line="45" name="test_data[data1_b]" time="0.0017094612121582031"><system-out>setup for &lt;function case_datasetB at 0x7fcbddd1a620&gt;
</system-out></testcase><testcase classname="pytest_cases.tests.cases.legacy.simple.test_so2" file="pytest_cases/tests/cases/legacy/simple/test_so2.py" line="45" name="test_data[data2_b]" time="0.0013287067413330078"><system-out>teardown for &lt;function case_datasetB at 0x7fcbddd1a620&gt;
</system-out></testcase><testcase classname="pytest_cases.tests.cases.legacy.simple.test_so2" file="pytest_cases/tests/cases/legacy/simple/test_so2.py" line="45" name="test_data[data3_b]" time="0.001186370849609375"></testcase><testcase classname="pytest_cases.tests.cases.legacy.simple.test_so2" file="pytest_cases/tests/cases/legacy/simple/test_so2.py" line="50" name="test_synthesis" time="0.003902435302734375"></testcase><testcase classname="pytest_cases.tests.cases.others.test_glob_low_level" file="pytest_cases/tests/cases/others/test_glob_low_level.py" line="5" name="test_glob_low_level" time="0.0024309158325195312"></testcase><testcase classname="pytest_cases.tests.pytest_extension.doc.test_doc_fixture_graph" file="pytest_cases/tests/pytest_extension/doc/test_doc_fixture_graph.py" line="29" name="test_2[ie=-1-ia=0-i2=x]" time="0.0018053054809570312"></testcase><testcase classname="pytest_cases.tests.pytest_extension.doc.test_doc_fixture_graph" file="pytest_cases/tests/pytest_extension/doc/test_doc_fixture_graph.py" line="29" name="test_2[ie=-1-ia=0-i2=z]" time="0.0019817352294921875"></testcase><testcase classname="pytest_cases.tests.pytest_extension.doc.test_doc_fixture_graph" file="pytest_cases/tests/pytest_extension/doc/test_doc_fixture_graph.py" line="29" name="test_2[ie=-1-ia=1-i2=x]" time="0.0020210742950439453"></testcase><testcase classname="pytest_cases.tests.pytest_extension.doc.test_doc_fixture_graph" file="pytest_cases/tests/pytest_extension/doc/test_doc_fixture_graph.py" line="29" name="test_2[ie=-1-ia=1-i2=z]" time="0.0021991729736328125"></testcase><testcase classname="pytest_cases.tests.pytest_extension.doc.test_doc_fixture_graph" file="pytest_cases/tests/pytest_extension/doc/test_doc_fixture_graph.py" line="29" name="test_2[ie=1-ia=0-i2=x]" time="0.0019893646240234375"></testcase><testcase classname="pytest_cases.tests.pytest_extension.doc.test_doc_fixture_graph" file="pytest_cases/tests/pytest_extension/doc/test_doc_fixture_graph.py" line="29" name="test_2[ie=1-ia=0-i2=z]" time="0.0020842552185058594"></testcase><testcase classname="pytest_cases.tests.pytest_extension.doc.test_doc_fixture_graph" file="pytest_cases/tests/pytest_extension/doc/test_doc_fixture_graph.py" line="29" name="test_2[ie=1-ia=1-i2=x]" time="0.0020492076873779297"></testcase><testcase classname="pytest_cases.tests.pytest_extension.doc.test_doc_fixture_graph" file="pytest_cases/tests/pytest_extension/doc/test_doc_fixture_graph.py" line="29" name="test_2[ie=1-ia=1-i2=z]" time="0.002216339111328125"></testcase><testcase classname="pytest_cases.tests.pytest_extension.doc.test_doc_fixture_graph" file="pytest_cases/tests/pytest_extension/doc/test_doc_fixture_graph.py" line="40" name="test_1[ie=-1-ia=0-ib=x]" time="0.0026428699493408203"></testcase><testcase classname="pytest_cases.tests.pytest_extension.doc.test_doc_fixture_graph" file="pytest_cases/tests/pytest_extension/doc/test_doc_fixture_graph.py" line="40" name="test_1[ie=-1-ia=0-ib=z]" time="0.00244903564453125"></testcase><testcase classname="pytest_cases.tests.pytest_extension.doc.test_doc_fixture_graph" file="pytest_cases/tests/pytest_extension/doc/test_doc_fixture_graph.py" line="40" name="test_1[ie=-1-ia=1-ib=x]" time="0.0025365352630615234"></testcase><testcase classname="pytest_cases.tests.pytest_extension.doc.test_doc_fixture_graph" file="pytest_cases/tests/pytest_extension/doc/test_doc_fixture_graph.py" line="40" name="test_1[ie=-1-ia=1-ib=z]" time="0.002332448959350586"></testcase><testcase classname="pytest_cases.tests.pytest_extension.doc.test_doc_fixture_graph" file="pytest_cases/tests/pytest_extension/doc/test_doc_fixture_graph.py" line="40" name="test_1[ie=1-ia=0-ib=x]" time="0.0020530223846435547"></testcase><testcase classname="pytest_cases.tests.pytest_extension.doc.test_doc_fixture_graph" file="pytest_cases/tests/pytest_extension/doc/test_doc_fixture_graph.py" line="40" name="test_1[ie=1-ia=0-ib=z]" time="0.0024166107177734375"></testcase><testcase classname="pytest_cases.tests.pytest_extension.doc.test_doc_fixture_graph" file="pytest_cases/tests/pytest_extension/doc/test_doc_fixture_graph.py" line="40" name="test_1[ie=1-ia=1-ib=x]" time="0.001981019973754883"></testcase><testcase classname="pytest_cases.tests.pytest_extension.doc.test_doc_fixture_graph" file="pytest_cases/tests/pytest_extension/doc/test_doc_fixture_graph.py" line="40" name="test_1[ie=1-ia=1-ib=z]" time="0.0019423961639404297"></testcase><testcase classname="pytest_cases.tests.pytest_extension.doc.test_doc_fixture_graph_union" file="pytest_cases/tests/pytest_extension/doc/test_doc_fixture_graph_union.py" line="29" name="test_2[ie=-1-ia=0-i2=x]" time="0.0020933151245117188"></testcase><testcase classname="pytest_cases.tests.pytest_extension.doc.test_doc_fixture_graph_union" file="pytest_cases/tests/pytest_extension/doc/test_doc_fixture_graph_union.py" line="29" name="test_2[ie=-1-ia=0-i2=z]" time="0.0025174617767333984"></testcase><testcase classname="pytest_cases.tests.pytest_extension.doc.test_doc_fixture_graph_union" file="pytest_cases/tests/pytest_extension/doc/test_doc_fixture_graph_union.py" line="29" name="test_2[ie=-1-ia=1-i2=x]" time="0.0018470287322998047"></testcase><testcase classname="pytest_cases.tests.pytest_extension.doc.test_doc_fixture_graph_union" file="pytest_cases/tests/pytest_extension/doc/test_doc_fixture_graph_union.py" line="29" name="test_2[ie=-1-ia=1-i2=z]" time="0.0019321441650390625"></testcase><testcase classname="pytest_cases.tests.pytest_extension.doc.test_doc_fixture_graph_union" file="pytest_cases/tests/pytest_extension/doc/test_doc_fixture_graph_union.py" line="29" name="test_2[ie=1-ia=0-i2=x]" time="0.0018935203552246094"></testcase><testcase classname="pytest_cases.tests.pytest_extension.doc.test_doc_fixture_graph_union" file="pytest_cases/tests/pytest_extension/doc/test_doc_fixture_graph_union.py" line="29" name="test_2[ie=1-ia=0-i2=z]" time="0.0020940303802490234"></testcase><testcase classname="pytest_cases.tests.pytest_extension.doc.test_doc_fixture_graph_union" file="pytest_cases/tests/pytest_extension/doc/test_doc_fixture_graph_union.py" line="29" name="test_2[ie=1-ia=1-i2=x]" time="0.0022640228271484375"></testcase><testcase classname="pytest_cases.tests.pytest_extension.doc.test_doc_fixture_graph_union" file="pytest_cases/tests/pytest_extension/doc/test_doc_fixture_graph_union.py" line="29" name="test_2[ie=1-ia=1-i2=z]" time="0.0020127296447753906"></testcase><testcase classname="pytest_cases.tests.pytest_extension.doc.test_doc_fixture_graph_union" file="pytest_cases/tests/pytest_extension/doc/test_doc_fixture_graph_union.py" line="51" name="test_1[ie=-1-/a-ia=0]" time="0.0027468204498291016"></testcase><testcase classname="pytest_cases.tests.pytest_extension.doc.test_doc_fixture_graph_union" file="pytest_cases/tests/pytest_extension/doc/test_doc_fixture_graph_union.py" line="51" name="test_1[ie=-1-/a-ia=1]" time="0.0025954246520996094"></testcase><testcase classname="pytest_cases.tests.pytest_extension.doc.test_doc_fixture_graph_union" file="pytest_cases/tests/pytest_extension/doc/test_doc_fixture_graph_union.py" line="51" name="test_1[ie=-1-/b-ib=x-ub=fixture_ref&lt;a&gt;-ia=0]" time="0.002962827682495117"></testcase><testcase classname="pytest_cases.tests.pytest_extension.doc.test_doc_fixture_graph_union" file="pytest_cases/tests/pytest_extension/doc/test_doc_fixture_graph_union.py" line="51" name="test_1[ie=-1-/b-ib=x-ub=fixture_ref&lt;a&gt;-ia=1]" time="0.002461671829223633"></testcase><testcase classname="pytest_cases.tests.pytest_extension.doc.test_doc_fixture_graph_union" file="pytest_cases/tests/pytest_extension/doc/test_doc_fixture_graph_union.py" line="51" name="test_1[ie=-1-/b-ib=x-ub=fixture_ref&lt;c&gt;]" time="0.002542734146118164"></testcase><testcase classname="pytest_cases.tests.pytest_extension.doc.test_doc_fixture_graph_union" file="pytest_cases/tests/pytest_extension/doc/test_doc_fixture_graph_union.py" line="51" name="test_1[ie=-1-/b-ib=z-ub=fixture_ref&lt;a&gt;-ia=0]" time="0.0023407936096191406"></testcase><testcase classname="pytest_cases.tests.pytest_extension.doc.test_doc_fixture_graph_union" file="pytest_cases/tests/pytest_extension/doc/test_doc_fixture_graph_union.py" line="51" name="test_1[ie=-1-/b-ib=z-ub=fixture_ref&lt;a&gt;-ia=1]" time="0.0031630992889404297"></testcase><testcase classname="pytest_cases.tests.pytest_extension.doc.test_doc_fixture_graph_union" file="pytest_cases/tests/pytest_extension/doc/test_doc_fixture_graph_union.py" line="51" name="test_1[ie=-1-/b-ib=z-ub=fixture_ref&lt;c&gt;]" time="0.0019867420196533203"></testcase><testcase classname="pytest_cases.tests.pytest_extension.doc.test_doc_fixture_graph_union" file="pytest_cases/tests/pytest_extension/doc/test_doc_fixture_graph_union.py" line="51" name="test_1[ie=1-/a-ia=0]" time="0.0023505687713623047"></testcase><testcase classname="pytest_cases.tests.pytest_extension.doc.test_doc_fixture_graph_union" file="pytest_cases/tests/pytest_extension/doc/test_doc_fixture_graph_union.py" line="51" name="test_1[ie=1-/a-ia=1]" time="0.002365589141845703"></testcase><testcase classname="pytest_cases.tests.pytest_extension.doc.test_doc_fixture_graph_union" file="pytest_cases/tests/pytest_extension/doc/test_doc_fixture_graph_union.py" line="51" name="test_1[ie=1-/b-ib=x-ub=fixture_ref&lt;a&gt;-ia=0]" time="0.0029938220977783203"></testcase><testcase classname="pytest_cases.tests.pytest_extension.doc.test_doc_fixture_graph_union" file="pytest_cases/tests/pytest_extension/doc/test_doc_fixture_graph_union.py" line="51" name="test_1[ie=1-/b-ib=x-ub=fixture_ref&lt;a&gt;-ia=1]" time="0.002627134323120117"></testcase><testcase classname="pytest_cases.tests.pytest_extension.doc.test_doc_fixture_graph_union" file="pytest_cases/tests/pytest_extension/doc/test_doc_fixture_graph_union.py" line="51" name="test_1[ie=1-/b-ib=x-ub=fixture_ref&lt;c&gt;]" time="0.0024652481079101562"></testcase><testcase classname="pytest_cases.tests.pytest_extension.doc.test_doc_fixture_graph_union" file="pytest_cases/tests/pytest_extension/doc/test_doc_fixture_graph_union.py" line="51" name="test_1[ie=1-/b-ib=z-ub=fixture_ref&lt;a&gt;-ia=0]" time="0.0025370121002197266"></testcase><testcase classname="pytest_cases.tests.pytest_extension.doc.test_doc_fixture_graph_union" file="pytest_cases/tests/pytest_extension/doc/test_doc_fixture_graph_union.py" line="51" name="test_1[ie=1-/b-ib=z-ub=fixture_ref&lt;a&gt;-ia=1]" time="0.00400996208190918"></testcase><testcase classname="pytest_cases.tests.pytest_extension.doc.test_doc_fixture_graph_union" file="pytest_cases/tests/pytest_extension/doc/test_doc_fixture_graph_union.py" line="51" name="test_1[ie=1-/b-ib=z-ub=fixture_ref&lt;c&gt;]" time="0.002605915069580078"></testcase><testcase classname="pytest_cases.tests.pytest_extension.doc.test_doc_fixture_graph_union" file="pytest_cases/tests/pytest_extension/doc/test_doc_fixture_graph_union.py" line="57" name="test_closure[ie=-1]" time="0.0018954277038574219"></testcase><testcase classname="pytest_cases.tests.pytest_extension.doc.test_doc_fixture_graph_union" file="pytest_cases/tests/pytest_extension/doc/test_doc_fixture_graph_union.py" line="57" name="test_closure[ie=1]" time="0.0019762516021728516"></testcase><testcase classname="pytest_cases.tests.pytest_extension.doc.test_doc_parametrize" file="pytest_cases/tests/pytest_extension/doc/test_doc_parametrize.py" line="24" name="test_prints[nothing-?]" time="0.002745389938354492"><system-out>nothing?
</system-out></testcase><testcase classname="pytest_cases.tests.pytest_extension.doc.test_doc_parametrize" file="pytest_cases/tests/pytest_extension/doc/test_doc_parametrize.py" line="24" name="test_prints[nothing-!]" time="0.0024900436401367188"><system-out>nothing!
</system-out></testcase><testcase classname="pytest_cases.tests.pytest_extension.doc.test_doc_parametrize" file="pytest_cases/tests/pytest_extension/doc/test_doc_parametrize.py" line="24" name="test_prints[world_str-?]" time="0.002524852752685547"><system-out>world?
</system-out></testcase><testcase classname="pytest_cases.tests.pytest_extension.doc.test_doc_parametrize" file="pytest_cases/tests/pytest_extension/doc/test_doc_parametrize.py" line="24" name="test_prints[world_str-!]" time="0.0025386810302734375"><system-out>world!
</system-out></testcase><testcase classname="pytest_cases.tests.pytest_extension.doc.test_doc_parametrize" file="pytest_cases/tests/pytest_extension/doc/test_doc_parametrize.py" line="24" name="test_prints[whatfun-?]" time="0.002786874771118164"><system-out>what?
</system-out></testcase><testcase classname="pytest_cases.tests.pytest_extension.doc.test_doc_parametrize" file="pytest_cases/tests/pytest_extension/doc/test_doc_parametrize.py" line="24" name="test_prints[whatfun-!]" time="0.0026559829711914062"><system-out>what!
</system-out></testcase><testcase classname="pytest_cases.tests.pytest_extension.doc.test_doc_parametrize" file="pytest_cases/tests/pytest_extension/doc/test_doc_parametrize.py" line="24" name="test_prints[greetings-world_str-?]" time="0.002389669418334961"><system-out>hello world?
</system-out></testcase><testcase classname="pytest_cases.tests.pytest_extension.doc.test_doc_parametrize" file="pytest_cases/tests/pytest_extension/doc/test_doc_parametrize.py" line="24" name="test_prints[greetings-world_str-!]" time="0.002749204635620117"><system-out>hello world!
</system-out></testcase><testcase classname="pytest_cases.tests.pytest_extension.doc.test_doc_parametrize" file="pytest_cases/tests/pytest_extension/doc/test_doc_parametrize.py" line="24" name="test_prints[greetings-you-?]" time="0.003307819366455078"><system-out>hello you?
</system-out></testcase><testcase classname="pytest_cases.tests.pytest_extension.doc.test_doc_parametrize" file="pytest_cases/tests/pytest_extension/doc/test_doc_parametrize.py" line="24" name="test_prints[greetings-you-!]" time="0.002357006072998047"><system-out>hello you!
</system-out></testcase><testcase classname="pytest_cases.tests.pytest_extension.fixtures.test_hook" file="pytest_cases/tests/pytest_extension/fixtures/test_hook.py" line="32" name="test_a[u-/o-3-4]" time="0.0024535655975341797"></testcase><testcase classname="pytest_cases.tests.pytest_extension.fixtures.test_hook" file="pytest_cases/tests/pytest_extension/fixtures/test_hook.py" line="32" name="test_a[u-/p-3-4]" time="0.002755880355834961"></testcase><testcase classname="pytest_cases.tests.pytest_extension.fixtures.test_hook" file="pytest_cases/tests/pytest_extension/fixtures/test_hook.py" line="32" name="test_a[p1-1-3-4]" time="0.002457141876220703"></testcase><testcase classname="pytest_cases.tests.pytest_extension.fixtures.test_hook" file="pytest_cases/tests/pytest_extension/fixtures/test_hook.py" line="32" name="test_a[p1-2-3-4]" time="0.0026290416717529297"></testcase><testcase classname="pytest_cases.tests.pytest_extension.fixtures.test_hook" file="pytest_cases/tests/pytest_extension/fixtures/test_hook.py" line="38" name="test_synthesis" time="0.004351139068603516"></testcase><testcase classname="pytest_cases.tests.pytest_extension.fixtures.test_issue_github_54" file="pytest_cases/tests/pytest_extension/fixtures/test_issue_github_54.py" line="15" name="test_invalid_argvalues" time="0.0011341571807861328"></testcase><testcase classname="pytest_cases.tests.pytest_extension.fixtures.test_so3" file="pytest_cases/tests/pytest_extension/fixtures/test_so3.py" line="12" name="test_stuff" time="0.0012774467468261719"></testcase><testcase classname="pytest_cases.tests.pytest_extension.fixtures.fixture_plus_and_others.test_fixture_unpacking" file="pytest_cases/tests/pytest_extension/fixtures/fixture_plus_and_others/test_fixture_unpacking.py" line="17" name="test_function[hello]" time="0.0016207695007324219"></testcase><testcase classname="pytest_cases.tests.pytest_extension.fixtures.fixture_plus_and_others.test_fixture_unpacking" file="pytest_cases/tests/pytest_extension/fixtures/fixture_plus_and_others/test_fixture_unpacking.py" line="17" name="test_function[world]" time="0.0018048286437988281"></testcase><testcase classname="pytest_cases.tests.pytest_extension.fixtures.fixture_plus_and_others.test_fixture_unpacking" file="pytest_cases/tests/pytest_extension/fixtures/fixture_plus_and_others/test_fixture_unpacking.py" line="21" name="test_synthesis" time="0.005354404449462891"></testcase><testcase classname="pytest_cases.tests.pytest_extension.fixtures.fixture_plus_and_others.test_fixture_unpacking2" file="pytest_cases/tests/pytest_extension/fixtures/fixture_plus_and_others/test_fixture_unpacking2.py" line="14" name="test_function[hello]" time="0.0017497539520263672"></testcase><testcase classname="pytest_cases.tests.pytest_extension.fixtures.fixture_plus_and_others.test_fixture_unpacking2" file="pytest_cases/tests/pytest_extension/fixtures/fixture_plus_and_others/test_fixture_unpacking2.py" line="14" name="test_function[world]" time="0.0015430450439453125"></testcase><testcase classname="pytest_cases.tests.pytest_extension.fixtures.fixture_plus_and_others.test_fixture_unpacking2" file="pytest_cases/tests/pytest_extension/fixtures/fixture_plus_and_others/test_fixture_unpacking2.py" line="28" name="test_function2[/root1-hello]" time="0.0023529529571533203"></testcase><testcase classname="pytest_cases.tests.pytest_extension.fixtures.fixture_plus_and_others.test_fixture_unpacking2" file="pytest_cases/tests/pytest_extension/fixtures/fixture_plus_and_others/test_fixture_unpacking2.py" line="28" name="test_function2[/root1-world]" time="0.0023903846740722656"></testcase><testcase classname="pytest_cases.tests.pytest_extension.fixtures.fixture_plus_and_others.test_fixture_unpacking2" file="pytest_cases/tests/pytest_extension/fixtures/fixture_plus_and_others/test_fixture_unpacking2.py" line="28" name="test_function2[/root2-yeepee]" time="0.0023353099822998047"></testcase><testcase classname="pytest_cases.tests.pytest_extension.fixtures.fixture_plus_and_others.test_fixture_unpacking2" file="pytest_cases/tests/pytest_extension/fixtures/fixture_plus_and_others/test_fixture_unpacking2.py" line="28" name="test_function2[/root2-yay]" time="0.003015279769897461"></testcase><testcase classname="pytest_cases.tests.pytest_extension.fixtures.fixture_plus_and_others.test_fixture_unpacking2" file="pytest_cases/tests/pytest_extension/fixtures/fixture_plus_and_others/test_fixture_unpacking2.py" line="33" name="test_synthesis" time="0.00487828254699707"></testcase><testcase classname="pytest_cases.tests.pytest_extension.fixtures.fixture_plus_and_others.test_fixtures_parametrize" file="pytest_cases/tests/pytest_extension/fixtures/fixture_plus_and_others/test_fixtures_parametrize.py" line="18" name="test_one[one-one]" time="0.0014257431030273438"><system-out>(&apos;one&apos;, &apos;one&apos;)
</system-out></testcase><testcase classname="pytest_cases.tests.pytest_extension.fixtures.fixture_plus_and_others.test_fixtures_parametrize" file="pytest_cases/tests/pytest_extension/fixtures/fixture_plus_and_others/test_fixtures_parametrize.py" line="18" name="test_one[one-two]" time="0.0014865398406982422"><system-out>(&apos;two&apos;, &apos;one&apos;)
</system-out></testcase><testcase classname="pytest_cases.tests.pytest_extension.fixtures.fixture_plus_and_others.test_fixtures_parametrize" file="pytest_cases/tests/pytest_extension/fixtures/fixture_plus_and_others/test_fixtures_parametrize.py" line="18" name="test_one[two-one]" time="0.0023546218872070312"><system-out>(&apos;one&apos;, &apos;two&apos;)
</system-out></testcase><testcase classname="pytest_cases.tests.pytest_extension.fixtures.fixture_plus_and_others.test_fixtures_parametrize" file="pytest_cases/tests/pytest_extension/fixtures/fixture_plus_and_others/test_fixtures_parametrize.py" line="18" name="test_one[two-two]" time="0.001374959945678711"><system-out>(&apos;two&apos;, &apos;two&apos;)
</system-out></testcase><testcase classname="pytest_cases.tests.pytest_extension.fixtures.fixture_plus_and_others.test_fixtures_parametrize" file="pytest_cases/tests/pytest_extension/fixtures/fixture_plus_and_others/test_fixtures_parametrize.py" line="24" name="test_synthesis" time="0.005170106887817383"></testcase><testcase classname="pytest_cases.tests.pytest_extension.fixtures.fixture_plus_and_others.test_fixtures_parametrize" file="pytest_cases/tests/pytest_extension/fixtures/fixture_plus_and_others/test_fixtures_parametrize.py" line="40" name="test_warning_pytest2" time="0.0013689994812011719"></testcase><testcase classname="pytest_cases.tests.pytest_extension.fixtures.fixture_plus_and_others.test_fixtures_parametrize_stereo" file="pytest_cases/tests/pytest_extension/fixtures/fixture_plus_and_others/test_fixtures_parametrize_stereo.py" line="59" name="test_stereo_two_parametrizers[list-stereo 1.wav]" time="0.0013766288757324219"></testcase><testcase classname="pytest_cases.tests.pytest_extension.fixtures.fixture_plus_and_others.test_fixtures_parametrize_stereo" file="pytest_cases/tests/pytest_extension/fixtures/fixture_plus_and_others/test_fixtures_parametrize_stereo.py" line="59" name="test_stereo_two_parametrizers[list-stereo 2.wav]" time="0.002193450927734375"></testcase><testcase classname="pytest_cases.tests.pytest_extension.fixtures.fixture_plus_and_others.test_fixtures_parametrize_stereo" file="pytest_cases/tests/pytest_extension/fixtures/fixture_plus_and_others/test_fixtures_parametrize_stereo.py" line="59" name="test_stereo_two_parametrizers[dict-stereo 1.wav]" time="0.0015337467193603516"></testcase><testcase classname="pytest_cases.tests.pytest_extension.fixtures.fixture_plus_and_others.test_fixtures_parametrize_stereo" file="pytest_cases/tests/pytest_extension/fixtures/fixture_plus_and_others/test_fixtures_parametrize_stereo.py" line="59" name="test_stereo_two_parametrizers[dict-stereo 2.wav]" time="0.0014281272888183594"></testcase><testcase classname="pytest_cases.tests.pytest_extension.fixtures.fixture_plus_and_others.test_fixtures_parametrize_stereo" file="pytest_cases/tests/pytest_extension/fixtures/fixture_plus_and_others/test_fixtures_parametrize_stereo.py" line="72" name="test_reference_test[list-stereo 1.wav]" time="0.0007669925689697266"><skipped message="with old versions of pytest pytest-cases cannot fix the parametrization order." type="pytest.skip">pytest_cases/tests/pytest_extension/fixtures/fixture_plus_and_others/test_fixtures_parametrize_stereo.py:72: &lt;py._xmlgen.raw object at 0x7fcbdd851860&gt;</skipped></testcase><testcase classname="pytest_cases.tests.pytest_extension.fixtures.fixture_plus_and_others.test_fixtures_parametrize_stereo" file="pytest_cases/tests/pytest_extension/fixtures/fixture_plus_and_others/test_fixtures_parametrize_stereo.py" line="72" name="test_reference_test[list-stereo 2.wav]" time="0.0007081031799316406"><skipped message="with old versions of pytest pytest-cases cannot fix the parametrization order." type="pytest.skip">pytest_cases/tests/pytest_extension/fixtures/fixture_plus_and_others/test_fixtures_parametrize_stereo.py:72: &lt;py._xmlgen.raw object at 0x7fcbdd856400&gt;</skipped></testcase><testcase classname="pytest_cases.tests.pytest_extension.fixtures.fixture_plus_and_others.test_fixtures_parametrize_stereo" file="pytest_cases/tests/pytest_extension/fixtures/fixture_plus_and_others/test_fixtures_parametrize_stereo.py" line="72" name="test_reference_test[dict-stereo 1.wav]" time="0.0005292892456054688"><skipped message="with old versions of pytest pytest-cases cannot fix the parametrization order." type="pytest.skip">pytest_cases/tests/pytest_extension/fixtures/fixture_plus_and_others/test_fixtures_parametrize_stereo.py:72: &lt;py._xmlgen.raw object at 0x7fcbdd8bd9e8&gt;</skipped></testcase><testcase classname="pytest_cases.tests.pytest_extension.fixtures.fixture_plus_and_others.test_fixtures_parametrize_stereo" file="pytest_cases/tests/pytest_extension/fixtures/fixture_plus_and_others/test_fixtures_parametrize_stereo.py" line="72" name="test_reference_test[dict-stereo 2.wav]" time="0.0005838871002197266"><skipped message="with old versions of pytest pytest-cases cannot fix the parametrization order." type="pytest.skip">pytest_cases/tests/pytest_extension/fixtures/fixture_plus_and_others/test_fixtures_parametrize_stereo.py:72: &lt;py._xmlgen.raw object at 0x7fcbdd851390&gt;</skipped></testcase><testcase classname="pytest_cases.tests.pytest_extension.fixtures.fixture_plus_and_others.test_fixtures_parametrize_stereo" file="pytest_cases/tests/pytest_extension/fixtures/fixture_plus_and_others/test_fixtures_parametrize_stereo.py" line="109" name="test_stereo_one_global_parametrizer[list-stereo 1.wav]" time="0.001741647720336914"></testcase><testcase classname="pytest_cases.tests.pytest_extension.fixtures.fixture_plus_and_others.test_fixtures_parametrize_stereo" file="pytest_cases/tests/pytest_extension/fixtures/fixture_plus_and_others/test_fixtures_parametrize_stereo.py" line="109" name="test_stereo_one_global_parametrizer[list-stereo 2.wav]" time="0.0016360282897949219"></testcase><testcase classname="pytest_cases.tests.pytest_extension.fixtures.fixture_plus_and_others.test_fixtures_parametrize_stereo" file="pytest_cases/tests/pytest_extension/fixtures/fixture_plus_and_others/test_fixtures_parametrize_stereo.py" line="109" name="test_stereo_one_global_parametrizer[dict-stereo 1.wav]" time="0.002401113510131836"></testcase><testcase classname="pytest_cases.tests.pytest_extension.fixtures.fixture_plus_and_others.test_fixtures_parametrize_stereo" file="pytest_cases/tests/pytest_extension/fixtures/fixture_plus_and_others/test_fixtures_parametrize_stereo.py" line="109" name="test_stereo_one_global_parametrizer[dict-stereo 2.wav]" time="0.0013575553894042969"></testcase><testcase classname="pytest_cases.tests.pytest_extension.fixtures.fixture_plus_and_others.test_fixtures_paramfixtures" file="pytest_cases/tests/pytest_extension/fixtures/fixture_plus_and_others/test_fixtures_paramfixtures.py" line="28" name="test_uses_param[1-3]" time="0.00191497802734375"></testcase><testcase classname="pytest_cases.tests.pytest_extension.fixtures.fixture_plus_and_others.test_fixtures_paramfixtures" file="pytest_cases/tests/pytest_extension/fixtures/fixture_plus_and_others/test_fixtures_paramfixtures.py" line="28" name="test_uses_param[1-4]" time="0.0018672943115234375"></testcase><testcase classname="pytest_cases.tests.pytest_extension.fixtures.fixture_plus_and_others.test_fixtures_paramfixtures" file="pytest_cases/tests/pytest_extension/fixtures/fixture_plus_and_others/test_fixtures_paramfixtures.py" line="28" name="test_uses_param[2-3]" time="0.0017344951629638672"></testcase><testcase classname="pytest_cases.tests.pytest_extension.fixtures.fixture_plus_and_others.test_fixtures_paramfixtures" file="pytest_cases/tests/pytest_extension/fixtures/fixture_plus_and_others/test_fixtures_paramfixtures.py" line="28" name="test_uses_param[2-4]" time="0.0019865036010742188"></testcase><testcase classname="pytest_cases.tests.pytest_extension.fixtures.fixture_plus_and_others.test_fixtures_paramfixtures" file="pytest_cases/tests/pytest_extension/fixtures/fixture_plus_and_others/test_fixtures_paramfixtures.py" line="46" name="test_uses_param2[1-2-5]" time="0.0024094581604003906"></testcase><testcase classname="pytest_cases.tests.pytest_extension.fixtures.fixture_plus_and_others.test_fixtures_paramfixtures" file="pytest_cases/tests/pytest_extension/fixtures/fixture_plus_and_others/test_fixtures_paramfixtures.py" line="46" name="test_uses_param2[1-2-6]" time="0.00232696533203125"></testcase><testcase classname="pytest_cases.tests.pytest_extension.fixtures.fixture_plus_and_others.test_fixtures_paramfixtures" file="pytest_cases/tests/pytest_extension/fixtures/fixture_plus_and_others/test_fixtures_paramfixtures.py" line="46" name="test_uses_param2[3-4-5]" time="0.002374887466430664"></testcase><testcase classname="pytest_cases.tests.pytest_extension.fixtures.fixture_plus_and_others.test_fixtures_paramfixtures" file="pytest_cases/tests/pytest_extension/fixtures/fixture_plus_and_others/test_fixtures_paramfixtures.py" line="46" name="test_uses_param2[3-4-6]" time="0.0023069381713867188"></testcase><testcase classname="pytest_cases.tests.pytest_extension.fixtures.fixture_plus_and_others.test_fixtures_paramfixtures" file="pytest_cases/tests/pytest_extension/fixtures/fixture_plus_and_others/test_fixtures_paramfixtures.py" line="68" name="test_custom_parameters[1-2-a-b-10-20]" time="0.0037298202514648438"></testcase><testcase classname="pytest_cases.tests.pytest_extension.fixtures.fixture_plus_and_others.test_fixtures_paramfixtures" file="pytest_cases/tests/pytest_extension/fixtures/fixture_plus_and_others/test_fixtures_paramfixtures.py" line="68" name="test_custom_parameters[1-2-a-b-30-40]" time="0.0023102760314941406"></testcase><testcase classname="pytest_cases.tests.pytest_extension.fixtures.fixture_plus_and_others.test_fixtures_paramfixtures" file="pytest_cases/tests/pytest_extension/fixtures/fixture_plus_and_others/test_fixtures_paramfixtures.py" line="68" name="test_custom_parameters[1-2-c-d-10-20]" time="0.0022268295288085938"></testcase><testcase classname="pytest_cases.tests.pytest_extension.fixtures.fixture_plus_and_others.test_fixtures_paramfixtures" file="pytest_cases/tests/pytest_extension/fixtures/fixture_plus_and_others/test_fixtures_paramfixtures.py" line="68" name="test_custom_parameters[1-2-c-d-30-40]" time="0.002489328384399414"></testcase><testcase classname="pytest_cases.tests.pytest_extension.fixtures.fixture_plus_and_others.test_fixtures_paramfixtures" file="pytest_cases/tests/pytest_extension/fixtures/fixture_plus_and_others/test_fixtures_paramfixtures.py" line="68" name="test_custom_parameters[3-4-a-b-10-20]" time="0.003092050552368164"></testcase><testcase classname="pytest_cases.tests.pytest_extension.fixtures.fixture_plus_and_others.test_fixtures_paramfixtures" file="pytest_cases/tests/pytest_extension/fixtures/fixture_plus_and_others/test_fixtures_paramfixtures.py" line="68" name="test_custom_parameters[3-4-a-b-30-40]" time="0.0025386810302734375"></testcase><testcase classname="pytest_cases.tests.pytest_extension.fixtures.fixture_plus_and_others.test_fixtures_paramfixtures" file="pytest_cases/tests/pytest_extension/fixtures/fixture_plus_and_others/test_fixtures_paramfixtures.py" line="68" name="test_custom_parameters[3-4-c-d-10-20]" time="0.002279520034790039"></testcase><testcase classname="pytest_cases.tests.pytest_extension.fixtures.fixture_plus_and_others.test_fixtures_paramfixtures" file="pytest_cases/tests/pytest_extension/fixtures/fixture_plus_and_others/test_fixtures_paramfixtures.py" line="68" name="test_custom_parameters[3-4-c-d-30-40]" time="0.0025339126586914062"></testcase><testcase classname="pytest_cases.tests.pytest_extension.fixtures.fixture_plus_and_others.test_fixtures_paramfixtures" file="pytest_cases/tests/pytest_extension/fixtures/fixture_plus_and_others/test_fixtures_paramfixtures.py" line="87" name="test_synthesis" time="0.005858898162841797"></testcase><testcase classname="pytest_cases.tests.pytest_extension.fixtures.fixture_plus_and_others.test_skip_on_paramz_fixture" file="pytest_cases/tests/pytest_extension/fixtures/fixture_plus_and_others/test_skip_on_paramz_fixture.py" line="6" name="test_foo_simple_param[0]" time="0.0012488365173339844"></testcase><testcase classname="pytest_cases.tests.pytest_extension.fixtures.fixture_plus_and_others.test_skip_on_paramz_fixture" file="pytest_cases/tests/pytest_extension/fixtures/fixture_plus_and_others/test_skip_on_paramz_fixture.py" line="6" name="test_foo_simple_param[1]" time="0.00044465065002441406"><skipped message="unconditional skip" type="pytest.skip">pytest_cases/tests/pytest_extension/fixtures/fixture_plus_and_others/test_skip_on_paramz_fixture.py:6: &lt;py._xmlgen.raw object at 0x7fcbdd86e908&gt;</skipped></testcase><testcase classname="pytest_cases.tests.pytest_extension.fixtures.fixture_plus_and_others.test_skip_on_paramz_fixture" file="pytest_cases/tests/pytest_extension/fixtures/fixture_plus_and_others/test_skip_on_paramz_fixture.py" line="16" name="test_foo2_paramfix[0]" time="0.001539468765258789"></testcase><testcase classname="pytest_cases.tests.pytest_extension.fixtures.fixture_plus_and_others.test_skip_on_paramz_fixture" file="pytest_cases/tests/pytest_extension/fixtures/fixture_plus_and_others/test_skip_on_paramz_fixture.py" line="16" name="test_foo2_paramfix[1]" time="0.0005545616149902344"><skipped message="unconditional skip" type="pytest.skip">pytest_cases/tests/pytest_extension/fixtures/fixture_plus_and_others/test_skip_on_paramz_fixture.py:16: &lt;py._xmlgen.raw object at 0x7fcbdd872c18&gt;</skipped></testcase><testcase classname="pytest_cases.tests.pytest_extension.fixtures.fixture_plus_and_others.test_skip_on_paramz_fixture" file="pytest_cases/tests/pytest_extension/fixtures/fixture_plus_and_others/test_skip_on_paramz_fixture.py" line="26" name="test_foo3_paramfix[0]" time="0.001439809799194336"></testcase><testcase classname="pytest_cases.tests.pytest_extension.fixtures.fixture_plus_and_others.test_skip_on_paramz_fixture" file="pytest_cases/tests/pytest_extension/fixtures/fixture_plus_and_others/test_skip_on_paramz_fixture.py" line="26" name="test_foo3_paramfix[1]" time="0.0005750656127929688"><skipped message="unconditional skip" type="pytest.skip">pytest_cases/tests/pytest_extension/fixtures/fixture_plus_and_others/test_skip_on_paramz_fixture.py:26: &lt;py._xmlgen.raw object at 0x7fcbddc8c4a8&gt;</skipped></testcase><testcase classname="pytest_cases.tests.pytest_extension.fixtures.fixture_plus_and_others.test_skip_on_paramz_fixture" file="pytest_cases/tests/pytest_extension/fixtures/fixture_plus_and_others/test_skip_on_paramz_fixture.py" line="30" name="test_synthesis" time="0.005738496780395508"></testcase><testcase classname="pytest_cases.tests.pytest_extension.fixtures.fixture_unions.test_fixture_closure_edits" file="pytest_cases/tests/pytest_extension/fixtures/fixture_unions/test_fixture_closure_edits.py" line="17" name="test_issue116" time="0.00131988525390625"></testcase><testcase classname="pytest_cases.tests.pytest_extension.fixtures.fixture_unions.test_fixture_closure_edits" file="pytest_cases/tests/pytest_extension/fixtures/fixture_unions/test_fixture_closure_edits.py" line="29" name="test_super_closure_edits[0/a]" time="0.0023984909057617188"></testcase><testcase classname="pytest_cases.tests.pytest_extension.fixtures.fixture_unions.test_fixture_closure_edits" file="pytest_cases/tests/pytest_extension/fixtures/fixture_unions/test_fixture_closure_edits.py" line="29" name="test_super_closure_edits[1/a]" time="0.0015590190887451172"></testcase><testcase classname="pytest_cases.tests.pytest_extension.fixtures.fixture_unions.test_fixture_closure_edits" file="pytest_cases/tests/pytest_extension/fixtures/fixture_unions/test_fixture_closure_edits.py" line="35" name="test_super_closure_edits2" time="0.0031244754791259766"><system-err>/home/travis/build/smarie/python-pytest-cases/pytest_cases/plugin.py:562: UserWarning: WARNING: An attempt was made to reorder a super fixture closure with unions. This is not yet supported since the partitions use subsets of the fixtures ; please report it so that we can find a suitable solution for your need.
  warn(&quot;WARNING: An attempt was made to reorder a super fixture closure with unions. This is not yet &quot;
</system-err></testcase><testcase classname="pytest_cases.tests.pytest_extension.fixtures.fixture_unions.test_fixture_union_ids.TestA" file="pytest_cases/tests/pytest_extension/fixtures/fixture_unions/test_fixture_union_ids.py" line="21" name="test_ids_explicit[my_explicit/a-1]" time="0.00173187255859375"></testcase><testcase classname="pytest_cases.tests.pytest_extension.fixtures.fixture_unions.test_fixture_union_ids.TestA" file="pytest_cases/tests/pytest_extension/fixtures/fixture_unions/test_fixture_union_ids.py" line="21" name="test_ids_explicit[my_explicit/a-2]" time="0.001983642578125"></testcase><testcase classname="pytest_cases.tests.pytest_extension.fixtures.fixture_unions.test_fixture_union_ids.TestA" file="pytest_cases/tests/pytest_extension/fixtures/fixture_unions/test_fixture_union_ids.py" line="21" name="test_ids_explicit[my_explicit/b-3]" time="0.002730131149291992"></testcase><testcase classname="pytest_cases.tests.pytest_extension.fixtures.fixture_unions.test_fixture_union_ids.TestA" file="pytest_cases/tests/pytest_extension/fixtures/fixture_unions/test_fixture_union_ids.py" line="21" name="test_ids_explicit[my_explicit/b-4]" time="0.0017428398132324219"></testcase><testcase classname="pytest_cases.tests.pytest_extension.fixtures.fixture_unions.test_fixture_union_ids" file="pytest_cases/tests/pytest_extension/fixtures/fixture_unions/test_fixture_union_ids.py" line="25" name="test_ids_compact[/a-1]" time="0.0019071102142333984"></testcase><testcase classname="pytest_cases.tests.pytest_extension.fixtures.fixture_unions.test_fixture_union_ids" file="pytest_cases/tests/pytest_extension/fixtures/fixture_unions/test_fixture_union_ids.py" line="25" name="test_ids_compact[/a-2]" time="0.0019073486328125"></testcase><testcase classname="pytest_cases.tests.pytest_extension.fixtures.fixture_unions.test_fixture_union_ids" file="pytest_cases/tests/pytest_extension/fixtures/fixture_unions/test_fixture_union_ids.py" line="25" name="test_ids_compact[/b-3]" time="0.0018048286437988281"></testcase><testcase classname="pytest_cases.tests.pytest_extension.fixtures.fixture_unions.test_fixture_union_ids" file="pytest_cases/tests/pytest_extension/fixtures/fixture_unions/test_fixture_union_ids.py" line="25" name="test_ids_compact[/b-4]" time="0.0018053054809570312"></testcase><testcase classname="pytest_cases.tests.pytest_extension.fixtures.fixture_unions.test_fixture_union_ids" file="pytest_cases/tests/pytest_extension/fixtures/fixture_unions/test_fixture_union_ids.py" line="29" name="test_ids_none[a-1]" time="0.0017070770263671875"></testcase><testcase classname="pytest_cases.tests.pytest_extension.fixtures.fixture_unions.test_fixture_union_ids" file="pytest_cases/tests/pytest_extension/fixtures/fixture_unions/test_fixture_union_ids.py" line="29" name="test_ids_none[a-2]" time="0.0016541481018066406"></testcase><testcase classname="pytest_cases.tests.pytest_extension.fixtures.fixture_unions.test_fixture_union_ids" file="pytest_cases/tests/pytest_extension/fixtures/fixture_unions/test_fixture_union_ids.py" line="29" name="test_ids_none[b-3]" time="0.0018911361694335938"></testcase><testcase classname="pytest_cases.tests.pytest_extension.fixtures.fixture_unions.test_fixture_union_ids" file="pytest_cases/tests/pytest_extension/fixtures/fixture_unions/test_fixture_union_ids.py" line="29" name="test_ids_none[b-4]" time="0.0015714168548583984"></testcase><testcase classname="pytest_cases.tests.pytest_extension.fixtures.fixture_unions.test_fixture_union_ids" file="pytest_cases/tests/pytest_extension/fixtures/fixture_unions/test_fixture_union_ids.py" line="33" name="test_ids_custom_list[c=A-1]" time="0.0018734931945800781"></testcase><testcase classname="pytest_cases.tests.pytest_extension.fixtures.fixture_unions.test_fixture_union_ids" file="pytest_cases/tests/pytest_extension/fixtures/fixture_unions/test_fixture_union_ids.py" line="33" name="test_ids_custom_list[c=A-2]" time="0.0016849040985107422"></testcase><testcase classname="pytest_cases.tests.pytest_extension.fixtures.fixture_unions.test_fixture_union_ids" file="pytest_cases/tests/pytest_extension/fixtures/fixture_unions/test_fixture_union_ids.py" line="33" name="test_ids_custom_list[c=B-3]" time="0.0016198158264160156"></testcase><testcase classname="pytest_cases.tests.pytest_extension.fixtures.fixture_unions.test_fixture_union_ids" file="pytest_cases/tests/pytest_extension/fixtures/fixture_unions/test_fixture_union_ids.py" line="33" name="test_ids_custom_list[c=B-4]" time="0.0017871856689453125"></testcase><testcase classname="pytest_cases.tests.pytest_extension.fixtures.fixture_unions.test_fixture_union_ids" file="pytest_cases/tests/pytest_extension/fixtures/fixture_unions/test_fixture_union_ids.py" line="37" name="test_ids_custom_gen[my_custom_gen/0/a-1]" time="0.0018181800842285156"></testcase><testcase classname="pytest_cases.tests.pytest_extension.fixtures.fixture_unions.test_fixture_union_ids" file="pytest_cases/tests/pytest_extension/fixtures/fixture_unions/test_fixture_union_ids.py" line="37" name="test_ids_custom_gen[my_custom_gen/0/a-2]" time="0.0018012523651123047"></testcase><testcase classname="pytest_cases.tests.pytest_extension.fixtures.fixture_unions.test_fixture_union_ids" file="pytest_cases/tests/pytest_extension/fixtures/fixture_unions/test_fixture_union_ids.py" line="37" name="test_ids_custom_gen[my_custom_gen/1/b-3]" time="0.0017538070678710938"></testcase><testcase classname="pytest_cases.tests.pytest_extension.fixtures.fixture_unions.test_fixture_union_ids" file="pytest_cases/tests/pytest_extension/fixtures/fixture_unions/test_fixture_union_ids.py" line="37" name="test_ids_custom_gen[my_custom_gen/1/b-4]" time="0.0016868114471435547"></testcase><testcase classname="pytest_cases.tests.pytest_extension.fixtures.fixture_unions.test_fixture_union_ids" file="pytest_cases/tests/pytest_extension/fixtures/fixture_unions/test_fixture_union_ids.py" line="45" name="test_synthesis" time="0.005881071090698242"></testcase><testcase classname="pytest_cases.tests.pytest_extension.fixtures.fixture_unions.test_fixture_union_setup_teardown" file="pytest_cases/tests/pytest_extension/fixtures/fixture_unions/test_fixture_union_setup_teardown.py" line="34" name="test_all[/b]" time="0.001972198486328125"></testcase><testcase classname="pytest_cases.tests.pytest_extension.fixtures.fixture_unions.test_fixture_union_setup_teardown" file="pytest_cases/tests/pytest_extension/fixtures/fixture_unions/test_fixture_union_setup_teardown.py" line="34" name="test_all[/a]" time="0.0017294883728027344"></testcase><testcase classname="pytest_cases.tests.pytest_extension.fixtures.fixture_unions.test_fixture_union_setup_teardown" file="pytest_cases/tests/pytest_extension/fixtures/fixture_unions/test_fixture_union_setup_teardown.py" line="38" name="test_synthesis" time="0.0009613037109375"></testcase><testcase classname="pytest_cases.tests.pytest_extension.fixtures.fixture_unions.test_fixture_union_setup_teardown2" file="pytest_cases/tests/pytest_extension/fixtures/fixture_unions/test_fixture_union_setup_teardown2.py" line="116" name="test_foo[/F1M1s1s2]" time="0.003746509552001953"></testcase><testcase classname="pytest_cases.tests.pytest_extension.fixtures.fixture_unions.test_fixture_union_setup_teardown2" file="pytest_cases/tests/pytest_extension/fixtures/fixture_unions/test_fixture_union_setup_teardown2.py" line="116" name="test_foo[/F2-i=0]" time="0.0030739307403564453"></testcase><testcase classname="pytest_cases.tests.pytest_extension.fixtures.fixture_unions.test_fixture_union_setup_teardown2" file="pytest_cases/tests/pytest_extension/fixtures/fixture_unions/test_fixture_union_setup_teardown2.py" line="116" name="test_foo[/F2-i=1]" time="0.0030138492584228516"></testcase><testcase classname="pytest_cases.tests.pytest_extension.fixtures.fixture_unions.test_fixture_union_setup_teardown2" file="pytest_cases/tests/pytest_extension/fixtures/fixture_unions/test_fixture_union_setup_teardown2.py" line="116" name="test_foo[/F3s2s3]" time="0.0036008358001708984"></testcase><testcase classname="pytest_cases.tests.pytest_extension.fixtures.fixture_unions.test_fixture_union_setup_teardown2" file="pytest_cases/tests/pytest_extension/fixtures/fixture_unions/test_fixture_union_setup_teardown2.py" line="116" name="test_foo[/F4M2s1s3]" time="0.0031294822692871094"></testcase><testcase classname="pytest_cases.tests.pytest_extension.fixtures.fixture_unions.test_fixture_union_setup_teardown2" file="pytest_cases/tests/pytest_extension/fixtures/fixture_unions/test_fixture_union_setup_teardown2.py" line="122" name="test_synthesis" time="0.00540924072265625"></testcase><testcase classname="pytest_cases.tests.pytest_extension.fixtures.fixture_unions.test_fixture_union_setup_teardown3.TestFoo" file="pytest_cases/tests/pytest_extension/fixtures/fixture_unions/test_fixture_union_setup_teardown3.py" line="27" name="test_a" time="0.0014998912811279297"></testcase><testcase classname="pytest_cases.tests.pytest_extension.fixtures.fixture_unions.test_fixture_union_setup_teardown3.TestFoo" file="pytest_cases/tests/pytest_extension/fixtures/fixture_unions/test_fixture_union_setup_teardown3.py" line="30" name="test_b[0fa]" time="0.001954793930053711"></testcase><testcase classname="pytest_cases.tests.pytest_extension.fixtures.fixture_unions.test_fixture_union_setup_teardown3.TestFoo" file="pytest_cases/tests/pytest_extension/fixtures/fixture_unions/test_fixture_union_setup_teardown3.py" line="30" name="test_b[1fb]" time="0.002644062042236328"></testcase><testcase classname="pytest_cases.tests.pytest_extension.fixtures.fixture_unions.test_fixture_union_setup_teardown3.TestFoo" file="pytest_cases/tests/pytest_extension/fixtures/fixture_unions/test_fixture_union_setup_teardown3.py" line="30" name="test_b[2fa]" time="0.0022530555725097656"></testcase><testcase classname="pytest_cases.tests.pytest_extension.fixtures.fixture_unions.test_fixture_union_setup_teardown3.TestFoo" file="pytest_cases/tests/pytest_extension/fixtures/fixture_unions/test_fixture_union_setup_teardown3.py" line="34" name="test_c" time="0.0013375282287597656"></testcase><testcase classname="pytest_cases.tests.pytest_extension.fixtures.fixture_unions.test_fixtures_union_0simplest" file="pytest_cases/tests/pytest_extension/fixtures/fixture_unions/test_fixtures_union_0simplest.py" line="21" name="test_basic_union[/first]" time="0.002062559127807617"><system-out>hello
</system-out></testcase><testcase classname="pytest_cases.tests.pytest_extension.fixtures.fixture_unions.test_fixtures_union_0simplest" file="pytest_cases/tests/pytest_extension/fixtures/fixture_unions/test_fixtures_union_0simplest.py" line="21" name="test_basic_union[/second-a]" time="0.002017498016357422"><system-out>a
</system-out></testcase><testcase classname="pytest_cases.tests.pytest_extension.fixtures.fixture_unions.test_fixtures_union_0simplest" file="pytest_cases/tests/pytest_extension/fixtures/fixture_unions/test_fixtures_union_0simplest.py" line="21" name="test_basic_union[/second-b]" time="0.002620697021484375"><system-out>b
</system-out></testcase><testcase classname="pytest_cases.tests.pytest_extension.fixtures.fixture_unions.test_fixtures_union_0simplest" file="pytest_cases/tests/pytest_extension/fixtures/fixture_unions/test_fixtures_union_0simplest.py" line="25" name="test_synthesis" time="0.005110502243041992"></testcase><testcase classname="pytest_cases.tests.pytest_extension.fixtures.fixture_unions.test_fixtures_union_1simple" file="pytest_cases/tests/pytest_extension/fixtures/fixture_unions/test_fixtures_union_1simple.py" line="19" name="test_fixture_union[c/a-x]" time="0.0020885467529296875"><system-out>x x
</system-out></testcase><testcase classname="pytest_cases.tests.pytest_extension.fixtures.fixture_unions.test_fixtures_union_1simple" file="pytest_cases/tests/pytest_extension/fixtures/fixture_unions/test_fixtures_union_1simple.py" line="19" name="test_fixture_union[c/a-y]" time="0.001963376998901367"><system-out>y y
</system-out></testcase><testcase classname="pytest_cases.tests.pytest_extension.fixtures.fixture_unions.test_fixtures_union_1simple" file="pytest_cases/tests/pytest_extension/fixtures/fixture_unions/test_fixtures_union_1simple.py" line="19" name="test_fixture_union[c/b-1-x]" time="0.0027773380279541016"><system-out>1 x
</system-out></testcase><testcase classname="pytest_cases.tests.pytest_extension.fixtures.fixture_unions.test_fixtures_union_1simple" file="pytest_cases/tests/pytest_extension/fixtures/fixture_unions/test_fixtures_union_1simple.py" line="19" name="test_fixture_union[c/b-1-y]" time="0.0018587112426757812"><system-out>1 y
</system-out></testcase><testcase classname="pytest_cases.tests.pytest_extension.fixtures.fixture_unions.test_fixtures_union_1simple" file="pytest_cases/tests/pytest_extension/fixtures/fixture_unions/test_fixtures_union_1simple.py" line="19" name="test_fixture_union[c/b-2-x]" time="0.0019598007202148438"><system-out>2 x
</system-out></testcase><testcase classname="pytest_cases.tests.pytest_extension.fixtures.fixture_unions.test_fixtures_union_1simple" file="pytest_cases/tests/pytest_extension/fixtures/fixture_unions/test_fixtures_union_1simple.py" line="19" name="test_fixture_union[c/b-2-y]" time="0.0018739700317382812"><system-out>2 y
</system-out></testcase><testcase classname="pytest_cases.tests.pytest_extension.fixtures.fixture_unions.test_fixtures_union_1simple" file="pytest_cases/tests/pytest_extension/fixtures/fixture_unions/test_fixtures_union_1simple.py" line="23" name="test_synthesis" time="0.0054247379302978516"></testcase><testcase classname="pytest_cases.tests.pytest_extension.fixtures.fixture_unions.test_fixtures_union_2hard" file="pytest_cases/tests/pytest_extension/fixtures/fixture_unions/test_fixtures_union_2hard.py" line="19" name="test_fixture_union_harder[/a-x-d/b-1]" time="0.0022881031036376953"><system-out>x x 1
</system-out></testcase><testcase classname="pytest_cases.tests.pytest_extension.fixtures.fixture_unions.test_fixtures_union_2hard" file="pytest_cases/tests/pytest_extension/fixtures/fixture_unions/test_fixtures_union_2hard.py" line="19" name="test_fixture_union_harder[/a-x-d/b-2]" time="0.0021347999572753906"><system-out>x x 2
</system-out></testcase><testcase classname="pytest_cases.tests.pytest_extension.fixtures.fixture_unions.test_fixtures_union_2hard" file="pytest_cases/tests/pytest_extension/fixtures/fixture_unions/test_fixtures_union_2hard.py" line="19" name="test_fixture_union_harder[/a-x-d/a]" time="0.002016305923461914"><system-out>x x x
</system-out></testcase><testcase classname="pytest_cases.tests.pytest_extension.fixtures.fixture_unions.test_fixtures_union_2hard" file="pytest_cases/tests/pytest_extension/fixtures/fixture_unions/test_fixtures_union_2hard.py" line="19" name="test_fixture_union_harder[/a-y-d/b-1]" time="0.0020704269409179688"><system-out>y y 1
</system-out></testcase><testcase classname="pytest_cases.tests.pytest_extension.fixtures.fixture_unions.test_fixtures_union_2hard" file="pytest_cases/tests/pytest_extension/fixtures/fixture_unions/test_fixtures_union_2hard.py" line="19" name="test_fixture_union_harder[/a-y-d/b-2]" time="0.0023043155670166016"><system-out>y y 2
</system-out></testcase><testcase classname="pytest_cases.tests.pytest_extension.fixtures.fixture_unions.test_fixtures_union_2hard" file="pytest_cases/tests/pytest_extension/fixtures/fixture_unions/test_fixtures_union_2hard.py" line="19" name="test_fixture_union_harder[/a-y-d/a]" time="0.002037525177001953"><system-out>y y y
</system-out></testcase><testcase classname="pytest_cases.tests.pytest_extension.fixtures.fixture_unions.test_fixtures_union_2hard" file="pytest_cases/tests/pytest_extension/fixtures/fixture_unions/test_fixtures_union_2hard.py" line="19" name="test_fixture_union_harder[/b-1-x-d/b]" time="0.0022156238555908203"><system-out>1 x 1
</system-out></testcase><testcase classname="pytest_cases.tests.pytest_extension.fixtures.fixture_unions.test_fixtures_union_2hard" file="pytest_cases/tests/pytest_extension/fixtures/fixture_unions/test_fixtures_union_2hard.py" line="19" name="test_fixture_union_harder[/b-1-x-d/a]" time="0.0022623538970947266"><system-out>1 x x
</system-out></testcase><testcase classname="pytest_cases.tests.pytest_extension.fixtures.fixture_unions.test_fixtures_union_2hard" file="pytest_cases/tests/pytest_extension/fixtures/fixture_unions/test_fixtures_union_2hard.py" line="19" name="test_fixture_union_harder[/b-1-y-d/b]" time="0.0029489994049072266"><system-out>1 y 1
</system-out></testcase><testcase classname="pytest_cases.tests.pytest_extension.fixtures.fixture_unions.test_fixtures_union_2hard" file="pytest_cases/tests/pytest_extension/fixtures/fixture_unions/test_fixtures_union_2hard.py" line="19" name="test_fixture_union_harder[/b-1-y-d/a]" time="0.0018317699432373047"><system-out>1 y y
</system-out></testcase><testcase classname="pytest_cases.tests.pytest_extension.fixtures.fixture_unions.test_fixtures_union_2hard" file="pytest_cases/tests/pytest_extension/fixtures/fixture_unions/test_fixtures_union_2hard.py" line="19" name="test_fixture_union_harder[/b-2-x-d/b]" time="0.0023956298828125"><system-out>2 x 2
</system-out></testcase><testcase classname="pytest_cases.tests.pytest_extension.fixtures.fixture_unions.test_fixtures_union_2hard" file="pytest_cases/tests/pytest_extension/fixtures/fixture_unions/test_fixtures_union_2hard.py" line="19" name="test_fixture_union_harder[/b-2-x-d/a]" time="0.002277374267578125"><system-out>2 x x
</system-out></testcase><testcase classname="pytest_cases.tests.pytest_extension.fixtures.fixture_unions.test_fixtures_union_2hard" file="pytest_cases/tests/pytest_extension/fixtures/fixture_unions/test_fixtures_union_2hard.py" line="19" name="test_fixture_union_harder[/b-2-y-d/b]" time="0.00286865234375"><system-out>2 y 2
</system-out></testcase><testcase classname="pytest_cases.tests.pytest_extension.fixtures.fixture_unions.test_fixtures_union_2hard" file="pytest_cases/tests/pytest_extension/fixtures/fixture_unions/test_fixtures_union_2hard.py" line="19" name="test_fixture_union_harder[/b-2-y-d/a]" time="0.002349376678466797"><system-out>2 y y
</system-out></testcase><testcase classname="pytest_cases.tests.pytest_extension.fixtures.fixture_unions.test_fixtures_union_2hard" file="pytest_cases/tests/pytest_extension/fixtures/fixture_unions/test_fixtures_union_2hard.py" line="26" name="test_synthesis" time="0.005335092544555664"></testcase><testcase classname="pytest_cases.tests.pytest_extension.fixtures.fixture_unions.test_fixtures_union_2hard" file="pytest_cases/tests/pytest_extension/fixtures/fixture_unions/test_fixtures_union_2hard.py" line="45" name="test_super_closure" time="0.0016562938690185547"></testcase><testcase classname="pytest_cases.tests.pytest_extension.fixtures.fixture_unions.test_fixtures_union_3parametrize_plus" file="pytest_cases/tests/pytest_extension/fixtures/fixture_unions/test_fixtures_union_3parametrize_plus.py" line="21" name="test_fixture_union[/a-2]" time="0.0024712085723876953"></testcase><testcase classname="pytest_cases.tests.pytest_extension.fixtures.fixture_unions.test_fixtures_union_3parametrize_plus" file="pytest_cases/tests/pytest_extension/fixtures/fixture_unions/test_fixtures_union_3parametrize_plus.py" line="21" name="test_fixture_union[/a-3]" time="0.0016889572143554688"></testcase><testcase classname="pytest_cases.tests.pytest_extension.fixtures.fixture_unions.test_fixtures_union_3parametrize_plus" file="pytest_cases/tests/pytest_extension/fixtures/fixture_unions/test_fixtures_union_3parametrize_plus.py" line="21" name="test_fixture_union[/b-0]" time="0.0013756752014160156"></testcase><testcase classname="pytest_cases.tests.pytest_extension.fixtures.fixture_unions.test_fixtures_union_3parametrize_plus" file="pytest_cases/tests/pytest_extension/fixtures/fixture_unions/test_fixtures_union_3parametrize_plus.py" line="21" name="test_fixture_union[/b-1]" time="0.0015606880187988281"></testcase><testcase classname="pytest_cases.tests.pytest_extension.fixtures.fixture_unions.test_fixtures_union_3parametrize_plus" file="pytest_cases/tests/pytest_extension/fixtures/fixture_unions/test_fixtures_union_3parametrize_plus.py" line="21" name="test_fixture_union[/b-2]" time="0.00150299072265625"></testcase><testcase classname="pytest_cases.tests.pytest_extension.fixtures.fixture_unions.test_so" file="pytest_cases/tests/pytest_extension/fixtures/fixture_unions/test_so.py" line="29" name="test_all[/lower-1]" time="0.0023665428161621094"><system-out>i
</system-out></testcase><testcase classname="pytest_cases.tests.pytest_extension.fixtures.fixture_unions.test_so" file="pytest_cases/tests/pytest_extension/fixtures/fixture_unions/test_so.py" line="29" name="test_all[/lower-2]" time="0.0017752647399902344"><system-out>ii
</system-out></testcase><testcase classname="pytest_cases.tests.pytest_extension.fixtures.fixture_unions.test_so" file="pytest_cases/tests/pytest_extension/fixtures/fixture_unions/test_so.py" line="29" name="test_all[/lower-3]" time="0.0017852783203125"><system-out>iii
</system-out></testcase><testcase classname="pytest_cases.tests.pytest_extension.fixtures.fixture_unions.test_so" file="pytest_cases/tests/pytest_extension/fixtures/fixture_unions/test_so.py" line="29" name="test_all[/upper-1]" time="0.0017240047454833984"><system-out>I
</system-out></testcase><testcase classname="pytest_cases.tests.pytest_extension.fixtures.fixture_unions.test_so" file="pytest_cases/tests/pytest_extension/fixtures/fixture_unions/test_so.py" line="29" name="test_all[/upper-2]" time="0.0018951892852783203"><system-out>II
</system-out></testcase><testcase classname="pytest_cases.tests.pytest_extension.fixtures.fixture_unions.test_so" file="pytest_cases/tests/pytest_extension/fixtures/fixture_unions/test_so.py" line="33" name="test_synthesis" time="0.004462242126464844"></testcase><testcase classname="pytest_cases.tests.pytest_extension.issues.test_issue_114" file="pytest_cases/tests/pytest_extension/issues/test_issue_114.py" line="21" name="test_me[1]" time="0.0011801719665527344"></testcase><testcase classname="pytest_cases.tests.pytest_extension.issues.test_issue_114" file="pytest_cases/tests/pytest_extension/issues/test_issue_114.py" line="21" name="test_me[2]" time="0.0010724067687988281"></testcase><testcase classname="pytest_cases.tests.pytest_extension.issues.test_issue_115" file="pytest_cases/tests/pytest_extension/issues/test_issue_115.py" line="12" name="test_fn[0]" time="0.0013270378112792969"></testcase><testcase classname="pytest_cases.tests.pytest_extension.issues.test_issue_115" file="pytest_cases/tests/pytest_extension/issues/test_issue_115.py" line="12" name="test_fn[1]" time="0.0011036396026611328"></testcase><testcase classname="pytest_cases.tests.pytest_extension.issues.test_issue_115" file="pytest_cases/tests/pytest_extension/issues/test_issue_115.py" line="12" name="test_fn[2]" time="0.0016798973083496094"></testcase><testcase classname="pytest_cases.tests.pytest_extension.issues.test_issue_115" file="pytest_cases/tests/pytest_extension/issues/test_issue_115.py" line="12" name="test_fn[3]" time="0.0010311603546142578"></testcase><testcase classname="pytest_cases.tests.pytest_extension.issues.test_issue_115" file="pytest_cases/tests/pytest_extension/issues/test_issue_115.py" line="12" name="test_fn[4]" time="0.0010275840759277344"></testcase><testcase classname="pytest_cases.tests.pytest_extension.issues.test_issue_115" file="pytest_cases/tests/pytest_extension/issues/test_issue_115.py" line="12" name="test_fn[5]" time="0.0011327266693115234"></testcase><testcase classname="pytest_cases.tests.pytest_extension.issues.test_issue_115" file="pytest_cases/tests/pytest_extension/issues/test_issue_115.py" line="12" name="test_fn[6]" time="0.0010442733764648438"></testcase><testcase classname="pytest_cases.tests.pytest_extension.issues.test_issue_115" file="pytest_cases/tests/pytest_extension/issues/test_issue_115.py" line="12" name="test_fn[7]" time="0.0010001659393310547"></testcase><testcase classname="pytest_cases.tests.pytest_extension.issues.test_issue_115" file="pytest_cases/tests/pytest_extension/issues/test_issue_115.py" line="12" name="test_fn[8]" time="0.001064300537109375"></testcase><testcase classname="pytest_cases.tests.pytest_extension.issues.test_issue_115" file="pytest_cases/tests/pytest_extension/issues/test_issue_115.py" line="12" name="test_fn[9]" time="0.0010213851928710938"></testcase><testcase classname="pytest_cases.tests.pytest_extension.issues.test_issue_124" file="pytest_cases/tests/pytest_extension/issues/test_issue_124.py" line="18" name="test_me[i-i==0]" time="0.0017571449279785156"></testcase><testcase classname="pytest_cases.tests.pytest_extension.issues.test_issue_124" file="pytest_cases/tests/pytest_extension/issues/test_issue_124.py" line="18" name="test_me[i-i==1]" time="0.0016789436340332031"></testcase><testcase classname="pytest_cases.tests.pytest_extension.issues.test_issue_124" file="pytest_cases/tests/pytest_extension/issues/test_issue_124.py" line="18" name="test_me[k-i==0]" time="0.0017228126525878906"></testcase><testcase classname="pytest_cases.tests.pytest_extension.issues.test_issue_124" file="pytest_cases/tests/pytest_extension/issues/test_issue_124.py" line="18" name="test_me[k-i==1]" time="0.0017173290252685547"></testcase><testcase classname="pytest_cases.tests.pytest_extension.issues.test_issue_124" file="pytest_cases/tests/pytest_extension/issues/test_issue_124.py" line="23" name="test_synthesis" time="0.004319667816162109"></testcase><testcase classname="pytest_cases.tests.pytest_extension.issues.test_issue_148" file="pytest_cases/tests/pytest_extension/issues/test_issue_148.py" line="23" name="test_foo[x{0}-myunion{0}-a{0}]" time="0.0015153884887695312"></testcase><testcase classname="pytest_cases.tests.pytest_extension.issues.test_issue_148" file="pytest_cases/tests/pytest_extension/issues/test_issue_148.py" line="23" name="test_foo[x{0}-myunion{0}-a{1}]" time="0.0017375946044921875"></testcase><testcase classname="pytest_cases.tests.pytest_extension.issues.test_issue_148" file="pytest_cases/tests/pytest_extension/issues/test_issue_148.py" line="23" name="test_foo[x{1}-myunion{0}-a{0}]" time="0.002143383026123047"></testcase><testcase classname="pytest_cases.tests.pytest_extension.issues.test_issue_148" file="pytest_cases/tests/pytest_extension/issues/test_issue_148.py" line="23" name="test_foo[x{1}-myunion{0}-a{1}]" time="0.0017435550689697266"></testcase><testcase classname="pytest_cases.tests.pytest_extension.issues.test_issue_148" file="pytest_cases/tests/pytest_extension/issues/test_issue_148.py" line="27" name="test_synthesis" time="0.0040280818939208984"></testcase><testcase classname="pytest_cases.tests.pytest_extension.issues.test_issue_149" file="pytest_cases/tests/pytest_extension/issues/test_issue_149.py" line="10" name="test_foo[x-0]" time="0.000431060791015625"><skipped message="request.getfixturevalue is not available in pytest 2" type="pytest.skip">pytest_cases/tests/pytest_extension/issues/test_issue_149.py:10: &lt;py._xmlgen.raw object at 0x7fcbdd7feda0&gt;</skipped></testcase><testcase classname="pytest_cases.tests.pytest_extension.issues.test_issue_149" file="pytest_cases/tests/pytest_extension/issues/test_issue_149.py" line="10" name="test_foo[x-1]" time="0.0004506111145019531"><skipped message="request.getfixturevalue is not available in pytest 2" type="pytest.skip">pytest_cases/tests/pytest_extension/issues/test_issue_149.py:10: &lt;py._xmlgen.raw object at 0x7fcbdd7fa550&gt;</skipped></testcase><testcase classname="pytest_cases.tests.pytest_extension.issues.test_issue_classes" file="pytest_cases/tests/pytest_extension/issues/test_issue_classes.py" line="19" name="test_thing[foo]" time="0.001695871353149414"><system-out>1
</system-out></testcase><testcase classname="pytest_cases.tests.pytest_extension.issues.test_issue_classes" file="pytest_cases/tests/pytest_extension/issues/test_issue_classes.py" line="19" name="test_thing[bar]" time="0.0015010833740234375"><system-out>2
</system-out></testcase><testcase classname="pytest_cases.tests.pytest_extension.issues.test_issue_classes.TestCase" file="pytest_cases/tests/pytest_extension/issues/test_issue_classes.py" line="25" name="test_thing_pytest[1]" time="0.001420736312866211"><system-out>1
</system-out></testcase><testcase classname="pytest_cases.tests.pytest_extension.issues.test_issue_classes.TestCase" file="pytest_cases/tests/pytest_extension/issues/test_issue_classes.py" line="25" name="test_thing_pytest[2]" time="0.0014407634735107422"><system-out>2
</system-out></testcase><testcase classname="pytest_cases.tests.pytest_extension.issues.test_issue_classes.TestCase" file="pytest_cases/tests/pytest_extension/issues/test_issue_classes.py" line="29" name="test_thing_cases[foo]" time="0.002318859100341797"><system-out>1
</system-out></testcase><testcase classname="pytest_cases.tests.pytest_extension.issues.test_issue_classes.TestCase" file="pytest_cases/tests/pytest_extension/issues/test_issue_classes.py" line="29" name="test_thing_cases[bar]" time="0.0017676353454589844"><system-out>2
</system-out></testcase><testcase classname="pytest_cases.tests.pytest_extension.issues.test_issue_fixture_union1" file="pytest_cases/tests/pytest_extension/issues/test_issue_fixture_union1.py" line="20" name="test_foo[0/a]" time="0.001348733901977539"></testcase><testcase classname="pytest_cases.tests.pytest_extension.issues.test_issue_fixture_union1" file="pytest_cases/tests/pytest_extension/issues/test_issue_fixture_union1.py" line="20" name="test_foo[1/a]" time="0.0014977455139160156"></testcase><testcase classname="pytest_cases.tests.pytest_extension.issues.test_issue_fixture_union1" file="pytest_cases/tests/pytest_extension/issues/test_issue_fixture_union1.py" line="24" name="test_synthesis" time="0.004281759262084961"></testcase><testcase classname="pytest_cases.tests.pytest_extension.issues.test_issue_fixture_union2" file="pytest_cases/tests/pytest_extension/issues/test_issue_fixture_union2.py" line="23" name="test_foo[1]" time="0.001239776611328125"></testcase><testcase classname="pytest_cases.tests.pytest_extension.issues.test_issue_fixture_union2" file="pytest_cases/tests/pytest_extension/issues/test_issue_fixture_union2.py" line="23" name="test_foo[2]" time="0.001222848892211914"></testcase><testcase classname="pytest_cases.tests.pytest_extension.issues.test_issue_fixture_union2" file="pytest_cases/tests/pytest_extension/issues/test_issue_fixture_union2.py" line="23" name="test_foo[3]" time="0.0011973381042480469"></testcase><testcase classname="pytest_cases.tests.pytest_extension.issues.test_issue_fixture_union2" file="pytest_cases/tests/pytest_extension/issues/test_issue_fixture_union2.py" line="30" name="test_foo2[0/a]" time="0.001470804214477539"></testcase><testcase classname="pytest_cases.tests.pytest_extension.issues.test_issue_fixture_union2" file="pytest_cases/tests/pytest_extension/issues/test_issue_fixture_union2.py" line="30" name="test_foo2[1/b]" time="0.0015263557434082031"></testcase><testcase classname="pytest_cases.tests.pytest_extension.issues.test_issue_fixture_union2" file="pytest_cases/tests/pytest_extension/issues/test_issue_fixture_union2.py" line="30" name="test_foo2[2/a]" time="0.0017414093017578125"></testcase><testcase classname="pytest_cases.tests.pytest_extension.issues.test_issue_fixture_union2" file="pytest_cases/tests/pytest_extension/issues/test_issue_fixture_union2.py" line="34" name="test_synthesis" time="0.004525899887084961"></testcase><testcase classname="pytest_cases.tests.pytest_extension.issues.test_issue_indirect_fixture_param" file="pytest_cases/tests/pytest_extension/issues/test_issue_indirect_fixture_param.py" line="17" name="test_x[123]" time="0.0011775493621826172"></testcase><testcase classname="pytest_cases.tests.pytest_extension.issues.test_issue_pytest_70" file="pytest_cases/tests/pytest_extension/issues/test_issue_pytest_70.py" line="19" name="test_get_or_create_book[book1-A]" time="0.001949310302734375"><system-out>A
</system-out></testcase><testcase classname="pytest_cases.tests.pytest_extension.issues.test_issue_pytest_70" file="pytest_cases/tests/pytest_extension/issues/test_issue_pytest_70.py" line="19" name="test_get_or_create_book[book1-B]" time="0.0026230812072753906"><system-out>B
</system-out></testcase><testcase classname="pytest_cases.tests.pytest_extension.issues.test_issue_pytest_70" file="pytest_cases/tests/pytest_extension/issues/test_issue_pytest_70.py" line="19" name="test_get_or_create_book[hi]" time="0.0018925666809082031"><system-out>hi
</system-out></testcase><testcase classname="pytest_cases.tests.pytest_extension.issues.test_issue_pytest_70" file="pytest_cases/tests/pytest_extension/issues/test_issue_pytest_70.py" line="19" name="test_get_or_create_book[ih]" time="0.0019865036010742188"><system-out>ih
</system-out></testcase><testcase classname="pytest_cases.tests.pytest_extension.issues.test_issue_pytest_70" file="pytest_cases/tests/pytest_extension/issues/test_issue_pytest_70.py" line="19" name="test_get_or_create_book[book2]" time="0.0020067691802978516"><system-out>None
</system-out></testcase><testcase classname="pytest_cases.tests.pytest_extension.issues.test_issue_pytest_70" file="pytest_cases/tests/pytest_extension/issues/test_issue_pytest_70.py" line="29" name="test_synthesis" time="0.0046803951263427734"></testcase><testcase classname="pytest_cases.tests.pytest_extension.issues.test_issue_python2_str" file="pytest_cases/tests/pytest_extension/issues/test_issue_python2_str.py" line="16" name="test_my_cool_feature_with_fixture[a1]" time="0.0013356208801269531"><system-out>hello world
a1
</system-out></testcase><testcase classname="pytest_cases.tests.pytest_extension.issues.test_issue_python2_str" file="pytest_cases/tests/pytest_extension/issues/test_issue_python2_str.py" line="16" name="test_my_cool_feature_with_fixture[b2]" time="0.0011379718780517578"><system-out>hello world
b2
</system-out></testcase><testcase classname="pytest_cases.tests.pytest_extension.issues.test_issue_python2_str" file="pytest_cases/tests/pytest_extension/issues/test_issue_python2_str.py" line="16" name="test_my_cool_feature_with_fixture[b3]" time="0.001641988754272461"><system-out>hello world
b3
</system-out></testcase><testcase classname="pytest_cases.tests.pytest_extension.issues.test_issue_so_76" file="pytest_cases/tests/pytest_extension/issues/test_issue_so_76.py" line="50" name="test_value_tables_node[value_tables-1-value_table-1-_-value_table_description-&quot;s&quot;-0.0-value_table_description-value_table]" time="0.003688812255859375"></testcase><testcase classname="pytest_cases.tests.pytest_extension.issues.test_issue_so_76" file="pytest_cases/tests/pytest_extension/issues/test_issue_so_76.py" line="50" name="test_value_tables_node[value_tables-1-value_table-1-_-value_table_description-&quot;s&quot;--1.0-value_table_description-value_table]" time="0.003865957260131836"></testcase><testcase classname="pytest_cases.tests.pytest_extension.issues.test_issue_so_76" file="pytest_cases/tests/pytest_extension/issues/test_issue_so_76.py" line="50" name="test_value_tables_node[value_tables-1-value_table-1-_-value_table_description-&quot;s&quot;-1.0-value_table_description-value_table]" time="0.00312042236328125"></testcase><testcase classname="pytest_cases.tests.pytest_extension.issues.test_issue_so_76" file="pytest_cases/tests/pytest_extension/issues/test_issue_so_76.py" line="50" name="test_value_tables_node[value_tables-1-value_table-1-_-value_table_description-&quot;_&quot;-0.0-value_table_description-value_table]" time="0.0027456283569335938"></testcase><testcase classname="pytest_cases.tests.pytest_extension.issues.test_issue_so_76" file="pytest_cases/tests/pytest_extension/issues/test_issue_so_76.py" line="50" name="test_value_tables_node[value_tables-1-value_table-1-_-value_table_description-&quot;_&quot;--1.0-value_table_description-value_table]" time="0.004149675369262695"></testcase><testcase classname="pytest_cases.tests.pytest_extension.issues.test_issue_so_76" file="pytest_cases/tests/pytest_extension/issues/test_issue_so_76.py" line="50" name="test_value_tables_node[value_tables-1-value_table-1-_-value_table_description-&quot;_&quot;-1.0-value_table_description-value_table]" time="0.003266572952270508"></testcase><testcase classname="pytest_cases.tests.pytest_extension.issues.test_issue_so_76" file="pytest_cases/tests/pytest_extension/issues/test_issue_so_76.py" line="50" name="test_value_tables_node[value_tables-1-value_table-1-_c-value_table_description-&quot;s&quot;-0.0-value_table_description-value_table]" time="0.0031905174255371094"></testcase><testcase classname="pytest_cases.tests.pytest_extension.issues.test_issue_so_76" file="pytest_cases/tests/pytest_extension/issues/test_issue_so_76.py" line="50" name="test_value_tables_node[value_tables-1-value_table-1-_c-value_table_description-&quot;s&quot;--1.0-value_table_description-value_table]" time="0.0032508373260498047"></testcase><testcase classname="pytest_cases.tests.pytest_extension.issues.test_issue_so_76" file="pytest_cases/tests/pytest_extension/issues/test_issue_so_76.py" line="50" name="test_value_tables_node[value_tables-1-value_table-1-_c-value_table_description-&quot;s&quot;-1.0-value_table_description-value_table]" time="0.0041849613189697266"></testcase><testcase classname="pytest_cases.tests.pytest_extension.issues.test_issue_so_76" file="pytest_cases/tests/pytest_extension/issues/test_issue_so_76.py" line="50" name="test_value_tables_node[value_tables-1-value_table-1-_c-value_table_description-&quot;_&quot;-0.0-value_table_description-value_table]" time="0.003077983856201172"></testcase><testcase classname="pytest_cases.tests.pytest_extension.issues.test_issue_so_76" file="pytest_cases/tests/pytest_extension/issues/test_issue_so_76.py" line="50" name="test_value_tables_node[value_tables-1-value_table-1-_c-value_table_description-&quot;_&quot;--1.0-value_table_description-value_table]" time="0.002919435501098633"></testcase><testcase classname="pytest_cases.tests.pytest_extension.issues.test_issue_so_76" file="pytest_cases/tests/pytest_extension/issues/test_issue_so_76.py" line="50" name="test_value_tables_node[value_tables-1-value_table-1-_c-value_table_description-&quot;_&quot;-1.0-value_table_description-value_table]" time="0.0033111572265625"></testcase><testcase classname="pytest_cases.tests.pytest_extension.issues.test_issue_so_76" file="pytest_cases/tests/pytest_extension/issues/test_issue_so_76.py" line="50" name="test_value_tables_node[value_tables-1-value_table-2-_-value_table_description-&quot;s&quot;-0.0-value_table_description-value_table]" time="0.005063056945800781"></testcase><testcase classname="pytest_cases.tests.pytest_extension.issues.test_issue_so_76" file="pytest_cases/tests/pytest_extension/issues/test_issue_so_76.py" line="50" name="test_value_tables_node[value_tables-1-value_table-2-_-value_table_description-&quot;s&quot;--1.0-value_table_description-value_table]" time="0.0029077529907226562"></testcase><testcase classname="pytest_cases.tests.pytest_extension.issues.test_issue_so_76" file="pytest_cases/tests/pytest_extension/issues/test_issue_so_76.py" line="50" name="test_value_tables_node[value_tables-1-value_table-2-_-value_table_description-&quot;s&quot;-1.0-value_table_description-value_table]" time="0.0032358169555664062"></testcase><testcase classname="pytest_cases.tests.pytest_extension.issues.test_issue_so_76" file="pytest_cases/tests/pytest_extension/issues/test_issue_so_76.py" line="50" name="test_value_tables_node[value_tables-1-value_table-2-_-value_table_description-&quot;_&quot;-0.0-value_table_description-value_table]" time="0.003108978271484375"></testcase><testcase classname="pytest_cases.tests.pytest_extension.issues.test_issue_so_76" file="pytest_cases/tests/pytest_extension/issues/test_issue_so_76.py" line="50" name="test_value_tables_node[value_tables-1-value_table-2-_-value_table_description-&quot;_&quot;--1.0-value_table_description-value_table]" time="0.00380706787109375"></testcase><testcase classname="pytest_cases.tests.pytest_extension.issues.test_issue_so_76" file="pytest_cases/tests/pytest_extension/issues/test_issue_so_76.py" line="50" name="test_value_tables_node[value_tables-1-value_table-2-_-value_table_description-&quot;_&quot;-1.0-value_table_description-value_table]" time="0.003396749496459961"></testcase><testcase classname="pytest_cases.tests.pytest_extension.issues.test_issue_so_76" file="pytest_cases/tests/pytest_extension/issues/test_issue_so_76.py" line="50" name="test_value_tables_node[value_tables-1-value_table-2-_c-value_table_description-&quot;s&quot;-0.0-value_table_description-value_table]" time="0.00302886962890625"></testcase><testcase classname="pytest_cases.tests.pytest_extension.issues.test_issue_so_76" file="pytest_cases/tests/pytest_extension/issues/test_issue_so_76.py" line="50" name="test_value_tables_node[value_tables-1-value_table-2-_c-value_table_description-&quot;s&quot;--1.0-value_table_description-value_table]" time="0.003940582275390625"></testcase><testcase classname="pytest_cases.tests.pytest_extension.issues.test_issue_so_76" file="pytest_cases/tests/pytest_extension/issues/test_issue_so_76.py" line="50" name="test_value_tables_node[value_tables-1-value_table-2-_c-value_table_description-&quot;s&quot;-1.0-value_table_description-value_table]" time="0.003099679946899414"></testcase><testcase classname="pytest_cases.tests.pytest_extension.issues.test_issue_so_76" file="pytest_cases/tests/pytest_extension/issues/test_issue_so_76.py" line="50" name="test_value_tables_node[value_tables-1-value_table-2-_c-value_table_description-&quot;_&quot;-0.0-value_table_description-value_table]" time="0.003015279769897461"></testcase><testcase classname="pytest_cases.tests.pytest_extension.issues.test_issue_so_76" file="pytest_cases/tests/pytest_extension/issues/test_issue_so_76.py" line="50" name="test_value_tables_node[value_tables-1-value_table-2-_c-value_table_description-&quot;_&quot;--1.0-value_table_description-value_table]" time="0.0029659271240234375"></testcase><testcase classname="pytest_cases.tests.pytest_extension.issues.test_issue_so_76" file="pytest_cases/tests/pytest_extension/issues/test_issue_so_76.py" line="50" name="test_value_tables_node[value_tables-1-value_table-2-_c-value_table_description-&quot;_&quot;-1.0-value_table_description-value_table]" time="0.0032629966735839844"></testcase><testcase classname="pytest_cases.tests.pytest_extension.issues.test_issue_so_76" file="pytest_cases/tests/pytest_extension/issues/test_issue_so_76.py" line="50" name="test_value_tables_node[value_tables-2-value_table-1-_-value_table_description-&quot;s&quot;-0.0-value_table_description-value_table]" time="0.0029573440551757812"></testcase><testcase classname="pytest_cases.tests.pytest_extension.issues.test_issue_so_76" file="pytest_cases/tests/pytest_extension/issues/test_issue_so_76.py" line="50" name="test_value_tables_node[value_tables-2-value_table-1-_-value_table_description-&quot;s&quot;--1.0-value_table_description-value_table]" time="0.0030875205993652344"></testcase><testcase classname="pytest_cases.tests.pytest_extension.issues.test_issue_so_76" file="pytest_cases/tests/pytest_extension/issues/test_issue_so_76.py" line="50" name="test_value_tables_node[value_tables-2-value_table-1-_-value_table_description-&quot;s&quot;-1.0-value_table_description-value_table]" time="0.003175497055053711"></testcase><testcase classname="pytest_cases.tests.pytest_extension.issues.test_issue_so_76" file="pytest_cases/tests/pytest_extension/issues/test_issue_so_76.py" line="50" name="test_value_tables_node[value_tables-2-value_table-1-_-value_table_description-&quot;_&quot;-0.0-value_table_description-value_table]" time="0.00351715087890625"></testcase><testcase classname="pytest_cases.tests.pytest_extension.issues.test_issue_so_76" file="pytest_cases/tests/pytest_extension/issues/test_issue_so_76.py" line="50" name="test_value_tables_node[value_tables-2-value_table-1-_-value_table_description-&quot;_&quot;--1.0-value_table_description-value_table]" time="0.0027647018432617188"></testcase><testcase classname="pytest_cases.tests.pytest_extension.issues.test_issue_so_76" file="pytest_cases/tests/pytest_extension/issues/test_issue_so_76.py" line="50" name="test_value_tables_node[value_tables-2-value_table-1-_-value_table_description-&quot;_&quot;-1.0-value_table_description-value_table]" time="0.0029730796813964844"></testcase><testcase classname="pytest_cases.tests.pytest_extension.issues.test_issue_so_76" file="pytest_cases/tests/pytest_extension/issues/test_issue_so_76.py" line="50" name="test_value_tables_node[value_tables-2-value_table-1-_c-value_table_description-&quot;s&quot;-0.0-value_table_description-value_table]" time="0.0030210018157958984"></testcase><testcase classname="pytest_cases.tests.pytest_extension.issues.test_issue_so_76" file="pytest_cases/tests/pytest_extension/issues/test_issue_so_76.py" line="50" name="test_value_tables_node[value_tables-2-value_table-1-_c-value_table_description-&quot;s&quot;--1.0-value_table_description-value_table]" time="0.003900766372680664"></testcase><testcase classname="pytest_cases.tests.pytest_extension.issues.test_issue_so_76" file="pytest_cases/tests/pytest_extension/issues/test_issue_so_76.py" line="50" name="test_value_tables_node[value_tables-2-value_table-1-_c-value_table_description-&quot;s&quot;-1.0-value_table_description-value_table]" time="0.0029625892639160156"></testcase><testcase classname="pytest_cases.tests.pytest_extension.issues.test_issue_so_76" file="pytest_cases/tests/pytest_extension/issues/test_issue_so_76.py" line="50" name="test_value_tables_node[value_tables-2-value_table-1-_c-value_table_description-&quot;_&quot;-0.0-value_table_description-value_table]" time="0.003069162368774414"></testcase><testcase classname="pytest_cases.tests.pytest_extension.issues.test_issue_so_76" file="pytest_cases/tests/pytest_extension/issues/test_issue_so_76.py" line="50" name="test_value_tables_node[value_tables-2-value_table-1-_c-value_table_description-&quot;_&quot;--1.0-value_table_description-value_table]" time="0.0030579566955566406"></testcase><testcase classname="pytest_cases.tests.pytest_extension.issues.test_issue_so_76" file="pytest_cases/tests/pytest_extension/issues/test_issue_so_76.py" line="50" name="test_value_tables_node[value_tables-2-value_table-1-_c-value_table_description-&quot;_&quot;-1.0-value_table_description-value_table]" time="0.0037789344787597656"></testcase><testcase classname="pytest_cases.tests.pytest_extension.issues.test_issue_so_76" file="pytest_cases/tests/pytest_extension/issues/test_issue_so_76.py" line="50" name="test_value_tables_node[value_tables-2-value_table-2-_-value_table_description-&quot;s&quot;-0.0-value_table_description-value_table]" time="0.0030303001403808594"></testcase><testcase classname="pytest_cases.tests.pytest_extension.issues.test_issue_so_76" file="pytest_cases/tests/pytest_extension/issues/test_issue_so_76.py" line="50" name="test_value_tables_node[value_tables-2-value_table-2-_-value_table_description-&quot;s&quot;--1.0-value_table_description-value_table]" time="0.0032036304473876953"></testcase><testcase classname="pytest_cases.tests.pytest_extension.issues.test_issue_so_76" file="pytest_cases/tests/pytest_extension/issues/test_issue_so_76.py" line="50" name="test_value_tables_node[value_tables-2-value_table-2-_-value_table_description-&quot;s&quot;-1.0-value_table_description-value_table]" time="0.0029435157775878906"></testcase><testcase classname="pytest_cases.tests.pytest_extension.issues.test_issue_so_76" file="pytest_cases/tests/pytest_extension/issues/test_issue_so_76.py" line="50" name="test_value_tables_node[value_tables-2-value_table-2-_-value_table_description-&quot;_&quot;-0.0-value_table_description-value_table]" time="0.0030083656311035156"></testcase><testcase classname="pytest_cases.tests.pytest_extension.issues.test_issue_so_76" file="pytest_cases/tests/pytest_extension/issues/test_issue_so_76.py" line="50" name="test_value_tables_node[value_tables-2-value_table-2-_-value_table_description-&quot;_&quot;--1.0-value_table_description-value_table]" time="0.0030477046966552734"></testcase><testcase classname="pytest_cases.tests.pytest_extension.issues.test_issue_so_76" file="pytest_cases/tests/pytest_extension/issues/test_issue_so_76.py" line="50" name="test_value_tables_node[value_tables-2-value_table-2-_-value_table_description-&quot;_&quot;-1.0-value_table_description-value_table]" time="0.0029146671295166016"></testcase><testcase classname="pytest_cases.tests.pytest_extension.issues.test_issue_so_76" file="pytest_cases/tests/pytest_extension/issues/test_issue_so_76.py" line="50" name="test_value_tables_node[value_tables-2-value_table-2-_c-value_table_description-&quot;s&quot;-0.0-value_table_description-value_table]" time="0.003466367721557617"></testcase><testcase classname="pytest_cases.tests.pytest_extension.issues.test_issue_so_76" file="pytest_cases/tests/pytest_extension/issues/test_issue_so_76.py" line="50" name="test_value_tables_node[value_tables-2-value_table-2-_c-value_table_description-&quot;s&quot;--1.0-value_table_description-value_table]" time="0.002775430679321289"></testcase><testcase classname="pytest_cases.tests.pytest_extension.issues.test_issue_so_76" file="pytest_cases/tests/pytest_extension/issues/test_issue_so_76.py" line="50" name="test_value_tables_node[value_tables-2-value_table-2-_c-value_table_description-&quot;s&quot;-1.0-value_table_description-value_table]" time="0.0031061172485351562"></testcase><testcase classname="pytest_cases.tests.pytest_extension.issues.test_issue_so_76" file="pytest_cases/tests/pytest_extension/issues/test_issue_so_76.py" line="50" name="test_value_tables_node[value_tables-2-value_table-2-_c-value_table_description-&quot;_&quot;-0.0-value_table_description-value_table]" time="0.002846956253051758"></testcase><testcase classname="pytest_cases.tests.pytest_extension.issues.test_issue_so_76" file="pytest_cases/tests/pytest_extension/issues/test_issue_so_76.py" line="50" name="test_value_tables_node[value_tables-2-value_table-2-_c-value_table_description-&quot;_&quot;--1.0-value_table_description-value_table]" time="0.0035505294799804688"></testcase><testcase classname="pytest_cases.tests.pytest_extension.issues.test_issue_so_76" file="pytest_cases/tests/pytest_extension/issues/test_issue_so_76.py" line="50" name="test_value_tables_node[value_tables-2-value_table-2-_c-value_table_description-&quot;_&quot;-1.0-value_table_description-value_table]" time="0.0024771690368652344"></testcase><testcase classname="pytest_cases.tests.pytest_extension.issues.test_issue_so_76" file="pytest_cases/tests/pytest_extension/issues/test_issue_so_76.py" line="59" name="test_synthesis" time="0.007135152816772461"></testcase><testcase classname="pytest_cases.tests.pytest_extension.issues.test_parametrize_with_lists" file="pytest_cases/tests/pytest_extension/issues/test_parametrize_with_lists.py" line="14" name="test_dummy[0-0-0-0]" time="0.0016274452209472656"></testcase><testcase classname="pytest_cases.tests.pytest_extension.issues.test_parametrize_with_lists" file="pytest_cases/tests/pytest_extension/issues/test_parametrize_with_lists.py" line="14" name="test_dummy[0-0-1-1]" time="0.002187967300415039"></testcase><testcase classname="pytest_cases.tests.pytest_extension.issues.test_parametrize_with_lists" file="pytest_cases/tests/pytest_extension/issues/test_parametrize_with_lists.py" line="14" name="test_dummy[1-1-0-0]" time="0.0014851093292236328"></testcase><testcase classname="pytest_cases.tests.pytest_extension.issues.test_parametrize_with_lists" file="pytest_cases/tests/pytest_extension/issues/test_parametrize_with_lists.py" line="14" name="test_dummy[1-1-1-1]" time="0.0015304088592529297"></testcase><testcase classname="pytest_cases.tests.pytest_extension.issues.test_parametrize_with_lists" file="pytest_cases/tests/pytest_extension/issues/test_parametrize_with_lists.py" line="19" name="test_synthesis" time="0.00426030158996582"></testcase><testcase classname="pytest_cases.tests.pytest_extension.issues.test_pytest_py35_asyncio" file="pytest_cases/tests/pytest_extension/issues/test_pytest_py35_asyncio.py" line="7" name="test_x[0]" time="0.0020706653594970703"><system-err>/home/travis/miniconda/envs/test-environment/lib/python3.5/site-packages/_pytest/python.py:287: RuntimeWarning: coroutine &apos;test_x&apos; was never awaited
  testfunction(**testargs)
</system-err></testcase><testcase classname="pytest_cases.tests.pytest_extension.meta.test_all" file="pytest_cases/tests/pytest_extension/meta/test_all.py" line="25" name="test_run_all_tests[session_optim]" time="0.08412337303161621"><system-out>
Config contents: import pytest

def pytest_configure(config):
    # change the option
    setattr(config.option, &apos;with_reorder&apos;, &apos;skip&apos;)

    # add dynamic fixture
    class DynamicFixturePlugin(object):
        @pytest.fixture(scope=&apos;session&apos;, params=[&apos;flavor1&apos;, &apos;flavor2&apos;], autouse=False)
        def flavor(self, request):
            print(&apos;flavor created:&apos;, request.param)
            return request.param

    config.pluginmanager.register(DynamicFixturePlugin(), &apos;flavor-fixture&apos;)


Testing that running pytest on file session_optim.py with config file /home/travis/build/smarie/python-pytest-cases/pytest_cases/tests/pytest_extension/meta/raw/session_optim/conf.py results in {&apos;passed&apos;: 10, &apos;skipped&apos;: 0, &apos;failed&apos;: 0}.
For debug, temp dir is: /tmp/pytest-of-travis/pytest-0/testdir/test_run_all_tests0
============================= test session starts ==============================
platform linux -- Python 3.5.6, pytest-2.9.2, py-1.10.0, pluggy-0.3.1
rootdir: /tmp/pytest-of-travis/pytest-0/testdir/test_run_all_tests0, inifile: 
plugins: steps-1.7.3, logging-2015.11.4, html-1.9.0, harvest-1.10.1, cases-2.7.3.dev14+gb064278
collected 10 items

test_run_all_tests.py ..........

========================== 10 passed in 0.02 seconds ===========================
</system-out></testcase><testcase classname="pytest_cases.tests.pytest_extension.meta.test_all" file="pytest_cases/tests/pytest_extension/meta/test_all.py" line="25" name="test_run_all_tests[reorder_skip]" time="0.03152012825012207"><system-out>
Testing that running pytest on file reorder_skip.py with config file /home/travis/build/smarie/python-pytest-cases/pytest_cases/tests/pytest_extension/meta/raw/reorder_skip/conf.py results in {&apos;passed&apos;: 3, &apos;skipped&apos;: 0, &apos;failed&apos;: 0}.
For debug, temp dir is: /tmp/pytest-of-travis/pytest-0/testdir/test_run_all_tests1
============================= test session starts ==============================
platform linux -- Python 3.5.6, pytest-2.9.2, py-1.10.0, pluggy-0.3.1
rootdir: /tmp/pytest-of-travis/pytest-0/testdir/test_run_all_tests1, inifile: 
plugins: steps-1.7.3, logging-2015.11.4, html-1.9.0, harvest-1.10.1, cases-2.7.3.dev14+gb064278
collected 4 items

test_run_all_tests.py ...

==================== 1 tests deselected by &quot;-m &apos;not black&apos;&quot; ====================
==================== 3 passed, 1 deselected in 0.01 seconds ====================
</system-out></testcase><testcase classname="pytest_cases.tests.pytest_extension.order.test_fixture_order_respects_scope" file="pytest_cases/tests/pytest_extension/order/test_fixture_order_respects_scope.py" line="24" name="test_value" time="0.0003437995910644531"><skipped message="This bug was not fixed in old pytest." type="pytest.skip">pytest_cases/tests/pytest_extension/order/test_fixture_order_respects_scope.py:24: &lt;py._xmlgen.raw object at 0x7fcbdd6e7f60&gt;</skipped></testcase><testcase classname="pytest_cases.tests.pytest_extension.order.session_optim.test_reorder_default_normal" file="pytest_cases/tests/pytest_extension/order/session_optim/test_reorder_default_normal.py" line="9" name="test_config" time="0.0009329319000244141"></testcase><testcase classname="pytest_cases.tests.pytest_extension.order.session_optim.test_reorder_default_normal" file="pytest_cases/tests/pytest_extension/order/session_optim/test_reorder_default_normal.py" line="24" name="test[flavor1-vxlan]" time="0.0015947818756103516"><system-out>flavor created: flavor1
encap created: vxlan
reprovision created: flavor1 vxlan
</system-out></testcase><testcase classname="pytest_cases.tests.pytest_extension.order.session_optim.test_reorder_default_normal" file="pytest_cases/tests/pytest_extension/order/session_optim/test_reorder_default_normal.py" line="28" name="test2[flavor1-vxlan]" time="0.0011937618255615234"></testcase><testcase classname="pytest_cases.tests.pytest_extension.order.session_optim.test_reorder_default_normal" file="pytest_cases/tests/pytest_extension/order/session_optim/test_reorder_default_normal.py" line="24" name="test[flavor1-vlan]" time="0.0015072822570800781"><system-out>encap created: vlan
reprovision created: flavor1 vlan
</system-out></testcase><testcase classname="pytest_cases.tests.pytest_extension.order.session_optim.test_reorder_default_normal" file="pytest_cases/tests/pytest_extension/order/session_optim/test_reorder_default_normal.py" line="28" name="test2[flavor1-vlan]" time="0.0012392997741699219"></testcase><testcase classname="pytest_cases.tests.pytest_extension.order.session_optim.test_reorder_default_normal" file="pytest_cases/tests/pytest_extension/order/session_optim/test_reorder_default_normal.py" line="24" name="test[flavor2-vlan]" time="0.001486063003540039"><system-out>flavor created: flavor2
reprovision created: flavor2 vlan
</system-out></testcase><testcase classname="pytest_cases.tests.pytest_extension.order.session_optim.test_reorder_default_normal" file="pytest_cases/tests/pytest_extension/order/session_optim/test_reorder_default_normal.py" line="28" name="test2[flavor2-vlan]" time="0.001283884048461914"></testcase><testcase classname="pytest_cases.tests.pytest_extension.order.session_optim.test_reorder_default_normal" file="pytest_cases/tests/pytest_extension/order/session_optim/test_reorder_default_normal.py" line="24" name="test[flavor2-vxlan]" time="0.0019676685333251953"><system-out>encap created: vxlan
reprovision created: flavor2 vxlan
</system-out></testcase><testcase classname="pytest_cases.tests.pytest_extension.order.session_optim.test_reorder_default_normal" file="pytest_cases/tests/pytest_extension/order/session_optim/test_reorder_default_normal.py" line="28" name="test2[flavor2-vxlan]" time="0.0011696815490722656"></testcase><testcase classname="pytest_cases.tests.pytest_extension.order.session_optim.test_reorder_default_normal" file="pytest_cases/tests/pytest_extension/order/session_optim/test_reorder_default_normal.py" line="32" name="test_synthesis" time="0.0004999637603759766"><skipped message="This &apos;optimal order&apos; was changed in some versions of pytest" type="pytest.skip">pytest_cases/tests/pytest_extension/order/session_optim/test_reorder_default_normal.py:32: &lt;py._xmlgen.raw object at 0x7fcbdd6fcb00&gt;</skipped></testcase><testcase classname="pytest_cases.tests.pytest_extension.others.test_assert_exception" file="pytest_cases/tests/pytest_extension/others/test_assert_exception.py" line="9" name="test_assert_exception" time="0.0019500255584716797"></testcase><testcase classname="pytest_cases.tests.pytest_extension.parametrize_plus.test_basics_misc" file="pytest_cases/tests/pytest_extension/parametrize_plus/test_basics_misc.py" line="19" name="test_extract_pset_info" time="0.0009157657623291016"></testcase><testcase classname="pytest_cases.tests.pytest_extension.parametrize_plus.test_basics_misc" file="pytest_cases/tests/pytest_extension/parametrize_plus/test_basics_misc.py" line="32" name="test_cart_product_pytest" time="0.0019805431365966797"></testcase><testcase classname="pytest_cases.tests.pytest_extension.parametrize_plus.test_basics_misc" file="pytest_cases/tests/pytest_extension/parametrize_plus/test_basics_misc.py" line="63" name="test_argname_error" time="0.0010271072387695312"></testcase><testcase classname="pytest_cases.tests.pytest_extension.parametrize_plus.test_basics_misc" file="pytest_cases/tests/pytest_extension/parametrize_plus/test_basics_misc.py" line="73" name="test_get_argnames_argvalues[False]" time="0.0021409988403320312"></testcase><testcase classname="pytest_cases.tests.pytest_extension.parametrize_plus.test_basics_misc" file="pytest_cases/tests/pytest_extension/parametrize_plus/test_basics_misc.py" line="73" name="test_get_argnames_argvalues[True]" time="0.002571582794189453"></testcase><testcase classname="pytest_cases.tests.pytest_extension.parametrize_plus.test_basics_misc" file="pytest_cases/tests/pytest_extension/parametrize_plus/test_basics_misc.py" line="157" name="test_idgen1[10yes-c2.1-a=True,b= -1]" time="0.001436471939086914"></testcase><testcase classname="pytest_cases.tests.pytest_extension.parametrize_plus.test_basics_misc" file="pytest_cases/tests/pytest_extension/parametrize_plus/test_basics_misc.py" line="157" name="test_idgen1[10yes-c2.1-a=False,b=  3]" time="0.0014829635620117188"></testcase><testcase classname="pytest_cases.tests.pytest_extension.parametrize_plus.test_basics_misc" file="pytest_cases/tests/pytest_extension/parametrize_plus/test_basics_misc.py" line="157" name="test_idgen1[10yes-c0.0-a=True,b= -1]" time="0.001489877700805664"></testcase><testcase classname="pytest_cases.tests.pytest_extension.parametrize_plus.test_basics_misc" file="pytest_cases/tests/pytest_extension/parametrize_plus/test_basics_misc.py" line="157" name="test_idgen1[10yes-c0.0-a=False,b=  3]" time="0.0014660358428955078"></testcase><testcase classname="pytest_cases.tests.pytest_extension.parametrize_plus.test_basics_misc" file="pytest_cases/tests/pytest_extension/parametrize_plus/test_basics_misc.py" line="164" name="test_idgen1_synthesis" time="0.0053408145904541016"></testcase><testcase classname="pytest_cases.tests.pytest_extension.parametrize_plus.test_basics_misc" file="pytest_cases/tests/pytest_extension/parametrize_plus/test_basics_misc.py" line="181" name="test_alt_usage1[a=True,b=1.2 and   -1]" time="0.0012903213500976562"></testcase><testcase classname="pytest_cases.tests.pytest_extension.parametrize_plus.test_basics_misc" file="pytest_cases/tests/pytest_extension/parametrize_plus/test_basics_misc.py" line="181" name="test_alt_usage1[a=True,b=1.2 and    2]" time="0.00185394287109375"></testcase><testcase classname="pytest_cases.tests.pytest_extension.parametrize_plus.test_basics_misc" file="pytest_cases/tests/pytest_extension/parametrize_plus/test_basics_misc.py" line="181" name="test_alt_usage1[a=True,b=0.0 and   -1]" time="0.0012640953063964844"></testcase><testcase classname="pytest_cases.tests.pytest_extension.parametrize_plus.test_basics_misc" file="pytest_cases/tests/pytest_extension/parametrize_plus/test_basics_misc.py" line="181" name="test_alt_usage1[a=True,b=0.0 and    2]" time="0.0011789798736572266"></testcase><testcase classname="pytest_cases.tests.pytest_extension.parametrize_plus.test_basics_misc" file="pytest_cases/tests/pytest_extension/parametrize_plus/test_basics_misc.py" line="186" name="test_alt_usage1_synthesis" time="0.005898475646972656"></testcase><testcase classname="pytest_cases.tests.pytest_extension.parametrize_plus.test_basics_misc" file="pytest_cases/tests/pytest_extension/parametrize_plus/test_basics_misc.py" line="199" name="test_alt_usage2[b1e+00]" time="0.0008394718170166016"></testcase><testcase classname="pytest_cases.tests.pytest_extension.parametrize_plus.test_basics_misc" file="pytest_cases/tests/pytest_extension/parametrize_plus/test_basics_misc.py" line="199" name="test_alt_usage2[b0e+00]" time="0.0009250640869140625"></testcase><testcase classname="pytest_cases.tests.pytest_extension.parametrize_plus.test_basics_misc" file="pytest_cases/tests/pytest_extension/parametrize_plus/test_basics_misc.py" line="204" name="test_alt_usage2_synthesis" time="0.003728628158569336"></testcase><testcase classname="pytest_cases.tests.pytest_extension.parametrize_plus.test_fixture_ref_basic1" file="pytest_cases/tests/pytest_extension/parametrize_plus/test_fixture_ref_basic1.py" line="20" name="test_prints[nothing-?]" time="0.0025568008422851562"><system-out>nothing?
</system-out></testcase><testcase classname="pytest_cases.tests.pytest_extension.parametrize_plus.test_fixture_ref_basic1" file="pytest_cases/tests/pytest_extension/parametrize_plus/test_fixture_ref_basic1.py" line="20" name="test_prints[nothing-!]" time="0.002290964126586914"><system-out>nothing!
</system-out></testcase><testcase classname="pytest_cases.tests.pytest_extension.parametrize_plus.test_fixture_ref_basic1" file="pytest_cases/tests/pytest_extension/parametrize_plus/test_fixture_ref_basic1.py" line="20" name="test_prints[world_str-?]" time="0.0024063587188720703"><system-out>world?
</system-out></testcase><testcase classname="pytest_cases.tests.pytest_extension.parametrize_plus.test_fixture_ref_basic1" file="pytest_cases/tests/pytest_extension/parametrize_plus/test_fixture_ref_basic1.py" line="20" name="test_prints[world_str-!]" time="0.0025250911712646484"><system-out>world!
</system-out></testcase><testcase classname="pytest_cases.tests.pytest_extension.parametrize_plus.test_fixture_ref_basic1" file="pytest_cases/tests/pytest_extension/parametrize_plus/test_fixture_ref_basic1.py" line="20" name="test_prints[greetings-world_str-?]" time="0.0021893978118896484"><system-out>hello world?
</system-out></testcase><testcase classname="pytest_cases.tests.pytest_extension.parametrize_plus.test_fixture_ref_basic1" file="pytest_cases/tests/pytest_extension/parametrize_plus/test_fixture_ref_basic1.py" line="20" name="test_prints[greetings-world_str-!]" time="0.002203702926635742"><system-out>hello world!
</system-out></testcase><testcase classname="pytest_cases.tests.pytest_extension.parametrize_plus.test_fixture_ref_basic1" file="pytest_cases/tests/pytest_extension/parametrize_plus/test_fixture_ref_basic1.py" line="20" name="test_prints[greetings-you-?]" time="0.0026853084564208984"><system-out>hello you?
</system-out></testcase><testcase classname="pytest_cases.tests.pytest_extension.parametrize_plus.test_fixture_ref_basic1" file="pytest_cases/tests/pytest_extension/parametrize_plus/test_fixture_ref_basic1.py" line="20" name="test_prints[greetings-you-!]" time="0.0021009445190429688"><system-out>hello you!
</system-out></testcase><testcase classname="pytest_cases.tests.pytest_extension.parametrize_plus.test_fixture_ref_basic1" file="pytest_cases/tests/pytest_extension/parametrize_plus/test_fixture_ref_basic1.py" line="20" name="test_prints[global_fixture-?]" time="0.002623319625854492"><system-out>global?
</system-out></testcase><testcase classname="pytest_cases.tests.pytest_extension.parametrize_plus.test_fixture_ref_basic1" file="pytest_cases/tests/pytest_extension/parametrize_plus/test_fixture_ref_basic1.py" line="20" name="test_prints[global_fixture-!]" time="0.002270936965942383"><system-out>global!
</system-out></testcase><testcase classname="pytest_cases.tests.pytest_extension.parametrize_plus.test_fixture_ref_basic1" file="pytest_cases/tests/pytest_extension/parametrize_plus/test_fixture_ref_basic1.py" line="29" name="test_synthesis" time="0.005765438079833984"></testcase><testcase classname="pytest_cases.tests.pytest_extension.parametrize_plus.test_fixture_ref_basic1" file="pytest_cases/tests/pytest_extension/parametrize_plus/test_fixture_ref_basic1.py" line="47" name="test_foo[c]" time="0.0013298988342285156"></testcase><testcase classname="pytest_cases.tests.pytest_extension.parametrize_plus.test_fixture_ref_basic2" file="pytest_cases/tests/pytest_extension/parametrize_plus/test_fixture_ref_basic2.py" line="22" name="test_foo[z-bar]" time="0.002677440643310547"></testcase><testcase classname="pytest_cases.tests.pytest_extension.parametrize_plus.test_fixture_ref_basic2" file="pytest_cases/tests/pytest_extension/parametrize_plus/test_fixture_ref_basic2.py" line="22" name="test_foo[a-bar]" time="0.002150297164916992"></testcase><testcase classname="pytest_cases.tests.pytest_extension.parametrize_plus.test_fixture_ref_basic2" file="pytest_cases/tests/pytest_extension/parametrize_plus/test_fixture_ref_basic2.py" line="22" name="test_foo[b-a-bar]" time="0.0027403831481933594"></testcase><testcase classname="pytest_cases.tests.pytest_extension.parametrize_plus.test_fixture_ref_basic2" file="pytest_cases/tests/pytest_extension/parametrize_plus/test_fixture_ref_basic2.py" line="22" name="test_foo[b-o-bar]" time="0.0021071434020996094"></testcase><testcase classname="pytest_cases.tests.pytest_extension.parametrize_plus.test_fixture_ref_basic2" file="pytest_cases/tests/pytest_extension/parametrize_plus/test_fixture_ref_basic2.py" line="22" name="test_foo[o-bar]" time="0.002305269241333008"></testcase><testcase classname="pytest_cases.tests.pytest_extension.parametrize_plus.test_fixture_ref_basic2" file="pytest_cases/tests/pytest_extension/parametrize_plus/test_fixture_ref_basic2.py" line="36" name="test_synthesis" time="0.004643917083740234"></testcase><testcase classname="pytest_cases.tests.pytest_extension.parametrize_plus.test_fixture_ref_basic3_tuples" file="pytest_cases/tests/pytest_extension/parametrize_plus/test_fixture_ref_basic3_tuples.py" line="27" name="test_prints[a-1]" time="0.0029625892639160156"><system-out>a 1
</system-out></testcase><testcase classname="pytest_cases.tests.pytest_extension.parametrize_plus.test_fixture_ref_basic3_tuples" file="pytest_cases/tests/pytest_extension/parametrize_plus/test_fixture_ref_basic3_tuples.py" line="27" name="test_prints[myfix-2-b]" time="0.0024826526641845703"><system-out>b 2
</system-out></testcase><testcase classname="pytest_cases.tests.pytest_extension.parametrize_plus.test_fixture_ref_basic3_tuples" file="pytest_cases/tests/pytest_extension/parametrize_plus/test_fixture_ref_basic3_tuples.py" line="27" name="test_prints[myfix-2-c]" time="0.002389192581176758"><system-out>c 2
</system-out></testcase><testcase classname="pytest_cases.tests.pytest_extension.parametrize_plus.test_fixture_ref_basic3_tuples" file="pytest_cases/tests/pytest_extension/parametrize_plus/test_fixture_ref_basic3_tuples.py" line="27" name="test_prints[myfix-myfix2-b-0]" time="0.003154277801513672"><system-out>b 0
</system-out></testcase><testcase classname="pytest_cases.tests.pytest_extension.parametrize_plus.test_fixture_ref_basic3_tuples" file="pytest_cases/tests/pytest_extension/parametrize_plus/test_fixture_ref_basic3_tuples.py" line="27" name="test_prints[myfix-myfix2-b--1]" time="0.0024771690368652344"><system-out>b -1
</system-out></testcase><testcase classname="pytest_cases.tests.pytest_extension.parametrize_plus.test_fixture_ref_basic3_tuples" file="pytest_cases/tests/pytest_extension/parametrize_plus/test_fixture_ref_basic3_tuples.py" line="27" name="test_prints[myfix-myfix2-c-0]" time="0.0024805068969726562"><system-out>c 0
</system-out></testcase><testcase classname="pytest_cases.tests.pytest_extension.parametrize_plus.test_fixture_ref_basic3_tuples" file="pytest_cases/tests/pytest_extension/parametrize_plus/test_fixture_ref_basic3_tuples.py" line="27" name="test_prints[myfix-myfix2-c--1]" time="0.002477884292602539"><system-out>c -1
</system-out></testcase><testcase classname="pytest_cases.tests.pytest_extension.parametrize_plus.test_fixture_ref_basic3_tuples" file="pytest_cases/tests/pytest_extension/parametrize_plus/test_fixture_ref_basic3_tuples.py" line="27" name="test_prints[myfix-myfix-b]" time="0.003010988235473633"><system-out>b b
</system-out></testcase><testcase classname="pytest_cases.tests.pytest_extension.parametrize_plus.test_fixture_ref_basic3_tuples" file="pytest_cases/tests/pytest_extension/parametrize_plus/test_fixture_ref_basic3_tuples.py" line="27" name="test_prints[myfix-myfix-c]" time="0.0023229122161865234"><system-out>c c
</system-out></testcase><testcase classname="pytest_cases.tests.pytest_extension.parametrize_plus.test_fixture_ref_basic3_tuples" file="pytest_cases/tests/pytest_extension/parametrize_plus/test_fixture_ref_basic3_tuples.py" line="27" name="test_prints[my_tuple-d-3]" time="0.002724170684814453"><system-out>d 3
</system-out></testcase><testcase classname="pytest_cases.tests.pytest_extension.parametrize_plus.test_fixture_ref_basic3_tuples" file="pytest_cases/tests/pytest_extension/parametrize_plus/test_fixture_ref_basic3_tuples.py" line="27" name="test_prints[my_tuple-e-4]" time="0.003082275390625"><system-out>e 4
</system-out></testcase><testcase classname="pytest_cases.tests.pytest_extension.parametrize_plus.test_fixture_ref_basic3_tuples" file="pytest_cases/tests/pytest_extension/parametrize_plus/test_fixture_ref_basic3_tuples.py" line="36" name="test_synthesis" time="0.005131721496582031"></testcase><testcase classname="pytest_cases.tests.pytest_extension.parametrize_plus.test_fixture_ref_basic4_ids" file="pytest_cases/tests/pytest_extension/parametrize_plus/test_fixture_ref_basic4_ids.py" line="31" name="test_foo_explicit[(arg1,arg2)/P0:2-1-None]" time="0.0021681785583496094"><system-out>1 None
</system-out></testcase><testcase classname="pytest_cases.tests.pytest_extension.parametrize_plus.test_fixture_ref_basic4_ids" file="pytest_cases/tests/pytest_extension/parametrize_plus/test_fixture_ref_basic4_ids.py" line="31" name="test_foo_explicit[(arg1,arg2)/P0:2-None-2]" time="0.002270936965942383"><system-out>None 2
</system-out></testcase><testcase classname="pytest_cases.tests.pytest_extension.parametrize_plus.test_fixture_ref_basic4_ids" file="pytest_cases/tests/pytest_extension/parametrize_plus/test_fixture_ref_basic4_ids.py" line="31" name="test_foo_explicit[(arg1,arg2)/a]" time="0.0032165050506591797"><system-out>A AA
</system-out></testcase><testcase classname="pytest_cases.tests.pytest_extension.parametrize_plus.test_fixture_ref_basic4_ids" file="pytest_cases/tests/pytest_extension/parametrize_plus/test_fixture_ref_basic4_ids.py" line="31" name="test_foo_explicit[(arg1,arg2)/aaa]" time="0.002645730972290039"><system-out>A AA
</system-out></testcase><testcase classname="pytest_cases.tests.pytest_extension.parametrize_plus.test_fixture_ref_basic4_ids" file="pytest_cases/tests/pytest_extension/parametrize_plus/test_fixture_ref_basic4_ids.py" line="31" name="test_foo_explicit[(arg1,arg2)/4-4]" time="0.0024652481079101562"><system-out>4 4
</system-out></testcase><testcase classname="pytest_cases.tests.pytest_extension.parametrize_plus.test_fixture_ref_basic4_ids" file="pytest_cases/tests/pytest_extension/parametrize_plus/test_fixture_ref_basic4_ids.py" line="31" name="test_foo_explicit[(arg1,arg2)/1-a]" time="0.002744913101196289"><system-out>1 (&apos;A&apos;, &apos;AA&apos;)
</system-out></testcase><testcase classname="pytest_cases.tests.pytest_extension.parametrize_plus.test_fixture_ref_basic4_ids" file="pytest_cases/tests/pytest_extension/parametrize_plus/test_fixture_ref_basic4_ids.py" line="31" name="test_foo_explicit[(arg1,arg2)/3-b-1]" time="0.003145933151245117"><system-out>3 B1
</system-out></testcase><testcase classname="pytest_cases.tests.pytest_extension.parametrize_plus.test_fixture_ref_basic4_ids" file="pytest_cases/tests/pytest_extension/parametrize_plus/test_fixture_ref_basic4_ids.py" line="31" name="test_foo_explicit[(arg1,arg2)/3-b-2]" time="0.002530813217163086"><system-out>3 B2
</system-out></testcase><testcase classname="pytest_cases.tests.pytest_extension.parametrize_plus.test_fixture_ref_basic4_ids" file="pytest_cases/tests/pytest_extension/parametrize_plus/test_fixture_ref_basic4_ids.py" line="36" name="test_foo_compact[/P0:2-1-None]" time="0.0026366710662841797"><system-out>1 None
</system-out></testcase><testcase classname="pytest_cases.tests.pytest_extension.parametrize_plus.test_fixture_ref_basic4_ids" file="pytest_cases/tests/pytest_extension/parametrize_plus/test_fixture_ref_basic4_ids.py" line="36" name="test_foo_compact[/P0:2-None-2]" time="0.0025026798248291016"><system-out>None 2
</system-out></testcase><testcase classname="pytest_cases.tests.pytest_extension.parametrize_plus.test_fixture_ref_basic4_ids" file="pytest_cases/tests/pytest_extension/parametrize_plus/test_fixture_ref_basic4_ids.py" line="36" name="test_foo_compact[/a]" time="0.0027604103088378906"><system-out>A AA
</system-out></testcase><testcase classname="pytest_cases.tests.pytest_extension.parametrize_plus.test_fixture_ref_basic4_ids" file="pytest_cases/tests/pytest_extension/parametrize_plus/test_fixture_ref_basic4_ids.py" line="36" name="test_foo_compact[/aaa]" time="0.0025069713592529297"><system-out>A AA
</system-out></testcase><testcase classname="pytest_cases.tests.pytest_extension.parametrize_plus.test_fixture_ref_basic4_ids" file="pytest_cases/tests/pytest_extension/parametrize_plus/test_fixture_ref_basic4_ids.py" line="36" name="test_foo_compact[/4-4]" time="0.0025832653045654297"><system-out>4 4
</system-out></testcase><testcase classname="pytest_cases.tests.pytest_extension.parametrize_plus.test_fixture_ref_basic4_ids" file="pytest_cases/tests/pytest_extension/parametrize_plus/test_fixture_ref_basic4_ids.py" line="36" name="test_foo_compact[/1-a]" time="0.002440929412841797"><system-out>1 (&apos;A&apos;, &apos;AA&apos;)
</system-out></testcase><testcase classname="pytest_cases.tests.pytest_extension.parametrize_plus.test_fixture_ref_basic4_ids" file="pytest_cases/tests/pytest_extension/parametrize_plus/test_fixture_ref_basic4_ids.py" line="36" name="test_foo_compact[/3-b-1]" time="0.002269268035888672"><system-out>3 B1
</system-out></testcase><testcase classname="pytest_cases.tests.pytest_extension.parametrize_plus.test_fixture_ref_basic4_ids" file="pytest_cases/tests/pytest_extension/parametrize_plus/test_fixture_ref_basic4_ids.py" line="36" name="test_foo_compact[/3-b-2]" time="0.002213716506958008"><system-out>3 B2
</system-out></testcase><testcase classname="pytest_cases.tests.pytest_extension.parametrize_plus.test_fixture_ref_basic4_ids" file="pytest_cases/tests/pytest_extension/parametrize_plus/test_fixture_ref_basic4_ids.py" line="41" name="test_foo_nostyle[1-None]" time="0.0025911331176757812"><system-out>1 None
</system-out></testcase><testcase classname="pytest_cases.tests.pytest_extension.parametrize_plus.test_fixture_ref_basic4_ids" file="pytest_cases/tests/pytest_extension/parametrize_plus/test_fixture_ref_basic4_ids.py" line="41" name="test_foo_nostyle[None-2]" time="0.0026760101318359375"><system-out>None 2
</system-out></testcase><testcase classname="pytest_cases.tests.pytest_extension.parametrize_plus.test_fixture_ref_basic4_ids" file="pytest_cases/tests/pytest_extension/parametrize_plus/test_fixture_ref_basic4_ids.py" line="41" name="test_foo_nostyle[a]" time="0.0027608871459960938"><system-out>A AA
</system-out></testcase><testcase classname="pytest_cases.tests.pytest_extension.parametrize_plus.test_fixture_ref_basic4_ids" file="pytest_cases/tests/pytest_extension/parametrize_plus/test_fixture_ref_basic4_ids.py" line="41" name="test_foo_nostyle[aaa]" time="0.0025131702423095703"><system-out>A AA
</system-out></testcase><testcase classname="pytest_cases.tests.pytest_extension.parametrize_plus.test_fixture_ref_basic4_ids" file="pytest_cases/tests/pytest_extension/parametrize_plus/test_fixture_ref_basic4_ids.py" line="41" name="test_foo_nostyle[4-4]" time="0.0026769638061523438"><system-out>4 4
</system-out></testcase><testcase classname="pytest_cases.tests.pytest_extension.parametrize_plus.test_fixture_ref_basic4_ids" file="pytest_cases/tests/pytest_extension/parametrize_plus/test_fixture_ref_basic4_ids.py" line="41" name="test_foo_nostyle[1-a]" time="0.002572298049926758"><system-out>1 (&apos;A&apos;, &apos;AA&apos;)
</system-out></testcase><testcase classname="pytest_cases.tests.pytest_extension.parametrize_plus.test_fixture_ref_basic4_ids" file="pytest_cases/tests/pytest_extension/parametrize_plus/test_fixture_ref_basic4_ids.py" line="41" name="test_foo_nostyle[3-b-1]" time="0.002641439437866211"><system-out>3 B1
</system-out></testcase><testcase classname="pytest_cases.tests.pytest_extension.parametrize_plus.test_fixture_ref_basic4_ids" file="pytest_cases/tests/pytest_extension/parametrize_plus/test_fixture_ref_basic4_ids.py" line="41" name="test_foo_nostyle[3-b-2]" time="0.0027010440826416016"><system-out>3 B2
</system-out></testcase><testcase classname="pytest_cases.tests.pytest_extension.parametrize_plus.test_fixture_ref_basic4_ids" file="pytest_cases/tests/pytest_extension/parametrize_plus/test_fixture_ref_basic4_ids.py" line="46" name="test_synthesis" time="0.007108926773071289"></testcase><testcase classname="pytest_cases.tests.pytest_extension.parametrize_plus.test_getcallspecs" file="pytest_cases/tests/pytest_extension/parametrize_plus/test_getcallspecs.py" line="10" name="test_getcallspecs[False]" time="0.001924753189086914"></testcase><testcase classname="pytest_cases.tests.pytest_extension.parametrize_plus.test_getcallspecs" file="pytest_cases/tests/pytest_extension/parametrize_plus/test_getcallspecs.py" line="10" name="test_getcallspecs[True]" time="0.002104520797729492"></testcase><testcase classname="pytest_cases.tests.pytest_extension.parametrize_plus.test_lazy_value" file="pytest_cases/tests/pytest_extension/parametrize_plus/test_lazy_value.py" line="26" name="test_foo_single[val]" time="0.0010759830474853516"></testcase><testcase classname="pytest_cases.tests.pytest_extension.parametrize_plus.test_lazy_value" file="pytest_cases/tests/pytest_extension/parametrize_plus/test_lazy_value.py" line="26" name="test_foo_single[val_skipped_on_old_pytest]" time="0.0011942386627197266"><skipped message="well" type="pytest.skip">pytest_cases/tests/pytest_extension/parametrize_plus/test_lazy_value.py:26: &lt;py._xmlgen.raw object at 0x7fcbdd65c470&gt;</skipped></testcase><testcase classname="pytest_cases.tests.pytest_extension.parametrize_plus.test_lazy_value" file="pytest_cases/tests/pytest_extension/parametrize_plus/test_lazy_value.py" line="26" name="test_foo_single[A]" time="0.0010561943054199219"></testcase><testcase classname="pytest_cases.tests.pytest_extension.parametrize_plus.test_lazy_value" file="pytest_cases/tests/pytest_extension/parametrize_plus/test_lazy_value.py" line="34" name="test_foo_multi[valtuple[0]-valtuple[1]]" time="0.0014722347259521484"></testcase><testcase classname="pytest_cases.tests.pytest_extension.parametrize_plus.test_lazy_value" file="pytest_cases/tests/pytest_extension/parametrize_plus/test_lazy_value.py" line="34" name="test_foo_multi[1-val]" time="0.0011625289916992188"></testcase><testcase classname="pytest_cases.tests.pytest_extension.parametrize_plus.test_lazy_value" file="pytest_cases/tests/pytest_extension/parametrize_plus/test_lazy_value.py" line="41" name="test_synthesis" time="0.004475116729736328"></testcase><testcase classname="pytest_cases.tests.pytest_extension.parametrize_plus.test_lazy_value__custom_ids" file="pytest_cases/tests/pytest_extension/parametrize_plus/test_lazy_value__custom_ids.py" line="38" name="test_foo_single[a=val]" time="0.0012593269348144531"></testcase><testcase classname="pytest_cases.tests.pytest_extension.parametrize_plus.test_lazy_value__custom_ids" file="pytest_cases/tests/pytest_extension/parametrize_plus/test_lazy_value__custom_ids.py" line="38" name="test_foo_single[a=val_skipped_on_old_pytest]" time="0.00043845176696777344"><skipped message="well" type="pytest.skip">pytest_cases/tests/pytest_extension/parametrize_plus/test_lazy_value__custom_ids.py:38: &lt;py._xmlgen.raw object at 0x7fcbdd667b38&gt;</skipped></testcase><testcase classname="pytest_cases.tests.pytest_extension.parametrize_plus.test_lazy_value__custom_ids" file="pytest_cases/tests/pytest_extension/parametrize_plus/test_lazy_value__custom_ids.py" line="38" name="test_foo_single[a=A]" time="0.0012769699096679688"></testcase><testcase classname="pytest_cases.tests.pytest_extension.parametrize_plus.test_lazy_value__custom_ids" file="pytest_cases/tests/pytest_extension/parametrize_plus/test_lazy_value__custom_ids.py" line="46" name="test_foo_multi[a=valtuple[0]-b=valtuple[1]]" time="0.001645803451538086"></testcase><testcase classname="pytest_cases.tests.pytest_extension.parametrize_plus.test_lazy_value__custom_ids" file="pytest_cases/tests/pytest_extension/parametrize_plus/test_lazy_value__custom_ids.py" line="46" name="test_foo_multi[a=1-b=val]" time="0.001577615737915039"></testcase><testcase classname="pytest_cases.tests.pytest_extension.parametrize_plus.test_lazy_value__custom_ids" file="pytest_cases/tests/pytest_extension/parametrize_plus/test_lazy_value__custom_ids.py" line="53" name="test_synthesis" time="0.004555940628051758"></testcase><testcase classname="pytest_cases.tests.pytest_extension.parametrize_plus.test_lazy_value_and_fixture_ref" file="pytest_cases/tests/pytest_extension/parametrize_plus/test_lazy_value_and_fixture_ref.py" line="21" name="test_foo_single[val]" time="0.002179861068725586"></testcase><testcase classname="pytest_cases.tests.pytest_extension.parametrize_plus.test_lazy_value_and_fixture_ref" file="pytest_cases/tests/pytest_extension/parametrize_plus/test_lazy_value_and_fixture_ref.py" line="21" name="test_foo_single[bfix-5]" time="0.0020151138305664062"></testcase><testcase classname="pytest_cases.tests.pytest_extension.parametrize_plus.test_lazy_value_and_fixture_ref" file="pytest_cases/tests/pytest_extension/parametrize_plus/test_lazy_value_and_fixture_ref.py" line="21" name="test_foo_single[bfix-7]" time="0.0022208690643310547"></testcase><testcase classname="pytest_cases.tests.pytest_extension.parametrize_plus.test_lazy_value_and_fixture_ref" file="pytest_cases/tests/pytest_extension/parametrize_plus/test_lazy_value_and_fixture_ref.py" line="21" name="test_foo_single[A]" time="0.0026671886444091797"></testcase><testcase classname="pytest_cases.tests.pytest_extension.parametrize_plus.test_lazy_value_and_fixture_ref" file="pytest_cases/tests/pytest_extension/parametrize_plus/test_lazy_value_and_fixture_ref.py" line="29" name="test_synthesis2" time="0.004688739776611328"></testcase><testcase classname="pytest_cases.tests.pytest_extension.parametrize_plus.test_lazy_value_and_fixture_ref2" file="pytest_cases/tests/pytest_extension/parametrize_plus/test_lazy_value_and_fixture_ref2.py" line="46" name="test_foo_multi[valtuple]" time="0.0024678707122802734"></testcase><testcase classname="pytest_cases.tests.pytest_extension.parametrize_plus.test_lazy_value_and_fixture_ref2" file="pytest_cases/tests/pytest_extension/parametrize_plus/test_lazy_value_and_fixture_ref2.py" line="46" name="test_foo_multi[A]" time="0.0025093555450439453"></testcase><testcase classname="pytest_cases.tests.pytest_extension.parametrize_plus.test_lazy_value_and_fixture_ref2" file="pytest_cases/tests/pytest_extension/parametrize_plus/test_lazy_value_and_fixture_ref2.py" line="46" name="test_foo_multi[tfix-13]" time="0.0034546852111816406"></testcase><testcase classname="pytest_cases.tests.pytest_extension.parametrize_plus.test_lazy_value_and_fixture_ref2" file="pytest_cases/tests/pytest_extension/parametrize_plus/test_lazy_value_and_fixture_ref2.py" line="46" name="test_foo_multi[tfix-11]" time="0.002655029296875"></testcase><testcase classname="pytest_cases.tests.pytest_extension.parametrize_plus.test_lazy_value_and_fixture_ref2" file="pytest_cases/tests/pytest_extension/parametrize_plus/test_lazy_value_and_fixture_ref2.py" line="46" name="test_foo_multi[vfix-val-5]" time="0.0023314952850341797"></testcase><testcase classname="pytest_cases.tests.pytest_extension.parametrize_plus.test_lazy_value_and_fixture_ref2" file="pytest_cases/tests/pytest_extension/parametrize_plus/test_lazy_value_and_fixture_ref2.py" line="46" name="test_foo_multi[vfix-val-7]" time="0.0016913414001464844"></testcase><testcase classname="pytest_cases.tests.pytest_extension.parametrize_plus.test_lazy_value_and_fixture_ref2" file="pytest_cases/tests/pytest_extension/parametrize_plus/test_lazy_value_and_fixture_ref2.py" line="46" name="test_foo_multi[B-vfix-5]" time="0.002042531967163086"></testcase><testcase classname="pytest_cases.tests.pytest_extension.parametrize_plus.test_lazy_value_and_fixture_ref2" file="pytest_cases/tests/pytest_extension/parametrize_plus/test_lazy_value_and_fixture_ref2.py" line="46" name="test_foo_multi[B-vfix-7]" time="0.0007472038269042969"></testcase><testcase classname="pytest_cases.tests.pytest_extension.parametrize_plus.test_lazy_value_and_fixture_ref2" file="pytest_cases/tests/pytest_extension/parametrize_plus/test_lazy_value_and_fixture_ref2.py" line="46" name="test_foo_multi[vfix-vfix-5]" time="0.0006778240203857422"></testcase><testcase classname="pytest_cases.tests.pytest_extension.parametrize_plus.test_lazy_value_and_fixture_ref2" file="pytest_cases/tests/pytest_extension/parametrize_plus/test_lazy_value_and_fixture_ref2.py" line="46" name="test_foo_multi[vfix-vfix-7]" time="0.0008654594421386719"></testcase><testcase classname="pytest_cases.tests.pytest_extension.parametrize_plus.test_lazy_value_and_fixture_ref2" file="pytest_cases/tests/pytest_extension/parametrize_plus/test_lazy_value_and_fixture_ref2.py" line="60" name="test_synthesis2" time="0.005781412124633789"></testcase><testcase classname="pytest_cases.tests.pytest_extension.parametrize_plus.test_lazy_value_and_fixture_ref3" file="pytest_cases/tests/pytest_extension/parametrize_plus/test_lazy_value_and_fixture_ref3.py" line="46" name="test_foo_multi[valtuple]" time="0.001360177993774414"></testcase><testcase classname="pytest_cases.tests.pytest_extension.parametrize_plus.test_lazy_value_and_fixture_ref3" file="pytest_cases/tests/pytest_extension/parametrize_plus/test_lazy_value_and_fixture_ref3.py" line="46" name="test_foo_multi[A]" time="0.001285552978515625"></testcase><testcase classname="pytest_cases.tests.pytest_extension.parametrize_plus.test_lazy_value_and_fixture_ref3" file="pytest_cases/tests/pytest_extension/parametrize_plus/test_lazy_value_and_fixture_ref3.py" line="46" name="test_foo_multi[tfix-val]" time="0.0016095638275146484"></testcase><testcase classname="pytest_cases.tests.pytest_extension.parametrize_plus.test_lazy_value_and_fixture_ref3" file="pytest_cases/tests/pytest_extension/parametrize_plus/test_lazy_value_and_fixture_ref3.py" line="46" name="test_foo_multi[tfix-11]" time="0.0012171268463134766"></testcase><testcase classname="pytest_cases.tests.pytest_extension.parametrize_plus.test_lazy_value_and_fixture_ref3" file="pytest_cases/tests/pytest_extension/parametrize_plus/test_lazy_value_and_fixture_ref3.py" line="46" name="test_foo_multi[vfix-val-5]" time="0.001260519027709961"></testcase><testcase classname="pytest_cases.tests.pytest_extension.parametrize_plus.test_lazy_value_and_fixture_ref3" file="pytest_cases/tests/pytest_extension/parametrize_plus/test_lazy_value_and_fixture_ref3.py" line="46" name="test_foo_multi[vfix-val-val]" time="0.0012843608856201172"></testcase><testcase classname="pytest_cases.tests.pytest_extension.parametrize_plus.test_lazy_value_and_fixture_ref3" file="pytest_cases/tests/pytest_extension/parametrize_plus/test_lazy_value_and_fixture_ref3.py" line="46" name="test_foo_multi[B-vfix-5]" time="0.0016083717346191406"></testcase><testcase classname="pytest_cases.tests.pytest_extension.parametrize_plus.test_lazy_value_and_fixture_ref3" file="pytest_cases/tests/pytest_extension/parametrize_plus/test_lazy_value_and_fixture_ref3.py" line="46" name="test_foo_multi[B-vfix-val]" time="0.0012483596801757812"></testcase><testcase classname="pytest_cases.tests.pytest_extension.parametrize_plus.test_lazy_value_and_fixture_ref3" file="pytest_cases/tests/pytest_extension/parametrize_plus/test_lazy_value_and_fixture_ref3.py" line="46" name="test_foo_multi[vfix-vfix-5]" time="0.0011942386627197266"></testcase><testcase classname="pytest_cases.tests.pytest_extension.parametrize_plus.test_lazy_value_and_fixture_ref3" file="pytest_cases/tests/pytest_extension/parametrize_plus/test_lazy_value_and_fixture_ref3.py" line="46" name="test_foo_multi[vfix-vfix-val]" time="0.0012624263763427734"></testcase><testcase classname="pytest_cases.tests.pytest_extension.parametrize_plus.test_lazy_value_and_fixture_ref3" file="pytest_cases/tests/pytest_extension/parametrize_plus/test_lazy_value_and_fixture_ref3.py" line="60" name="test_synthesis2" time="0.00594329833984375"></testcase><testcase classname="pytest_cases.tests.pytest_extension.parametrize_plus.test_lazy_value_low_level" file="pytest_cases/tests/pytest_extension/parametrize_plus/test_lazy_value_low_level.py" line="16" name="test_value_ref" time="0.0011649131774902344"></testcase><testcase classname="pytest_cases.tests.pytest_extension.parametrize_plus.test_lazy_value_low_level" file="pytest_cases/tests/pytest_extension/parametrize_plus/test_lazy_value_low_level.py" line="100" name="test_lv_clone" time="0.0006997585296630859"></testcase><testcase classname="pytest_cases.tests.pytest_extension.parametrize_plus.test_lazy_value_low_level" file="pytest_cases/tests/pytest_extension/parametrize_plus/test_lazy_value_low_level.py" line="125" name="test_lv_tuple_clone" time="0.0007636547088623047"></testcase><testcase classname="pytest_cases.tests.pytest_extension.parametrize_plus.test_lazy_value_so" file="pytest_cases/tests/pytest_extension/parametrize_plus/test_lazy_value_so.py" line="32" name="test_foo[get_param(0)]" time="0.0007398128509521484"><system-out>0.5550903499936574
</system-out></testcase><testcase classname="pytest_cases.tests.pytest_extension.parametrize_plus.test_lazy_value_so" file="pytest_cases/tests/pytest_extension/parametrize_plus/test_lazy_value_so.py" line="32" name="test_foo[get_param(1)]" time="0.0010135173797607422"><system-out>0.02029674822963945
</system-out></testcase><testcase classname="pytest_cases.tests.pytest_extension.parametrize_plus.test_lazy_value_so" file="pytest_cases/tests/pytest_extension/parametrize_plus/test_lazy_value_so.py" line="32" name="test_foo[get_param(2)]" time="0.0007066726684570312"><system-out>0.9854174867062466
</system-out></testcase><testcase classname="pytest_cases.tests.pytest_extension.parametrize_plus.test_lazy_value_so" file="pytest_cases/tests/pytest_extension/parametrize_plus/test_lazy_value_so.py" line="32" name="test_foo[get_param(3)]" time="0.0006911754608154297"><system-out>0.14972976255227965
</system-out></testcase><testcase classname="pytest_cases.tests.pytest_extension.parametrize_plus.test_lazy_value_so" file="pytest_cases/tests/pytest_extension/parametrize_plus/test_lazy_value_so.py" line="32" name="test_foo[get_param(4)]" time="0.0007250308990478516"><system-out>0.6101473704817736
</system-out></testcase><testcase classname="pytest_cases.tests.pytest_extension.parametrize_plus.test_lazy_value_so" file="pytest_cases/tests/pytest_extension/parametrize_plus/test_lazy_value_so.py" line="32" name="test_foo[get_param(5)]" time="0.0006525516510009766"><system-out>0.7144453715335607
</system-out></testcase><testcase classname="pytest_cases.tests.pytest_extension.parametrize_plus.test_lazy_value_so" file="pytest_cases/tests/pytest_extension/parametrize_plus/test_lazy_value_so.py" line="32" name="test_foo[get_param(6)]" time="0.0016994476318359375"><system-out>0.7254416097796033
</system-out></testcase><testcase classname="pytest_cases.tests.pytest_extension.parametrize_plus.test_lazy_value_so" file="pytest_cases/tests/pytest_extension/parametrize_plus/test_lazy_value_so.py" line="32" name="test_foo[get_param(7)]" time="0.0006475448608398438"><system-out>0.7859023924688019
</system-out></testcase><testcase classname="pytest_cases.tests.pytest_extension.parametrize_plus.test_lazy_value_so" file="pytest_cases/tests/pytest_extension/parametrize_plus/test_lazy_value_so.py" line="32" name="test_foo[get_param(8)]" time="0.0006616115570068359"><system-out>0.10928306054678616
</system-out></testcase><testcase classname="pytest_cases.tests.pytest_extension.parametrize_plus.test_lazy_value_so" file="pytest_cases/tests/pytest_extension/parametrize_plus/test_lazy_value_so.py" line="32" name="test_foo[get_param(9)]" time="0.0006504058837890625"><system-out>0.9688038584074921
</system-out></testcase><testcase classname="pytest_cases.tests.pytest_extension.parametrize_plus.test_so2" file="pytest_cases/tests/pytest_extension/parametrize_plus/test_so2.py" line="67" name="test_databases[data_from_datasetA-idx=0]" time="0.0012934207916259766"><system-out>setting up dataset A
setting up dataset B
data1_a
</system-out></testcase><testcase classname="pytest_cases.tests.pytest_extension.parametrize_plus.test_so2" file="pytest_cases/tests/pytest_extension/parametrize_plus/test_so2.py" line="67" name="test_databases[data_from_datasetB-idx=0]" time="0.001271963119506836"></testcase><testcase classname="pytest_cases.tests.pytest_extension.parametrize_plus.test_so2" file="pytest_cases/tests/pytest_extension/parametrize_plus/test_so2.py" line="67" name="test_databases[data_from_datasetB-idx=1]" time="0.0010533332824707031"><system-out>data2_b
</system-out></testcase><testcase classname="pytest_cases.tests.pytest_extension.parametrize_plus.test_so2" file="pytest_cases/tests/pytest_extension/parametrize_plus/test_so2.py" line="67" name="test_databases[data_from_datasetB-idx=2]" time="0.0011413097381591797"><system-out>data3_b
</system-out></testcase><testcase classname="pytest_cases.tests.pytest_extension.parametrize_plus.test_so2" file="pytest_cases/tests/pytest_extension/parametrize_plus/test_so2.py" line="67" name="test_databases[data_from_datasetA-idx=1]" time="0.0010864734649658203"><system-out>data2_a
</system-out></testcase><testcase classname="pytest_cases.tests.pytest_extension.parametrize_plus.test_so2" file="pytest_cases/tests/pytest_extension/parametrize_plus/test_so2.py" line="67" name="test_databases[data_from_datasetA-idx=2]" time="0.0014891624450683594"><system-out>data3_a
</system-out></testcase><testcase classname="pytest_cases.tests.pytest_extension.parametrize_plus.test_so2_dynamic" file="pytest_cases/tests/pytest_extension/parametrize_plus/test_so2_dynamic.py" line="42" name="test_databases[data_from_DA-idx=0]" time="0.0012617111206054688"><system-out>setting up dataset DA
setting up dataset DB
data1_a
</system-out></testcase><testcase classname="pytest_cases.tests.pytest_extension.parametrize_plus.test_so2_dynamic" file="pytest_cases/tests/pytest_extension/parametrize_plus/test_so2_dynamic.py" line="42" name="test_databases[data_from_DB-idx=0]" time="0.0009286403656005859"></testcase><testcase classname="pytest_cases.tests.pytest_extension.parametrize_plus.test_so2_dynamic" file="pytest_cases/tests/pytest_extension/parametrize_plus/test_so2_dynamic.py" line="42" name="test_databases[data_from_DB-idx=1]" time="0.0010790824890136719"><system-out>data2_b
</system-out></testcase><testcase classname="pytest_cases.tests.pytest_extension.parametrize_plus.test_so2_dynamic" file="pytest_cases/tests/pytest_extension/parametrize_plus/test_so2_dynamic.py" line="42" name="test_databases[data_from_DA-idx=1]" time="0.001514434814453125"><system-out>data2_a
</system-out></testcase><testcase classname="pytest_cases.tests.pytest_extension.parametrize_plus.test_so2_dynamic" file="pytest_cases/tests/pytest_extension/parametrize_plus/test_so2_dynamic.py" line="42" name="test_databases[data_from_DA-idx=2]" time="0.0011622905731201172"><system-out>data3_a
</system-out></testcase><testcase classname="pytest_cases.tests.pytest_extension.parametrize_plus.test_so2_new" file="pytest_cases/tests/pytest_extension/parametrize_plus/test_so2_new.py" line="45" name="test_data[from_A-idx=0]" time="0.0012502670288085938"><system-out>10
</system-out></testcase><testcase classname="pytest_cases.tests.pytest_extension.parametrize_plus.test_so2_new" file="pytest_cases/tests/pytest_extension/parametrize_plus/test_so2_new.py" line="45" name="test_data[from_A-idx=1]" time="0.0011663436889648438"><system-out>20
</system-out></testcase><testcase classname="pytest_cases.tests.pytest_extension.parametrize_plus.test_so2_new" file="pytest_cases/tests/pytest_extension/parametrize_plus/test_so2_new.py" line="45" name="test_data[from_A-idx=2]" time="0.001445770263671875"><system-out>30
</system-out></testcase><testcase classname="pytest_cases.tests.pytest_extension.parametrize_plus.test_so2_new" file="pytest_cases/tests/pytest_extension/parametrize_plus/test_so2_new.py" line="45" name="test_data[from_B-idx=0]" time="0.0011248588562011719"><system-out>100
</system-out></testcase><testcase classname="pytest_cases.tests.pytest_extension.parametrize_plus.test_so2_new" file="pytest_cases/tests/pytest_extension/parametrize_plus/test_so2_new.py" line="45" name="test_data[from_B-idx=1]" time="0.0011267662048339844"><system-out>200
</system-out></testcase><testcase classname="pytest_cases.tests.pytest_extension.parametrize_plus.test_so2_simplified" file="pytest_cases/tests/pytest_extension/parametrize_plus/test_so2_simplified.py" line="39" name="test_databases[data_from_datasetA-idx=0]" time="0.0012218952178955078"><system-out>setting up dataset A
setting up dataset B
data1_a
</system-out></testcase><testcase classname="pytest_cases.tests.pytest_extension.parametrize_plus.test_so2_simplified" file="pytest_cases/tests/pytest_extension/parametrize_plus/test_so2_simplified.py" line="39" name="test_databases[data_from_datasetB-idx=0]" time="0.0013341903686523438"></testcase><testcase classname="pytest_cases.tests.pytest_extension.parametrize_plus.test_so2_simplified" file="pytest_cases/tests/pytest_extension/parametrize_plus/test_so2_simplified.py" line="39" name="test_databases[data_from_datasetA-idx=1]" time="0.0010437965393066406"><system-out>data2_a
</system-out></testcase><testcase classname="pytest_cases.tests.pytest_extension.parametrize_plus.test_so2_simplified" file="pytest_cases/tests/pytest_extension/parametrize_plus/test_so2_simplified.py" line="39" name="test_databases[data_from_datasetA-idx=2]" time="0.0010738372802734375"><system-out>data3_a
</system-out></testcase><testcase classname="pytest_cases.tests.pytest_extension.parametrize_plus.test_so2_simplified" file="pytest_cases/tests/pytest_extension/parametrize_plus/test_so2_simplified.py" line="39" name="test_databases[data_from_datasetB-idx=1]" time="0.0029256343841552734"><system-out>data2_b
</system-out></testcase></testsuite>