<?xml version="1.0" encoding="utf-8"?><testsuite errors="0" failures="0" name="pytest" skips="110" tests="932" time="5.023"><testcase classname="pytest_cases.tests.test_plugin_installed" file="pytest_cases/tests/test_plugin_installed.py" line="4" name="test_pytest_cases_plugin_installed" time="0.001413583755493164"></testcase><testcase classname="pytest_cases.tests.cases.doc.test_doc" file="pytest_cases/tests/cases/doc/test_doc.py" line="14" name="test_foo1[1-2]" time="0.001024007797241211"></testcase><testcase classname="pytest_cases.tests.cases.doc.test_doc" file="pytest_cases/tests/cases/doc/test_doc.py" line="14" name="test_foo1[-1--2]" time="0.0008213520050048828"></testcase><testcase classname="pytest_cases.tests.cases.doc.test_doc" file="pytest_cases/tests/cases/doc/test_doc.py" line="19" name="test_foo1_synthesis" time="0.004824161529541016"></testcase><testcase classname="pytest_cases.tests.cases.doc.test_doc" file="pytest_cases/tests/cases/doc/test_doc.py" line="24" name="test_foo_default_cases_file[two_positive_ints[0]-two_positive_ints[1]]" time="0.001009225845336914"></testcase><testcase classname="pytest_cases.tests.cases.doc.test_doc" file="pytest_cases/tests/cases/doc/test_doc.py" line="24" name="test_foo_default_cases_file[two_negative_ints[0]-two_negative_ints[1]]" time="0.0013566017150878906"></testcase><testcase classname="pytest_cases.tests.cases.doc.test_doc" file="pytest_cases/tests/cases/doc/test_doc.py" line="29" name="test_foo_default_cases_file_synthesis" time="0.005427360534667969"></testcase><testcase classname="pytest_cases.tests.cases.doc.test_doc" file="pytest_cases/tests/cases/doc/test_doc.py" line="37" name="test_foo_alternate_cases_file_and_two_marked_skip[0hello[0]-hello[1]]" time="0.0008947849273681641"></testcase><testcase classname="pytest_cases.tests.cases.doc.test_doc" file="pytest_cases/tests/cases/doc/test_doc.py" line="37" name="test_foo_alternate_cases_file_and_two_marked_skip[1skipped[0]-skipped[1]]" time="0.00033736228942871094"><skipped message="unconditional skip" type="pytest.skip">pytest_cases/tests/cases/doc/test_doc.py:37: &lt;py._xmlgen.raw object at 0x7fcacabd1470&gt;</skipped></testcase><testcase classname="pytest_cases.tests.cases.doc.test_doc" file="pytest_cases/tests/cases/doc/test_doc.py" line="37" name="test_foo_alternate_cases_file_and_two_marked_skip[2two_negative_ints[0]-two_negative_ints[1]]" time="0.0010044574737548828"></testcase><testcase classname="pytest_cases.tests.cases.doc.test_doc" file="pytest_cases/tests/cases/doc/test_doc.py" line="37" name="test_foo_alternate_cases_file_and_two_marked_skip[3three_negative_ints[0]-three_negative_ints[1]]" time="0.0002856254577636719"><skipped message="unconditional skip" type="pytest.skip">pytest_cases/tests/cases/doc/test_doc.py:37: &lt;py._xmlgen.raw object at 0x7fcacacd40f0&gt;</skipped></testcase><testcase classname="pytest_cases.tests.cases.doc.test_doc" file="pytest_cases/tests/cases/doc/test_doc.py" line="37" name="test_foo_alternate_cases_file_and_two_marked_skip[4two_negative_ints[0]-two_negative_ints[1]]" time="0.0009081363677978516"></testcase><testcase classname="pytest_cases.tests.cases.doc.test_doc" file="pytest_cases/tests/cases/doc/test_doc.py" line="42" name="test_foo_alternate_cases_file_and_two_marked_skip_synthesis" time="0.005638837814331055"></testcase><testcase classname="pytest_cases.tests.cases.doc.test_doc" file="pytest_cases/tests/cases/doc/test_doc.py" line="64" name="test_foo_fun[strange_ints[0]-strange_ints[1]]" time="0.0009741783142089844"></testcase><testcase classname="pytest_cases.tests.cases.doc.test_doc" file="pytest_cases/tests/cases/doc/test_doc.py" line="69" name="test_foo_fun_synthesis" time="0.005963802337646484"></testcase><testcase classname="pytest_cases.tests.cases.doc.test_doc" file="pytest_cases/tests/cases/doc/test_doc.py" line="77" name="test_foo_fun_list[0strange_ints[0]-strange_ints[1]]" time="0.0008642673492431641"></testcase><testcase classname="pytest_cases.tests.cases.doc.test_doc" file="pytest_cases/tests/cases/doc/test_doc.py" line="77" name="test_foo_fun_list[1strange_ints[0]-strange_ints[1]]" time="0.0009791851043701172"></testcase><testcase classname="pytest_cases.tests.cases.doc.test_doc" file="pytest_cases/tests/cases/doc/test_doc.py" line="82" name="test_foo_fun_list_synthesis" time="0.005379199981689453"></testcase><testcase classname="pytest_cases.tests.cases.doc.test_doc" file="pytest_cases/tests/cases/doc/test_doc.py" line="121" name="test_foo_cls[hello world[0]-hello world[1]]" time="0.0011479854583740234"></testcase><testcase classname="pytest_cases.tests.cases.doc.test_doc" file="pytest_cases/tests/cases/doc/test_doc.py" line="121" name="test_foo_cls[skipped[0]-skipped[1]]" time="0.00033164024353027344"><skipped message="unconditional skip" type="pytest.skip">pytest_cases/tests/cases/doc/test_doc.py:121: &lt;py._xmlgen.raw object at 0x7fcacabdee10&gt;</skipped></testcase><testcase classname="pytest_cases.tests.cases.doc.test_doc" file="pytest_cases/tests/cases/doc/test_doc.py" line="121" name="test_foo_cls[two_negative_ints[0]-two_negative_ints[1]]" time="0.0009052753448486328"></testcase><testcase classname="pytest_cases.tests.cases.doc.test_doc" file="pytest_cases/tests/cases/doc/test_doc.py" line="126" name="test_foo_cls_synthesis" time="0.004914760589599609"></testcase><testcase classname="pytest_cases.tests.cases.doc.test_doc" file="pytest_cases/tests/cases/doc/test_doc.py" line="140" name="test_foo_cls_list[0hello world[0]-hello world[1]]" time="0.0007765293121337891"></testcase><testcase classname="pytest_cases.tests.cases.doc.test_doc" file="pytest_cases/tests/cases/doc/test_doc.py" line="140" name="test_foo_cls_list[1skipped[0]-skipped[1]]" time="0.00027108192443847656"><skipped message="unconditional skip" type="pytest.skip">pytest_cases/tests/cases/doc/test_doc.py:140: &lt;py._xmlgen.raw object at 0x7fcacabe3da0&gt;</skipped></testcase><testcase classname="pytest_cases.tests.cases.doc.test_doc" file="pytest_cases/tests/cases/doc/test_doc.py" line="140" name="test_foo_cls_list[2two_negative_ints[0]-two_negative_ints[1]]" time="0.0011022090911865234"></testcase><testcase classname="pytest_cases.tests.cases.doc.test_doc" file="pytest_cases/tests/cases/doc/test_doc.py" line="140" name="test_foo_cls_list[3strange_ints[0]-strange_ints[1]]" time="0.0009548664093017578"></testcase><testcase classname="pytest_cases.tests.cases.doc.test_doc" file="pytest_cases/tests/cases/doc/test_doc.py" line="140" name="test_foo_cls_list[4hello[0]-hello[1]]" time="0.0009601116180419922"></testcase><testcase classname="pytest_cases.tests.cases.doc.test_doc" file="pytest_cases/tests/cases/doc/test_doc.py" line="140" name="test_foo_cls_list[5skipped[0]-skipped[1]]" time="0.0003299713134765625"><skipped message="unconditional skip" type="pytest.skip">pytest_cases/tests/cases/doc/test_doc.py:140: &lt;py._xmlgen.raw object at 0x7fcacabd1a58&gt;</skipped></testcase><testcase classname="pytest_cases.tests.cases.doc.test_doc" file="pytest_cases/tests/cases/doc/test_doc.py" line="140" name="test_foo_cls_list[6two_negative_ints[0]-two_negative_ints[1]]" time="0.0009255409240722656"></testcase><testcase classname="pytest_cases.tests.cases.doc.test_doc" file="pytest_cases/tests/cases/doc/test_doc.py" line="140" name="test_foo_cls_list[7three_negative_ints[0]-three_negative_ints[1]]" time="0.00032138824462890625"><skipped message="unconditional skip" type="pytest.skip">pytest_cases/tests/cases/doc/test_doc.py:140: &lt;py._xmlgen.raw object at 0x7fcacac0e4e0&gt;</skipped></testcase><testcase classname="pytest_cases.tests.cases.doc.test_doc" file="pytest_cases/tests/cases/doc/test_doc.py" line="140" name="test_foo_cls_list[8two_negative_ints[0]-two_negative_ints[1]]" time="0.0008518695831298828"></testcase><testcase classname="pytest_cases.tests.cases.doc.test_doc" file="pytest_cases/tests/cases/doc/test_doc.py" line="140" name="test_foo_cls_list[9hello world[0]-hello world[1]]" time="0.00090789794921875"></testcase><testcase classname="pytest_cases.tests.cases.doc.test_doc" file="pytest_cases/tests/cases/doc/test_doc.py" line="140" name="test_foo_cls_list[10skipped[0]-skipped[1]]" time="0.0003116130828857422"><skipped message="unconditional skip" type="pytest.skip">pytest_cases/tests/cases/doc/test_doc.py:140: &lt;py._xmlgen.raw object at 0x7fcacac0e780&gt;</skipped></testcase><testcase classname="pytest_cases.tests.cases.doc.test_doc" file="pytest_cases/tests/cases/doc/test_doc.py" line="140" name="test_foo_cls_list[11two_negative_ints[0]-two_negative_ints[1]]" time="0.0008003711700439453"></testcase><testcase classname="pytest_cases.tests.cases.doc.test_doc" file="pytest_cases/tests/cases/doc/test_doc.py" line="140" name="test_foo_cls_list[12two_positive_ints[0]-two_positive_ints[1]]" time="0.001138448715209961"></testcase><testcase classname="pytest_cases.tests.cases.doc.test_doc" file="pytest_cases/tests/cases/doc/test_doc.py" line="140" name="test_foo_cls_list[13two_negative_ints[0]-two_negative_ints[1]]" time="0.0007753372192382812"></testcase><testcase classname="pytest_cases.tests.cases.doc.test_doc" file="pytest_cases/tests/cases/doc/test_doc.py" line="145" name="test_foo_cls_list_synthesis" time="0.006262779235839844"></testcase><testcase classname="pytest_cases.tests.cases.doc.test_doc" file="pytest_cases/tests/cases/doc/test_doc.py" line="176" name="test_foo_parametrize_fixture[two_positive_ints]" time="0.001058340072631836"></testcase><testcase classname="pytest_cases.tests.cases.doc.test_doc" file="pytest_cases/tests/cases/doc/test_doc.py" line="176" name="test_foo_parametrize_fixture[two_negative_ints]" time="0.0010492801666259766"></testcase><testcase classname="pytest_cases.tests.cases.doc.test_doc" file="pytest_cases/tests/cases/doc/test_doc.py" line="180" name="test_foo_parametrize_fixture_synthesis" time="0.006740093231201172"></testcase><testcase classname="pytest_cases.tests.cases.doc.test_doc_cache" file="pytest_cases/tests/cases/doc/test_doc_cache.py" line="26" name="test_caching[dummy-a=0-d=0]" time="0.0017938613891601562"></testcase><testcase classname="pytest_cases.tests.cases.doc.test_doc_cache" file="pytest_cases/tests/cases/doc/test_doc_cache.py" line="26" name="test_caching[dummy-a=0-d=1]" time="0.0013194084167480469"></testcase><testcase classname="pytest_cases.tests.cases.doc.test_doc_cache" file="pytest_cases/tests/cases/doc/test_doc_cache.py" line="26" name="test_caching[dummy-a=1-d=0]" time="0.00141143798828125"></testcase><testcase classname="pytest_cases.tests.cases.doc.test_doc_cache" file="pytest_cases/tests/cases/doc/test_doc_cache.py" line="26" name="test_caching[dummy-a=1-d=1]" time="0.0016107559204101562"></testcase><testcase classname="pytest_cases.tests.cases.doc.test_doc_cache" file="pytest_cases/tests/cases/doc/test_doc_cache.py" line="32" name="test_synthesis" time="0.0064697265625"></testcase><testcase classname="pytest_cases.tests.cases.doc.test_doc_debug" file="pytest_cases/tests/cases/doc/test_doc_debug.py" line="18" name="test_default_idstyle[hello]" time="0.001528024673461914"><system-out>hello !
</system-out></testcase><testcase classname="pytest_cases.tests.cases.doc.test_doc_debug" file="pytest_cases/tests/cases/doc/test_doc_debug.py" line="18" name="test_default_idstyle[hello_fixture-you]" time="0.0016384124755859375"><system-out>hello, you !
</system-out></testcase><testcase classname="pytest_cases.tests.cases.doc.test_doc_debug" file="pytest_cases/tests/cases/doc/test_doc_debug.py" line="18" name="test_default_idstyle[hello_fixture-earthling]" time="0.0015146732330322266"><system-out>hello, earthling !
</system-out></testcase><testcase classname="pytest_cases.tests.cases.doc.test_doc_debug" file="pytest_cases/tests/cases/doc/test_doc_debug.py" line="23" name="test_compact_idstyle[/hello]" time="0.001850128173828125"><system-out>hello !
</system-out></testcase><testcase classname="pytest_cases.tests.cases.doc.test_doc_debug" file="pytest_cases/tests/cases/doc/test_doc_debug.py" line="23" name="test_compact_idstyle[/hello_fixture-you]" time="0.001542806625366211"><system-out>hello, you !
</system-out></testcase><testcase classname="pytest_cases.tests.cases.doc.test_doc_debug" file="pytest_cases/tests/cases/doc/test_doc_debug.py" line="23" name="test_compact_idstyle[/hello_fixture-earthling]" time="0.0015850067138671875"><system-out>hello, earthling !
</system-out></testcase><testcase classname="pytest_cases.tests.cases.doc.test_doc_debug" file="pytest_cases/tests/cases/doc/test_doc_debug.py" line="28" name="test_explicit_idstyle[msg/hello]" time="0.0015323162078857422"><system-out>hello !
</system-out></testcase><testcase classname="pytest_cases.tests.cases.doc.test_doc_debug" file="pytest_cases/tests/cases/doc/test_doc_debug.py" line="28" name="test_explicit_idstyle[msg/hello_fixture-you]" time="0.0020263195037841797"><system-out>hello, you !
</system-out></testcase><testcase classname="pytest_cases.tests.cases.doc.test_doc_debug" file="pytest_cases/tests/cases/doc/test_doc_debug.py" line="28" name="test_explicit_idstyle[msg/hello_fixture-earthling]" time="0.0016074180603027344"><system-out>hello, earthling !
</system-out></testcase><testcase classname="pytest_cases.tests.cases.doc.test_doc_debug" file="pytest_cases/tests/cases/doc/test_doc_debug.py" line="33" name="test_synthesis" time="0.0074312686920166016"></testcase><testcase classname="pytest_cases.tests.cases.doc.test_doc_filters_n_tags" file="pytest_cases/tests/cases/doc/test_doc_filters_n_tags.py" line="10" name="test_default_pytest_order[bob-a]" time="0.0010704994201660156"></testcase><testcase classname="pytest_cases.tests.cases.doc.test_doc_filters_n_tags" file="pytest_cases/tests/cases/doc/test_doc_filters_n_tags.py" line="10" name="test_default_pytest_order[bob-b]" time="0.0015187263488769531"></testcase><testcase classname="pytest_cases.tests.cases.doc.test_doc_filters_n_tags" file="pytest_cases/tests/cases/doc/test_doc_filters_n_tags.py" line="41" name="test_with_data_non_param[bob-a]" time="0.0011372566223144531"></testcase><testcase classname="pytest_cases.tests.cases.doc.test_doc_filters_n_tags" file="pytest_cases/tests/cases/doc/test_doc_filters_n_tags.py" line="41" name="test_with_data_non_param[bob-b]" time="0.0010149478912353516"></testcase><testcase classname="pytest_cases.tests.cases.doc.test_doc_filters_n_tags" file="pytest_cases/tests/cases/doc/test_doc_filters_n_tags.py" line="48" name="test_with_data_param[a-bob]" time="0.0015463829040527344"></testcase><testcase classname="pytest_cases.tests.cases.doc.test_doc_filters_n_tags" file="pytest_cases/tests/cases/doc/test_doc_filters_n_tags.py" line="48" name="test_with_data_param[b-True-bob]" time="0.0015115737915039062"></testcase><testcase classname="pytest_cases.tests.cases.doc.test_doc_filters_n_tags" file="pytest_cases/tests/cases/doc/test_doc_filters_n_tags.py" line="48" name="test_with_data_param[b-False-bob]" time="0.001947641372680664"></testcase><testcase classname="pytest_cases.tests.cases.doc.test_doc_filters_n_tags" file="pytest_cases/tests/cases/doc/test_doc_filters_n_tags.py" line="55" name="test_with_data_synthesis" time="0.0077016353607177734"></testcase><testcase classname="pytest_cases.tests.cases.doc.test_doc_filters_n_tags" file="pytest_cases/tests/cases/doc/test_doc_filters_n_tags.py" line="86" name="test_foo[one_positive_int]" time="0.0010292530059814453"></testcase><testcase classname="pytest_cases.tests.cases.doc.test_doc_filters_n_tags" file="pytest_cases/tests/cases/doc/test_doc_filters_n_tags.py" line="91" name="test_foo_fixtures_synthesis" time="0.0062749385833740234"></testcase><testcase classname="pytest_cases.tests.cases.doc.test_doc_filters_n_tags2" file="pytest_cases/tests/cases/doc/test_doc_filters_n_tags2.py" line="20" name="test_good_datasets[int_success]" time="0.0027158260345458984"></testcase><testcase classname="pytest_cases.tests.cases.doc.test_doc_filters_n_tags2" file="pytest_cases/tests/cases/doc/test_doc_filters_n_tags2.py" line="25" name="test_bad_datasets[negative_int_failure[0]-negative_int_failure[1]-negative_int_failure[2]]" time="0.0032482147216796875"></testcase><testcase classname="pytest_cases.tests.cases.doc.test_doc_filters_n_tags2" file="pytest_cases/tests/cases/doc/test_doc_filters_n_tags2.py" line="31" name="test_synthesis" time="0.0158231258392334"></testcase><testcase classname="pytest_cases.tests.cases.doc.test_doc_filters_n_tags2" file="pytest_cases/tests/cases/doc/test_doc_filters_n_tags2.py" line="50" name="test_good_datasets2[int_success]" time="0.0018689632415771484"></testcase><testcase classname="pytest_cases.tests.cases.doc.test_doc_filters_n_tags2" file="pytest_cases/tests/cases/doc/test_doc_filters_n_tags2.py" line="55" name="test_bad_datasets2[negative_int_failure[0]-negative_int_failure[1]-negative_int_failure[2]]" time="0.0036580562591552734"></testcase><testcase classname="pytest_cases.tests.cases.doc.test_doc_filters_n_tags2" file="pytest_cases/tests/cases/doc/test_doc_filters_n_tags2.py" line="61" name="test_synthesis2" time="0.013682365417480469"></testcase><testcase classname="pytest_cases.tests.cases.doc.test_doc_ids" file="pytest_cases/tests/cases/doc/test_doc_ids.py" line="23" name="test_foo[#hello#]" time="0.001543283462524414"><system-out>hello !
</system-out></testcase><testcase classname="pytest_cases.tests.cases.doc.test_doc_ids" file="pytest_cases/tests/cases/doc/test_doc_ids.py" line="23" name="test_foo[#hello_world#]" time="0.001270294189453125"><system-out>hello, world !
</system-out></testcase><testcase classname="pytest_cases.tests.cases.doc.test_doc_ids" file="pytest_cases/tests/cases/doc/test_doc_ids.py" line="23" name="test_foo[#hello_name#-you]" time="0.0009179115295410156"><system-out>hello, you !
</system-out></testcase><testcase classname="pytest_cases.tests.cases.doc.test_doc_ids" file="pytest_cases/tests/cases/doc/test_doc_ids.py" line="23" name="test_foo[#hello_name#-earthling]" time="0.0008897781372070312"><system-out>hello, earthling !
</system-out></testcase><testcase classname="pytest_cases.tests.cases.doc.test_doc_ids" file="pytest_cases/tests/cases/doc/test_doc_ids.py" line="28" name="test_synthesis" time="0.003973722457885742"></testcase><testcase classname="pytest_cases.tests.cases.doc.test_fixtures" file="pytest_cases/tests/cases/doc/test_fixtures.py" line="23" name="test_users[bob]" time="0.0015330314636230469"><system-out>this is test &apos;pytest_cases/tests/cases/doc/test_fixtures.py::test_users[bob]&apos;
</system-out></testcase><testcase classname="pytest_cases.tests.cases.doc.test_fixtures" file="pytest_cases/tests/cases/doc/test_fixtures.py" line="23" name="test_users[from_db-id=0]" time="0.001462697982788086"><system-out>this is test &apos;pytest_cases/tests/cases/doc/test_fixtures.py::test_users[from_db-id=0]&apos;
</system-out></testcase><testcase classname="pytest_cases.tests.cases.doc.test_fixtures" file="pytest_cases/tests/cases/doc/test_fixtures.py" line="23" name="test_users[from_db-id=1]" time="0.0015110969543457031"><system-out>this is test &apos;pytest_cases/tests/cases/doc/test_fixtures.py::test_users[from_db-id=1]&apos;
</system-out></testcase><testcase classname="pytest_cases.tests.cases.doc.test_fixtures" file="pytest_cases/tests/cases/doc/test_fixtures.py" line="29" name="test_users_synthesis" time="0.003712177276611328"></testcase><testcase classname="pytest_cases.tests.cases.doc.test_generators" file="pytest_cases/tests/cases/doc/test_generators.py" line="23" name="test_foo[hello]" time="0.0008966922760009766"></testcase><testcase classname="pytest_cases.tests.cases.doc.test_generators" file="pytest_cases/tests/cases/doc/test_generators.py" line="23" name="test_foo[simple_generator-who=you]" time="0.0009312629699707031"></testcase><testcase classname="pytest_cases.tests.cases.doc.test_generators" file="pytest_cases/tests/cases/doc/test_generators.py" line="23" name="test_foo[simple_generator-who=there]" time="0.0002639293670654297"><skipped message="unconditional skip" type="pytest.skip">pytest_cases/tests/cases/doc/test_generators.py:23: &lt;py._xmlgen.raw object at 0x7fcacab83c18&gt;</skipped></testcase><testcase classname="pytest_cases.tests.cases.doc.test_generators" file="pytest_cases/tests/cases/doc/test_generators.py" line="28" name="test_foo_synthesis" time="0.004343271255493164"></testcase><testcase classname="pytest_cases.tests.cases.doc.test_generators" file="pytest_cases/tests/cases/doc/test_generators.py" line="47" name="test_foo_multi[hello]" time="0.0016007423400878906"></testcase><testcase classname="pytest_cases.tests.cases.doc.test_generators" file="pytest_cases/tests/cases/doc/test_generators.py" line="47" name="test_foo_multi[simple_generator-who=you-a=5-b=5]" time="0.0002903938293457031"><skipped message="unconditional skip" type="pytest.skip">pytest_cases/tests/cases/doc/test_generators.py:47: &lt;py._xmlgen.raw object at 0x7fcacab83a90&gt;</skipped></testcase><testcase classname="pytest_cases.tests.cases.doc.test_generators" file="pytest_cases/tests/cases/doc/test_generators.py" line="47" name="test_foo_multi[simple_generator-who=you-a=10-b=10]" time="0.0004642009735107422"><skipped message="unconditional skip" type="pytest.skip">pytest_cases/tests/cases/doc/test_generators.py:47: &lt;py._xmlgen.raw object at 0x7fcacab85b00&gt;</skipped></testcase><testcase classname="pytest_cases.tests.cases.doc.test_generators" file="pytest_cases/tests/cases/doc/test_generators.py" line="47" name="test_foo_multi[simple_generator-who=there-a=5-b=5]" time="0.0018155574798583984"></testcase><testcase classname="pytest_cases.tests.cases.doc.test_generators" file="pytest_cases/tests/cases/doc/test_generators.py" line="47" name="test_foo_multi[simple_generator-who=there-a=10-b=10]" time="0.0021800994873046875"></testcase><testcase classname="pytest_cases.tests.cases.doc.test_generators" file="pytest_cases/tests/cases/doc/test_generators.py" line="53" name="test_foo_multi_synthesis" time="0.00714564323425293"></testcase><testcase classname="pytest_cases.tests.cases.doc.test_joss" file="pytest_cases/tests/cases/doc/test_joss.py" line="28" name="test_evaluation[a-a]" time="0.0022497177124023438"></testcase><testcase classname="pytest_cases.tests.cases.doc.test_joss" file="pytest_cases/tests/cases/doc/test_joss.py" line="28" name="test_evaluation[a-b-p=0]" time="0.0020852088928222656"></testcase><testcase classname="pytest_cases.tests.cases.doc.test_joss" file="pytest_cases/tests/cases/doc/test_joss.py" line="28" name="test_evaluation[a-b-p=1]" time="0.0024521350860595703"></testcase><testcase classname="pytest_cases.tests.cases.doc.test_parametrize_alt" file="pytest_cases/tests/cases/doc/test_parametrize_alt.py" line="16" name="test_argnames_as_list[sum_one_plus_two[0]-sum_one_plus_two[1]-sum_one_plus_two[2]]" time="0.0013053417205810547"></testcase><testcase classname="pytest_cases.tests.cases.doc.test_parametrize_alt" file="pytest_cases/tests/cases/doc/test_parametrize_alt.py" line="21" name="test_argnames_as_tuple[sum_one_plus_two[0]-sum_one_plus_two[1]-sum_one_plus_two[2]]" time="0.001367807388305664"></testcase><testcase classname="pytest_cases.tests.cases.doc.test_parametrize_alt" file="pytest_cases/tests/cases/doc/test_parametrize_alt.py" line="26" name="test_argnames_from_invalid_type" time="0.0017192363739013672"></testcase><testcase classname="pytest_cases.tests.cases.doc.test_parametrize_alt" file="pytest_cases/tests/cases/doc/test_parametrize_alt.py" line="33" name="test_argnames_element_from_invalid_type" time="0.0014867782592773438"></testcase><testcase classname="pytest_cases.tests.cases.issues.test_issue_117" file="&lt;makefun-gen-92&gt;" line="0" name="test_something[case-case]" time="0.0027120113372802734"></testcase><testcase classname="pytest_cases.tests.cases.issues.test_issue_125" file="pytest_cases/tests/cases/issues/test_issue_125.py" line="37" name="test[one]" time="0.002552032470703125"></testcase><testcase classname="pytest_cases.tests.cases.issues.test_issue_125" file="pytest_cases/tests/cases/issues/test_issue_125.py" line="37" name="test[two]" time="0.0018813610076904297"></testcase><testcase classname="pytest_cases.tests.cases.issues.test_issue_125" file="pytest_cases/tests/cases/issues/test_issue_125.py" line="37" name="test[three]" time="0.0010523796081542969"></testcase><testcase classname="pytest_cases.tests.cases.issues.test_issue_126" file="pytest_cases/tests/cases/issues/test_issue_126.py" line="31" name="test_functionality[0_requirement_1]" time="0.0030393600463867188"></testcase><testcase classname="pytest_cases.tests.cases.issues.test_issue_126" file="pytest_cases/tests/cases/issues/test_issue_126.py" line="31" name="test_functionality[1_requirement_2]" time="0.0010581016540527344"></testcase><testcase classname="pytest_cases.tests.cases.issues.test_issue_126" file="pytest_cases/tests/cases/issues/test_issue_126.py" line="31" name="test_functionality[2_requirement_1]" time="0.0009872913360595703"></testcase><testcase classname="pytest_cases.tests.cases.issues.test_issue_126" file="pytest_cases/tests/cases/issues/test_issue_126.py" line="31" name="test_functionality[3_requirement_2]" time="0.0020530223846435547"></testcase><testcase classname="pytest_cases.tests.cases.issues.test_issue_126" file="pytest_cases/tests/cases/issues/test_issue_126.py" line="36" name="test_functionality_again[0_requirement_1]" time="0.0043048858642578125"></testcase><testcase classname="pytest_cases.tests.cases.issues.test_issue_126" file="pytest_cases/tests/cases/issues/test_issue_126.py" line="36" name="test_functionality_again[1_requirement_2]" time="0.004899263381958008"></testcase><testcase classname="pytest_cases.tests.cases.issues.test_issue_126" file="pytest_cases/tests/cases/issues/test_issue_126.py" line="36" name="test_functionality_again[2_requirement_1]" time="0.004561424255371094"></testcase><testcase classname="pytest_cases.tests.cases.issues.test_issue_126" file="pytest_cases/tests/cases/issues/test_issue_126.py" line="36" name="test_functionality_again[3_requirement_2]" time="0.004890918731689453"></testcase><testcase classname="pytest_cases.tests.cases.issues.test_issue_126.TestNested" file="pytest_cases/tests/cases/issues/test_issue_126.py" line="42" name="test_functionality_again2[0_requirement_1]" time="0.0011684894561767578"></testcase><testcase classname="pytest_cases.tests.cases.issues.test_issue_126.TestNested" file="pytest_cases/tests/cases/issues/test_issue_126.py" line="42" name="test_functionality_again2[1_requirement_2]" time="0.0015900135040283203"></testcase><testcase classname="pytest_cases.tests.cases.issues.test_issue_126.TestNested" file="pytest_cases/tests/cases/issues/test_issue_126.py" line="42" name="test_functionality_again2[2_requirement_1]" time="0.0010457038879394531"></testcase><testcase classname="pytest_cases.tests.cases.issues.test_issue_126.TestNested" file="pytest_cases/tests/cases/issues/test_issue_126.py" line="42" name="test_functionality_again2[3_requirement_2]" time="0.0012624263763427734"></testcase><testcase classname="pytest_cases.tests.cases.issues.test_issue_126" file="pytest_cases/tests/cases/issues/test_issue_126.py" line="63" name="test_synthesis" time="0.004277706146240234"></testcase><testcase classname="pytest_cases.tests.cases.issues.test_issue_128" file="pytest_cases/tests/cases/issues/test_issue_128.py" line="7" name="test[one]" time="0.0010828971862792969"></testcase><testcase classname="pytest_cases.tests.cases.issues.test_issue_128_2" file="pytest_cases/tests/cases/issues/test_issue_128_2.py" line="16" name="test_this_is_failing[one]" time="0.0009562969207763672"></testcase><testcase classname="pytest_cases.tests.cases.issues.test_issue_128_2" file="pytest_cases/tests/cases/issues/test_issue_128_2.py" line="16" name="test_this_is_failing[two]" time="0.0009419918060302734"></testcase><testcase classname="pytest_cases.tests.cases.issues.test_issue_142" file="pytest_cases/tests/cases/issues/test_issue_142.py" line="11" name="test_empty_prefix[&lt;empty_case_id&gt;-1]" time="0.0007829666137695312"></testcase><testcase classname="pytest_cases.tests.cases.issues.test_issue_142" file="pytest_cases/tests/cases/issues/test_issue_142.py" line="11" name="test_empty_prefix[&lt;empty_case_id&gt;-0]" time="0.003931522369384766"></testcase><testcase classname="pytest_cases.tests.cases.issues.test_issue_142" file="pytest_cases/tests/cases/issues/test_issue_142.py" line="11" name="test_empty_prefix[&lt;empty_case_id&gt;--1]" time="0.001443624496459961"></testcase><testcase classname="pytest_cases.tests.cases.issues.test_issue_142" file="pytest_cases/tests/cases/issues/test_issue_142.py" line="27" name="test_empty_caseid_both[test_empty_caseid_both_dummy_amount0]" time="0.003896951675415039"></testcase><testcase classname="pytest_cases.tests.cases.issues.test_issue_142" file="pytest_cases/tests/cases/issues/test_issue_142.py" line="27" name="test_empty_caseid_both[test_empty_caseid_both_dummy_amount1-1]" time="0.0010182857513427734"></testcase><testcase classname="pytest_cases.tests.cases.issues.test_issue_142" file="pytest_cases/tests/cases/issues/test_issue_142.py" line="32" name="test_synthesis" time="0.004180908203125"></testcase><testcase classname="pytest_cases.tests.cases.issues.test_issue_142_2" file="pytest_cases/tests/cases/issues/test_issue_142_2.py" line="8" name="test_foo[1-b0]" time="0.035341739654541016"></testcase><testcase classname="pytest_cases.tests.cases.issues.test_issue_142_2" file="pytest_cases/tests/cases/issues/test_issue_142_2.py" line="8" name="test_foo[case_dumb[0]-case_dumb[1]]" time="0.004238128662109375"></testcase><testcase classname="pytest_cases.tests.cases.issues.test_issue_142_2" file="pytest_cases/tests/cases/issues/test_issue_142_2.py" line="13" name="test_tuples_no_id[dumb[0]-dumb[1]]" time="0.00429534912109375"></testcase><testcase classname="pytest_cases.tests.cases.issues.test_issue_142_2" file="pytest_cases/tests/cases/issues/test_issue_142_2.py" line="21" name="test_foo2[hello]" time="0.0018672943115234375"></testcase><testcase classname="pytest_cases.tests.cases.issues.test_issue_142_2" file="pytest_cases/tests/cases/issues/test_issue_142_2.py" line="21" name="test_foo2[world]" time="0.0008571147918701172"></testcase><testcase classname="pytest_cases.tests.cases.issues.test_issue_142_2" file="pytest_cases/tests/cases/issues/test_issue_142_2.py" line="30" name="test_tuples[hello]" time="0.0006792545318603516"></testcase><testcase classname="pytest_cases.tests.cases.issues.test_issue_142_2" file="pytest_cases/tests/cases/issues/test_issue_142_2.py" line="35" name="test_synthesis" time="0.0042629241943359375"></testcase><testcase classname="pytest_cases.tests.cases.issues.test_issue_151" file="pytest_cases/tests/cases/issues/test_issue_151.py" line="22" name="test_create_fixture_idstyle_explicit[(inputs,request_data)/simple]" time="0.005524396896362305"></testcase><testcase classname="pytest_cases.tests.cases.issues.test_issue_151" file="pytest_cases/tests/cases/issues/test_issue_151.py" line="27" name="test_create_fixture_ids_generator[custom{0}]" time="0.0020809173583984375"></testcase><testcase classname="pytest_cases.tests.cases.issues.test_issue_151" file="pytest_cases/tests/cases/issues/test_issue_151.py" line="37" name="test_create_fixture_ids_callable[hello_simple]" time="0.0022106170654296875"></testcase><testcase classname="pytest_cases.tests.cases.issues.test_issue_151" file="pytest_cases/tests/cases/issues/test_issue_151.py" line="42" name="test_create_fixture_ids_callable_str[(inputs,request_data)/P0F/simple]" time="0.0008521080017089844"></testcase><testcase classname="pytest_cases.tests.cases.issues.test_issue_151" file="pytest_cases/tests/cases/issues/test_issue_151.py" line="47" name="test_create_fixture_idstyle_compact[/simple]" time="0.0008187294006347656"></testcase><testcase classname="pytest_cases.tests.cases.issues.test_issue_151" file="pytest_cases/tests/cases/issues/test_issue_151.py" line="52" name="test_create_fixture_idstyle_none[simple]" time="0.000766754150390625"></testcase><testcase classname="pytest_cases.tests.cases.issues.test_issue_151" file="pytest_cases/tests/cases/issues/test_issue_151.py" line="64" name="test_create_no_fixture_idstyle_explicit[simple[0]-simple[1]]" time="0.005115032196044922"></testcase><testcase classname="pytest_cases.tests.cases.issues.test_issue_151" file="pytest_cases/tests/cases/issues/test_issue_151.py" line="69" name="test_create_no_fixture_ids_generator[custom{0}]" time="0.004663944244384766"></testcase><testcase classname="pytest_cases.tests.cases.issues.test_issue_151" file="pytest_cases/tests/cases/issues/test_issue_151.py" line="74" name="test_create_no_fixture_ids_callable[hello_simple]" time="0.0028471946716308594"></testcase><testcase classname="pytest_cases.tests.cases.issues.test_issue_151" file="pytest_cases/tests/cases/issues/test_issue_151.py" line="79" name="test_create_no_fixture_idstyle_compact[simple[0]-simple[1]]" time="0.0007240772247314453"></testcase><testcase classname="pytest_cases.tests.cases.issues.test_issue_151" file="pytest_cases/tests/cases/issues/test_issue_151.py" line="84" name="test_create_no_fixture_idstyle_none[simple[0]-simple[1]]" time="0.0006921291351318359"></testcase><testcase classname="pytest_cases.tests.cases.issues.test_issue_151" file="pytest_cases/tests/cases/issues/test_issue_151.py" line="89" name="test_synthesis" time="0.00423884391784668"></testcase><testcase classname="pytest_cases.tests.cases.issues.test_issue_152" file="pytest_cases/tests/cases/issues/test_issue_152.py" line="24" name="test_uses_fixture[first]" time="0.0013527870178222656"></testcase><testcase classname="pytest_cases.tests.cases.issues.test_issue_152" file="pytest_cases/tests/cases/issues/test_issue_152.py" line="24" name="test_uses_fixture[second]" time="0.0009567737579345703"></testcase><testcase classname="pytest_cases.tests.cases.issues.test_issue_154.TestTuples" file="pytest_cases/tests/cases/issues/test_issue_154.py" line="104" name="test_create_tuple_idstyle_explicit[(inputs,request_data)/single]" time="0.002039670944213867"></testcase><testcase classname="pytest_cases.tests.cases.issues.test_issue_154.TestTuples" file="pytest_cases/tests/cases/issues/test_issue_154.py" line="104" name="test_create_tuple_idstyle_explicit[(inputs,request_data)/fixref]" time="0.0015211105346679688"></testcase><testcase classname="pytest_cases.tests.cases.issues.test_issue_154.TestTuples" file="pytest_cases/tests/cases/issues/test_issue_154.py" line="104" name="test_create_tuple_idstyle_explicit[(inputs,request_data)/single_marked_skipped]" time="0.0002789497375488281"><skipped message="&lt;unprintable Skipped object&gt;" type="pytest.skip">pytest_cases/tests/cases/issues/test_issue_154.py:104: &lt;py._xmlgen.raw object at 0x7fcacab50710&gt;</skipped></testcase><testcase classname="pytest_cases.tests.cases.issues.test_issue_154.TestTuples" file="pytest_cases/tests/cases/issues/test_issue_154.py" line="104" name="test_create_tuple_idstyle_explicit[(inputs,request_data)/fixref_marked_skipped]" time="0.0004448890686035156"><skipped message="&lt;unprintable Skipped object&gt;" type="pytest.skip">pytest_cases/tests/cases/issues/test_issue_154.py:104: &lt;py._xmlgen.raw object at 0x7fcacab56278&gt;</skipped></testcase><testcase classname="pytest_cases.tests.cases.issues.test_issue_154.TestTuples" file="pytest_cases/tests/cases/issues/test_issue_154.py" line="104" name="test_create_tuple_idstyle_explicit[(inputs,request_data)/P4:6-multi1]" time="0.0053102970123291016"></testcase><testcase classname="pytest_cases.tests.cases.issues.test_issue_154.TestTuples" file="pytest_cases/tests/cases/issues/test_issue_154.py" line="104" name="test_create_tuple_idstyle_explicit[(inputs,request_data)/P4:6-multi2_marked_skipped]" time="0.0002765655517578125"><skipped message="&lt;unprintable Skipped object&gt;" type="pytest.skip">pytest_cases/tests/cases/issues/test_issue_154.py:104: &lt;py._xmlgen.raw object at 0x7fcacab50e48&gt;</skipped></testcase><testcase classname="pytest_cases.tests.cases.issues.test_issue_154.TestTuples" file="pytest_cases/tests/cases/issues/test_issue_154.py" line="104" name="test_create_tuple_idstyle_explicit[(inputs,request_data)/fixref_target_is_parametrized-0]" time="0.006416797637939453"></testcase><testcase classname="pytest_cases.tests.cases.issues.test_issue_154.TestTuples" file="pytest_cases/tests/cases/issues/test_issue_154.py" line="104" name="test_create_tuple_idstyle_explicit[(inputs,request_data)/single_parametrized_lazy-foo]" time="0.006681919097900391"></testcase><testcase classname="pytest_cases.tests.cases.issues.test_issue_154.TestTuples" file="pytest_cases/tests/cases/issues/test_issue_154.py" line="104" name="test_create_tuple_idstyle_explicit[(inputs,request_data)/fixref_target_is_parametrized_marked_skipped-0]" time="0.0002760887145996094"><skipped message="&lt;unprintable Skipped object&gt;" type="pytest.skip">pytest_cases/tests/cases/issues/test_issue_154.py:104: &lt;py._xmlgen.raw object at 0x7fcacaf9c320&gt;</skipped></testcase><testcase classname="pytest_cases.tests.cases.issues.test_issue_154.TestTuples" file="pytest_cases/tests/cases/issues/test_issue_154.py" line="104" name="test_create_tuple_idstyle_explicit[(inputs,request_data)/single_parametrized_lazy_value_target_is_skipped-bar]" time="0.0002741813659667969"><skipped message="unconditional skip" type="pytest.skip">pytest_cases/tests/cases/issues/test_issue_154.py:104: &lt;py._xmlgen.raw object at 0x7fcacab5c278&gt;</skipped></testcase><testcase classname="pytest_cases.tests.cases.issues.test_issue_154.TestTuples" file="pytest_cases/tests/cases/issues/test_issue_154.py" line="109" name="test_create_tuple_idstyle_compact[/single]" time="0.0016531944274902344"></testcase><testcase classname="pytest_cases.tests.cases.issues.test_issue_154.TestTuples" file="pytest_cases/tests/cases/issues/test_issue_154.py" line="109" name="test_create_tuple_idstyle_compact[/fixref]" time="0.006062746047973633"></testcase><testcase classname="pytest_cases.tests.cases.issues.test_issue_154.TestTuples" file="pytest_cases/tests/cases/issues/test_issue_154.py" line="109" name="test_create_tuple_idstyle_compact[/single_marked_skipped]" time="0.003779888153076172"><skipped message="&lt;unprintable Skipped object&gt;" type="pytest.skip">pytest_cases/tests/cases/issues/test_issue_154.py:109: &lt;py._xmlgen.raw object at 0x7fcacabb6908&gt;</skipped></testcase><testcase classname="pytest_cases.tests.cases.issues.test_issue_154.TestTuples" file="pytest_cases/tests/cases/issues/test_issue_154.py" line="109" name="test_create_tuple_idstyle_compact[/fixref_marked_skipped]" time="0.002686023712158203"><skipped message="&lt;unprintable Skipped object&gt;" type="pytest.skip">pytest_cases/tests/cases/issues/test_issue_154.py:109: &lt;py._xmlgen.raw object at 0x7fcacab63748&gt;</skipped></testcase><testcase classname="pytest_cases.tests.cases.issues.test_issue_154.TestTuples" file="pytest_cases/tests/cases/issues/test_issue_154.py" line="109" name="test_create_tuple_idstyle_compact[/P4:6-multi1]" time="0.0027511119842529297"></testcase><testcase classname="pytest_cases.tests.cases.issues.test_issue_154.TestTuples" file="pytest_cases/tests/cases/issues/test_issue_154.py" line="109" name="test_create_tuple_idstyle_compact[/P4:6-multi2_marked_skipped]" time="0.0007297992706298828"><skipped message="&lt;unprintable Skipped object&gt;" type="pytest.skip">pytest_cases/tests/cases/issues/test_issue_154.py:109: &lt;py._xmlgen.raw object at 0x7fcacab50c88&gt;</skipped></testcase><testcase classname="pytest_cases.tests.cases.issues.test_issue_154.TestTuples" file="pytest_cases/tests/cases/issues/test_issue_154.py" line="109" name="test_create_tuple_idstyle_compact[/fixref_target_is_parametrized-0]" time="0.0015416145324707031"></testcase><testcase classname="pytest_cases.tests.cases.issues.test_issue_154.TestTuples" file="pytest_cases/tests/cases/issues/test_issue_154.py" line="109" name="test_create_tuple_idstyle_compact[/single_parametrized_lazy-foo]" time="0.0015459060668945312"></testcase><testcase classname="pytest_cases.tests.cases.issues.test_issue_154.TestTuples" file="pytest_cases/tests/cases/issues/test_issue_154.py" line="109" name="test_create_tuple_idstyle_compact[/fixref_target_is_parametrized_marked_skipped-0]" time="0.00026988983154296875"><skipped message="&lt;unprintable Skipped object&gt;" type="pytest.skip">pytest_cases/tests/cases/issues/test_issue_154.py:109: &lt;py._xmlgen.raw object at 0x7fcacab6aeb8&gt;</skipped></testcase><testcase classname="pytest_cases.tests.cases.issues.test_issue_154.TestTuples" file="pytest_cases/tests/cases/issues/test_issue_154.py" line="109" name="test_create_tuple_idstyle_compact[/single_parametrized_lazy_value_target_is_skipped-bar]" time="0.0018126964569091797"><skipped message="unconditional skip" type="pytest.skip">pytest_cases/tests/cases/issues/test_issue_154.py:109: &lt;py._xmlgen.raw object at 0x7fcacab5cf98&gt;</skipped></testcase><testcase classname="pytest_cases.tests.cases.issues.test_issue_154.TestTuples" file="pytest_cases/tests/cases/issues/test_issue_154.py" line="114" name="test_create_tuple_idstyle_none[single]" time="0.001506805419921875"></testcase><testcase classname="pytest_cases.tests.cases.issues.test_issue_154.TestTuples" file="pytest_cases/tests/cases/issues/test_issue_154.py" line="114" name="test_create_tuple_idstyle_none[fixref]" time="0.0016198158264160156"></testcase><testcase classname="pytest_cases.tests.cases.issues.test_issue_154.TestTuples" file="pytest_cases/tests/cases/issues/test_issue_154.py" line="114" name="test_create_tuple_idstyle_none[single_marked_skipped]" time="0.00035762786865234375"><skipped message="&lt;unprintable Skipped object&gt;" type="pytest.skip">pytest_cases/tests/cases/issues/test_issue_154.py:114: &lt;py._xmlgen.raw object at 0x7fcacab6cdd8&gt;</skipped></testcase><testcase classname="pytest_cases.tests.cases.issues.test_issue_154.TestTuples" file="pytest_cases/tests/cases/issues/test_issue_154.py" line="114" name="test_create_tuple_idstyle_none[fixref_marked_skipped]" time="0.0002346038818359375"><skipped message="&lt;unprintable Skipped object&gt;" type="pytest.skip">pytest_cases/tests/cases/issues/test_issue_154.py:114: &lt;py._xmlgen.raw object at 0x7fcacab63b38&gt;</skipped></testcase><testcase classname="pytest_cases.tests.cases.issues.test_issue_154.TestTuples" file="pytest_cases/tests/cases/issues/test_issue_154.py" line="114" name="test_create_tuple_idstyle_none[multi1]" time="0.004506349563598633"></testcase><testcase classname="pytest_cases.tests.cases.issues.test_issue_154.TestTuples" file="pytest_cases/tests/cases/issues/test_issue_154.py" line="114" name="test_create_tuple_idstyle_none[multi2_marked_skipped]" time="0.0002894401550292969"><skipped message="&lt;unprintable Skipped object&gt;" type="pytest.skip">pytest_cases/tests/cases/issues/test_issue_154.py:114: &lt;py._xmlgen.raw object at 0x7fcacab73dd8&gt;</skipped></testcase><testcase classname="pytest_cases.tests.cases.issues.test_issue_154.TestTuples" file="pytest_cases/tests/cases/issues/test_issue_154.py" line="114" name="test_create_tuple_idstyle_none[fixref_target_is_parametrized-0]" time="0.002227306365966797"></testcase><testcase classname="pytest_cases.tests.cases.issues.test_issue_154.TestTuples" file="pytest_cases/tests/cases/issues/test_issue_154.py" line="114" name="test_create_tuple_idstyle_none[single_parametrized_lazy-foo]" time="0.0061283111572265625"></testcase><testcase classname="pytest_cases.tests.cases.issues.test_issue_154.TestTuples" file="pytest_cases/tests/cases/issues/test_issue_154.py" line="114" name="test_create_tuple_idstyle_none[fixref_target_is_parametrized_marked_skipped-0]" time="0.0006518363952636719"><skipped message="&lt;unprintable Skipped object&gt;" type="pytest.skip">pytest_cases/tests/cases/issues/test_issue_154.py:114: &lt;py._xmlgen.raw object at 0x7fcacab6a9b0&gt;</skipped></testcase><testcase classname="pytest_cases.tests.cases.issues.test_issue_154.TestTuples" file="pytest_cases/tests/cases/issues/test_issue_154.py" line="114" name="test_create_tuple_idstyle_none[single_parametrized_lazy_value_target_is_skipped-bar]" time="0.0002415180206298828"><skipped message="unconditional skip" type="pytest.skip">pytest_cases/tests/cases/issues/test_issue_154.py:114: &lt;py._xmlgen.raw object at 0x7fcacab50e10&gt;</skipped></testcase><testcase classname="pytest_cases.tests.cases.issues.test_issue_154.TestTuples" file="pytest_cases/tests/cases/issues/test_issue_154.py" line="119" name="test_create_tuple_idstyle_mygen[M(inputs,request_data)/P0/single]" time="0.007948637008666992"></testcase><testcase classname="pytest_cases.tests.cases.issues.test_issue_154.TestTuples" file="pytest_cases/tests/cases/issues/test_issue_154.py" line="119" name="test_create_tuple_idstyle_mygen[M(inputs,request_data)/P1F/fixref]" time="0.006239891052246094"></testcase><testcase classname="pytest_cases.tests.cases.issues.test_issue_154.TestTuples" file="pytest_cases/tests/cases/issues/test_issue_154.py" line="119" name="test_create_tuple_idstyle_mygen[M(inputs,request_data)/P2/single_marked_skipped]" time="0.0003418922424316406"><skipped message="&lt;unprintable Skipped object&gt;" type="pytest.skip">pytest_cases/tests/cases/issues/test_issue_154.py:119: &lt;py._xmlgen.raw object at 0x7fcacafc1438&gt;</skipped></testcase><testcase classname="pytest_cases.tests.cases.issues.test_issue_154.TestTuples" file="pytest_cases/tests/cases/issues/test_issue_154.py" line="119" name="test_create_tuple_idstyle_mygen[M(inputs,request_data)/P3F/fixref_marked_skipped]" time="0.00026488304138183594"><skipped message="&lt;unprintable Skipped object&gt;" type="pytest.skip">pytest_cases/tests/cases/issues/test_issue_154.py:119: &lt;py._xmlgen.raw object at 0x7fcacab78cf8&gt;</skipped></testcase><testcase classname="pytest_cases.tests.cases.issues.test_issue_154.TestTuples" file="pytest_cases/tests/cases/issues/test_issue_154.py" line="119" name="test_create_tuple_idstyle_mygen[M(inputs,request_data)/P4:6/-multi1]" time="0.0022449493408203125"></testcase><testcase classname="pytest_cases.tests.cases.issues.test_issue_154.TestTuples" file="pytest_cases/tests/cases/issues/test_issue_154.py" line="119" name="test_create_tuple_idstyle_mygen[M(inputs,request_data)/P4:6/-multi2_marked_skipped]" time="0.0013904571533203125"><skipped message="&lt;unprintable Skipped object&gt;" type="pytest.skip">pytest_cases/tests/cases/issues/test_issue_154.py:119: &lt;py._xmlgen.raw object at 0x7fcacab788d0&gt;</skipped></testcase><testcase classname="pytest_cases.tests.cases.issues.test_issue_154.TestTuples" file="pytest_cases/tests/cases/issues/test_issue_154.py" line="119" name="test_create_tuple_idstyle_mygen[M(inputs,request_data)/P6F/fixref_target_is_parametrized-0]" time="0.0011234283447265625"></testcase><testcase classname="pytest_cases.tests.cases.issues.test_issue_154.TestTuples" file="pytest_cases/tests/cases/issues/test_issue_154.py" line="119" name="test_create_tuple_idstyle_mygen[M(inputs,request_data)/P7F/single_parametrized_lazy-foo]" time="0.0013735294342041016"></testcase><testcase classname="pytest_cases.tests.cases.issues.test_issue_154.TestTuples" file="pytest_cases/tests/cases/issues/test_issue_154.py" line="119" name="test_create_tuple_idstyle_mygen[M(inputs,request_data)/P8F/fixref_target_is_parametrized_marked_skipped-0]" time="0.0008549690246582031"><skipped message="&lt;unprintable Skipped object&gt;" type="pytest.skip">pytest_cases/tests/cases/issues/test_issue_154.py:119: &lt;py._xmlgen.raw object at 0x7fcacaf539e8&gt;</skipped></testcase><testcase classname="pytest_cases.tests.cases.issues.test_issue_154.TestTuples" file="pytest_cases/tests/cases/issues/test_issue_154.py" line="119" name="test_create_tuple_idstyle_mygen[M(inputs,request_data)/P9F/single_parametrized_lazy_value_target_is_skipped-bar]" time="0.0016429424285888672"><skipped message="unconditional skip" type="pytest.skip">pytest_cases/tests/cases/issues/test_issue_154.py:119: &lt;py._xmlgen.raw object at 0x7fcacab751d0&gt;</skipped></testcase><testcase classname="pytest_cases.tests.cases.issues.test_issue_154.TestTuples" file="pytest_cases/tests/cases/issues/test_issue_154.py" line="124" name="test_create_tuple_ids_list[0]" time="0.0028638839721679688"></testcase><testcase classname="pytest_cases.tests.cases.issues.test_issue_154.TestTuples" file="pytest_cases/tests/cases/issues/test_issue_154.py" line="124" name="test_create_tuple_ids_list[1]" time="0.0021524429321289062"></testcase><testcase classname="pytest_cases.tests.cases.issues.test_issue_154.TestTuples" file="pytest_cases/tests/cases/issues/test_issue_154.py" line="124" name="test_create_tuple_ids_list[2]" time="0.0002505779266357422"><skipped message="&lt;unprintable Skipped object&gt;" type="pytest.skip">pytest_cases/tests/cases/issues/test_issue_154.py:124: &lt;py._xmlgen.raw object at 0x7fcacab75320&gt;</skipped></testcase><testcase classname="pytest_cases.tests.cases.issues.test_issue_154.TestTuples" file="pytest_cases/tests/cases/issues/test_issue_154.py" line="124" name="test_create_tuple_ids_list[3]" time="0.0005421638488769531"><skipped message="&lt;unprintable Skipped object&gt;" type="pytest.skip">pytest_cases/tests/cases/issues/test_issue_154.py:124: &lt;py._xmlgen.raw object at 0x7fcacab01240&gt;</skipped></testcase><testcase classname="pytest_cases.tests.cases.issues.test_issue_154.TestTuples" file="pytest_cases/tests/cases/issues/test_issue_154.py" line="124" name="test_create_tuple_ids_list[4]" time="0.0011091232299804688"></testcase><testcase classname="pytest_cases.tests.cases.issues.test_issue_154.TestTuples" file="pytest_cases/tests/cases/issues/test_issue_154.py" line="124" name="test_create_tuple_ids_list[5]" time="0.0001518726348876953"><skipped message="&lt;unprintable Skipped object&gt;" type="pytest.skip">pytest_cases/tests/cases/issues/test_issue_154.py:124: &lt;py._xmlgen.raw object at 0x7fcacab786d8&gt;</skipped></testcase><testcase classname="pytest_cases.tests.cases.issues.test_issue_154.TestTuples" file="pytest_cases/tests/cases/issues/test_issue_154.py" line="124" name="test_create_tuple_ids_list[6-0]" time="0.005657196044921875"></testcase><testcase classname="pytest_cases.tests.cases.issues.test_issue_154.TestTuples" file="pytest_cases/tests/cases/issues/test_issue_154.py" line="124" name="test_create_tuple_ids_list[7-foo]" time="0.006713151931762695"></testcase><testcase classname="pytest_cases.tests.cases.issues.test_issue_154.TestTuples" file="pytest_cases/tests/cases/issues/test_issue_154.py" line="124" name="test_create_tuple_ids_list[8-0]" time="0.0003993511199951172"><skipped message="&lt;unprintable Skipped object&gt;" type="pytest.skip">pytest_cases/tests/cases/issues/test_issue_154.py:124: &lt;py._xmlgen.raw object at 0x7fcacab04780&gt;</skipped></testcase><testcase classname="pytest_cases.tests.cases.issues.test_issue_154.TestTuples" file="pytest_cases/tests/cases/issues/test_issue_154.py" line="124" name="test_create_tuple_ids_list[9-bar]" time="0.00036144256591796875"><skipped message="unconditional skip" type="pytest.skip">pytest_cases/tests/cases/issues/test_issue_154.py:124: &lt;py._xmlgen.raw object at 0x7fcacab011d0&gt;</skipped></testcase><testcase classname="pytest_cases.tests.cases.issues.test_issue_154.TestTuples" file="pytest_cases/tests/cases/issues/test_issue_154.py" line="129" name="test_create_tuple_ids_list_style[/0]" time="0.003732442855834961"></testcase><testcase classname="pytest_cases.tests.cases.issues.test_issue_154.TestTuples" file="pytest_cases/tests/cases/issues/test_issue_154.py" line="129" name="test_create_tuple_ids_list_style[/1]" time="0.004050493240356445"></testcase><testcase classname="pytest_cases.tests.cases.issues.test_issue_154.TestTuples" file="pytest_cases/tests/cases/issues/test_issue_154.py" line="129" name="test_create_tuple_ids_list_style[/2]" time="0.0006463527679443359"><skipped message="&lt;unprintable Skipped object&gt;" type="pytest.skip">pytest_cases/tests/cases/issues/test_issue_154.py:129: &lt;py._xmlgen.raw object at 0x7fcacab04b00&gt;</skipped></testcase><testcase classname="pytest_cases.tests.cases.issues.test_issue_154.TestTuples" file="pytest_cases/tests/cases/issues/test_issue_154.py" line="129" name="test_create_tuple_ids_list_style[/3]" time="0.0007457733154296875"><skipped message="&lt;unprintable Skipped object&gt;" type="pytest.skip">pytest_cases/tests/cases/issues/test_issue_154.py:129: &lt;py._xmlgen.raw object at 0x7fcacaf6de10&gt;</skipped></testcase><testcase classname="pytest_cases.tests.cases.issues.test_issue_154.TestTuples" file="pytest_cases/tests/cases/issues/test_issue_154.py" line="129" name="test_create_tuple_ids_list_style[/P4:6-4]" time="0.00516057014465332"></testcase><testcase classname="pytest_cases.tests.cases.issues.test_issue_154.TestTuples" file="pytest_cases/tests/cases/issues/test_issue_154.py" line="129" name="test_create_tuple_ids_list_style[/P4:6-5]" time="0.0002913475036621094"><skipped message="&lt;unprintable Skipped object&gt;" type="pytest.skip">pytest_cases/tests/cases/issues/test_issue_154.py:129: &lt;py._xmlgen.raw object at 0x7fcacab155c0&gt;</skipped></testcase><testcase classname="pytest_cases.tests.cases.issues.test_issue_154.TestTuples" file="pytest_cases/tests/cases/issues/test_issue_154.py" line="129" name="test_create_tuple_ids_list_style[/6-0]" time="0.0054361820220947266"></testcase><testcase classname="pytest_cases.tests.cases.issues.test_issue_154.TestTuples" file="pytest_cases/tests/cases/issues/test_issue_154.py" line="129" name="test_create_tuple_ids_list_style[/7-foo]" time="0.005385637283325195"></testcase><testcase classname="pytest_cases.tests.cases.issues.test_issue_154.TestTuples" file="pytest_cases/tests/cases/issues/test_issue_154.py" line="129" name="test_create_tuple_ids_list_style[/8-0]" time="0.0006787776947021484"><skipped message="&lt;unprintable Skipped object&gt;" type="pytest.skip">pytest_cases/tests/cases/issues/test_issue_154.py:129: &lt;py._xmlgen.raw object at 0x7fcacab153c8&gt;</skipped></testcase><testcase classname="pytest_cases.tests.cases.issues.test_issue_154.TestTuples" file="pytest_cases/tests/cases/issues/test_issue_154.py" line="129" name="test_create_tuple_ids_list_style[/9-bar]" time="0.0016012191772460938"><skipped message="unconditional skip" type="pytest.skip">pytest_cases/tests/cases/issues/test_issue_154.py:129: &lt;py._xmlgen.raw object at 0x7fcacab0f7f0&gt;</skipped></testcase><testcase classname="pytest_cases.tests.cases.issues.test_issue_154.TestTuples" file="pytest_cases/tests/cases/issues/test_issue_154.py" line="134" name="test_create_tuple_ids_mygen[Msingle]" time="0.005472660064697266"></testcase><testcase classname="pytest_cases.tests.cases.issues.test_issue_154.TestTuples" file="pytest_cases/tests/cases/issues/test_issue_154.py" line="134" name="test_create_tuple_ids_mygen[Mfixref]" time="0.004050016403198242"></testcase><testcase classname="pytest_cases.tests.cases.issues.test_issue_154.TestTuples" file="pytest_cases/tests/cases/issues/test_issue_154.py" line="134" name="test_create_tuple_ids_mygen[Msingle_marked_skipped]" time="0.0009133815765380859"><skipped message="&lt;unprintable Skipped object&gt;" type="pytest.skip">pytest_cases/tests/cases/issues/test_issue_154.py:134: &lt;py._xmlgen.raw object at 0x7fcacab0fd68&gt;</skipped></testcase><testcase classname="pytest_cases.tests.cases.issues.test_issue_154.TestTuples" file="pytest_cases/tests/cases/issues/test_issue_154.py" line="134" name="test_create_tuple_ids_mygen[Mfixref_marked_skipped]" time="0.0003027915954589844"><skipped message="&lt;unprintable Skipped object&gt;" type="pytest.skip">pytest_cases/tests/cases/issues/test_issue_154.py:134: &lt;py._xmlgen.raw object at 0x7fcacab1e8d0&gt;</skipped></testcase><testcase classname="pytest_cases.tests.cases.issues.test_issue_154.TestTuples" file="pytest_cases/tests/cases/issues/test_issue_154.py" line="134" name="test_create_tuple_ids_mygen[Mmulti1]" time="0.0018393993377685547"></testcase><testcase classname="pytest_cases.tests.cases.issues.test_issue_154.TestTuples" file="pytest_cases/tests/cases/issues/test_issue_154.py" line="134" name="test_create_tuple_ids_mygen[Mmulti2_marked_skipped]" time="0.0003581047058105469"><skipped message="&lt;unprintable Skipped object&gt;" type="pytest.skip">pytest_cases/tests/cases/issues/test_issue_154.py:134: &lt;py._xmlgen.raw object at 0x7fcacab1e7f0&gt;</skipped></testcase><testcase classname="pytest_cases.tests.cases.issues.test_issue_154.TestTuples" file="pytest_cases/tests/cases/issues/test_issue_154.py" line="134" name="test_create_tuple_ids_mygen[Mfixref_target_is_parametrized-0]" time="0.002163410186767578"></testcase><testcase classname="pytest_cases.tests.cases.issues.test_issue_154.TestTuples" file="pytest_cases/tests/cases/issues/test_issue_154.py" line="134" name="test_create_tuple_ids_mygen[Msingle_parametrized_lazy-foo]" time="0.005341291427612305"></testcase><testcase classname="pytest_cases.tests.cases.issues.test_issue_154.TestTuples" file="pytest_cases/tests/cases/issues/test_issue_154.py" line="134" name="test_create_tuple_ids_mygen[Mfixref_target_is_parametrized_marked_skipped-0]" time="0.0006010532379150391"><skipped message="&lt;unprintable Skipped object&gt;" type="pytest.skip">pytest_cases/tests/cases/issues/test_issue_154.py:134: &lt;py._xmlgen.raw object at 0x7fcacab12dd8&gt;</skipped></testcase><testcase classname="pytest_cases.tests.cases.issues.test_issue_154.TestTuples" file="pytest_cases/tests/cases/issues/test_issue_154.py" line="134" name="test_create_tuple_ids_mygen[Msingle_parametrized_lazy_value_target_is_skipped-bar]" time="0.0011229515075683594"><skipped message="unconditional skip" type="pytest.skip">pytest_cases/tests/cases/issues/test_issue_154.py:134: &lt;py._xmlgen.raw object at 0x7fcacab25cc0&gt;</skipped></testcase><testcase classname="pytest_cases.tests.cases.issues.test_issue_154.TestTuples" file="pytest_cases/tests/cases/issues/test_issue_154.py" line="139" name="test_create_tuple_ids_mygen_style[/Msingle]" time="0.0017082691192626953"></testcase><testcase classname="pytest_cases.tests.cases.issues.test_issue_154.TestTuples" file="pytest_cases/tests/cases/issues/test_issue_154.py" line="139" name="test_create_tuple_ids_mygen_style[/Mfixref]" time="0.0019757747650146484"></testcase><testcase classname="pytest_cases.tests.cases.issues.test_issue_154.TestTuples" file="pytest_cases/tests/cases/issues/test_issue_154.py" line="139" name="test_create_tuple_ids_mygen_style[/Msingle_marked_skipped]" time="0.0002753734588623047"><skipped message="&lt;unprintable Skipped object&gt;" type="pytest.skip">pytest_cases/tests/cases/issues/test_issue_154.py:139: &lt;py._xmlgen.raw object at 0x7fcacaf67ac8&gt;</skipped></testcase><testcase classname="pytest_cases.tests.cases.issues.test_issue_154.TestTuples" file="pytest_cases/tests/cases/issues/test_issue_154.py" line="139" name="test_create_tuple_ids_mygen_style[/Mfixref_marked_skipped]" time="0.00014734268188476562"><skipped message="&lt;unprintable Skipped object&gt;" type="pytest.skip">pytest_cases/tests/cases/issues/test_issue_154.py:139: &lt;py._xmlgen.raw object at 0x7fcacab12898&gt;</skipped></testcase><testcase classname="pytest_cases.tests.cases.issues.test_issue_154.TestTuples" file="pytest_cases/tests/cases/issues/test_issue_154.py" line="139" name="test_create_tuple_ids_mygen_style[/P4:6-Mmulti1]" time="0.0011985301971435547"></testcase><testcase classname="pytest_cases.tests.cases.issues.test_issue_154.TestTuples" file="pytest_cases/tests/cases/issues/test_issue_154.py" line="139" name="test_create_tuple_ids_mygen_style[/P4:6-Mmulti2_marked_skipped]" time="0.0002562999725341797"><skipped message="&lt;unprintable Skipped object&gt;" type="pytest.skip">pytest_cases/tests/cases/issues/test_issue_154.py:139: &lt;py._xmlgen.raw object at 0x7fcacab15a90&gt;</skipped></testcase><testcase classname="pytest_cases.tests.cases.issues.test_issue_154.TestTuples" file="pytest_cases/tests/cases/issues/test_issue_154.py" line="139" name="test_create_tuple_ids_mygen_style[/Mfixref_target_is_parametrized-0]" time="0.0015444755554199219"></testcase><testcase classname="pytest_cases.tests.cases.issues.test_issue_154.TestTuples" file="pytest_cases/tests/cases/issues/test_issue_154.py" line="139" name="test_create_tuple_ids_mygen_style[/Msingle_parametrized_lazy-foo]" time="0.009365558624267578"></testcase><testcase classname="pytest_cases.tests.cases.issues.test_issue_154.TestTuples" file="pytest_cases/tests/cases/issues/test_issue_154.py" line="139" name="test_create_tuple_ids_mygen_style[/Mfixref_target_is_parametrized_marked_skipped-0]" time="0.0010483264923095703"><skipped message="&lt;unprintable Skipped object&gt;" type="pytest.skip">pytest_cases/tests/cases/issues/test_issue_154.py:139: &lt;py._xmlgen.raw object at 0x7fcacab750b8&gt;</skipped></testcase><testcase classname="pytest_cases.tests.cases.issues.test_issue_154.TestTuples" file="pytest_cases/tests/cases/issues/test_issue_154.py" line="139" name="test_create_tuple_ids_mygen_style[/Msingle_parametrized_lazy_value_target_is_skipped-bar]" time="0.0009491443634033203"><skipped message="unconditional skip" type="pytest.skip">pytest_cases/tests/cases/issues/test_issue_154.py:139: &lt;py._xmlgen.raw object at 0x7fcacab1e3c8&gt;</skipped></testcase><testcase classname="pytest_cases.tests.cases.issues.test_issue_154" file="pytest_cases/tests/cases/issues/test_issue_154.py" line="145" name="test_create_single_idstyle_explicit[inputs_request_data/single]" time="0.003354310989379883"></testcase><testcase classname="pytest_cases.tests.cases.issues.test_issue_154" file="pytest_cases/tests/cases/issues/test_issue_154.py" line="145" name="test_create_single_idstyle_explicit[inputs_request_data/fixref]" time="0.0016963481903076172"></testcase><testcase classname="pytest_cases.tests.cases.issues.test_issue_154" file="pytest_cases/tests/cases/issues/test_issue_154.py" line="145" name="test_create_single_idstyle_explicit[inputs_request_data/single_marked_skipped]" time="0.0005571842193603516"><skipped message="&lt;unprintable Skipped object&gt;" type="pytest.skip">pytest_cases/tests/cases/issues/test_issue_154.py:145: &lt;py._xmlgen.raw object at 0x7fcacafcca58&gt;</skipped></testcase><testcase classname="pytest_cases.tests.cases.issues.test_issue_154" file="pytest_cases/tests/cases/issues/test_issue_154.py" line="145" name="test_create_single_idstyle_explicit[inputs_request_data/fixref_marked_skipped]" time="0.00022172927856445312"><skipped message="&lt;unprintable Skipped object&gt;" type="pytest.skip">pytest_cases/tests/cases/issues/test_issue_154.py:145: &lt;py._xmlgen.raw object at 0x7fcacab1e278&gt;</skipped></testcase><testcase classname="pytest_cases.tests.cases.issues.test_issue_154" file="pytest_cases/tests/cases/issues/test_issue_154.py" line="145" name="test_create_single_idstyle_explicit[inputs_request_data/P4:6-multi1]" time="0.00095367431640625"></testcase><testcase classname="pytest_cases.tests.cases.issues.test_issue_154" file="pytest_cases/tests/cases/issues/test_issue_154.py" line="145" name="test_create_single_idstyle_explicit[inputs_request_data/P4:6-multi2_marked_skipped]" time="0.0001475811004638672"><skipped message="unconditional skip" type="pytest.skip">pytest_cases/tests/cases/issues/test_issue_154.py:145: &lt;py._xmlgen.raw object at 0x7fcacab34668&gt;</skipped></testcase><testcase classname="pytest_cases.tests.cases.issues.test_issue_154" file="pytest_cases/tests/cases/issues/test_issue_154.py" line="145" name="test_create_single_idstyle_explicit[inputs_request_data/fixref_target_is_parametrized-0]" time="0.00879812240600586"></testcase><testcase classname="pytest_cases.tests.cases.issues.test_issue_154" file="pytest_cases/tests/cases/issues/test_issue_154.py" line="145" name="test_create_single_idstyle_explicit[inputs_request_data/single_parametrized_lazy-foo]" time="0.0070629119873046875"></testcase><testcase classname="pytest_cases.tests.cases.issues.test_issue_154" file="pytest_cases/tests/cases/issues/test_issue_154.py" line="145" name="test_create_single_idstyle_explicit[inputs_request_data/fixref_target_is_parametrized_marked_skipped-0]" time="0.0009500980377197266"><skipped message="&lt;unprintable Skipped object&gt;" type="pytest.skip">pytest_cases/tests/cases/issues/test_issue_154.py:145: &lt;py._xmlgen.raw object at 0x7fcacab34438&gt;</skipped></testcase><testcase classname="pytest_cases.tests.cases.issues.test_issue_154" file="pytest_cases/tests/cases/issues/test_issue_154.py" line="145" name="test_create_single_idstyle_explicit[inputs_request_data/single_parametrized_lazy_value_target_is_skipped-bar]" time="0.0012907981872558594"><skipped message="unconditional skip" type="pytest.skip">pytest_cases/tests/cases/issues/test_issue_154.py:145: &lt;py._xmlgen.raw object at 0x7fcacaabb7f0&gt;</skipped></testcase><testcase classname="pytest_cases.tests.cases.issues.test_issue_154" file="pytest_cases/tests/cases/issues/test_issue_154.py" line="152" name="test_create_single_idstyle_compact[/single]" time="0.0010101795196533203"></testcase><testcase classname="pytest_cases.tests.cases.issues.test_issue_154" file="pytest_cases/tests/cases/issues/test_issue_154.py" line="152" name="test_create_single_idstyle_compact[/fixref]" time="0.0015788078308105469"></testcase><testcase classname="pytest_cases.tests.cases.issues.test_issue_154" file="pytest_cases/tests/cases/issues/test_issue_154.py" line="152" name="test_create_single_idstyle_compact[/single_marked_skipped]" time="0.0002396106719970703"><skipped message="&lt;unprintable Skipped object&gt;" type="pytest.skip">pytest_cases/tests/cases/issues/test_issue_154.py:152: &lt;py._xmlgen.raw object at 0x7fcacaabb588&gt;</skipped></testcase><testcase classname="pytest_cases.tests.cases.issues.test_issue_154" file="pytest_cases/tests/cases/issues/test_issue_154.py" line="152" name="test_create_single_idstyle_compact[/fixref_marked_skipped]" time="0.0010402202606201172"><skipped message="&lt;unprintable Skipped object&gt;" type="pytest.skip">pytest_cases/tests/cases/issues/test_issue_154.py:152: &lt;py._xmlgen.raw object at 0x7fcacaac05f8&gt;</skipped></testcase><testcase classname="pytest_cases.tests.cases.issues.test_issue_154" file="pytest_cases/tests/cases/issues/test_issue_154.py" line="152" name="test_create_single_idstyle_compact[/P4:6-multi1]" time="0.002408742904663086"></testcase><testcase classname="pytest_cases.tests.cases.issues.test_issue_154" file="pytest_cases/tests/cases/issues/test_issue_154.py" line="152" name="test_create_single_idstyle_compact[/P4:6-multi2_marked_skipped]" time="0.00038123130798339844"><skipped message="unconditional skip" type="pytest.skip">pytest_cases/tests/cases/issues/test_issue_154.py:152: &lt;py._xmlgen.raw object at 0x7fcacafd4be0&gt;</skipped></testcase><testcase classname="pytest_cases.tests.cases.issues.test_issue_154" file="pytest_cases/tests/cases/issues/test_issue_154.py" line="152" name="test_create_single_idstyle_compact[/fixref_target_is_parametrized-0]" time="0.0023088455200195312"></testcase><testcase classname="pytest_cases.tests.cases.issues.test_issue_154" file="pytest_cases/tests/cases/issues/test_issue_154.py" line="152" name="test_create_single_idstyle_compact[/single_parametrized_lazy-foo]" time="0.0027132034301757812"></testcase><testcase classname="pytest_cases.tests.cases.issues.test_issue_154" file="pytest_cases/tests/cases/issues/test_issue_154.py" line="152" name="test_create_single_idstyle_compact[/fixref_target_is_parametrized_marked_skipped-0]" time="0.0003600120544433594"><skipped message="&lt;unprintable Skipped object&gt;" type="pytest.skip">pytest_cases/tests/cases/issues/test_issue_154.py:152: &lt;py._xmlgen.raw object at 0x7fcacafd46a0&gt;</skipped></testcase><testcase classname="pytest_cases.tests.cases.issues.test_issue_154" file="pytest_cases/tests/cases/issues/test_issue_154.py" line="152" name="test_create_single_idstyle_compact[/single_parametrized_lazy_value_target_is_skipped-bar]" time="0.0003361701965332031"><skipped message="unconditional skip" type="pytest.skip">pytest_cases/tests/cases/issues/test_issue_154.py:152: &lt;py._xmlgen.raw object at 0x7fcacaac53c8&gt;</skipped></testcase><testcase classname="pytest_cases.tests.cases.issues.test_issue_154" file="pytest_cases/tests/cases/issues/test_issue_154.py" line="159" name="test_create_single_idstyle_none[single]" time="0.0021791458129882812"></testcase><testcase classname="pytest_cases.tests.cases.issues.test_issue_154" file="pytest_cases/tests/cases/issues/test_issue_154.py" line="159" name="test_create_single_idstyle_none[fixref]" time="0.002364635467529297"></testcase><testcase classname="pytest_cases.tests.cases.issues.test_issue_154" file="pytest_cases/tests/cases/issues/test_issue_154.py" line="159" name="test_create_single_idstyle_none[single_marked_skipped]" time="0.0002903938293457031"><skipped message="&lt;unprintable Skipped object&gt;" type="pytest.skip">pytest_cases/tests/cases/issues/test_issue_154.py:159: &lt;py._xmlgen.raw object at 0x7fcacaac5e80&gt;</skipped></testcase><testcase classname="pytest_cases.tests.cases.issues.test_issue_154" file="pytest_cases/tests/cases/issues/test_issue_154.py" line="159" name="test_create_single_idstyle_none[fixref_marked_skipped]" time="0.0003311634063720703"><skipped message="&lt;unprintable Skipped object&gt;" type="pytest.skip">pytest_cases/tests/cases/issues/test_issue_154.py:159: &lt;py._xmlgen.raw object at 0x7fcacaac92e8&gt;</skipped></testcase><testcase classname="pytest_cases.tests.cases.issues.test_issue_154" file="pytest_cases/tests/cases/issues/test_issue_154.py" line="159" name="test_create_single_idstyle_none[multi1]" time="0.002148151397705078"></testcase><testcase classname="pytest_cases.tests.cases.issues.test_issue_154" file="pytest_cases/tests/cases/issues/test_issue_154.py" line="159" name="test_create_single_idstyle_none[multi2_marked_skipped]" time="0.00029778480529785156"><skipped message="unconditional skip" type="pytest.skip">pytest_cases/tests/cases/issues/test_issue_154.py:159: &lt;py._xmlgen.raw object at 0x7fcacaac0d68&gt;</skipped></testcase><testcase classname="pytest_cases.tests.cases.issues.test_issue_154" file="pytest_cases/tests/cases/issues/test_issue_154.py" line="159" name="test_create_single_idstyle_none[fixref_target_is_parametrized-0]" time="0.002017498016357422"></testcase><testcase classname="pytest_cases.tests.cases.issues.test_issue_154" file="pytest_cases/tests/cases/issues/test_issue_154.py" line="159" name="test_create_single_idstyle_none[single_parametrized_lazy-foo]" time="0.0020296573638916016"></testcase><testcase classname="pytest_cases.tests.cases.issues.test_issue_154" file="pytest_cases/tests/cases/issues/test_issue_154.py" line="159" name="test_create_single_idstyle_none[fixref_target_is_parametrized_marked_skipped-0]" time="0.0003643035888671875"><skipped message="&lt;unprintable Skipped object&gt;" type="pytest.skip">pytest_cases/tests/cases/issues/test_issue_154.py:159: &lt;py._xmlgen.raw object at 0x7fcacaad41d0&gt;</skipped></testcase><testcase classname="pytest_cases.tests.cases.issues.test_issue_154" file="pytest_cases/tests/cases/issues/test_issue_154.py" line="159" name="test_create_single_idstyle_none[single_parametrized_lazy_value_target_is_skipped-bar]" time="0.0003151893615722656"><skipped message="unconditional skip" type="pytest.skip">pytest_cases/tests/cases/issues/test_issue_154.py:159: &lt;py._xmlgen.raw object at 0x7fcacaac9a58&gt;</skipped></testcase><testcase classname="pytest_cases.tests.cases.issues.test_issue_154" file="pytest_cases/tests/cases/issues/test_issue_154.py" line="166" name="test_create_single_idstyle_mygen[Minputs_request_data/P0/single]" time="0.002101421356201172"></testcase><testcase classname="pytest_cases.tests.cases.issues.test_issue_154" file="pytest_cases/tests/cases/issues/test_issue_154.py" line="166" name="test_create_single_idstyle_mygen[Minputs_request_data/P1F/fixref]" time="0.0030150413513183594"></testcase><testcase classname="pytest_cases.tests.cases.issues.test_issue_154" file="pytest_cases/tests/cases/issues/test_issue_154.py" line="166" name="test_create_single_idstyle_mygen[Minputs_request_data/P2/single_marked_skipped]" time="0.00034689903259277344"><skipped message="&lt;unprintable Skipped object&gt;" type="pytest.skip">pytest_cases/tests/cases/issues/test_issue_154.py:166: &lt;py._xmlgen.raw object at 0x7fcacaad4e10&gt;</skipped></testcase><testcase classname="pytest_cases.tests.cases.issues.test_issue_154" file="pytest_cases/tests/cases/issues/test_issue_154.py" line="166" name="test_create_single_idstyle_mygen[Minputs_request_data/P3F/fixref_marked_skipped]" time="0.0003066062927246094"><skipped message="&lt;unprintable Skipped object&gt;" type="pytest.skip">pytest_cases/tests/cases/issues/test_issue_154.py:166: &lt;py._xmlgen.raw object at 0x7fcacaf58b38&gt;</skipped></testcase><testcase classname="pytest_cases.tests.cases.issues.test_issue_154" file="pytest_cases/tests/cases/issues/test_issue_154.py" line="166" name="test_create_single_idstyle_mygen[Minputs_request_data/P4:6/-multi1]" time="0.002012491226196289"></testcase><testcase classname="pytest_cases.tests.cases.issues.test_issue_154" file="pytest_cases/tests/cases/issues/test_issue_154.py" line="166" name="test_create_single_idstyle_mygen[Minputs_request_data/P4:6/-multi2_marked_skipped]" time="0.0003294944763183594"><skipped message="unconditional skip" type="pytest.skip">pytest_cases/tests/cases/issues/test_issue_154.py:166: &lt;py._xmlgen.raw object at 0x7fcacaadbe80&gt;</skipped></testcase><testcase classname="pytest_cases.tests.cases.issues.test_issue_154" file="pytest_cases/tests/cases/issues/test_issue_154.py" line="166" name="test_create_single_idstyle_mygen[Minputs_request_data/P6F/fixref_target_is_parametrized-0]" time="0.0033609867095947266"></testcase><testcase classname="pytest_cases.tests.cases.issues.test_issue_154" file="pytest_cases/tests/cases/issues/test_issue_154.py" line="166" name="test_create_single_idstyle_mygen[Minputs_request_data/P7F/single_parametrized_lazy-foo]" time="0.0019843578338623047"></testcase><testcase classname="pytest_cases.tests.cases.issues.test_issue_154" file="pytest_cases/tests/cases/issues/test_issue_154.py" line="166" name="test_create_single_idstyle_mygen[Minputs_request_data/P8F/fixref_target_is_parametrized_marked_skipped-0]" time="0.00032782554626464844"><skipped message="&lt;unprintable Skipped object&gt;" type="pytest.skip">pytest_cases/tests/cases/issues/test_issue_154.py:166: &lt;py._xmlgen.raw object at 0x7fcacaacefd0&gt;</skipped></testcase><testcase classname="pytest_cases.tests.cases.issues.test_issue_154" file="pytest_cases/tests/cases/issues/test_issue_154.py" line="166" name="test_create_single_idstyle_mygen[Minputs_request_data/P9F/single_parametrized_lazy_value_target_is_skipped-bar]" time="0.0003509521484375"><skipped message="unconditional skip" type="pytest.skip">pytest_cases/tests/cases/issues/test_issue_154.py:166: &lt;py._xmlgen.raw object at 0x7fcacaac0438&gt;</skipped></testcase><testcase classname="pytest_cases.tests.cases.issues.test_issue_154" file="pytest_cases/tests/cases/issues/test_issue_154.py" line="173" name="test_create_single_ids_list[0]" time="0.0019910335540771484"></testcase><testcase classname="pytest_cases.tests.cases.issues.test_issue_154" file="pytest_cases/tests/cases/issues/test_issue_154.py" line="173" name="test_create_single_ids_list[1]" time="0.001974344253540039"></testcase><testcase classname="pytest_cases.tests.cases.issues.test_issue_154" file="pytest_cases/tests/cases/issues/test_issue_154.py" line="173" name="test_create_single_ids_list[2]" time="0.00033473968505859375"><skipped message="&lt;unprintable Skipped object&gt;" type="pytest.skip">pytest_cases/tests/cases/issues/test_issue_154.py:173: &lt;py._xmlgen.raw object at 0x7fcacaace1d0&gt;</skipped></testcase><testcase classname="pytest_cases.tests.cases.issues.test_issue_154" file="pytest_cases/tests/cases/issues/test_issue_154.py" line="173" name="test_create_single_ids_list[3]" time="0.0003762245178222656"><skipped message="&lt;unprintable Skipped object&gt;" type="pytest.skip">pytest_cases/tests/cases/issues/test_issue_154.py:173: &lt;py._xmlgen.raw object at 0x7fcacab29198&gt;</skipped></testcase><testcase classname="pytest_cases.tests.cases.issues.test_issue_154" file="pytest_cases/tests/cases/issues/test_issue_154.py" line="173" name="test_create_single_ids_list[4]" time="0.001957416534423828"></testcase><testcase classname="pytest_cases.tests.cases.issues.test_issue_154" file="pytest_cases/tests/cases/issues/test_issue_154.py" line="173" name="test_create_single_ids_list[5]" time="0.0003180503845214844"><skipped message="unconditional skip" type="pytest.skip">pytest_cases/tests/cases/issues/test_issue_154.py:173: &lt;py._xmlgen.raw object at 0x7fcacaac00b8&gt;</skipped></testcase><testcase classname="pytest_cases.tests.cases.issues.test_issue_154" file="pytest_cases/tests/cases/issues/test_issue_154.py" line="173" name="test_create_single_ids_list[6-0]" time="0.0015783309936523438"></testcase><testcase classname="pytest_cases.tests.cases.issues.test_issue_154" file="pytest_cases/tests/cases/issues/test_issue_154.py" line="173" name="test_create_single_ids_list[7-foo]" time="0.007867574691772461"></testcase><testcase classname="pytest_cases.tests.cases.issues.test_issue_154" file="pytest_cases/tests/cases/issues/test_issue_154.py" line="173" name="test_create_single_ids_list[8-0]" time="0.000946044921875"><skipped message="&lt;unprintable Skipped object&gt;" type="pytest.skip">pytest_cases/tests/cases/issues/test_issue_154.py:173: &lt;py._xmlgen.raw object at 0x7fcacaac04e0&gt;</skipped></testcase><testcase classname="pytest_cases.tests.cases.issues.test_issue_154" file="pytest_cases/tests/cases/issues/test_issue_154.py" line="173" name="test_create_single_ids_list[9-bar]" time="0.00026535987854003906"><skipped message="unconditional skip" type="pytest.skip">pytest_cases/tests/cases/issues/test_issue_154.py:173: &lt;py._xmlgen.raw object at 0x7fcacaae4208&gt;</skipped></testcase><testcase classname="pytest_cases.tests.cases.issues.test_issue_154" file="pytest_cases/tests/cases/issues/test_issue_154.py" line="180" name="test_create_single_ids_list_style[/0]" time="0.008434057235717773"></testcase><testcase classname="pytest_cases.tests.cases.issues.test_issue_154" file="pytest_cases/tests/cases/issues/test_issue_154.py" line="180" name="test_create_single_ids_list_style[/1]" time="0.004889488220214844"></testcase><testcase classname="pytest_cases.tests.cases.issues.test_issue_154" file="pytest_cases/tests/cases/issues/test_issue_154.py" line="180" name="test_create_single_ids_list_style[/2]" time="0.0009996891021728516"><skipped message="&lt;unprintable Skipped object&gt;" type="pytest.skip">pytest_cases/tests/cases/issues/test_issue_154.py:180: &lt;py._xmlgen.raw object at 0x7fcacaade550&gt;</skipped></testcase><testcase classname="pytest_cases.tests.cases.issues.test_issue_154" file="pytest_cases/tests/cases/issues/test_issue_154.py" line="180" name="test_create_single_ids_list_style[/3]" time="0.0015244483947753906"><skipped message="&lt;unprintable Skipped object&gt;" type="pytest.skip">pytest_cases/tests/cases/issues/test_issue_154.py:180: &lt;py._xmlgen.raw object at 0x7fcacaae4470&gt;</skipped></testcase><testcase classname="pytest_cases.tests.cases.issues.test_issue_154" file="pytest_cases/tests/cases/issues/test_issue_154.py" line="180" name="test_create_single_ids_list_style[/P4:6-4]" time="0.0027976036071777344"></testcase><testcase classname="pytest_cases.tests.cases.issues.test_issue_154" file="pytest_cases/tests/cases/issues/test_issue_154.py" line="180" name="test_create_single_ids_list_style[/P4:6-5]" time="0.00047087669372558594"><skipped message="unconditional skip" type="pytest.skip">pytest_cases/tests/cases/issues/test_issue_154.py:180: &lt;py._xmlgen.raw object at 0x7fcacaf58748&gt;</skipped></testcase><testcase classname="pytest_cases.tests.cases.issues.test_issue_154" file="pytest_cases/tests/cases/issues/test_issue_154.py" line="180" name="test_create_single_ids_list_style[/6-0]" time="0.001928091049194336"></testcase><testcase classname="pytest_cases.tests.cases.issues.test_issue_154" file="pytest_cases/tests/cases/issues/test_issue_154.py" line="180" name="test_create_single_ids_list_style[/7-foo]" time="0.001443624496459961"></testcase><testcase classname="pytest_cases.tests.cases.issues.test_issue_154" file="pytest_cases/tests/cases/issues/test_issue_154.py" line="180" name="test_create_single_ids_list_style[/8-0]" time="0.0005402565002441406"><skipped message="&lt;unprintable Skipped object&gt;" type="pytest.skip">pytest_cases/tests/cases/issues/test_issue_154.py:180: &lt;py._xmlgen.raw object at 0x7fcacaaedba8&gt;</skipped></testcase><testcase classname="pytest_cases.tests.cases.issues.test_issue_154" file="pytest_cases/tests/cases/issues/test_issue_154.py" line="180" name="test_create_single_ids_list_style[/9-bar]" time="0.0002033710479736328"><skipped message="unconditional skip" type="pytest.skip">pytest_cases/tests/cases/issues/test_issue_154.py:180: &lt;py._xmlgen.raw object at 0x7fcacafde748&gt;</skipped></testcase><testcase classname="pytest_cases.tests.cases.issues.test_issue_154" file="pytest_cases/tests/cases/issues/test_issue_154.py" line="187" name="test_create_single_ids_mygen[Msingle]" time="0.0016798973083496094"></testcase><testcase classname="pytest_cases.tests.cases.issues.test_issue_154" file="pytest_cases/tests/cases/issues/test_issue_154.py" line="187" name="test_create_single_ids_mygen[Mfixref]" time="0.00136566162109375"></testcase><testcase classname="pytest_cases.tests.cases.issues.test_issue_154" file="pytest_cases/tests/cases/issues/test_issue_154.py" line="187" name="test_create_single_ids_mygen[Msingle_marked_skipped]" time="0.00025844573974609375"><skipped message="&lt;unprintable Skipped object&gt;" type="pytest.skip">pytest_cases/tests/cases/issues/test_issue_154.py:187: &lt;py._xmlgen.raw object at 0x7fcacaaede80&gt;</skipped></testcase><testcase classname="pytest_cases.tests.cases.issues.test_issue_154" file="pytest_cases/tests/cases/issues/test_issue_154.py" line="187" name="test_create_single_ids_mygen[Mfixref_marked_skipped]" time="0.00040435791015625"><skipped message="&lt;unprintable Skipped object&gt;" type="pytest.skip">pytest_cases/tests/cases/issues/test_issue_154.py:187: &lt;py._xmlgen.raw object at 0x7fcacaacea20&gt;</skipped></testcase><testcase classname="pytest_cases.tests.cases.issues.test_issue_154" file="pytest_cases/tests/cases/issues/test_issue_154.py" line="187" name="test_create_single_ids_mygen[Mmulti1]" time="0.0029647350311279297"></testcase><testcase classname="pytest_cases.tests.cases.issues.test_issue_154" file="pytest_cases/tests/cases/issues/test_issue_154.py" line="187" name="test_create_single_ids_mygen[Mmulti2_marked_skipped]" time="0.0001976490020751953"><skipped message="unconditional skip" type="pytest.skip">pytest_cases/tests/cases/issues/test_issue_154.py:187: &lt;py._xmlgen.raw object at 0x7fcacaa7b8d0&gt;</skipped></testcase><testcase classname="pytest_cases.tests.cases.issues.test_issue_154" file="pytest_cases/tests/cases/issues/test_issue_154.py" line="187" name="test_create_single_ids_mygen[Mfixref_target_is_parametrized-0]" time="0.0033211708068847656"></testcase><testcase classname="pytest_cases.tests.cases.issues.test_issue_154" file="pytest_cases/tests/cases/issues/test_issue_154.py" line="187" name="test_create_single_ids_mygen[Msingle_parametrized_lazy-foo]" time="0.0015959739685058594"></testcase><testcase classname="pytest_cases.tests.cases.issues.test_issue_154" file="pytest_cases/tests/cases/issues/test_issue_154.py" line="187" name="test_create_single_ids_mygen[Mfixref_target_is_parametrized_marked_skipped-0]" time="0.00018644332885742188"><skipped message="&lt;unprintable Skipped object&gt;" type="pytest.skip">pytest_cases/tests/cases/issues/test_issue_154.py:187: &lt;py._xmlgen.raw object at 0x7fcacaae8898&gt;</skipped></testcase><testcase classname="pytest_cases.tests.cases.issues.test_issue_154" file="pytest_cases/tests/cases/issues/test_issue_154.py" line="187" name="test_create_single_ids_mygen[Msingle_parametrized_lazy_value_target_is_skipped-bar]" time="0.00015306472778320312"><skipped message="unconditional skip" type="pytest.skip">pytest_cases/tests/cases/issues/test_issue_154.py:187: &lt;py._xmlgen.raw object at 0x7fcacaa7e8d0&gt;</skipped></testcase><testcase classname="pytest_cases.tests.cases.issues.test_issue_154" file="pytest_cases/tests/cases/issues/test_issue_154.py" line="194" name="test_create_single_ids_mygen_style[/Msingle]" time="0.001199483871459961"></testcase><testcase classname="pytest_cases.tests.cases.issues.test_issue_154" file="pytest_cases/tests/cases/issues/test_issue_154.py" line="194" name="test_create_single_ids_mygen_style[/Mfixref]" time="0.000957489013671875"></testcase><testcase classname="pytest_cases.tests.cases.issues.test_issue_154" file="pytest_cases/tests/cases/issues/test_issue_154.py" line="194" name="test_create_single_ids_mygen_style[/Msingle_marked_skipped]" time="0.00015282630920410156"><skipped message="&lt;unprintable Skipped object&gt;" type="pytest.skip">pytest_cases/tests/cases/issues/test_issue_154.py:194: &lt;py._xmlgen.raw object at 0x7fcacaa7e6a0&gt;</skipped></testcase><testcase classname="pytest_cases.tests.cases.issues.test_issue_154" file="pytest_cases/tests/cases/issues/test_issue_154.py" line="194" name="test_create_single_ids_mygen_style[/Mfixref_marked_skipped]" time="0.00015115737915039062"><skipped message="&lt;unprintable Skipped object&gt;" type="pytest.skip">pytest_cases/tests/cases/issues/test_issue_154.py:194: &lt;py._xmlgen.raw object at 0x7fcacaa87860&gt;</skipped></testcase><testcase classname="pytest_cases.tests.cases.issues.test_issue_154" file="pytest_cases/tests/cases/issues/test_issue_154.py" line="194" name="test_create_single_ids_mygen_style[/P4:6-Mmulti1]" time="0.002459287643432617"></testcase><testcase classname="pytest_cases.tests.cases.issues.test_issue_154" file="pytest_cases/tests/cases/issues/test_issue_154.py" line="194" name="test_create_single_ids_mygen_style[/P4:6-Mmulti2_marked_skipped]" time="0.0014727115631103516"><skipped message="unconditional skip" type="pytest.skip">pytest_cases/tests/cases/issues/test_issue_154.py:194: &lt;py._xmlgen.raw object at 0x7fcacaae8908&gt;</skipped></testcase><testcase classname="pytest_cases.tests.cases.issues.test_issue_154" file="pytest_cases/tests/cases/issues/test_issue_154.py" line="194" name="test_create_single_ids_mygen_style[/Mfixref_target_is_parametrized-0]" time="0.006617069244384766"></testcase><testcase classname="pytest_cases.tests.cases.issues.test_issue_154" file="pytest_cases/tests/cases/issues/test_issue_154.py" line="194" name="test_create_single_ids_mygen_style[/Msingle_parametrized_lazy-foo]" time="0.0040891170501708984"></testcase><testcase classname="pytest_cases.tests.cases.issues.test_issue_154" file="pytest_cases/tests/cases/issues/test_issue_154.py" line="194" name="test_create_single_ids_mygen_style[/Mfixref_target_is_parametrized_marked_skipped-0]" time="0.0004258155822753906"><skipped message="&lt;unprintable Skipped object&gt;" type="pytest.skip">pytest_cases/tests/cases/issues/test_issue_154.py:194: &lt;py._xmlgen.raw object at 0x7fcacaa7ec18&gt;</skipped></testcase><testcase classname="pytest_cases.tests.cases.issues.test_issue_154" file="pytest_cases/tests/cases/issues/test_issue_154.py" line="194" name="test_create_single_ids_mygen_style[/Msingle_parametrized_lazy_value_target_is_skipped-bar]" time="0.0007693767547607422"><skipped message="unconditional skip" type="pytest.skip">pytest_cases/tests/cases/issues/test_issue_154.py:194: &lt;py._xmlgen.raw object at 0x7fcacaa8c080&gt;</skipped></testcase><testcase classname="pytest_cases.tests.cases.issues.test_issue_154" file="pytest_cases/tests/cases/issues/test_issue_154.py" line="201" name="test_synthesis" time="0.014546871185302734"></testcase><testcase classname="pytest_cases.tests.cases.legacy.advanced.test_memoize" file="pytest_cases/tests/cases/legacy/advanced/test_memoize.py" line="49" name="test_a[case_1]" time="0.0010726451873779297"><system-out>loading file file1
</system-out></testcase><testcase classname="pytest_cases.tests.cases.legacy.advanced.test_memoize" file="pytest_cases/tests/cases/legacy/advanced/test_memoize.py" line="49" name="test_a[case_2]" time="0.0005216598510742188"><system-out>loading file file2
</system-out></testcase><testcase classname="pytest_cases.tests.cases.legacy.advanced.test_memoize" file="pytest_cases/tests/cases/legacy/advanced/test_memoize.py" line="59" name="test_b[case_2]" time="0.0006582736968994141"></testcase><testcase classname="pytest_cases.tests.cases.legacy.advanced.test_memoize" file="pytest_cases/tests/cases/legacy/advanced/test_memoize.py" line="59" name="test_b[case_3]" time="0.0007150173187255859"><system-out>loading file file3
</system-out></testcase><testcase classname="pytest_cases.tests.cases.legacy.advanced.test_memoize" file="pytest_cases/tests/cases/legacy/advanced/test_memoize.py" line="69" name="test_c[case_1]" time="0.00035309791564941406"></testcase><testcase classname="pytest_cases.tests.cases.legacy.advanced.test_memoize" file="pytest_cases/tests/cases/legacy/advanced/test_memoize.py" line="69" name="test_c[case_2]" time="0.0003211498260498047"></testcase><testcase classname="pytest_cases.tests.cases.legacy.advanced.test_memoize" file="pytest_cases/tests/cases/legacy/advanced/test_memoize.py" line="69" name="test_c[case_3]" time="0.000316619873046875"></testcase><testcase classname="pytest_cases.tests.cases.legacy.advanced.test_memoize" file="pytest_cases/tests/cases/legacy/advanced/test_memoize.py" line="79" name="test_assert_parametrized" time="0.0005710124969482422"></testcase><testcase classname="pytest_cases.tests.cases.legacy.advanced.test_memoize_generators" file="pytest_cases/tests/cases/legacy/advanced/test_memoize_generators.py" line="23" name="test_a[case 0]" time="0.0008492469787597656"><system-out>generating case 0
0
</system-out></testcase><testcase classname="pytest_cases.tests.cases.legacy.advanced.test_memoize_generators" file="pytest_cases/tests/cases/legacy/advanced/test_memoize_generators.py" line="23" name="test_a[case 1]" time="0.002400636672973633"><system-out>generating case 1
1
</system-out></testcase><testcase classname="pytest_cases.tests.cases.legacy.advanced.test_memoize_generators" file="pytest_cases/tests/cases/legacy/advanced/test_memoize_generators.py" line="23" name="test_a[case 2]" time="0.0004923343658447266"><system-out>generating case 2
2
</system-out></testcase><testcase classname="pytest_cases.tests.cases.legacy.advanced.test_memoize_generators" file="pytest_cases/tests/cases/legacy/advanced/test_memoize_generators.py" line="33" name="test_b[case 0]" time="0.00037860870361328125"><system-out>0
</system-out></testcase><testcase classname="pytest_cases.tests.cases.legacy.advanced.test_memoize_generators" file="pytest_cases/tests/cases/legacy/advanced/test_memoize_generators.py" line="33" name="test_b[case 1]" time="0.0003821849822998047"><system-out>1
</system-out></testcase><testcase classname="pytest_cases.tests.cases.legacy.advanced.test_memoize_generators" file="pytest_cases/tests/cases/legacy/advanced/test_memoize_generators.py" line="33" name="test_b[case 2]" time="0.000537872314453125"><system-out>2
</system-out></testcase><testcase classname="pytest_cases.tests.cases.legacy.advanced.test_memoize_generators" file="pytest_cases/tests/cases/legacy/advanced/test_memoize_generators.py" line="43" name="test_assert_cases_are_here" time="0.0004169940948486328"></testcase><testcase classname="pytest_cases.tests.cases.legacy.advanced.test_memoize_generators" file="pytest_cases/tests/cases/legacy/advanced/test_memoize_generators.py" line="50" name="test_assert_parametrized" time="0.0014994144439697266"></testcase><testcase classname="pytest_cases.tests.cases.legacy.advanced.test_parameters" file="pytest_cases/tests/cases/legacy/advanced/test_parameters.py" line="45" name="test_with_parameters[1.0.0-case_simple]" time="0.0034532546997070312"><system-out>using version 1.0.0
</system-out></testcase><testcase classname="pytest_cases.tests.cases.legacy.advanced.test_parameters" file="pytest_cases/tests/cases/legacy/advanced/test_parameters.py" line="45" name="test_with_parameters[1.0.0-case_simple2]" time="0.0023813247680664062"><system-out>using version 1.0.0
</system-out></testcase><testcase classname="pytest_cases.tests.cases.legacy.advanced.test_parameters" file="pytest_cases/tests/cases/legacy/advanced/test_parameters.py" line="45" name="test_with_parameters[1.0.0-case_gen__j=0, i=0]" time="0.0018377304077148438"><system-out>using version 1.0.0
</system-out></testcase><testcase classname="pytest_cases.tests.cases.legacy.advanced.test_parameters" file="pytest_cases/tests/cases/legacy/advanced/test_parameters.py" line="45" name="test_with_parameters[1.0.0-case_gen__j=0, i=1]" time="0.0011811256408691406"><system-out>using version 1.0.0
</system-out></testcase><testcase classname="pytest_cases.tests.cases.legacy.advanced.test_parameters" file="pytest_cases/tests/cases/legacy/advanced/test_parameters.py" line="45" name="test_with_parameters[1.0.0-case_gen__j=1, i=0]" time="0.002033710479736328"><system-out>using version 1.0.0
</system-out></testcase><testcase classname="pytest_cases.tests.cases.legacy.advanced.test_parameters" file="pytest_cases/tests/cases/legacy/advanced/test_parameters.py" line="45" name="test_with_parameters[1.0.0-case_gen__j=1, i=1]" time="0.0015239715576171875"><system-out>using version 1.0.0
</system-out></testcase><testcase classname="pytest_cases.tests.cases.legacy.advanced.test_parameters" file="pytest_cases/tests/cases/legacy/advanced/test_parameters.py" line="45" name="test_with_parameters[2.0.0-case_simple]" time="0.0021758079528808594"><system-out>using version 2.0.0
</system-out></testcase><testcase classname="pytest_cases.tests.cases.legacy.advanced.test_parameters" file="pytest_cases/tests/cases/legacy/advanced/test_parameters.py" line="45" name="test_with_parameters[2.0.0-case_simple2]" time="0.0010845661163330078"><system-out>using version 2.0.0
</system-out></testcase><testcase classname="pytest_cases.tests.cases.legacy.advanced.test_parameters" file="pytest_cases/tests/cases/legacy/advanced/test_parameters.py" line="45" name="test_with_parameters[2.0.0-case_gen__j=0, i=0]" time="0.0021102428436279297"><system-out>using version 2.0.0
</system-out></testcase><testcase classname="pytest_cases.tests.cases.legacy.advanced.test_parameters" file="pytest_cases/tests/cases/legacy/advanced/test_parameters.py" line="45" name="test_with_parameters[2.0.0-case_gen__j=0, i=1]" time="0.0012011528015136719"><system-out>using version 2.0.0
</system-out></testcase><testcase classname="pytest_cases.tests.cases.legacy.advanced.test_parameters" file="pytest_cases/tests/cases/legacy/advanced/test_parameters.py" line="45" name="test_with_parameters[2.0.0-case_gen__j=1, i=0]" time="0.001699686050415039"><system-out>using version 2.0.0
</system-out></testcase><testcase classname="pytest_cases.tests.cases.legacy.advanced.test_parameters" file="pytest_cases/tests/cases/legacy/advanced/test_parameters.py" line="45" name="test_with_parameters[2.0.0-case_gen__j=1, i=1]" time="0.0016605854034423828"><system-out>using version 2.0.0
</system-out></testcase><testcase classname="pytest_cases.tests.cases.legacy.advanced.test_parameters" file="pytest_cases/tests/cases/legacy/advanced/test_parameters.py" line="61" name="test_assert_parametrized" time="0.0008752346038818359"></testcase><testcase classname="pytest_cases.tests.cases.legacy.advanced.test_stackoverflow" file="pytest_cases/tests/cases/legacy/advanced/test_stackoverflow.py" line="26" name="test_with_cases_decorated[case_simple]" time="0.00038909912109375"></testcase><testcase classname="pytest_cases.tests.cases.legacy.advanced.test_stackoverflow" file="pytest_cases/tests/cases/legacy/advanced/test_stackoverflow.py" line="39" name="test_with_cases_decorated2[case_simple]" time="0.0003333091735839844"></testcase><testcase classname="pytest_cases.tests.cases.legacy.advanced.test_stackoverflow" file="pytest_cases/tests/cases/legacy/advanced/test_stackoverflow.py" line="39" name="test_with_cases_decorated2[case_simple2]" time="0.001302957534790039"></testcase><testcase classname="pytest_cases.tests.cases.legacy.advanced.test_stackoverflow" file="pytest_cases/tests/cases/legacy/advanced/test_stackoverflow.py" line="87" name="test_a[case_1]" time="0.0019330978393554688"><system-out>loading file file1
</system-out></testcase><testcase classname="pytest_cases.tests.cases.legacy.advanced.test_stackoverflow" file="pytest_cases/tests/cases/legacy/advanced/test_stackoverflow.py" line="87" name="test_a[case_2]" time="0.0015113353729248047"><system-out>loading file file2
</system-out></testcase><testcase classname="pytest_cases.tests.cases.legacy.advanced.test_stackoverflow" file="pytest_cases/tests/cases/legacy/advanced/test_stackoverflow.py" line="97" name="test_b[case_2]" time="0.002006053924560547"></testcase><testcase classname="pytest_cases.tests.cases.legacy.advanced.test_stackoverflow" file="pytest_cases/tests/cases/legacy/advanced/test_stackoverflow.py" line="97" name="test_b[case_3]" time="0.0011951923370361328"><system-out>loading file file3
</system-out></testcase><testcase classname="pytest_cases.tests.cases.legacy.advanced.test_stackoverflow" file="pytest_cases/tests/cases/legacy/advanced/test_stackoverflow.py" line="107" name="test_c[case_1]" time="0.0015859603881835938"></testcase><testcase classname="pytest_cases.tests.cases.legacy.advanced.test_stackoverflow" file="pytest_cases/tests/cases/legacy/advanced/test_stackoverflow.py" line="107" name="test_c[case_2]" time="0.001153707504272461"></testcase><testcase classname="pytest_cases.tests.cases.legacy.advanced.test_stackoverflow" file="pytest_cases/tests/cases/legacy/advanced/test_stackoverflow.py" line="107" name="test_c[case_3]" time="0.0012187957763671875"></testcase><testcase classname="pytest_cases.tests.cases.legacy.advanced.test_suite_parametrized_cases" file="pytest_cases/tests/cases/legacy/advanced/test_suite_parametrized_cases.py" line="65" name="test_suite_parametrized_cases[case_simple-step_check_a]" time="0.002439260482788086"><system-out>{&apos;a&apos;: 1, &apos;b&apos;: 2}
</system-out></testcase><testcase classname="pytest_cases.tests.cases.legacy.advanced.test_suite_parametrized_cases" file="pytest_cases/tests/cases/legacy/advanced/test_suite_parametrized_cases.py" line="65" name="test_suite_parametrized_cases[case_simple-step_check_b]" time="0.001645803451538086"><system-out>{&apos;a&apos;: 1, &apos;b&apos;: 2}
</system-out></testcase><testcase classname="pytest_cases.tests.cases.legacy.advanced.test_suite_parametrized_cases" file="pytest_cases/tests/cases/legacy/advanced/test_suite_parametrized_cases.py" line="65" name="test_suite_parametrized_cases[case_simple2-step_check_a]" time="0.00174713134765625"><system-out>{&apos;a&apos;: -1, &apos;b&apos;: 2}
</system-out></testcase><testcase classname="pytest_cases.tests.cases.legacy.advanced.test_suite_parametrized_cases" file="pytest_cases/tests/cases/legacy/advanced/test_suite_parametrized_cases.py" line="65" name="test_suite_parametrized_cases[case_simple2-step_check_b]" time="0.0017049312591552734"><system-out>{&apos;a&apos;: -1, &apos;b&apos;: 2}
</system-out></testcase><testcase classname="pytest_cases.tests.cases.legacy.advanced.test_suite_shared_dict_cases" file="pytest_cases/tests/cases/legacy/advanced/test_suite_shared_dict_cases.py" line="51" name="test_suite_shared_dict_cases[case_simple-step_check_a]" time="0.0022454261779785156"><system-out>{&apos;a&apos;: 1, &apos;b&apos;: 2}
</system-out></testcase><testcase classname="pytest_cases.tests.cases.legacy.advanced.test_suite_shared_dict_cases" file="pytest_cases/tests/cases/legacy/advanced/test_suite_shared_dict_cases.py" line="51" name="test_suite_shared_dict_cases[case_simple-step_check_b]" time="0.0017085075378417969"><system-out>{&apos;a&apos;: 1, &apos;b&apos;: 2}
</system-out></testcase><testcase classname="pytest_cases.tests.cases.legacy.advanced.test_suite_shared_dict_cases" file="pytest_cases/tests/cases/legacy/advanced/test_suite_shared_dict_cases.py" line="51" name="test_suite_shared_dict_cases[case_simple2-step_check_a]" time="0.0016236305236816406"><system-out>{&apos;a&apos;: -1, &apos;b&apos;: 2}
</system-out></testcase><testcase classname="pytest_cases.tests.cases.legacy.advanced.test_suite_shared_dict_cases" file="pytest_cases/tests/cases/legacy/advanced/test_suite_shared_dict_cases.py" line="51" name="test_suite_shared_dict_cases[case_simple2-step_check_b]" time="0.0017211437225341797"><system-out>{&apos;a&apos;: -1, &apos;b&apos;: 2}
</system-out></testcase><testcase classname="pytest_cases.tests.cases.legacy.intermediate.test_filtering" file="pytest_cases/tests/cases/legacy/intermediate/test_filtering.py" line="34" name="test_with_cases_a_or_b[case_data0]" time="0.00036144256591796875"><skipped message="got empty parameter set [&apos;case_data&apos;], function test_with_cases_a_or_b at /home/travis/build/smarie/python-pytest-cases/pytest_cases/tests/cases/legacy/intermediate/test_filtering.py:34" type="pytest.skip">pytest_cases/tests/cases/legacy/intermediate/test_filtering.py:34: &lt;py._xmlgen.raw object at 0x7fcacaa52518&gt;</skipped></testcase><testcase classname="pytest_cases.tests.cases.legacy.intermediate.test_filtering" file="pytest_cases/tests/cases/legacy/intermediate/test_filtering.py" line="47" name="test_with_cases_a_and_b[case_data0]" time="0.002329111099243164"><skipped message="got empty parameter set [&apos;case_data&apos;], function test_with_cases_a_and_b at /home/travis/build/smarie/python-pytest-cases/pytest_cases/tests/cases/legacy/intermediate/test_filtering.py:47" type="pytest.skip">pytest_cases/tests/cases/legacy/intermediate/test_filtering.py:47: &lt;py._xmlgen.raw object at 0x7fcacaa4c048&gt;</skipped></testcase><testcase classname="pytest_cases.tests.cases.legacy.intermediate.test_shared" file="pytest_cases/tests/cases/legacy/intermediate/test_shared.py" line="12" name="test_with_filter[case_for_function1]" time="0.001333475112915039"></testcase><testcase classname="pytest_cases.tests.cases.legacy.intermediate.test_shared" file="pytest_cases/tests/cases/legacy/intermediate/test_shared.py" line="12" name="test_with_filter[case_for_function_1_and_2]" time="0.001241445541381836"></testcase><testcase classname="pytest_cases.tests.cases.legacy.intermediate.test_shared" file="pytest_cases/tests/cases/legacy/intermediate/test_shared.py" line="25" name="test_with_filter2[case_for_function2]" time="0.0011467933654785156"></testcase><testcase classname="pytest_cases.tests.cases.legacy.intermediate.test_shared" file="pytest_cases/tests/cases/legacy/intermediate/test_shared.py" line="25" name="test_with_filter2[case_for_function_1_and_2]" time="0.001172780990600586"></testcase><testcase classname="pytest_cases.tests.cases.legacy.intermediate.test_shared" file="pytest_cases/tests/cases/legacy/intermediate/test_shared.py" line="38" name="test_with_no_filter_all_cases[case_for_function1]" time="0.0017659664154052734"></testcase><testcase classname="pytest_cases.tests.cases.legacy.intermediate.test_shared" file="pytest_cases/tests/cases/legacy/intermediate/test_shared.py" line="38" name="test_with_no_filter_all_cases[case_for_function2]" time="0.001157999038696289"></testcase><testcase classname="pytest_cases.tests.cases.legacy.intermediate.test_shared" file="pytest_cases/tests/cases/legacy/intermediate/test_shared.py" line="38" name="test_with_no_filter_all_cases[case_for_function_1_and_2]" time="0.001257181167602539"></testcase><testcase classname="pytest_cases.tests.cases.legacy.intermediate.test_two_modules" file="pytest_cases/tests/cases/legacy/intermediate/test_two_modules.py" line="10" name="test_with_cases_decorated[case_simple]" time="0.0012698173522949219"></testcase><testcase classname="pytest_cases.tests.cases.legacy.intermediate.test_two_modules" file="pytest_cases/tests/cases/legacy/intermediate/test_two_modules.py" line="10" name="test_with_cases_decorated[case_simple_error_type]" time="0.0012905597686767578"></testcase><testcase classname="pytest_cases.tests.cases.legacy.intermediate.test_two_modules" file="pytest_cases/tests/cases/legacy/intermediate/test_two_modules.py" line="10" name="test_with_cases_decorated[case_simple_error_instance]" time="0.0012652873992919922"></testcase><testcase classname="pytest_cases.tests.cases.legacy.intermediate.test_two_modules" file="pytest_cases/tests/cases/legacy/intermediate/test_two_modules.py" line="10" name="test_with_cases_decorated[case_simple_error_callable]" time="0.0021784305572509766"></testcase><testcase classname="pytest_cases.tests.cases.legacy.intermediate.test_two_modules" file="pytest_cases/tests/cases/legacy/intermediate/test_two_modules.py" line="10" name="test_with_cases_decorated[case_skipped]" time="0.0003485679626464844"><skipped message="unconditional skip" type="pytest.skip">pytest_cases/tests/cases/legacy/intermediate/test_two_modules.py:10: &lt;py._xmlgen.raw object at 0x7fcacaa57cc0&gt;</skipped></testcase><testcase classname="pytest_cases.tests.cases.legacy.intermediate.test_two_modules" file="pytest_cases/tests/cases/legacy/intermediate/test_two_modules.py" line="10" name="test_with_cases_decorated[case_for_function1]" time="0.0010616779327392578"></testcase><testcase classname="pytest_cases.tests.cases.legacy.intermediate.test_two_modules" file="pytest_cases/tests/cases/legacy/intermediate/test_two_modules.py" line="10" name="test_with_cases_decorated[case_for_function2]" time="0.0011239051818847656"></testcase><testcase classname="pytest_cases.tests.cases.legacy.intermediate.test_two_modules" file="pytest_cases/tests/cases/legacy/intermediate/test_two_modules.py" line="10" name="test_with_cases_decorated[case_for_function_1_and_2]" time="0.0012767314910888672"></testcase><testcase classname="pytest_cases.tests.cases.legacy.simple.test_fixtures" file="pytest_cases/tests/cases/legacy/simple/test_fixtures.py" line="20" name="test_with_cases_decorated_legacy[case_simple]" time="0.0021371841430664062"></testcase><testcase classname="pytest_cases.tests.cases.legacy.simple.test_fixtures" file="pytest_cases/tests/cases/legacy/simple/test_fixtures.py" line="20" name="test_with_cases_decorated_legacy[case_simple_error_type]" time="0.0014598369598388672"></testcase><testcase classname="pytest_cases.tests.cases.legacy.simple.test_fixtures" file="pytest_cases/tests/cases/legacy/simple/test_fixtures.py" line="20" name="test_with_cases_decorated_legacy[case_simple_error_instance]" time="0.0016300678253173828"></testcase><testcase classname="pytest_cases.tests.cases.legacy.simple.test_fixtures" file="pytest_cases/tests/cases/legacy/simple/test_fixtures.py" line="20" name="test_with_cases_decorated_legacy[case_simple_error_callable]" time="0.001405954360961914"></testcase><testcase classname="pytest_cases.tests.cases.legacy.simple.test_fixtures" file="pytest_cases/tests/cases/legacy/simple/test_fixtures.py" line="20" name="test_with_cases_decorated_legacy[case_skipped]" time="0.0009903907775878906"><skipped message="unconditional skip" type="pytest.skip">pytest_cases/tests/cases/legacy/simple/test_fixtures.py:20: &lt;py._xmlgen.raw object at 0x7fcacaa5b128&gt;</skipped></testcase><testcase classname="pytest_cases.tests.cases.legacy.simple.test_fixtures" file="pytest_cases/tests/cases/legacy/simple/test_fixtures.py" line="67" name="test_with_cases_decorated[case_simple]" time="0.0015990734100341797"></testcase><testcase classname="pytest_cases.tests.cases.legacy.simple.test_fixtures" file="pytest_cases/tests/cases/legacy/simple/test_fixtures.py" line="67" name="test_with_cases_decorated[case_simple_error_type]" time="0.0014560222625732422"></testcase><testcase classname="pytest_cases.tests.cases.legacy.simple.test_fixtures" file="pytest_cases/tests/cases/legacy/simple/test_fixtures.py" line="67" name="test_with_cases_decorated[case_simple_error_instance]" time="0.001508474349975586"></testcase><testcase classname="pytest_cases.tests.cases.legacy.simple.test_fixtures" file="pytest_cases/tests/cases/legacy/simple/test_fixtures.py" line="67" name="test_with_cases_decorated[case_simple_error_callable]" time="0.0012733936309814453"></testcase><testcase classname="pytest_cases.tests.cases.legacy.simple.test_fixtures" file="pytest_cases/tests/cases/legacy/simple/test_fixtures.py" line="67" name="test_with_cases_decorated[case_skipped]" time="0.0003819465637207031"><skipped message="unconditional skip" type="pytest.skip">pytest_cases/tests/cases/legacy/simple/test_fixtures.py:67: &lt;py._xmlgen.raw object at 0x7fcacaa52898&gt;</skipped></testcase><testcase classname="pytest_cases.tests.cases.legacy.simple.test_generators" file="pytest_cases/tests/cases/legacy/simple/test_generators.py" line="56" name="test_with_cases_decorated[case_simple]" time="0.0010857582092285156"></testcase><testcase classname="pytest_cases.tests.cases.legacy.simple.test_generators" file="pytest_cases/tests/cases/legacy/simple/test_generators.py" line="56" name="test_with_cases_decorated[test with i=0, j=0 and name template]" time="0.0011970996856689453"></testcase><testcase classname="pytest_cases.tests.cases.legacy.simple.test_generators" file="pytest_cases/tests/cases/legacy/simple/test_generators.py" line="56" name="test_with_cases_decorated[test with i=1, j=0 and name template]" time="0.0013489723205566406"></testcase><testcase classname="pytest_cases.tests.cases.legacy.simple.test_generators" file="pytest_cases/tests/cases/legacy/simple/test_generators.py" line="56" name="test_with_cases_decorated[test with i=0, j=1 and name template]" time="0.0013396739959716797"></testcase><testcase classname="pytest_cases.tests.cases.legacy.simple.test_generators" file="pytest_cases/tests/cases/legacy/simple/test_generators.py" line="56" name="test_with_cases_decorated[test with i=1, j=1 and name template]" time="0.0012481212615966797"></testcase><testcase classname="pytest_cases.tests.cases.legacy.simple.test_generators" file="pytest_cases/tests/cases/legacy/simple/test_generators.py" line="56" name="test_with_cases_decorated[test with i=0, j=2 and name template]" time="0.0011677742004394531"></testcase><testcase classname="pytest_cases.tests.cases.legacy.simple.test_generators" file="pytest_cases/tests/cases/legacy/simple/test_generators.py" line="56" name="test_with_cases_decorated[test with i=1, j=2 and name template]" time="0.0013093948364257812"></testcase><testcase classname="pytest_cases.tests.cases.legacy.simple.test_generators" file="pytest_cases/tests/cases/legacy/simple/test_generators.py" line="56" name="test_with_cases_decorated[test with i=0, j=0 and names callable provider]" time="0.00109100341796875"></testcase><testcase classname="pytest_cases.tests.cases.legacy.simple.test_generators" file="pytest_cases/tests/cases/legacy/simple/test_generators.py" line="56" name="test_with_cases_decorated[test with i=1, j=0 and names callable provider]" time="0.0013043880462646484"></testcase><testcase classname="pytest_cases.tests.cases.legacy.simple.test_generators" file="pytest_cases/tests/cases/legacy/simple/test_generators.py" line="56" name="test_with_cases_decorated[test with i=0, j=1 and names callable provider]" time="0.001984119415283203"></testcase><testcase classname="pytest_cases.tests.cases.legacy.simple.test_generators" file="pytest_cases/tests/cases/legacy/simple/test_generators.py" line="56" name="test_with_cases_decorated[test with i=1, j=1 and names callable provider]" time="0.0011773109436035156"></testcase><testcase classname="pytest_cases.tests.cases.legacy.simple.test_generators" file="pytest_cases/tests/cases/legacy/simple/test_generators.py" line="56" name="test_with_cases_decorated[test with i=0, j=2 and names callable provider]" time="0.00081634521484375"></testcase><testcase classname="pytest_cases.tests.cases.legacy.simple.test_generators" file="pytest_cases/tests/cases/legacy/simple/test_generators.py" line="56" name="test_with_cases_decorated[test with i=1, j=2 and names callable provider]" time="0.0015041828155517578"></testcase><testcase classname="pytest_cases.tests.cases.legacy.simple.test_generators" file="pytest_cases/tests/cases/legacy/simple/test_generators.py" line="56" name="test_with_cases_decorated[test with i=0, j=0 and explicit names list]" time="0.0006091594696044922"></testcase><testcase classname="pytest_cases.tests.cases.legacy.simple.test_generators" file="pytest_cases/tests/cases/legacy/simple/test_generators.py" line="56" name="test_with_cases_decorated[test with i=0, j=1 and explicit names list]" time="0.0005626678466796875"></testcase><testcase classname="pytest_cases.tests.cases.legacy.simple.test_generators" file="pytest_cases/tests/cases/legacy/simple/test_generators.py" line="56" name="test_with_cases_decorated[test with i=0, j=2 and explicit names list]" time="0.001600027084350586"></testcase><testcase classname="pytest_cases.tests.cases.legacy.simple.test_generators" file="pytest_cases/tests/cases/legacy/simple/test_generators.py" line="56" name="test_with_cases_decorated[test with i=1, j=0 and explicit names list]" time="0.0020766258239746094"></testcase><testcase classname="pytest_cases.tests.cases.legacy.simple.test_generators" file="pytest_cases/tests/cases/legacy/simple/test_generators.py" line="56" name="test_with_cases_decorated[test with i=1, j=1 and explicit names list]" time="0.0007364749908447266"></testcase><testcase classname="pytest_cases.tests.cases.legacy.simple.test_generators" file="pytest_cases/tests/cases/legacy/simple/test_generators.py" line="56" name="test_with_cases_decorated[test with i=1, j=2 and explicit names list]" time="0.0006411075592041016"></testcase><testcase classname="pytest_cases.tests.cases.legacy.simple.test_main" file="pytest_cases/tests/cases/legacy/simple/test_main.py" line="12" name="test_with_cases_decorated[case_simple]" time="0.000675201416015625"></testcase><testcase classname="pytest_cases.tests.cases.legacy.simple.test_main" file="pytest_cases/tests/cases/legacy/simple/test_main.py" line="12" name="test_with_cases_decorated[case_simple_error_type]" time="0.0010192394256591797"></testcase><testcase classname="pytest_cases.tests.cases.legacy.simple.test_main" file="pytest_cases/tests/cases/legacy/simple/test_main.py" line="12" name="test_with_cases_decorated[case_simple_error_instance]" time="0.000682830810546875"></testcase><testcase classname="pytest_cases.tests.cases.legacy.simple.test_main" file="pytest_cases/tests/cases/legacy/simple/test_main.py" line="12" name="test_with_cases_decorated[case_simple_error_callable]" time="0.0006840229034423828"></testcase><testcase classname="pytest_cases.tests.cases.legacy.simple.test_main" file="pytest_cases/tests/cases/legacy/simple/test_main.py" line="12" name="test_with_cases_decorated[case_skipped]" time="0.0003154277801513672"><skipped message="unconditional skip" type="pytest.skip">pytest_cases/tests/cases/legacy/simple/test_main.py:12: &lt;py._xmlgen.raw object at 0x7fcacaa065c0&gt;</skipped></testcase><testcase classname="pytest_cases.tests.cases.legacy.simple.test_main" file="pytest_cases/tests/cases/legacy/simple/test_main.py" line="50" name="test_with_cases_manual[case_simple]" time="0.0009636878967285156"></testcase><testcase classname="pytest_cases.tests.cases.legacy.simple.test_main" file="pytest_cases/tests/cases/legacy/simple/test_main.py" line="50" name="test_with_cases_manual[case_simple_error_type]" time="0.0006632804870605469"></testcase><testcase classname="pytest_cases.tests.cases.legacy.simple.test_main" file="pytest_cases/tests/cases/legacy/simple/test_main.py" line="50" name="test_with_cases_manual[case_simple_error_instance]" time="0.0006670951843261719"></testcase><testcase classname="pytest_cases.tests.cases.legacy.simple.test_main" file="pytest_cases/tests/cases/legacy/simple/test_main.py" line="50" name="test_with_cases_manual[case_simple_error_callable]" time="0.0006639957427978516"></testcase><testcase classname="pytest_cases.tests.cases.legacy.simple.test_main" file="pytest_cases/tests/cases/legacy/simple/test_main.py" line="50" name="test_with_cases_manual[case_skipped]" time="0.0005807876586914062"><skipped message="unconditional skip" type="pytest.skip">pytest_cases/tests/cases/legacy/simple/test_main.py:50: &lt;py._xmlgen.raw object at 0x7fcacaa0da58&gt;</skipped></testcase><testcase classname="pytest_cases.tests.cases.legacy.simple.test_pytest_marks" file="pytest_cases/tests/cases/legacy/simple/test_pytest_marks.py" line="9" name="test_get_pytest_marks" time="0.0007028579711914062"></testcase><testcase classname="pytest_cases.tests.cases.legacy.simple.test_same_file" file="pytest_cases/tests/cases/legacy/simple/test_same_file.py" line="27" name="test_with_cases_decorated[case_simple]" time="0.0006837844848632812"></testcase><testcase classname="pytest_cases.tests.cases.legacy.simple.test_same_file" file="pytest_cases/tests/cases/legacy/simple/test_same_file.py" line="27" name="test_with_cases_decorated[case_simple2]" time="0.0006091594696044922"></testcase><testcase classname="pytest_cases.tests.cases.legacy.simple.test_so.TestIt" file="pytest_cases/tests/cases/legacy/simple/test_so.py" line="33" name="test_tc1[[&apos;var1&apos;, &apos;var2&apos;]]" time="0.0009305477142333984"><system-out>this
</system-out></testcase><testcase classname="pytest_cases.tests.cases.legacy.simple.test_so2" file="pytest_cases/tests/cases/legacy/simple/test_so2.py" line="45" name="test_data[data1_a]" time="0.0007898807525634766"><system-out>setup for &lt;function case_datasetA at 0x7fcacaef5268&gt;
</system-out></testcase><testcase classname="pytest_cases.tests.cases.legacy.simple.test_so2" file="pytest_cases/tests/cases/legacy/simple/test_so2.py" line="45" name="test_data[data2_a]" time="0.0019350051879882812"><system-out>teardown for &lt;function case_datasetA at 0x7fcacaef5268&gt;
</system-out></testcase><testcase classname="pytest_cases.tests.cases.legacy.simple.test_so2" file="pytest_cases/tests/cases/legacy/simple/test_so2.py" line="45" name="test_data[data3_a]" time="0.0006890296936035156"></testcase><testcase classname="pytest_cases.tests.cases.legacy.simple.test_so2" file="pytest_cases/tests/cases/legacy/simple/test_so2.py" line="45" name="test_data[data1_b]" time="0.0007708072662353516"><system-out>setup for &lt;function case_datasetB at 0x7fcacaef52f0&gt;
</system-out></testcase><testcase classname="pytest_cases.tests.cases.legacy.simple.test_so2" file="pytest_cases/tests/cases/legacy/simple/test_so2.py" line="45" name="test_data[data2_b]" time="0.0007770061492919922"><system-out>teardown for &lt;function case_datasetB at 0x7fcacaef52f0&gt;
</system-out></testcase><testcase classname="pytest_cases.tests.cases.legacy.simple.test_so2" file="pytest_cases/tests/cases/legacy/simple/test_so2.py" line="45" name="test_data[data3_b]" time="0.0006990432739257812"></testcase><testcase classname="pytest_cases.tests.cases.legacy.simple.test_so2" file="pytest_cases/tests/cases/legacy/simple/test_so2.py" line="50" name="test_synthesis" time="0.005381107330322266"></testcase><testcase classname="pytest_cases.tests.cases.others.test_glob_low_level" file="pytest_cases/tests/cases/others/test_glob_low_level.py" line="5" name="test_glob_low_level" time="0.0016169548034667969"></testcase><testcase classname="pytest_cases.tests.pytest_extension.doc.test_doc_fixture_graph" file="pytest_cases/tests/pytest_extension/doc/test_doc_fixture_graph.py" line="29" name="test_2[ie=-1-ia=0-i2=x]" time="0.0012078285217285156"></testcase><testcase classname="pytest_cases.tests.pytest_extension.doc.test_doc_fixture_graph" file="pytest_cases/tests/pytest_extension/doc/test_doc_fixture_graph.py" line="29" name="test_2[ie=-1-ia=0-i2=z]" time="0.0010628700256347656"></testcase><testcase classname="pytest_cases.tests.pytest_extension.doc.test_doc_fixture_graph" file="pytest_cases/tests/pytest_extension/doc/test_doc_fixture_graph.py" line="29" name="test_2[ie=-1-ia=1-i2=x]" time="0.0014867782592773438"></testcase><testcase classname="pytest_cases.tests.pytest_extension.doc.test_doc_fixture_graph" file="pytest_cases/tests/pytest_extension/doc/test_doc_fixture_graph.py" line="29" name="test_2[ie=-1-ia=1-i2=z]" time="0.0010471343994140625"></testcase><testcase classname="pytest_cases.tests.pytest_extension.doc.test_doc_fixture_graph" file="pytest_cases/tests/pytest_extension/doc/test_doc_fixture_graph.py" line="29" name="test_2[ie=1-ia=0-i2=x]" time="0.0010030269622802734"></testcase><testcase classname="pytest_cases.tests.pytest_extension.doc.test_doc_fixture_graph" file="pytest_cases/tests/pytest_extension/doc/test_doc_fixture_graph.py" line="29" name="test_2[ie=1-ia=0-i2=z]" time="0.0010607242584228516"></testcase><testcase classname="pytest_cases.tests.pytest_extension.doc.test_doc_fixture_graph" file="pytest_cases/tests/pytest_extension/doc/test_doc_fixture_graph.py" line="29" name="test_2[ie=1-ia=1-i2=x]" time="0.0010712146759033203"></testcase><testcase classname="pytest_cases.tests.pytest_extension.doc.test_doc_fixture_graph" file="pytest_cases/tests/pytest_extension/doc/test_doc_fixture_graph.py" line="29" name="test_2[ie=1-ia=1-i2=z]" time="0.0010247230529785156"></testcase><testcase classname="pytest_cases.tests.pytest_extension.doc.test_doc_fixture_graph" file="pytest_cases/tests/pytest_extension/doc/test_doc_fixture_graph.py" line="40" name="test_1[ie=-1-ia=0-ib=x]" time="0.001087188720703125"></testcase><testcase classname="pytest_cases.tests.pytest_extension.doc.test_doc_fixture_graph" file="pytest_cases/tests/pytest_extension/doc/test_doc_fixture_graph.py" line="40" name="test_1[ie=-1-ia=0-ib=z]" time="0.0010704994201660156"></testcase><testcase classname="pytest_cases.tests.pytest_extension.doc.test_doc_fixture_graph" file="pytest_cases/tests/pytest_extension/doc/test_doc_fixture_graph.py" line="40" name="test_1[ie=-1-ia=1-ib=x]" time="0.0011014938354492188"></testcase><testcase classname="pytest_cases.tests.pytest_extension.doc.test_doc_fixture_graph" file="pytest_cases/tests/pytest_extension/doc/test_doc_fixture_graph.py" line="40" name="test_1[ie=-1-ia=1-ib=z]" time="0.0014100074768066406"></testcase><testcase classname="pytest_cases.tests.pytest_extension.doc.test_doc_fixture_graph" file="pytest_cases/tests/pytest_extension/doc/test_doc_fixture_graph.py" line="40" name="test_1[ie=1-ia=0-ib=x]" time="0.0010335445404052734"></testcase><testcase classname="pytest_cases.tests.pytest_extension.doc.test_doc_fixture_graph" file="pytest_cases/tests/pytest_extension/doc/test_doc_fixture_graph.py" line="40" name="test_1[ie=1-ia=0-ib=z]" time="0.0010585784912109375"></testcase><testcase classname="pytest_cases.tests.pytest_extension.doc.test_doc_fixture_graph" file="pytest_cases/tests/pytest_extension/doc/test_doc_fixture_graph.py" line="40" name="test_1[ie=1-ia=1-ib=x]" time="0.0010707378387451172"></testcase><testcase classname="pytest_cases.tests.pytest_extension.doc.test_doc_fixture_graph" file="pytest_cases/tests/pytest_extension/doc/test_doc_fixture_graph.py" line="40" name="test_1[ie=1-ia=1-ib=z]" time="0.0010979175567626953"></testcase><testcase classname="pytest_cases.tests.pytest_extension.doc.test_doc_fixture_graph_union" file="pytest_cases/tests/pytest_extension/doc/test_doc_fixture_graph_union.py" line="29" name="test_2[ie=-1-ia=0-i2=x]" time="0.0010361671447753906"></testcase><testcase classname="pytest_cases.tests.pytest_extension.doc.test_doc_fixture_graph_union" file="pytest_cases/tests/pytest_extension/doc/test_doc_fixture_graph_union.py" line="29" name="test_2[ie=-1-ia=0-i2=z]" time="0.0010449886322021484"></testcase><testcase classname="pytest_cases.tests.pytest_extension.doc.test_doc_fixture_graph_union" file="pytest_cases/tests/pytest_extension/doc/test_doc_fixture_graph_union.py" line="29" name="test_2[ie=-1-ia=1-i2=x]" time="0.0010347366333007812"></testcase><testcase classname="pytest_cases.tests.pytest_extension.doc.test_doc_fixture_graph_union" file="pytest_cases/tests/pytest_extension/doc/test_doc_fixture_graph_union.py" line="29" name="test_2[ie=-1-ia=1-i2=z]" time="0.001033782958984375"></testcase><testcase classname="pytest_cases.tests.pytest_extension.doc.test_doc_fixture_graph_union" file="pytest_cases/tests/pytest_extension/doc/test_doc_fixture_graph_union.py" line="29" name="test_2[ie=1-ia=0-i2=x]" time="0.0013871192932128906"></testcase><testcase classname="pytest_cases.tests.pytest_extension.doc.test_doc_fixture_graph_union" file="pytest_cases/tests/pytest_extension/doc/test_doc_fixture_graph_union.py" line="29" name="test_2[ie=1-ia=0-i2=z]" time="0.0009818077087402344"></testcase><testcase classname="pytest_cases.tests.pytest_extension.doc.test_doc_fixture_graph_union" file="pytest_cases/tests/pytest_extension/doc/test_doc_fixture_graph_union.py" line="29" name="test_2[ie=1-ia=1-i2=x]" time="0.0009937286376953125"></testcase><testcase classname="pytest_cases.tests.pytest_extension.doc.test_doc_fixture_graph_union" file="pytest_cases/tests/pytest_extension/doc/test_doc_fixture_graph_union.py" line="29" name="test_2[ie=1-ia=1-i2=z]" time="0.0010006427764892578"></testcase><testcase classname="pytest_cases.tests.pytest_extension.doc.test_doc_fixture_graph_union" file="pytest_cases/tests/pytest_extension/doc/test_doc_fixture_graph_union.py" line="51" name="test_1[ie=-1-/a-ia=0]" time="0.0016524791717529297"></testcase><testcase classname="pytest_cases.tests.pytest_extension.doc.test_doc_fixture_graph_union" file="pytest_cases/tests/pytest_extension/doc/test_doc_fixture_graph_union.py" line="51" name="test_1[ie=-1-/a-ia=1]" time="0.0012850761413574219"></testcase><testcase classname="pytest_cases.tests.pytest_extension.doc.test_doc_fixture_graph_union" file="pytest_cases/tests/pytest_extension/doc/test_doc_fixture_graph_union.py" line="51" name="test_1[ie=-1-/b-ib=x-a-ia=0]" time="0.0013151168823242188"></testcase><testcase classname="pytest_cases.tests.pytest_extension.doc.test_doc_fixture_graph_union" file="pytest_cases/tests/pytest_extension/doc/test_doc_fixture_graph_union.py" line="51" name="test_1[ie=-1-/b-ib=x-a-ia=1]" time="0.0012819766998291016"></testcase><testcase classname="pytest_cases.tests.pytest_extension.doc.test_doc_fixture_graph_union" file="pytest_cases/tests/pytest_extension/doc/test_doc_fixture_graph_union.py" line="51" name="test_1[ie=-1-/b-ib=x-c]" time="0.0016217231750488281"></testcase><testcase classname="pytest_cases.tests.pytest_extension.doc.test_doc_fixture_graph_union" file="pytest_cases/tests/pytest_extension/doc/test_doc_fixture_graph_union.py" line="51" name="test_1[ie=-1-/b-ib=z-a-ia=0]" time="0.0012590885162353516"></testcase><testcase classname="pytest_cases.tests.pytest_extension.doc.test_doc_fixture_graph_union" file="pytest_cases/tests/pytest_extension/doc/test_doc_fixture_graph_union.py" line="51" name="test_1[ie=-1-/b-ib=z-a-ia=1]" time="0.0012466907501220703"></testcase><testcase classname="pytest_cases.tests.pytest_extension.doc.test_doc_fixture_graph_union" file="pytest_cases/tests/pytest_extension/doc/test_doc_fixture_graph_union.py" line="51" name="test_1[ie=-1-/b-ib=z-c]" time="0.0012166500091552734"></testcase><testcase classname="pytest_cases.tests.pytest_extension.doc.test_doc_fixture_graph_union" file="pytest_cases/tests/pytest_extension/doc/test_doc_fixture_graph_union.py" line="51" name="test_1[ie=1-/a-ia=0]" time="0.001287221908569336"></testcase><testcase classname="pytest_cases.tests.pytest_extension.doc.test_doc_fixture_graph_union" file="pytest_cases/tests/pytest_extension/doc/test_doc_fixture_graph_union.py" line="51" name="test_1[ie=1-/a-ia=1]" time="0.0011887550354003906"></testcase><testcase classname="pytest_cases.tests.pytest_extension.doc.test_doc_fixture_graph_union" file="pytest_cases/tests/pytest_extension/doc/test_doc_fixture_graph_union.py" line="51" name="test_1[ie=1-/b-ib=x-a-ia=0]" time="0.001239776611328125"></testcase><testcase classname="pytest_cases.tests.pytest_extension.doc.test_doc_fixture_graph_union" file="pytest_cases/tests/pytest_extension/doc/test_doc_fixture_graph_union.py" line="51" name="test_1[ie=1-/b-ib=x-a-ia=1]" time="0.0012612342834472656"></testcase><testcase classname="pytest_cases.tests.pytest_extension.doc.test_doc_fixture_graph_union" file="pytest_cases/tests/pytest_extension/doc/test_doc_fixture_graph_union.py" line="51" name="test_1[ie=1-/b-ib=x-c]" time="0.0015540122985839844"></testcase><testcase classname="pytest_cases.tests.pytest_extension.doc.test_doc_fixture_graph_union" file="pytest_cases/tests/pytest_extension/doc/test_doc_fixture_graph_union.py" line="51" name="test_1[ie=1-/b-ib=z-a-ia=0]" time="0.001211404800415039"></testcase><testcase classname="pytest_cases.tests.pytest_extension.doc.test_doc_fixture_graph_union" file="pytest_cases/tests/pytest_extension/doc/test_doc_fixture_graph_union.py" line="51" name="test_1[ie=1-/b-ib=z-a-ia=1]" time="0.001210927963256836"></testcase><testcase classname="pytest_cases.tests.pytest_extension.doc.test_doc_fixture_graph_union" file="pytest_cases/tests/pytest_extension/doc/test_doc_fixture_graph_union.py" line="51" name="test_1[ie=1-/b-ib=z-c]" time="0.0012176036834716797"></testcase><testcase classname="pytest_cases.tests.pytest_extension.doc.test_doc_fixture_graph_union" file="pytest_cases/tests/pytest_extension/doc/test_doc_fixture_graph_union.py" line="57" name="test_closure[ie=-1]" time="0.0009224414825439453"></testcase><testcase classname="pytest_cases.tests.pytest_extension.doc.test_doc_fixture_graph_union" file="pytest_cases/tests/pytest_extension/doc/test_doc_fixture_graph_union.py" line="57" name="test_closure[ie=1]" time="0.001161336898803711"></testcase><testcase classname="pytest_cases.tests.pytest_extension.doc.test_doc_fixture_graph_union_normal" file="pytest_cases/tests/pytest_extension/doc/test_doc_fixture_graph_union_normal.py" line="29" name="test_2[ie=-1-ia=0-i2=x]" time="0.0010237693786621094"></testcase><testcase classname="pytest_cases.tests.pytest_extension.doc.test_doc_fixture_graph_union_normal" file="pytest_cases/tests/pytest_extension/doc/test_doc_fixture_graph_union_normal.py" line="29" name="test_2[ie=-1-ia=0-i2=z]" time="0.0009791851043701172"></testcase><testcase classname="pytest_cases.tests.pytest_extension.doc.test_doc_fixture_graph_union_normal" file="pytest_cases/tests/pytest_extension/doc/test_doc_fixture_graph_union_normal.py" line="29" name="test_2[ie=-1-ia=1-i2=x]" time="0.0010106563568115234"></testcase><testcase classname="pytest_cases.tests.pytest_extension.doc.test_doc_fixture_graph_union_normal" file="pytest_cases/tests/pytest_extension/doc/test_doc_fixture_graph_union_normal.py" line="29" name="test_2[ie=-1-ia=1-i2=z]" time="0.0009982585906982422"></testcase><testcase classname="pytest_cases.tests.pytest_extension.doc.test_doc_fixture_graph_union_normal" file="pytest_cases/tests/pytest_extension/doc/test_doc_fixture_graph_union_normal.py" line="29" name="test_2[ie=1-ia=0-i2=x]" time="0.0020072460174560547"></testcase><testcase classname="pytest_cases.tests.pytest_extension.doc.test_doc_fixture_graph_union_normal" file="pytest_cases/tests/pytest_extension/doc/test_doc_fixture_graph_union_normal.py" line="29" name="test_2[ie=1-ia=0-i2=z]" time="0.0010256767272949219"></testcase><testcase classname="pytest_cases.tests.pytest_extension.doc.test_doc_fixture_graph_union_normal" file="pytest_cases/tests/pytest_extension/doc/test_doc_fixture_graph_union_normal.py" line="29" name="test_2[ie=1-ia=1-i2=x]" time="0.0010135173797607422"></testcase><testcase classname="pytest_cases.tests.pytest_extension.doc.test_doc_fixture_graph_union_normal" file="pytest_cases/tests/pytest_extension/doc/test_doc_fixture_graph_union_normal.py" line="29" name="test_2[ie=1-ia=1-i2=z]" time="0.0010187625885009766"></testcase><testcase classname="pytest_cases.tests.pytest_extension.doc.test_doc_fixture_graph_union_normal" file="pytest_cases/tests/pytest_extension/doc/test_doc_fixture_graph_union_normal.py" line="40" name="test_1[ie=-1-ia=0-ib=x]" time="0.0013010501861572266"></testcase><testcase classname="pytest_cases.tests.pytest_extension.doc.test_doc_fixture_graph_union_normal" file="pytest_cases/tests/pytest_extension/doc/test_doc_fixture_graph_union_normal.py" line="40" name="test_1[ie=-1-ia=0-ib=z]" time="0.0010323524475097656"></testcase><testcase classname="pytest_cases.tests.pytest_extension.doc.test_doc_fixture_graph_union_normal" file="pytest_cases/tests/pytest_extension/doc/test_doc_fixture_graph_union_normal.py" line="40" name="test_1[ie=-1-ia=1-ib=x]" time="0.0010523796081542969"></testcase><testcase classname="pytest_cases.tests.pytest_extension.doc.test_doc_fixture_graph_union_normal" file="pytest_cases/tests/pytest_extension/doc/test_doc_fixture_graph_union_normal.py" line="40" name="test_1[ie=-1-ia=1-ib=z]" time="0.0022537708282470703"></testcase><testcase classname="pytest_cases.tests.pytest_extension.doc.test_doc_fixture_graph_union_normal" file="pytest_cases/tests/pytest_extension/doc/test_doc_fixture_graph_union_normal.py" line="40" name="test_1[ie=1-ia=0-ib=x]" time="0.0006022453308105469"></testcase><testcase classname="pytest_cases.tests.pytest_extension.doc.test_doc_fixture_graph_union_normal" file="pytest_cases/tests/pytest_extension/doc/test_doc_fixture_graph_union_normal.py" line="40" name="test_1[ie=1-ia=0-ib=z]" time="0.0018641948699951172"></testcase><testcase classname="pytest_cases.tests.pytest_extension.doc.test_doc_fixture_graph_union_normal" file="pytest_cases/tests/pytest_extension/doc/test_doc_fixture_graph_union_normal.py" line="40" name="test_1[ie=1-ia=1-ib=x]" time="0.0011324882507324219"></testcase><testcase classname="pytest_cases.tests.pytest_extension.doc.test_doc_fixture_graph_union_normal" file="pytest_cases/tests/pytest_extension/doc/test_doc_fixture_graph_union_normal.py" line="40" name="test_1[ie=1-ia=1-ib=z]" time="0.0010290145874023438"></testcase><testcase classname="pytest_cases.tests.pytest_extension.doc.test_doc_fixture_graph_union_normal" file="pytest_cases/tests/pytest_extension/doc/test_doc_fixture_graph_union_normal.py" line="46" name="test_synthesis_1[-1]" time="0.006263256072998047"></testcase><testcase classname="pytest_cases.tests.pytest_extension.doc.test_doc_fixture_graph_union_union" file="pytest_cases/tests/pytest_extension/doc/test_doc_fixture_graph_union_union.py" line="29" name="test_2[ie=-1-ia=0-i2=x]" time="0.00116729736328125"></testcase><testcase classname="pytest_cases.tests.pytest_extension.doc.test_doc_fixture_graph_union_union" file="pytest_cases/tests/pytest_extension/doc/test_doc_fixture_graph_union_union.py" line="29" name="test_2[ie=-1-ia=0-i2=z]" time="0.0010783672332763672"></testcase><testcase classname="pytest_cases.tests.pytest_extension.doc.test_doc_fixture_graph_union_union" file="pytest_cases/tests/pytest_extension/doc/test_doc_fixture_graph_union_union.py" line="29" name="test_2[ie=-1-ia=1-i2=x]" time="0.0010347366333007812"></testcase><testcase classname="pytest_cases.tests.pytest_extension.doc.test_doc_fixture_graph_union_union" file="pytest_cases/tests/pytest_extension/doc/test_doc_fixture_graph_union_union.py" line="29" name="test_2[ie=-1-ia=1-i2=z]" time="0.001028299331665039"></testcase><testcase classname="pytest_cases.tests.pytest_extension.doc.test_doc_fixture_graph_union_union" file="pytest_cases/tests/pytest_extension/doc/test_doc_fixture_graph_union_union.py" line="29" name="test_2[ie=1-ia=0-i2=x]" time="0.0013298988342285156"></testcase><testcase classname="pytest_cases.tests.pytest_extension.doc.test_doc_fixture_graph_union_union" file="pytest_cases/tests/pytest_extension/doc/test_doc_fixture_graph_union_union.py" line="29" name="test_2[ie=1-ia=0-i2=z]" time="0.0010180473327636719"></testcase><testcase classname="pytest_cases.tests.pytest_extension.doc.test_doc_fixture_graph_union_union" file="pytest_cases/tests/pytest_extension/doc/test_doc_fixture_graph_union_union.py" line="29" name="test_2[ie=1-ia=1-i2=x]" time="0.0009920597076416016"></testcase><testcase classname="pytest_cases.tests.pytest_extension.doc.test_doc_fixture_graph_union_union" file="pytest_cases/tests/pytest_extension/doc/test_doc_fixture_graph_union_union.py" line="29" name="test_2[ie=1-ia=1-i2=z]" time="0.0010395050048828125"></testcase><testcase classname="pytest_cases.tests.pytest_extension.doc.test_doc_fixture_graph_union_union" file="pytest_cases/tests/pytest_extension/doc/test_doc_fixture_graph_union_union.py" line="50" name="test_1[ie=-1-u/a-ia=0]" time="0.0016193389892578125"></testcase><testcase classname="pytest_cases.tests.pytest_extension.doc.test_doc_fixture_graph_union_union" file="pytest_cases/tests/pytest_extension/doc/test_doc_fixture_graph_union_union.py" line="50" name="test_1[ie=-1-u/a-ia=1]" time="0.0012769699096679688"></testcase><testcase classname="pytest_cases.tests.pytest_extension.doc.test_doc_fixture_graph_union_union" file="pytest_cases/tests/pytest_extension/doc/test_doc_fixture_graph_union_union.py" line="50" name="test_1[ie=-1-u/b-ib=x-ub/a-ia=0]" time="0.0013222694396972656"></testcase><testcase classname="pytest_cases.tests.pytest_extension.doc.test_doc_fixture_graph_union_union" file="pytest_cases/tests/pytest_extension/doc/test_doc_fixture_graph_union_union.py" line="50" name="test_1[ie=-1-u/b-ib=x-ub/a-ia=1]" time="0.0013353824615478516"></testcase><testcase classname="pytest_cases.tests.pytest_extension.doc.test_doc_fixture_graph_union_union" file="pytest_cases/tests/pytest_extension/doc/test_doc_fixture_graph_union_union.py" line="50" name="test_1[ie=-1-u/b-ib=x-ub/c]" time="0.0013194084167480469"></testcase><testcase classname="pytest_cases.tests.pytest_extension.doc.test_doc_fixture_graph_union_union" file="pytest_cases/tests/pytest_extension/doc/test_doc_fixture_graph_union_union.py" line="50" name="test_1[ie=-1-u/b-ib=z-ub/a-ia=0]" time="0.0012772083282470703"></testcase><testcase classname="pytest_cases.tests.pytest_extension.doc.test_doc_fixture_graph_union_union" file="pytest_cases/tests/pytest_extension/doc/test_doc_fixture_graph_union_union.py" line="50" name="test_1[ie=-1-u/b-ib=z-ub/a-ia=1]" time="0.0012617111206054688"></testcase><testcase classname="pytest_cases.tests.pytest_extension.doc.test_doc_fixture_graph_union_union" file="pytest_cases/tests/pytest_extension/doc/test_doc_fixture_graph_union_union.py" line="50" name="test_1[ie=-1-u/b-ib=z-ub/c]" time="0.0013916492462158203"></testcase><testcase classname="pytest_cases.tests.pytest_extension.doc.test_doc_fixture_graph_union_union" file="pytest_cases/tests/pytest_extension/doc/test_doc_fixture_graph_union_union.py" line="50" name="test_1[ie=1-u/a-ia=0]" time="0.0016155242919921875"></testcase><testcase classname="pytest_cases.tests.pytest_extension.doc.test_doc_fixture_graph_union_union" file="pytest_cases/tests/pytest_extension/doc/test_doc_fixture_graph_union_union.py" line="50" name="test_1[ie=1-u/a-ia=1]" time="0.0012173652648925781"></testcase><testcase classname="pytest_cases.tests.pytest_extension.doc.test_doc_fixture_graph_union_union" file="pytest_cases/tests/pytest_extension/doc/test_doc_fixture_graph_union_union.py" line="50" name="test_1[ie=1-u/b-ib=x-ub/a-ia=0]" time="0.0012667179107666016"></testcase><testcase classname="pytest_cases.tests.pytest_extension.doc.test_doc_fixture_graph_union_union" file="pytest_cases/tests/pytest_extension/doc/test_doc_fixture_graph_union_union.py" line="50" name="test_1[ie=1-u/b-ib=x-ub/a-ia=1]" time="0.0012481212615966797"></testcase><testcase classname="pytest_cases.tests.pytest_extension.doc.test_doc_fixture_graph_union_union" file="pytest_cases/tests/pytest_extension/doc/test_doc_fixture_graph_union_union.py" line="50" name="test_1[ie=1-u/b-ib=x-ub/c]" time="0.0012178421020507812"></testcase><testcase classname="pytest_cases.tests.pytest_extension.doc.test_doc_fixture_graph_union_union" file="pytest_cases/tests/pytest_extension/doc/test_doc_fixture_graph_union_union.py" line="50" name="test_1[ie=1-u/b-ib=z-ub/a-ia=0]" time="0.0012888908386230469"></testcase><testcase classname="pytest_cases.tests.pytest_extension.doc.test_doc_fixture_graph_union_union" file="pytest_cases/tests/pytest_extension/doc/test_doc_fixture_graph_union_union.py" line="50" name="test_1[ie=1-u/b-ib=z-ub/a-ia=1]" time="0.0012519359588623047"></testcase><testcase classname="pytest_cases.tests.pytest_extension.doc.test_doc_fixture_graph_union_union" file="pytest_cases/tests/pytest_extension/doc/test_doc_fixture_graph_union_union.py" line="50" name="test_1[ie=1-u/b-ib=z-ub/c]" time="0.001260519027709961"></testcase><testcase classname="pytest_cases.tests.pytest_extension.doc.test_doc_fixture_graph_union_union" file="pytest_cases/tests/pytest_extension/doc/test_doc_fixture_graph_union_union.py" line="54" name="test_synthesis_1[-1]" time="0.00760960578918457"></testcase><testcase classname="pytest_cases.tests.pytest_extension.doc.test_doc_parametrize" file="pytest_cases/tests/pytest_extension/doc/test_doc_parametrize.py" line="24" name="test_prints[nothing-?]" time="0.0014481544494628906"><system-out>nothing?
</system-out></testcase><testcase classname="pytest_cases.tests.pytest_extension.doc.test_doc_parametrize" file="pytest_cases/tests/pytest_extension/doc/test_doc_parametrize.py" line="24" name="test_prints[nothing-!]" time="0.001299142837524414"><system-out>nothing!
</system-out></testcase><testcase classname="pytest_cases.tests.pytest_extension.doc.test_doc_parametrize" file="pytest_cases/tests/pytest_extension/doc/test_doc_parametrize.py" line="24" name="test_prints[world_str-?]" time="0.0012638568878173828"><system-out>world?
</system-out></testcase><testcase classname="pytest_cases.tests.pytest_extension.doc.test_doc_parametrize" file="pytest_cases/tests/pytest_extension/doc/test_doc_parametrize.py" line="24" name="test_prints[world_str-!]" time="0.0015971660614013672"><system-out>world!
</system-out></testcase><testcase classname="pytest_cases.tests.pytest_extension.doc.test_doc_parametrize" file="pytest_cases/tests/pytest_extension/doc/test_doc_parametrize.py" line="24" name="test_prints[whatfun-?]" time="0.001291036605834961"><system-out>what?
</system-out></testcase><testcase classname="pytest_cases.tests.pytest_extension.doc.test_doc_parametrize" file="pytest_cases/tests/pytest_extension/doc/test_doc_parametrize.py" line="24" name="test_prints[whatfun-!]" time="0.0012753009796142578"><system-out>what!
</system-out></testcase><testcase classname="pytest_cases.tests.pytest_extension.doc.test_doc_parametrize" file="pytest_cases/tests/pytest_extension/doc/test_doc_parametrize.py" line="24" name="test_prints[1-?]" time="0.001300811767578125"><system-out>1?
</system-out></testcase><testcase classname="pytest_cases.tests.pytest_extension.doc.test_doc_parametrize" file="pytest_cases/tests/pytest_extension/doc/test_doc_parametrize.py" line="24" name="test_prints[1-!]" time="0.0015902519226074219"><system-out>1!
</system-out></testcase><testcase classname="pytest_cases.tests.pytest_extension.doc.test_doc_parametrize" file="pytest_cases/tests/pytest_extension/doc/test_doc_parametrize.py" line="24" name="test_prints[greetings-world_str-?]" time="0.0013043880462646484"><system-out>hello world?
</system-out></testcase><testcase classname="pytest_cases.tests.pytest_extension.doc.test_doc_parametrize" file="pytest_cases/tests/pytest_extension/doc/test_doc_parametrize.py" line="24" name="test_prints[greetings-world_str-!]" time="0.0012784004211425781"><system-out>hello world!
</system-out></testcase><testcase classname="pytest_cases.tests.pytest_extension.doc.test_doc_parametrize" file="pytest_cases/tests/pytest_extension/doc/test_doc_parametrize.py" line="24" name="test_prints[greetings-you-?]" time="0.0023088455200195312"><system-out>hello you?
</system-out></testcase><testcase classname="pytest_cases.tests.pytest_extension.doc.test_doc_parametrize" file="pytest_cases/tests/pytest_extension/doc/test_doc_parametrize.py" line="24" name="test_prints[greetings-you-!]" time="0.0012853145599365234"><system-out>hello you!
</system-out></testcase><testcase classname="pytest_cases.tests.pytest_extension.doc.test_doc_parametrize" file="pytest_cases/tests/pytest_extension/doc/test_doc_parametrize.py" line="34" name="test_synthesis" time="0.006123065948486328"></testcase><testcase classname="pytest_cases.tests.pytest_extension.doc.test_doc_parametrize_customids" file="pytest_cases/tests/pytest_extension/doc/test_doc_parametrize_customids.py" line="24" name="test_prints[main_msg/nothing-?]" time="0.0013835430145263672"><system-out>nothing?
</system-out></testcase><testcase classname="pytest_cases.tests.pytest_extension.doc.test_doc_parametrize_customids" file="pytest_cases/tests/pytest_extension/doc/test_doc_parametrize_customids.py" line="24" name="test_prints[main_msg/nothing-!]" time="0.0009899139404296875"><system-out>nothing!
</system-out></testcase><testcase classname="pytest_cases.tests.pytest_extension.doc.test_doc_parametrize_customids" file="pytest_cases/tests/pytest_extension/doc/test_doc_parametrize_customids.py" line="24" name="test_prints[main_msg/world_str-?]" time="0.0007135868072509766"><system-out>world?
</system-out></testcase><testcase classname="pytest_cases.tests.pytest_extension.doc.test_doc_parametrize_customids" file="pytest_cases/tests/pytest_extension/doc/test_doc_parametrize_customids.py" line="24" name="test_prints[main_msg/world_str-!]" time="0.012542009353637695"><system-out>world!
</system-out></testcase><testcase classname="pytest_cases.tests.pytest_extension.doc.test_doc_parametrize_customids" file="pytest_cases/tests/pytest_extension/doc/test_doc_parametrize_customids.py" line="24" name="test_prints[main_msg/P2:4-whatfun-?]" time="0.010622262954711914"><system-out>what?
</system-out></testcase><testcase classname="pytest_cases.tests.pytest_extension.doc.test_doc_parametrize_customids" file="pytest_cases/tests/pytest_extension/doc/test_doc_parametrize_customids.py" line="24" name="test_prints[main_msg/P2:4-whatfun-!]" time="0.010173559188842773"><system-out>what!
</system-out></testcase><testcase classname="pytest_cases.tests.pytest_extension.doc.test_doc_parametrize_customids" file="pytest_cases/tests/pytest_extension/doc/test_doc_parametrize_customids.py" line="24" name="test_prints[main_msg/P2:4-1-?]" time="0.001444101333618164"><system-out>1?
</system-out></testcase><testcase classname="pytest_cases.tests.pytest_extension.doc.test_doc_parametrize_customids" file="pytest_cases/tests/pytest_extension/doc/test_doc_parametrize_customids.py" line="24" name="test_prints[main_msg/P2:4-1-!]" time="0.0022656917572021484"><system-out>1!
</system-out></testcase><testcase classname="pytest_cases.tests.pytest_extension.doc.test_doc_parametrize_customids" file="pytest_cases/tests/pytest_extension/doc/test_doc_parametrize_customids.py" line="24" name="test_prints[main_msg/greetings-world_str-?]" time="0.0013246536254882812"><system-out>hello world?
</system-out></testcase><testcase classname="pytest_cases.tests.pytest_extension.doc.test_doc_parametrize_customids" file="pytest_cases/tests/pytest_extension/doc/test_doc_parametrize_customids.py" line="24" name="test_prints[main_msg/greetings-world_str-!]" time="0.004210710525512695"><system-out>hello world!
</system-out></testcase><testcase classname="pytest_cases.tests.pytest_extension.doc.test_doc_parametrize_customids" file="pytest_cases/tests/pytest_extension/doc/test_doc_parametrize_customids.py" line="24" name="test_prints[main_msg/greetings-you-?]" time="0.003919124603271484"><system-out>hello you?
</system-out></testcase><testcase classname="pytest_cases.tests.pytest_extension.doc.test_doc_parametrize_customids" file="pytest_cases/tests/pytest_extension/doc/test_doc_parametrize_customids.py" line="24" name="test_prints[main_msg/greetings-you-!]" time="0.0028841495513916016"><system-out>hello you!
</system-out></testcase><testcase classname="pytest_cases.tests.pytest_extension.fixtures.test_hook" file="pytest_cases/tests/pytest_extension/fixtures/test_hook.py" line="32" name="test_a[u-/o-3-4]" time="0.0026285648345947266"></testcase><testcase classname="pytest_cases.tests.pytest_extension.fixtures.test_hook" file="pytest_cases/tests/pytest_extension/fixtures/test_hook.py" line="32" name="test_a[u-/p-3-4]" time="0.0023431777954101562"></testcase><testcase classname="pytest_cases.tests.pytest_extension.fixtures.test_hook" file="pytest_cases/tests/pytest_extension/fixtures/test_hook.py" line="32" name="test_a[p1-1-3-4]" time="0.0022895336151123047"></testcase><testcase classname="pytest_cases.tests.pytest_extension.fixtures.test_hook" file="pytest_cases/tests/pytest_extension/fixtures/test_hook.py" line="32" name="test_a[p1-2-3-4]" time="0.0022208690643310547"></testcase><testcase classname="pytest_cases.tests.pytest_extension.fixtures.test_hook" file="pytest_cases/tests/pytest_extension/fixtures/test_hook.py" line="38" name="test_synthesis" time="0.004314422607421875"></testcase><testcase classname="pytest_cases.tests.pytest_extension.fixtures.test_issue_github_54" file="pytest_cases/tests/pytest_extension/fixtures/test_issue_github_54.py" line="15" name="test_invalid_argvalues" time="0.0011563301086425781"></testcase><testcase classname="pytest_cases.tests.pytest_extension.fixtures.test_so3" file="pytest_cases/tests/pytest_extension/fixtures/test_so3.py" line="12" name="test_stuff" time="0.0013432502746582031"></testcase><testcase classname="pytest_cases.tests.pytest_extension.fixtures.fixture_plus_and_others.test_fixture_unpacking" file="pytest_cases/tests/pytest_extension/fixtures/fixture_plus_and_others/test_fixture_unpacking.py" line="17" name="test_function[hello]" time="0.0015778541564941406"></testcase><testcase classname="pytest_cases.tests.pytest_extension.fixtures.fixture_plus_and_others.test_fixture_unpacking" file="pytest_cases/tests/pytest_extension/fixtures/fixture_plus_and_others/test_fixture_unpacking.py" line="17" name="test_function[world]" time="0.0015478134155273438"></testcase><testcase classname="pytest_cases.tests.pytest_extension.fixtures.fixture_plus_and_others.test_fixture_unpacking" file="pytest_cases/tests/pytest_extension/fixtures/fixture_plus_and_others/test_fixture_unpacking.py" line="21" name="test_synthesis" time="0.005185365676879883"></testcase><testcase classname="pytest_cases.tests.pytest_extension.fixtures.fixture_plus_and_others.test_fixture_unpacking2" file="pytest_cases/tests/pytest_extension/fixtures/fixture_plus_and_others/test_fixture_unpacking2.py" line="14" name="test_function[hello]" time="0.0017325878143310547"></testcase><testcase classname="pytest_cases.tests.pytest_extension.fixtures.fixture_plus_and_others.test_fixture_unpacking2" file="pytest_cases/tests/pytest_extension/fixtures/fixture_plus_and_others/test_fixture_unpacking2.py" line="14" name="test_function[world]" time="0.0016431808471679688"></testcase><testcase classname="pytest_cases.tests.pytest_extension.fixtures.fixture_plus_and_others.test_fixture_unpacking2" file="pytest_cases/tests/pytest_extension/fixtures/fixture_plus_and_others/test_fixture_unpacking2.py" line="28" name="test_function2[/root1-hello]" time="0.0022051334381103516"></testcase><testcase classname="pytest_cases.tests.pytest_extension.fixtures.fixture_plus_and_others.test_fixture_unpacking2" file="pytest_cases/tests/pytest_extension/fixtures/fixture_plus_and_others/test_fixture_unpacking2.py" line="28" name="test_function2[/root1-world]" time="0.0027229785919189453"></testcase><testcase classname="pytest_cases.tests.pytest_extension.fixtures.fixture_plus_and_others.test_fixture_unpacking2" file="pytest_cases/tests/pytest_extension/fixtures/fixture_plus_and_others/test_fixture_unpacking2.py" line="28" name="test_function2[/root2-yeepee]" time="0.0018672943115234375"></testcase><testcase classname="pytest_cases.tests.pytest_extension.fixtures.fixture_plus_and_others.test_fixture_unpacking2" file="pytest_cases/tests/pytest_extension/fixtures/fixture_plus_and_others/test_fixture_unpacking2.py" line="28" name="test_function2[/root2-yay]" time="0.0023860931396484375"></testcase><testcase classname="pytest_cases.tests.pytest_extension.fixtures.fixture_plus_and_others.test_fixture_unpacking2" file="pytest_cases/tests/pytest_extension/fixtures/fixture_plus_and_others/test_fixture_unpacking2.py" line="33" name="test_synthesis" time="0.005115509033203125"></testcase><testcase classname="pytest_cases.tests.pytest_extension.fixtures.fixture_plus_and_others.test_fixtures_parametrize" file="pytest_cases/tests/pytest_extension/fixtures/fixture_plus_and_others/test_fixtures_parametrize.py" line="18" name="test_one[one-one]" time="0.0022895336151123047"><system-out>(&apos;one&apos;, &apos;one&apos;)
</system-out></testcase><testcase classname="pytest_cases.tests.pytest_extension.fixtures.fixture_plus_and_others.test_fixtures_parametrize" file="pytest_cases/tests/pytest_extension/fixtures/fixture_plus_and_others/test_fixtures_parametrize.py" line="18" name="test_one[one-two]" time="0.0013859272003173828"><system-out>(&apos;two&apos;, &apos;one&apos;)
</system-out></testcase><testcase classname="pytest_cases.tests.pytest_extension.fixtures.fixture_plus_and_others.test_fixtures_parametrize" file="pytest_cases/tests/pytest_extension/fixtures/fixture_plus_and_others/test_fixtures_parametrize.py" line="18" name="test_one[two-one]" time="0.0015110969543457031"><system-out>(&apos;one&apos;, &apos;two&apos;)
</system-out></testcase><testcase classname="pytest_cases.tests.pytest_extension.fixtures.fixture_plus_and_others.test_fixtures_parametrize" file="pytest_cases/tests/pytest_extension/fixtures/fixture_plus_and_others/test_fixtures_parametrize.py" line="18" name="test_one[two-two]" time="0.0014224052429199219"><system-out>(&apos;two&apos;, &apos;two&apos;)
</system-out></testcase><testcase classname="pytest_cases.tests.pytest_extension.fixtures.fixture_plus_and_others.test_fixtures_parametrize" file="pytest_cases/tests/pytest_extension/fixtures/fixture_plus_and_others/test_fixtures_parametrize.py" line="24" name="test_synthesis" time="0.004838705062866211"></testcase><testcase classname="pytest_cases.tests.pytest_extension.fixtures.fixture_plus_and_others.test_fixtures_parametrize" file="pytest_cases/tests/pytest_extension/fixtures/fixture_plus_and_others/test_fixtures_parametrize.py" line="40" name="test_warning_pytest2" time="0.0022983551025390625"></testcase><testcase classname="pytest_cases.tests.pytest_extension.fixtures.fixture_plus_and_others.test_fixtures_parametrize_stereo" file="pytest_cases/tests/pytest_extension/fixtures/fixture_plus_and_others/test_fixtures_parametrize_stereo.py" line="59" name="test_stereo_two_parametrizers[list-stereo 1.wav]" time="0.001325845718383789"></testcase><testcase classname="pytest_cases.tests.pytest_extension.fixtures.fixture_plus_and_others.test_fixtures_parametrize_stereo" file="pytest_cases/tests/pytest_extension/fixtures/fixture_plus_and_others/test_fixtures_parametrize_stereo.py" line="59" name="test_stereo_two_parametrizers[list-stereo 2.wav]" time="0.0013573169708251953"></testcase><testcase classname="pytest_cases.tests.pytest_extension.fixtures.fixture_plus_and_others.test_fixtures_parametrize_stereo" file="pytest_cases/tests/pytest_extension/fixtures/fixture_plus_and_others/test_fixtures_parametrize_stereo.py" line="59" name="test_stereo_two_parametrizers[dict-stereo 1.wav]" time="0.0014297962188720703"></testcase><testcase classname="pytest_cases.tests.pytest_extension.fixtures.fixture_plus_and_others.test_fixtures_parametrize_stereo" file="pytest_cases/tests/pytest_extension/fixtures/fixture_plus_and_others/test_fixtures_parametrize_stereo.py" line="59" name="test_stereo_two_parametrizers[dict-stereo 2.wav]" time="0.0015912055969238281"></testcase><testcase classname="pytest_cases.tests.pytest_extension.fixtures.fixture_plus_and_others.test_fixtures_parametrize_stereo" file="pytest_cases/tests/pytest_extension/fixtures/fixture_plus_and_others/test_fixtures_parametrize_stereo.py" line="72" name="test_reference_test[list-stereo 1.wav]" time="0.0011856555938720703"><skipped message="with old versions of pytest pytest-cases cannot fix the parametrization order." type="pytest.skip">pytest_cases/tests/pytest_extension/fixtures/fixture_plus_and_others/test_fixtures_parametrize_stereo.py:72: &lt;py._xmlgen.raw object at 0x7fcaca9a8cc0&gt;</skipped></testcase><testcase classname="pytest_cases.tests.pytest_extension.fixtures.fixture_plus_and_others.test_fixtures_parametrize_stereo" file="pytest_cases/tests/pytest_extension/fixtures/fixture_plus_and_others/test_fixtures_parametrize_stereo.py" line="72" name="test_reference_test[list-stereo 2.wav]" time="0.0006721019744873047"><skipped message="with old versions of pytest pytest-cases cannot fix the parametrization order." type="pytest.skip">pytest_cases/tests/pytest_extension/fixtures/fixture_plus_and_others/test_fixtures_parametrize_stereo.py:72: &lt;py._xmlgen.raw object at 0x7fcacadffeb8&gt;</skipped></testcase><testcase classname="pytest_cases.tests.pytest_extension.fixtures.fixture_plus_and_others.test_fixtures_parametrize_stereo" file="pytest_cases/tests/pytest_extension/fixtures/fixture_plus_and_others/test_fixtures_parametrize_stereo.py" line="72" name="test_reference_test[dict-stereo 1.wav]" time="0.0006139278411865234"><skipped message="with old versions of pytest pytest-cases cannot fix the parametrization order." type="pytest.skip">pytest_cases/tests/pytest_extension/fixtures/fixture_plus_and_others/test_fixtures_parametrize_stereo.py:72: &lt;py._xmlgen.raw object at 0x7fcaca9aceb8&gt;</skipped></testcase><testcase classname="pytest_cases.tests.pytest_extension.fixtures.fixture_plus_and_others.test_fixtures_parametrize_stereo" file="pytest_cases/tests/pytest_extension/fixtures/fixture_plus_and_others/test_fixtures_parametrize_stereo.py" line="72" name="test_reference_test[dict-stereo 2.wav]" time="0.0007104873657226562"><skipped message="with old versions of pytest pytest-cases cannot fix the parametrization order." type="pytest.skip">pytest_cases/tests/pytest_extension/fixtures/fixture_plus_and_others/test_fixtures_parametrize_stereo.py:72: &lt;py._xmlgen.raw object at 0x7fcaca9b4a58&gt;</skipped></testcase><testcase classname="pytest_cases.tests.pytest_extension.fixtures.fixture_plus_and_others.test_fixtures_parametrize_stereo" file="pytest_cases/tests/pytest_extension/fixtures/fixture_plus_and_others/test_fixtures_parametrize_stereo.py" line="109" name="test_stereo_one_global_parametrizer[list-stereo 1.wav]" time="0.0017621517181396484"></testcase><testcase classname="pytest_cases.tests.pytest_extension.fixtures.fixture_plus_and_others.test_fixtures_parametrize_stereo" file="pytest_cases/tests/pytest_extension/fixtures/fixture_plus_and_others/test_fixtures_parametrize_stereo.py" line="109" name="test_stereo_one_global_parametrizer[list-stereo 2.wav]" time="0.0016207695007324219"></testcase><testcase classname="pytest_cases.tests.pytest_extension.fixtures.fixture_plus_and_others.test_fixtures_parametrize_stereo" file="pytest_cases/tests/pytest_extension/fixtures/fixture_plus_and_others/test_fixtures_parametrize_stereo.py" line="109" name="test_stereo_one_global_parametrizer[dict-stereo 1.wav]" time="0.0016374588012695312"></testcase><testcase classname="pytest_cases.tests.pytest_extension.fixtures.fixture_plus_and_others.test_fixtures_parametrize_stereo" file="pytest_cases/tests/pytest_extension/fixtures/fixture_plus_and_others/test_fixtures_parametrize_stereo.py" line="109" name="test_stereo_one_global_parametrizer[dict-stereo 2.wav]" time="0.0017538070678710938"></testcase><testcase classname="pytest_cases.tests.pytest_extension.fixtures.fixture_plus_and_others.test_fixtures_paramfixtures" file="pytest_cases/tests/pytest_extension/fixtures/fixture_plus_and_others/test_fixtures_paramfixtures.py" line="28" name="test_uses_param[1-3]" time="0.0017993450164794922"></testcase><testcase classname="pytest_cases.tests.pytest_extension.fixtures.fixture_plus_and_others.test_fixtures_paramfixtures" file="pytest_cases/tests/pytest_extension/fixtures/fixture_plus_and_others/test_fixtures_paramfixtures.py" line="28" name="test_uses_param[1-4]" time="0.004048347473144531"></testcase><testcase classname="pytest_cases.tests.pytest_extension.fixtures.fixture_plus_and_others.test_fixtures_paramfixtures" file="pytest_cases/tests/pytest_extension/fixtures/fixture_plus_and_others/test_fixtures_paramfixtures.py" line="28" name="test_uses_param[2-3]" time="0.0015528202056884766"></testcase><testcase classname="pytest_cases.tests.pytest_extension.fixtures.fixture_plus_and_others.test_fixtures_paramfixtures" file="pytest_cases/tests/pytest_extension/fixtures/fixture_plus_and_others/test_fixtures_paramfixtures.py" line="28" name="test_uses_param[2-4]" time="0.0013985633850097656"></testcase><testcase classname="pytest_cases.tests.pytest_extension.fixtures.fixture_plus_and_others.test_fixtures_paramfixtures" file="pytest_cases/tests/pytest_extension/fixtures/fixture_plus_and_others/test_fixtures_paramfixtures.py" line="46" name="test_uses_param2[1-2-5]" time="0.002282857894897461"></testcase><testcase classname="pytest_cases.tests.pytest_extension.fixtures.fixture_plus_and_others.test_fixtures_paramfixtures" file="pytest_cases/tests/pytest_extension/fixtures/fixture_plus_and_others/test_fixtures_paramfixtures.py" line="46" name="test_uses_param2[1-2-6]" time="0.0020799636840820312"></testcase><testcase classname="pytest_cases.tests.pytest_extension.fixtures.fixture_plus_and_others.test_fixtures_paramfixtures" file="pytest_cases/tests/pytest_extension/fixtures/fixture_plus_and_others/test_fixtures_paramfixtures.py" line="46" name="test_uses_param2[3-4-5]" time="0.0027518272399902344"></testcase><testcase classname="pytest_cases.tests.pytest_extension.fixtures.fixture_plus_and_others.test_fixtures_paramfixtures" file="pytest_cases/tests/pytest_extension/fixtures/fixture_plus_and_others/test_fixtures_paramfixtures.py" line="46" name="test_uses_param2[3-4-6]" time="0.0019936561584472656"></testcase><testcase classname="pytest_cases.tests.pytest_extension.fixtures.fixture_plus_and_others.test_fixtures_paramfixtures" file="pytest_cases/tests/pytest_extension/fixtures/fixture_plus_and_others/test_fixtures_paramfixtures.py" line="68" name="test_custom_parameters[1-2-a-b-10-20]" time="0.0024111270904541016"></testcase><testcase classname="pytest_cases.tests.pytest_extension.fixtures.fixture_plus_and_others.test_fixtures_paramfixtures" file="pytest_cases/tests/pytest_extension/fixtures/fixture_plus_and_others/test_fixtures_paramfixtures.py" line="68" name="test_custom_parameters[1-2-a-b-30-40]" time="0.0025663375854492188"></testcase><testcase classname="pytest_cases.tests.pytest_extension.fixtures.fixture_plus_and_others.test_fixtures_paramfixtures" file="pytest_cases/tests/pytest_extension/fixtures/fixture_plus_and_others/test_fixtures_paramfixtures.py" line="68" name="test_custom_parameters[1-2-c-d-10-20]" time="0.003184080123901367"></testcase><testcase classname="pytest_cases.tests.pytest_extension.fixtures.fixture_plus_and_others.test_fixtures_paramfixtures" file="pytest_cases/tests/pytest_extension/fixtures/fixture_plus_and_others/test_fixtures_paramfixtures.py" line="68" name="test_custom_parameters[1-2-c-d-30-40]" time="0.0023810863494873047"></testcase><testcase classname="pytest_cases.tests.pytest_extension.fixtures.fixture_plus_and_others.test_fixtures_paramfixtures" file="pytest_cases/tests/pytest_extension/fixtures/fixture_plus_and_others/test_fixtures_paramfixtures.py" line="68" name="test_custom_parameters[3-4-a-b-10-20]" time="0.002629995346069336"></testcase><testcase classname="pytest_cases.tests.pytest_extension.fixtures.fixture_plus_and_others.test_fixtures_paramfixtures" file="pytest_cases/tests/pytest_extension/fixtures/fixture_plus_and_others/test_fixtures_paramfixtures.py" line="68" name="test_custom_parameters[3-4-a-b-30-40]" time="0.0024209022521972656"></testcase><testcase classname="pytest_cases.tests.pytest_extension.fixtures.fixture_plus_and_others.test_fixtures_paramfixtures" file="pytest_cases/tests/pytest_extension/fixtures/fixture_plus_and_others/test_fixtures_paramfixtures.py" line="68" name="test_custom_parameters[3-4-c-d-10-20]" time="0.0029315948486328125"></testcase><testcase classname="pytest_cases.tests.pytest_extension.fixtures.fixture_plus_and_others.test_fixtures_paramfixtures" file="pytest_cases/tests/pytest_extension/fixtures/fixture_plus_and_others/test_fixtures_paramfixtures.py" line="68" name="test_custom_parameters[3-4-c-d-30-40]" time="0.0022287368774414062"></testcase><testcase classname="pytest_cases.tests.pytest_extension.fixtures.fixture_plus_and_others.test_fixtures_paramfixtures" file="pytest_cases/tests/pytest_extension/fixtures/fixture_plus_and_others/test_fixtures_paramfixtures.py" line="87" name="test_synthesis" time="0.005298137664794922"></testcase><testcase classname="pytest_cases.tests.pytest_extension.fixtures.fixture_plus_and_others.test_skip_on_paramz_fixture" file="pytest_cases/tests/pytest_extension/fixtures/fixture_plus_and_others/test_skip_on_paramz_fixture.py" line="6" name="test_foo_simple_param[0]" time="0.0010411739349365234"></testcase><testcase classname="pytest_cases.tests.pytest_extension.fixtures.fixture_plus_and_others.test_skip_on_paramz_fixture" file="pytest_cases/tests/pytest_extension/fixtures/fixture_plus_and_others/test_skip_on_paramz_fixture.py" line="6" name="test_foo_simple_param[1]" time="0.0005853176116943359"><skipped message="unconditional skip" type="pytest.skip">pytest_cases/tests/pytest_extension/fixtures/fixture_plus_and_others/test_skip_on_paramz_fixture.py:6: &lt;py._xmlgen.raw object at 0x7fcaca942a90&gt;</skipped></testcase><testcase classname="pytest_cases.tests.pytest_extension.fixtures.fixture_plus_and_others.test_skip_on_paramz_fixture" file="pytest_cases/tests/pytest_extension/fixtures/fixture_plus_and_others/test_skip_on_paramz_fixture.py" line="16" name="test_foo2_paramfix[0]" time="0.0011968612670898438"></testcase><testcase classname="pytest_cases.tests.pytest_extension.fixtures.fixture_plus_and_others.test_skip_on_paramz_fixture" file="pytest_cases/tests/pytest_extension/fixtures/fixture_plus_and_others/test_skip_on_paramz_fixture.py" line="16" name="test_foo2_paramfix[1]" time="0.0004115104675292969"><skipped message="unconditional skip" type="pytest.skip">pytest_cases/tests/pytest_extension/fixtures/fixture_plus_and_others/test_skip_on_paramz_fixture.py:16: &lt;py._xmlgen.raw object at 0x7fcaca94dcc0&gt;</skipped></testcase><testcase classname="pytest_cases.tests.pytest_extension.fixtures.fixture_plus_and_others.test_skip_on_paramz_fixture" file="pytest_cases/tests/pytest_extension/fixtures/fixture_plus_and_others/test_skip_on_paramz_fixture.py" line="26" name="test_foo3_paramfix[0]" time="0.0015025138854980469"></testcase><testcase classname="pytest_cases.tests.pytest_extension.fixtures.fixture_plus_and_others.test_skip_on_paramz_fixture" file="pytest_cases/tests/pytest_extension/fixtures/fixture_plus_and_others/test_skip_on_paramz_fixture.py" line="26" name="test_foo3_paramfix[1]" time="0.0006608963012695312"><skipped message="unconditional skip" type="pytest.skip">pytest_cases/tests/pytest_extension/fixtures/fixture_plus_and_others/test_skip_on_paramz_fixture.py:26: &lt;py._xmlgen.raw object at 0x7fcaca951fd0&gt;</skipped></testcase><testcase classname="pytest_cases.tests.pytest_extension.fixtures.fixture_plus_and_others.test_skip_on_paramz_fixture" file="pytest_cases/tests/pytest_extension/fixtures/fixture_plus_and_others/test_skip_on_paramz_fixture.py" line="30" name="test_synthesis" time="0.005680084228515625"></testcase><testcase classname="pytest_cases.tests.pytest_extension.fixtures.fixture_unions.test_fixture_closure_edits" file="pytest_cases/tests/pytest_extension/fixtures/fixture_unions/test_fixture_closure_edits.py" line="17" name="test_issue116" time="0.0012445449829101562"></testcase><testcase classname="pytest_cases.tests.pytest_extension.fixtures.fixture_unions.test_fixture_closure_edits" file="pytest_cases/tests/pytest_extension/fixtures/fixture_unions/test_fixture_closure_edits.py" line="29" name="test_super_closure_edits[0/a]" time="0.0014314651489257812"></testcase><testcase classname="pytest_cases.tests.pytest_extension.fixtures.fixture_unions.test_fixture_closure_edits" file="pytest_cases/tests/pytest_extension/fixtures/fixture_unions/test_fixture_closure_edits.py" line="29" name="test_super_closure_edits[1/a]" time="0.0013990402221679688"></testcase><testcase classname="pytest_cases.tests.pytest_extension.fixtures.fixture_unions.test_fixture_closure_edits" file="pytest_cases/tests/pytest_extension/fixtures/fixture_unions/test_fixture_closure_edits.py" line="35" name="test_super_closure_edits2" time="0.005216836929321289"><system-err>/home/travis/build/smarie/python-pytest-cases/pytest_cases/plugin.py:564: UserWarning: WARNING: An attempt was made to reorder a super fixture closure with unions. This is not yet supported since the partitions use subsets of the fixtures ; please report it so that we can find a suitable solution for your need.
  warn(&quot;WARNING: An attempt was made to reorder a super fixture closure with unions. This is not yet &quot;
</system-err></testcase><testcase classname="pytest_cases.tests.pytest_extension.fixtures.fixture_unions.test_fixture_union_ids.TestA" file="pytest_cases/tests/pytest_extension/fixtures/fixture_unions/test_fixture_union_ids.py" line="21" name="test_ids_explicit[my_explicit/a-1]" time="0.0014057159423828125"></testcase><testcase classname="pytest_cases.tests.pytest_extension.fixtures.fixture_unions.test_fixture_union_ids.TestA" file="pytest_cases/tests/pytest_extension/fixtures/fixture_unions/test_fixture_union_ids.py" line="21" name="test_ids_explicit[my_explicit/a-2]" time="0.0014524459838867188"></testcase><testcase classname="pytest_cases.tests.pytest_extension.fixtures.fixture_unions.test_fixture_union_ids.TestA" file="pytest_cases/tests/pytest_extension/fixtures/fixture_unions/test_fixture_union_ids.py" line="21" name="test_ids_explicit[my_explicit/b-3]" time="0.0022575855255126953"></testcase><testcase classname="pytest_cases.tests.pytest_extension.fixtures.fixture_unions.test_fixture_union_ids.TestA" file="pytest_cases/tests/pytest_extension/fixtures/fixture_unions/test_fixture_union_ids.py" line="21" name="test_ids_explicit[my_explicit/b-4]" time="0.002288818359375"></testcase><testcase classname="pytest_cases.tests.pytest_extension.fixtures.fixture_unions.test_fixture_union_ids" file="pytest_cases/tests/pytest_extension/fixtures/fixture_unions/test_fixture_union_ids.py" line="25" name="test_ids_compact[/a-1]" time="0.0026226043701171875"></testcase><testcase classname="pytest_cases.tests.pytest_extension.fixtures.fixture_unions.test_fixture_union_ids" file="pytest_cases/tests/pytest_extension/fixtures/fixture_unions/test_fixture_union_ids.py" line="25" name="test_ids_compact[/a-2]" time="0.002507448196411133"></testcase><testcase classname="pytest_cases.tests.pytest_extension.fixtures.fixture_unions.test_fixture_union_ids" file="pytest_cases/tests/pytest_extension/fixtures/fixture_unions/test_fixture_union_ids.py" line="25" name="test_ids_compact[/b-3]" time="0.0021195411682128906"></testcase><testcase classname="pytest_cases.tests.pytest_extension.fixtures.fixture_unions.test_fixture_union_ids" file="pytest_cases/tests/pytest_extension/fixtures/fixture_unions/test_fixture_union_ids.py" line="25" name="test_ids_compact[/b-4]" time="0.0023343563079833984"></testcase><testcase classname="pytest_cases.tests.pytest_extension.fixtures.fixture_unions.test_fixture_union_ids" file="pytest_cases/tests/pytest_extension/fixtures/fixture_unions/test_fixture_union_ids.py" line="29" name="test_ids_none[a-1]" time="0.0016624927520751953"></testcase><testcase classname="pytest_cases.tests.pytest_extension.fixtures.fixture_unions.test_fixture_union_ids" file="pytest_cases/tests/pytest_extension/fixtures/fixture_unions/test_fixture_union_ids.py" line="29" name="test_ids_none[a-2]" time="0.0031270980834960938"></testcase><testcase classname="pytest_cases.tests.pytest_extension.fixtures.fixture_unions.test_fixture_union_ids" file="pytest_cases/tests/pytest_extension/fixtures/fixture_unions/test_fixture_union_ids.py" line="29" name="test_ids_none[b-3]" time="0.001322031021118164"></testcase><testcase classname="pytest_cases.tests.pytest_extension.fixtures.fixture_unions.test_fixture_union_ids" file="pytest_cases/tests/pytest_extension/fixtures/fixture_unions/test_fixture_union_ids.py" line="29" name="test_ids_none[b-4]" time="0.0023055076599121094"></testcase><testcase classname="pytest_cases.tests.pytest_extension.fixtures.fixture_unions.test_fixture_union_ids" file="pytest_cases/tests/pytest_extension/fixtures/fixture_unions/test_fixture_union_ids.py" line="33" name="test_ids_custom_list[c=A-1]" time="0.001730203628540039"></testcase><testcase classname="pytest_cases.tests.pytest_extension.fixtures.fixture_unions.test_fixture_union_ids" file="pytest_cases/tests/pytest_extension/fixtures/fixture_unions/test_fixture_union_ids.py" line="33" name="test_ids_custom_list[c=A-2]" time="0.002608060836791992"></testcase><testcase classname="pytest_cases.tests.pytest_extension.fixtures.fixture_unions.test_fixture_union_ids" file="pytest_cases/tests/pytest_extension/fixtures/fixture_unions/test_fixture_union_ids.py" line="33" name="test_ids_custom_list[c=B-3]" time="0.0016100406646728516"></testcase><testcase classname="pytest_cases.tests.pytest_extension.fixtures.fixture_unions.test_fixture_union_ids" file="pytest_cases/tests/pytest_extension/fixtures/fixture_unions/test_fixture_union_ids.py" line="33" name="test_ids_custom_list[c=B-4]" time="0.0021104812622070312"></testcase><testcase classname="pytest_cases.tests.pytest_extension.fixtures.fixture_unions.test_fixture_union_ids" file="pytest_cases/tests/pytest_extension/fixtures/fixture_unions/test_fixture_union_ids.py" line="37" name="test_ids_custom_gen[my_custom_gen/0/a-1]" time="0.0020406246185302734"></testcase><testcase classname="pytest_cases.tests.pytest_extension.fixtures.fixture_unions.test_fixture_union_ids" file="pytest_cases/tests/pytest_extension/fixtures/fixture_unions/test_fixture_union_ids.py" line="37" name="test_ids_custom_gen[my_custom_gen/0/a-2]" time="0.002636432647705078"></testcase><testcase classname="pytest_cases.tests.pytest_extension.fixtures.fixture_unions.test_fixture_union_ids" file="pytest_cases/tests/pytest_extension/fixtures/fixture_unions/test_fixture_union_ids.py" line="37" name="test_ids_custom_gen[my_custom_gen/1/b-3]" time="0.002074718475341797"></testcase><testcase classname="pytest_cases.tests.pytest_extension.fixtures.fixture_unions.test_fixture_union_ids" file="pytest_cases/tests/pytest_extension/fixtures/fixture_unions/test_fixture_union_ids.py" line="37" name="test_ids_custom_gen[my_custom_gen/1/b-4]" time="0.0025315284729003906"></testcase><testcase classname="pytest_cases.tests.pytest_extension.fixtures.fixture_unions.test_fixture_union_ids" file="pytest_cases/tests/pytest_extension/fixtures/fixture_unions/test_fixture_union_ids.py" line="45" name="test_synthesis" time="0.005385875701904297"></testcase><testcase classname="pytest_cases.tests.pytest_extension.fixtures.fixture_unions.test_fixture_union_setup_teardown" file="pytest_cases/tests/pytest_extension/fixtures/fixture_unions/test_fixture_union_setup_teardown.py" line="34" name="test_all[/b]" time="0.0021066665649414062"></testcase><testcase classname="pytest_cases.tests.pytest_extension.fixtures.fixture_unions.test_fixture_union_setup_teardown" file="pytest_cases/tests/pytest_extension/fixtures/fixture_unions/test_fixture_union_setup_teardown.py" line="34" name="test_all[/a]" time="0.0027801990509033203"></testcase><testcase classname="pytest_cases.tests.pytest_extension.fixtures.fixture_unions.test_fixture_union_setup_teardown" file="pytest_cases/tests/pytest_extension/fixtures/fixture_unions/test_fixture_union_setup_teardown.py" line="38" name="test_synthesis" time="0.0010476112365722656"></testcase><testcase classname="pytest_cases.tests.pytest_extension.fixtures.fixture_unions.test_fixture_union_setup_teardown2" file="pytest_cases/tests/pytest_extension/fixtures/fixture_unions/test_fixture_union_setup_teardown2.py" line="116" name="test_foo[/F1M1s1s2]" time="0.0040225982666015625"></testcase><testcase classname="pytest_cases.tests.pytest_extension.fixtures.fixture_unions.test_fixture_union_setup_teardown2" file="pytest_cases/tests/pytest_extension/fixtures/fixture_unions/test_fixture_union_setup_teardown2.py" line="116" name="test_foo[/F2-i=0]" time="0.002348184585571289"></testcase><testcase classname="pytest_cases.tests.pytest_extension.fixtures.fixture_unions.test_fixture_union_setup_teardown2" file="pytest_cases/tests/pytest_extension/fixtures/fixture_unions/test_fixture_union_setup_teardown2.py" line="116" name="test_foo[/F2-i=1]" time="0.004453897476196289"></testcase><testcase classname="pytest_cases.tests.pytest_extension.fixtures.fixture_unions.test_fixture_union_setup_teardown2" file="pytest_cases/tests/pytest_extension/fixtures/fixture_unions/test_fixture_union_setup_teardown2.py" line="116" name="test_foo[/F3s2s3]" time="0.002042531967163086"></testcase><testcase classname="pytest_cases.tests.pytest_extension.fixtures.fixture_unions.test_fixture_union_setup_teardown2" file="pytest_cases/tests/pytest_extension/fixtures/fixture_unions/test_fixture_union_setup_teardown2.py" line="116" name="test_foo[/F4M2s1s3]" time="0.004198551177978516"></testcase><testcase classname="pytest_cases.tests.pytest_extension.fixtures.fixture_unions.test_fixture_union_setup_teardown2" file="pytest_cases/tests/pytest_extension/fixtures/fixture_unions/test_fixture_union_setup_teardown2.py" line="122" name="test_synthesis" time="0.004855632781982422"></testcase><testcase classname="pytest_cases.tests.pytest_extension.fixtures.fixture_unions.test_fixture_union_setup_teardown3.TestFoo" file="pytest_cases/tests/pytest_extension/fixtures/fixture_unions/test_fixture_union_setup_teardown3.py" line="27" name="test_a" time="0.001783609390258789"></testcase><testcase classname="pytest_cases.tests.pytest_extension.fixtures.fixture_unions.test_fixture_union_setup_teardown3.TestFoo" file="pytest_cases/tests/pytest_extension/fixtures/fixture_unions/test_fixture_union_setup_teardown3.py" line="30" name="test_b[0fa]" time="0.0024056434631347656"></testcase><testcase classname="pytest_cases.tests.pytest_extension.fixtures.fixture_unions.test_fixture_union_setup_teardown3.TestFoo" file="pytest_cases/tests/pytest_extension/fixtures/fixture_unions/test_fixture_union_setup_teardown3.py" line="30" name="test_b[1fb]" time="0.0023241043090820312"></testcase><testcase classname="pytest_cases.tests.pytest_extension.fixtures.fixture_unions.test_fixture_union_setup_teardown3.TestFoo" file="pytest_cases/tests/pytest_extension/fixtures/fixture_unions/test_fixture_union_setup_teardown3.py" line="30" name="test_b[2fa]" time="0.0017426013946533203"></testcase><testcase classname="pytest_cases.tests.pytest_extension.fixtures.fixture_unions.test_fixture_union_setup_teardown3.TestFoo" file="pytest_cases/tests/pytest_extension/fixtures/fixture_unions/test_fixture_union_setup_teardown3.py" line="34" name="test_c" time="0.001354217529296875"></testcase><testcase classname="pytest_cases.tests.pytest_extension.fixtures.fixture_unions.test_fixtures_union_0simplest" file="pytest_cases/tests/pytest_extension/fixtures/fixture_unions/test_fixtures_union_0simplest.py" line="21" name="test_basic_union[/first]" time="0.0019316673278808594"><system-out>hello
</system-out></testcase><testcase classname="pytest_cases.tests.pytest_extension.fixtures.fixture_unions.test_fixtures_union_0simplest" file="pytest_cases/tests/pytest_extension/fixtures/fixture_unions/test_fixtures_union_0simplest.py" line="21" name="test_basic_union[/second-a]" time="0.0022306442260742188"><system-out>a
</system-out></testcase><testcase classname="pytest_cases.tests.pytest_extension.fixtures.fixture_unions.test_fixtures_union_0simplest" file="pytest_cases/tests/pytest_extension/fixtures/fixture_unions/test_fixtures_union_0simplest.py" line="21" name="test_basic_union[/second-b]" time="0.00203704833984375"><system-out>b
</system-out></testcase><testcase classname="pytest_cases.tests.pytest_extension.fixtures.fixture_unions.test_fixtures_union_0simplest" file="pytest_cases/tests/pytest_extension/fixtures/fixture_unions/test_fixtures_union_0simplest.py" line="25" name="test_synthesis" time="0.0057621002197265625"></testcase><testcase classname="pytest_cases.tests.pytest_extension.fixtures.fixture_unions.test_fixtures_union_1simple" file="pytest_cases/tests/pytest_extension/fixtures/fixture_unions/test_fixtures_union_1simple.py" line="19" name="test_fixture_union[c/a-x]" time="0.0033349990844726562"><system-out>x x
</system-out></testcase><testcase classname="pytest_cases.tests.pytest_extension.fixtures.fixture_unions.test_fixtures_union_1simple" file="pytest_cases/tests/pytest_extension/fixtures/fixture_unions/test_fixtures_union_1simple.py" line="19" name="test_fixture_union[c/a-y]" time="0.0033054351806640625"><system-out>y y
</system-out></testcase><testcase classname="pytest_cases.tests.pytest_extension.fixtures.fixture_unions.test_fixtures_union_1simple" file="pytest_cases/tests/pytest_extension/fixtures/fixture_unions/test_fixtures_union_1simple.py" line="19" name="test_fixture_union[c/b-1-x]" time="0.00345611572265625"><system-out>1 x
</system-out></testcase><testcase classname="pytest_cases.tests.pytest_extension.fixtures.fixture_unions.test_fixtures_union_1simple" file="pytest_cases/tests/pytest_extension/fixtures/fixture_unions/test_fixtures_union_1simple.py" line="19" name="test_fixture_union[c/b-1-y]" time="0.0033447742462158203"><system-out>1 y
</system-out></testcase><testcase classname="pytest_cases.tests.pytest_extension.fixtures.fixture_unions.test_fixtures_union_1simple" file="pytest_cases/tests/pytest_extension/fixtures/fixture_unions/test_fixtures_union_1simple.py" line="19" name="test_fixture_union[c/b-2-x]" time="0.0014486312866210938"><system-out>2 x
</system-out></testcase><testcase classname="pytest_cases.tests.pytest_extension.fixtures.fixture_unions.test_fixtures_union_1simple" file="pytest_cases/tests/pytest_extension/fixtures/fixture_unions/test_fixtures_union_1simple.py" line="19" name="test_fixture_union[c/b-2-y]" time="0.0008485317230224609"><system-out>2 y
</system-out></testcase><testcase classname="pytest_cases.tests.pytest_extension.fixtures.fixture_unions.test_fixtures_union_1simple" file="pytest_cases/tests/pytest_extension/fixtures/fixture_unions/test_fixtures_union_1simple.py" line="23" name="test_synthesis" time="0.004088878631591797"></testcase><testcase classname="pytest_cases.tests.pytest_extension.fixtures.fixture_unions.test_fixtures_union_2hard" file="pytest_cases/tests/pytest_extension/fixtures/fixture_unions/test_fixtures_union_2hard.py" line="19" name="test_fixture_union_harder[/a-x-d/b-1]" time="0.0011038780212402344"><system-out>x x 1
</system-out></testcase><testcase classname="pytest_cases.tests.pytest_extension.fixtures.fixture_unions.test_fixtures_union_2hard" file="pytest_cases/tests/pytest_extension/fixtures/fixture_unions/test_fixtures_union_2hard.py" line="19" name="test_fixture_union_harder[/a-x-d/b-2]" time="0.0037267208099365234"><system-out>x x 2
</system-out></testcase><testcase classname="pytest_cases.tests.pytest_extension.fixtures.fixture_unions.test_fixtures_union_2hard" file="pytest_cases/tests/pytest_extension/fixtures/fixture_unions/test_fixtures_union_2hard.py" line="19" name="test_fixture_union_harder[/a-x-d/a]" time="0.002973794937133789"><system-out>x x x
</system-out></testcase><testcase classname="pytest_cases.tests.pytest_extension.fixtures.fixture_unions.test_fixtures_union_2hard" file="pytest_cases/tests/pytest_extension/fixtures/fixture_unions/test_fixtures_union_2hard.py" line="19" name="test_fixture_union_harder[/a-y-d/b-1]" time="0.0011658668518066406"><system-out>y y 1
</system-out></testcase><testcase classname="pytest_cases.tests.pytest_extension.fixtures.fixture_unions.test_fixtures_union_2hard" file="pytest_cases/tests/pytest_extension/fixtures/fixture_unions/test_fixtures_union_2hard.py" line="19" name="test_fixture_union_harder[/a-y-d/b-2]" time="0.0009038448333740234"><system-out>y y 2
</system-out></testcase><testcase classname="pytest_cases.tests.pytest_extension.fixtures.fixture_unions.test_fixtures_union_2hard" file="pytest_cases/tests/pytest_extension/fixtures/fixture_unions/test_fixtures_union_2hard.py" line="19" name="test_fixture_union_harder[/a-y-d/a]" time="0.0013120174407958984"><system-out>y y y
</system-out></testcase><testcase classname="pytest_cases.tests.pytest_extension.fixtures.fixture_unions.test_fixtures_union_2hard" file="pytest_cases/tests/pytest_extension/fixtures/fixture_unions/test_fixtures_union_2hard.py" line="19" name="test_fixture_union_harder[/b-1-x-d/b]" time="0.0016071796417236328"><system-out>1 x 1
</system-out></testcase><testcase classname="pytest_cases.tests.pytest_extension.fixtures.fixture_unions.test_fixtures_union_2hard" file="pytest_cases/tests/pytest_extension/fixtures/fixture_unions/test_fixtures_union_2hard.py" line="19" name="test_fixture_union_harder[/b-1-x-d/a]" time="0.0036203861236572266"><system-out>1 x x
</system-out></testcase><testcase classname="pytest_cases.tests.pytest_extension.fixtures.fixture_unions.test_fixtures_union_2hard" file="pytest_cases/tests/pytest_extension/fixtures/fixture_unions/test_fixtures_union_2hard.py" line="19" name="test_fixture_union_harder[/b-1-y-d/b]" time="0.0016744136810302734"><system-out>1 y 1
</system-out></testcase><testcase classname="pytest_cases.tests.pytest_extension.fixtures.fixture_unions.test_fixtures_union_2hard" file="pytest_cases/tests/pytest_extension/fixtures/fixture_unions/test_fixtures_union_2hard.py" line="19" name="test_fixture_union_harder[/b-1-y-d/a]" time="0.003795623779296875"><system-out>1 y y
</system-out></testcase><testcase classname="pytest_cases.tests.pytest_extension.fixtures.fixture_unions.test_fixtures_union_2hard" file="pytest_cases/tests/pytest_extension/fixtures/fixture_unions/test_fixtures_union_2hard.py" line="19" name="test_fixture_union_harder[/b-2-x-d/b]" time="0.0022029876708984375"><system-out>2 x 2
</system-out></testcase><testcase classname="pytest_cases.tests.pytest_extension.fixtures.fixture_unions.test_fixtures_union_2hard" file="pytest_cases/tests/pytest_extension/fixtures/fixture_unions/test_fixtures_union_2hard.py" line="19" name="test_fixture_union_harder[/b-2-x-d/a]" time="0.0012423992156982422"><system-out>2 x x
</system-out></testcase><testcase classname="pytest_cases.tests.pytest_extension.fixtures.fixture_unions.test_fixtures_union_2hard" file="pytest_cases/tests/pytest_extension/fixtures/fixture_unions/test_fixtures_union_2hard.py" line="19" name="test_fixture_union_harder[/b-2-y-d/b]" time="0.0009169578552246094"><system-out>2 y 2
</system-out></testcase><testcase classname="pytest_cases.tests.pytest_extension.fixtures.fixture_unions.test_fixtures_union_2hard" file="pytest_cases/tests/pytest_extension/fixtures/fixture_unions/test_fixtures_union_2hard.py" line="19" name="test_fixture_union_harder[/b-2-y-d/a]" time="0.003422260284423828"><system-out>2 y y
</system-out></testcase><testcase classname="pytest_cases.tests.pytest_extension.fixtures.fixture_unions.test_fixtures_union_2hard" file="pytest_cases/tests/pytest_extension/fixtures/fixture_unions/test_fixtures_union_2hard.py" line="26" name="test_synthesis" time="0.006154775619506836"></testcase><testcase classname="pytest_cases.tests.pytest_extension.fixtures.fixture_unions.test_fixtures_union_2hard" file="pytest_cases/tests/pytest_extension/fixtures/fixture_unions/test_fixtures_union_2hard.py" line="45" name="test_super_closure" time="0.0017771720886230469"></testcase><testcase classname="pytest_cases.tests.pytest_extension.fixtures.fixture_unions.test_fixtures_union_3parametrize_plus" file="pytest_cases/tests/pytest_extension/fixtures/fixture_unions/test_fixtures_union_3parametrize_plus.py" line="21" name="test_fixture_union[/a-2]" time="0.0020689964294433594"></testcase><testcase classname="pytest_cases.tests.pytest_extension.fixtures.fixture_unions.test_fixtures_union_3parametrize_plus" file="pytest_cases/tests/pytest_extension/fixtures/fixture_unions/test_fixtures_union_3parametrize_plus.py" line="21" name="test_fixture_union[/a-3]" time="0.0026988983154296875"></testcase><testcase classname="pytest_cases.tests.pytest_extension.fixtures.fixture_unions.test_fixtures_union_3parametrize_plus" file="pytest_cases/tests/pytest_extension/fixtures/fixture_unions/test_fixtures_union_3parametrize_plus.py" line="21" name="test_fixture_union[/b-0]" time="0.003635883331298828"></testcase><testcase classname="pytest_cases.tests.pytest_extension.fixtures.fixture_unions.test_fixtures_union_3parametrize_plus" file="pytest_cases/tests/pytest_extension/fixtures/fixture_unions/test_fixtures_union_3parametrize_plus.py" line="21" name="test_fixture_union[/b-1]" time="0.003053903579711914"></testcase><testcase classname="pytest_cases.tests.pytest_extension.fixtures.fixture_unions.test_fixtures_union_3parametrize_plus" file="pytest_cases/tests/pytest_extension/fixtures/fixture_unions/test_fixtures_union_3parametrize_plus.py" line="21" name="test_fixture_union[/b-2]" time="0.0028035640716552734"></testcase><testcase classname="pytest_cases.tests.pytest_extension.fixtures.fixture_unions.test_so" file="pytest_cases/tests/pytest_extension/fixtures/fixture_unions/test_so.py" line="29" name="test_all[/lower-1]" time="0.0033261775970458984"><system-out>i
</system-out></testcase><testcase classname="pytest_cases.tests.pytest_extension.fixtures.fixture_unions.test_so" file="pytest_cases/tests/pytest_extension/fixtures/fixture_unions/test_so.py" line="29" name="test_all[/lower-2]" time="0.0029315948486328125"><system-out>ii
</system-out></testcase><testcase classname="pytest_cases.tests.pytest_extension.fixtures.fixture_unions.test_so" file="pytest_cases/tests/pytest_extension/fixtures/fixture_unions/test_so.py" line="29" name="test_all[/lower-3]" time="0.003474712371826172"><system-out>iii
</system-out></testcase><testcase classname="pytest_cases.tests.pytest_extension.fixtures.fixture_unions.test_so" file="pytest_cases/tests/pytest_extension/fixtures/fixture_unions/test_so.py" line="29" name="test_all[/upper-1]" time="0.002893209457397461"><system-out>I
</system-out></testcase><testcase classname="pytest_cases.tests.pytest_extension.fixtures.fixture_unions.test_so" file="pytest_cases/tests/pytest_extension/fixtures/fixture_unions/test_so.py" line="29" name="test_all[/upper-2]" time="0.0009660720825195312"><system-out>II
</system-out></testcase><testcase classname="pytest_cases.tests.pytest_extension.fixtures.fixture_unions.test_so" file="pytest_cases/tests/pytest_extension/fixtures/fixture_unions/test_so.py" line="33" name="test_synthesis" time="0.0033669471740722656"></testcase><testcase classname="pytest_cases.tests.pytest_extension.issues.test_issue_114" file="pytest_cases/tests/pytest_extension/issues/test_issue_114.py" line="21" name="test_me[1]" time="0.0005395412445068359"></testcase><testcase classname="pytest_cases.tests.pytest_extension.issues.test_issue_114" file="pytest_cases/tests/pytest_extension/issues/test_issue_114.py" line="21" name="test_me[2]" time="0.0005178451538085938"></testcase><testcase classname="pytest_cases.tests.pytest_extension.issues.test_issue_115" file="pytest_cases/tests/pytest_extension/issues/test_issue_115.py" line="12" name="test_fn[0]" time="0.0006253719329833984"></testcase><testcase classname="pytest_cases.tests.pytest_extension.issues.test_issue_115" file="pytest_cases/tests/pytest_extension/issues/test_issue_115.py" line="12" name="test_fn[1]" time="0.0004892349243164062"></testcase><testcase classname="pytest_cases.tests.pytest_extension.issues.test_issue_115" file="pytest_cases/tests/pytest_extension/issues/test_issue_115.py" line="12" name="test_fn[2]" time="0.0005133152008056641"></testcase><testcase classname="pytest_cases.tests.pytest_extension.issues.test_issue_115" file="pytest_cases/tests/pytest_extension/issues/test_issue_115.py" line="12" name="test_fn[3]" time="0.0004782676696777344"></testcase><testcase classname="pytest_cases.tests.pytest_extension.issues.test_issue_115" file="pytest_cases/tests/pytest_extension/issues/test_issue_115.py" line="12" name="test_fn[4]" time="0.0010390281677246094"></testcase><testcase classname="pytest_cases.tests.pytest_extension.issues.test_issue_115" file="pytest_cases/tests/pytest_extension/issues/test_issue_115.py" line="12" name="test_fn[5]" time="0.0006673336029052734"></testcase><testcase classname="pytest_cases.tests.pytest_extension.issues.test_issue_115" file="pytest_cases/tests/pytest_extension/issues/test_issue_115.py" line="12" name="test_fn[6]" time="0.001840829849243164"></testcase><testcase classname="pytest_cases.tests.pytest_extension.issues.test_issue_115" file="pytest_cases/tests/pytest_extension/issues/test_issue_115.py" line="12" name="test_fn[7]" time="0.0009126663208007812"></testcase><testcase classname="pytest_cases.tests.pytest_extension.issues.test_issue_115" file="pytest_cases/tests/pytest_extension/issues/test_issue_115.py" line="12" name="test_fn[8]" time="0.002023935317993164"></testcase><testcase classname="pytest_cases.tests.pytest_extension.issues.test_issue_115" file="pytest_cases/tests/pytest_extension/issues/test_issue_115.py" line="12" name="test_fn[9]" time="0.0012488365173339844"></testcase><testcase classname="pytest_cases.tests.pytest_extension.issues.test_issue_124" file="pytest_cases/tests/pytest_extension/issues/test_issue_124.py" line="18" name="test_me[i-i==0]" time="0.0029587745666503906"></testcase><testcase classname="pytest_cases.tests.pytest_extension.issues.test_issue_124" file="pytest_cases/tests/pytest_extension/issues/test_issue_124.py" line="18" name="test_me[i-i==1]" time="0.002504110336303711"></testcase><testcase classname="pytest_cases.tests.pytest_extension.issues.test_issue_124" file="pytest_cases/tests/pytest_extension/issues/test_issue_124.py" line="18" name="test_me[k-i==0]" time="0.002254009246826172"></testcase><testcase classname="pytest_cases.tests.pytest_extension.issues.test_issue_124" file="pytest_cases/tests/pytest_extension/issues/test_issue_124.py" line="18" name="test_me[k-i==1]" time="0.0027451515197753906"></testcase><testcase classname="pytest_cases.tests.pytest_extension.issues.test_issue_124" file="pytest_cases/tests/pytest_extension/issues/test_issue_124.py" line="23" name="test_synthesis" time="0.0053865909576416016"></testcase><testcase classname="pytest_cases.tests.pytest_extension.issues.test_issue_148" file="pytest_cases/tests/pytest_extension/issues/test_issue_148.py" line="23" name="test_foo[x{0}-myunion{0}-a{0}]" time="0.0017237663269042969"></testcase><testcase classname="pytest_cases.tests.pytest_extension.issues.test_issue_148" file="pytest_cases/tests/pytest_extension/issues/test_issue_148.py" line="23" name="test_foo[x{0}-myunion{0}-a{1}]" time="0.0015265941619873047"></testcase><testcase classname="pytest_cases.tests.pytest_extension.issues.test_issue_148" file="pytest_cases/tests/pytest_extension/issues/test_issue_148.py" line="23" name="test_foo[x{1}-myunion{0}-a{0}]" time="0.0007908344268798828"></testcase><testcase classname="pytest_cases.tests.pytest_extension.issues.test_issue_148" file="pytest_cases/tests/pytest_extension/issues/test_issue_148.py" line="23" name="test_foo[x{1}-myunion{0}-a{1}]" time="0.0007658004760742188"></testcase><testcase classname="pytest_cases.tests.pytest_extension.issues.test_issue_148" file="pytest_cases/tests/pytest_extension/issues/test_issue_148.py" line="27" name="test_synthesis" time="0.003711700439453125"></testcase><testcase classname="pytest_cases.tests.pytest_extension.issues.test_issue_149" file="pytest_cases/tests/pytest_extension/issues/test_issue_149.py" line="10" name="test_foo[x-0]" time="0.0007803440093994141"><skipped message="request.getfixturevalue is not available in pytest 2" type="pytest.skip">pytest_cases/tests/pytest_extension/issues/test_issue_149.py:10: &lt;py._xmlgen.raw object at 0x7fcacaa95b00&gt;</skipped></testcase><testcase classname="pytest_cases.tests.pytest_extension.issues.test_issue_149" file="pytest_cases/tests/pytest_extension/issues/test_issue_149.py" line="10" name="test_foo[x-1]" time="0.0011382102966308594"><skipped message="request.getfixturevalue is not available in pytest 2" type="pytest.skip">pytest_cases/tests/pytest_extension/issues/test_issue_149.py:10: &lt;py._xmlgen.raw object at 0x7fcacaa9c6d8&gt;</skipped></testcase><testcase classname="pytest_cases.tests.pytest_extension.issues.test_issue_classes" file="pytest_cases/tests/pytest_extension/issues/test_issue_classes.py" line="19" name="test_thing[foo]" time="0.0028471946716308594"><system-out>1
</system-out></testcase><testcase classname="pytest_cases.tests.pytest_extension.issues.test_issue_classes" file="pytest_cases/tests/pytest_extension/issues/test_issue_classes.py" line="19" name="test_thing[bar]" time="0.002198457717895508"><system-out>2
</system-out></testcase><testcase classname="pytest_cases.tests.pytest_extension.issues.test_issue_classes.TestCase" file="pytest_cases/tests/pytest_extension/issues/test_issue_classes.py" line="25" name="test_thing_pytest[1]" time="0.0024628639221191406"><system-out>1
</system-out></testcase><testcase classname="pytest_cases.tests.pytest_extension.issues.test_issue_classes.TestCase" file="pytest_cases/tests/pytest_extension/issues/test_issue_classes.py" line="25" name="test_thing_pytest[2]" time="0.0021660327911376953"><system-out>2
</system-out></testcase><testcase classname="pytest_cases.tests.pytest_extension.issues.test_issue_classes.TestCase" file="pytest_cases/tests/pytest_extension/issues/test_issue_classes.py" line="29" name="test_thing_cases[foo]" time="0.0018148422241210938"><system-out>1
</system-out></testcase><testcase classname="pytest_cases.tests.pytest_extension.issues.test_issue_classes.TestCase" file="pytest_cases/tests/pytest_extension/issues/test_issue_classes.py" line="29" name="test_thing_cases[bar]" time="0.0028502941131591797"><system-out>2
</system-out></testcase><testcase classname="pytest_cases.tests.pytest_extension.issues.test_issue_fixture_union1" file="pytest_cases/tests/pytest_extension/issues/test_issue_fixture_union1.py" line="20" name="test_foo[0/a]" time="0.0016651153564453125"></testcase><testcase classname="pytest_cases.tests.pytest_extension.issues.test_issue_fixture_union1" file="pytest_cases/tests/pytest_extension/issues/test_issue_fixture_union1.py" line="20" name="test_foo[1/a]" time="0.0025877952575683594"></testcase><testcase classname="pytest_cases.tests.pytest_extension.issues.test_issue_fixture_union1" file="pytest_cases/tests/pytest_extension/issues/test_issue_fixture_union1.py" line="24" name="test_synthesis" time="0.005627870559692383"></testcase><testcase classname="pytest_cases.tests.pytest_extension.issues.test_issue_fixture_union2" file="pytest_cases/tests/pytest_extension/issues/test_issue_fixture_union2.py" line="23" name="test_foo[1]" time="0.0008947849273681641"></testcase><testcase classname="pytest_cases.tests.pytest_extension.issues.test_issue_fixture_union2" file="pytest_cases/tests/pytest_extension/issues/test_issue_fixture_union2.py" line="23" name="test_foo[2]" time="0.0006649494171142578"></testcase><testcase classname="pytest_cases.tests.pytest_extension.issues.test_issue_fixture_union2" file="pytest_cases/tests/pytest_extension/issues/test_issue_fixture_union2.py" line="23" name="test_foo[3]" time="0.0025315284729003906"></testcase><testcase classname="pytest_cases.tests.pytest_extension.issues.test_issue_fixture_union2" file="pytest_cases/tests/pytest_extension/issues/test_issue_fixture_union2.py" line="30" name="test_foo2[0/a]" time="0.002428770065307617"></testcase><testcase classname="pytest_cases.tests.pytest_extension.issues.test_issue_fixture_union2" file="pytest_cases/tests/pytest_extension/issues/test_issue_fixture_union2.py" line="30" name="test_foo2[1/b]" time="0.0018699169158935547"></testcase><testcase classname="pytest_cases.tests.pytest_extension.issues.test_issue_fixture_union2" file="pytest_cases/tests/pytest_extension/issues/test_issue_fixture_union2.py" line="30" name="test_foo2[2/a]" time="0.0007228851318359375"></testcase><testcase classname="pytest_cases.tests.pytest_extension.issues.test_issue_fixture_union2" file="pytest_cases/tests/pytest_extension/issues/test_issue_fixture_union2.py" line="34" name="test_synthesis" time="0.006702423095703125"></testcase><testcase classname="pytest_cases.tests.pytest_extension.issues.test_issue_indirect_fixture_param" file="pytest_cases/tests/pytest_extension/issues/test_issue_indirect_fixture_param.py" line="17" name="test_x[123]" time="0.0009355545043945312"></testcase><testcase classname="pytest_cases.tests.pytest_extension.issues.test_issue_pytest_70" file="pytest_cases/tests/pytest_extension/issues/test_issue_pytest_70.py" line="19" name="test_get_or_create_book[book1-A]" time="0.0009546279907226562"><system-out>A
</system-out></testcase><testcase classname="pytest_cases.tests.pytest_extension.issues.test_issue_pytest_70" file="pytest_cases/tests/pytest_extension/issues/test_issue_pytest_70.py" line="19" name="test_get_or_create_book[book1-B]" time="0.0009121894836425781"><system-out>B
</system-out></testcase><testcase classname="pytest_cases.tests.pytest_extension.issues.test_issue_pytest_70" file="pytest_cases/tests/pytest_extension/issues/test_issue_pytest_70.py" line="19" name="test_get_or_create_book[hi]" time="0.0014002323150634766"><system-out>hi
</system-out></testcase><testcase classname="pytest_cases.tests.pytest_extension.issues.test_issue_pytest_70" file="pytest_cases/tests/pytest_extension/issues/test_issue_pytest_70.py" line="19" name="test_get_or_create_book[ih]" time="0.0014657974243164062"><system-out>ih
</system-out></testcase><testcase classname="pytest_cases.tests.pytest_extension.issues.test_issue_pytest_70" file="pytest_cases/tests/pytest_extension/issues/test_issue_pytest_70.py" line="19" name="test_get_or_create_book[book2]" time="0.0027976036071777344"><system-out>None
</system-out></testcase><testcase classname="pytest_cases.tests.pytest_extension.issues.test_issue_pytest_70" file="pytest_cases/tests/pytest_extension/issues/test_issue_pytest_70.py" line="29" name="test_synthesis" time="0.005338907241821289"></testcase><testcase classname="pytest_cases.tests.pytest_extension.issues.test_issue_python2_str" file="pytest_cases/tests/pytest_extension/issues/test_issue_python2_str.py" line="16" name="test_my_cool_feature_with_fixture[a1]" time="0.0006649494171142578"><system-out>hello world
a1
</system-out></testcase><testcase classname="pytest_cases.tests.pytest_extension.issues.test_issue_python2_str" file="pytest_cases/tests/pytest_extension/issues/test_issue_python2_str.py" line="16" name="test_my_cool_feature_with_fixture[b2]" time="0.0007712841033935547"><system-out>hello world
b2
</system-out></testcase><testcase classname="pytest_cases.tests.pytest_extension.issues.test_issue_python2_str" file="pytest_cases/tests/pytest_extension/issues/test_issue_python2_str.py" line="16" name="test_my_cool_feature_with_fixture[b3]" time="0.0017728805541992188"><system-out>hello world
b3
</system-out></testcase><testcase classname="pytest_cases.tests.pytest_extension.issues.test_issue_so_76" file="pytest_cases/tests/pytest_extension/issues/test_issue_so_76.py" line="50" name="test_value_tables_node[value_tables-1-value_table-1-_-value_table_description-&quot;s&quot;-0.0-value_table_description-value_table]" time="0.005944013595581055"></testcase><testcase classname="pytest_cases.tests.pytest_extension.issues.test_issue_so_76" file="pytest_cases/tests/pytest_extension/issues/test_issue_so_76.py" line="50" name="test_value_tables_node[value_tables-1-value_table-1-_-value_table_description-&quot;s&quot;--1.0-value_table_description-value_table]" time="0.006146907806396484"></testcase><testcase classname="pytest_cases.tests.pytest_extension.issues.test_issue_so_76" file="pytest_cases/tests/pytest_extension/issues/test_issue_so_76.py" line="50" name="test_value_tables_node[value_tables-1-value_table-1-_-value_table_description-&quot;s&quot;-1.0-value_table_description-value_table]" time="0.0037229061126708984"></testcase><testcase classname="pytest_cases.tests.pytest_extension.issues.test_issue_so_76" file="pytest_cases/tests/pytest_extension/issues/test_issue_so_76.py" line="50" name="test_value_tables_node[value_tables-1-value_table-1-_-value_table_description-&quot;_&quot;-0.0-value_table_description-value_table]" time="0.0013823509216308594"></testcase><testcase classname="pytest_cases.tests.pytest_extension.issues.test_issue_so_76" file="pytest_cases/tests/pytest_extension/issues/test_issue_so_76.py" line="50" name="test_value_tables_node[value_tables-1-value_table-1-_-value_table_description-&quot;_&quot;--1.0-value_table_description-value_table]" time="0.0013506412506103516"></testcase><testcase classname="pytest_cases.tests.pytest_extension.issues.test_issue_so_76" file="pytest_cases/tests/pytest_extension/issues/test_issue_so_76.py" line="50" name="test_value_tables_node[value_tables-1-value_table-1-_-value_table_description-&quot;_&quot;-1.0-value_table_description-value_table]" time="0.0015749931335449219"></testcase><testcase classname="pytest_cases.tests.pytest_extension.issues.test_issue_so_76" file="pytest_cases/tests/pytest_extension/issues/test_issue_so_76.py" line="50" name="test_value_tables_node[value_tables-1-value_table-1-_c-value_table_description-&quot;s&quot;-0.0-value_table_description-value_table]" time="0.0014638900756835938"></testcase><testcase classname="pytest_cases.tests.pytest_extension.issues.test_issue_so_76" file="pytest_cases/tests/pytest_extension/issues/test_issue_so_76.py" line="50" name="test_value_tables_node[value_tables-1-value_table-1-_c-value_table_description-&quot;s&quot;--1.0-value_table_description-value_table]" time="0.0012693405151367188"></testcase><testcase classname="pytest_cases.tests.pytest_extension.issues.test_issue_so_76" file="pytest_cases/tests/pytest_extension/issues/test_issue_so_76.py" line="50" name="test_value_tables_node[value_tables-1-value_table-1-_c-value_table_description-&quot;s&quot;-1.0-value_table_description-value_table]" time="0.0012955665588378906"></testcase><testcase classname="pytest_cases.tests.pytest_extension.issues.test_issue_so_76" file="pytest_cases/tests/pytest_extension/issues/test_issue_so_76.py" line="50" name="test_value_tables_node[value_tables-1-value_table-1-_c-value_table_description-&quot;_&quot;-0.0-value_table_description-value_table]" time="0.003413677215576172"></testcase><testcase classname="pytest_cases.tests.pytest_extension.issues.test_issue_so_76" file="pytest_cases/tests/pytest_extension/issues/test_issue_so_76.py" line="50" name="test_value_tables_node[value_tables-1-value_table-1-_c-value_table_description-&quot;_&quot;--1.0-value_table_description-value_table]" time="0.004109859466552734"></testcase><testcase classname="pytest_cases.tests.pytest_extension.issues.test_issue_so_76" file="pytest_cases/tests/pytest_extension/issues/test_issue_so_76.py" line="50" name="test_value_tables_node[value_tables-1-value_table-1-_c-value_table_description-&quot;_&quot;-1.0-value_table_description-value_table]" time="0.005438089370727539"></testcase><testcase classname="pytest_cases.tests.pytest_extension.issues.test_issue_so_76" file="pytest_cases/tests/pytest_extension/issues/test_issue_so_76.py" line="50" name="test_value_tables_node[value_tables-1-value_table-2-_-value_table_description-&quot;s&quot;-0.0-value_table_description-value_table]" time="0.0065021514892578125"></testcase><testcase classname="pytest_cases.tests.pytest_extension.issues.test_issue_so_76" file="pytest_cases/tests/pytest_extension/issues/test_issue_so_76.py" line="50" name="test_value_tables_node[value_tables-1-value_table-2-_-value_table_description-&quot;s&quot;--1.0-value_table_description-value_table]" time="0.005627155303955078"></testcase><testcase classname="pytest_cases.tests.pytest_extension.issues.test_issue_so_76" file="pytest_cases/tests/pytest_extension/issues/test_issue_so_76.py" line="50" name="test_value_tables_node[value_tables-1-value_table-2-_-value_table_description-&quot;s&quot;-1.0-value_table_description-value_table]" time="0.002437591552734375"></testcase><testcase classname="pytest_cases.tests.pytest_extension.issues.test_issue_so_76" file="pytest_cases/tests/pytest_extension/issues/test_issue_so_76.py" line="50" name="test_value_tables_node[value_tables-1-value_table-2-_-value_table_description-&quot;_&quot;-0.0-value_table_description-value_table]" time="0.0012805461883544922"></testcase><testcase classname="pytest_cases.tests.pytest_extension.issues.test_issue_so_76" file="pytest_cases/tests/pytest_extension/issues/test_issue_so_76.py" line="50" name="test_value_tables_node[value_tables-1-value_table-2-_-value_table_description-&quot;_&quot;--1.0-value_table_description-value_table]" time="0.0014989376068115234"></testcase><testcase classname="pytest_cases.tests.pytest_extension.issues.test_issue_so_76" file="pytest_cases/tests/pytest_extension/issues/test_issue_so_76.py" line="50" name="test_value_tables_node[value_tables-1-value_table-2-_-value_table_description-&quot;_&quot;-1.0-value_table_description-value_table]" time="0.004393339157104492"></testcase><testcase classname="pytest_cases.tests.pytest_extension.issues.test_issue_so_76" file="pytest_cases/tests/pytest_extension/issues/test_issue_so_76.py" line="50" name="test_value_tables_node[value_tables-1-value_table-2-_c-value_table_description-&quot;s&quot;-0.0-value_table_description-value_table]" time="0.0033006668090820312"></testcase><testcase classname="pytest_cases.tests.pytest_extension.issues.test_issue_so_76" file="pytest_cases/tests/pytest_extension/issues/test_issue_so_76.py" line="50" name="test_value_tables_node[value_tables-1-value_table-2-_c-value_table_description-&quot;s&quot;--1.0-value_table_description-value_table]" time="0.0031828880310058594"></testcase><testcase classname="pytest_cases.tests.pytest_extension.issues.test_issue_so_76" file="pytest_cases/tests/pytest_extension/issues/test_issue_so_76.py" line="50" name="test_value_tables_node[value_tables-1-value_table-2-_c-value_table_description-&quot;s&quot;-1.0-value_table_description-value_table]" time="0.0034301280975341797"></testcase><testcase classname="pytest_cases.tests.pytest_extension.issues.test_issue_so_76" file="pytest_cases/tests/pytest_extension/issues/test_issue_so_76.py" line="50" name="test_value_tables_node[value_tables-1-value_table-2-_c-value_table_description-&quot;_&quot;-0.0-value_table_description-value_table]" time="0.0015964508056640625"></testcase><testcase classname="pytest_cases.tests.pytest_extension.issues.test_issue_so_76" file="pytest_cases/tests/pytest_extension/issues/test_issue_so_76.py" line="50" name="test_value_tables_node[value_tables-1-value_table-2-_c-value_table_description-&quot;_&quot;--1.0-value_table_description-value_table]" time="0.0012784004211425781"></testcase><testcase classname="pytest_cases.tests.pytest_extension.issues.test_issue_so_76" file="pytest_cases/tests/pytest_extension/issues/test_issue_so_76.py" line="50" name="test_value_tables_node[value_tables-1-value_table-2-_c-value_table_description-&quot;_&quot;-1.0-value_table_description-value_table]" time="0.001268148422241211"></testcase><testcase classname="pytest_cases.tests.pytest_extension.issues.test_issue_so_76" file="pytest_cases/tests/pytest_extension/issues/test_issue_so_76.py" line="50" name="test_value_tables_node[value_tables-2-value_table-1-_-value_table_description-&quot;s&quot;-0.0-value_table_description-value_table]" time="0.0058422088623046875"></testcase><testcase classname="pytest_cases.tests.pytest_extension.issues.test_issue_so_76" file="pytest_cases/tests/pytest_extension/issues/test_issue_so_76.py" line="50" name="test_value_tables_node[value_tables-2-value_table-1-_-value_table_description-&quot;s&quot;--1.0-value_table_description-value_table]" time="0.0049762725830078125"></testcase><testcase classname="pytest_cases.tests.pytest_extension.issues.test_issue_so_76" file="pytest_cases/tests/pytest_extension/issues/test_issue_so_76.py" line="50" name="test_value_tables_node[value_tables-2-value_table-1-_-value_table_description-&quot;s&quot;-1.0-value_table_description-value_table]" time="0.004918336868286133"></testcase><testcase classname="pytest_cases.tests.pytest_extension.issues.test_issue_so_76" file="pytest_cases/tests/pytest_extension/issues/test_issue_so_76.py" line="50" name="test_value_tables_node[value_tables-2-value_table-1-_-value_table_description-&quot;_&quot;-0.0-value_table_description-value_table]" time="0.004673480987548828"></testcase><testcase classname="pytest_cases.tests.pytest_extension.issues.test_issue_so_76" file="pytest_cases/tests/pytest_extension/issues/test_issue_so_76.py" line="50" name="test_value_tables_node[value_tables-2-value_table-1-_-value_table_description-&quot;_&quot;--1.0-value_table_description-value_table]" time="0.0017974376678466797"></testcase><testcase classname="pytest_cases.tests.pytest_extension.issues.test_issue_so_76" file="pytest_cases/tests/pytest_extension/issues/test_issue_so_76.py" line="50" name="test_value_tables_node[value_tables-2-value_table-1-_-value_table_description-&quot;_&quot;-1.0-value_table_description-value_table]" time="0.0012774467468261719"></testcase><testcase classname="pytest_cases.tests.pytest_extension.issues.test_issue_so_76" file="pytest_cases/tests/pytest_extension/issues/test_issue_so_76.py" line="50" name="test_value_tables_node[value_tables-2-value_table-1-_c-value_table_description-&quot;s&quot;-0.0-value_table_description-value_table]" time="0.0019364356994628906"></testcase><testcase classname="pytest_cases.tests.pytest_extension.issues.test_issue_so_76" file="pytest_cases/tests/pytest_extension/issues/test_issue_so_76.py" line="50" name="test_value_tables_node[value_tables-2-value_table-1-_c-value_table_description-&quot;s&quot;--1.0-value_table_description-value_table]" time="0.006261110305786133"></testcase><testcase classname="pytest_cases.tests.pytest_extension.issues.test_issue_so_76" file="pytest_cases/tests/pytest_extension/issues/test_issue_so_76.py" line="50" name="test_value_tables_node[value_tables-2-value_table-1-_c-value_table_description-&quot;s&quot;-1.0-value_table_description-value_table]" time="0.005025625228881836"></testcase><testcase classname="pytest_cases.tests.pytest_extension.issues.test_issue_so_76" file="pytest_cases/tests/pytest_extension/issues/test_issue_so_76.py" line="50" name="test_value_tables_node[value_tables-2-value_table-1-_c-value_table_description-&quot;_&quot;-0.0-value_table_description-value_table]" time="0.003596782684326172"></testcase><testcase classname="pytest_cases.tests.pytest_extension.issues.test_issue_so_76" file="pytest_cases/tests/pytest_extension/issues/test_issue_so_76.py" line="50" name="test_value_tables_node[value_tables-2-value_table-1-_c-value_table_description-&quot;_&quot;--1.0-value_table_description-value_table]" time="0.006103515625"></testcase><testcase classname="pytest_cases.tests.pytest_extension.issues.test_issue_so_76" file="pytest_cases/tests/pytest_extension/issues/test_issue_so_76.py" line="50" name="test_value_tables_node[value_tables-2-value_table-1-_c-value_table_description-&quot;_&quot;-1.0-value_table_description-value_table]" time="0.0020134449005126953"></testcase><testcase classname="pytest_cases.tests.pytest_extension.issues.test_issue_so_76" file="pytest_cases/tests/pytest_extension/issues/test_issue_so_76.py" line="50" name="test_value_tables_node[value_tables-2-value_table-2-_-value_table_description-&quot;s&quot;-0.0-value_table_description-value_table]" time="0.001306772232055664"></testcase><testcase classname="pytest_cases.tests.pytest_extension.issues.test_issue_so_76" file="pytest_cases/tests/pytest_extension/issues/test_issue_so_76.py" line="50" name="test_value_tables_node[value_tables-2-value_table-2-_-value_table_description-&quot;s&quot;--1.0-value_table_description-value_table]" time="0.0025386810302734375"></testcase><testcase classname="pytest_cases.tests.pytest_extension.issues.test_issue_so_76" file="pytest_cases/tests/pytest_extension/issues/test_issue_so_76.py" line="50" name="test_value_tables_node[value_tables-2-value_table-2-_-value_table_description-&quot;s&quot;-1.0-value_table_description-value_table]" time="0.004664421081542969"></testcase><testcase classname="pytest_cases.tests.pytest_extension.issues.test_issue_so_76" file="pytest_cases/tests/pytest_extension/issues/test_issue_so_76.py" line="50" name="test_value_tables_node[value_tables-2-value_table-2-_-value_table_description-&quot;_&quot;-0.0-value_table_description-value_table]" time="0.0062255859375"></testcase><testcase classname="pytest_cases.tests.pytest_extension.issues.test_issue_so_76" file="pytest_cases/tests/pytest_extension/issues/test_issue_so_76.py" line="50" name="test_value_tables_node[value_tables-2-value_table-2-_-value_table_description-&quot;_&quot;--1.0-value_table_description-value_table]" time="0.0059833526611328125"></testcase><testcase classname="pytest_cases.tests.pytest_extension.issues.test_issue_so_76" file="pytest_cases/tests/pytest_extension/issues/test_issue_so_76.py" line="50" name="test_value_tables_node[value_tables-2-value_table-2-_-value_table_description-&quot;_&quot;-1.0-value_table_description-value_table]" time="0.0024023056030273438"></testcase><testcase classname="pytest_cases.tests.pytest_extension.issues.test_issue_so_76" file="pytest_cases/tests/pytest_extension/issues/test_issue_so_76.py" line="50" name="test_value_tables_node[value_tables-2-value_table-2-_c-value_table_description-&quot;s&quot;-0.0-value_table_description-value_table]" time="0.0017192363739013672"></testcase><testcase classname="pytest_cases.tests.pytest_extension.issues.test_issue_so_76" file="pytest_cases/tests/pytest_extension/issues/test_issue_so_76.py" line="50" name="test_value_tables_node[value_tables-2-value_table-2-_c-value_table_description-&quot;s&quot;--1.0-value_table_description-value_table]" time="0.005362272262573242"></testcase><testcase classname="pytest_cases.tests.pytest_extension.issues.test_issue_so_76" file="pytest_cases/tests/pytest_extension/issues/test_issue_so_76.py" line="50" name="test_value_tables_node[value_tables-2-value_table-2-_c-value_table_description-&quot;s&quot;-1.0-value_table_description-value_table]" time="0.0048694610595703125"></testcase><testcase classname="pytest_cases.tests.pytest_extension.issues.test_issue_so_76" file="pytest_cases/tests/pytest_extension/issues/test_issue_so_76.py" line="50" name="test_value_tables_node[value_tables-2-value_table-2-_c-value_table_description-&quot;_&quot;-0.0-value_table_description-value_table]" time="0.006377458572387695"></testcase><testcase classname="pytest_cases.tests.pytest_extension.issues.test_issue_so_76" file="pytest_cases/tests/pytest_extension/issues/test_issue_so_76.py" line="50" name="test_value_tables_node[value_tables-2-value_table-2-_c-value_table_description-&quot;_&quot;--1.0-value_table_description-value_table]" time="0.002321004867553711"></testcase><testcase classname="pytest_cases.tests.pytest_extension.issues.test_issue_so_76" file="pytest_cases/tests/pytest_extension/issues/test_issue_so_76.py" line="50" name="test_value_tables_node[value_tables-2-value_table-2-_c-value_table_description-&quot;_&quot;-1.0-value_table_description-value_table]" time="0.001260519027709961"></testcase><testcase classname="pytest_cases.tests.pytest_extension.issues.test_issue_so_76" file="pytest_cases/tests/pytest_extension/issues/test_issue_so_76.py" line="59" name="test_synthesis" time="0.007926225662231445"></testcase><testcase classname="pytest_cases.tests.pytest_extension.issues.test_parametrize_with_lists" file="pytest_cases/tests/pytest_extension/issues/test_parametrize_with_lists.py" line="14" name="test_dummy[0-0-0-0]" time="0.0020961761474609375"></testcase><testcase classname="pytest_cases.tests.pytest_extension.issues.test_parametrize_with_lists" file="pytest_cases/tests/pytest_extension/issues/test_parametrize_with_lists.py" line="14" name="test_dummy[0-0-1-1]" time="0.001466512680053711"></testcase><testcase classname="pytest_cases.tests.pytest_extension.issues.test_parametrize_with_lists" file="pytest_cases/tests/pytest_extension/issues/test_parametrize_with_lists.py" line="14" name="test_dummy[1-1-0-0]" time="0.0017845630645751953"></testcase><testcase classname="pytest_cases.tests.pytest_extension.issues.test_parametrize_with_lists" file="pytest_cases/tests/pytest_extension/issues/test_parametrize_with_lists.py" line="14" name="test_dummy[1-1-1-1]" time="0.0004401206970214844"></testcase><testcase classname="pytest_cases.tests.pytest_extension.issues.test_parametrize_with_lists" file="pytest_cases/tests/pytest_extension/issues/test_parametrize_with_lists.py" line="19" name="test_synthesis" time="0.007832050323486328"></testcase><testcase classname="pytest_cases.tests.pytest_extension.issues.test_pytest_py35_asyncio" file="pytest_cases/tests/pytest_extension/issues/test_pytest_py35_asyncio.py" line="7" name="test_x[0]" time="0.002602815628051758"><system-err>/home/travis/miniconda/envs/test-environment/lib/python3.5/site-packages/_pytest/python.py:287: RuntimeWarning: coroutine &apos;test_x&apos; was never awaited
  testfunction(**testargs)
</system-err></testcase><testcase classname="pytest_cases.tests.pytest_extension.meta.test_all" file="pytest_cases/tests/pytest_extension/meta/test_all.py" line="25" name="test_run_all_tests[session_optim]" time="0.05274844169616699"><system-out>
Config contents: import pytest

def pytest_configure(config):
    # change the option
    setattr(config.option, &apos;with_reorder&apos;, &apos;skip&apos;)

    # add dynamic fixture
    class DynamicFixturePlugin(object):
        @pytest.fixture(scope=&apos;session&apos;, params=[&apos;flavor1&apos;, &apos;flavor2&apos;], autouse=False)
        def flavor(self, request):
            print(&apos;flavor created:&apos;, request.param)
            return request.param

    config.pluginmanager.register(DynamicFixturePlugin(), &apos;flavor-fixture&apos;)


Testing that running pytest on file session_optim.py with config file /home/travis/build/smarie/python-pytest-cases/pytest_cases/tests/pytest_extension/meta/raw/session_optim/conf.py results in {&apos;failed&apos;: 0, &apos;skipped&apos;: 0, &apos;passed&apos;: 10}.
For debug, temp dir is: /tmp/pytest-of-travis/pytest-0/testdir/test_run_all_tests0
============================= test session starts ==============================
platform linux -- Python 3.5.6, pytest-2.9.2, py-1.10.0, pluggy-0.3.1
rootdir: /tmp/pytest-of-travis/pytest-0/testdir/test_run_all_tests0, inifile: 
plugins: steps-1.7.3, logging-2015.11.4, html-1.9.0, harvest-1.10.1, cases-2.7.3.dev23+g48a501e
collected 10 items

test_run_all_tests.py ..........

========================== 10 passed in 0.02 seconds ===========================
</system-out></testcase><testcase classname="pytest_cases.tests.pytest_extension.meta.test_all" file="pytest_cases/tests/pytest_extension/meta/test_all.py" line="25" name="test_run_all_tests[reorder_skip]" time="0.03542661666870117"><system-out>
Testing that running pytest on file reorder_skip.py with config file /home/travis/build/smarie/python-pytest-cases/pytest_cases/tests/pytest_extension/meta/raw/reorder_skip/conf.py results in {&apos;failed&apos;: 0, &apos;skipped&apos;: 0, &apos;passed&apos;: 3}.
For debug, temp dir is: /tmp/pytest-of-travis/pytest-0/testdir/test_run_all_tests1
============================= test session starts ==============================
platform linux -- Python 3.5.6, pytest-2.9.2, py-1.10.0, pluggy-0.3.1
rootdir: /tmp/pytest-of-travis/pytest-0/testdir/test_run_all_tests1, inifile: 
plugins: steps-1.7.3, logging-2015.11.4, html-1.9.0, harvest-1.10.1, cases-2.7.3.dev23+g48a501e
collected 4 items

test_run_all_tests.py ...

==================== 1 tests deselected by &quot;-m &apos;not black&apos;&quot; ====================
==================== 3 passed, 1 deselected in 0.01 seconds ====================
</system-out></testcase><testcase classname="pytest_cases.tests.pytest_extension.order.test_fixture_order_respects_scope" file="pytest_cases/tests/pytest_extension/order/test_fixture_order_respects_scope.py" line="24" name="test_value" time="0.0005259513854980469"><skipped message="This bug was not fixed in old pytest." type="pytest.skip">pytest_cases/tests/pytest_extension/order/test_fixture_order_respects_scope.py:24: &lt;py._xmlgen.raw object at 0x7fcaca7c0400&gt;</skipped></testcase><testcase classname="pytest_cases.tests.pytest_extension.order.session_optim.test_reorder_default_normal" file="pytest_cases/tests/pytest_extension/order/session_optim/test_reorder_default_normal.py" line="9" name="test_config" time="0.0019159317016601562"></testcase><testcase classname="pytest_cases.tests.pytest_extension.order.session_optim.test_reorder_default_normal" file="pytest_cases/tests/pytest_extension/order/session_optim/test_reorder_default_normal.py" line="24" name="test[flavor1-vxlan]" time="0.0023195743560791016"><system-out>flavor created: flavor1
encap created: vxlan
reprovision created: flavor1 vxlan
</system-out></testcase><testcase classname="pytest_cases.tests.pytest_extension.order.session_optim.test_reorder_default_normal" file="pytest_cases/tests/pytest_extension/order/session_optim/test_reorder_default_normal.py" line="28" name="test2[flavor1-vxlan]" time="0.002093076705932617"></testcase><testcase classname="pytest_cases.tests.pytest_extension.order.session_optim.test_reorder_default_normal" file="pytest_cases/tests/pytest_extension/order/session_optim/test_reorder_default_normal.py" line="24" name="test[flavor1-vlan]" time="0.0012714862823486328"><system-out>encap created: vlan
reprovision created: flavor1 vlan
</system-out></testcase><testcase classname="pytest_cases.tests.pytest_extension.order.session_optim.test_reorder_default_normal" file="pytest_cases/tests/pytest_extension/order/session_optim/test_reorder_default_normal.py" line="28" name="test2[flavor1-vlan]" time="0.0006744861602783203"></testcase><testcase classname="pytest_cases.tests.pytest_extension.order.session_optim.test_reorder_default_normal" file="pytest_cases/tests/pytest_extension/order/session_optim/test_reorder_default_normal.py" line="24" name="test[flavor2-vlan]" time="0.0008571147918701172"><system-out>flavor created: flavor2
reprovision created: flavor2 vlan
</system-out></testcase><testcase classname="pytest_cases.tests.pytest_extension.order.session_optim.test_reorder_default_normal" file="pytest_cases/tests/pytest_extension/order/session_optim/test_reorder_default_normal.py" line="28" name="test2[flavor2-vlan]" time="0.0004968643188476562"></testcase><testcase classname="pytest_cases.tests.pytest_extension.order.session_optim.test_reorder_default_normal" file="pytest_cases/tests/pytest_extension/order/session_optim/test_reorder_default_normal.py" line="24" name="test[flavor2-vxlan]" time="0.0007581710815429688"><system-out>encap created: vxlan
reprovision created: flavor2 vxlan
</system-out></testcase><testcase classname="pytest_cases.tests.pytest_extension.order.session_optim.test_reorder_default_normal" file="pytest_cases/tests/pytest_extension/order/session_optim/test_reorder_default_normal.py" line="28" name="test2[flavor2-vxlan]" time="0.0022954940795898438"></testcase><testcase classname="pytest_cases.tests.pytest_extension.order.session_optim.test_reorder_default_normal" file="pytest_cases/tests/pytest_extension/order/session_optim/test_reorder_default_normal.py" line="32" name="test_synthesis" time="0.001356363296508789"><skipped message="This &apos;optimal order&apos; was changed in some versions of pytest" type="pytest.skip">pytest_cases/tests/pytest_extension/order/session_optim/test_reorder_default_normal.py:32: &lt;py._xmlgen.raw object at 0x7fcacad197f0&gt;</skipped></testcase><testcase classname="pytest_cases.tests.pytest_extension.others.test_assert_exception" file="pytest_cases/tests/pytest_extension/others/test_assert_exception.py" line="9" name="test_assert_exception" time="0.003332376480102539"></testcase><testcase classname="pytest_cases.tests.pytest_extension.parametrize_plus.test_basics_misc" file="pytest_cases/tests/pytest_extension/parametrize_plus/test_basics_misc.py" line="19" name="test_extract_pset_info" time="0.0013155937194824219"></testcase><testcase classname="pytest_cases.tests.pytest_extension.parametrize_plus.test_basics_misc" file="pytest_cases/tests/pytest_extension/parametrize_plus/test_basics_misc.py" line="32" name="test_cart_product_pytest" time="0.003075122833251953"></testcase><testcase classname="pytest_cases.tests.pytest_extension.parametrize_plus.test_basics_misc" file="pytest_cases/tests/pytest_extension/parametrize_plus/test_basics_misc.py" line="63" name="test_argname_error" time="0.0018002986907958984"></testcase><testcase classname="pytest_cases.tests.pytest_extension.parametrize_plus.test_basics_misc" file="pytest_cases/tests/pytest_extension/parametrize_plus/test_basics_misc.py" line="73" name="test_get_argnames_argvalues[False]" time="0.0040187835693359375"></testcase><testcase classname="pytest_cases.tests.pytest_extension.parametrize_plus.test_basics_misc" file="pytest_cases/tests/pytest_extension/parametrize_plus/test_basics_misc.py" line="73" name="test_get_argnames_argvalues[True]" time="0.0008137226104736328"></testcase><testcase classname="pytest_cases.tests.pytest_extension.parametrize_plus.test_basics_misc" file="pytest_cases/tests/pytest_extension/parametrize_plus/test_basics_misc.py" line="157" name="test_idgen1[10yes-c2.1-a=True,b= -1]" time="0.0004756450653076172"></testcase><testcase classname="pytest_cases.tests.pytest_extension.parametrize_plus.test_basics_misc" file="pytest_cases/tests/pytest_extension/parametrize_plus/test_basics_misc.py" line="157" name="test_idgen1[10yes-c2.1-a=False,b=  3]" time="0.0016603469848632812"></testcase><testcase classname="pytest_cases.tests.pytest_extension.parametrize_plus.test_basics_misc" file="pytest_cases/tests/pytest_extension/parametrize_plus/test_basics_misc.py" line="157" name="test_idgen1[10yes-c0.0-a=True,b= -1]" time="0.0008265972137451172"></testcase><testcase classname="pytest_cases.tests.pytest_extension.parametrize_plus.test_basics_misc" file="pytest_cases/tests/pytest_extension/parametrize_plus/test_basics_misc.py" line="157" name="test_idgen1[10yes-c0.0-a=False,b=  3]" time="0.003116130828857422"></testcase><testcase classname="pytest_cases.tests.pytest_extension.parametrize_plus.test_basics_misc" file="pytest_cases/tests/pytest_extension/parametrize_plus/test_basics_misc.py" line="164" name="test_idgen1_synthesis" time="0.0032358169555664062"></testcase><testcase classname="pytest_cases.tests.pytest_extension.parametrize_plus.test_basics_misc" file="pytest_cases/tests/pytest_extension/parametrize_plus/test_basics_misc.py" line="181" name="test_alt_usage1[a=True,b=1.2 and   -1]" time="0.002893686294555664"></testcase><testcase classname="pytest_cases.tests.pytest_extension.parametrize_plus.test_basics_misc" file="pytest_cases/tests/pytest_extension/parametrize_plus/test_basics_misc.py" line="181" name="test_alt_usage1[a=True,b=0.0 and   -1]" time="0.0028841495513916016"></testcase><testcase classname="pytest_cases.tests.pytest_extension.parametrize_plus.test_basics_misc" file="pytest_cases/tests/pytest_extension/parametrize_plus/test_basics_misc.py" line="181" name="test_alt_usage1[a=True,b=1.2 and    2]" time="0.0022077560424804688"></testcase><testcase classname="pytest_cases.tests.pytest_extension.parametrize_plus.test_basics_misc" file="pytest_cases/tests/pytest_extension/parametrize_plus/test_basics_misc.py" line="181" name="test_alt_usage1[a=True,b=0.0 and    2]" time="0.0029604434967041016"></testcase><testcase classname="pytest_cases.tests.pytest_extension.parametrize_plus.test_basics_misc" file="pytest_cases/tests/pytest_extension/parametrize_plus/test_basics_misc.py" line="186" name="test_alt_usage1_synthesis" time="0.005106925964355469"></testcase><testcase classname="pytest_cases.tests.pytest_extension.parametrize_plus.test_basics_misc" file="pytest_cases/tests/pytest_extension/parametrize_plus/test_basics_misc.py" line="199" name="test_alt_usage2[b1e+00]" time="0.0007567405700683594"></testcase><testcase classname="pytest_cases.tests.pytest_extension.parametrize_plus.test_basics_misc" file="pytest_cases/tests/pytest_extension/parametrize_plus/test_basics_misc.py" line="199" name="test_alt_usage2[b0e+00]" time="0.0005517005920410156"></testcase><testcase classname="pytest_cases.tests.pytest_extension.parametrize_plus.test_basics_misc" file="pytest_cases/tests/pytest_extension/parametrize_plus/test_basics_misc.py" line="204" name="test_alt_usage2_synthesis" time="0.0036725997924804688"></testcase><testcase classname="pytest_cases.tests.pytest_extension.parametrize_plus.test_fixture_ref_basic1" file="pytest_cases/tests/pytest_extension/parametrize_plus/test_fixture_ref_basic1.py" line="20" name="test_prints[nothing-?]" time="0.0028820037841796875"><system-out>nothing?
</system-out></testcase><testcase classname="pytest_cases.tests.pytest_extension.parametrize_plus.test_fixture_ref_basic1" file="pytest_cases/tests/pytest_extension/parametrize_plus/test_fixture_ref_basic1.py" line="20" name="test_prints[nothing-!]" time="0.00392603874206543"><system-out>nothing!
</system-out></testcase><testcase classname="pytest_cases.tests.pytest_extension.parametrize_plus.test_fixture_ref_basic1" file="pytest_cases/tests/pytest_extension/parametrize_plus/test_fixture_ref_basic1.py" line="20" name="test_prints[world_str-?]" time="0.0026683807373046875"><system-out>world?
</system-out></testcase><testcase classname="pytest_cases.tests.pytest_extension.parametrize_plus.test_fixture_ref_basic1" file="pytest_cases/tests/pytest_extension/parametrize_plus/test_fixture_ref_basic1.py" line="20" name="test_prints[world_str-!]" time="0.003984928131103516"><system-out>world!
</system-out></testcase><testcase classname="pytest_cases.tests.pytest_extension.parametrize_plus.test_fixture_ref_basic1" file="pytest_cases/tests/pytest_extension/parametrize_plus/test_fixture_ref_basic1.py" line="20" name="test_prints[greetings-world_str-?]" time="0.004014253616333008"><system-out>hello world?
</system-out></testcase><testcase classname="pytest_cases.tests.pytest_extension.parametrize_plus.test_fixture_ref_basic1" file="pytest_cases/tests/pytest_extension/parametrize_plus/test_fixture_ref_basic1.py" line="20" name="test_prints[greetings-world_str-!]" time="0.004074811935424805"><system-out>hello world!
</system-out></testcase><testcase classname="pytest_cases.tests.pytest_extension.parametrize_plus.test_fixture_ref_basic1" file="pytest_cases/tests/pytest_extension/parametrize_plus/test_fixture_ref_basic1.py" line="20" name="test_prints[greetings-you-?]" time="0.004007101058959961"><system-out>hello you?
</system-out></testcase><testcase classname="pytest_cases.tests.pytest_extension.parametrize_plus.test_fixture_ref_basic1" file="pytest_cases/tests/pytest_extension/parametrize_plus/test_fixture_ref_basic1.py" line="20" name="test_prints[greetings-you-!]" time="0.0048563480377197266"><system-out>hello you!
</system-out></testcase><testcase classname="pytest_cases.tests.pytest_extension.parametrize_plus.test_fixture_ref_basic1" file="pytest_cases/tests/pytest_extension/parametrize_plus/test_fixture_ref_basic1.py" line="20" name="test_prints[global_fixture-?]" time="0.004355907440185547"><system-out>global?
</system-out></testcase><testcase classname="pytest_cases.tests.pytest_extension.parametrize_plus.test_fixture_ref_basic1" file="pytest_cases/tests/pytest_extension/parametrize_plus/test_fixture_ref_basic1.py" line="20" name="test_prints[global_fixture-!]" time="0.00428009033203125"><system-out>global!
</system-out></testcase><testcase classname="pytest_cases.tests.pytest_extension.parametrize_plus.test_fixture_ref_basic1" file="pytest_cases/tests/pytest_extension/parametrize_plus/test_fixture_ref_basic1.py" line="29" name="test_synthesis" time="0.006998300552368164"></testcase><testcase classname="pytest_cases.tests.pytest_extension.parametrize_plus.test_fixture_ref_basic1" file="pytest_cases/tests/pytest_extension/parametrize_plus/test_fixture_ref_basic1.py" line="47" name="test_foo[c]" time="0.0024700164794921875"></testcase><testcase classname="pytest_cases.tests.pytest_extension.parametrize_plus.test_fixture_ref_basic2" file="pytest_cases/tests/pytest_extension/parametrize_plus/test_fixture_ref_basic2.py" line="22" name="test_foo[z-bar]" time="0.002692699432373047"></testcase><testcase classname="pytest_cases.tests.pytest_extension.parametrize_plus.test_fixture_ref_basic2" file="pytest_cases/tests/pytest_extension/parametrize_plus/test_fixture_ref_basic2.py" line="22" name="test_foo[a-bar]" time="0.0011043548583984375"></testcase><testcase classname="pytest_cases.tests.pytest_extension.parametrize_plus.test_fixture_ref_basic2" file="pytest_cases/tests/pytest_extension/parametrize_plus/test_fixture_ref_basic2.py" line="22" name="test_foo[b-a-bar]" time="0.0014486312866210938"></testcase><testcase classname="pytest_cases.tests.pytest_extension.parametrize_plus.test_fixture_ref_basic2" file="pytest_cases/tests/pytest_extension/parametrize_plus/test_fixture_ref_basic2.py" line="22" name="test_foo[b-o-bar]" time="0.0010869503021240234"></testcase><testcase classname="pytest_cases.tests.pytest_extension.parametrize_plus.test_fixture_ref_basic2" file="pytest_cases/tests/pytest_extension/parametrize_plus/test_fixture_ref_basic2.py" line="22" name="test_foo[o-bar]" time="0.0033414363861083984"></testcase><testcase classname="pytest_cases.tests.pytest_extension.parametrize_plus.test_fixture_ref_basic2" file="pytest_cases/tests/pytest_extension/parametrize_plus/test_fixture_ref_basic2.py" line="36" name="test_synthesis" time="0.0065691471099853516"></testcase><testcase classname="pytest_cases.tests.pytest_extension.parametrize_plus.test_fixture_ref_basic3_tuples" file="pytest_cases/tests/pytest_extension/parametrize_plus/test_fixture_ref_basic3_tuples.py" line="27" name="test_prints[a-1]" time="0.004607439041137695"><system-out>a 1
</system-out></testcase><testcase classname="pytest_cases.tests.pytest_extension.parametrize_plus.test_fixture_ref_basic3_tuples" file="pytest_cases/tests/pytest_extension/parametrize_plus/test_fixture_ref_basic3_tuples.py" line="27" name="test_prints[myfix-2-b]" time="0.004382610321044922"><system-out>b 2
</system-out></testcase><testcase classname="pytest_cases.tests.pytest_extension.parametrize_plus.test_fixture_ref_basic3_tuples" file="pytest_cases/tests/pytest_extension/parametrize_plus/test_fixture_ref_basic3_tuples.py" line="27" name="test_prints[myfix-2-c]" time="0.0031485557556152344"><system-out>c 2
</system-out></testcase><testcase classname="pytest_cases.tests.pytest_extension.parametrize_plus.test_fixture_ref_basic3_tuples" file="pytest_cases/tests/pytest_extension/parametrize_plus/test_fixture_ref_basic3_tuples.py" line="27" name="test_prints[myfix-myfix2-b-0]" time="0.004783153533935547"><system-out>b 0
</system-out></testcase><testcase classname="pytest_cases.tests.pytest_extension.parametrize_plus.test_fixture_ref_basic3_tuples" file="pytest_cases/tests/pytest_extension/parametrize_plus/test_fixture_ref_basic3_tuples.py" line="27" name="test_prints[myfix-myfix2-b--1]" time="0.0043392181396484375"><system-out>b -1
</system-out></testcase><testcase classname="pytest_cases.tests.pytest_extension.parametrize_plus.test_fixture_ref_basic3_tuples" file="pytest_cases/tests/pytest_extension/parametrize_plus/test_fixture_ref_basic3_tuples.py" line="27" name="test_prints[myfix-myfix2-c-0]" time="0.004476308822631836"><system-out>c 0
</system-out></testcase><testcase classname="pytest_cases.tests.pytest_extension.parametrize_plus.test_fixture_ref_basic3_tuples" file="pytest_cases/tests/pytest_extension/parametrize_plus/test_fixture_ref_basic3_tuples.py" line="27" name="test_prints[myfix-myfix2-c--1]" time="0.00414586067199707"><system-out>c -1
</system-out></testcase><testcase classname="pytest_cases.tests.pytest_extension.parametrize_plus.test_fixture_ref_basic3_tuples" file="pytest_cases/tests/pytest_extension/parametrize_plus/test_fixture_ref_basic3_tuples.py" line="27" name="test_prints[myfix-myfix-b]" time="0.0043926239013671875"><system-out>b b
</system-out></testcase><testcase classname="pytest_cases.tests.pytest_extension.parametrize_plus.test_fixture_ref_basic3_tuples" file="pytest_cases/tests/pytest_extension/parametrize_plus/test_fixture_ref_basic3_tuples.py" line="27" name="test_prints[myfix-myfix-c]" time="0.002899169921875"><system-out>c c
</system-out></testcase><testcase classname="pytest_cases.tests.pytest_extension.parametrize_plus.test_fixture_ref_basic3_tuples" file="pytest_cases/tests/pytest_extension/parametrize_plus/test_fixture_ref_basic3_tuples.py" line="27" name="test_prints[my_tuple-d-3]" time="0.0033767223358154297"><system-out>d 3
</system-out></testcase><testcase classname="pytest_cases.tests.pytest_extension.parametrize_plus.test_fixture_ref_basic3_tuples" file="pytest_cases/tests/pytest_extension/parametrize_plus/test_fixture_ref_basic3_tuples.py" line="27" name="test_prints[my_tuple-e-4]" time="0.001260519027709961"><system-out>e 4
</system-out></testcase><testcase classname="pytest_cases.tests.pytest_extension.parametrize_plus.test_fixture_ref_basic3_tuples" file="pytest_cases/tests/pytest_extension/parametrize_plus/test_fixture_ref_basic3_tuples.py" line="36" name="test_synthesis" time="0.0039212703704833984"></testcase><testcase classname="pytest_cases.tests.pytest_extension.parametrize_plus.test_fixture_ref_basic4_ids" file="pytest_cases/tests/pytest_extension/parametrize_plus/test_fixture_ref_basic4_ids.py" line="31" name="test_foo_explicit[(arg1,arg2)/P0:2-1-None]" time="0.0008661746978759766"><system-out>1 None
</system-out></testcase><testcase classname="pytest_cases.tests.pytest_extension.parametrize_plus.test_fixture_ref_basic4_ids" file="pytest_cases/tests/pytest_extension/parametrize_plus/test_fixture_ref_basic4_ids.py" line="31" name="test_foo_explicit[(arg1,arg2)/P0:2-None-2]" time="0.0013229846954345703"><system-out>None 2
</system-out></testcase><testcase classname="pytest_cases.tests.pytest_extension.parametrize_plus.test_fixture_ref_basic4_ids" file="pytest_cases/tests/pytest_extension/parametrize_plus/test_fixture_ref_basic4_ids.py" line="31" name="test_foo_explicit[(arg1,arg2)/a]" time="0.0015568733215332031"><system-out>A AA
</system-out></testcase><testcase classname="pytest_cases.tests.pytest_extension.parametrize_plus.test_fixture_ref_basic4_ids" file="pytest_cases/tests/pytest_extension/parametrize_plus/test_fixture_ref_basic4_ids.py" line="31" name="test_foo_explicit[(arg1,arg2)/aaa]" time="0.0011665821075439453"><system-out>A AA
</system-out></testcase><testcase classname="pytest_cases.tests.pytest_extension.parametrize_plus.test_fixture_ref_basic4_ids" file="pytest_cases/tests/pytest_extension/parametrize_plus/test_fixture_ref_basic4_ids.py" line="31" name="test_foo_explicit[(arg1,arg2)/4-4]" time="0.0022001266479492188"><system-out>4 4
</system-out></testcase><testcase classname="pytest_cases.tests.pytest_extension.parametrize_plus.test_fixture_ref_basic4_ids" file="pytest_cases/tests/pytest_extension/parametrize_plus/test_fixture_ref_basic4_ids.py" line="31" name="test_foo_explicit[(arg1,arg2)/1-a]" time="0.003993511199951172"><system-out>1 (&apos;A&apos;, &apos;AA&apos;)
</system-out></testcase><testcase classname="pytest_cases.tests.pytest_extension.parametrize_plus.test_fixture_ref_basic4_ids" file="pytest_cases/tests/pytest_extension/parametrize_plus/test_fixture_ref_basic4_ids.py" line="31" name="test_foo_explicit[(arg1,arg2)/3-b-1]" time="0.005006074905395508"><system-out>3 B1
</system-out></testcase><testcase classname="pytest_cases.tests.pytest_extension.parametrize_plus.test_fixture_ref_basic4_ids" file="pytest_cases/tests/pytest_extension/parametrize_plus/test_fixture_ref_basic4_ids.py" line="31" name="test_foo_explicit[(arg1,arg2)/3-b-2]" time="0.0038840770721435547"><system-out>3 B2
</system-out></testcase><testcase classname="pytest_cases.tests.pytest_extension.parametrize_plus.test_fixture_ref_basic4_ids" file="pytest_cases/tests/pytest_extension/parametrize_plus/test_fixture_ref_basic4_ids.py" line="36" name="test_foo_compact[/P0:2-1-None]" time="0.004559755325317383"><system-out>1 None
</system-out></testcase><testcase classname="pytest_cases.tests.pytest_extension.parametrize_plus.test_fixture_ref_basic4_ids" file="pytest_cases/tests/pytest_extension/parametrize_plus/test_fixture_ref_basic4_ids.py" line="36" name="test_foo_compact[/P0:2-None-2]" time="0.0035071372985839844"><system-out>None 2
</system-out></testcase><testcase classname="pytest_cases.tests.pytest_extension.parametrize_plus.test_fixture_ref_basic4_ids" file="pytest_cases/tests/pytest_extension/parametrize_plus/test_fixture_ref_basic4_ids.py" line="36" name="test_foo_compact[/a]" time="0.002978086471557617"><system-out>A AA
</system-out></testcase><testcase classname="pytest_cases.tests.pytest_extension.parametrize_plus.test_fixture_ref_basic4_ids" file="pytest_cases/tests/pytest_extension/parametrize_plus/test_fixture_ref_basic4_ids.py" line="36" name="test_foo_compact[/aaa]" time="0.0015523433685302734"><system-out>A AA
</system-out></testcase><testcase classname="pytest_cases.tests.pytest_extension.parametrize_plus.test_fixture_ref_basic4_ids" file="pytest_cases/tests/pytest_extension/parametrize_plus/test_fixture_ref_basic4_ids.py" line="36" name="test_foo_compact[/4-4]" time="0.0011477470397949219"><system-out>4 4
</system-out></testcase><testcase classname="pytest_cases.tests.pytest_extension.parametrize_plus.test_fixture_ref_basic4_ids" file="pytest_cases/tests/pytest_extension/parametrize_plus/test_fixture_ref_basic4_ids.py" line="36" name="test_foo_compact[/1-a]" time="0.0011632442474365234"><system-out>1 (&apos;A&apos;, &apos;AA&apos;)
</system-out></testcase><testcase classname="pytest_cases.tests.pytest_extension.parametrize_plus.test_fixture_ref_basic4_ids" file="pytest_cases/tests/pytest_extension/parametrize_plus/test_fixture_ref_basic4_ids.py" line="36" name="test_foo_compact[/3-b-1]" time="0.002210378646850586"><system-out>3 B1
</system-out></testcase><testcase classname="pytest_cases.tests.pytest_extension.parametrize_plus.test_fixture_ref_basic4_ids" file="pytest_cases/tests/pytest_extension/parametrize_plus/test_fixture_ref_basic4_ids.py" line="36" name="test_foo_compact[/3-b-2]" time="0.004010200500488281"><system-out>3 B2
</system-out></testcase><testcase classname="pytest_cases.tests.pytest_extension.parametrize_plus.test_fixture_ref_basic4_ids" file="pytest_cases/tests/pytest_extension/parametrize_plus/test_fixture_ref_basic4_ids.py" line="41" name="test_foo_nostyle[1-None]" time="0.002305746078491211"><system-out>1 None
</system-out></testcase><testcase classname="pytest_cases.tests.pytest_extension.parametrize_plus.test_fixture_ref_basic4_ids" file="pytest_cases/tests/pytest_extension/parametrize_plus/test_fixture_ref_basic4_ids.py" line="41" name="test_foo_nostyle[None-2]" time="0.003612995147705078"><system-out>None 2
</system-out></testcase><testcase classname="pytest_cases.tests.pytest_extension.parametrize_plus.test_fixture_ref_basic4_ids" file="pytest_cases/tests/pytest_extension/parametrize_plus/test_fixture_ref_basic4_ids.py" line="41" name="test_foo_nostyle[a]" time="0.002829313278198242"><system-out>A AA
</system-out></testcase><testcase classname="pytest_cases.tests.pytest_extension.parametrize_plus.test_fixture_ref_basic4_ids" file="pytest_cases/tests/pytest_extension/parametrize_plus/test_fixture_ref_basic4_ids.py" line="41" name="test_foo_nostyle[aaa]" time="0.0030231475830078125"><system-out>A AA
</system-out></testcase><testcase classname="pytest_cases.tests.pytest_extension.parametrize_plus.test_fixture_ref_basic4_ids" file="pytest_cases/tests/pytest_extension/parametrize_plus/test_fixture_ref_basic4_ids.py" line="41" name="test_foo_nostyle[4-4]" time="0.004090070724487305"><system-out>4 4
</system-out></testcase><testcase classname="pytest_cases.tests.pytest_extension.parametrize_plus.test_fixture_ref_basic4_ids" file="pytest_cases/tests/pytest_extension/parametrize_plus/test_fixture_ref_basic4_ids.py" line="41" name="test_foo_nostyle[1-a]" time="0.002409219741821289"><system-out>1 (&apos;A&apos;, &apos;AA&apos;)
</system-out></testcase><testcase classname="pytest_cases.tests.pytest_extension.parametrize_plus.test_fixture_ref_basic4_ids" file="pytest_cases/tests/pytest_extension/parametrize_plus/test_fixture_ref_basic4_ids.py" line="41" name="test_foo_nostyle[3-b-1]" time="0.001184701919555664"><system-out>3 B1
</system-out></testcase><testcase classname="pytest_cases.tests.pytest_extension.parametrize_plus.test_fixture_ref_basic4_ids" file="pytest_cases/tests/pytest_extension/parametrize_plus/test_fixture_ref_basic4_ids.py" line="41" name="test_foo_nostyle[3-b-2]" time="0.0011954307556152344"><system-out>3 B2
</system-out></testcase><testcase classname="pytest_cases.tests.pytest_extension.parametrize_plus.test_fixture_ref_basic4_ids" file="pytest_cases/tests/pytest_extension/parametrize_plus/test_fixture_ref_basic4_ids.py" line="46" name="test_synthesis" time="0.005513191223144531"></testcase><testcase classname="pytest_cases.tests.pytest_extension.parametrize_plus.test_getcallspecs" file="pytest_cases/tests/pytest_extension/parametrize_plus/test_getcallspecs.py" line="12" name="test_getcallspecs[False]" time="0.0013592243194580078"></testcase><testcase classname="pytest_cases.tests.pytest_extension.parametrize_plus.test_getcallspecs" file="pytest_cases/tests/pytest_extension/parametrize_plus/test_getcallspecs.py" line="12" name="test_getcallspecs[True]" time="0.00146484375"></testcase><testcase classname="pytest_cases.tests.pytest_extension.parametrize_plus.test_lazy_value" file="pytest_cases/tests/pytest_extension/parametrize_plus/test_lazy_value.py" line="26" name="test_foo_single[val]" time="0.0006244182586669922"></testcase><testcase classname="pytest_cases.tests.pytest_extension.parametrize_plus.test_lazy_value" file="pytest_cases/tests/pytest_extension/parametrize_plus/test_lazy_value.py" line="26" name="test_foo_single[val_skipped_on_old_pytest]" time="0.0006215572357177734"><skipped message="well" type="pytest.skip">pytest_cases/tests/pytest_extension/parametrize_plus/test_lazy_value.py:26: &lt;py._xmlgen.raw object at 0x7fcaca7b5198&gt;</skipped></testcase><testcase classname="pytest_cases.tests.pytest_extension.parametrize_plus.test_lazy_value" file="pytest_cases/tests/pytest_extension/parametrize_plus/test_lazy_value.py" line="26" name="test_foo_single[A]" time="0.0005600452423095703"></testcase><testcase classname="pytest_cases.tests.pytest_extension.parametrize_plus.test_lazy_value" file="pytest_cases/tests/pytest_extension/parametrize_plus/test_lazy_value.py" line="34" name="test_foo_multi[valtuple[0]-valtuple[1]]" time="0.0007257461547851562"></testcase><testcase classname="pytest_cases.tests.pytest_extension.parametrize_plus.test_lazy_value" file="pytest_cases/tests/pytest_extension/parametrize_plus/test_lazy_value.py" line="34" name="test_foo_multi[1-val]" time="0.0018725395202636719"></testcase><testcase classname="pytest_cases.tests.pytest_extension.parametrize_plus.test_lazy_value" file="pytest_cases/tests/pytest_extension/parametrize_plus/test_lazy_value.py" line="41" name="test_synthesis" time="0.005609035491943359"></testcase><testcase classname="pytest_cases.tests.pytest_extension.parametrize_plus.test_lazy_value__custom_ids" file="pytest_cases/tests/pytest_extension/parametrize_plus/test_lazy_value__custom_ids.py" line="38" name="test_foo_single[a=val]" time="0.0024089813232421875"></testcase><testcase classname="pytest_cases.tests.pytest_extension.parametrize_plus.test_lazy_value__custom_ids" file="pytest_cases/tests/pytest_extension/parametrize_plus/test_lazy_value__custom_ids.py" line="38" name="test_foo_single[a=val_skipped_on_old_pytest]" time="0.0005781650543212891"><skipped message="well" type="pytest.skip">pytest_cases/tests/pytest_extension/parametrize_plus/test_lazy_value__custom_ids.py:38: &lt;py._xmlgen.raw object at 0x7fcaca742898&gt;</skipped></testcase><testcase classname="pytest_cases.tests.pytest_extension.parametrize_plus.test_lazy_value__custom_ids" file="pytest_cases/tests/pytest_extension/parametrize_plus/test_lazy_value__custom_ids.py" line="38" name="test_foo_single[a=A]" time="0.0017693042755126953"></testcase><testcase classname="pytest_cases.tests.pytest_extension.parametrize_plus.test_lazy_value__custom_ids" file="pytest_cases/tests/pytest_extension/parametrize_plus/test_lazy_value__custom_ids.py" line="46" name="test_foo_multi[a=valtuple[0]-b=valtuple[1]]" time="0.0012972354888916016"></testcase><testcase classname="pytest_cases.tests.pytest_extension.parametrize_plus.test_lazy_value__custom_ids" file="pytest_cases/tests/pytest_extension/parametrize_plus/test_lazy_value__custom_ids.py" line="46" name="test_foo_multi[a=1-b=val]" time="0.002801179885864258"></testcase><testcase classname="pytest_cases.tests.pytest_extension.parametrize_plus.test_lazy_value__custom_ids" file="pytest_cases/tests/pytest_extension/parametrize_plus/test_lazy_value__custom_ids.py" line="53" name="test_synthesis" time="0.0031354427337646484"></testcase><testcase classname="pytest_cases.tests.pytest_extension.parametrize_plus.test_lazy_value_and_fixture_ref" file="pytest_cases/tests/pytest_extension/parametrize_plus/test_lazy_value_and_fixture_ref.py" line="21" name="test_foo_single[val]" time="0.0008373260498046875"></testcase><testcase classname="pytest_cases.tests.pytest_extension.parametrize_plus.test_lazy_value_and_fixture_ref" file="pytest_cases/tests/pytest_extension/parametrize_plus/test_lazy_value_and_fixture_ref.py" line="21" name="test_foo_single[bfix-5]" time="0.0035240650177001953"></testcase><testcase classname="pytest_cases.tests.pytest_extension.parametrize_plus.test_lazy_value_and_fixture_ref" file="pytest_cases/tests/pytest_extension/parametrize_plus/test_lazy_value_and_fixture_ref.py" line="21" name="test_foo_single[bfix-7]" time="0.003831624984741211"></testcase><testcase classname="pytest_cases.tests.pytest_extension.parametrize_plus.test_lazy_value_and_fixture_ref" file="pytest_cases/tests/pytest_extension/parametrize_plus/test_lazy_value_and_fixture_ref.py" line="21" name="test_foo_single[A]" time="0.0016925334930419922"></testcase><testcase classname="pytest_cases.tests.pytest_extension.parametrize_plus.test_lazy_value_and_fixture_ref" file="pytest_cases/tests/pytest_extension/parametrize_plus/test_lazy_value_and_fixture_ref.py" line="29" name="test_synthesis2" time="0.0038700103759765625"></testcase><testcase classname="pytest_cases.tests.pytest_extension.parametrize_plus.test_lazy_value_and_fixture_ref2" file="pytest_cases/tests/pytest_extension/parametrize_plus/test_lazy_value_and_fixture_ref2.py" line="46" name="test_foo_multi[valtuple]" time="0.0015647411346435547"></testcase><testcase classname="pytest_cases.tests.pytest_extension.parametrize_plus.test_lazy_value_and_fixture_ref2" file="pytest_cases/tests/pytest_extension/parametrize_plus/test_lazy_value_and_fixture_ref2.py" line="46" name="test_foo_multi[A]" time="0.0012693405151367188"></testcase><testcase classname="pytest_cases.tests.pytest_extension.parametrize_plus.test_lazy_value_and_fixture_ref2" file="pytest_cases/tests/pytest_extension/parametrize_plus/test_lazy_value_and_fixture_ref2.py" line="46" name="test_foo_multi[tfix-13]" time="0.0015845298767089844"></testcase><testcase classname="pytest_cases.tests.pytest_extension.parametrize_plus.test_lazy_value_and_fixture_ref2" file="pytest_cases/tests/pytest_extension/parametrize_plus/test_lazy_value_and_fixture_ref2.py" line="46" name="test_foo_multi[tfix-11]" time="0.0010442733764648438"></testcase><testcase classname="pytest_cases.tests.pytest_extension.parametrize_plus.test_lazy_value_and_fixture_ref2" file="pytest_cases/tests/pytest_extension/parametrize_plus/test_lazy_value_and_fixture_ref2.py" line="46" name="test_foo_multi[vfix-val-5]" time="0.0010561943054199219"></testcase><testcase classname="pytest_cases.tests.pytest_extension.parametrize_plus.test_lazy_value_and_fixture_ref2" file="pytest_cases/tests/pytest_extension/parametrize_plus/test_lazy_value_and_fixture_ref2.py" line="46" name="test_foo_multi[vfix-val-7]" time="0.0010724067687988281"></testcase><testcase classname="pytest_cases.tests.pytest_extension.parametrize_plus.test_lazy_value_and_fixture_ref2" file="pytest_cases/tests/pytest_extension/parametrize_plus/test_lazy_value_and_fixture_ref2.py" line="46" name="test_foo_multi[B-vfix-5]" time="0.003116130828857422"></testcase><testcase classname="pytest_cases.tests.pytest_extension.parametrize_plus.test_lazy_value_and_fixture_ref2" file="pytest_cases/tests/pytest_extension/parametrize_plus/test_lazy_value_and_fixture_ref2.py" line="46" name="test_foo_multi[B-vfix-7]" time="0.0032262802124023438"></testcase><testcase classname="pytest_cases.tests.pytest_extension.parametrize_plus.test_lazy_value_and_fixture_ref2" file="pytest_cases/tests/pytest_extension/parametrize_plus/test_lazy_value_and_fixture_ref2.py" line="46" name="test_foo_multi[vfix-vfix-5]" time="0.002089262008666992"></testcase><testcase classname="pytest_cases.tests.pytest_extension.parametrize_plus.test_lazy_value_and_fixture_ref2" file="pytest_cases/tests/pytest_extension/parametrize_plus/test_lazy_value_and_fixture_ref2.py" line="46" name="test_foo_multi[vfix-vfix-7]" time="0.0046503543853759766"></testcase><testcase classname="pytest_cases.tests.pytest_extension.parametrize_plus.test_lazy_value_and_fixture_ref2" file="pytest_cases/tests/pytest_extension/parametrize_plus/test_lazy_value_and_fixture_ref2.py" line="60" name="test_synthesis2" time="0.006783008575439453"></testcase><testcase classname="pytest_cases.tests.pytest_extension.parametrize_plus.test_lazy_value_and_fixture_ref3" file="pytest_cases/tests/pytest_extension/parametrize_plus/test_lazy_value_and_fixture_ref3.py" line="46" name="test_foo_multi[valtuple]" time="0.0037927627563476562"></testcase><testcase classname="pytest_cases.tests.pytest_extension.parametrize_plus.test_lazy_value_and_fixture_ref3" file="pytest_cases/tests/pytest_extension/parametrize_plus/test_lazy_value_and_fixture_ref3.py" line="46" name="test_foo_multi[A]" time="0.0040018558502197266"></testcase><testcase classname="pytest_cases.tests.pytest_extension.parametrize_plus.test_lazy_value_and_fixture_ref3" file="pytest_cases/tests/pytest_extension/parametrize_plus/test_lazy_value_and_fixture_ref3.py" line="46" name="test_foo_multi[tfix-val]" time="0.0037484169006347656"></testcase><testcase classname="pytest_cases.tests.pytest_extension.parametrize_plus.test_lazy_value_and_fixture_ref3" file="pytest_cases/tests/pytest_extension/parametrize_plus/test_lazy_value_and_fixture_ref3.py" line="46" name="test_foo_multi[tfix-11]" time="0.0007166862487792969"></testcase><testcase classname="pytest_cases.tests.pytest_extension.parametrize_plus.test_lazy_value_and_fixture_ref3" file="pytest_cases/tests/pytest_extension/parametrize_plus/test_lazy_value_and_fixture_ref3.py" line="46" name="test_foo_multi[vfix-val-5]" time="0.002069234848022461"></testcase><testcase classname="pytest_cases.tests.pytest_extension.parametrize_plus.test_lazy_value_and_fixture_ref3" file="pytest_cases/tests/pytest_extension/parametrize_plus/test_lazy_value_and_fixture_ref3.py" line="46" name="test_foo_multi[vfix-val-val]" time="0.005217075347900391"></testcase><testcase classname="pytest_cases.tests.pytest_extension.parametrize_plus.test_lazy_value_and_fixture_ref3" file="pytest_cases/tests/pytest_extension/parametrize_plus/test_lazy_value_and_fixture_ref3.py" line="46" name="test_foo_multi[B-vfix-5]" time="0.0013959407806396484"></testcase><testcase classname="pytest_cases.tests.pytest_extension.parametrize_plus.test_lazy_value_and_fixture_ref3" file="pytest_cases/tests/pytest_extension/parametrize_plus/test_lazy_value_and_fixture_ref3.py" line="46" name="test_foo_multi[B-vfix-val]" time="0.0029916763305664062"></testcase><testcase classname="pytest_cases.tests.pytest_extension.parametrize_plus.test_lazy_value_and_fixture_ref3" file="pytest_cases/tests/pytest_extension/parametrize_plus/test_lazy_value_and_fixture_ref3.py" line="46" name="test_foo_multi[vfix-vfix-5]" time="0.0038671493530273438"></testcase><testcase classname="pytest_cases.tests.pytest_extension.parametrize_plus.test_lazy_value_and_fixture_ref3" file="pytest_cases/tests/pytest_extension/parametrize_plus/test_lazy_value_and_fixture_ref3.py" line="46" name="test_foo_multi[vfix-vfix-val]" time="0.0041158199310302734"></testcase><testcase classname="pytest_cases.tests.pytest_extension.parametrize_plus.test_lazy_value_and_fixture_ref3" file="pytest_cases/tests/pytest_extension/parametrize_plus/test_lazy_value_and_fixture_ref3.py" line="60" name="test_synthesis2" time="0.006259918212890625"></testcase><testcase classname="pytest_cases.tests.pytest_extension.parametrize_plus.test_lazy_value_low_level" file="pytest_cases/tests/pytest_extension/parametrize_plus/test_lazy_value_low_level.py" line="16" name="test_value_ref" time="0.001741170883178711"></testcase><testcase classname="pytest_cases.tests.pytest_extension.parametrize_plus.test_lazy_value_low_level" file="pytest_cases/tests/pytest_extension/parametrize_plus/test_lazy_value_low_level.py" line="100" name="test_lv_clone" time="0.002132892608642578"></testcase><testcase classname="pytest_cases.tests.pytest_extension.parametrize_plus.test_lazy_value_low_level" file="pytest_cases/tests/pytest_extension/parametrize_plus/test_lazy_value_low_level.py" line="125" name="test_lv_tuple_clone" time="0.0008237361907958984"></testcase><testcase classname="pytest_cases.tests.pytest_extension.parametrize_plus.test_lazy_value_so" file="pytest_cases/tests/pytest_extension/parametrize_plus/test_lazy_value_so.py" line="32" name="test_foo[get_param(0)]" time="0.0008072853088378906"><system-out>0.5707083570740837
</system-out></testcase><testcase classname="pytest_cases.tests.pytest_extension.parametrize_plus.test_lazy_value_so" file="pytest_cases/tests/pytest_extension/parametrize_plus/test_lazy_value_so.py" line="32" name="test_foo[get_param(1)]" time="0.0012650489807128906"><system-out>0.4527890084668489
</system-out></testcase><testcase classname="pytest_cases.tests.pytest_extension.parametrize_plus.test_lazy_value_so" file="pytest_cases/tests/pytest_extension/parametrize_plus/test_lazy_value_so.py" line="32" name="test_foo[get_param(2)]" time="0.0005552768707275391"><system-out>0.5795076296468312
</system-out></testcase><testcase classname="pytest_cases.tests.pytest_extension.parametrize_plus.test_lazy_value_so" file="pytest_cases/tests/pytest_extension/parametrize_plus/test_lazy_value_so.py" line="32" name="test_foo[get_param(3)]" time="0.00055694580078125"><system-out>0.8498292147211629
</system-out></testcase><testcase classname="pytest_cases.tests.pytest_extension.parametrize_plus.test_lazy_value_so" file="pytest_cases/tests/pytest_extension/parametrize_plus/test_lazy_value_so.py" line="32" name="test_foo[get_param(4)]" time="0.0018956661224365234"><system-out>0.23259762039644494
</system-out></testcase><testcase classname="pytest_cases.tests.pytest_extension.parametrize_plus.test_lazy_value_so" file="pytest_cases/tests/pytest_extension/parametrize_plus/test_lazy_value_so.py" line="32" name="test_foo[get_param(5)]" time="0.0003993511199951172"><system-out>0.3380287732366606
</system-out></testcase><testcase classname="pytest_cases.tests.pytest_extension.parametrize_plus.test_lazy_value_so" file="pytest_cases/tests/pytest_extension/parametrize_plus/test_lazy_value_so.py" line="32" name="test_foo[get_param(6)]" time="0.0005586147308349609"><system-out>0.4751091871158115
</system-out></testcase><testcase classname="pytest_cases.tests.pytest_extension.parametrize_plus.test_lazy_value_so" file="pytest_cases/tests/pytest_extension/parametrize_plus/test_lazy_value_so.py" line="32" name="test_foo[get_param(7)]" time="0.00036454200744628906"><system-out>0.8499064327170971
</system-out></testcase><testcase classname="pytest_cases.tests.pytest_extension.parametrize_plus.test_lazy_value_so" file="pytest_cases/tests/pytest_extension/parametrize_plus/test_lazy_value_so.py" line="32" name="test_foo[get_param(8)]" time="0.0003592967987060547"><system-out>0.29213821635006365
</system-out></testcase><testcase classname="pytest_cases.tests.pytest_extension.parametrize_plus.test_lazy_value_so" file="pytest_cases/tests/pytest_extension/parametrize_plus/test_lazy_value_so.py" line="32" name="test_foo[get_param(9)]" time="0.0012614727020263672"><system-out>0.20691153379465133
</system-out></testcase><testcase classname="pytest_cases.tests.pytest_extension.parametrize_plus.test_so2" file="pytest_cases/tests/pytest_extension/parametrize_plus/test_so2.py" line="67" name="test_databases[data_from_datasetA-idx=0]" time="0.005300045013427734"><system-out>setting up dataset A
setting up dataset B
data1_a
</system-out></testcase><testcase classname="pytest_cases.tests.pytest_extension.parametrize_plus.test_so2" file="pytest_cases/tests/pytest_extension/parametrize_plus/test_so2.py" line="67" name="test_databases[data_from_datasetB-idx=0]" time="0.006218910217285156"></testcase><testcase classname="pytest_cases.tests.pytest_extension.parametrize_plus.test_so2" file="pytest_cases/tests/pytest_extension/parametrize_plus/test_so2.py" line="67" name="test_databases[data_from_datasetA-idx=1]" time="0.0036096572875976562"><system-out>data2_a
</system-out></testcase><testcase classname="pytest_cases.tests.pytest_extension.parametrize_plus.test_so2" file="pytest_cases/tests/pytest_extension/parametrize_plus/test_so2.py" line="67" name="test_databases[data_from_datasetA-idx=2]" time="0.003592252731323242"><system-out>data3_a
</system-out></testcase><testcase classname="pytest_cases.tests.pytest_extension.parametrize_plus.test_so2" file="pytest_cases/tests/pytest_extension/parametrize_plus/test_so2.py" line="67" name="test_databases[data_from_datasetB-idx=1]" time="0.0010111331939697266"><system-out>data2_b
</system-out></testcase><testcase classname="pytest_cases.tests.pytest_extension.parametrize_plus.test_so2" file="pytest_cases/tests/pytest_extension/parametrize_plus/test_so2.py" line="67" name="test_databases[data_from_datasetB-idx=2]" time="0.0013017654418945312"><system-out>data3_b
</system-out></testcase><testcase classname="pytest_cases.tests.pytest_extension.parametrize_plus.test_so2_dynamic" file="pytest_cases/tests/pytest_extension/parametrize_plus/test_so2_dynamic.py" line="42" name="test_databases[data_from_DB-idx=0]" time="0.0029718875885009766"><system-out>setting up dataset DB
setting up dataset DA
data1_b
</system-out></testcase><testcase classname="pytest_cases.tests.pytest_extension.parametrize_plus.test_so2_dynamic" file="pytest_cases/tests/pytest_extension/parametrize_plus/test_so2_dynamic.py" line="42" name="test_databases[data_from_DA-idx=0]" time="0.0031328201293945312"></testcase><testcase classname="pytest_cases.tests.pytest_extension.parametrize_plus.test_so2_dynamic" file="pytest_cases/tests/pytest_extension/parametrize_plus/test_so2_dynamic.py" line="42" name="test_databases[data_from_DB-idx=1]" time="0.0029578208923339844"><system-out>data2_b
</system-out></testcase><testcase classname="pytest_cases.tests.pytest_extension.parametrize_plus.test_so2_dynamic" file="pytest_cases/tests/pytest_extension/parametrize_plus/test_so2_dynamic.py" line="42" name="test_databases[data_from_DA-idx=1]" time="0.0039043426513671875"><system-out>data2_a
</system-out></testcase><testcase classname="pytest_cases.tests.pytest_extension.parametrize_plus.test_so2_dynamic" file="pytest_cases/tests/pytest_extension/parametrize_plus/test_so2_dynamic.py" line="42" name="test_databases[data_from_DA-idx=2]" time="0.0031740665435791016"><system-out>data3_a
</system-out></testcase><testcase classname="pytest_cases.tests.pytest_extension.parametrize_plus.test_so2_new" file="pytest_cases/tests/pytest_extension/parametrize_plus/test_so2_new.py" line="45" name="test_data[from_A-idx=0]" time="0.002989530563354492"><system-out>10
</system-out></testcase><testcase classname="pytest_cases.tests.pytest_extension.parametrize_plus.test_so2_new" file="pytest_cases/tests/pytest_extension/parametrize_plus/test_so2_new.py" line="45" name="test_data[from_A-idx=1]" time="0.0008625984191894531"><system-out>20
</system-out></testcase><testcase classname="pytest_cases.tests.pytest_extension.parametrize_plus.test_so2_new" file="pytest_cases/tests/pytest_extension/parametrize_plus/test_so2_new.py" line="45" name="test_data[from_A-idx=2]" time="0.0008814334869384766"><system-out>30
</system-out></testcase><testcase classname="pytest_cases.tests.pytest_extension.parametrize_plus.test_so2_new" file="pytest_cases/tests/pytest_extension/parametrize_plus/test_so2_new.py" line="45" name="test_data[from_B-idx=0]" time="0.0010302066802978516"><system-out>100
</system-out></testcase><testcase classname="pytest_cases.tests.pytest_extension.parametrize_plus.test_so2_new" file="pytest_cases/tests/pytest_extension/parametrize_plus/test_so2_new.py" line="45" name="test_data[from_B-idx=1]" time="0.0043523311614990234"><system-out>200
</system-out></testcase><testcase classname="pytest_cases.tests.pytest_extension.parametrize_plus.test_so2_simplified" file="pytest_cases/tests/pytest_extension/parametrize_plus/test_so2_simplified.py" line="39" name="test_databases[data_from_datasetA-idx=0]" time="0.0012238025665283203"><system-out>setting up dataset A
setting up dataset B
data1_a
</system-out></testcase><testcase classname="pytest_cases.tests.pytest_extension.parametrize_plus.test_so2_simplified" file="pytest_cases/tests/pytest_extension/parametrize_plus/test_so2_simplified.py" line="39" name="test_databases[data_from_datasetB-idx=0]" time="0.0008924007415771484"></testcase><testcase classname="pytest_cases.tests.pytest_extension.parametrize_plus.test_so2_simplified" file="pytest_cases/tests/pytest_extension/parametrize_plus/test_so2_simplified.py" line="39" name="test_databases[data_from_datasetA-idx=1]" time="0.0006127357482910156"><system-out>data2_a
</system-out></testcase><testcase classname="pytest_cases.tests.pytest_extension.parametrize_plus.test_so2_simplified" file="pytest_cases/tests/pytest_extension/parametrize_plus/test_so2_simplified.py" line="39" name="test_databases[data_from_datasetA-idx=2]" time="0.0005967617034912109"><system-out>data3_a
</system-out></testcase><testcase classname="pytest_cases.tests.pytest_extension.parametrize_plus.test_so2_simplified" file="pytest_cases/tests/pytest_extension/parametrize_plus/test_so2_simplified.py" line="39" name="test_databases[data_from_datasetB-idx=1]" time="0.00446009635925293"><system-out>data2_b
</system-out></testcase></testsuite>