<?xml version="1.0" encoding="utf-8"?><testsuite errors="0" failures="0" name="pytest" skips="110" tests="860" time="4.361"><testcase classname="pytest_cases.tests.test_plugin_installed" file="pytest_cases/tests/test_plugin_installed.py" line="4" name="test_pytest_cases_plugin_installed" time="0.001226186752319336"></testcase><testcase classname="pytest_cases.tests.cases.doc.test_doc" file="pytest_cases/tests/cases/doc/test_doc.py" line="14" name="test_foo1[1-2]" time="0.0008482933044433594"></testcase><testcase classname="pytest_cases.tests.cases.doc.test_doc" file="pytest_cases/tests/cases/doc/test_doc.py" line="14" name="test_foo1[-1--2]" time="0.0007069110870361328"></testcase><testcase classname="pytest_cases.tests.cases.doc.test_doc" file="pytest_cases/tests/cases/doc/test_doc.py" line="19" name="test_foo1_synthesis" time="0.004296302795410156"></testcase><testcase classname="pytest_cases.tests.cases.doc.test_doc" file="pytest_cases/tests/cases/doc/test_doc.py" line="24" name="test_foo_default_cases_file[two_positive_ints[0]-two_positive_ints[1]]" time="0.0007832050323486328"></testcase><testcase classname="pytest_cases.tests.cases.doc.test_doc" file="pytest_cases/tests/cases/doc/test_doc.py" line="24" name="test_foo_default_cases_file[two_negative_ints[0]-two_negative_ints[1]]" time="0.0009427070617675781"></testcase><testcase classname="pytest_cases.tests.cases.doc.test_doc" file="pytest_cases/tests/cases/doc/test_doc.py" line="29" name="test_foo_default_cases_file_synthesis" time="0.004395961761474609"></testcase><testcase classname="pytest_cases.tests.cases.doc.test_doc" file="pytest_cases/tests/cases/doc/test_doc.py" line="37" name="test_foo_alternate_cases_file_and_two_marked_skip[0hello[0]-hello[1]]" time="0.0007507801055908203"></testcase><testcase classname="pytest_cases.tests.cases.doc.test_doc" file="pytest_cases/tests/cases/doc/test_doc.py" line="37" name="test_foo_alternate_cases_file_and_two_marked_skip[1skipped[0]-skipped[1]]" time="0.0003154277801513672"><skipped message="unconditional skip" type="pytest.skip">pytest_cases/tests/cases/doc/test_doc.py:37: &lt;py._xmlgen.raw object at 0x7fa1acfcddd8&gt;</skipped></testcase><testcase classname="pytest_cases.tests.cases.doc.test_doc" file="pytest_cases/tests/cases/doc/test_doc.py" line="37" name="test_foo_alternate_cases_file_and_two_marked_skip[2two_negative_ints[0]-two_negative_ints[1]]" time="0.0008018016815185547"></testcase><testcase classname="pytest_cases.tests.cases.doc.test_doc" file="pytest_cases/tests/cases/doc/test_doc.py" line="37" name="test_foo_alternate_cases_file_and_two_marked_skip[3three_negative_ints[0]-three_negative_ints[1]]" time="0.0002741813659667969"><skipped message="unconditional skip" type="pytest.skip">pytest_cases/tests/cases/doc/test_doc.py:37: &lt;py._xmlgen.raw object at 0x7fa1acfc9fd0&gt;</skipped></testcase><testcase classname="pytest_cases.tests.cases.doc.test_doc" file="pytest_cases/tests/cases/doc/test_doc.py" line="37" name="test_foo_alternate_cases_file_and_two_marked_skip[4two_negative_ints[0]-two_negative_ints[1]]" time="0.000782012939453125"></testcase><testcase classname="pytest_cases.tests.cases.doc.test_doc" file="pytest_cases/tests/cases/doc/test_doc.py" line="42" name="test_foo_alternate_cases_file_and_two_marked_skip_synthesis" time="0.00464177131652832"></testcase><testcase classname="pytest_cases.tests.cases.doc.test_doc" file="pytest_cases/tests/cases/doc/test_doc.py" line="64" name="test_foo_fun[strange_ints[0]-strange_ints[1]]" time="0.0008296966552734375"></testcase><testcase classname="pytest_cases.tests.cases.doc.test_doc" file="pytest_cases/tests/cases/doc/test_doc.py" line="69" name="test_foo_fun_synthesis" time="0.0046482086181640625"></testcase><testcase classname="pytest_cases.tests.cases.doc.test_doc" file="pytest_cases/tests/cases/doc/test_doc.py" line="77" name="test_foo_fun_list[0strange_ints[0]-strange_ints[1]]" time="0.000774383544921875"></testcase><testcase classname="pytest_cases.tests.cases.doc.test_doc" file="pytest_cases/tests/cases/doc/test_doc.py" line="77" name="test_foo_fun_list[1strange_ints[0]-strange_ints[1]]" time="0.0007469654083251953"></testcase><testcase classname="pytest_cases.tests.cases.doc.test_doc" file="pytest_cases/tests/cases/doc/test_doc.py" line="82" name="test_foo_fun_list_synthesis" time="0.004398345947265625"></testcase><testcase classname="pytest_cases.tests.cases.doc.test_doc" file="pytest_cases/tests/cases/doc/test_doc.py" line="121" name="test_foo_cls[hello world[0]-hello world[1]]" time="0.0007956027984619141"></testcase><testcase classname="pytest_cases.tests.cases.doc.test_doc" file="pytest_cases/tests/cases/doc/test_doc.py" line="121" name="test_foo_cls[skipped[0]-skipped[1]]" time="0.00025773048400878906"><skipped message="unconditional skip" type="pytest.skip">pytest_cases/tests/cases/doc/test_doc.py:121: &lt;py._xmlgen.raw object at 0x7fa1acfa80b8&gt;</skipped></testcase><testcase classname="pytest_cases.tests.cases.doc.test_doc" file="pytest_cases/tests/cases/doc/test_doc.py" line="121" name="test_foo_cls[two_negative_ints[0]-two_negative_ints[1]]" time="0.0007793903350830078"></testcase><testcase classname="pytest_cases.tests.cases.doc.test_doc" file="pytest_cases/tests/cases/doc/test_doc.py" line="126" name="test_foo_cls_synthesis" time="0.004305601119995117"></testcase><testcase classname="pytest_cases.tests.cases.doc.test_doc" file="pytest_cases/tests/cases/doc/test_doc.py" line="140" name="test_foo_cls_list[0hello world[0]-hello world[1]]" time="0.0008256435394287109"></testcase><testcase classname="pytest_cases.tests.cases.doc.test_doc" file="pytest_cases/tests/cases/doc/test_doc.py" line="140" name="test_foo_cls_list[1skipped[0]-skipped[1]]" time="0.00028896331787109375"><skipped message="unconditional skip" type="pytest.skip">pytest_cases/tests/cases/doc/test_doc.py:140: &lt;py._xmlgen.raw object at 0x7fa1acfa8908&gt;</skipped></testcase><testcase classname="pytest_cases.tests.cases.doc.test_doc" file="pytest_cases/tests/cases/doc/test_doc.py" line="140" name="test_foo_cls_list[2two_negative_ints[0]-two_negative_ints[1]]" time="0.0011036396026611328"></testcase><testcase classname="pytest_cases.tests.cases.doc.test_doc" file="pytest_cases/tests/cases/doc/test_doc.py" line="140" name="test_foo_cls_list[3strange_ints[0]-strange_ints[1]]" time="0.0008177757263183594"></testcase><testcase classname="pytest_cases.tests.cases.doc.test_doc" file="pytest_cases/tests/cases/doc/test_doc.py" line="140" name="test_foo_cls_list[4hello[0]-hello[1]]" time="0.0007572174072265625"></testcase><testcase classname="pytest_cases.tests.cases.doc.test_doc" file="pytest_cases/tests/cases/doc/test_doc.py" line="140" name="test_foo_cls_list[5skipped[0]-skipped[1]]" time="0.00027751922607421875"><skipped message="unconditional skip" type="pytest.skip">pytest_cases/tests/cases/doc/test_doc.py:140: &lt;py._xmlgen.raw object at 0x7fa1ad0866a0&gt;</skipped></testcase><testcase classname="pytest_cases.tests.cases.doc.test_doc" file="pytest_cases/tests/cases/doc/test_doc.py" line="140" name="test_foo_cls_list[6two_negative_ints[0]-two_negative_ints[1]]" time="0.0007710456848144531"></testcase><testcase classname="pytest_cases.tests.cases.doc.test_doc" file="pytest_cases/tests/cases/doc/test_doc.py" line="140" name="test_foo_cls_list[7three_negative_ints[0]-three_negative_ints[1]]" time="0.00030541419982910156"><skipped message="unconditional skip" type="pytest.skip">pytest_cases/tests/cases/doc/test_doc.py:140: &lt;py._xmlgen.raw object at 0x7fa1acfb3780&gt;</skipped></testcase><testcase classname="pytest_cases.tests.cases.doc.test_doc" file="pytest_cases/tests/cases/doc/test_doc.py" line="140" name="test_foo_cls_list[8two_negative_ints[0]-two_negative_ints[1]]" time="0.0007922649383544922"></testcase><testcase classname="pytest_cases.tests.cases.doc.test_doc" file="pytest_cases/tests/cases/doc/test_doc.py" line="140" name="test_foo_cls_list[9hello world[0]-hello world[1]]" time="0.0007843971252441406"></testcase><testcase classname="pytest_cases.tests.cases.doc.test_doc" file="pytest_cases/tests/cases/doc/test_doc.py" line="140" name="test_foo_cls_list[10skipped[0]-skipped[1]]" time="0.0002913475036621094"><skipped message="unconditional skip" type="pytest.skip">pytest_cases/tests/cases/doc/test_doc.py:140: &lt;py._xmlgen.raw object at 0x7fa1acfb3a20&gt;</skipped></testcase><testcase classname="pytest_cases.tests.cases.doc.test_doc" file="pytest_cases/tests/cases/doc/test_doc.py" line="140" name="test_foo_cls_list[11two_negative_ints[0]-two_negative_ints[1]]" time="0.0007414817810058594"></testcase><testcase classname="pytest_cases.tests.cases.doc.test_doc" file="pytest_cases/tests/cases/doc/test_doc.py" line="140" name="test_foo_cls_list[12two_positive_ints[0]-two_positive_ints[1]]" time="0.0010225772857666016"></testcase><testcase classname="pytest_cases.tests.cases.doc.test_doc" file="pytest_cases/tests/cases/doc/test_doc.py" line="140" name="test_foo_cls_list[13two_negative_ints[0]-two_negative_ints[1]]" time="0.0007219314575195312"></testcase><testcase classname="pytest_cases.tests.cases.doc.test_doc" file="pytest_cases/tests/cases/doc/test_doc.py" line="145" name="test_foo_cls_list_synthesis" time="0.005166769027709961"></testcase><testcase classname="pytest_cases.tests.cases.doc.test_doc" file="pytest_cases/tests/cases/doc/test_doc.py" line="176" name="test_foo_parametrize_fixture[two_positive_ints]" time="0.0007700920104980469"></testcase><testcase classname="pytest_cases.tests.cases.doc.test_doc" file="pytest_cases/tests/cases/doc/test_doc.py" line="176" name="test_foo_parametrize_fixture[two_negative_ints]" time="0.0007650852203369141"></testcase><testcase classname="pytest_cases.tests.cases.doc.test_doc" file="pytest_cases/tests/cases/doc/test_doc.py" line="180" name="test_foo_parametrize_fixture_synthesis" time="0.005558013916015625"></testcase><testcase classname="pytest_cases.tests.cases.doc.test_doc_cache" file="pytest_cases/tests/cases/doc/test_doc_cache.py" line="26" name="test_caching[dummy-a=0-d=0]" time="0.0019218921661376953"></testcase><testcase classname="pytest_cases.tests.cases.doc.test_doc_cache" file="pytest_cases/tests/cases/doc/test_doc_cache.py" line="26" name="test_caching[dummy-a=0-d=1]" time="0.001623392105102539"></testcase><testcase classname="pytest_cases.tests.cases.doc.test_doc_cache" file="pytest_cases/tests/cases/doc/test_doc_cache.py" line="26" name="test_caching[dummy-a=1-d=0]" time="0.0018665790557861328"></testcase><testcase classname="pytest_cases.tests.cases.doc.test_doc_cache" file="pytest_cases/tests/cases/doc/test_doc_cache.py" line="26" name="test_caching[dummy-a=1-d=1]" time="0.0020842552185058594"></testcase><testcase classname="pytest_cases.tests.cases.doc.test_doc_cache" file="pytest_cases/tests/cases/doc/test_doc_cache.py" line="32" name="test_synthesis" time="0.009134531021118164"></testcase><testcase classname="pytest_cases.tests.cases.doc.test_doc_filters_n_tags" file="pytest_cases/tests/cases/doc/test_doc_filters_n_tags.py" line="10" name="test_default_pytest_order[bob-a]" time="0.0027115345001220703"></testcase><testcase classname="pytest_cases.tests.cases.doc.test_doc_filters_n_tags" file="pytest_cases/tests/cases/doc/test_doc_filters_n_tags.py" line="10" name="test_default_pytest_order[bob-b]" time="0.0007138252258300781"></testcase><testcase classname="pytest_cases.tests.cases.doc.test_doc_filters_n_tags" file="pytest_cases/tests/cases/doc/test_doc_filters_n_tags.py" line="41" name="test_with_data_non_param[bob-a]" time="0.0007269382476806641"></testcase><testcase classname="pytest_cases.tests.cases.doc.test_doc_filters_n_tags" file="pytest_cases/tests/cases/doc/test_doc_filters_n_tags.py" line="41" name="test_with_data_non_param[bob-b]" time="0.0008037090301513672"></testcase><testcase classname="pytest_cases.tests.cases.doc.test_doc_filters_n_tags" file="pytest_cases/tests/cases/doc/test_doc_filters_n_tags.py" line="48" name="test_with_data_param[a-bob]" time="0.013381242752075195"></testcase><testcase classname="pytest_cases.tests.cases.doc.test_doc_filters_n_tags" file="pytest_cases/tests/cases/doc/test_doc_filters_n_tags.py" line="48" name="test_with_data_param[b-True-bob]" time="0.013139724731445312"></testcase><testcase classname="pytest_cases.tests.cases.doc.test_doc_filters_n_tags" file="pytest_cases/tests/cases/doc/test_doc_filters_n_tags.py" line="48" name="test_with_data_param[b-False-bob]" time="0.0011267662048339844"></testcase><testcase classname="pytest_cases.tests.cases.doc.test_doc_filters_n_tags" file="pytest_cases/tests/cases/doc/test_doc_filters_n_tags.py" line="55" name="test_with_data_synthesis" time="0.011437654495239258"></testcase><testcase classname="pytest_cases.tests.cases.doc.test_doc_filters_n_tags" file="pytest_cases/tests/cases/doc/test_doc_filters_n_tags.py" line="86" name="test_foo[one_positive_int]" time="0.0018243789672851562"></testcase><testcase classname="pytest_cases.tests.cases.doc.test_doc_filters_n_tags" file="pytest_cases/tests/cases/doc/test_doc_filters_n_tags.py" line="91" name="test_foo_fixtures_synthesis" time="0.006446361541748047"></testcase><testcase classname="pytest_cases.tests.cases.doc.test_doc_filters_n_tags2" file="pytest_cases/tests/cases/doc/test_doc_filters_n_tags2.py" line="20" name="test_good_datasets[int_success]" time="0.0011250972747802734"></testcase><testcase classname="pytest_cases.tests.cases.doc.test_doc_filters_n_tags2" file="pytest_cases/tests/cases/doc/test_doc_filters_n_tags2.py" line="25" name="test_bad_datasets[negative_int_failure[0]-negative_int_failure[1]-negative_int_failure[2]]" time="0.00284576416015625"></testcase><testcase classname="pytest_cases.tests.cases.doc.test_doc_filters_n_tags2" file="pytest_cases/tests/cases/doc/test_doc_filters_n_tags2.py" line="31" name="test_synthesis" time="0.004757881164550781"></testcase><testcase classname="pytest_cases.tests.cases.doc.test_doc_filters_n_tags2" file="pytest_cases/tests/cases/doc/test_doc_filters_n_tags2.py" line="50" name="test_good_datasets2[int_success]" time="0.0009868144989013672"></testcase><testcase classname="pytest_cases.tests.cases.doc.test_doc_filters_n_tags2" file="pytest_cases/tests/cases/doc/test_doc_filters_n_tags2.py" line="55" name="test_bad_datasets2[negative_int_failure[0]-negative_int_failure[1]-negative_int_failure[2]]" time="0.0008738040924072266"></testcase><testcase classname="pytest_cases.tests.cases.doc.test_doc_filters_n_tags2" file="pytest_cases/tests/cases/doc/test_doc_filters_n_tags2.py" line="61" name="test_synthesis2" time="0.004668474197387695"></testcase><testcase classname="pytest_cases.tests.cases.doc.test_fixtures" file="pytest_cases/tests/cases/doc/test_fixtures.py" line="23" name="test_users[bob]" time="0.001138448715209961"><system-out>this is test &apos;pytest_cases/tests/cases/doc/test_fixtures.py::test_users[bob]&apos;
</system-out></testcase><testcase classname="pytest_cases.tests.cases.doc.test_fixtures" file="pytest_cases/tests/cases/doc/test_fixtures.py" line="23" name="test_users[from_db-id=0]" time="0.0011284351348876953"><system-out>this is test &apos;pytest_cases/tests/cases/doc/test_fixtures.py::test_users[from_db-id=0]&apos;
</system-out></testcase><testcase classname="pytest_cases.tests.cases.doc.test_fixtures" file="pytest_cases/tests/cases/doc/test_fixtures.py" line="23" name="test_users[from_db-id=1]" time="0.0010044574737548828"><system-out>this is test &apos;pytest_cases/tests/cases/doc/test_fixtures.py::test_users[from_db-id=1]&apos;
</system-out></testcase><testcase classname="pytest_cases.tests.cases.doc.test_fixtures" file="pytest_cases/tests/cases/doc/test_fixtures.py" line="29" name="test_users_synthesis" time="0.004366874694824219"></testcase><testcase classname="pytest_cases.tests.cases.doc.test_generators" file="pytest_cases/tests/cases/doc/test_generators.py" line="23" name="test_foo[hello]" time="0.0009365081787109375"></testcase><testcase classname="pytest_cases.tests.cases.doc.test_generators" file="pytest_cases/tests/cases/doc/test_generators.py" line="23" name="test_foo[simple_generator-who=you]" time="0.0009210109710693359"></testcase><testcase classname="pytest_cases.tests.cases.doc.test_generators" file="pytest_cases/tests/cases/doc/test_generators.py" line="23" name="test_foo[simple_generator-who=there]" time="0.0005252361297607422"><skipped message="unconditional skip" type="pytest.skip">pytest_cases/tests/cases/doc/test_generators.py:23: &lt;py._xmlgen.raw object at 0x7fa1acff7438&gt;</skipped></testcase><testcase classname="pytest_cases.tests.cases.doc.test_generators" file="pytest_cases/tests/cases/doc/test_generators.py" line="28" name="test_foo_synthesis" time="0.004420280456542969"></testcase><testcase classname="pytest_cases.tests.cases.doc.test_generators" file="pytest_cases/tests/cases/doc/test_generators.py" line="47" name="test_foo_multi[hello]" time="0.0009114742279052734"></testcase><testcase classname="pytest_cases.tests.cases.doc.test_generators" file="pytest_cases/tests/cases/doc/test_generators.py" line="47" name="test_foo_multi[simple_generator-who=you-b=5-a=5]" time="0.0002608299255371094"><skipped message="unconditional skip" type="pytest.skip">pytest_cases/tests/cases/doc/test_generators.py:47: &lt;py._xmlgen.raw object at 0x7fa1acffae48&gt;</skipped></testcase><testcase classname="pytest_cases.tests.cases.doc.test_generators" file="pytest_cases/tests/cases/doc/test_generators.py" line="47" name="test_foo_multi[simple_generator-who=you-b=10-a=10]" time="0.00038123130798339844"><skipped message="unconditional skip" type="pytest.skip">pytest_cases/tests/cases/doc/test_generators.py:47: &lt;py._xmlgen.raw object at 0x7fa1acffa198&gt;</skipped></testcase><testcase classname="pytest_cases.tests.cases.doc.test_generators" file="pytest_cases/tests/cases/doc/test_generators.py" line="47" name="test_foo_multi[simple_generator-who=there-b=5-a=5]" time="0.0009129047393798828"></testcase><testcase classname="pytest_cases.tests.cases.doc.test_generators" file="pytest_cases/tests/cases/doc/test_generators.py" line="47" name="test_foo_multi[simple_generator-who=there-b=10-a=10]" time="0.0009021759033203125"></testcase><testcase classname="pytest_cases.tests.cases.doc.test_generators" file="pytest_cases/tests/cases/doc/test_generators.py" line="53" name="test_foo_multi_synthesis" time="0.004590034484863281"></testcase><testcase classname="pytest_cases.tests.cases.doc.test_joss" file="pytest_cases/tests/cases/doc/test_joss.py" line="28" name="test_evaluation[a-a]" time="0.0015430450439453125"></testcase><testcase classname="pytest_cases.tests.cases.doc.test_joss" file="pytest_cases/tests/cases/doc/test_joss.py" line="28" name="test_evaluation[a-b-p=0]" time="0.0013165473937988281"></testcase><testcase classname="pytest_cases.tests.cases.doc.test_joss" file="pytest_cases/tests/cases/doc/test_joss.py" line="28" name="test_evaluation[a-b-p=1]" time="0.0011873245239257812"></testcase><testcase classname="pytest_cases.tests.cases.doc.test_parametrize_alt" file="pytest_cases/tests/cases/doc/test_parametrize_alt.py" line="16" name="test_argnames_as_list[sum_one_plus_two[0]-sum_one_plus_two[1]-sum_one_plus_two[2]]" time="0.0009312629699707031"></testcase><testcase classname="pytest_cases.tests.cases.doc.test_parametrize_alt" file="pytest_cases/tests/cases/doc/test_parametrize_alt.py" line="21" name="test_argnames_as_tuple[sum_one_plus_two[0]-sum_one_plus_two[1]-sum_one_plus_two[2]]" time="0.0007905960083007812"></testcase><testcase classname="pytest_cases.tests.cases.doc.test_parametrize_alt" file="pytest_cases/tests/cases/doc/test_parametrize_alt.py" line="26" name="test_argnames_from_invalid_type" time="0.0012862682342529297"></testcase><testcase classname="pytest_cases.tests.cases.doc.test_parametrize_alt" file="pytest_cases/tests/cases/doc/test_parametrize_alt.py" line="33" name="test_argnames_element_from_invalid_type" time="0.0009431838989257812"></testcase><testcase classname="pytest_cases.tests.cases.issues.test_issue_117" file="&lt;makefun-gen-63&gt;" line="0" name="test_something[case-case]" time="0.0011606216430664062"></testcase><testcase classname="pytest_cases.tests.cases.issues.test_issue_125" file="pytest_cases/tests/cases/issues/test_issue_125.py" line="37" name="test[one]" time="0.0011980533599853516"></testcase><testcase classname="pytest_cases.tests.cases.issues.test_issue_125" file="pytest_cases/tests/cases/issues/test_issue_125.py" line="37" name="test[two]" time="0.0011572837829589844"></testcase><testcase classname="pytest_cases.tests.cases.issues.test_issue_125" file="pytest_cases/tests/cases/issues/test_issue_125.py" line="37" name="test[three]" time="0.001110076904296875"></testcase><testcase classname="pytest_cases.tests.cases.issues.test_issue_126" file="pytest_cases/tests/cases/issues/test_issue_126.py" line="31" name="test_functionality[0_requirement_1]" time="0.0011475086212158203"></testcase><testcase classname="pytest_cases.tests.cases.issues.test_issue_126" file="pytest_cases/tests/cases/issues/test_issue_126.py" line="31" name="test_functionality[1_requirement_2]" time="0.0011093616485595703"></testcase><testcase classname="pytest_cases.tests.cases.issues.test_issue_126" file="pytest_cases/tests/cases/issues/test_issue_126.py" line="31" name="test_functionality[2_requirement_1]" time="0.0011620521545410156"></testcase><testcase classname="pytest_cases.tests.cases.issues.test_issue_126" file="pytest_cases/tests/cases/issues/test_issue_126.py" line="31" name="test_functionality[3_requirement_2]" time="0.0013535022735595703"></testcase><testcase classname="pytest_cases.tests.cases.issues.test_issue_126" file="pytest_cases/tests/cases/issues/test_issue_126.py" line="36" name="test_functionality_again[0_requirement_1]" time="0.001102447509765625"></testcase><testcase classname="pytest_cases.tests.cases.issues.test_issue_126" file="pytest_cases/tests/cases/issues/test_issue_126.py" line="36" name="test_functionality_again[1_requirement_2]" time="0.0011546611785888672"></testcase><testcase classname="pytest_cases.tests.cases.issues.test_issue_126" file="pytest_cases/tests/cases/issues/test_issue_126.py" line="36" name="test_functionality_again[2_requirement_1]" time="0.004399776458740234"></testcase><testcase classname="pytest_cases.tests.cases.issues.test_issue_126" file="pytest_cases/tests/cases/issues/test_issue_126.py" line="36" name="test_functionality_again[3_requirement_2]" time="0.0011889934539794922"></testcase><testcase classname="pytest_cases.tests.cases.issues.test_issue_126.TestNested" file="pytest_cases/tests/cases/issues/test_issue_126.py" line="42" name="test_functionality_again2[0_requirement_1]" time="0.0015957355499267578"></testcase><testcase classname="pytest_cases.tests.cases.issues.test_issue_126.TestNested" file="pytest_cases/tests/cases/issues/test_issue_126.py" line="42" name="test_functionality_again2[1_requirement_2]" time="0.002537250518798828"></testcase><testcase classname="pytest_cases.tests.cases.issues.test_issue_126.TestNested" file="pytest_cases/tests/cases/issues/test_issue_126.py" line="42" name="test_functionality_again2[2_requirement_1]" time="0.0020902156829833984"></testcase><testcase classname="pytest_cases.tests.cases.issues.test_issue_126.TestNested" file="pytest_cases/tests/cases/issues/test_issue_126.py" line="42" name="test_functionality_again2[3_requirement_2]" time="0.002442598342895508"></testcase><testcase classname="pytest_cases.tests.cases.issues.test_issue_126" file="pytest_cases/tests/cases/issues/test_issue_126.py" line="63" name="test_synthesis" time="0.010735273361206055"></testcase><testcase classname="pytest_cases.tests.cases.issues.test_issue_128" file="pytest_cases/tests/cases/issues/test_issue_128.py" line="7" name="test[one]" time="0.0020368099212646484"></testcase><testcase classname="pytest_cases.tests.cases.issues.test_issue_128_2" file="pytest_cases/tests/cases/issues/test_issue_128_2.py" line="16" name="test_this_is_failing[one]" time="0.0022792816162109375"></testcase><testcase classname="pytest_cases.tests.cases.issues.test_issue_128_2" file="pytest_cases/tests/cases/issues/test_issue_128_2.py" line="16" name="test_this_is_failing[two]" time="0.0046308040618896484"></testcase><testcase classname="pytest_cases.tests.cases.issues.test_issue_142" file="pytest_cases/tests/cases/issues/test_issue_142.py" line="11" name="test_empty_prefix[&lt;empty_case_id&gt;-1]" time="0.0018754005432128906"></testcase><testcase classname="pytest_cases.tests.cases.issues.test_issue_142" file="pytest_cases/tests/cases/issues/test_issue_142.py" line="11" name="test_empty_prefix[&lt;empty_case_id&gt;-0]" time="0.0008161067962646484"></testcase><testcase classname="pytest_cases.tests.cases.issues.test_issue_142" file="pytest_cases/tests/cases/issues/test_issue_142.py" line="11" name="test_empty_prefix[&lt;empty_case_id&gt;--1]" time="0.0009791851043701172"></testcase><testcase classname="pytest_cases.tests.cases.issues.test_issue_142" file="pytest_cases/tests/cases/issues/test_issue_142.py" line="27" name="test_empty_caseid_both[test_empty_caseid_both_dummy_amount0]" time="0.0014834403991699219"></testcase><testcase classname="pytest_cases.tests.cases.issues.test_issue_142" file="pytest_cases/tests/cases/issues/test_issue_142.py" line="27" name="test_empty_caseid_both[test_empty_caseid_both_dummy_amount1-1]" time="0.0019080638885498047"></testcase><testcase classname="pytest_cases.tests.cases.issues.test_issue_142" file="pytest_cases/tests/cases/issues/test_issue_142.py" line="32" name="test_synthesis" time="0.0038661956787109375"></testcase><testcase classname="pytest_cases.tests.cases.issues.test_issue_142_2" file="pytest_cases/tests/cases/issues/test_issue_142_2.py" line="8" name="test_foo[1-b0]" time="0.0008308887481689453"></testcase><testcase classname="pytest_cases.tests.cases.issues.test_issue_142_2" file="pytest_cases/tests/cases/issues/test_issue_142_2.py" line="8" name="test_foo[case_dumb[0]-case_dumb[1]]" time="0.0014259815216064453"></testcase><testcase classname="pytest_cases.tests.cases.issues.test_issue_142_2" file="pytest_cases/tests/cases/issues/test_issue_142_2.py" line="13" name="test_tuples_no_id[dumb[0]-dumb[1]]" time="0.0012149810791015625"></testcase><testcase classname="pytest_cases.tests.cases.issues.test_issue_142_2" file="pytest_cases/tests/cases/issues/test_issue_142_2.py" line="21" name="test_foo2[hello]" time="0.0013883113861083984"></testcase><testcase classname="pytest_cases.tests.cases.issues.test_issue_142_2" file="pytest_cases/tests/cases/issues/test_issue_142_2.py" line="21" name="test_foo2[world]" time="0.0009331703186035156"></testcase><testcase classname="pytest_cases.tests.cases.issues.test_issue_142_2" file="pytest_cases/tests/cases/issues/test_issue_142_2.py" line="30" name="test_tuples[hello]" time="0.0009367465972900391"></testcase><testcase classname="pytest_cases.tests.cases.issues.test_issue_142_2" file="pytest_cases/tests/cases/issues/test_issue_142_2.py" line="35" name="test_synthesis" time="0.004130840301513672"></testcase><testcase classname="pytest_cases.tests.cases.issues.test_issue_151" file="pytest_cases/tests/cases/issues/test_issue_151.py" line="22" name="test_create_fixture_idstyle_explicit[(inputs,request_data)/simple]" time="0.0012526512145996094"></testcase><testcase classname="pytest_cases.tests.cases.issues.test_issue_151" file="pytest_cases/tests/cases/issues/test_issue_151.py" line="27" name="test_create_fixture_ids_generator[custom{0}]" time="0.001901388168334961"></testcase><testcase classname="pytest_cases.tests.cases.issues.test_issue_151" file="pytest_cases/tests/cases/issues/test_issue_151.py" line="37" name="test_create_fixture_ids_callable[hello_simple]" time="0.001383066177368164"></testcase><testcase classname="pytest_cases.tests.cases.issues.test_issue_151" file="pytest_cases/tests/cases/issues/test_issue_151.py" line="42" name="test_create_fixture_ids_callable_str[(inputs,request_data)/P0F/simple]" time="0.0012538433074951172"></testcase><testcase classname="pytest_cases.tests.cases.issues.test_issue_151" file="pytest_cases/tests/cases/issues/test_issue_151.py" line="47" name="test_create_fixture_idstyle_compact[/simple]" time="0.0013611316680908203"></testcase><testcase classname="pytest_cases.tests.cases.issues.test_issue_151" file="pytest_cases/tests/cases/issues/test_issue_151.py" line="52" name="test_create_fixture_idstyle_none[simple]" time="0.0010769367218017578"></testcase><testcase classname="pytest_cases.tests.cases.issues.test_issue_151" file="pytest_cases/tests/cases/issues/test_issue_151.py" line="64" name="test_create_no_fixture_idstyle_explicit[simple[0]-simple[1]]" time="0.002146005630493164"></testcase><testcase classname="pytest_cases.tests.cases.issues.test_issue_151" file="pytest_cases/tests/cases/issues/test_issue_151.py" line="69" name="test_create_no_fixture_ids_generator[custom{0}]" time="0.0012576580047607422"></testcase><testcase classname="pytest_cases.tests.cases.issues.test_issue_151" file="pytest_cases/tests/cases/issues/test_issue_151.py" line="74" name="test_create_no_fixture_ids_callable[hello_simple]" time="0.001386880874633789"></testcase><testcase classname="pytest_cases.tests.cases.issues.test_issue_151" file="pytest_cases/tests/cases/issues/test_issue_151.py" line="79" name="test_create_no_fixture_idstyle_compact[simple[0]-simple[1]]" time="0.0015377998352050781"></testcase><testcase classname="pytest_cases.tests.cases.issues.test_issue_151" file="pytest_cases/tests/cases/issues/test_issue_151.py" line="84" name="test_create_no_fixture_idstyle_none[simple[0]-simple[1]]" time="0.0011811256408691406"></testcase><testcase classname="pytest_cases.tests.cases.issues.test_issue_151" file="pytest_cases/tests/cases/issues/test_issue_151.py" line="89" name="test_synthesis" time="0.004366397857666016"></testcase><testcase classname="pytest_cases.tests.cases.issues.test_issue_152" file="pytest_cases/tests/cases/issues/test_issue_152.py" line="24" name="test_uses_fixture[first]" time="0.0018177032470703125"></testcase><testcase classname="pytest_cases.tests.cases.issues.test_issue_152" file="pytest_cases/tests/cases/issues/test_issue_152.py" line="24" name="test_uses_fixture[second]" time="0.0017375946044921875"></testcase><testcase classname="pytest_cases.tests.cases.issues.test_issue_154.TestTuples" file="pytest_cases/tests/cases/issues/test_issue_154.py" line="104" name="test_create_tuple_idstyle_explicit[(inputs,request_data)/single]" time="0.00371551513671875"></testcase><testcase classname="pytest_cases.tests.cases.issues.test_issue_154.TestTuples" file="pytest_cases/tests/cases/issues/test_issue_154.py" line="104" name="test_create_tuple_idstyle_explicit[(inputs,request_data)/fixref]" time="0.0032753944396972656"></testcase><testcase classname="pytest_cases.tests.cases.issues.test_issue_154.TestTuples" file="pytest_cases/tests/cases/issues/test_issue_154.py" line="104" name="test_create_tuple_idstyle_explicit[(inputs,request_data)/single_marked_skipped]" time="0.000530242919921875"><skipped message="&lt;unprintable Skipped object&gt;" type="pytest.skip">pytest_cases/tests/cases/issues/test_issue_154.py:104: &lt;py._xmlgen.raw object at 0x7fa1acf8f1d0&gt;</skipped></testcase><testcase classname="pytest_cases.tests.cases.issues.test_issue_154.TestTuples" file="pytest_cases/tests/cases/issues/test_issue_154.py" line="104" name="test_create_tuple_idstyle_explicit[(inputs,request_data)/fixref_marked_skipped]" time="0.0004794597625732422"><skipped message="&lt;unprintable Skipped object&gt;" type="pytest.skip">pytest_cases/tests/cases/issues/test_issue_154.py:104: &lt;py._xmlgen.raw object at 0x7fa1acf8fcf8&gt;</skipped></testcase><testcase classname="pytest_cases.tests.cases.issues.test_issue_154.TestTuples" file="pytest_cases/tests/cases/issues/test_issue_154.py" line="104" name="test_create_tuple_idstyle_explicit[(inputs,request_data)/P4:6-multi1]" time="0.004610776901245117"></testcase><testcase classname="pytest_cases.tests.cases.issues.test_issue_154.TestTuples" file="pytest_cases/tests/cases/issues/test_issue_154.py" line="104" name="test_create_tuple_idstyle_explicit[(inputs,request_data)/P4:6-multi2_marked_skipped]" time="0.000339508056640625"><skipped message="&lt;unprintable Skipped object&gt;" type="pytest.skip">pytest_cases/tests/cases/issues/test_issue_154.py:104: &lt;py._xmlgen.raw object at 0x7fa1acf78438&gt;</skipped></testcase><testcase classname="pytest_cases.tests.cases.issues.test_issue_154.TestTuples" file="pytest_cases/tests/cases/issues/test_issue_154.py" line="104" name="test_create_tuple_idstyle_explicit[(inputs,request_data)/fixref_target_is_parametrized-0]" time="0.004064321517944336"></testcase><testcase classname="pytest_cases.tests.cases.issues.test_issue_154.TestTuples" file="pytest_cases/tests/cases/issues/test_issue_154.py" line="104" name="test_create_tuple_idstyle_explicit[(inputs,request_data)/single_parametrized_lazy-foo]" time="0.004021883010864258"></testcase><testcase classname="pytest_cases.tests.cases.issues.test_issue_154.TestTuples" file="pytest_cases/tests/cases/issues/test_issue_154.py" line="104" name="test_create_tuple_idstyle_explicit[(inputs,request_data)/fixref_target_is_parametrized_marked_skipped-0]" time="0.0004477500915527344"><skipped message="&lt;unprintable Skipped object&gt;" type="pytest.skip">pytest_cases/tests/cases/issues/test_issue_154.py:104: &lt;py._xmlgen.raw object at 0x7fa1ad352128&gt;</skipped></testcase><testcase classname="pytest_cases.tests.cases.issues.test_issue_154.TestTuples" file="pytest_cases/tests/cases/issues/test_issue_154.py" line="104" name="test_create_tuple_idstyle_explicit[(inputs,request_data)/single_parametrized_lazy_value_target_is_skipped-bar]" time="0.0005216598510742188"><skipped message="unconditional skip" type="pytest.skip">pytest_cases/tests/cases/issues/test_issue_154.py:104: &lt;py._xmlgen.raw object at 0x7fa1acf926d8&gt;</skipped></testcase><testcase classname="pytest_cases.tests.cases.issues.test_issue_154.TestTuples" file="pytest_cases/tests/cases/issues/test_issue_154.py" line="109" name="test_create_tuple_idstyle_compact[/single]" time="0.0042209625244140625"></testcase><testcase classname="pytest_cases.tests.cases.issues.test_issue_154.TestTuples" file="pytest_cases/tests/cases/issues/test_issue_154.py" line="109" name="test_create_tuple_idstyle_compact[/fixref]" time="0.002674102783203125"></testcase><testcase classname="pytest_cases.tests.cases.issues.test_issue_154.TestTuples" file="pytest_cases/tests/cases/issues/test_issue_154.py" line="109" name="test_create_tuple_idstyle_compact[/single_marked_skipped]" time="0.0003910064697265625"><skipped message="&lt;unprintable Skipped object&gt;" type="pytest.skip">pytest_cases/tests/cases/issues/test_issue_154.py:109: &lt;py._xmlgen.raw object at 0x7fa1acf92668&gt;</skipped></testcase><testcase classname="pytest_cases.tests.cases.issues.test_issue_154.TestTuples" file="pytest_cases/tests/cases/issues/test_issue_154.py" line="109" name="test_create_tuple_idstyle_compact[/fixref_marked_skipped]" time="0.0003132820129394531"><skipped message="&lt;unprintable Skipped object&gt;" type="pytest.skip">pytest_cases/tests/cases/issues/test_issue_154.py:109: &lt;py._xmlgen.raw object at 0x7fa1acf9c198&gt;</skipped></testcase><testcase classname="pytest_cases.tests.cases.issues.test_issue_154.TestTuples" file="pytest_cases/tests/cases/issues/test_issue_154.py" line="109" name="test_create_tuple_idstyle_compact[/P4:6-multi1]" time="0.00240325927734375"></testcase><testcase classname="pytest_cases.tests.cases.issues.test_issue_154.TestTuples" file="pytest_cases/tests/cases/issues/test_issue_154.py" line="109" name="test_create_tuple_idstyle_compact[/P4:6-multi2_marked_skipped]" time="0.0004012584686279297"><skipped message="&lt;unprintable Skipped object&gt;" type="pytest.skip">pytest_cases/tests/cases/issues/test_issue_154.py:109: &lt;py._xmlgen.raw object at 0x7fa1acf85ef0&gt;</skipped></testcase><testcase classname="pytest_cases.tests.cases.issues.test_issue_154.TestTuples" file="pytest_cases/tests/cases/issues/test_issue_154.py" line="109" name="test_create_tuple_idstyle_compact[/fixref_target_is_parametrized-0]" time="0.0010685920715332031"></testcase><testcase classname="pytest_cases.tests.cases.issues.test_issue_154.TestTuples" file="pytest_cases/tests/cases/issues/test_issue_154.py" line="109" name="test_create_tuple_idstyle_compact[/single_parametrized_lazy-foo]" time="0.0016167163848876953"></testcase><testcase classname="pytest_cases.tests.cases.issues.test_issue_154.TestTuples" file="pytest_cases/tests/cases/issues/test_issue_154.py" line="109" name="test_create_tuple_idstyle_compact[/fixref_target_is_parametrized_marked_skipped-0]" time="0.0005664825439453125"><skipped message="&lt;unprintable Skipped object&gt;" type="pytest.skip">pytest_cases/tests/cases/issues/test_issue_154.py:109: &lt;py._xmlgen.raw object at 0x7fa1acf25390&gt;</skipped></testcase><testcase classname="pytest_cases.tests.cases.issues.test_issue_154.TestTuples" file="pytest_cases/tests/cases/issues/test_issue_154.py" line="109" name="test_create_tuple_idstyle_compact[/single_parametrized_lazy_value_target_is_skipped-bar]" time="0.0005655288696289062"><skipped message="unconditional skip" type="pytest.skip">pytest_cases/tests/cases/issues/test_issue_154.py:109: &lt;py._xmlgen.raw object at 0x7fa1acf204a8&gt;</skipped></testcase><testcase classname="pytest_cases.tests.cases.issues.test_issue_154.TestTuples" file="pytest_cases/tests/cases/issues/test_issue_154.py" line="114" name="test_create_tuple_idstyle_none[single]" time="0.0017828941345214844"></testcase><testcase classname="pytest_cases.tests.cases.issues.test_issue_154.TestTuples" file="pytest_cases/tests/cases/issues/test_issue_154.py" line="114" name="test_create_tuple_idstyle_none[fixref]" time="0.0013725757598876953"></testcase><testcase classname="pytest_cases.tests.cases.issues.test_issue_154.TestTuples" file="pytest_cases/tests/cases/issues/test_issue_154.py" line="114" name="test_create_tuple_idstyle_none[single_marked_skipped]" time="0.0002663135528564453"><skipped message="&lt;unprintable Skipped object&gt;" type="pytest.skip">pytest_cases/tests/cases/issues/test_issue_154.py:114: &lt;py._xmlgen.raw object at 0x7fa1acf2b588&gt;</skipped></testcase><testcase classname="pytest_cases.tests.cases.issues.test_issue_154.TestTuples" file="pytest_cases/tests/cases/issues/test_issue_154.py" line="114" name="test_create_tuple_idstyle_none[fixref_marked_skipped]" time="0.00023818016052246094"><skipped message="&lt;unprintable Skipped object&gt;" type="pytest.skip">pytest_cases/tests/cases/issues/test_issue_154.py:114: &lt;py._xmlgen.raw object at 0x7fa1acf25860&gt;</skipped></testcase><testcase classname="pytest_cases.tests.cases.issues.test_issue_154.TestTuples" file="pytest_cases/tests/cases/issues/test_issue_154.py" line="114" name="test_create_tuple_idstyle_none[multi1]" time="0.0018639564514160156"></testcase><testcase classname="pytest_cases.tests.cases.issues.test_issue_154.TestTuples" file="pytest_cases/tests/cases/issues/test_issue_154.py" line="114" name="test_create_tuple_idstyle_none[multi2_marked_skipped]" time="0.0003390312194824219"><skipped message="&lt;unprintable Skipped object&gt;" type="pytest.skip">pytest_cases/tests/cases/issues/test_issue_154.py:114: &lt;py._xmlgen.raw object at 0x7fa1acf7a3c8&gt;</skipped></testcase><testcase classname="pytest_cases.tests.cases.issues.test_issue_154.TestTuples" file="pytest_cases/tests/cases/issues/test_issue_154.py" line="114" name="test_create_tuple_idstyle_none[fixref_target_is_parametrized-0]" time="0.004808187484741211"></testcase><testcase classname="pytest_cases.tests.cases.issues.test_issue_154.TestTuples" file="pytest_cases/tests/cases/issues/test_issue_154.py" line="114" name="test_create_tuple_idstyle_none[single_parametrized_lazy-foo]" time="0.004536151885986328"></testcase><testcase classname="pytest_cases.tests.cases.issues.test_issue_154.TestTuples" file="pytest_cases/tests/cases/issues/test_issue_154.py" line="114" name="test_create_tuple_idstyle_none[fixref_target_is_parametrized_marked_skipped-0]" time="0.0003898143768310547"><skipped message="&lt;unprintable Skipped object&gt;" type="pytest.skip">pytest_cases/tests/cases/issues/test_issue_154.py:114: &lt;py._xmlgen.raw object at 0x7fa1acf259b0&gt;</skipped></testcase><testcase classname="pytest_cases.tests.cases.issues.test_issue_154.TestTuples" file="pytest_cases/tests/cases/issues/test_issue_154.py" line="114" name="test_create_tuple_idstyle_none[single_parametrized_lazy_value_target_is_skipped-bar]" time="0.0006971359252929688"><skipped message="unconditional skip" type="pytest.skip">pytest_cases/tests/cases/issues/test_issue_154.py:114: &lt;py._xmlgen.raw object at 0x7fa1acf20c18&gt;</skipped></testcase><testcase classname="pytest_cases.tests.cases.issues.test_issue_154.TestTuples" file="pytest_cases/tests/cases/issues/test_issue_154.py" line="119" name="test_create_tuple_idstyle_mygen[M(inputs,request_data)/P0/single]" time="0.0017366409301757812"></testcase><testcase classname="pytest_cases.tests.cases.issues.test_issue_154.TestTuples" file="pytest_cases/tests/cases/issues/test_issue_154.py" line="119" name="test_create_tuple_idstyle_mygen[M(inputs,request_data)/P1F/fixref]" time="0.0018191337585449219"></testcase><testcase classname="pytest_cases.tests.cases.issues.test_issue_154.TestTuples" file="pytest_cases/tests/cases/issues/test_issue_154.py" line="119" name="test_create_tuple_idstyle_mygen[M(inputs,request_data)/P2/single_marked_skipped]" time="0.000255584716796875"><skipped message="&lt;unprintable Skipped object&gt;" type="pytest.skip">pytest_cases/tests/cases/issues/test_issue_154.py:119: &lt;py._xmlgen.raw object at 0x7fa1ad13ddd8&gt;</skipped></testcase><testcase classname="pytest_cases.tests.cases.issues.test_issue_154.TestTuples" file="pytest_cases/tests/cases/issues/test_issue_154.py" line="119" name="test_create_tuple_idstyle_mygen[M(inputs,request_data)/P3F/fixref_marked_skipped]" time="0.0002570152282714844"><skipped message="&lt;unprintable Skipped object&gt;" type="pytest.skip">pytest_cases/tests/cases/issues/test_issue_154.py:119: &lt;py._xmlgen.raw object at 0x7fa1acf8f7b8&gt;</skipped></testcase><testcase classname="pytest_cases.tests.cases.issues.test_issue_154.TestTuples" file="pytest_cases/tests/cases/issues/test_issue_154.py" line="119" name="test_create_tuple_idstyle_mygen[M(inputs,request_data)/P4:6/-multi1]" time="0.004133462905883789"></testcase><testcase classname="pytest_cases.tests.cases.issues.test_issue_154.TestTuples" file="pytest_cases/tests/cases/issues/test_issue_154.py" line="119" name="test_create_tuple_idstyle_mygen[M(inputs,request_data)/P4:6/-multi2_marked_skipped]" time="0.0004050731658935547"><skipped message="&lt;unprintable Skipped object&gt;" type="pytest.skip">pytest_cases/tests/cases/issues/test_issue_154.py:119: &lt;py._xmlgen.raw object at 0x7fa1acf384e0&gt;</skipped></testcase><testcase classname="pytest_cases.tests.cases.issues.test_issue_154.TestTuples" file="pytest_cases/tests/cases/issues/test_issue_154.py" line="119" name="test_create_tuple_idstyle_mygen[M(inputs,request_data)/P6F/fixref_target_is_parametrized-0]" time="0.0053462982177734375"></testcase><testcase classname="pytest_cases.tests.cases.issues.test_issue_154.TestTuples" file="pytest_cases/tests/cases/issues/test_issue_154.py" line="119" name="test_create_tuple_idstyle_mygen[M(inputs,request_data)/P7F/single_parametrized_lazy-foo]" time="0.002418994903564453"></testcase><testcase classname="pytest_cases.tests.cases.issues.test_issue_154.TestTuples" file="pytest_cases/tests/cases/issues/test_issue_154.py" line="119" name="test_create_tuple_idstyle_mygen[M(inputs,request_data)/P8F/fixref_target_is_parametrized_marked_skipped-0]" time="0.00026535987854003906"><skipped message="&lt;unprintable Skipped object&gt;" type="pytest.skip">pytest_cases/tests/cases/issues/test_issue_154.py:119: &lt;py._xmlgen.raw object at 0x7fa1acf38c50&gt;</skipped></testcase><testcase classname="pytest_cases.tests.cases.issues.test_issue_154.TestTuples" file="pytest_cases/tests/cases/issues/test_issue_154.py" line="119" name="test_create_tuple_idstyle_mygen[M(inputs,request_data)/P9F/single_parametrized_lazy_value_target_is_skipped-bar]" time="0.0005354881286621094"><skipped message="unconditional skip" type="pytest.skip">pytest_cases/tests/cases/issues/test_issue_154.py:119: &lt;py._xmlgen.raw object at 0x7fa1acf3d7b8&gt;</skipped></testcase><testcase classname="pytest_cases.tests.cases.issues.test_issue_154.TestTuples" file="pytest_cases/tests/cases/issues/test_issue_154.py" line="124" name="test_create_tuple_ids_list[0]" time="0.004614830017089844"></testcase><testcase classname="pytest_cases.tests.cases.issues.test_issue_154.TestTuples" file="pytest_cases/tests/cases/issues/test_issue_154.py" line="124" name="test_create_tuple_ids_list[1]" time="0.003647327423095703"></testcase><testcase classname="pytest_cases.tests.cases.issues.test_issue_154.TestTuples" file="pytest_cases/tests/cases/issues/test_issue_154.py" line="124" name="test_create_tuple_ids_list[2]" time="0.0008640289306640625"><skipped message="&lt;unprintable Skipped object&gt;" type="pytest.skip">pytest_cases/tests/cases/issues/test_issue_154.py:124: &lt;py._xmlgen.raw object at 0x7fa1acf3dd30&gt;</skipped></testcase><testcase classname="pytest_cases.tests.cases.issues.test_issue_154.TestTuples" file="pytest_cases/tests/cases/issues/test_issue_154.py" line="124" name="test_create_tuple_ids_list[3]" time="0.0003857612609863281"><skipped message="&lt;unprintable Skipped object&gt;" type="pytest.skip">pytest_cases/tests/cases/issues/test_issue_154.py:124: &lt;py._xmlgen.raw object at 0x7fa1acf3f898&gt;</skipped></testcase><testcase classname="pytest_cases.tests.cases.issues.test_issue_154.TestTuples" file="pytest_cases/tests/cases/issues/test_issue_154.py" line="124" name="test_create_tuple_ids_list[4]" time="0.0014162063598632812"></testcase><testcase classname="pytest_cases.tests.cases.issues.test_issue_154.TestTuples" file="pytest_cases/tests/cases/issues/test_issue_154.py" line="124" name="test_create_tuple_ids_list[5]" time="0.00026798248291015625"><skipped message="&lt;unprintable Skipped object&gt;" type="pytest.skip">pytest_cases/tests/cases/issues/test_issue_154.py:124: &lt;py._xmlgen.raw object at 0x7fa1acf2bf60&gt;</skipped></testcase><testcase classname="pytest_cases.tests.cases.issues.test_issue_154.TestTuples" file="pytest_cases/tests/cases/issues/test_issue_154.py" line="124" name="test_create_tuple_ids_list[6-0]" time="0.0014421939849853516"></testcase><testcase classname="pytest_cases.tests.cases.issues.test_issue_154.TestTuples" file="pytest_cases/tests/cases/issues/test_issue_154.py" line="124" name="test_create_tuple_ids_list[7-foo]" time="0.002262115478515625"></testcase><testcase classname="pytest_cases.tests.cases.issues.test_issue_154.TestTuples" file="pytest_cases/tests/cases/issues/test_issue_154.py" line="124" name="test_create_tuple_ids_list[8-0]" time="0.00026535987854003906"><skipped message="&lt;unprintable Skipped object&gt;" type="pytest.skip">pytest_cases/tests/cases/issues/test_issue_154.py:124: &lt;py._xmlgen.raw object at 0x7fa1acf38278&gt;</skipped></testcase><testcase classname="pytest_cases.tests.cases.issues.test_issue_154.TestTuples" file="pytest_cases/tests/cases/issues/test_issue_154.py" line="124" name="test_create_tuple_ids_list[9-bar]" time="0.0019059181213378906"><skipped message="unconditional skip" type="pytest.skip">pytest_cases/tests/cases/issues/test_issue_154.py:124: &lt;py._xmlgen.raw object at 0x7fa1acf4ab70&gt;</skipped></testcase><testcase classname="pytest_cases.tests.cases.issues.test_issue_154.TestTuples" file="pytest_cases/tests/cases/issues/test_issue_154.py" line="129" name="test_create_tuple_ids_list_style[/0]" time="0.004384279251098633"></testcase><testcase classname="pytest_cases.tests.cases.issues.test_issue_154.TestTuples" file="pytest_cases/tests/cases/issues/test_issue_154.py" line="129" name="test_create_tuple_ids_list_style[/1]" time="0.004299163818359375"></testcase><testcase classname="pytest_cases.tests.cases.issues.test_issue_154.TestTuples" file="pytest_cases/tests/cases/issues/test_issue_154.py" line="129" name="test_create_tuple_ids_list_style[/2]" time="0.0006506443023681641"><skipped message="&lt;unprintable Skipped object&gt;" type="pytest.skip">pytest_cases/tests/cases/issues/test_issue_154.py:129: &lt;py._xmlgen.raw object at 0x7fa1acf3ff60&gt;</skipped></testcase><testcase classname="pytest_cases.tests.cases.issues.test_issue_154.TestTuples" file="pytest_cases/tests/cases/issues/test_issue_154.py" line="129" name="test_create_tuple_ids_list_style[/3]" time="0.0006632804870605469"><skipped message="&lt;unprintable Skipped object&gt;" type="pytest.skip">pytest_cases/tests/cases/issues/test_issue_154.py:129: &lt;py._xmlgen.raw object at 0x7fa1acf4ccf8&gt;</skipped></testcase><testcase classname="pytest_cases.tests.cases.issues.test_issue_154.TestTuples" file="pytest_cases/tests/cases/issues/test_issue_154.py" line="129" name="test_create_tuple_ids_list_style[/P4:6-4]" time="0.004940986633300781"></testcase><testcase classname="pytest_cases.tests.cases.issues.test_issue_154.TestTuples" file="pytest_cases/tests/cases/issues/test_issue_154.py" line="129" name="test_create_tuple_ids_list_style[/P4:6-5]" time="0.00036644935607910156"><skipped message="&lt;unprintable Skipped object&gt;" type="pytest.skip">pytest_cases/tests/cases/issues/test_issue_154.py:129: &lt;py._xmlgen.raw object at 0x7fa1acf3dba8&gt;</skipped></testcase><testcase classname="pytest_cases.tests.cases.issues.test_issue_154.TestTuples" file="pytest_cases/tests/cases/issues/test_issue_154.py" line="129" name="test_create_tuple_ids_list_style[/6-0]" time="0.0036351680755615234"></testcase><testcase classname="pytest_cases.tests.cases.issues.test_issue_154.TestTuples" file="pytest_cases/tests/cases/issues/test_issue_154.py" line="129" name="test_create_tuple_ids_list_style[/7-foo]" time="0.003124713897705078"></testcase><testcase classname="pytest_cases.tests.cases.issues.test_issue_154.TestTuples" file="pytest_cases/tests/cases/issues/test_issue_154.py" line="129" name="test_create_tuple_ids_list_style[/8-0]" time="0.0003509521484375"><skipped message="&lt;unprintable Skipped object&gt;" type="pytest.skip">pytest_cases/tests/cases/issues/test_issue_154.py:129: &lt;py._xmlgen.raw object at 0x7fa1acf3d080&gt;</skipped></testcase><testcase classname="pytest_cases.tests.cases.issues.test_issue_154.TestTuples" file="pytest_cases/tests/cases/issues/test_issue_154.py" line="129" name="test_create_tuple_ids_list_style[/9-bar]" time="0.00036716461181640625"><skipped message="unconditional skip" type="pytest.skip">pytest_cases/tests/cases/issues/test_issue_154.py:129: &lt;py._xmlgen.raw object at 0x7fa1acf53438&gt;</skipped></testcase><testcase classname="pytest_cases.tests.cases.issues.test_issue_154.TestTuples" file="pytest_cases/tests/cases/issues/test_issue_154.py" line="134" name="test_create_tuple_ids_mygen[Msingle]" time="0.003324270248413086"></testcase><testcase classname="pytest_cases.tests.cases.issues.test_issue_154.TestTuples" file="pytest_cases/tests/cases/issues/test_issue_154.py" line="134" name="test_create_tuple_ids_mygen[Mfixref]" time="0.0031867027282714844"></testcase><testcase classname="pytest_cases.tests.cases.issues.test_issue_154.TestTuples" file="pytest_cases/tests/cases/issues/test_issue_154.py" line="134" name="test_create_tuple_ids_mygen[Msingle_marked_skipped]" time="0.0003483295440673828"><skipped message="&lt;unprintable Skipped object&gt;" type="pytest.skip">pytest_cases/tests/cases/issues/test_issue_154.py:134: &lt;py._xmlgen.raw object at 0x7fa1acf3fef0&gt;</skipped></testcase><testcase classname="pytest_cases.tests.cases.issues.test_issue_154.TestTuples" file="pytest_cases/tests/cases/issues/test_issue_154.py" line="134" name="test_create_tuple_ids_mygen[Mfixref_marked_skipped]" time="0.0006463527679443359"><skipped message="&lt;unprintable Skipped object&gt;" type="pytest.skip">pytest_cases/tests/cases/issues/test_issue_154.py:134: &lt;py._xmlgen.raw object at 0x7fa1acf4c470&gt;</skipped></testcase><testcase classname="pytest_cases.tests.cases.issues.test_issue_154.TestTuples" file="pytest_cases/tests/cases/issues/test_issue_154.py" line="134" name="test_create_tuple_ids_mygen[Mmulti1]" time="0.0037267208099365234"></testcase><testcase classname="pytest_cases.tests.cases.issues.test_issue_154.TestTuples" file="pytest_cases/tests/cases/issues/test_issue_154.py" line="134" name="test_create_tuple_ids_mygen[Mmulti2_marked_skipped]" time="0.00048279762268066406"><skipped message="&lt;unprintable Skipped object&gt;" type="pytest.skip">pytest_cases/tests/cases/issues/test_issue_154.py:134: &lt;py._xmlgen.raw object at 0x7fa1acf5cfd0&gt;</skipped></testcase><testcase classname="pytest_cases.tests.cases.issues.test_issue_154.TestTuples" file="pytest_cases/tests/cases/issues/test_issue_154.py" line="134" name="test_create_tuple_ids_mygen[Mfixref_target_is_parametrized-0]" time="0.003668546676635742"></testcase><testcase classname="pytest_cases.tests.cases.issues.test_issue_154.TestTuples" file="pytest_cases/tests/cases/issues/test_issue_154.py" line="134" name="test_create_tuple_ids_mygen[Msingle_parametrized_lazy-foo]" time="0.003177642822265625"></testcase><testcase classname="pytest_cases.tests.cases.issues.test_issue_154.TestTuples" file="pytest_cases/tests/cases/issues/test_issue_154.py" line="134" name="test_create_tuple_ids_mygen[Mfixref_target_is_parametrized_marked_skipped-0]" time="0.0004382133483886719"><skipped message="&lt;unprintable Skipped object&gt;" type="pytest.skip">pytest_cases/tests/cases/issues/test_issue_154.py:134: &lt;py._xmlgen.raw object at 0x7fa1acee0780&gt;</skipped></testcase><testcase classname="pytest_cases.tests.cases.issues.test_issue_154.TestTuples" file="pytest_cases/tests/cases/issues/test_issue_154.py" line="134" name="test_create_tuple_ids_mygen[Msingle_parametrized_lazy_value_target_is_skipped-bar]" time="0.002771615982055664"><skipped message="unconditional skip" type="pytest.skip">pytest_cases/tests/cases/issues/test_issue_154.py:134: &lt;py._xmlgen.raw object at 0x7fa1acf5c320&gt;</skipped></testcase><testcase classname="pytest_cases.tests.cases.issues.test_issue_154.TestTuples" file="pytest_cases/tests/cases/issues/test_issue_154.py" line="139" name="test_create_tuple_ids_mygen_style[/Msingle]" time="0.003728151321411133"></testcase><testcase classname="pytest_cases.tests.cases.issues.test_issue_154.TestTuples" file="pytest_cases/tests/cases/issues/test_issue_154.py" line="139" name="test_create_tuple_ids_mygen_style[/Mfixref]" time="0.0028426647186279297"></testcase><testcase classname="pytest_cases.tests.cases.issues.test_issue_154.TestTuples" file="pytest_cases/tests/cases/issues/test_issue_154.py" line="139" name="test_create_tuple_ids_mygen_style[/Msingle_marked_skipped]" time="0.0003542900085449219"><skipped message="&lt;unprintable Skipped object&gt;" type="pytest.skip">pytest_cases/tests/cases/issues/test_issue_154.py:139: &lt;py._xmlgen.raw object at 0x7fa1acf30320&gt;</skipped></testcase><testcase classname="pytest_cases.tests.cases.issues.test_issue_154.TestTuples" file="pytest_cases/tests/cases/issues/test_issue_154.py" line="139" name="test_create_tuple_ids_mygen_style[/Mfixref_marked_skipped]" time="0.001169443130493164"><skipped message="&lt;unprintable Skipped object&gt;" type="pytest.skip">pytest_cases/tests/cases/issues/test_issue_154.py:139: &lt;py._xmlgen.raw object at 0x7fa1acf30198&gt;</skipped></testcase><testcase classname="pytest_cases.tests.cases.issues.test_issue_154.TestTuples" file="pytest_cases/tests/cases/issues/test_issue_154.py" line="139" name="test_create_tuple_ids_mygen_style[/P4:6-Mmulti1]" time="0.003506898880004883"></testcase><testcase classname="pytest_cases.tests.cases.issues.test_issue_154.TestTuples" file="pytest_cases/tests/cases/issues/test_issue_154.py" line="139" name="test_create_tuple_ids_mygen_style[/P4:6-Mmulti2_marked_skipped]" time="0.0010859966278076172"><skipped message="&lt;unprintable Skipped object&gt;" type="pytest.skip">pytest_cases/tests/cases/issues/test_issue_154.py:139: &lt;py._xmlgen.raw object at 0x7fa1acee0208&gt;</skipped></testcase><testcase classname="pytest_cases.tests.cases.issues.test_issue_154.TestTuples" file="pytest_cases/tests/cases/issues/test_issue_154.py" line="139" name="test_create_tuple_ids_mygen_style[/Mfixref_target_is_parametrized-0]" time="0.001842498779296875"></testcase><testcase classname="pytest_cases.tests.cases.issues.test_issue_154.TestTuples" file="pytest_cases/tests/cases/issues/test_issue_154.py" line="139" name="test_create_tuple_ids_mygen_style[/Msingle_parametrized_lazy-foo]" time="0.002317667007446289"></testcase><testcase classname="pytest_cases.tests.cases.issues.test_issue_154.TestTuples" file="pytest_cases/tests/cases/issues/test_issue_154.py" line="139" name="test_create_tuple_ids_mygen_style[/Mfixref_target_is_parametrized_marked_skipped-0]" time="0.0003998279571533203"><skipped message="&lt;unprintable Skipped object&gt;" type="pytest.skip">pytest_cases/tests/cases/issues/test_issue_154.py:139: &lt;py._xmlgen.raw object at 0x7fa1ad2e3160&gt;</skipped></testcase><testcase classname="pytest_cases.tests.cases.issues.test_issue_154.TestTuples" file="pytest_cases/tests/cases/issues/test_issue_154.py" line="139" name="test_create_tuple_ids_mygen_style[/Msingle_parametrized_lazy_value_target_is_skipped-bar]" time="0.0003707408905029297"><skipped message="unconditional skip" type="pytest.skip">pytest_cases/tests/cases/issues/test_issue_154.py:139: &lt;py._xmlgen.raw object at 0x7fa1acee8c50&gt;</skipped></testcase><testcase classname="pytest_cases.tests.cases.issues.test_issue_154" file="pytest_cases/tests/cases/issues/test_issue_154.py" line="145" name="test_create_single_idstyle_explicit[inputs_request_data/single]" time="0.003026723861694336"></testcase><testcase classname="pytest_cases.tests.cases.issues.test_issue_154" file="pytest_cases/tests/cases/issues/test_issue_154.py" line="145" name="test_create_single_idstyle_explicit[inputs_request_data/fixref]" time="0.002105236053466797"></testcase><testcase classname="pytest_cases.tests.cases.issues.test_issue_154" file="pytest_cases/tests/cases/issues/test_issue_154.py" line="145" name="test_create_single_idstyle_explicit[inputs_request_data/single_marked_skipped]" time="0.0003845691680908203"><skipped message="&lt;unprintable Skipped object&gt;" type="pytest.skip">pytest_cases/tests/cases/issues/test_issue_154.py:145: &lt;py._xmlgen.raw object at 0x7fa1acee0668&gt;</skipped></testcase><testcase classname="pytest_cases.tests.cases.issues.test_issue_154" file="pytest_cases/tests/cases/issues/test_issue_154.py" line="145" name="test_create_single_idstyle_explicit[inputs_request_data/fixref_marked_skipped]" time="0.00029349327087402344"><skipped message="&lt;unprintable Skipped object&gt;" type="pytest.skip">pytest_cases/tests/cases/issues/test_issue_154.py:145: &lt;py._xmlgen.raw object at 0x7fa1acf35a58&gt;</skipped></testcase><testcase classname="pytest_cases.tests.cases.issues.test_issue_154" file="pytest_cases/tests/cases/issues/test_issue_154.py" line="145" name="test_create_single_idstyle_explicit[inputs_request_data/P4:6-multi1]" time="0.0029621124267578125"></testcase><testcase classname="pytest_cases.tests.cases.issues.test_issue_154" file="pytest_cases/tests/cases/issues/test_issue_154.py" line="145" name="test_create_single_idstyle_explicit[inputs_request_data/P4:6-multi2_marked_skipped]" time="0.00025272369384765625"><skipped message="unconditional skip" type="pytest.skip">pytest_cases/tests/cases/issues/test_issue_154.py:145: &lt;py._xmlgen.raw object at 0x7fa1acee89b0&gt;</skipped></testcase><testcase classname="pytest_cases.tests.cases.issues.test_issue_154" file="pytest_cases/tests/cases/issues/test_issue_154.py" line="145" name="test_create_single_idstyle_explicit[inputs_request_data/fixref_target_is_parametrized-0]" time="0.0016074180603027344"></testcase><testcase classname="pytest_cases.tests.cases.issues.test_issue_154" file="pytest_cases/tests/cases/issues/test_issue_154.py" line="145" name="test_create_single_idstyle_explicit[inputs_request_data/single_parametrized_lazy-foo]" time="0.0029060840606689453"></testcase><testcase classname="pytest_cases.tests.cases.issues.test_issue_154" file="pytest_cases/tests/cases/issues/test_issue_154.py" line="145" name="test_create_single_idstyle_explicit[inputs_request_data/fixref_target_is_parametrized_marked_skipped-0]" time="0.0041997432708740234"><skipped message="&lt;unprintable Skipped object&gt;" type="pytest.skip">pytest_cases/tests/cases/issues/test_issue_154.py:145: &lt;py._xmlgen.raw object at 0x7fa1acf5c3c8&gt;</skipped></testcase><testcase classname="pytest_cases.tests.cases.issues.test_issue_154" file="pytest_cases/tests/cases/issues/test_issue_154.py" line="145" name="test_create_single_idstyle_explicit[inputs_request_data/single_parametrized_lazy_value_target_is_skipped-bar]" time="0.0017452239990234375"><skipped message="unconditional skip" type="pytest.skip">pytest_cases/tests/cases/issues/test_issue_154.py:145: &lt;py._xmlgen.raw object at 0x7fa1ad3b5e10&gt;</skipped></testcase><testcase classname="pytest_cases.tests.cases.issues.test_issue_154" file="pytest_cases/tests/cases/issues/test_issue_154.py" line="152" name="test_create_single_idstyle_compact[/single]" time="0.0036001205444335938"></testcase><testcase classname="pytest_cases.tests.cases.issues.test_issue_154" file="pytest_cases/tests/cases/issues/test_issue_154.py" line="152" name="test_create_single_idstyle_compact[/fixref]" time="0.0032858848571777344"></testcase><testcase classname="pytest_cases.tests.cases.issues.test_issue_154" file="pytest_cases/tests/cases/issues/test_issue_154.py" line="152" name="test_create_single_idstyle_compact[/single_marked_skipped]" time="0.0002505779266357422"><skipped message="&lt;unprintable Skipped object&gt;" type="pytest.skip">pytest_cases/tests/cases/issues/test_issue_154.py:152: &lt;py._xmlgen.raw object at 0x7fa1acf25198&gt;</skipped></testcase><testcase classname="pytest_cases.tests.cases.issues.test_issue_154" file="pytest_cases/tests/cases/issues/test_issue_154.py" line="152" name="test_create_single_idstyle_compact[/fixref_marked_skipped]" time="0.00024890899658203125"><skipped message="&lt;unprintable Skipped object&gt;" type="pytest.skip">pytest_cases/tests/cases/issues/test_issue_154.py:152: &lt;py._xmlgen.raw object at 0x7fa1acef3940&gt;</skipped></testcase><testcase classname="pytest_cases.tests.cases.issues.test_issue_154" file="pytest_cases/tests/cases/issues/test_issue_154.py" line="152" name="test_create_single_idstyle_compact[/P4:6-multi1]" time="0.0013463497161865234"></testcase><testcase classname="pytest_cases.tests.cases.issues.test_issue_154" file="pytest_cases/tests/cases/issues/test_issue_154.py" line="152" name="test_create_single_idstyle_compact[/P4:6-multi2_marked_skipped]" time="0.0002474784851074219"><skipped message="unconditional skip" type="pytest.skip">pytest_cases/tests/cases/issues/test_issue_154.py:152: &lt;py._xmlgen.raw object at 0x7fa1acefaf28&gt;</skipped></testcase><testcase classname="pytest_cases.tests.cases.issues.test_issue_154" file="pytest_cases/tests/cases/issues/test_issue_154.py" line="152" name="test_create_single_idstyle_compact[/fixref_target_is_parametrized-0]" time="0.0017247200012207031"></testcase><testcase classname="pytest_cases.tests.cases.issues.test_issue_154" file="pytest_cases/tests/cases/issues/test_issue_154.py" line="152" name="test_create_single_idstyle_compact[/single_parametrized_lazy-foo]" time="0.0014235973358154297"></testcase><testcase classname="pytest_cases.tests.cases.issues.test_issue_154" file="pytest_cases/tests/cases/issues/test_issue_154.py" line="152" name="test_create_single_idstyle_compact[/fixref_target_is_parametrized_marked_skipped-0]" time="0.00027179718017578125"><skipped message="&lt;unprintable Skipped object&gt;" type="pytest.skip">pytest_cases/tests/cases/issues/test_issue_154.py:152: &lt;py._xmlgen.raw object at 0x7fa1acefe6d8&gt;</skipped></testcase><testcase classname="pytest_cases.tests.cases.issues.test_issue_154" file="pytest_cases/tests/cases/issues/test_issue_154.py" line="152" name="test_create_single_idstyle_compact[/single_parametrized_lazy_value_target_is_skipped-bar]" time="0.000255584716796875"><skipped message="unconditional skip" type="pytest.skip">pytest_cases/tests/cases/issues/test_issue_154.py:152: &lt;py._xmlgen.raw object at 0x7fa1acefed30&gt;</skipped></testcase><testcase classname="pytest_cases.tests.cases.issues.test_issue_154" file="pytest_cases/tests/cases/issues/test_issue_154.py" line="159" name="test_create_single_idstyle_none[single]" time="0.0033664703369140625"></testcase><testcase classname="pytest_cases.tests.cases.issues.test_issue_154" file="pytest_cases/tests/cases/issues/test_issue_154.py" line="159" name="test_create_single_idstyle_none[fixref]" time="0.0031461715698242188"></testcase><testcase classname="pytest_cases.tests.cases.issues.test_issue_154" file="pytest_cases/tests/cases/issues/test_issue_154.py" line="159" name="test_create_single_idstyle_none[single_marked_skipped]" time="0.0004031658172607422"><skipped message="&lt;unprintable Skipped object&gt;" type="pytest.skip">pytest_cases/tests/cases/issues/test_issue_154.py:159: &lt;py._xmlgen.raw object at 0x7fa1acf02a90&gt;</skipped></testcase><testcase classname="pytest_cases.tests.cases.issues.test_issue_154" file="pytest_cases/tests/cases/issues/test_issue_154.py" line="159" name="test_create_single_idstyle_none[fixref_marked_skipped]" time="0.003181934356689453"><skipped message="&lt;unprintable Skipped object&gt;" type="pytest.skip">pytest_cases/tests/cases/issues/test_issue_154.py:159: &lt;py._xmlgen.raw object at 0x7fa1acf35908&gt;</skipped></testcase><testcase classname="pytest_cases.tests.cases.issues.test_issue_154" file="pytest_cases/tests/cases/issues/test_issue_154.py" line="159" name="test_create_single_idstyle_none[multi1]" time="0.0019459724426269531"></testcase><testcase classname="pytest_cases.tests.cases.issues.test_issue_154" file="pytest_cases/tests/cases/issues/test_issue_154.py" line="159" name="test_create_single_idstyle_none[multi2_marked_skipped]" time="0.0003592967987060547"><skipped message="unconditional skip" type="pytest.skip">pytest_cases/tests/cases/issues/test_issue_154.py:159: &lt;py._xmlgen.raw object at 0x7fa1acf092e8&gt;</skipped></testcase><testcase classname="pytest_cases.tests.cases.issues.test_issue_154" file="pytest_cases/tests/cases/issues/test_issue_154.py" line="159" name="test_create_single_idstyle_none[fixref_target_is_parametrized-0]" time="0.0016341209411621094"></testcase><testcase classname="pytest_cases.tests.cases.issues.test_issue_154" file="pytest_cases/tests/cases/issues/test_issue_154.py" line="159" name="test_create_single_idstyle_none[single_parametrized_lazy-foo]" time="0.0013623237609863281"></testcase><testcase classname="pytest_cases.tests.cases.issues.test_issue_154" file="pytest_cases/tests/cases/issues/test_issue_154.py" line="159" name="test_create_single_idstyle_none[fixref_target_is_parametrized_marked_skipped-0]" time="0.001638650894165039"><skipped message="&lt;unprintable Skipped object&gt;" type="pytest.skip">pytest_cases/tests/cases/issues/test_issue_154.py:159: &lt;py._xmlgen.raw object at 0x7fa1acf091d0&gt;</skipped></testcase><testcase classname="pytest_cases.tests.cases.issues.test_issue_154" file="pytest_cases/tests/cases/issues/test_issue_154.py" line="159" name="test_create_single_idstyle_none[single_parametrized_lazy_value_target_is_skipped-bar]" time="0.0009093284606933594"><skipped message="unconditional skip" type="pytest.skip">pytest_cases/tests/cases/issues/test_issue_154.py:159: &lt;py._xmlgen.raw object at 0x7fa1acf0c908&gt;</skipped></testcase><testcase classname="pytest_cases.tests.cases.issues.test_issue_154" file="pytest_cases/tests/cases/issues/test_issue_154.py" line="166" name="test_create_single_idstyle_mygen[Minputs_request_data/P0/single]" time="0.0046520233154296875"></testcase><testcase classname="pytest_cases.tests.cases.issues.test_issue_154" file="pytest_cases/tests/cases/issues/test_issue_154.py" line="166" name="test_create_single_idstyle_mygen[Minputs_request_data/P1F/fixref]" time="0.003773212432861328"></testcase><testcase classname="pytest_cases.tests.cases.issues.test_issue_154" file="pytest_cases/tests/cases/issues/test_issue_154.py" line="166" name="test_create_single_idstyle_mygen[Minputs_request_data/P2/single_marked_skipped]" time="0.00037288665771484375"><skipped message="&lt;unprintable Skipped object&gt;" type="pytest.skip">pytest_cases/tests/cases/issues/test_issue_154.py:166: &lt;py._xmlgen.raw object at 0x7fa1acf096a0&gt;</skipped></testcase><testcase classname="pytest_cases.tests.cases.issues.test_issue_154" file="pytest_cases/tests/cases/issues/test_issue_154.py" line="166" name="test_create_single_idstyle_mygen[Minputs_request_data/P3F/fixref_marked_skipped]" time="0.0005507469177246094"><skipped message="&lt;unprintable Skipped object&gt;" type="pytest.skip">pytest_cases/tests/cases/issues/test_issue_154.py:166: &lt;py._xmlgen.raw object at 0x7fa1acf16908&gt;</skipped></testcase><testcase classname="pytest_cases.tests.cases.issues.test_issue_154" file="pytest_cases/tests/cases/issues/test_issue_154.py" line="166" name="test_create_single_idstyle_mygen[Minputs_request_data/P4:6/-multi1]" time="0.0026764869689941406"></testcase><testcase classname="pytest_cases.tests.cases.issues.test_issue_154" file="pytest_cases/tests/cases/issues/test_issue_154.py" line="166" name="test_create_single_idstyle_mygen[Minputs_request_data/P4:6/-multi2_marked_skipped]" time="0.0003204345703125"><skipped message="unconditional skip" type="pytest.skip">pytest_cases/tests/cases/issues/test_issue_154.py:166: &lt;py._xmlgen.raw object at 0x7fa1acf0c588&gt;</skipped></testcase><testcase classname="pytest_cases.tests.cases.issues.test_issue_154" file="pytest_cases/tests/cases/issues/test_issue_154.py" line="166" name="test_create_single_idstyle_mygen[Minputs_request_data/P6F/fixref_target_is_parametrized-0]" time="0.003459930419921875"></testcase><testcase classname="pytest_cases.tests.cases.issues.test_issue_154" file="pytest_cases/tests/cases/issues/test_issue_154.py" line="166" name="test_create_single_idstyle_mygen[Minputs_request_data/P7F/single_parametrized_lazy-foo]" time="0.004881143569946289"></testcase><testcase classname="pytest_cases.tests.cases.issues.test_issue_154" file="pytest_cases/tests/cases/issues/test_issue_154.py" line="166" name="test_create_single_idstyle_mygen[Minputs_request_data/P8F/fixref_target_is_parametrized_marked_skipped-0]" time="0.00033020973205566406"><skipped message="&lt;unprintable Skipped object&gt;" type="pytest.skip">pytest_cases/tests/cases/issues/test_issue_154.py:166: &lt;py._xmlgen.raw object at 0x7fa1acf0c5c0&gt;</skipped></testcase><testcase classname="pytest_cases.tests.cases.issues.test_issue_154" file="pytest_cases/tests/cases/issues/test_issue_154.py" line="166" name="test_create_single_idstyle_mygen[Minputs_request_data/P9F/single_parametrized_lazy_value_target_is_skipped-bar]" time="0.00023436546325683594"><skipped message="unconditional skip" type="pytest.skip">pytest_cases/tests/cases/issues/test_issue_154.py:166: &lt;py._xmlgen.raw object at 0x7fa1acf16da0&gt;</skipped></testcase><testcase classname="pytest_cases.tests.cases.issues.test_issue_154" file="pytest_cases/tests/cases/issues/test_issue_154.py" line="173" name="test_create_single_ids_list[0]" time="0.0014698505401611328"></testcase><testcase classname="pytest_cases.tests.cases.issues.test_issue_154" file="pytest_cases/tests/cases/issues/test_issue_154.py" line="173" name="test_create_single_ids_list[1]" time="0.0020012855529785156"></testcase><testcase classname="pytest_cases.tests.cases.issues.test_issue_154" file="pytest_cases/tests/cases/issues/test_issue_154.py" line="173" name="test_create_single_ids_list[2]" time="0.0006170272827148438"><skipped message="&lt;unprintable Skipped object&gt;" type="pytest.skip">pytest_cases/tests/cases/issues/test_issue_154.py:173: &lt;py._xmlgen.raw object at 0x7fa1acf16240&gt;</skipped></testcase><testcase classname="pytest_cases.tests.cases.issues.test_issue_154" file="pytest_cases/tests/cases/issues/test_issue_154.py" line="173" name="test_create_single_ids_list[3]" time="0.001020669937133789"><skipped message="&lt;unprintable Skipped object&gt;" type="pytest.skip">pytest_cases/tests/cases/issues/test_issue_154.py:173: &lt;py._xmlgen.raw object at 0x7fa1acf09748&gt;</skipped></testcase><testcase classname="pytest_cases.tests.cases.issues.test_issue_154" file="pytest_cases/tests/cases/issues/test_issue_154.py" line="173" name="test_create_single_ids_list[4]" time="0.003920555114746094"></testcase><testcase classname="pytest_cases.tests.cases.issues.test_issue_154" file="pytest_cases/tests/cases/issues/test_issue_154.py" line="173" name="test_create_single_ids_list[5]" time="0.0019185543060302734"><skipped message="unconditional skip" type="pytest.skip">pytest_cases/tests/cases/issues/test_issue_154.py:173: &lt;py._xmlgen.raw object at 0x7fa1acf30240&gt;</skipped></testcase><testcase classname="pytest_cases.tests.cases.issues.test_issue_154" file="pytest_cases/tests/cases/issues/test_issue_154.py" line="173" name="test_create_single_ids_list[6-0]" time="0.0034863948822021484"></testcase><testcase classname="pytest_cases.tests.cases.issues.test_issue_154" file="pytest_cases/tests/cases/issues/test_issue_154.py" line="173" name="test_create_single_ids_list[7-foo]" time="0.0033104419708251953"></testcase><testcase classname="pytest_cases.tests.cases.issues.test_issue_154" file="pytest_cases/tests/cases/issues/test_issue_154.py" line="173" name="test_create_single_ids_list[8-0]" time="0.0009500980377197266"><skipped message="&lt;unprintable Skipped object&gt;" type="pytest.skip">pytest_cases/tests/cases/issues/test_issue_154.py:173: &lt;py._xmlgen.raw object at 0x7fa1acf1e0f0&gt;</skipped></testcase><testcase classname="pytest_cases.tests.cases.issues.test_issue_154" file="pytest_cases/tests/cases/issues/test_issue_154.py" line="173" name="test_create_single_ids_list[9-bar]" time="0.002364635467529297"><skipped message="unconditional skip" type="pytest.skip">pytest_cases/tests/cases/issues/test_issue_154.py:173: &lt;py._xmlgen.raw object at 0x7fa1acf1af60&gt;</skipped></testcase><testcase classname="pytest_cases.tests.cases.issues.test_issue_154" file="pytest_cases/tests/cases/issues/test_issue_154.py" line="180" name="test_create_single_ids_list_style[/0]" time="0.00392460823059082"></testcase><testcase classname="pytest_cases.tests.cases.issues.test_issue_154" file="pytest_cases/tests/cases/issues/test_issue_154.py" line="180" name="test_create_single_ids_list_style[/1]" time="0.003414154052734375"></testcase><testcase classname="pytest_cases.tests.cases.issues.test_issue_154" file="pytest_cases/tests/cases/issues/test_issue_154.py" line="180" name="test_create_single_ids_list_style[/2]" time="0.00036644935607910156"><skipped message="&lt;unprintable Skipped object&gt;" type="pytest.skip">pytest_cases/tests/cases/issues/test_issue_154.py:180: &lt;py._xmlgen.raw object at 0x7fa1acea4320&gt;</skipped></testcase><testcase classname="pytest_cases.tests.cases.issues.test_issue_154" file="pytest_cases/tests/cases/issues/test_issue_154.py" line="180" name="test_create_single_ids_list_style[/3]" time="0.0007114410400390625"><skipped message="&lt;unprintable Skipped object&gt;" type="pytest.skip">pytest_cases/tests/cases/issues/test_issue_154.py:180: &lt;py._xmlgen.raw object at 0x7fa1acf1e550&gt;</skipped></testcase><testcase classname="pytest_cases.tests.cases.issues.test_issue_154" file="pytest_cases/tests/cases/issues/test_issue_154.py" line="180" name="test_create_single_ids_list_style[/P4:6-4]" time="0.0034749507904052734"></testcase><testcase classname="pytest_cases.tests.cases.issues.test_issue_154" file="pytest_cases/tests/cases/issues/test_issue_154.py" line="180" name="test_create_single_ids_list_style[/P4:6-5]" time="0.0004208087921142578"><skipped message="unconditional skip" type="pytest.skip">pytest_cases/tests/cases/issues/test_issue_154.py:180: &lt;py._xmlgen.raw object at 0x7fa1acea4c50&gt;</skipped></testcase><testcase classname="pytest_cases.tests.cases.issues.test_issue_154" file="pytest_cases/tests/cases/issues/test_issue_154.py" line="180" name="test_create_single_ids_list_style[/6-0]" time="0.0026352405548095703"></testcase><testcase classname="pytest_cases.tests.cases.issues.test_issue_154" file="pytest_cases/tests/cases/issues/test_issue_154.py" line="180" name="test_create_single_ids_list_style[/7-foo]" time="0.002114534378051758"></testcase><testcase classname="pytest_cases.tests.cases.issues.test_issue_154" file="pytest_cases/tests/cases/issues/test_issue_154.py" line="180" name="test_create_single_ids_list_style[/8-0]" time="0.00035881996154785156"><skipped message="&lt;unprintable Skipped object&gt;" type="pytest.skip">pytest_cases/tests/cases/issues/test_issue_154.py:180: &lt;py._xmlgen.raw object at 0x7fa1acf1eb70&gt;</skipped></testcase><testcase classname="pytest_cases.tests.cases.issues.test_issue_154" file="pytest_cases/tests/cases/issues/test_issue_154.py" line="180" name="test_create_single_ids_list_style[/9-bar]" time="0.00028705596923828125"><skipped message="unconditional skip" type="pytest.skip">pytest_cases/tests/cases/issues/test_issue_154.py:180: &lt;py._xmlgen.raw object at 0x7fa1acea9c50&gt;</skipped></testcase><testcase classname="pytest_cases.tests.cases.issues.test_issue_154" file="pytest_cases/tests/cases/issues/test_issue_154.py" line="187" name="test_create_single_ids_mygen[Msingle]" time="0.0023908615112304688"></testcase><testcase classname="pytest_cases.tests.cases.issues.test_issue_154" file="pytest_cases/tests/cases/issues/test_issue_154.py" line="187" name="test_create_single_ids_mygen[Mfixref]" time="0.0019097328186035156"></testcase><testcase classname="pytest_cases.tests.cases.issues.test_issue_154" file="pytest_cases/tests/cases/issues/test_issue_154.py" line="187" name="test_create_single_ids_mygen[Msingle_marked_skipped]" time="0.00030684471130371094"><skipped message="&lt;unprintable Skipped object&gt;" type="pytest.skip">pytest_cases/tests/cases/issues/test_issue_154.py:187: &lt;py._xmlgen.raw object at 0x7fa1acea9470&gt;</skipped></testcase><testcase classname="pytest_cases.tests.cases.issues.test_issue_154" file="pytest_cases/tests/cases/issues/test_issue_154.py" line="187" name="test_create_single_ids_mygen[Mfixref_marked_skipped]" time="0.00027871131896972656"><skipped message="&lt;unprintable Skipped object&gt;" type="pytest.skip">pytest_cases/tests/cases/issues/test_issue_154.py:187: &lt;py._xmlgen.raw object at 0x7fa1aceafb70&gt;</skipped></testcase><testcase classname="pytest_cases.tests.cases.issues.test_issue_154" file="pytest_cases/tests/cases/issues/test_issue_154.py" line="187" name="test_create_single_ids_mygen[Mmulti1]" time="0.0023050308227539062"></testcase><testcase classname="pytest_cases.tests.cases.issues.test_issue_154" file="pytest_cases/tests/cases/issues/test_issue_154.py" line="187" name="test_create_single_ids_mygen[Mmulti2_marked_skipped]" time="0.00030517578125"><skipped message="unconditional skip" type="pytest.skip">pytest_cases/tests/cases/issues/test_issue_154.py:187: &lt;py._xmlgen.raw object at 0x7fa1aceaff60&gt;</skipped></testcase><testcase classname="pytest_cases.tests.cases.issues.test_issue_154" file="pytest_cases/tests/cases/issues/test_issue_154.py" line="187" name="test_create_single_ids_mygen[Mfixref_target_is_parametrized-0]" time="0.001949310302734375"></testcase><testcase classname="pytest_cases.tests.cases.issues.test_issue_154" file="pytest_cases/tests/cases/issues/test_issue_154.py" line="187" name="test_create_single_ids_mygen[Msingle_parametrized_lazy-foo]" time="0.0022983551025390625"></testcase><testcase classname="pytest_cases.tests.cases.issues.test_issue_154" file="pytest_cases/tests/cases/issues/test_issue_154.py" line="187" name="test_create_single_ids_mygen[Mfixref_target_is_parametrized_marked_skipped-0]" time="0.0002834796905517578"><skipped message="&lt;unprintable Skipped object&gt;" type="pytest.skip">pytest_cases/tests/cases/issues/test_issue_154.py:187: &lt;py._xmlgen.raw object at 0x7fa1acea4a20&gt;</skipped></testcase><testcase classname="pytest_cases.tests.cases.issues.test_issue_154" file="pytest_cases/tests/cases/issues/test_issue_154.py" line="187" name="test_create_single_ids_mygen[Msingle_parametrized_lazy_value_target_is_skipped-bar]" time="0.00029277801513671875"><skipped message="unconditional skip" type="pytest.skip">pytest_cases/tests/cases/issues/test_issue_154.py:187: &lt;py._xmlgen.raw object at 0x7fa1aceb66d8&gt;</skipped></testcase><testcase classname="pytest_cases.tests.cases.issues.test_issue_154" file="pytest_cases/tests/cases/issues/test_issue_154.py" line="194" name="test_create_single_ids_mygen_style[/Msingle]" time="0.001983165740966797"></testcase><testcase classname="pytest_cases.tests.cases.issues.test_issue_154" file="pytest_cases/tests/cases/issues/test_issue_154.py" line="194" name="test_create_single_ids_mygen_style[/Mfixref]" time="0.002332448959350586"></testcase><testcase classname="pytest_cases.tests.cases.issues.test_issue_154" file="pytest_cases/tests/cases/issues/test_issue_154.py" line="194" name="test_create_single_ids_mygen_style[/Msingle_marked_skipped]" time="0.0003185272216796875"><skipped message="&lt;unprintable Skipped object&gt;" type="pytest.skip">pytest_cases/tests/cases/issues/test_issue_154.py:194: &lt;py._xmlgen.raw object at 0x7fa1aceb6710&gt;</skipped></testcase><testcase classname="pytest_cases.tests.cases.issues.test_issue_154" file="pytest_cases/tests/cases/issues/test_issue_154.py" line="194" name="test_create_single_ids_mygen_style[/Mfixref_marked_skipped]" time="0.0002715587615966797"><skipped message="&lt;unprintable Skipped object&gt;" type="pytest.skip">pytest_cases/tests/cases/issues/test_issue_154.py:194: &lt;py._xmlgen.raw object at 0x7fa1acebc240&gt;</skipped></testcase><testcase classname="pytest_cases.tests.cases.issues.test_issue_154" file="pytest_cases/tests/cases/issues/test_issue_154.py" line="194" name="test_create_single_ids_mygen_style[/P4:6-Mmulti1]" time="0.0020225048065185547"></testcase><testcase classname="pytest_cases.tests.cases.issues.test_issue_154" file="pytest_cases/tests/cases/issues/test_issue_154.py" line="194" name="test_create_single_ids_mygen_style[/P4:6-Mmulti2_marked_skipped]" time="0.0006346702575683594"><skipped message="unconditional skip" type="pytest.skip">pytest_cases/tests/cases/issues/test_issue_154.py:194: &lt;py._xmlgen.raw object at 0x7fa1aceb6710&gt;</skipped></testcase><testcase classname="pytest_cases.tests.cases.issues.test_issue_154" file="pytest_cases/tests/cases/issues/test_issue_154.py" line="194" name="test_create_single_ids_mygen_style[/Mfixref_target_is_parametrized-0]" time="0.0020067691802978516"></testcase><testcase classname="pytest_cases.tests.cases.issues.test_issue_154" file="pytest_cases/tests/cases/issues/test_issue_154.py" line="194" name="test_create_single_ids_mygen_style[/Msingle_parametrized_lazy-foo]" time="0.0019519329071044922"></testcase><testcase classname="pytest_cases.tests.cases.issues.test_issue_154" file="pytest_cases/tests/cases/issues/test_issue_154.py" line="194" name="test_create_single_ids_mygen_style[/Mfixref_target_is_parametrized_marked_skipped-0]" time="0.0003235340118408203"><skipped message="&lt;unprintable Skipped object&gt;" type="pytest.skip">pytest_cases/tests/cases/issues/test_issue_154.py:194: &lt;py._xmlgen.raw object at 0x7fa1acec64e0&gt;</skipped></testcase><testcase classname="pytest_cases.tests.cases.issues.test_issue_154" file="pytest_cases/tests/cases/issues/test_issue_154.py" line="194" name="test_create_single_ids_mygen_style[/Msingle_parametrized_lazy_value_target_is_skipped-bar]" time="0.0014727115631103516"><skipped message="unconditional skip" type="pytest.skip">pytest_cases/tests/cases/issues/test_issue_154.py:194: &lt;py._xmlgen.raw object at 0x7fa1acec2898&gt;</skipped></testcase><testcase classname="pytest_cases.tests.cases.issues.test_issue_154" file="pytest_cases/tests/cases/issues/test_issue_154.py" line="201" name="test_synthesis" time="0.022028207778930664"></testcase><testcase classname="pytest_cases.tests.cases.legacy.advanced.test_memoize" file="pytest_cases/tests/cases/legacy/advanced/test_memoize.py" line="49" name="test_a[case_1]" time="0.0016064643859863281"><system-out>loading file file1
</system-out></testcase><testcase classname="pytest_cases.tests.cases.legacy.advanced.test_memoize" file="pytest_cases/tests/cases/legacy/advanced/test_memoize.py" line="49" name="test_a[case_2]" time="0.0008306503295898438"><system-out>loading file file2
</system-out></testcase><testcase classname="pytest_cases.tests.cases.legacy.advanced.test_memoize" file="pytest_cases/tests/cases/legacy/advanced/test_memoize.py" line="59" name="test_b[case_2]" time="0.0007116794586181641"></testcase><testcase classname="pytest_cases.tests.cases.legacy.advanced.test_memoize" file="pytest_cases/tests/cases/legacy/advanced/test_memoize.py" line="59" name="test_b[case_3]" time="0.0007574558258056641"><system-out>loading file file3
</system-out></testcase><testcase classname="pytest_cases.tests.cases.legacy.advanced.test_memoize" file="pytest_cases/tests/cases/legacy/advanced/test_memoize.py" line="69" name="test_c[case_1]" time="0.0007007122039794922"></testcase><testcase classname="pytest_cases.tests.cases.legacy.advanced.test_memoize" file="pytest_cases/tests/cases/legacy/advanced/test_memoize.py" line="69" name="test_c[case_2]" time="0.0007233619689941406"></testcase><testcase classname="pytest_cases.tests.cases.legacy.advanced.test_memoize" file="pytest_cases/tests/cases/legacy/advanced/test_memoize.py" line="69" name="test_c[case_3]" time="0.0006439685821533203"></testcase><testcase classname="pytest_cases.tests.cases.legacy.advanced.test_memoize" file="pytest_cases/tests/cases/legacy/advanced/test_memoize.py" line="79" name="test_assert_parametrized" time="0.0005931854248046875"></testcase><testcase classname="pytest_cases.tests.cases.legacy.advanced.test_memoize_generators" file="pytest_cases/tests/cases/legacy/advanced/test_memoize_generators.py" line="23" name="test_a[case 0]" time="0.0007884502410888672"><system-out>generating case 0
0
</system-out></testcase><testcase classname="pytest_cases.tests.cases.legacy.advanced.test_memoize_generators" file="pytest_cases/tests/cases/legacy/advanced/test_memoize_generators.py" line="23" name="test_a[case 1]" time="0.0007567405700683594"><system-out>generating case 1
1
</system-out></testcase><testcase classname="pytest_cases.tests.cases.legacy.advanced.test_memoize_generators" file="pytest_cases/tests/cases/legacy/advanced/test_memoize_generators.py" line="23" name="test_a[case 2]" time="0.0007078647613525391"><system-out>generating case 2
2
</system-out></testcase><testcase classname="pytest_cases.tests.cases.legacy.advanced.test_memoize_generators" file="pytest_cases/tests/cases/legacy/advanced/test_memoize_generators.py" line="33" name="test_b[case 0]" time="0.0010356903076171875"><system-out>0
</system-out></testcase><testcase classname="pytest_cases.tests.cases.legacy.advanced.test_memoize_generators" file="pytest_cases/tests/cases/legacy/advanced/test_memoize_generators.py" line="33" name="test_b[case 1]" time="0.0006711483001708984"><system-out>1
</system-out></testcase><testcase classname="pytest_cases.tests.cases.legacy.advanced.test_memoize_generators" file="pytest_cases/tests/cases/legacy/advanced/test_memoize_generators.py" line="33" name="test_b[case 2]" time="0.0007383823394775391"><system-out>2
</system-out></testcase><testcase classname="pytest_cases.tests.cases.legacy.advanced.test_memoize_generators" file="pytest_cases/tests/cases/legacy/advanced/test_memoize_generators.py" line="43" name="test_assert_cases_are_here" time="0.0008211135864257812"></testcase><testcase classname="pytest_cases.tests.cases.legacy.advanced.test_memoize_generators" file="pytest_cases/tests/cases/legacy/advanced/test_memoize_generators.py" line="50" name="test_assert_parametrized" time="0.0005931854248046875"></testcase><testcase classname="pytest_cases.tests.cases.legacy.advanced.test_parameters" file="pytest_cases/tests/cases/legacy/advanced/test_parameters.py" line="45" name="test_with_parameters[1.0.0-case_simple]" time="0.0008990764617919922"><system-out>using version 1.0.0
</system-out></testcase><testcase classname="pytest_cases.tests.cases.legacy.advanced.test_parameters" file="pytest_cases/tests/cases/legacy/advanced/test_parameters.py" line="45" name="test_with_parameters[1.0.0-case_simple2]" time="0.0007946491241455078"><system-out>using version 1.0.0
</system-out></testcase><testcase classname="pytest_cases.tests.cases.legacy.advanced.test_parameters" file="pytest_cases/tests/cases/legacy/advanced/test_parameters.py" line="45" name="test_with_parameters[1.0.0-case_gen__i=0, j=0]" time="0.0007939338684082031"><system-out>using version 1.0.0
</system-out></testcase><testcase classname="pytest_cases.tests.cases.legacy.advanced.test_parameters" file="pytest_cases/tests/cases/legacy/advanced/test_parameters.py" line="45" name="test_with_parameters[1.0.0-case_gen__i=0, j=1]" time="0.0007724761962890625"><system-out>using version 1.0.0
</system-out></testcase><testcase classname="pytest_cases.tests.cases.legacy.advanced.test_parameters" file="pytest_cases/tests/cases/legacy/advanced/test_parameters.py" line="45" name="test_with_parameters[1.0.0-case_gen__i=1, j=0]" time="0.0007932186126708984"><system-out>using version 1.0.0
</system-out></testcase><testcase classname="pytest_cases.tests.cases.legacy.advanced.test_parameters" file="pytest_cases/tests/cases/legacy/advanced/test_parameters.py" line="45" name="test_with_parameters[1.0.0-case_gen__i=1, j=1]" time="0.0011591911315917969"><system-out>using version 1.0.0
</system-out></testcase><testcase classname="pytest_cases.tests.cases.legacy.advanced.test_parameters" file="pytest_cases/tests/cases/legacy/advanced/test_parameters.py" line="45" name="test_with_parameters[2.0.0-case_simple]" time="0.0008320808410644531"><system-out>using version 2.0.0
</system-out></testcase><testcase classname="pytest_cases.tests.cases.legacy.advanced.test_parameters" file="pytest_cases/tests/cases/legacy/advanced/test_parameters.py" line="45" name="test_with_parameters[2.0.0-case_simple2]" time="0.0007615089416503906"><system-out>using version 2.0.0
</system-out></testcase><testcase classname="pytest_cases.tests.cases.legacy.advanced.test_parameters" file="pytest_cases/tests/cases/legacy/advanced/test_parameters.py" line="45" name="test_with_parameters[2.0.0-case_gen__i=0, j=0]" time="0.0008115768432617188"><system-out>using version 2.0.0
</system-out></testcase><testcase classname="pytest_cases.tests.cases.legacy.advanced.test_parameters" file="pytest_cases/tests/cases/legacy/advanced/test_parameters.py" line="45" name="test_with_parameters[2.0.0-case_gen__i=0, j=1]" time="0.0008249282836914062"><system-out>using version 2.0.0
</system-out></testcase><testcase classname="pytest_cases.tests.cases.legacy.advanced.test_parameters" file="pytest_cases/tests/cases/legacy/advanced/test_parameters.py" line="45" name="test_with_parameters[2.0.0-case_gen__i=1, j=0]" time="0.0011191368103027344"><system-out>using version 2.0.0
</system-out></testcase><testcase classname="pytest_cases.tests.cases.legacy.advanced.test_parameters" file="pytest_cases/tests/cases/legacy/advanced/test_parameters.py" line="45" name="test_with_parameters[2.0.0-case_gen__i=1, j=1]" time="0.0008308887481689453"><system-out>using version 2.0.0
</system-out></testcase><testcase classname="pytest_cases.tests.cases.legacy.advanced.test_parameters" file="pytest_cases/tests/cases/legacy/advanced/test_parameters.py" line="61" name="test_assert_parametrized" time="0.0005817413330078125"></testcase><testcase classname="pytest_cases.tests.cases.legacy.advanced.test_stackoverflow" file="pytest_cases/tests/cases/legacy/advanced/test_stackoverflow.py" line="26" name="test_with_cases_decorated[case_simple]" time="0.0007433891296386719"></testcase><testcase classname="pytest_cases.tests.cases.legacy.advanced.test_stackoverflow" file="pytest_cases/tests/cases/legacy/advanced/test_stackoverflow.py" line="39" name="test_with_cases_decorated2[case_simple]" time="0.0006594657897949219"></testcase><testcase classname="pytest_cases.tests.cases.legacy.advanced.test_stackoverflow" file="pytest_cases/tests/cases/legacy/advanced/test_stackoverflow.py" line="39" name="test_with_cases_decorated2[case_simple2]" time="0.0006785392761230469"></testcase><testcase classname="pytest_cases.tests.cases.legacy.advanced.test_stackoverflow" file="pytest_cases/tests/cases/legacy/advanced/test_stackoverflow.py" line="87" name="test_a[case_1]" time="0.0007166862487792969"><system-out>loading file file1
</system-out></testcase><testcase classname="pytest_cases.tests.cases.legacy.advanced.test_stackoverflow" file="pytest_cases/tests/cases/legacy/advanced/test_stackoverflow.py" line="87" name="test_a[case_2]" time="0.0007500648498535156"><system-out>loading file file2
</system-out></testcase><testcase classname="pytest_cases.tests.cases.legacy.advanced.test_stackoverflow" file="pytest_cases/tests/cases/legacy/advanced/test_stackoverflow.py" line="97" name="test_b[case_2]" time="0.0007076263427734375"></testcase><testcase classname="pytest_cases.tests.cases.legacy.advanced.test_stackoverflow" file="pytest_cases/tests/cases/legacy/advanced/test_stackoverflow.py" line="97" name="test_b[case_3]" time="0.0007650852203369141"><system-out>loading file file3
</system-out></testcase><testcase classname="pytest_cases.tests.cases.legacy.advanced.test_stackoverflow" file="pytest_cases/tests/cases/legacy/advanced/test_stackoverflow.py" line="107" name="test_c[case_1]" time="0.0007293224334716797"></testcase><testcase classname="pytest_cases.tests.cases.legacy.advanced.test_stackoverflow" file="pytest_cases/tests/cases/legacy/advanced/test_stackoverflow.py" line="107" name="test_c[case_2]" time="0.0006463527679443359"></testcase><testcase classname="pytest_cases.tests.cases.legacy.advanced.test_stackoverflow" file="pytest_cases/tests/cases/legacy/advanced/test_stackoverflow.py" line="107" name="test_c[case_3]" time="0.0006301403045654297"></testcase><testcase classname="pytest_cases.tests.cases.legacy.advanced.test_suite_parametrized_cases" file="pytest_cases/tests/cases/legacy/advanced/test_suite_parametrized_cases.py" line="65" name="test_suite_parametrized_cases[case_simple-step_check_a]" time="0.0010881423950195312"><system-out>{&apos;b&apos;: 2, &apos;a&apos;: 1}
</system-out></testcase><testcase classname="pytest_cases.tests.cases.legacy.advanced.test_suite_parametrized_cases" file="pytest_cases/tests/cases/legacy/advanced/test_suite_parametrized_cases.py" line="65" name="test_suite_parametrized_cases[case_simple-step_check_b]" time="0.0010564327239990234"><system-out>{&apos;b&apos;: 2, &apos;a&apos;: 1}
</system-out></testcase><testcase classname="pytest_cases.tests.cases.legacy.advanced.test_suite_parametrized_cases" file="pytest_cases/tests/cases/legacy/advanced/test_suite_parametrized_cases.py" line="65" name="test_suite_parametrized_cases[case_simple2-step_check_a]" time="0.0010602474212646484"><system-out>{&apos;b&apos;: 2, &apos;a&apos;: -1}
</system-out></testcase><testcase classname="pytest_cases.tests.cases.legacy.advanced.test_suite_parametrized_cases" file="pytest_cases/tests/cases/legacy/advanced/test_suite_parametrized_cases.py" line="65" name="test_suite_parametrized_cases[case_simple2-step_check_b]" time="0.0009632110595703125"><system-out>{&apos;b&apos;: 2, &apos;a&apos;: -1}
</system-out></testcase><testcase classname="pytest_cases.tests.cases.legacy.advanced.test_suite_shared_dict_cases" file="pytest_cases/tests/cases/legacy/advanced/test_suite_shared_dict_cases.py" line="51" name="test_suite_shared_dict_cases[case_simple-step_check_a]" time="0.0005393028259277344"><system-out>{&apos;b&apos;: 2, &apos;a&apos;: 1}
</system-out></testcase><testcase classname="pytest_cases.tests.cases.legacy.advanced.test_suite_shared_dict_cases" file="pytest_cases/tests/cases/legacy/advanced/test_suite_shared_dict_cases.py" line="51" name="test_suite_shared_dict_cases[case_simple-step_check_b]" time="0.0005095005035400391"><system-out>{&apos;b&apos;: 2, &apos;a&apos;: 1}
</system-out></testcase><testcase classname="pytest_cases.tests.cases.legacy.advanced.test_suite_shared_dict_cases" file="pytest_cases/tests/cases/legacy/advanced/test_suite_shared_dict_cases.py" line="51" name="test_suite_shared_dict_cases[case_simple2-step_check_a]" time="0.0009579658508300781"><system-out>{&apos;b&apos;: 2, &apos;a&apos;: -1}
</system-out></testcase><testcase classname="pytest_cases.tests.cases.legacy.advanced.test_suite_shared_dict_cases" file="pytest_cases/tests/cases/legacy/advanced/test_suite_shared_dict_cases.py" line="51" name="test_suite_shared_dict_cases[case_simple2-step_check_b]" time="0.002105236053466797"><system-out>{&apos;b&apos;: 2, &apos;a&apos;: -1}
</system-out></testcase><testcase classname="pytest_cases.tests.cases.legacy.intermediate.test_filtering" file="pytest_cases/tests/cases/legacy/intermediate/test_filtering.py" line="34" name="test_with_cases_a_or_b[case_data0]" time="0.00029397010803222656"><skipped message="got empty parameter set [&apos;case_data&apos;], function test_with_cases_a_or_b at /home/travis/build/smarie/python-pytest-cases/pytest_cases/tests/cases/legacy/intermediate/test_filtering.py:34" type="pytest.skip">pytest_cases/tests/cases/legacy/intermediate/test_filtering.py:34: &lt;py._xmlgen.raw object at 0x7fa1ace83668&gt;</skipped></testcase><testcase classname="pytest_cases.tests.cases.legacy.intermediate.test_filtering" file="pytest_cases/tests/cases/legacy/intermediate/test_filtering.py" line="47" name="test_with_cases_a_and_b[case_data0]" time="0.0003170967102050781"><skipped message="got empty parameter set [&apos;case_data&apos;], function test_with_cases_a_and_b at /home/travis/build/smarie/python-pytest-cases/pytest_cases/tests/cases/legacy/intermediate/test_filtering.py:47" type="pytest.skip">pytest_cases/tests/cases/legacy/intermediate/test_filtering.py:47: &lt;py._xmlgen.raw object at 0x7fa1ad304e10&gt;</skipped></testcase><testcase classname="pytest_cases.tests.cases.legacy.intermediate.test_shared" file="pytest_cases/tests/cases/legacy/intermediate/test_shared.py" line="12" name="test_with_filter[case_for_function1]" time="0.0007739067077636719"></testcase><testcase classname="pytest_cases.tests.cases.legacy.intermediate.test_shared" file="pytest_cases/tests/cases/legacy/intermediate/test_shared.py" line="12" name="test_with_filter[case_for_function_1_and_2]" time="0.0007870197296142578"></testcase><testcase classname="pytest_cases.tests.cases.legacy.intermediate.test_shared" file="pytest_cases/tests/cases/legacy/intermediate/test_shared.py" line="25" name="test_with_filter2[case_for_function2]" time="0.0007214546203613281"></testcase><testcase classname="pytest_cases.tests.cases.legacy.intermediate.test_shared" file="pytest_cases/tests/cases/legacy/intermediate/test_shared.py" line="25" name="test_with_filter2[case_for_function_1_and_2]" time="0.0007150173187255859"></testcase><testcase classname="pytest_cases.tests.cases.legacy.intermediate.test_shared" file="pytest_cases/tests/cases/legacy/intermediate/test_shared.py" line="38" name="test_with_no_filter_all_cases[case_for_function1]" time="0.0007433891296386719"></testcase><testcase classname="pytest_cases.tests.cases.legacy.intermediate.test_shared" file="pytest_cases/tests/cases/legacy/intermediate/test_shared.py" line="38" name="test_with_no_filter_all_cases[case_for_function2]" time="0.0007505416870117188"></testcase><testcase classname="pytest_cases.tests.cases.legacy.intermediate.test_shared" file="pytest_cases/tests/cases/legacy/intermediate/test_shared.py" line="38" name="test_with_no_filter_all_cases[case_for_function_1_and_2]" time="0.0007607936859130859"></testcase><testcase classname="pytest_cases.tests.cases.legacy.intermediate.test_two_modules" file="pytest_cases/tests/cases/legacy/intermediate/test_two_modules.py" line="10" name="test_with_cases_decorated[case_simple]" time="0.0011591911315917969"></testcase><testcase classname="pytest_cases.tests.cases.legacy.intermediate.test_two_modules" file="pytest_cases/tests/cases/legacy/intermediate/test_two_modules.py" line="10" name="test_with_cases_decorated[case_simple_error_type]" time="0.0007283687591552734"></testcase><testcase classname="pytest_cases.tests.cases.legacy.intermediate.test_two_modules" file="pytest_cases/tests/cases/legacy/intermediate/test_two_modules.py" line="10" name="test_with_cases_decorated[case_simple_error_instance]" time="0.0007212162017822266"></testcase><testcase classname="pytest_cases.tests.cases.legacy.intermediate.test_two_modules" file="pytest_cases/tests/cases/legacy/intermediate/test_two_modules.py" line="10" name="test_with_cases_decorated[case_simple_error_callable]" time="0.0006990432739257812"></testcase><testcase classname="pytest_cases.tests.cases.legacy.intermediate.test_two_modules" file="pytest_cases/tests/cases/legacy/intermediate/test_two_modules.py" line="10" name="test_with_cases_decorated[case_skipped]" time="0.00030493736267089844"><skipped message="unconditional skip" type="pytest.skip">pytest_cases/tests/cases/legacy/intermediate/test_two_modules.py:10: &lt;py._xmlgen.raw object at 0x7fa1ace97940&gt;</skipped></testcase><testcase classname="pytest_cases.tests.cases.legacy.intermediate.test_two_modules" file="pytest_cases/tests/cases/legacy/intermediate/test_two_modules.py" line="10" name="test_with_cases_decorated[case_for_function1]" time="0.0007238388061523438"></testcase><testcase classname="pytest_cases.tests.cases.legacy.intermediate.test_two_modules" file="pytest_cases/tests/cases/legacy/intermediate/test_two_modules.py" line="10" name="test_with_cases_decorated[case_for_function2]" time="0.0007154941558837891"></testcase><testcase classname="pytest_cases.tests.cases.legacy.intermediate.test_two_modules" file="pytest_cases/tests/cases/legacy/intermediate/test_two_modules.py" line="10" name="test_with_cases_decorated[case_for_function_1_and_2]" time="0.0007374286651611328"></testcase><testcase classname="pytest_cases.tests.cases.legacy.simple.test_fixtures" file="pytest_cases/tests/cases/legacy/simple/test_fixtures.py" line="20" name="test_with_cases_decorated_legacy[case_simple]" time="0.0008196830749511719"></testcase><testcase classname="pytest_cases.tests.cases.legacy.simple.test_fixtures" file="pytest_cases/tests/cases/legacy/simple/test_fixtures.py" line="20" name="test_with_cases_decorated_legacy[case_simple_error_type]" time="0.0008625984191894531"></testcase><testcase classname="pytest_cases.tests.cases.legacy.simple.test_fixtures" file="pytest_cases/tests/cases/legacy/simple/test_fixtures.py" line="20" name="test_with_cases_decorated_legacy[case_simple_error_instance]" time="0.0009257793426513672"></testcase><testcase classname="pytest_cases.tests.cases.legacy.simple.test_fixtures" file="pytest_cases/tests/cases/legacy/simple/test_fixtures.py" line="20" name="test_with_cases_decorated_legacy[case_simple_error_callable]" time="0.000881195068359375"></testcase><testcase classname="pytest_cases.tests.cases.legacy.simple.test_fixtures" file="pytest_cases/tests/cases/legacy/simple/test_fixtures.py" line="20" name="test_with_cases_decorated_legacy[case_skipped]" time="0.00030922889709472656"><skipped message="unconditional skip" type="pytest.skip">pytest_cases/tests/cases/legacy/simple/test_fixtures.py:20: &lt;py._xmlgen.raw object at 0x7fa1ad2c3f28&gt;</skipped></testcase><testcase classname="pytest_cases.tests.cases.legacy.simple.test_fixtures" file="pytest_cases/tests/cases/legacy/simple/test_fixtures.py" line="67" name="test_with_cases_decorated[case_simple]" time="0.0007755756378173828"></testcase><testcase classname="pytest_cases.tests.cases.legacy.simple.test_fixtures" file="pytest_cases/tests/cases/legacy/simple/test_fixtures.py" line="67" name="test_with_cases_decorated[case_simple_error_type]" time="0.0008218288421630859"></testcase><testcase classname="pytest_cases.tests.cases.legacy.simple.test_fixtures" file="pytest_cases/tests/cases/legacy/simple/test_fixtures.py" line="67" name="test_with_cases_decorated[case_simple_error_instance]" time="0.0012156963348388672"></testcase><testcase classname="pytest_cases.tests.cases.legacy.simple.test_fixtures" file="pytest_cases/tests/cases/legacy/simple/test_fixtures.py" line="67" name="test_with_cases_decorated[case_simple_error_callable]" time="0.0007898807525634766"></testcase><testcase classname="pytest_cases.tests.cases.legacy.simple.test_fixtures" file="pytest_cases/tests/cases/legacy/simple/test_fixtures.py" line="67" name="test_with_cases_decorated[case_skipped]" time="0.0003039836883544922"><skipped message="unconditional skip" type="pytest.skip">pytest_cases/tests/cases/legacy/simple/test_fixtures.py:67: &lt;py._xmlgen.raw object at 0x7fa1ace9b160&gt;</skipped></testcase><testcase classname="pytest_cases.tests.cases.legacy.simple.test_generators" file="pytest_cases/tests/cases/legacy/simple/test_generators.py" line="56" name="test_with_cases_decorated[case_simple]" time="0.0007545948028564453"></testcase><testcase classname="pytest_cases.tests.cases.legacy.simple.test_generators" file="pytest_cases/tests/cases/legacy/simple/test_generators.py" line="56" name="test_with_cases_decorated[test with i=0, j=0 and name template]" time="0.0010638236999511719"></testcase><testcase classname="pytest_cases.tests.cases.legacy.simple.test_generators" file="pytest_cases/tests/cases/legacy/simple/test_generators.py" line="56" name="test_with_cases_decorated[test with i=0, j=1 and name template]" time="0.0007097721099853516"></testcase><testcase classname="pytest_cases.tests.cases.legacy.simple.test_generators" file="pytest_cases/tests/cases/legacy/simple/test_generators.py" line="56" name="test_with_cases_decorated[test with i=0, j=2 and name template]" time="0.0006775856018066406"></testcase><testcase classname="pytest_cases.tests.cases.legacy.simple.test_generators" file="pytest_cases/tests/cases/legacy/simple/test_generators.py" line="56" name="test_with_cases_decorated[test with i=1, j=0 and name template]" time="0.00067901611328125"></testcase><testcase classname="pytest_cases.tests.cases.legacy.simple.test_generators" file="pytest_cases/tests/cases/legacy/simple/test_generators.py" line="56" name="test_with_cases_decorated[test with i=1, j=1 and name template]" time="0.0006916522979736328"></testcase><testcase classname="pytest_cases.tests.cases.legacy.simple.test_generators" file="pytest_cases/tests/cases/legacy/simple/test_generators.py" line="56" name="test_with_cases_decorated[test with i=1, j=2 and name template]" time="0.0006737709045410156"></testcase><testcase classname="pytest_cases.tests.cases.legacy.simple.test_generators" file="pytest_cases/tests/cases/legacy/simple/test_generators.py" line="56" name="test_with_cases_decorated[test with i=0, j=0 and names callable provider]" time="0.000997781753540039"></testcase><testcase classname="pytest_cases.tests.cases.legacy.simple.test_generators" file="pytest_cases/tests/cases/legacy/simple/test_generators.py" line="56" name="test_with_cases_decorated[test with i=0, j=1 and names callable provider]" time="0.0007071495056152344"></testcase><testcase classname="pytest_cases.tests.cases.legacy.simple.test_generators" file="pytest_cases/tests/cases/legacy/simple/test_generators.py" line="56" name="test_with_cases_decorated[test with i=0, j=2 and names callable provider]" time="0.0006935596466064453"></testcase><testcase classname="pytest_cases.tests.cases.legacy.simple.test_generators" file="pytest_cases/tests/cases/legacy/simple/test_generators.py" line="56" name="test_with_cases_decorated[test with i=1, j=0 and names callable provider]" time="0.0006647109985351562"></testcase><testcase classname="pytest_cases.tests.cases.legacy.simple.test_generators" file="pytest_cases/tests/cases/legacy/simple/test_generators.py" line="56" name="test_with_cases_decorated[test with i=1, j=1 and names callable provider]" time="0.0006954669952392578"></testcase><testcase classname="pytest_cases.tests.cases.legacy.simple.test_generators" file="pytest_cases/tests/cases/legacy/simple/test_generators.py" line="56" name="test_with_cases_decorated[test with i=1, j=2 and names callable provider]" time="0.0007722377777099609"></testcase><testcase classname="pytest_cases.tests.cases.legacy.simple.test_generators" file="pytest_cases/tests/cases/legacy/simple/test_generators.py" line="56" name="test_with_cases_decorated[test with i=0, j=0 and explicit names list]" time="0.0006692409515380859"></testcase><testcase classname="pytest_cases.tests.cases.legacy.simple.test_generators" file="pytest_cases/tests/cases/legacy/simple/test_generators.py" line="56" name="test_with_cases_decorated[test with i=0, j=1 and explicit names list]" time="0.0006854534149169922"></testcase><testcase classname="pytest_cases.tests.cases.legacy.simple.test_generators" file="pytest_cases/tests/cases/legacy/simple/test_generators.py" line="56" name="test_with_cases_decorated[test with i=0, j=2 and explicit names list]" time="0.0006635189056396484"></testcase><testcase classname="pytest_cases.tests.cases.legacy.simple.test_generators" file="pytest_cases/tests/cases/legacy/simple/test_generators.py" line="56" name="test_with_cases_decorated[test with i=1, j=0 and explicit names list]" time="0.0006701946258544922"></testcase><testcase classname="pytest_cases.tests.cases.legacy.simple.test_generators" file="pytest_cases/tests/cases/legacy/simple/test_generators.py" line="56" name="test_with_cases_decorated[test with i=1, j=1 and explicit names list]" time="0.0006709098815917969"></testcase><testcase classname="pytest_cases.tests.cases.legacy.simple.test_generators" file="pytest_cases/tests/cases/legacy/simple/test_generators.py" line="56" name="test_with_cases_decorated[test with i=1, j=2 and explicit names list]" time="0.0009970664978027344"></testcase><testcase classname="pytest_cases.tests.cases.legacy.simple.test_main" file="pytest_cases/tests/cases/legacy/simple/test_main.py" line="12" name="test_with_cases_decorated[case_simple]" time="0.0006744861602783203"></testcase><testcase classname="pytest_cases.tests.cases.legacy.simple.test_main" file="pytest_cases/tests/cases/legacy/simple/test_main.py" line="12" name="test_with_cases_decorated[case_simple_error_type]" time="0.0008070468902587891"></testcase><testcase classname="pytest_cases.tests.cases.legacy.simple.test_main" file="pytest_cases/tests/cases/legacy/simple/test_main.py" line="12" name="test_with_cases_decorated[case_simple_error_instance]" time="0.0007627010345458984"></testcase><testcase classname="pytest_cases.tests.cases.legacy.simple.test_main" file="pytest_cases/tests/cases/legacy/simple/test_main.py" line="12" name="test_with_cases_decorated[case_simple_error_callable]" time="0.0009682178497314453"></testcase><testcase classname="pytest_cases.tests.cases.legacy.simple.test_main" file="pytest_cases/tests/cases/legacy/simple/test_main.py" line="12" name="test_with_cases_decorated[case_skipped]" time="0.0005939006805419922"><skipped message="unconditional skip" type="pytest.skip">pytest_cases/tests/cases/legacy/simple/test_main.py:12: &lt;py._xmlgen.raw object at 0x7fa1ad2b8a20&gt;</skipped></testcase><testcase classname="pytest_cases.tests.cases.legacy.simple.test_main" file="pytest_cases/tests/cases/legacy/simple/test_main.py" line="50" name="test_with_cases_manual[case_simple]" time="0.0006515979766845703"></testcase><testcase classname="pytest_cases.tests.cases.legacy.simple.test_main" file="pytest_cases/tests/cases/legacy/simple/test_main.py" line="50" name="test_with_cases_manual[case_simple_error_type]" time="0.0007274150848388672"></testcase><testcase classname="pytest_cases.tests.cases.legacy.simple.test_main" file="pytest_cases/tests/cases/legacy/simple/test_main.py" line="50" name="test_with_cases_manual[case_simple_error_instance]" time="0.0007398128509521484"></testcase><testcase classname="pytest_cases.tests.cases.legacy.simple.test_main" file="pytest_cases/tests/cases/legacy/simple/test_main.py" line="50" name="test_with_cases_manual[case_simple_error_callable]" time="0.0007388591766357422"></testcase><testcase classname="pytest_cases.tests.cases.legacy.simple.test_main" file="pytest_cases/tests/cases/legacy/simple/test_main.py" line="50" name="test_with_cases_manual[case_skipped]" time="0.0003151893615722656"><skipped message="unconditional skip" type="pytest.skip">pytest_cases/tests/cases/legacy/simple/test_main.py:50: &lt;py._xmlgen.raw object at 0x7fa1ace3a4a8&gt;</skipped></testcase><testcase classname="pytest_cases.tests.cases.legacy.simple.test_pytest_marks" file="pytest_cases/tests/cases/legacy/simple/test_pytest_marks.py" line="9" name="test_get_pytest_marks" time="0.0008292198181152344"></testcase><testcase classname="pytest_cases.tests.cases.legacy.simple.test_same_file" file="pytest_cases/tests/cases/legacy/simple/test_same_file.py" line="27" name="test_with_cases_decorated[case_simple]" time="0.0007693767547607422"></testcase><testcase classname="pytest_cases.tests.cases.legacy.simple.test_same_file" file="pytest_cases/tests/cases/legacy/simple/test_same_file.py" line="27" name="test_with_cases_decorated[case_simple2]" time="0.0007181167602539062"></testcase><testcase classname="pytest_cases.tests.cases.legacy.simple.test_so.TestIt" file="pytest_cases/tests/cases/legacy/simple/test_so.py" line="33" name="test_tc1[[&apos;var1&apos;, &apos;var2&apos;]]" time="0.0010263919830322266"><system-out>this
</system-out></testcase><testcase classname="pytest_cases.tests.cases.legacy.simple.test_so2" file="pytest_cases/tests/cases/legacy/simple/test_so2.py" line="45" name="test_data[data1_a]" time="0.0008690357208251953"><system-out>setup for &lt;function case_datasetA at 0x7fa1ad26f950&gt;
</system-out></testcase><testcase classname="pytest_cases.tests.cases.legacy.simple.test_so2" file="pytest_cases/tests/cases/legacy/simple/test_so2.py" line="45" name="test_data[data2_a]" time="0.0009148120880126953"><system-out>teardown for &lt;function case_datasetA at 0x7fa1ad26f950&gt;
</system-out></testcase><testcase classname="pytest_cases.tests.cases.legacy.simple.test_so2" file="pytest_cases/tests/cases/legacy/simple/test_so2.py" line="45" name="test_data[data3_a]" time="0.0007767677307128906"></testcase><testcase classname="pytest_cases.tests.cases.legacy.simple.test_so2" file="pytest_cases/tests/cases/legacy/simple/test_so2.py" line="45" name="test_data[data1_b]" time="0.0008649826049804688"><system-out>setup for &lt;function case_datasetB at 0x7fa1ad26f9d8&gt;
</system-out></testcase><testcase classname="pytest_cases.tests.cases.legacy.simple.test_so2" file="pytest_cases/tests/cases/legacy/simple/test_so2.py" line="45" name="test_data[data2_b]" time="0.0008778572082519531"><system-out>teardown for &lt;function case_datasetB at 0x7fa1ad26f9d8&gt;
</system-out></testcase><testcase classname="pytest_cases.tests.cases.legacy.simple.test_so2" file="pytest_cases/tests/cases/legacy/simple/test_so2.py" line="45" name="test_data[data3_b]" time="0.0007796287536621094"></testcase><testcase classname="pytest_cases.tests.cases.legacy.simple.test_so2" file="pytest_cases/tests/cases/legacy/simple/test_so2.py" line="50" name="test_synthesis" time="0.005074739456176758"></testcase><testcase classname="pytest_cases.tests.cases.others.test_glob_low_level" file="pytest_cases/tests/cases/others/test_glob_low_level.py" line="5" name="test_glob_low_level" time="0.0015778541564941406"></testcase><testcase classname="pytest_cases.tests.pytest_extension.doc.test_doc_fixture_graph" file="pytest_cases/tests/pytest_extension/doc/test_doc_fixture_graph.py" line="29" name="test_2[ie=-1-ia=0-i2=x]" time="0.0012819766998291016"></testcase><testcase classname="pytest_cases.tests.pytest_extension.doc.test_doc_fixture_graph" file="pytest_cases/tests/pytest_extension/doc/test_doc_fixture_graph.py" line="29" name="test_2[ie=-1-ia=0-i2=z]" time="0.001588582992553711"></testcase><testcase classname="pytest_cases.tests.pytest_extension.doc.test_doc_fixture_graph" file="pytest_cases/tests/pytest_extension/doc/test_doc_fixture_graph.py" line="29" name="test_2[ie=-1-ia=1-i2=x]" time="0.0011150836944580078"></testcase><testcase classname="pytest_cases.tests.pytest_extension.doc.test_doc_fixture_graph" file="pytest_cases/tests/pytest_extension/doc/test_doc_fixture_graph.py" line="29" name="test_2[ie=-1-ia=1-i2=z]" time="0.001132965087890625"></testcase><testcase classname="pytest_cases.tests.pytest_extension.doc.test_doc_fixture_graph" file="pytest_cases/tests/pytest_extension/doc/test_doc_fixture_graph.py" line="29" name="test_2[ie=1-ia=0-i2=x]" time="0.0011162757873535156"></testcase><testcase classname="pytest_cases.tests.pytest_extension.doc.test_doc_fixture_graph" file="pytest_cases/tests/pytest_extension/doc/test_doc_fixture_graph.py" line="29" name="test_2[ie=1-ia=0-i2=z]" time="0.0015764236450195312"></testcase><testcase classname="pytest_cases.tests.pytest_extension.doc.test_doc_fixture_graph" file="pytest_cases/tests/pytest_extension/doc/test_doc_fixture_graph.py" line="29" name="test_2[ie=1-ia=1-i2=x]" time="0.0011839866638183594"></testcase><testcase classname="pytest_cases.tests.pytest_extension.doc.test_doc_fixture_graph" file="pytest_cases/tests/pytest_extension/doc/test_doc_fixture_graph.py" line="29" name="test_2[ie=1-ia=1-i2=z]" time="0.001169443130493164"></testcase><testcase classname="pytest_cases.tests.pytest_extension.doc.test_doc_fixture_graph" file="pytest_cases/tests/pytest_extension/doc/test_doc_fixture_graph.py" line="40" name="test_1[ie=-1-ia=0-ib=x]" time="0.0012164115905761719"></testcase><testcase classname="pytest_cases.tests.pytest_extension.doc.test_doc_fixture_graph" file="pytest_cases/tests/pytest_extension/doc/test_doc_fixture_graph.py" line="40" name="test_1[ie=-1-ia=0-ib=z]" time="0.0012054443359375"></testcase><testcase classname="pytest_cases.tests.pytest_extension.doc.test_doc_fixture_graph" file="pytest_cases/tests/pytest_extension/doc/test_doc_fixture_graph.py" line="40" name="test_1[ie=-1-ia=1-ib=x]" time="0.0015196800231933594"></testcase><testcase classname="pytest_cases.tests.pytest_extension.doc.test_doc_fixture_graph" file="pytest_cases/tests/pytest_extension/doc/test_doc_fixture_graph.py" line="40" name="test_1[ie=-1-ia=1-ib=z]" time="0.0011296272277832031"></testcase><testcase classname="pytest_cases.tests.pytest_extension.doc.test_doc_fixture_graph" file="pytest_cases/tests/pytest_extension/doc/test_doc_fixture_graph.py" line="40" name="test_1[ie=1-ia=0-ib=x]" time="0.0011172294616699219"></testcase><testcase classname="pytest_cases.tests.pytest_extension.doc.test_doc_fixture_graph" file="pytest_cases/tests/pytest_extension/doc/test_doc_fixture_graph.py" line="40" name="test_1[ie=1-ia=0-ib=z]" time="0.0009715557098388672"></testcase><testcase classname="pytest_cases.tests.pytest_extension.doc.test_doc_fixture_graph" file="pytest_cases/tests/pytest_extension/doc/test_doc_fixture_graph.py" line="40" name="test_1[ie=1-ia=1-ib=x]" time="0.003086566925048828"></testcase><testcase classname="pytest_cases.tests.pytest_extension.doc.test_doc_fixture_graph" file="pytest_cases/tests/pytest_extension/doc/test_doc_fixture_graph.py" line="40" name="test_1[ie=1-ia=1-ib=z]" time="0.005263566970825195"></testcase><testcase classname="pytest_cases.tests.pytest_extension.doc.test_doc_fixture_graph_union" file="pytest_cases/tests/pytest_extension/doc/test_doc_fixture_graph_union.py" line="29" name="test_2[ie=-1-ia=0-i2=x]" time="0.0021219253540039062"></testcase><testcase classname="pytest_cases.tests.pytest_extension.doc.test_doc_fixture_graph_union" file="pytest_cases/tests/pytest_extension/doc/test_doc_fixture_graph_union.py" line="29" name="test_2[ie=-1-ia=0-i2=z]" time="0.0009732246398925781"></testcase><testcase classname="pytest_cases.tests.pytest_extension.doc.test_doc_fixture_graph_union" file="pytest_cases/tests/pytest_extension/doc/test_doc_fixture_graph_union.py" line="29" name="test_2[ie=-1-ia=1-i2=x]" time="0.001674652099609375"></testcase><testcase classname="pytest_cases.tests.pytest_extension.doc.test_doc_fixture_graph_union" file="pytest_cases/tests/pytest_extension/doc/test_doc_fixture_graph_union.py" line="29" name="test_2[ie=-1-ia=1-i2=z]" time="0.0074350833892822266"></testcase><testcase classname="pytest_cases.tests.pytest_extension.doc.test_doc_fixture_graph_union" file="pytest_cases/tests/pytest_extension/doc/test_doc_fixture_graph_union.py" line="29" name="test_2[ie=1-ia=0-i2=x]" time="0.004537105560302734"></testcase><testcase classname="pytest_cases.tests.pytest_extension.doc.test_doc_fixture_graph_union" file="pytest_cases/tests/pytest_extension/doc/test_doc_fixture_graph_union.py" line="29" name="test_2[ie=1-ia=0-i2=z]" time="0.005258321762084961"></testcase><testcase classname="pytest_cases.tests.pytest_extension.doc.test_doc_fixture_graph_union" file="pytest_cases/tests/pytest_extension/doc/test_doc_fixture_graph_union.py" line="29" name="test_2[ie=1-ia=1-i2=x]" time="0.0029354095458984375"></testcase><testcase classname="pytest_cases.tests.pytest_extension.doc.test_doc_fixture_graph_union" file="pytest_cases/tests/pytest_extension/doc/test_doc_fixture_graph_union.py" line="29" name="test_2[ie=1-ia=1-i2=z]" time="0.0014727115631103516"></testcase><testcase classname="pytest_cases.tests.pytest_extension.doc.test_doc_fixture_graph_union" file="pytest_cases/tests/pytest_extension/doc/test_doc_fixture_graph_union.py" line="51" name="test_1[ie=-1-/a-ia=0]" time="0.0011682510375976562"></testcase><testcase classname="pytest_cases.tests.pytest_extension.doc.test_doc_fixture_graph_union" file="pytest_cases/tests/pytest_extension/doc/test_doc_fixture_graph_union.py" line="51" name="test_1[ie=-1-/a-ia=1]" time="0.0054666996002197266"></testcase><testcase classname="pytest_cases.tests.pytest_extension.doc.test_doc_fixture_graph_union" file="pytest_cases/tests/pytest_extension/doc/test_doc_fixture_graph_union.py" line="51" name="test_1[ie=-1-/b-ib=x-ub=fixture_ref&lt;a&gt;-ia=0]" time="0.003023862838745117"></testcase><testcase classname="pytest_cases.tests.pytest_extension.doc.test_doc_fixture_graph_union" file="pytest_cases/tests/pytest_extension/doc/test_doc_fixture_graph_union.py" line="51" name="test_1[ie=-1-/b-ib=x-ub=fixture_ref&lt;a&gt;-ia=1]" time="0.0018415451049804688"></testcase><testcase classname="pytest_cases.tests.pytest_extension.doc.test_doc_fixture_graph_union" file="pytest_cases/tests/pytest_extension/doc/test_doc_fixture_graph_union.py" line="51" name="test_1[ie=-1-/b-ib=x-ub=fixture_ref&lt;c&gt;]" time="0.0077364444732666016"></testcase><testcase classname="pytest_cases.tests.pytest_extension.doc.test_doc_fixture_graph_union" file="pytest_cases/tests/pytest_extension/doc/test_doc_fixture_graph_union.py" line="51" name="test_1[ie=-1-/b-ib=z-ub=fixture_ref&lt;a&gt;-ia=0]" time="0.00620579719543457"></testcase><testcase classname="pytest_cases.tests.pytest_extension.doc.test_doc_fixture_graph_union" file="pytest_cases/tests/pytest_extension/doc/test_doc_fixture_graph_union.py" line="51" name="test_1[ie=-1-/b-ib=z-ub=fixture_ref&lt;a&gt;-ia=1]" time="0.0012049674987792969"></testcase><testcase classname="pytest_cases.tests.pytest_extension.doc.test_doc_fixture_graph_union" file="pytest_cases/tests/pytest_extension/doc/test_doc_fixture_graph_union.py" line="51" name="test_1[ie=-1-/b-ib=z-ub=fixture_ref&lt;c&gt;]" time="0.0024068355560302734"></testcase><testcase classname="pytest_cases.tests.pytest_extension.doc.test_doc_fixture_graph_union" file="pytest_cases/tests/pytest_extension/doc/test_doc_fixture_graph_union.py" line="51" name="test_1[ie=1-/a-ia=0]" time="0.006664276123046875"></testcase><testcase classname="pytest_cases.tests.pytest_extension.doc.test_doc_fixture_graph_union" file="pytest_cases/tests/pytest_extension/doc/test_doc_fixture_graph_union.py" line="51" name="test_1[ie=1-/a-ia=1]" time="0.00124359130859375"></testcase><testcase classname="pytest_cases.tests.pytest_extension.doc.test_doc_fixture_graph_union" file="pytest_cases/tests/pytest_extension/doc/test_doc_fixture_graph_union.py" line="51" name="test_1[ie=1-/b-ib=x-ub=fixture_ref&lt;a&gt;-ia=0]" time="0.0012059211730957031"></testcase><testcase classname="pytest_cases.tests.pytest_extension.doc.test_doc_fixture_graph_union" file="pytest_cases/tests/pytest_extension/doc/test_doc_fixture_graph_union.py" line="51" name="test_1[ie=1-/b-ib=x-ub=fixture_ref&lt;a&gt;-ia=1]" time="0.0017917156219482422"></testcase><testcase classname="pytest_cases.tests.pytest_extension.doc.test_doc_fixture_graph_union" file="pytest_cases/tests/pytest_extension/doc/test_doc_fixture_graph_union.py" line="51" name="test_1[ie=1-/b-ib=x-ub=fixture_ref&lt;c&gt;]" time="0.002501249313354492"></testcase><testcase classname="pytest_cases.tests.pytest_extension.doc.test_doc_fixture_graph_union" file="pytest_cases/tests/pytest_extension/doc/test_doc_fixture_graph_union.py" line="51" name="test_1[ie=1-/b-ib=z-ub=fixture_ref&lt;a&gt;-ia=0]" time="0.0059087276458740234"></testcase><testcase classname="pytest_cases.tests.pytest_extension.doc.test_doc_fixture_graph_union" file="pytest_cases/tests/pytest_extension/doc/test_doc_fixture_graph_union.py" line="51" name="test_1[ie=1-/b-ib=z-ub=fixture_ref&lt;a&gt;-ia=1]" time="0.0025832653045654297"></testcase><testcase classname="pytest_cases.tests.pytest_extension.doc.test_doc_fixture_graph_union" file="pytest_cases/tests/pytest_extension/doc/test_doc_fixture_graph_union.py" line="51" name="test_1[ie=1-/b-ib=z-ub=fixture_ref&lt;c&gt;]" time="0.0013055801391601562"></testcase><testcase classname="pytest_cases.tests.pytest_extension.doc.test_doc_fixture_graph_union" file="pytest_cases/tests/pytest_extension/doc/test_doc_fixture_graph_union.py" line="57" name="test_closure[ie=-1]" time="0.0019268989562988281"></testcase><testcase classname="pytest_cases.tests.pytest_extension.doc.test_doc_fixture_graph_union" file="pytest_cases/tests/pytest_extension/doc/test_doc_fixture_graph_union.py" line="57" name="test_closure[ie=1]" time="0.0012841224670410156"></testcase><testcase classname="pytest_cases.tests.pytest_extension.doc.test_doc_parametrize" file="pytest_cases/tests/pytest_extension/doc/test_doc_parametrize.py" line="24" name="test_prints[nothing-?]" time="0.0023856163024902344"><system-out>nothing?
</system-out></testcase><testcase classname="pytest_cases.tests.pytest_extension.doc.test_doc_parametrize" file="pytest_cases/tests/pytest_extension/doc/test_doc_parametrize.py" line="24" name="test_prints[nothing-!]" time="0.0028412342071533203"><system-out>nothing!
</system-out></testcase><testcase classname="pytest_cases.tests.pytest_extension.doc.test_doc_parametrize" file="pytest_cases/tests/pytest_extension/doc/test_doc_parametrize.py" line="24" name="test_prints[world_str-?]" time="0.0030732154846191406"><system-out>world?
</system-out></testcase><testcase classname="pytest_cases.tests.pytest_extension.doc.test_doc_parametrize" file="pytest_cases/tests/pytest_extension/doc/test_doc_parametrize.py" line="24" name="test_prints[world_str-!]" time="0.0025403499603271484"><system-out>world!
</system-out></testcase><testcase classname="pytest_cases.tests.pytest_extension.doc.test_doc_parametrize" file="pytest_cases/tests/pytest_extension/doc/test_doc_parametrize.py" line="24" name="test_prints[whatfun-?]" time="0.002438783645629883"><system-out>what?
</system-out></testcase><testcase classname="pytest_cases.tests.pytest_extension.doc.test_doc_parametrize" file="pytest_cases/tests/pytest_extension/doc/test_doc_parametrize.py" line="24" name="test_prints[whatfun-!]" time="0.002130270004272461"><system-out>what!
</system-out></testcase><testcase classname="pytest_cases.tests.pytest_extension.doc.test_doc_parametrize" file="pytest_cases/tests/pytest_extension/doc/test_doc_parametrize.py" line="24" name="test_prints[greetings-world_str-?]" time="0.003084421157836914"><system-out>hello world?
</system-out></testcase><testcase classname="pytest_cases.tests.pytest_extension.doc.test_doc_parametrize" file="pytest_cases/tests/pytest_extension/doc/test_doc_parametrize.py" line="24" name="test_prints[greetings-world_str-!]" time="0.0029251575469970703"><system-out>hello world!
</system-out></testcase><testcase classname="pytest_cases.tests.pytest_extension.doc.test_doc_parametrize" file="pytest_cases/tests/pytest_extension/doc/test_doc_parametrize.py" line="24" name="test_prints[greetings-you-?]" time="0.002190113067626953"><system-out>hello you?
</system-out></testcase><testcase classname="pytest_cases.tests.pytest_extension.doc.test_doc_parametrize" file="pytest_cases/tests/pytest_extension/doc/test_doc_parametrize.py" line="24" name="test_prints[greetings-you-!]" time="0.0027456283569335938"><system-out>hello you!
</system-out></testcase><testcase classname="pytest_cases.tests.pytest_extension.fixtures.test_hook" file="pytest_cases/tests/pytest_extension/fixtures/test_hook.py" line="32" name="test_a[u-/o-3-4]" time="0.002558469772338867"></testcase><testcase classname="pytest_cases.tests.pytest_extension.fixtures.test_hook" file="pytest_cases/tests/pytest_extension/fixtures/test_hook.py" line="32" name="test_a[u-/p-3-4]" time="0.0025331974029541016"></testcase><testcase classname="pytest_cases.tests.pytest_extension.fixtures.test_hook" file="pytest_cases/tests/pytest_extension/fixtures/test_hook.py" line="32" name="test_a[p1-1-3-4]" time="0.0021889209747314453"></testcase><testcase classname="pytest_cases.tests.pytest_extension.fixtures.test_hook" file="pytest_cases/tests/pytest_extension/fixtures/test_hook.py" line="32" name="test_a[p1-2-3-4]" time="0.002249002456665039"></testcase><testcase classname="pytest_cases.tests.pytest_extension.fixtures.test_hook" file="pytest_cases/tests/pytest_extension/fixtures/test_hook.py" line="38" name="test_synthesis" time="0.004655599594116211"></testcase><testcase classname="pytest_cases.tests.pytest_extension.fixtures.test_issue_github_54" file="pytest_cases/tests/pytest_extension/fixtures/test_issue_github_54.py" line="15" name="test_invalid_argvalues" time="0.0010666847229003906"></testcase><testcase classname="pytest_cases.tests.pytest_extension.fixtures.test_so3" file="pytest_cases/tests/pytest_extension/fixtures/test_so3.py" line="12" name="test_stuff" time="0.0015006065368652344"></testcase><testcase classname="pytest_cases.tests.pytest_extension.fixtures.fixture_plus_and_others.test_fixture_unpacking" file="pytest_cases/tests/pytest_extension/fixtures/fixture_plus_and_others/test_fixture_unpacking.py" line="17" name="test_function[hello]" time="0.0013630390167236328"></testcase><testcase classname="pytest_cases.tests.pytest_extension.fixtures.fixture_plus_and_others.test_fixture_unpacking" file="pytest_cases/tests/pytest_extension/fixtures/fixture_plus_and_others/test_fixture_unpacking.py" line="17" name="test_function[world]" time="0.0022847652435302734"></testcase><testcase classname="pytest_cases.tests.pytest_extension.fixtures.fixture_plus_and_others.test_fixture_unpacking" file="pytest_cases/tests/pytest_extension/fixtures/fixture_plus_and_others/test_fixture_unpacking.py" line="21" name="test_synthesis" time="0.004973888397216797"></testcase><testcase classname="pytest_cases.tests.pytest_extension.fixtures.fixture_plus_and_others.test_fixture_unpacking2" file="pytest_cases/tests/pytest_extension/fixtures/fixture_plus_and_others/test_fixture_unpacking2.py" line="14" name="test_function[hello]" time="0.0013461112976074219"></testcase><testcase classname="pytest_cases.tests.pytest_extension.fixtures.fixture_plus_and_others.test_fixture_unpacking2" file="pytest_cases/tests/pytest_extension/fixtures/fixture_plus_and_others/test_fixture_unpacking2.py" line="14" name="test_function[world]" time="0.0013127326965332031"></testcase><testcase classname="pytest_cases.tests.pytest_extension.fixtures.fixture_plus_and_others.test_fixture_unpacking2" file="pytest_cases/tests/pytest_extension/fixtures/fixture_plus_and_others/test_fixture_unpacking2.py" line="28" name="test_function2[/root1-hello]" time="0.0019843578338623047"></testcase><testcase classname="pytest_cases.tests.pytest_extension.fixtures.fixture_plus_and_others.test_fixture_unpacking2" file="pytest_cases/tests/pytest_extension/fixtures/fixture_plus_and_others/test_fixture_unpacking2.py" line="28" name="test_function2[/root1-world]" time="0.0016665458679199219"></testcase><testcase classname="pytest_cases.tests.pytest_extension.fixtures.fixture_plus_and_others.test_fixture_unpacking2" file="pytest_cases/tests/pytest_extension/fixtures/fixture_plus_and_others/test_fixture_unpacking2.py" line="28" name="test_function2[/root2-yeepee]" time="0.002405405044555664"></testcase><testcase classname="pytest_cases.tests.pytest_extension.fixtures.fixture_plus_and_others.test_fixture_unpacking2" file="pytest_cases/tests/pytest_extension/fixtures/fixture_plus_and_others/test_fixture_unpacking2.py" line="28" name="test_function2[/root2-yay]" time="0.002164602279663086"></testcase><testcase classname="pytest_cases.tests.pytest_extension.fixtures.fixture_plus_and_others.test_fixture_unpacking2" file="pytest_cases/tests/pytest_extension/fixtures/fixture_plus_and_others/test_fixture_unpacking2.py" line="33" name="test_synthesis" time="0.004882097244262695"></testcase><testcase classname="pytest_cases.tests.pytest_extension.fixtures.fixture_plus_and_others.test_fixtures_parametrize" file="pytest_cases/tests/pytest_extension/fixtures/fixture_plus_and_others/test_fixtures_parametrize.py" line="18" name="test_one[one-one]" time="0.0012807846069335938"><system-out>(&apos;one&apos;, &apos;one&apos;)
</system-out></testcase><testcase classname="pytest_cases.tests.pytest_extension.fixtures.fixture_plus_and_others.test_fixtures_parametrize" file="pytest_cases/tests/pytest_extension/fixtures/fixture_plus_and_others/test_fixtures_parametrize.py" line="18" name="test_one[one-two]" time="0.0015511512756347656"><system-out>(&apos;two&apos;, &apos;one&apos;)
</system-out></testcase><testcase classname="pytest_cases.tests.pytest_extension.fixtures.fixture_plus_and_others.test_fixtures_parametrize" file="pytest_cases/tests/pytest_extension/fixtures/fixture_plus_and_others/test_fixtures_parametrize.py" line="18" name="test_one[two-one]" time="0.0015461444854736328"><system-out>(&apos;one&apos;, &apos;two&apos;)
</system-out></testcase><testcase classname="pytest_cases.tests.pytest_extension.fixtures.fixture_plus_and_others.test_fixtures_parametrize" file="pytest_cases/tests/pytest_extension/fixtures/fixture_plus_and_others/test_fixtures_parametrize.py" line="18" name="test_one[two-two]" time="0.0012867450714111328"><system-out>(&apos;two&apos;, &apos;two&apos;)
</system-out></testcase><testcase classname="pytest_cases.tests.pytest_extension.fixtures.fixture_plus_and_others.test_fixtures_parametrize" file="pytest_cases/tests/pytest_extension/fixtures/fixture_plus_and_others/test_fixtures_parametrize.py" line="24" name="test_synthesis" time="0.0053942203521728516"></testcase><testcase classname="pytest_cases.tests.pytest_extension.fixtures.fixture_plus_and_others.test_fixtures_parametrize" file="pytest_cases/tests/pytest_extension/fixtures/fixture_plus_and_others/test_fixtures_parametrize.py" line="40" name="test_warning_pytest2" time="0.0014395713806152344"></testcase><testcase classname="pytest_cases.tests.pytest_extension.fixtures.fixture_plus_and_others.test_fixtures_parametrize_stereo" file="pytest_cases/tests/pytest_extension/fixtures/fixture_plus_and_others/test_fixtures_parametrize_stereo.py" line="59" name="test_stereo_two_parametrizers[list-stereo 1.wav]" time="0.0013892650604248047"></testcase><testcase classname="pytest_cases.tests.pytest_extension.fixtures.fixture_plus_and_others.test_fixtures_parametrize_stereo" file="pytest_cases/tests/pytest_extension/fixtures/fixture_plus_and_others/test_fixtures_parametrize_stereo.py" line="59" name="test_stereo_two_parametrizers[list-stereo 2.wav]" time="0.0014584064483642578"></testcase><testcase classname="pytest_cases.tests.pytest_extension.fixtures.fixture_plus_and_others.test_fixtures_parametrize_stereo" file="pytest_cases/tests/pytest_extension/fixtures/fixture_plus_and_others/test_fixtures_parametrize_stereo.py" line="59" name="test_stereo_two_parametrizers[dict-stereo 1.wav]" time="0.0016713142395019531"></testcase><testcase classname="pytest_cases.tests.pytest_extension.fixtures.fixture_plus_and_others.test_fixtures_parametrize_stereo" file="pytest_cases/tests/pytest_extension/fixtures/fixture_plus_and_others/test_fixtures_parametrize_stereo.py" line="59" name="test_stereo_two_parametrizers[dict-stereo 2.wav]" time="0.0016865730285644531"></testcase><testcase classname="pytest_cases.tests.pytest_extension.fixtures.fixture_plus_and_others.test_fixtures_parametrize_stereo" file="pytest_cases/tests/pytest_extension/fixtures/fixture_plus_and_others/test_fixtures_parametrize_stereo.py" line="72" name="test_reference_test[list-stereo 1.wav]" time="0.0004947185516357422"><skipped message="with old versions of pytest pytest-cases cannot fix the parametrization order." type="pytest.skip">pytest_cases/tests/pytest_extension/fixtures/fixture_plus_and_others/test_fixtures_parametrize_stereo.py:72: &lt;py._xmlgen.raw object at 0x7fa1ace0c6a0&gt;</skipped></testcase><testcase classname="pytest_cases.tests.pytest_extension.fixtures.fixture_plus_and_others.test_fixtures_parametrize_stereo" file="pytest_cases/tests/pytest_extension/fixtures/fixture_plus_and_others/test_fixtures_parametrize_stereo.py" line="72" name="test_reference_test[list-stereo 2.wav]" time="0.0005593299865722656"><skipped message="with old versions of pytest pytest-cases cannot fix the parametrization order." type="pytest.skip">pytest_cases/tests/pytest_extension/fixtures/fixture_plus_and_others/test_fixtures_parametrize_stereo.py:72: &lt;py._xmlgen.raw object at 0x7fa1ace1bb70&gt;</skipped></testcase><testcase classname="pytest_cases.tests.pytest_extension.fixtures.fixture_plus_and_others.test_fixtures_parametrize_stereo" file="pytest_cases/tests/pytest_extension/fixtures/fixture_plus_and_others/test_fixtures_parametrize_stereo.py" line="72" name="test_reference_test[dict-stereo 1.wav]" time="0.0008144378662109375"><skipped message="with old versions of pytest pytest-cases cannot fix the parametrization order." type="pytest.skip">pytest_cases/tests/pytest_extension/fixtures/fixture_plus_and_others/test_fixtures_parametrize_stereo.py:72: &lt;py._xmlgen.raw object at 0x7fa1acda4e10&gt;</skipped></testcase><testcase classname="pytest_cases.tests.pytest_extension.fixtures.fixture_plus_and_others.test_fixtures_parametrize_stereo" file="pytest_cases/tests/pytest_extension/fixtures/fixture_plus_and_others/test_fixtures_parametrize_stereo.py" line="72" name="test_reference_test[dict-stereo 2.wav]" time="0.0007760524749755859"><skipped message="with old versions of pytest pytest-cases cannot fix the parametrization order." type="pytest.skip">pytest_cases/tests/pytest_extension/fixtures/fixture_plus_and_others/test_fixtures_parametrize_stereo.py:72: &lt;py._xmlgen.raw object at 0x7fa1acdab9b0&gt;</skipped></testcase><testcase classname="pytest_cases.tests.pytest_extension.fixtures.fixture_plus_and_others.test_fixtures_parametrize_stereo" file="pytest_cases/tests/pytest_extension/fixtures/fixture_plus_and_others/test_fixtures_parametrize_stereo.py" line="109" name="test_stereo_one_global_parametrizer[list-stereo 1.wav]" time="0.0018875598907470703"></testcase><testcase classname="pytest_cases.tests.pytest_extension.fixtures.fixture_plus_and_others.test_fixtures_parametrize_stereo" file="pytest_cases/tests/pytest_extension/fixtures/fixture_plus_and_others/test_fixtures_parametrize_stereo.py" line="109" name="test_stereo_one_global_parametrizer[list-stereo 2.wav]" time="0.0019965171813964844"></testcase><testcase classname="pytest_cases.tests.pytest_extension.fixtures.fixture_plus_and_others.test_fixtures_parametrize_stereo" file="pytest_cases/tests/pytest_extension/fixtures/fixture_plus_and_others/test_fixtures_parametrize_stereo.py" line="109" name="test_stereo_one_global_parametrizer[dict-stereo 1.wav]" time="0.0017108917236328125"></testcase><testcase classname="pytest_cases.tests.pytest_extension.fixtures.fixture_plus_and_others.test_fixtures_parametrize_stereo" file="pytest_cases/tests/pytest_extension/fixtures/fixture_plus_and_others/test_fixtures_parametrize_stereo.py" line="109" name="test_stereo_one_global_parametrizer[dict-stereo 2.wav]" time="0.0016324520111083984"></testcase><testcase classname="pytest_cases.tests.pytest_extension.fixtures.fixture_plus_and_others.test_fixtures_paramfixtures" file="pytest_cases/tests/pytest_extension/fixtures/fixture_plus_and_others/test_fixtures_paramfixtures.py" line="28" name="test_uses_param[1-3]" time="0.00272369384765625"></testcase><testcase classname="pytest_cases.tests.pytest_extension.fixtures.fixture_plus_and_others.test_fixtures_paramfixtures" file="pytest_cases/tests/pytest_extension/fixtures/fixture_plus_and_others/test_fixtures_paramfixtures.py" line="28" name="test_uses_param[1-4]" time="0.0015423297882080078"></testcase><testcase classname="pytest_cases.tests.pytest_extension.fixtures.fixture_plus_and_others.test_fixtures_paramfixtures" file="pytest_cases/tests/pytest_extension/fixtures/fixture_plus_and_others/test_fixtures_paramfixtures.py" line="28" name="test_uses_param[2-3]" time="0.0014119148254394531"></testcase><testcase classname="pytest_cases.tests.pytest_extension.fixtures.fixture_plus_and_others.test_fixtures_paramfixtures" file="pytest_cases/tests/pytest_extension/fixtures/fixture_plus_and_others/test_fixtures_paramfixtures.py" line="28" name="test_uses_param[2-4]" time="0.0016303062438964844"></testcase><testcase classname="pytest_cases.tests.pytest_extension.fixtures.fixture_plus_and_others.test_fixtures_paramfixtures" file="pytest_cases/tests/pytest_extension/fixtures/fixture_plus_and_others/test_fixtures_paramfixtures.py" line="46" name="test_uses_param2[1-2-5]" time="0.0020875930786132812"></testcase><testcase classname="pytest_cases.tests.pytest_extension.fixtures.fixture_plus_and_others.test_fixtures_paramfixtures" file="pytest_cases/tests/pytest_extension/fixtures/fixture_plus_and_others/test_fixtures_paramfixtures.py" line="46" name="test_uses_param2[1-2-6]" time="0.0018885135650634766"></testcase><testcase classname="pytest_cases.tests.pytest_extension.fixtures.fixture_plus_and_others.test_fixtures_paramfixtures" file="pytest_cases/tests/pytest_extension/fixtures/fixture_plus_and_others/test_fixtures_paramfixtures.py" line="46" name="test_uses_param2[3-4-5]" time="0.002127408981323242"></testcase><testcase classname="pytest_cases.tests.pytest_extension.fixtures.fixture_plus_and_others.test_fixtures_paramfixtures" file="pytest_cases/tests/pytest_extension/fixtures/fixture_plus_and_others/test_fixtures_paramfixtures.py" line="46" name="test_uses_param2[3-4-6]" time="0.002314329147338867"></testcase><testcase classname="pytest_cases.tests.pytest_extension.fixtures.fixture_plus_and_others.test_fixtures_paramfixtures" file="pytest_cases/tests/pytest_extension/fixtures/fixture_plus_and_others/test_fixtures_paramfixtures.py" line="68" name="test_custom_parameters[1-2-a-b-10-20]" time="0.00261688232421875"></testcase><testcase classname="pytest_cases.tests.pytest_extension.fixtures.fixture_plus_and_others.test_fixtures_paramfixtures" file="pytest_cases/tests/pytest_extension/fixtures/fixture_plus_and_others/test_fixtures_paramfixtures.py" line="68" name="test_custom_parameters[1-2-a-b-30-40]" time="0.002511262893676758"></testcase><testcase classname="pytest_cases.tests.pytest_extension.fixtures.fixture_plus_and_others.test_fixtures_paramfixtures" file="pytest_cases/tests/pytest_extension/fixtures/fixture_plus_and_others/test_fixtures_paramfixtures.py" line="68" name="test_custom_parameters[1-2-c-d-10-20]" time="0.004029035568237305"></testcase><testcase classname="pytest_cases.tests.pytest_extension.fixtures.fixture_plus_and_others.test_fixtures_paramfixtures" file="pytest_cases/tests/pytest_extension/fixtures/fixture_plus_and_others/test_fixtures_paramfixtures.py" line="68" name="test_custom_parameters[1-2-c-d-30-40]" time="0.0021932125091552734"></testcase><testcase classname="pytest_cases.tests.pytest_extension.fixtures.fixture_plus_and_others.test_fixtures_paramfixtures" file="pytest_cases/tests/pytest_extension/fixtures/fixture_plus_and_others/test_fixtures_paramfixtures.py" line="68" name="test_custom_parameters[3-4-a-b-10-20]" time="0.002140522003173828"></testcase><testcase classname="pytest_cases.tests.pytest_extension.fixtures.fixture_plus_and_others.test_fixtures_paramfixtures" file="pytest_cases/tests/pytest_extension/fixtures/fixture_plus_and_others/test_fixtures_paramfixtures.py" line="68" name="test_custom_parameters[3-4-a-b-30-40]" time="0.00225067138671875"></testcase><testcase classname="pytest_cases.tests.pytest_extension.fixtures.fixture_plus_and_others.test_fixtures_paramfixtures" file="pytest_cases/tests/pytest_extension/fixtures/fixture_plus_and_others/test_fixtures_paramfixtures.py" line="68" name="test_custom_parameters[3-4-c-d-10-20]" time="0.0029408931732177734"></testcase><testcase classname="pytest_cases.tests.pytest_extension.fixtures.fixture_plus_and_others.test_fixtures_paramfixtures" file="pytest_cases/tests/pytest_extension/fixtures/fixture_plus_and_others/test_fixtures_paramfixtures.py" line="68" name="test_custom_parameters[3-4-c-d-30-40]" time="0.0021784305572509766"></testcase><testcase classname="pytest_cases.tests.pytest_extension.fixtures.fixture_plus_and_others.test_fixtures_paramfixtures" file="pytest_cases/tests/pytest_extension/fixtures/fixture_plus_and_others/test_fixtures_paramfixtures.py" line="87" name="test_synthesis" time="0.0055217742919921875"></testcase><testcase classname="pytest_cases.tests.pytest_extension.fixtures.fixture_plus_and_others.test_skip_on_paramz_fixture" file="pytest_cases/tests/pytest_extension/fixtures/fixture_plus_and_others/test_skip_on_paramz_fixture.py" line="6" name="test_foo_simple_param[0]" time="0.0012164115905761719"></testcase><testcase classname="pytest_cases.tests.pytest_extension.fixtures.fixture_plus_and_others.test_skip_on_paramz_fixture" file="pytest_cases/tests/pytest_extension/fixtures/fixture_plus_and_others/test_skip_on_paramz_fixture.py" line="6" name="test_foo_simple_param[1]" time="0.001196146011352539"><skipped message="unconditional skip" type="pytest.skip">pytest_cases/tests/pytest_extension/fixtures/fixture_plus_and_others/test_skip_on_paramz_fixture.py:6: &lt;py._xmlgen.raw object at 0x7fa1acdb3e80&gt;</skipped></testcase><testcase classname="pytest_cases.tests.pytest_extension.fixtures.fixture_plus_and_others.test_skip_on_paramz_fixture" file="pytest_cases/tests/pytest_extension/fixtures/fixture_plus_and_others/test_skip_on_paramz_fixture.py" line="16" name="test_foo2_paramfix[0]" time="0.0010211467742919922"></testcase><testcase classname="pytest_cases.tests.pytest_extension.fixtures.fixture_plus_and_others.test_skip_on_paramz_fixture" file="pytest_cases/tests/pytest_extension/fixtures/fixture_plus_and_others/test_skip_on_paramz_fixture.py" line="16" name="test_foo2_paramfix[1]" time="0.00044798851013183594"><skipped message="unconditional skip" type="pytest.skip">pytest_cases/tests/pytest_extension/fixtures/fixture_plus_and_others/test_skip_on_paramz_fixture.py:16: &lt;py._xmlgen.raw object at 0x7fa1acdc4fd0&gt;</skipped></testcase><testcase classname="pytest_cases.tests.pytest_extension.fixtures.fixture_plus_and_others.test_skip_on_paramz_fixture" file="pytest_cases/tests/pytest_extension/fixtures/fixture_plus_and_others/test_skip_on_paramz_fixture.py" line="26" name="test_foo3_paramfix[0]" time="0.0016210079193115234"></testcase><testcase classname="pytest_cases.tests.pytest_extension.fixtures.fixture_plus_and_others.test_skip_on_paramz_fixture" file="pytest_cases/tests/pytest_extension/fixtures/fixture_plus_and_others/test_skip_on_paramz_fixture.py" line="26" name="test_foo3_paramfix[1]" time="0.0005972385406494141"><skipped message="unconditional skip" type="pytest.skip">pytest_cases/tests/pytest_extension/fixtures/fixture_plus_and_others/test_skip_on_paramz_fixture.py:26: &lt;py._xmlgen.raw object at 0x7fa1acdcd320&gt;</skipped></testcase><testcase classname="pytest_cases.tests.pytest_extension.fixtures.fixture_plus_and_others.test_skip_on_paramz_fixture" file="pytest_cases/tests/pytest_extension/fixtures/fixture_plus_and_others/test_skip_on_paramz_fixture.py" line="30" name="test_synthesis" time="0.005392789840698242"></testcase><testcase classname="pytest_cases.tests.pytest_extension.fixtures.fixture_unions.test_fixture_closure_edits" file="pytest_cases/tests/pytest_extension/fixtures/fixture_unions/test_fixture_closure_edits.py" line="17" name="test_issue116" time="0.0012645721435546875"></testcase><testcase classname="pytest_cases.tests.pytest_extension.fixtures.fixture_unions.test_fixture_closure_edits" file="pytest_cases/tests/pytest_extension/fixtures/fixture_unions/test_fixture_closure_edits.py" line="29" name="test_super_closure_edits[0/a]" time="0.0017883777618408203"></testcase><testcase classname="pytest_cases.tests.pytest_extension.fixtures.fixture_unions.test_fixture_closure_edits" file="pytest_cases/tests/pytest_extension/fixtures/fixture_unions/test_fixture_closure_edits.py" line="29" name="test_super_closure_edits[1/a]" time="0.0015468597412109375"></testcase><testcase classname="pytest_cases.tests.pytest_extension.fixtures.fixture_unions.test_fixture_closure_edits" file="pytest_cases/tests/pytest_extension/fixtures/fixture_unions/test_fixture_closure_edits.py" line="35" name="test_super_closure_edits2" time="0.0029680728912353516"><system-err>/home/travis/build/smarie/python-pytest-cases/pytest_cases/plugin.py:564: UserWarning: WARNING: An attempt was made to reorder a super fixture closure with unions. This is not yet supported since the partitions use subsets of the fixtures ; please report it so that we can find a suitable solution for your need.
  warn(&quot;WARNING: An attempt was made to reorder a super fixture closure with unions. This is not yet &quot;
</system-err></testcase><testcase classname="pytest_cases.tests.pytest_extension.fixtures.fixture_unions.test_fixture_union_ids.TestA" file="pytest_cases/tests/pytest_extension/fixtures/fixture_unions/test_fixture_union_ids.py" line="21" name="test_ids_explicit[my_explicit/a-1]" time="0.0017697811126708984"></testcase><testcase classname="pytest_cases.tests.pytest_extension.fixtures.fixture_unions.test_fixture_union_ids.TestA" file="pytest_cases/tests/pytest_extension/fixtures/fixture_unions/test_fixture_union_ids.py" line="21" name="test_ids_explicit[my_explicit/a-2]" time="0.0017442703247070312"></testcase><testcase classname="pytest_cases.tests.pytest_extension.fixtures.fixture_unions.test_fixture_union_ids.TestA" file="pytest_cases/tests/pytest_extension/fixtures/fixture_unions/test_fixture_union_ids.py" line="21" name="test_ids_explicit[my_explicit/b-3]" time="0.0018947124481201172"></testcase><testcase classname="pytest_cases.tests.pytest_extension.fixtures.fixture_unions.test_fixture_union_ids.TestA" file="pytest_cases/tests/pytest_extension/fixtures/fixture_unions/test_fixture_union_ids.py" line="21" name="test_ids_explicit[my_explicit/b-4]" time="0.0016565322875976562"></testcase><testcase classname="pytest_cases.tests.pytest_extension.fixtures.fixture_unions.test_fixture_union_ids" file="pytest_cases/tests/pytest_extension/fixtures/fixture_unions/test_fixture_union_ids.py" line="25" name="test_ids_compact[/a-1]" time="0.0022830963134765625"></testcase><testcase classname="pytest_cases.tests.pytest_extension.fixtures.fixture_unions.test_fixture_union_ids" file="pytest_cases/tests/pytest_extension/fixtures/fixture_unions/test_fixture_union_ids.py" line="25" name="test_ids_compact[/a-2]" time="0.0016789436340332031"></testcase><testcase classname="pytest_cases.tests.pytest_extension.fixtures.fixture_unions.test_fixture_union_ids" file="pytest_cases/tests/pytest_extension/fixtures/fixture_unions/test_fixture_union_ids.py" line="25" name="test_ids_compact[/b-3]" time="0.0017848014831542969"></testcase><testcase classname="pytest_cases.tests.pytest_extension.fixtures.fixture_unions.test_fixture_union_ids" file="pytest_cases/tests/pytest_extension/fixtures/fixture_unions/test_fixture_union_ids.py" line="25" name="test_ids_compact[/b-4]" time="0.0014011859893798828"></testcase><testcase classname="pytest_cases.tests.pytest_extension.fixtures.fixture_unions.test_fixture_union_ids" file="pytest_cases/tests/pytest_extension/fixtures/fixture_unions/test_fixture_union_ids.py" line="29" name="test_ids_none[a-1]" time="0.0016465187072753906"></testcase><testcase classname="pytest_cases.tests.pytest_extension.fixtures.fixture_unions.test_fixture_union_ids" file="pytest_cases/tests/pytest_extension/fixtures/fixture_unions/test_fixture_union_ids.py" line="29" name="test_ids_none[a-2]" time="0.0015878677368164062"></testcase><testcase classname="pytest_cases.tests.pytest_extension.fixtures.fixture_unions.test_fixture_union_ids" file="pytest_cases/tests/pytest_extension/fixtures/fixture_unions/test_fixture_union_ids.py" line="29" name="test_ids_none[b-3]" time="0.0013885498046875"></testcase><testcase classname="pytest_cases.tests.pytest_extension.fixtures.fixture_unions.test_fixture_union_ids" file="pytest_cases/tests/pytest_extension/fixtures/fixture_unions/test_fixture_union_ids.py" line="29" name="test_ids_none[b-4]" time="0.0016422271728515625"></testcase><testcase classname="pytest_cases.tests.pytest_extension.fixtures.fixture_unions.test_fixture_union_ids" file="pytest_cases/tests/pytest_extension/fixtures/fixture_unions/test_fixture_union_ids.py" line="33" name="test_ids_custom_list[c=A-1]" time="0.0020542144775390625"></testcase><testcase classname="pytest_cases.tests.pytest_extension.fixtures.fixture_unions.test_fixture_union_ids" file="pytest_cases/tests/pytest_extension/fixtures/fixture_unions/test_fixture_union_ids.py" line="33" name="test_ids_custom_list[c=A-2]" time="0.0017347335815429688"></testcase><testcase classname="pytest_cases.tests.pytest_extension.fixtures.fixture_unions.test_fixture_union_ids" file="pytest_cases/tests/pytest_extension/fixtures/fixture_unions/test_fixture_union_ids.py" line="33" name="test_ids_custom_list[c=B-3]" time="0.00153350830078125"></testcase><testcase classname="pytest_cases.tests.pytest_extension.fixtures.fixture_unions.test_fixture_union_ids" file="pytest_cases/tests/pytest_extension/fixtures/fixture_unions/test_fixture_union_ids.py" line="33" name="test_ids_custom_list[c=B-4]" time="0.001603841781616211"></testcase><testcase classname="pytest_cases.tests.pytest_extension.fixtures.fixture_unions.test_fixture_union_ids" file="pytest_cases/tests/pytest_extension/fixtures/fixture_unions/test_fixture_union_ids.py" line="37" name="test_ids_custom_gen[my_custom_gen/0/a-1]" time="0.0018961429595947266"></testcase><testcase classname="pytest_cases.tests.pytest_extension.fixtures.fixture_unions.test_fixture_union_ids" file="pytest_cases/tests/pytest_extension/fixtures/fixture_unions/test_fixture_union_ids.py" line="37" name="test_ids_custom_gen[my_custom_gen/0/a-2]" time="0.0017652511596679688"></testcase><testcase classname="pytest_cases.tests.pytest_extension.fixtures.fixture_unions.test_fixture_union_ids" file="pytest_cases/tests/pytest_extension/fixtures/fixture_unions/test_fixture_union_ids.py" line="37" name="test_ids_custom_gen[my_custom_gen/1/b-3]" time="0.0017101764678955078"></testcase><testcase classname="pytest_cases.tests.pytest_extension.fixtures.fixture_unions.test_fixture_union_ids" file="pytest_cases/tests/pytest_extension/fixtures/fixture_unions/test_fixture_union_ids.py" line="37" name="test_ids_custom_gen[my_custom_gen/1/b-4]" time="0.0014622211456298828"></testcase><testcase classname="pytest_cases.tests.pytest_extension.fixtures.fixture_unions.test_fixture_union_ids" file="pytest_cases/tests/pytest_extension/fixtures/fixture_unions/test_fixture_union_ids.py" line="45" name="test_synthesis" time="0.0055637359619140625"></testcase><testcase classname="pytest_cases.tests.pytest_extension.fixtures.fixture_unions.test_fixture_union_setup_teardown" file="pytest_cases/tests/pytest_extension/fixtures/fixture_unions/test_fixture_union_setup_teardown.py" line="34" name="test_all[/b]" time="0.0017702579498291016"></testcase><testcase classname="pytest_cases.tests.pytest_extension.fixtures.fixture_unions.test_fixture_union_setup_teardown" file="pytest_cases/tests/pytest_extension/fixtures/fixture_unions/test_fixture_union_setup_teardown.py" line="34" name="test_all[/a]" time="0.0021712779998779297"></testcase><testcase classname="pytest_cases.tests.pytest_extension.fixtures.fixture_unions.test_fixture_union_setup_teardown" file="pytest_cases/tests/pytest_extension/fixtures/fixture_unions/test_fixture_union_setup_teardown.py" line="38" name="test_synthesis" time="0.0009083747863769531"></testcase><testcase classname="pytest_cases.tests.pytest_extension.fixtures.fixture_unions.test_fixture_union_setup_teardown2" file="pytest_cases/tests/pytest_extension/fixtures/fixture_unions/test_fixture_union_setup_teardown2.py" line="116" name="test_foo[/F1M1s1s2]" time="0.0028960704803466797"></testcase><testcase classname="pytest_cases.tests.pytest_extension.fixtures.fixture_unions.test_fixture_union_setup_teardown2" file="pytest_cases/tests/pytest_extension/fixtures/fixture_unions/test_fixture_union_setup_teardown2.py" line="116" name="test_foo[/F2-i=0]" time="0.0027480125427246094"></testcase><testcase classname="pytest_cases.tests.pytest_extension.fixtures.fixture_unions.test_fixture_union_setup_teardown2" file="pytest_cases/tests/pytest_extension/fixtures/fixture_unions/test_fixture_union_setup_teardown2.py" line="116" name="test_foo[/F2-i=1]" time="0.0037581920623779297"></testcase><testcase classname="pytest_cases.tests.pytest_extension.fixtures.fixture_unions.test_fixture_union_setup_teardown2" file="pytest_cases/tests/pytest_extension/fixtures/fixture_unions/test_fixture_union_setup_teardown2.py" line="116" name="test_foo[/F3s2s3]" time="0.002757549285888672"></testcase><testcase classname="pytest_cases.tests.pytest_extension.fixtures.fixture_unions.test_fixture_union_setup_teardown2" file="pytest_cases/tests/pytest_extension/fixtures/fixture_unions/test_fixture_union_setup_teardown2.py" line="116" name="test_foo[/F4M2s1s3]" time="0.002844095230102539"></testcase><testcase classname="pytest_cases.tests.pytest_extension.fixtures.fixture_unions.test_fixture_union_setup_teardown2" file="pytest_cases/tests/pytest_extension/fixtures/fixture_unions/test_fixture_union_setup_teardown2.py" line="122" name="test_synthesis" time="0.005414724349975586"></testcase><testcase classname="pytest_cases.tests.pytest_extension.fixtures.fixture_unions.test_fixture_union_setup_teardown3.TestFoo" file="pytest_cases/tests/pytest_extension/fixtures/fixture_unions/test_fixture_union_setup_teardown3.py" line="27" name="test_a" time="0.0011403560638427734"></testcase><testcase classname="pytest_cases.tests.pytest_extension.fixtures.fixture_unions.test_fixture_union_setup_teardown3.TestFoo" file="pytest_cases/tests/pytest_extension/fixtures/fixture_unions/test_fixture_union_setup_teardown3.py" line="30" name="test_b[0fa]" time="0.0020737648010253906"></testcase><testcase classname="pytest_cases.tests.pytest_extension.fixtures.fixture_unions.test_fixture_union_setup_teardown3.TestFoo" file="pytest_cases/tests/pytest_extension/fixtures/fixture_unions/test_fixture_union_setup_teardown3.py" line="30" name="test_b[1fb]" time="0.001323699951171875"></testcase><testcase classname="pytest_cases.tests.pytest_extension.fixtures.fixture_unions.test_fixture_union_setup_teardown3.TestFoo" file="pytest_cases/tests/pytest_extension/fixtures/fixture_unions/test_fixture_union_setup_teardown3.py" line="30" name="test_b[2fa]" time="0.0014910697937011719"></testcase><testcase classname="pytest_cases.tests.pytest_extension.fixtures.fixture_unions.test_fixture_union_setup_teardown3.TestFoo" file="pytest_cases/tests/pytest_extension/fixtures/fixture_unions/test_fixture_union_setup_teardown3.py" line="34" name="test_c" time="0.0031440258026123047"></testcase><testcase classname="pytest_cases.tests.pytest_extension.fixtures.fixture_unions.test_fixtures_union_0simplest" file="pytest_cases/tests/pytest_extension/fixtures/fixture_unions/test_fixtures_union_0simplest.py" line="21" name="test_basic_union[/first]" time="0.0018849372863769531"><system-out>hello
</system-out></testcase><testcase classname="pytest_cases.tests.pytest_extension.fixtures.fixture_unions.test_fixtures_union_0simplest" file="pytest_cases/tests/pytest_extension/fixtures/fixture_unions/test_fixtures_union_0simplest.py" line="21" name="test_basic_union[/second-a]" time="0.0017802715301513672"><system-out>a
</system-out></testcase><testcase classname="pytest_cases.tests.pytest_extension.fixtures.fixture_unions.test_fixtures_union_0simplest" file="pytest_cases/tests/pytest_extension/fixtures/fixture_unions/test_fixtures_union_0simplest.py" line="21" name="test_basic_union[/second-b]" time="0.0016994476318359375"><system-out>b
</system-out></testcase><testcase classname="pytest_cases.tests.pytest_extension.fixtures.fixture_unions.test_fixtures_union_0simplest" file="pytest_cases/tests/pytest_extension/fixtures/fixture_unions/test_fixtures_union_0simplest.py" line="25" name="test_synthesis" time="0.00497889518737793"></testcase><testcase classname="pytest_cases.tests.pytest_extension.fixtures.fixture_unions.test_fixtures_union_1simple" file="pytest_cases/tests/pytest_extension/fixtures/fixture_unions/test_fixtures_union_1simple.py" line="19" name="test_fixture_union[c/a-x]" time="0.0019555091857910156"><system-out>x x
</system-out></testcase><testcase classname="pytest_cases.tests.pytest_extension.fixtures.fixture_unions.test_fixtures_union_1simple" file="pytest_cases/tests/pytest_extension/fixtures/fixture_unions/test_fixtures_union_1simple.py" line="19" name="test_fixture_union[c/a-y]" time="0.0017158985137939453"><system-out>y y
</system-out></testcase><testcase classname="pytest_cases.tests.pytest_extension.fixtures.fixture_unions.test_fixtures_union_1simple" file="pytest_cases/tests/pytest_extension/fixtures/fixture_unions/test_fixtures_union_1simple.py" line="19" name="test_fixture_union[c/b-1-x]" time="0.0019812583923339844"><system-out>1 x
</system-out></testcase><testcase classname="pytest_cases.tests.pytest_extension.fixtures.fixture_unions.test_fixtures_union_1simple" file="pytest_cases/tests/pytest_extension/fixtures/fixture_unions/test_fixtures_union_1simple.py" line="19" name="test_fixture_union[c/b-1-y]" time="0.0023055076599121094"><system-out>1 y
</system-out></testcase><testcase classname="pytest_cases.tests.pytest_extension.fixtures.fixture_unions.test_fixtures_union_1simple" file="pytest_cases/tests/pytest_extension/fixtures/fixture_unions/test_fixtures_union_1simple.py" line="19" name="test_fixture_union[c/b-2-x]" time="0.0026814937591552734"><system-out>2 x
</system-out></testcase><testcase classname="pytest_cases.tests.pytest_extension.fixtures.fixture_unions.test_fixtures_union_1simple" file="pytest_cases/tests/pytest_extension/fixtures/fixture_unions/test_fixtures_union_1simple.py" line="19" name="test_fixture_union[c/b-2-y]" time="0.0018684864044189453"><system-out>2 y
</system-out></testcase><testcase classname="pytest_cases.tests.pytest_extension.fixtures.fixture_unions.test_fixtures_union_1simple" file="pytest_cases/tests/pytest_extension/fixtures/fixture_unions/test_fixtures_union_1simple.py" line="23" name="test_synthesis" time="0.00481724739074707"></testcase><testcase classname="pytest_cases.tests.pytest_extension.fixtures.fixture_unions.test_fixtures_union_2hard" file="pytest_cases/tests/pytest_extension/fixtures/fixture_unions/test_fixtures_union_2hard.py" line="19" name="test_fixture_union_harder[/a-x-d/b-1]" time="0.002352476119995117"><system-out>x x 1
</system-out></testcase><testcase classname="pytest_cases.tests.pytest_extension.fixtures.fixture_unions.test_fixtures_union_2hard" file="pytest_cases/tests/pytest_extension/fixtures/fixture_unions/test_fixtures_union_2hard.py" line="19" name="test_fixture_union_harder[/a-x-d/b-2]" time="0.003012418746948242"><system-out>x x 2
</system-out></testcase><testcase classname="pytest_cases.tests.pytest_extension.fixtures.fixture_unions.test_fixtures_union_2hard" file="pytest_cases/tests/pytest_extension/fixtures/fixture_unions/test_fixtures_union_2hard.py" line="19" name="test_fixture_union_harder[/a-x-d/a]" time="0.002101898193359375"><system-out>x x x
</system-out></testcase><testcase classname="pytest_cases.tests.pytest_extension.fixtures.fixture_unions.test_fixtures_union_2hard" file="pytest_cases/tests/pytest_extension/fixtures/fixture_unions/test_fixtures_union_2hard.py" line="19" name="test_fixture_union_harder[/a-y-d/b-1]" time="0.002154111862182617"><system-out>y y 1
</system-out></testcase><testcase classname="pytest_cases.tests.pytest_extension.fixtures.fixture_unions.test_fixtures_union_2hard" file="pytest_cases/tests/pytest_extension/fixtures/fixture_unions/test_fixtures_union_2hard.py" line="19" name="test_fixture_union_harder[/a-y-d/b-2]" time="0.0020647048950195312"><system-out>y y 2
</system-out></testcase><testcase classname="pytest_cases.tests.pytest_extension.fixtures.fixture_unions.test_fixtures_union_2hard" file="pytest_cases/tests/pytest_extension/fixtures/fixture_unions/test_fixtures_union_2hard.py" line="19" name="test_fixture_union_harder[/a-y-d/a]" time="0.0024030208587646484"><system-out>y y y
</system-out></testcase><testcase classname="pytest_cases.tests.pytest_extension.fixtures.fixture_unions.test_fixtures_union_2hard" file="pytest_cases/tests/pytest_extension/fixtures/fixture_unions/test_fixtures_union_2hard.py" line="19" name="test_fixture_union_harder[/b-1-x-d/b]" time="0.0021512508392333984"><system-out>1 x 1
</system-out></testcase><testcase classname="pytest_cases.tests.pytest_extension.fixtures.fixture_unions.test_fixtures_union_2hard" file="pytest_cases/tests/pytest_extension/fixtures/fixture_unions/test_fixtures_union_2hard.py" line="19" name="test_fixture_union_harder[/b-1-x-d/a]" time="0.002023935317993164"><system-out>1 x x
</system-out></testcase><testcase classname="pytest_cases.tests.pytest_extension.fixtures.fixture_unions.test_fixtures_union_2hard" file="pytest_cases/tests/pytest_extension/fixtures/fixture_unions/test_fixtures_union_2hard.py" line="19" name="test_fixture_union_harder[/b-1-y-d/b]" time="0.0019266605377197266"><system-out>1 y 1
</system-out></testcase><testcase classname="pytest_cases.tests.pytest_extension.fixtures.fixture_unions.test_fixtures_union_2hard" file="pytest_cases/tests/pytest_extension/fixtures/fixture_unions/test_fixtures_union_2hard.py" line="19" name="test_fixture_union_harder[/b-1-y-d/a]" time="0.002123594284057617"><system-out>1 y y
</system-out></testcase><testcase classname="pytest_cases.tests.pytest_extension.fixtures.fixture_unions.test_fixtures_union_2hard" file="pytest_cases/tests/pytest_extension/fixtures/fixture_unions/test_fixtures_union_2hard.py" line="19" name="test_fixture_union_harder[/b-2-x-d/b]" time="0.002071380615234375"><system-out>2 x 2
</system-out></testcase><testcase classname="pytest_cases.tests.pytest_extension.fixtures.fixture_unions.test_fixtures_union_2hard" file="pytest_cases/tests/pytest_extension/fixtures/fixture_unions/test_fixtures_union_2hard.py" line="19" name="test_fixture_union_harder[/b-2-x-d/a]" time="0.0021457672119140625"><system-out>2 x x
</system-out></testcase><testcase classname="pytest_cases.tests.pytest_extension.fixtures.fixture_unions.test_fixtures_union_2hard" file="pytest_cases/tests/pytest_extension/fixtures/fixture_unions/test_fixtures_union_2hard.py" line="19" name="test_fixture_union_harder[/b-2-y-d/b]" time="0.0020813941955566406"><system-out>2 y 2
</system-out></testcase><testcase classname="pytest_cases.tests.pytest_extension.fixtures.fixture_unions.test_fixtures_union_2hard" file="pytest_cases/tests/pytest_extension/fixtures/fixture_unions/test_fixtures_union_2hard.py" line="19" name="test_fixture_union_harder[/b-2-y-d/a]" time="0.002177000045776367"><system-out>2 y y
</system-out></testcase><testcase classname="pytest_cases.tests.pytest_extension.fixtures.fixture_unions.test_fixtures_union_2hard" file="pytest_cases/tests/pytest_extension/fixtures/fixture_unions/test_fixtures_union_2hard.py" line="26" name="test_synthesis" time="0.0056879520416259766"></testcase><testcase classname="pytest_cases.tests.pytest_extension.fixtures.fixture_unions.test_fixtures_union_2hard" file="pytest_cases/tests/pytest_extension/fixtures/fixture_unions/test_fixtures_union_2hard.py" line="45" name="test_super_closure" time="0.0015268325805664062"></testcase><testcase classname="pytest_cases.tests.pytest_extension.fixtures.fixture_unions.test_fixtures_union_3parametrize_plus" file="pytest_cases/tests/pytest_extension/fixtures/fixture_unions/test_fixtures_union_3parametrize_plus.py" line="21" name="test_fixture_union[/a-2]" time="0.0015041828155517578"></testcase><testcase classname="pytest_cases.tests.pytest_extension.fixtures.fixture_unions.test_fixtures_union_3parametrize_plus" file="pytest_cases/tests/pytest_extension/fixtures/fixture_unions/test_fixtures_union_3parametrize_plus.py" line="21" name="test_fixture_union[/a-3]" time="0.0015325546264648438"></testcase><testcase classname="pytest_cases.tests.pytest_extension.fixtures.fixture_unions.test_fixtures_union_3parametrize_plus" file="pytest_cases/tests/pytest_extension/fixtures/fixture_unions/test_fixtures_union_3parametrize_plus.py" line="21" name="test_fixture_union[/b-0]" time="0.0016522407531738281"></testcase><testcase classname="pytest_cases.tests.pytest_extension.fixtures.fixture_unions.test_fixtures_union_3parametrize_plus" file="pytest_cases/tests/pytest_extension/fixtures/fixture_unions/test_fixtures_union_3parametrize_plus.py" line="21" name="test_fixture_union[/b-1]" time="0.0016422271728515625"></testcase><testcase classname="pytest_cases.tests.pytest_extension.fixtures.fixture_unions.test_fixtures_union_3parametrize_plus" file="pytest_cases/tests/pytest_extension/fixtures/fixture_unions/test_fixtures_union_3parametrize_plus.py" line="21" name="test_fixture_union[/b-2]" time="0.001617431640625"></testcase><testcase classname="pytest_cases.tests.pytest_extension.fixtures.fixture_unions.test_so" file="pytest_cases/tests/pytest_extension/fixtures/fixture_unions/test_so.py" line="29" name="test_all[/lower-1]" time="0.0017437934875488281"><system-out>i
</system-out></testcase><testcase classname="pytest_cases.tests.pytest_extension.fixtures.fixture_unions.test_so" file="pytest_cases/tests/pytest_extension/fixtures/fixture_unions/test_so.py" line="29" name="test_all[/lower-2]" time="0.0018138885498046875"><system-out>ii
</system-out></testcase><testcase classname="pytest_cases.tests.pytest_extension.fixtures.fixture_unions.test_so" file="pytest_cases/tests/pytest_extension/fixtures/fixture_unions/test_so.py" line="29" name="test_all[/lower-3]" time="0.0017960071563720703"><system-out>iii
</system-out></testcase><testcase classname="pytest_cases.tests.pytest_extension.fixtures.fixture_unions.test_so" file="pytest_cases/tests/pytest_extension/fixtures/fixture_unions/test_so.py" line="29" name="test_all[/upper-1]" time="0.0016531944274902344"><system-out>I
</system-out></testcase><testcase classname="pytest_cases.tests.pytest_extension.fixtures.fixture_unions.test_so" file="pytest_cases/tests/pytest_extension/fixtures/fixture_unions/test_so.py" line="29" name="test_all[/upper-2]" time="0.0015861988067626953"><system-out>II
</system-out></testcase><testcase classname="pytest_cases.tests.pytest_extension.fixtures.fixture_unions.test_so" file="pytest_cases/tests/pytest_extension/fixtures/fixture_unions/test_so.py" line="33" name="test_synthesis" time="0.00427699089050293"></testcase><testcase classname="pytest_cases.tests.pytest_extension.issues.test_issue_114" file="pytest_cases/tests/pytest_extension/issues/test_issue_114.py" line="21" name="test_me[1]" time="0.0013930797576904297"></testcase><testcase classname="pytest_cases.tests.pytest_extension.issues.test_issue_114" file="pytest_cases/tests/pytest_extension/issues/test_issue_114.py" line="21" name="test_me[2]" time="0.0010304450988769531"></testcase><testcase classname="pytest_cases.tests.pytest_extension.issues.test_issue_115" file="pytest_cases/tests/pytest_extension/issues/test_issue_115.py" line="12" name="test_fn[0]" time="0.0010476112365722656"></testcase><testcase classname="pytest_cases.tests.pytest_extension.issues.test_issue_115" file="pytest_cases/tests/pytest_extension/issues/test_issue_115.py" line="12" name="test_fn[1]" time="0.0010304450988769531"></testcase><testcase classname="pytest_cases.tests.pytest_extension.issues.test_issue_115" file="pytest_cases/tests/pytest_extension/issues/test_issue_115.py" line="12" name="test_fn[2]" time="0.0011065006256103516"></testcase><testcase classname="pytest_cases.tests.pytest_extension.issues.test_issue_115" file="pytest_cases/tests/pytest_extension/issues/test_issue_115.py" line="12" name="test_fn[3]" time="0.000926971435546875"></testcase><testcase classname="pytest_cases.tests.pytest_extension.issues.test_issue_115" file="pytest_cases/tests/pytest_extension/issues/test_issue_115.py" line="12" name="test_fn[4]" time="0.0008406639099121094"></testcase><testcase classname="pytest_cases.tests.pytest_extension.issues.test_issue_115" file="pytest_cases/tests/pytest_extension/issues/test_issue_115.py" line="12" name="test_fn[5]" time="0.001069784164428711"></testcase><testcase classname="pytest_cases.tests.pytest_extension.issues.test_issue_115" file="pytest_cases/tests/pytest_extension/issues/test_issue_115.py" line="12" name="test_fn[6]" time="0.000972747802734375"></testcase><testcase classname="pytest_cases.tests.pytest_extension.issues.test_issue_115" file="pytest_cases/tests/pytest_extension/issues/test_issue_115.py" line="12" name="test_fn[7]" time="0.0008027553558349609"></testcase><testcase classname="pytest_cases.tests.pytest_extension.issues.test_issue_115" file="pytest_cases/tests/pytest_extension/issues/test_issue_115.py" line="12" name="test_fn[8]" time="0.0010776519775390625"></testcase><testcase classname="pytest_cases.tests.pytest_extension.issues.test_issue_115" file="pytest_cases/tests/pytest_extension/issues/test_issue_115.py" line="12" name="test_fn[9]" time="0.0008502006530761719"></testcase><testcase classname="pytest_cases.tests.pytest_extension.issues.test_issue_124" file="pytest_cases/tests/pytest_extension/issues/test_issue_124.py" line="18" name="test_me[i-i==0]" time="0.002270936965942383"></testcase><testcase classname="pytest_cases.tests.pytest_extension.issues.test_issue_124" file="pytest_cases/tests/pytest_extension/issues/test_issue_124.py" line="18" name="test_me[i-i==1]" time="0.0015881061553955078"></testcase><testcase classname="pytest_cases.tests.pytest_extension.issues.test_issue_124" file="pytest_cases/tests/pytest_extension/issues/test_issue_124.py" line="18" name="test_me[k-i==0]" time="0.0014851093292236328"></testcase><testcase classname="pytest_cases.tests.pytest_extension.issues.test_issue_124" file="pytest_cases/tests/pytest_extension/issues/test_issue_124.py" line="18" name="test_me[k-i==1]" time="0.0015399456024169922"></testcase><testcase classname="pytest_cases.tests.pytest_extension.issues.test_issue_124" file="pytest_cases/tests/pytest_extension/issues/test_issue_124.py" line="23" name="test_synthesis" time="0.0047910213470458984"></testcase><testcase classname="pytest_cases.tests.pytest_extension.issues.test_issue_148" file="pytest_cases/tests/pytest_extension/issues/test_issue_148.py" line="23" name="test_foo[x{0}-myunion{0}-a{0}]" time="0.001737356185913086"></testcase><testcase classname="pytest_cases.tests.pytest_extension.issues.test_issue_148" file="pytest_cases/tests/pytest_extension/issues/test_issue_148.py" line="23" name="test_foo[x{0}-myunion{0}-a{1}]" time="0.001573324203491211"></testcase><testcase classname="pytest_cases.tests.pytest_extension.issues.test_issue_148" file="pytest_cases/tests/pytest_extension/issues/test_issue_148.py" line="23" name="test_foo[x{1}-myunion{0}-a{0}]" time="0.0014984607696533203"></testcase><testcase classname="pytest_cases.tests.pytest_extension.issues.test_issue_148" file="pytest_cases/tests/pytest_extension/issues/test_issue_148.py" line="23" name="test_foo[x{1}-myunion{0}-a{1}]" time="0.0014767646789550781"></testcase><testcase classname="pytest_cases.tests.pytest_extension.issues.test_issue_148" file="pytest_cases/tests/pytest_extension/issues/test_issue_148.py" line="27" name="test_synthesis" time="0.00433802604675293"></testcase><testcase classname="pytest_cases.tests.pytest_extension.issues.test_issue_149" file="pytest_cases/tests/pytest_extension/issues/test_issue_149.py" line="10" name="test_foo[x-0]" time="0.00041556358337402344"><skipped message="request.getfixturevalue is not available in pytest 2" type="pytest.skip">pytest_cases/tests/pytest_extension/issues/test_issue_149.py:10: &lt;py._xmlgen.raw object at 0x7fa1acd4f160&gt;</skipped></testcase><testcase classname="pytest_cases.tests.pytest_extension.issues.test_issue_149" file="pytest_cases/tests/pytest_extension/issues/test_issue_149.py" line="10" name="test_foo[x-1]" time="0.0004696846008300781"><skipped message="request.getfixturevalue is not available in pytest 2" type="pytest.skip">pytest_cases/tests/pytest_extension/issues/test_issue_149.py:10: &lt;py._xmlgen.raw object at 0x7fa1acd55dd8&gt;</skipped></testcase><testcase classname="pytest_cases.tests.pytest_extension.issues.test_issue_classes" file="pytest_cases/tests/pytest_extension/issues/test_issue_classes.py" line="19" name="test_thing[foo]" time="0.001516580581665039"><system-out>1
</system-out></testcase><testcase classname="pytest_cases.tests.pytest_extension.issues.test_issue_classes" file="pytest_cases/tests/pytest_extension/issues/test_issue_classes.py" line="19" name="test_thing[bar]" time="0.0020742416381835938"><system-out>2
</system-out></testcase><testcase classname="pytest_cases.tests.pytest_extension.issues.test_issue_classes.TestCase" file="pytest_cases/tests/pytest_extension/issues/test_issue_classes.py" line="25" name="test_thing_pytest[1]" time="0.0013630390167236328"><system-out>1
</system-out></testcase><testcase classname="pytest_cases.tests.pytest_extension.issues.test_issue_classes.TestCase" file="pytest_cases/tests/pytest_extension/issues/test_issue_classes.py" line="25" name="test_thing_pytest[2]" time="0.0006449222564697266"><system-out>2
</system-out></testcase><testcase classname="pytest_cases.tests.pytest_extension.issues.test_issue_classes.TestCase" file="pytest_cases/tests/pytest_extension/issues/test_issue_classes.py" line="29" name="test_thing_cases[foo]" time="0.0010385513305664062"><system-out>1
</system-out></testcase><testcase classname="pytest_cases.tests.pytest_extension.issues.test_issue_classes.TestCase" file="pytest_cases/tests/pytest_extension/issues/test_issue_classes.py" line="29" name="test_thing_cases[bar]" time="0.0010294914245605469"><system-out>2
</system-out></testcase><testcase classname="pytest_cases.tests.pytest_extension.issues.test_issue_fixture_union1" file="pytest_cases/tests/pytest_extension/issues/test_issue_fixture_union1.py" line="20" name="test_foo[0/a]" time="0.0011487007141113281"></testcase><testcase classname="pytest_cases.tests.pytest_extension.issues.test_issue_fixture_union1" file="pytest_cases/tests/pytest_extension/issues/test_issue_fixture_union1.py" line="20" name="test_foo[1/a]" time="0.0007746219635009766"></testcase><testcase classname="pytest_cases.tests.pytest_extension.issues.test_issue_fixture_union1" file="pytest_cases/tests/pytest_extension/issues/test_issue_fixture_union1.py" line="24" name="test_synthesis" time="0.004007816314697266"></testcase><testcase classname="pytest_cases.tests.pytest_extension.issues.test_issue_fixture_union2" file="pytest_cases/tests/pytest_extension/issues/test_issue_fixture_union2.py" line="23" name="test_foo[1]" time="0.0006968975067138672"></testcase><testcase classname="pytest_cases.tests.pytest_extension.issues.test_issue_fixture_union2" file="pytest_cases/tests/pytest_extension/issues/test_issue_fixture_union2.py" line="23" name="test_foo[2]" time="0.0006587505340576172"></testcase><testcase classname="pytest_cases.tests.pytest_extension.issues.test_issue_fixture_union2" file="pytest_cases/tests/pytest_extension/issues/test_issue_fixture_union2.py" line="23" name="test_foo[3]" time="0.0008754730224609375"></testcase><testcase classname="pytest_cases.tests.pytest_extension.issues.test_issue_fixture_union2" file="pytest_cases/tests/pytest_extension/issues/test_issue_fixture_union2.py" line="30" name="test_foo2[0/a]" time="0.0018451213836669922"></testcase><testcase classname="pytest_cases.tests.pytest_extension.issues.test_issue_fixture_union2" file="pytest_cases/tests/pytest_extension/issues/test_issue_fixture_union2.py" line="30" name="test_foo2[1/b]" time="0.0008921623229980469"></testcase><testcase classname="pytest_cases.tests.pytest_extension.issues.test_issue_fixture_union2" file="pytest_cases/tests/pytest_extension/issues/test_issue_fixture_union2.py" line="30" name="test_foo2[2/a]" time="0.0012238025665283203"></testcase><testcase classname="pytest_cases.tests.pytest_extension.issues.test_issue_fixture_union2" file="pytest_cases/tests/pytest_extension/issues/test_issue_fixture_union2.py" line="34" name="test_synthesis" time="0.005785465240478516"></testcase><testcase classname="pytest_cases.tests.pytest_extension.issues.test_issue_indirect_fixture_param" file="pytest_cases/tests/pytest_extension/issues/test_issue_indirect_fixture_param.py" line="17" name="test_x[123]" time="0.0013511180877685547"></testcase><testcase classname="pytest_cases.tests.pytest_extension.issues.test_issue_pytest_70" file="pytest_cases/tests/pytest_extension/issues/test_issue_pytest_70.py" line="19" name="test_get_or_create_book[book1-A]" time="0.003057718276977539"><system-out>A
</system-out></testcase><testcase classname="pytest_cases.tests.pytest_extension.issues.test_issue_pytest_70" file="pytest_cases/tests/pytest_extension/issues/test_issue_pytest_70.py" line="19" name="test_get_or_create_book[book1-B]" time="0.0028197765350341797"><system-out>B
</system-out></testcase><testcase classname="pytest_cases.tests.pytest_extension.issues.test_issue_pytest_70" file="pytest_cases/tests/pytest_extension/issues/test_issue_pytest_70.py" line="19" name="test_get_or_create_book[hi]" time="0.0020177364349365234"><system-out>hi
</system-out></testcase><testcase classname="pytest_cases.tests.pytest_extension.issues.test_issue_pytest_70" file="pytest_cases/tests/pytest_extension/issues/test_issue_pytest_70.py" line="19" name="test_get_or_create_book[ih]" time="0.0008182525634765625"><system-out>ih
</system-out></testcase><testcase classname="pytest_cases.tests.pytest_extension.issues.test_issue_pytest_70" file="pytest_cases/tests/pytest_extension/issues/test_issue_pytest_70.py" line="19" name="test_get_or_create_book[book2]" time="0.0008084774017333984"><system-out>None
</system-out></testcase><testcase classname="pytest_cases.tests.pytest_extension.issues.test_issue_pytest_70" file="pytest_cases/tests/pytest_extension/issues/test_issue_pytest_70.py" line="29" name="test_synthesis" time="0.003330707550048828"></testcase><testcase classname="pytest_cases.tests.pytest_extension.issues.test_issue_python2_str" file="pytest_cases/tests/pytest_extension/issues/test_issue_python2_str.py" line="16" name="test_my_cool_feature_with_fixture[a1]" time="0.0007767677307128906"><system-out>hello world
a1
</system-out></testcase><testcase classname="pytest_cases.tests.pytest_extension.issues.test_issue_python2_str" file="pytest_cases/tests/pytest_extension/issues/test_issue_python2_str.py" line="16" name="test_my_cool_feature_with_fixture[b2]" time="0.0019550323486328125"><system-out>hello world
b2
</system-out></testcase><testcase classname="pytest_cases.tests.pytest_extension.issues.test_issue_python2_str" file="pytest_cases/tests/pytest_extension/issues/test_issue_python2_str.py" line="16" name="test_my_cool_feature_with_fixture[b3]" time="0.0014069080352783203"><system-out>hello world
b3
</system-out></testcase><testcase classname="pytest_cases.tests.pytest_extension.issues.test_issue_so_76" file="pytest_cases/tests/pytest_extension/issues/test_issue_so_76.py" line="50" name="test_value_tables_node[value_tables-1-value_table-1-_-value_table_description-&quot;s&quot;-0.0-value_table_description-value_table]" time="0.005396127700805664"></testcase><testcase classname="pytest_cases.tests.pytest_extension.issues.test_issue_so_76" file="pytest_cases/tests/pytest_extension/issues/test_issue_so_76.py" line="50" name="test_value_tables_node[value_tables-1-value_table-1-_-value_table_description-&quot;s&quot;--1.0-value_table_description-value_table]" time="0.004575967788696289"></testcase><testcase classname="pytest_cases.tests.pytest_extension.issues.test_issue_so_76" file="pytest_cases/tests/pytest_extension/issues/test_issue_so_76.py" line="50" name="test_value_tables_node[value_tables-1-value_table-1-_-value_table_description-&quot;s&quot;-1.0-value_table_description-value_table]" time="0.0015702247619628906"></testcase><testcase classname="pytest_cases.tests.pytest_extension.issues.test_issue_so_76" file="pytest_cases/tests/pytest_extension/issues/test_issue_so_76.py" line="50" name="test_value_tables_node[value_tables-1-value_table-1-_-value_table_description-&quot;_&quot;-0.0-value_table_description-value_table]" time="0.0012617111206054688"></testcase><testcase classname="pytest_cases.tests.pytest_extension.issues.test_issue_so_76" file="pytest_cases/tests/pytest_extension/issues/test_issue_so_76.py" line="50" name="test_value_tables_node[value_tables-1-value_table-1-_-value_table_description-&quot;_&quot;--1.0-value_table_description-value_table]" time="0.003813028335571289"></testcase><testcase classname="pytest_cases.tests.pytest_extension.issues.test_issue_so_76" file="pytest_cases/tests/pytest_extension/issues/test_issue_so_76.py" line="50" name="test_value_tables_node[value_tables-1-value_table-1-_-value_table_description-&quot;_&quot;-1.0-value_table_description-value_table]" time="0.00490570068359375"></testcase><testcase classname="pytest_cases.tests.pytest_extension.issues.test_issue_so_76" file="pytest_cases/tests/pytest_extension/issues/test_issue_so_76.py" line="50" name="test_value_tables_node[value_tables-1-value_table-1-_c-value_table_description-&quot;s&quot;-0.0-value_table_description-value_table]" time="0.005242109298706055"></testcase><testcase classname="pytest_cases.tests.pytest_extension.issues.test_issue_so_76" file="pytest_cases/tests/pytest_extension/issues/test_issue_so_76.py" line="50" name="test_value_tables_node[value_tables-1-value_table-1-_c-value_table_description-&quot;s&quot;--1.0-value_table_description-value_table]" time="0.004643917083740234"></testcase><testcase classname="pytest_cases.tests.pytest_extension.issues.test_issue_so_76" file="pytest_cases/tests/pytest_extension/issues/test_issue_so_76.py" line="50" name="test_value_tables_node[value_tables-1-value_table-1-_c-value_table_description-&quot;s&quot;-1.0-value_table_description-value_table]" time="0.005009651184082031"></testcase><testcase classname="pytest_cases.tests.pytest_extension.issues.test_issue_so_76" file="pytest_cases/tests/pytest_extension/issues/test_issue_so_76.py" line="50" name="test_value_tables_node[value_tables-1-value_table-1-_c-value_table_description-&quot;_&quot;-0.0-value_table_description-value_table]" time="0.0019838809967041016"></testcase><testcase classname="pytest_cases.tests.pytest_extension.issues.test_issue_so_76" file="pytest_cases/tests/pytest_extension/issues/test_issue_so_76.py" line="50" name="test_value_tables_node[value_tables-1-value_table-1-_c-value_table_description-&quot;_&quot;--1.0-value_table_description-value_table]" time="0.0016031265258789062"></testcase><testcase classname="pytest_cases.tests.pytest_extension.issues.test_issue_so_76" file="pytest_cases/tests/pytest_extension/issues/test_issue_so_76.py" line="50" name="test_value_tables_node[value_tables-1-value_table-1-_c-value_table_description-&quot;_&quot;-1.0-value_table_description-value_table]" time="0.00487208366394043"></testcase><testcase classname="pytest_cases.tests.pytest_extension.issues.test_issue_so_76" file="pytest_cases/tests/pytest_extension/issues/test_issue_so_76.py" line="50" name="test_value_tables_node[value_tables-1-value_table-2-_-value_table_description-&quot;s&quot;-0.0-value_table_description-value_table]" time="0.004704475402832031"></testcase><testcase classname="pytest_cases.tests.pytest_extension.issues.test_issue_so_76" file="pytest_cases/tests/pytest_extension/issues/test_issue_so_76.py" line="50" name="test_value_tables_node[value_tables-1-value_table-2-_-value_table_description-&quot;s&quot;--1.0-value_table_description-value_table]" time="0.0026025772094726562"></testcase><testcase classname="pytest_cases.tests.pytest_extension.issues.test_issue_so_76" file="pytest_cases/tests/pytest_extension/issues/test_issue_so_76.py" line="50" name="test_value_tables_node[value_tables-1-value_table-2-_-value_table_description-&quot;s&quot;-1.0-value_table_description-value_table]" time="0.001735687255859375"></testcase><testcase classname="pytest_cases.tests.pytest_extension.issues.test_issue_so_76" file="pytest_cases/tests/pytest_extension/issues/test_issue_so_76.py" line="50" name="test_value_tables_node[value_tables-1-value_table-2-_-value_table_description-&quot;_&quot;-0.0-value_table_description-value_table]" time="0.001720428466796875"></testcase><testcase classname="pytest_cases.tests.pytest_extension.issues.test_issue_so_76" file="pytest_cases/tests/pytest_extension/issues/test_issue_so_76.py" line="50" name="test_value_tables_node[value_tables-1-value_table-2-_-value_table_description-&quot;_&quot;--1.0-value_table_description-value_table]" time="0.001734018325805664"></testcase><testcase classname="pytest_cases.tests.pytest_extension.issues.test_issue_so_76" file="pytest_cases/tests/pytest_extension/issues/test_issue_so_76.py" line="50" name="test_value_tables_node[value_tables-1-value_table-2-_-value_table_description-&quot;_&quot;-1.0-value_table_description-value_table]" time="0.0017240047454833984"></testcase><testcase classname="pytest_cases.tests.pytest_extension.issues.test_issue_so_76" file="pytest_cases/tests/pytest_extension/issues/test_issue_so_76.py" line="50" name="test_value_tables_node[value_tables-1-value_table-2-_c-value_table_description-&quot;s&quot;-0.0-value_table_description-value_table]" time="0.0016446113586425781"></testcase><testcase classname="pytest_cases.tests.pytest_extension.issues.test_issue_so_76" file="pytest_cases/tests/pytest_extension/issues/test_issue_so_76.py" line="50" name="test_value_tables_node[value_tables-1-value_table-2-_c-value_table_description-&quot;s&quot;--1.0-value_table_description-value_table]" time="0.0015292167663574219"></testcase><testcase classname="pytest_cases.tests.pytest_extension.issues.test_issue_so_76" file="pytest_cases/tests/pytest_extension/issues/test_issue_so_76.py" line="50" name="test_value_tables_node[value_tables-1-value_table-2-_c-value_table_description-&quot;s&quot;-1.0-value_table_description-value_table]" time="0.0016856193542480469"></testcase><testcase classname="pytest_cases.tests.pytest_extension.issues.test_issue_so_76" file="pytest_cases/tests/pytest_extension/issues/test_issue_so_76.py" line="50" name="test_value_tables_node[value_tables-1-value_table-2-_c-value_table_description-&quot;_&quot;-0.0-value_table_description-value_table]" time="0.0019540786743164062"></testcase><testcase classname="pytest_cases.tests.pytest_extension.issues.test_issue_so_76" file="pytest_cases/tests/pytest_extension/issues/test_issue_so_76.py" line="50" name="test_value_tables_node[value_tables-1-value_table-2-_c-value_table_description-&quot;_&quot;--1.0-value_table_description-value_table]" time="0.001508474349975586"></testcase><testcase classname="pytest_cases.tests.pytest_extension.issues.test_issue_so_76" file="pytest_cases/tests/pytest_extension/issues/test_issue_so_76.py" line="50" name="test_value_tables_node[value_tables-1-value_table-2-_c-value_table_description-&quot;_&quot;-1.0-value_table_description-value_table]" time="0.0015676021575927734"></testcase><testcase classname="pytest_cases.tests.pytest_extension.issues.test_issue_so_76" file="pytest_cases/tests/pytest_extension/issues/test_issue_so_76.py" line="50" name="test_value_tables_node[value_tables-2-value_table-1-_-value_table_description-&quot;s&quot;-0.0-value_table_description-value_table]" time="0.001556396484375"></testcase><testcase classname="pytest_cases.tests.pytest_extension.issues.test_issue_so_76" file="pytest_cases/tests/pytest_extension/issues/test_issue_so_76.py" line="50" name="test_value_tables_node[value_tables-2-value_table-1-_-value_table_description-&quot;s&quot;--1.0-value_table_description-value_table]" time="0.0019214153289794922"></testcase><testcase classname="pytest_cases.tests.pytest_extension.issues.test_issue_so_76" file="pytest_cases/tests/pytest_extension/issues/test_issue_so_76.py" line="50" name="test_value_tables_node[value_tables-2-value_table-1-_-value_table_description-&quot;s&quot;-1.0-value_table_description-value_table]" time="0.0015325546264648438"></testcase><testcase classname="pytest_cases.tests.pytest_extension.issues.test_issue_so_76" file="pytest_cases/tests/pytest_extension/issues/test_issue_so_76.py" line="50" name="test_value_tables_node[value_tables-2-value_table-1-_-value_table_description-&quot;_&quot;-0.0-value_table_description-value_table]" time="0.0015680789947509766"></testcase><testcase classname="pytest_cases.tests.pytest_extension.issues.test_issue_so_76" file="pytest_cases/tests/pytest_extension/issues/test_issue_so_76.py" line="50" name="test_value_tables_node[value_tables-2-value_table-1-_-value_table_description-&quot;_&quot;--1.0-value_table_description-value_table]" time="0.0016243457794189453"></testcase><testcase classname="pytest_cases.tests.pytest_extension.issues.test_issue_so_76" file="pytest_cases/tests/pytest_extension/issues/test_issue_so_76.py" line="50" name="test_value_tables_node[value_tables-2-value_table-1-_-value_table_description-&quot;_&quot;-1.0-value_table_description-value_table]" time="0.0018689632415771484"></testcase><testcase classname="pytest_cases.tests.pytest_extension.issues.test_issue_so_76" file="pytest_cases/tests/pytest_extension/issues/test_issue_so_76.py" line="50" name="test_value_tables_node[value_tables-2-value_table-1-_c-value_table_description-&quot;s&quot;-0.0-value_table_description-value_table]" time="0.0015366077423095703"></testcase><testcase classname="pytest_cases.tests.pytest_extension.issues.test_issue_so_76" file="pytest_cases/tests/pytest_extension/issues/test_issue_so_76.py" line="50" name="test_value_tables_node[value_tables-2-value_table-1-_c-value_table_description-&quot;s&quot;--1.0-value_table_description-value_table]" time="0.0015001296997070312"></testcase><testcase classname="pytest_cases.tests.pytest_extension.issues.test_issue_so_76" file="pytest_cases/tests/pytest_extension/issues/test_issue_so_76.py" line="50" name="test_value_tables_node[value_tables-2-value_table-1-_c-value_table_description-&quot;s&quot;-1.0-value_table_description-value_table]" time="0.001554727554321289"></testcase><testcase classname="pytest_cases.tests.pytest_extension.issues.test_issue_so_76" file="pytest_cases/tests/pytest_extension/issues/test_issue_so_76.py" line="50" name="test_value_tables_node[value_tables-2-value_table-1-_c-value_table_description-&quot;_&quot;-0.0-value_table_description-value_table]" time="0.001745462417602539"></testcase><testcase classname="pytest_cases.tests.pytest_extension.issues.test_issue_so_76" file="pytest_cases/tests/pytest_extension/issues/test_issue_so_76.py" line="50" name="test_value_tables_node[value_tables-2-value_table-1-_c-value_table_description-&quot;_&quot;--1.0-value_table_description-value_table]" time="0.0015285015106201172"></testcase><testcase classname="pytest_cases.tests.pytest_extension.issues.test_issue_so_76" file="pytest_cases/tests/pytest_extension/issues/test_issue_so_76.py" line="50" name="test_value_tables_node[value_tables-2-value_table-1-_c-value_table_description-&quot;_&quot;-1.0-value_table_description-value_table]" time="0.0015110969543457031"></testcase><testcase classname="pytest_cases.tests.pytest_extension.issues.test_issue_so_76" file="pytest_cases/tests/pytest_extension/issues/test_issue_so_76.py" line="50" name="test_value_tables_node[value_tables-2-value_table-2-_-value_table_description-&quot;s&quot;-0.0-value_table_description-value_table]" time="0.001560211181640625"></testcase><testcase classname="pytest_cases.tests.pytest_extension.issues.test_issue_so_76" file="pytest_cases/tests/pytest_extension/issues/test_issue_so_76.py" line="50" name="test_value_tables_node[value_tables-2-value_table-2-_-value_table_description-&quot;s&quot;--1.0-value_table_description-value_table]" time="0.0015125274658203125"></testcase><testcase classname="pytest_cases.tests.pytest_extension.issues.test_issue_so_76" file="pytest_cases/tests/pytest_extension/issues/test_issue_so_76.py" line="50" name="test_value_tables_node[value_tables-2-value_table-2-_-value_table_description-&quot;s&quot;-1.0-value_table_description-value_table]" time="0.0015017986297607422"></testcase><testcase classname="pytest_cases.tests.pytest_extension.issues.test_issue_so_76" file="pytest_cases/tests/pytest_extension/issues/test_issue_so_76.py" line="50" name="test_value_tables_node[value_tables-2-value_table-2-_-value_table_description-&quot;_&quot;-0.0-value_table_description-value_table]" time="0.0015587806701660156"></testcase><testcase classname="pytest_cases.tests.pytest_extension.issues.test_issue_so_76" file="pytest_cases/tests/pytest_extension/issues/test_issue_so_76.py" line="50" name="test_value_tables_node[value_tables-2-value_table-2-_-value_table_description-&quot;_&quot;--1.0-value_table_description-value_table]" time="0.0017871856689453125"></testcase><testcase classname="pytest_cases.tests.pytest_extension.issues.test_issue_so_76" file="pytest_cases/tests/pytest_extension/issues/test_issue_so_76.py" line="50" name="test_value_tables_node[value_tables-2-value_table-2-_-value_table_description-&quot;_&quot;-1.0-value_table_description-value_table]" time="0.0015664100646972656"></testcase><testcase classname="pytest_cases.tests.pytest_extension.issues.test_issue_so_76" file="pytest_cases/tests/pytest_extension/issues/test_issue_so_76.py" line="50" name="test_value_tables_node[value_tables-2-value_table-2-_c-value_table_description-&quot;s&quot;-0.0-value_table_description-value_table]" time="0.001524209976196289"></testcase><testcase classname="pytest_cases.tests.pytest_extension.issues.test_issue_so_76" file="pytest_cases/tests/pytest_extension/issues/test_issue_so_76.py" line="50" name="test_value_tables_node[value_tables-2-value_table-2-_c-value_table_description-&quot;s&quot;--1.0-value_table_description-value_table]" time="0.001600027084350586"></testcase><testcase classname="pytest_cases.tests.pytest_extension.issues.test_issue_so_76" file="pytest_cases/tests/pytest_extension/issues/test_issue_so_76.py" line="50" name="test_value_tables_node[value_tables-2-value_table-2-_c-value_table_description-&quot;s&quot;-1.0-value_table_description-value_table]" time="0.0020656585693359375"></testcase><testcase classname="pytest_cases.tests.pytest_extension.issues.test_issue_so_76" file="pytest_cases/tests/pytest_extension/issues/test_issue_so_76.py" line="50" name="test_value_tables_node[value_tables-2-value_table-2-_c-value_table_description-&quot;_&quot;-0.0-value_table_description-value_table]" time="0.0015950202941894531"></testcase><testcase classname="pytest_cases.tests.pytest_extension.issues.test_issue_so_76" file="pytest_cases/tests/pytest_extension/issues/test_issue_so_76.py" line="50" name="test_value_tables_node[value_tables-2-value_table-2-_c-value_table_description-&quot;_&quot;--1.0-value_table_description-value_table]" time="0.001398324966430664"></testcase><testcase classname="pytest_cases.tests.pytest_extension.issues.test_issue_so_76" file="pytest_cases/tests/pytest_extension/issues/test_issue_so_76.py" line="50" name="test_value_tables_node[value_tables-2-value_table-2-_c-value_table_description-&quot;_&quot;-1.0-value_table_description-value_table]" time="0.001275777816772461"></testcase><testcase classname="pytest_cases.tests.pytest_extension.issues.test_issue_so_76" file="pytest_cases/tests/pytest_extension/issues/test_issue_so_76.py" line="59" name="test_synthesis" time="0.023725509643554688"></testcase><testcase classname="pytest_cases.tests.pytest_extension.issues.test_parametrize_with_lists" file="pytest_cases/tests/pytest_extension/issues/test_parametrize_with_lists.py" line="14" name="test_dummy[0-0-0-0]" time="0.0008344650268554688"></testcase><testcase classname="pytest_cases.tests.pytest_extension.issues.test_parametrize_with_lists" file="pytest_cases/tests/pytest_extension/issues/test_parametrize_with_lists.py" line="14" name="test_dummy[0-0-1-1]" time="0.006563901901245117"></testcase><testcase classname="pytest_cases.tests.pytest_extension.issues.test_parametrize_with_lists" file="pytest_cases/tests/pytest_extension/issues/test_parametrize_with_lists.py" line="14" name="test_dummy[1-1-0-0]" time="0.0008206367492675781"></testcase><testcase classname="pytest_cases.tests.pytest_extension.issues.test_parametrize_with_lists" file="pytest_cases/tests/pytest_extension/issues/test_parametrize_with_lists.py" line="14" name="test_dummy[1-1-1-1]" time="0.0011258125305175781"></testcase><testcase classname="pytest_cases.tests.pytest_extension.issues.test_parametrize_with_lists" file="pytest_cases/tests/pytest_extension/issues/test_parametrize_with_lists.py" line="19" name="test_synthesis" time="0.0034537315368652344"></testcase><testcase classname="pytest_cases.tests.pytest_extension.issues.test_pytest_py35_asyncio" file="pytest_cases/tests/pytest_extension/issues/test_pytest_py35_asyncio.py" line="7" name="test_x[0]" time="0.0012478828430175781"><system-err>/home/travis/miniconda/envs/test-environment/lib/python3.5/site-packages/_pytest/python.py:287: RuntimeWarning: coroutine &apos;test_x&apos; was never awaited
  testfunction(**testargs)
</system-err></testcase><testcase classname="pytest_cases.tests.pytest_extension.meta.test_all" file="pytest_cases/tests/pytest_extension/meta/test_all.py" line="25" name="test_run_all_tests[session_optim]" time="0.08684825897216797"><system-out>
Config contents: import pytest

def pytest_configure(config):
    # change the option
    setattr(config.option, &apos;with_reorder&apos;, &apos;skip&apos;)

    # add dynamic fixture
    class DynamicFixturePlugin(object):
        @pytest.fixture(scope=&apos;session&apos;, params=[&apos;flavor1&apos;, &apos;flavor2&apos;], autouse=False)
        def flavor(self, request):
            print(&apos;flavor created:&apos;, request.param)
            return request.param

    config.pluginmanager.register(DynamicFixturePlugin(), &apos;flavor-fixture&apos;)


Testing that running pytest on file session_optim.py with config file /home/travis/build/smarie/python-pytest-cases/pytest_cases/tests/pytest_extension/meta/raw/session_optim/conf.py results in {&apos;skipped&apos;: 0, &apos;passed&apos;: 10, &apos;failed&apos;: 0}.
For debug, temp dir is: /tmp/pytest-of-travis/pytest-0/testdir/test_run_all_tests0
============================= test session starts ==============================
platform linux -- Python 3.5.6, pytest-2.9.2, py-1.10.0, pluggy-0.3.1
rootdir: /tmp/pytest-of-travis/pytest-0/testdir/test_run_all_tests0, inifile: 
plugins: steps-1.7.3, logging-2015.11.4, html-1.9.0, harvest-1.10.1, cases-2.7.3.dev19+gbc81e64
collected 10 items

test_run_all_tests.py ..........

========================== 10 passed in 0.02 seconds ===========================
</system-out></testcase><testcase classname="pytest_cases.tests.pytest_extension.meta.test_all" file="pytest_cases/tests/pytest_extension/meta/test_all.py" line="25" name="test_run_all_tests[reorder_skip]" time="0.03237009048461914"><system-out>
Testing that running pytest on file reorder_skip.py with config file /home/travis/build/smarie/python-pytest-cases/pytest_cases/tests/pytest_extension/meta/raw/reorder_skip/conf.py results in {&apos;skipped&apos;: 0, &apos;passed&apos;: 3, &apos;failed&apos;: 0}.
For debug, temp dir is: /tmp/pytest-of-travis/pytest-0/testdir/test_run_all_tests1
============================= test session starts ==============================
platform linux -- Python 3.5.6, pytest-2.9.2, py-1.10.0, pluggy-0.3.1
rootdir: /tmp/pytest-of-travis/pytest-0/testdir/test_run_all_tests1, inifile: 
plugins: steps-1.7.3, logging-2015.11.4, html-1.9.0, harvest-1.10.1, cases-2.7.3.dev19+gbc81e64
collected 4 items

test_run_all_tests.py ...

==================== 1 tests deselected by &quot;-m &apos;not black&apos;&quot; ====================
==================== 3 passed, 1 deselected in 0.01 seconds ====================
</system-out></testcase><testcase classname="pytest_cases.tests.pytest_extension.order.test_fixture_order_respects_scope" file="pytest_cases/tests/pytest_extension/order/test_fixture_order_respects_scope.py" line="24" name="test_value" time="0.0004837512969970703"><skipped message="This bug was not fixed in old pytest." type="pytest.skip">pytest_cases/tests/pytest_extension/order/test_fixture_order_respects_scope.py:24: &lt;py._xmlgen.raw object at 0x7fa1acc3d780&gt;</skipped></testcase><testcase classname="pytest_cases.tests.pytest_extension.order.session_optim.test_reorder_default_normal" file="pytest_cases/tests/pytest_extension/order/session_optim/test_reorder_default_normal.py" line="9" name="test_config" time="0.001589059829711914"></testcase><testcase classname="pytest_cases.tests.pytest_extension.order.session_optim.test_reorder_default_normal" file="pytest_cases/tests/pytest_extension/order/session_optim/test_reorder_default_normal.py" line="24" name="test[flavor1-vxlan]" time="0.0034494400024414062"><system-out>flavor created: flavor1
encap created: vxlan
reprovision created: flavor1 vxlan
</system-out></testcase><testcase classname="pytest_cases.tests.pytest_extension.order.session_optim.test_reorder_default_normal" file="pytest_cases/tests/pytest_extension/order/session_optim/test_reorder_default_normal.py" line="28" name="test2[flavor1-vxlan]" time="0.0020890235900878906"></testcase><testcase classname="pytest_cases.tests.pytest_extension.order.session_optim.test_reorder_default_normal" file="pytest_cases/tests/pytest_extension/order/session_optim/test_reorder_default_normal.py" line="24" name="test[flavor1-vlan]" time="0.0018706321716308594"><system-out>encap created: vlan
reprovision created: flavor1 vlan
</system-out></testcase><testcase classname="pytest_cases.tests.pytest_extension.order.session_optim.test_reorder_default_normal" file="pytest_cases/tests/pytest_extension/order/session_optim/test_reorder_default_normal.py" line="28" name="test2[flavor1-vlan]" time="0.002939462661743164"></testcase><testcase classname="pytest_cases.tests.pytest_extension.order.session_optim.test_reorder_default_normal" file="pytest_cases/tests/pytest_extension/order/session_optim/test_reorder_default_normal.py" line="24" name="test[flavor2-vlan]" time="0.0015981197357177734"><system-out>flavor created: flavor2
reprovision created: flavor2 vlan
</system-out></testcase><testcase classname="pytest_cases.tests.pytest_extension.order.session_optim.test_reorder_default_normal" file="pytest_cases/tests/pytest_extension/order/session_optim/test_reorder_default_normal.py" line="28" name="test2[flavor2-vlan]" time="0.0019299983978271484"></testcase><testcase classname="pytest_cases.tests.pytest_extension.order.session_optim.test_reorder_default_normal" file="pytest_cases/tests/pytest_extension/order/session_optim/test_reorder_default_normal.py" line="24" name="test[flavor2-vxlan]" time="0.0016255378723144531"><system-out>encap created: vxlan
reprovision created: flavor2 vxlan
</system-out></testcase><testcase classname="pytest_cases.tests.pytest_extension.order.session_optim.test_reorder_default_normal" file="pytest_cases/tests/pytest_extension/order/session_optim/test_reorder_default_normal.py" line="28" name="test2[flavor2-vxlan]" time="0.0023560523986816406"></testcase><testcase classname="pytest_cases.tests.pytest_extension.order.session_optim.test_reorder_default_normal" file="pytest_cases/tests/pytest_extension/order/session_optim/test_reorder_default_normal.py" line="32" name="test_synthesis" time="0.0004825592041015625"><skipped message="This &apos;optimal order&apos; was changed in some versions of pytest" type="pytest.skip">pytest_cases/tests/pytest_extension/order/session_optim/test_reorder_default_normal.py:32: &lt;py._xmlgen.raw object at 0x7fa1acc512e8&gt;</skipped></testcase><testcase classname="pytest_cases.tests.pytest_extension.others.test_assert_exception" file="pytest_cases/tests/pytest_extension/others/test_assert_exception.py" line="9" name="test_assert_exception" time="0.0030694007873535156"></testcase><testcase classname="pytest_cases.tests.pytest_extension.parametrize_plus.test_basics_misc" file="pytest_cases/tests/pytest_extension/parametrize_plus/test_basics_misc.py" line="19" name="test_extract_pset_info" time="0.0006194114685058594"></testcase><testcase classname="pytest_cases.tests.pytest_extension.parametrize_plus.test_basics_misc" file="pytest_cases/tests/pytest_extension/parametrize_plus/test_basics_misc.py" line="32" name="test_cart_product_pytest" time="0.0007357597351074219"></testcase><testcase classname="pytest_cases.tests.pytest_extension.parametrize_plus.test_basics_misc" file="pytest_cases/tests/pytest_extension/parametrize_plus/test_basics_misc.py" line="63" name="test_argname_error" time="0.0006494522094726562"></testcase><testcase classname="pytest_cases.tests.pytest_extension.parametrize_plus.test_basics_misc" file="pytest_cases/tests/pytest_extension/parametrize_plus/test_basics_misc.py" line="73" name="test_get_argnames_argvalues[False]" time="0.0031020641326904297"></testcase><testcase classname="pytest_cases.tests.pytest_extension.parametrize_plus.test_basics_misc" file="pytest_cases/tests/pytest_extension/parametrize_plus/test_basics_misc.py" line="73" name="test_get_argnames_argvalues[True]" time="0.0035293102264404297"></testcase><testcase classname="pytest_cases.tests.pytest_extension.parametrize_plus.test_basics_misc" file="pytest_cases/tests/pytest_extension/parametrize_plus/test_basics_misc.py" line="157" name="test_idgen1[10yes-c2.1-a=True,b= -1]" time="0.0020797252655029297"></testcase><testcase classname="pytest_cases.tests.pytest_extension.parametrize_plus.test_basics_misc" file="pytest_cases/tests/pytest_extension/parametrize_plus/test_basics_misc.py" line="157" name="test_idgen1[10yes-c2.1-a=False,b=  3]" time="0.0029129981994628906"></testcase><testcase classname="pytest_cases.tests.pytest_extension.parametrize_plus.test_basics_misc" file="pytest_cases/tests/pytest_extension/parametrize_plus/test_basics_misc.py" line="157" name="test_idgen1[10yes-c0.0-a=True,b= -1]" time="0.0031719207763671875"></testcase><testcase classname="pytest_cases.tests.pytest_extension.parametrize_plus.test_basics_misc" file="pytest_cases/tests/pytest_extension/parametrize_plus/test_basics_misc.py" line="157" name="test_idgen1[10yes-c0.0-a=False,b=  3]" time="0.0028235912322998047"></testcase><testcase classname="pytest_cases.tests.pytest_extension.parametrize_plus.test_basics_misc" file="pytest_cases/tests/pytest_extension/parametrize_plus/test_basics_misc.py" line="164" name="test_idgen1_synthesis" time="0.00492095947265625"></testcase><testcase classname="pytest_cases.tests.pytest_extension.parametrize_plus.test_basics_misc" file="pytest_cases/tests/pytest_extension/parametrize_plus/test_basics_misc.py" line="181" name="test_alt_usage1[a=True,b=1.2 and   -1]" time="0.0026013851165771484"></testcase><testcase classname="pytest_cases.tests.pytest_extension.parametrize_plus.test_basics_misc" file="pytest_cases/tests/pytest_extension/parametrize_plus/test_basics_misc.py" line="181" name="test_alt_usage1[a=True,b=1.2 and    2]" time="0.002691030502319336"></testcase><testcase classname="pytest_cases.tests.pytest_extension.parametrize_plus.test_basics_misc" file="pytest_cases/tests/pytest_extension/parametrize_plus/test_basics_misc.py" line="181" name="test_alt_usage1[a=True,b=0.0 and   -1]" time="0.0022313594818115234"></testcase><testcase classname="pytest_cases.tests.pytest_extension.parametrize_plus.test_basics_misc" file="pytest_cases/tests/pytest_extension/parametrize_plus/test_basics_misc.py" line="181" name="test_alt_usage1[a=True,b=0.0 and    2]" time="0.0006716251373291016"></testcase><testcase classname="pytest_cases.tests.pytest_extension.parametrize_plus.test_basics_misc" file="pytest_cases/tests/pytest_extension/parametrize_plus/test_basics_misc.py" line="186" name="test_alt_usage1_synthesis" time="0.003287076950073242"></testcase><testcase classname="pytest_cases.tests.pytest_extension.parametrize_plus.test_basics_misc" file="pytest_cases/tests/pytest_extension/parametrize_plus/test_basics_misc.py" line="199" name="test_alt_usage2[b1e+00]" time="0.001041412353515625"></testcase><testcase classname="pytest_cases.tests.pytest_extension.parametrize_plus.test_basics_misc" file="pytest_cases/tests/pytest_extension/parametrize_plus/test_basics_misc.py" line="199" name="test_alt_usage2[b0e+00]" time="0.0015704631805419922"></testcase><testcase classname="pytest_cases.tests.pytest_extension.parametrize_plus.test_basics_misc" file="pytest_cases/tests/pytest_extension/parametrize_plus/test_basics_misc.py" line="204" name="test_alt_usage2_synthesis" time="0.0051882266998291016"></testcase><testcase classname="pytest_cases.tests.pytest_extension.parametrize_plus.test_fixture_ref_basic1" file="pytest_cases/tests/pytest_extension/parametrize_plus/test_fixture_ref_basic1.py" line="20" name="test_prints[nothing-?]" time="0.0018558502197265625"><system-out>nothing?
</system-out></testcase><testcase classname="pytest_cases.tests.pytest_extension.parametrize_plus.test_fixture_ref_basic1" file="pytest_cases/tests/pytest_extension/parametrize_plus/test_fixture_ref_basic1.py" line="20" name="test_prints[nothing-!]" time="0.0028791427612304688"><system-out>nothing!
</system-out></testcase><testcase classname="pytest_cases.tests.pytest_extension.parametrize_plus.test_fixture_ref_basic1" file="pytest_cases/tests/pytest_extension/parametrize_plus/test_fixture_ref_basic1.py" line="20" name="test_prints[world_str-?]" time="0.001897573471069336"><system-out>world?
</system-out></testcase><testcase classname="pytest_cases.tests.pytest_extension.parametrize_plus.test_fixture_ref_basic1" file="pytest_cases/tests/pytest_extension/parametrize_plus/test_fixture_ref_basic1.py" line="20" name="test_prints[world_str-!]" time="0.0013184547424316406"><system-out>world!
</system-out></testcase><testcase classname="pytest_cases.tests.pytest_extension.parametrize_plus.test_fixture_ref_basic1" file="pytest_cases/tests/pytest_extension/parametrize_plus/test_fixture_ref_basic1.py" line="20" name="test_prints[greetings-world_str-?]" time="0.002823352813720703"><system-out>hello world?
</system-out></testcase><testcase classname="pytest_cases.tests.pytest_extension.parametrize_plus.test_fixture_ref_basic1" file="pytest_cases/tests/pytest_extension/parametrize_plus/test_fixture_ref_basic1.py" line="20" name="test_prints[greetings-world_str-!]" time="0.003340482711791992"><system-out>hello world!
</system-out></testcase><testcase classname="pytest_cases.tests.pytest_extension.parametrize_plus.test_fixture_ref_basic1" file="pytest_cases/tests/pytest_extension/parametrize_plus/test_fixture_ref_basic1.py" line="20" name="test_prints[greetings-you-?]" time="0.0028984546661376953"><system-out>hello you?
</system-out></testcase><testcase classname="pytest_cases.tests.pytest_extension.parametrize_plus.test_fixture_ref_basic1" file="pytest_cases/tests/pytest_extension/parametrize_plus/test_fixture_ref_basic1.py" line="20" name="test_prints[greetings-you-!]" time="0.0013434886932373047"><system-out>hello you!
</system-out></testcase><testcase classname="pytest_cases.tests.pytest_extension.parametrize_plus.test_fixture_ref_basic1" file="pytest_cases/tests/pytest_extension/parametrize_plus/test_fixture_ref_basic1.py" line="20" name="test_prints[global_fixture-?]" time="0.002954721450805664"><system-out>global?
</system-out></testcase><testcase classname="pytest_cases.tests.pytest_extension.parametrize_plus.test_fixture_ref_basic1" file="pytest_cases/tests/pytest_extension/parametrize_plus/test_fixture_ref_basic1.py" line="20" name="test_prints[global_fixture-!]" time="0.0015020370483398438"><system-out>global!
</system-out></testcase><testcase classname="pytest_cases.tests.pytest_extension.parametrize_plus.test_fixture_ref_basic1" file="pytest_cases/tests/pytest_extension/parametrize_plus/test_fixture_ref_basic1.py" line="29" name="test_synthesis" time="0.0039904117584228516"></testcase><testcase classname="pytest_cases.tests.pytest_extension.parametrize_plus.test_fixture_ref_basic1" file="pytest_cases/tests/pytest_extension/parametrize_plus/test_fixture_ref_basic1.py" line="47" name="test_foo[c]" time="0.0008327960968017578"></testcase><testcase classname="pytest_cases.tests.pytest_extension.parametrize_plus.test_fixture_ref_basic2" file="pytest_cases/tests/pytest_extension/parametrize_plus/test_fixture_ref_basic2.py" line="22" name="test_foo[z-bar]" time="0.0015642642974853516"></testcase><testcase classname="pytest_cases.tests.pytest_extension.parametrize_plus.test_fixture_ref_basic2" file="pytest_cases/tests/pytest_extension/parametrize_plus/test_fixture_ref_basic2.py" line="22" name="test_foo[a-bar]" time="0.0014567375183105469"></testcase><testcase classname="pytest_cases.tests.pytest_extension.parametrize_plus.test_fixture_ref_basic2" file="pytest_cases/tests/pytest_extension/parametrize_plus/test_fixture_ref_basic2.py" line="22" name="test_foo[b-a-bar]" time="0.0017025470733642578"></testcase><testcase classname="pytest_cases.tests.pytest_extension.parametrize_plus.test_fixture_ref_basic2" file="pytest_cases/tests/pytest_extension/parametrize_plus/test_fixture_ref_basic2.py" line="22" name="test_foo[b-o-bar]" time="0.0011632442474365234"></testcase><testcase classname="pytest_cases.tests.pytest_extension.parametrize_plus.test_fixture_ref_basic2" file="pytest_cases/tests/pytest_extension/parametrize_plus/test_fixture_ref_basic2.py" line="22" name="test_foo[o-bar]" time="0.0010581016540527344"></testcase><testcase classname="pytest_cases.tests.pytest_extension.parametrize_plus.test_fixture_ref_basic2" file="pytest_cases/tests/pytest_extension/parametrize_plus/test_fixture_ref_basic2.py" line="36" name="test_synthesis" time="0.003624439239501953"></testcase><testcase classname="pytest_cases.tests.pytest_extension.parametrize_plus.test_fixture_ref_basic3_tuples" file="pytest_cases/tests/pytest_extension/parametrize_plus/test_fixture_ref_basic3_tuples.py" line="27" name="test_prints[a-1]" time="0.002505779266357422"><system-out>a 1
</system-out></testcase><testcase classname="pytest_cases.tests.pytest_extension.parametrize_plus.test_fixture_ref_basic3_tuples" file="pytest_cases/tests/pytest_extension/parametrize_plus/test_fixture_ref_basic3_tuples.py" line="27" name="test_prints[myfix-2-b]" time="0.0026543140411376953"><system-out>b 2
</system-out></testcase><testcase classname="pytest_cases.tests.pytest_extension.parametrize_plus.test_fixture_ref_basic3_tuples" file="pytest_cases/tests/pytest_extension/parametrize_plus/test_fixture_ref_basic3_tuples.py" line="27" name="test_prints[myfix-2-c]" time="0.00391077995300293"><system-out>c 2
</system-out></testcase><testcase classname="pytest_cases.tests.pytest_extension.parametrize_plus.test_fixture_ref_basic3_tuples" file="pytest_cases/tests/pytest_extension/parametrize_plus/test_fixture_ref_basic3_tuples.py" line="27" name="test_prints[myfix-myfix2-b-0]" time="0.004397392272949219"><system-out>b 0
</system-out></testcase><testcase classname="pytest_cases.tests.pytest_extension.parametrize_plus.test_fixture_ref_basic3_tuples" file="pytest_cases/tests/pytest_extension/parametrize_plus/test_fixture_ref_basic3_tuples.py" line="27" name="test_prints[myfix-myfix2-b--1]" time="0.004332304000854492"><system-out>b -1
</system-out></testcase><testcase classname="pytest_cases.tests.pytest_extension.parametrize_plus.test_fixture_ref_basic3_tuples" file="pytest_cases/tests/pytest_extension/parametrize_plus/test_fixture_ref_basic3_tuples.py" line="27" name="test_prints[myfix-myfix2-c-0]" time="0.004559993743896484"><system-out>c 0
</system-out></testcase><testcase classname="pytest_cases.tests.pytest_extension.parametrize_plus.test_fixture_ref_basic3_tuples" file="pytest_cases/tests/pytest_extension/parametrize_plus/test_fixture_ref_basic3_tuples.py" line="27" name="test_prints[myfix-myfix2-c--1]" time="0.003737926483154297"><system-out>c -1
</system-out></testcase><testcase classname="pytest_cases.tests.pytest_extension.parametrize_plus.test_fixture_ref_basic3_tuples" file="pytest_cases/tests/pytest_extension/parametrize_plus/test_fixture_ref_basic3_tuples.py" line="27" name="test_prints[myfix-myfix-b]" time="0.0022110939025878906"><system-out>b b
</system-out></testcase><testcase classname="pytest_cases.tests.pytest_extension.parametrize_plus.test_fixture_ref_basic3_tuples" file="pytest_cases/tests/pytest_extension/parametrize_plus/test_fixture_ref_basic3_tuples.py" line="27" name="test_prints[myfix-myfix-c]" time="0.0012557506561279297"><system-out>c c
</system-out></testcase><testcase classname="pytest_cases.tests.pytest_extension.parametrize_plus.test_fixture_ref_basic3_tuples" file="pytest_cases/tests/pytest_extension/parametrize_plus/test_fixture_ref_basic3_tuples.py" line="27" name="test_prints[my_tuple-d-3]" time="0.002245187759399414"><system-out>d 3
</system-out></testcase><testcase classname="pytest_cases.tests.pytest_extension.parametrize_plus.test_fixture_ref_basic3_tuples" file="pytest_cases/tests/pytest_extension/parametrize_plus/test_fixture_ref_basic3_tuples.py" line="27" name="test_prints[my_tuple-e-4]" time="0.001986265182495117"><system-out>e 4
</system-out></testcase><testcase classname="pytest_cases.tests.pytest_extension.parametrize_plus.test_fixture_ref_basic3_tuples" file="pytest_cases/tests/pytest_extension/parametrize_plus/test_fixture_ref_basic3_tuples.py" line="36" name="test_synthesis" time="0.00656580924987793"></testcase><testcase classname="pytest_cases.tests.pytest_extension.parametrize_plus.test_fixture_ref_basic4_ids" file="pytest_cases/tests/pytest_extension/parametrize_plus/test_fixture_ref_basic4_ids.py" line="31" name="test_foo_explicit[(arg1,arg2)/P0:2-1-None]" time="0.0038192272186279297"><system-out>1 None
</system-out></testcase><testcase classname="pytest_cases.tests.pytest_extension.parametrize_plus.test_fixture_ref_basic4_ids" file="pytest_cases/tests/pytest_extension/parametrize_plus/test_fixture_ref_basic4_ids.py" line="31" name="test_foo_explicit[(arg1,arg2)/P0:2-None-2]" time="0.001306772232055664"><system-out>None 2
</system-out></testcase><testcase classname="pytest_cases.tests.pytest_extension.parametrize_plus.test_fixture_ref_basic4_ids" file="pytest_cases/tests/pytest_extension/parametrize_plus/test_fixture_ref_basic4_ids.py" line="31" name="test_foo_explicit[(arg1,arg2)/a]" time="0.0011699199676513672"><system-out>A AA
</system-out></testcase><testcase classname="pytest_cases.tests.pytest_extension.parametrize_plus.test_fixture_ref_basic4_ids" file="pytest_cases/tests/pytest_extension/parametrize_plus/test_fixture_ref_basic4_ids.py" line="31" name="test_foo_explicit[(arg1,arg2)/aaa]" time="0.0010807514190673828"><system-out>A AA
</system-out></testcase><testcase classname="pytest_cases.tests.pytest_extension.parametrize_plus.test_fixture_ref_basic4_ids" file="pytest_cases/tests/pytest_extension/parametrize_plus/test_fixture_ref_basic4_ids.py" line="31" name="test_foo_explicit[(arg1,arg2)/4-4]" time="0.0026061534881591797"><system-out>4 4
</system-out></testcase><testcase classname="pytest_cases.tests.pytest_extension.parametrize_plus.test_fixture_ref_basic4_ids" file="pytest_cases/tests/pytest_extension/parametrize_plus/test_fixture_ref_basic4_ids.py" line="31" name="test_foo_explicit[(arg1,arg2)/1-a]" time="0.0039234161376953125"><system-out>1 (&apos;A&apos;, &apos;AA&apos;)
</system-out></testcase><testcase classname="pytest_cases.tests.pytest_extension.parametrize_plus.test_fixture_ref_basic4_ids" file="pytest_cases/tests/pytest_extension/parametrize_plus/test_fixture_ref_basic4_ids.py" line="31" name="test_foo_explicit[(arg1,arg2)/3-b-1]" time="0.0028464794158935547"><system-out>3 B1
</system-out></testcase><testcase classname="pytest_cases.tests.pytest_extension.parametrize_plus.test_fixture_ref_basic4_ids" file="pytest_cases/tests/pytest_extension/parametrize_plus/test_fixture_ref_basic4_ids.py" line="31" name="test_foo_explicit[(arg1,arg2)/3-b-2]" time="0.002872467041015625"><system-out>3 B2
</system-out></testcase><testcase classname="pytest_cases.tests.pytest_extension.parametrize_plus.test_fixture_ref_basic4_ids" file="pytest_cases/tests/pytest_extension/parametrize_plus/test_fixture_ref_basic4_ids.py" line="36" name="test_foo_compact[/P0:2-1-None]" time="0.0036547183990478516"><system-out>1 None
</system-out></testcase><testcase classname="pytest_cases.tests.pytest_extension.parametrize_plus.test_fixture_ref_basic4_ids" file="pytest_cases/tests/pytest_extension/parametrize_plus/test_fixture_ref_basic4_ids.py" line="36" name="test_foo_compact[/P0:2-None-2]" time="0.003284454345703125"><system-out>None 2
</system-out></testcase><testcase classname="pytest_cases.tests.pytest_extension.parametrize_plus.test_fixture_ref_basic4_ids" file="pytest_cases/tests/pytest_extension/parametrize_plus/test_fixture_ref_basic4_ids.py" line="36" name="test_foo_compact[/a]" time="0.002862691879272461"><system-out>A AA
</system-out></testcase><testcase classname="pytest_cases.tests.pytest_extension.parametrize_plus.test_fixture_ref_basic4_ids" file="pytest_cases/tests/pytest_extension/parametrize_plus/test_fixture_ref_basic4_ids.py" line="36" name="test_foo_compact[/aaa]" time="0.003659963607788086"><system-out>A AA
</system-out></testcase><testcase classname="pytest_cases.tests.pytest_extension.parametrize_plus.test_fixture_ref_basic4_ids" file="pytest_cases/tests/pytest_extension/parametrize_plus/test_fixture_ref_basic4_ids.py" line="36" name="test_foo_compact[/4-4]" time="0.003415346145629883"><system-out>4 4
</system-out></testcase><testcase classname="pytest_cases.tests.pytest_extension.parametrize_plus.test_fixture_ref_basic4_ids" file="pytest_cases/tests/pytest_extension/parametrize_plus/test_fixture_ref_basic4_ids.py" line="36" name="test_foo_compact[/1-a]" time="0.0035049915313720703"><system-out>1 (&apos;A&apos;, &apos;AA&apos;)
</system-out></testcase><testcase classname="pytest_cases.tests.pytest_extension.parametrize_plus.test_fixture_ref_basic4_ids" file="pytest_cases/tests/pytest_extension/parametrize_plus/test_fixture_ref_basic4_ids.py" line="36" name="test_foo_compact[/3-b-1]" time="0.0024204254150390625"><system-out>3 B1
</system-out></testcase><testcase classname="pytest_cases.tests.pytest_extension.parametrize_plus.test_fixture_ref_basic4_ids" file="pytest_cases/tests/pytest_extension/parametrize_plus/test_fixture_ref_basic4_ids.py" line="36" name="test_foo_compact[/3-b-2]" time="0.0013129711151123047"><system-out>3 B2
</system-out></testcase><testcase classname="pytest_cases.tests.pytest_extension.parametrize_plus.test_fixture_ref_basic4_ids" file="pytest_cases/tests/pytest_extension/parametrize_plus/test_fixture_ref_basic4_ids.py" line="41" name="test_foo_nostyle[1-None]" time="0.0011067390441894531"><system-out>1 None
</system-out></testcase><testcase classname="pytest_cases.tests.pytest_extension.parametrize_plus.test_fixture_ref_basic4_ids" file="pytest_cases/tests/pytest_extension/parametrize_plus/test_fixture_ref_basic4_ids.py" line="41" name="test_foo_nostyle[None-2]" time="0.0010929107666015625"><system-out>None 2
</system-out></testcase><testcase classname="pytest_cases.tests.pytest_extension.parametrize_plus.test_fixture_ref_basic4_ids" file="pytest_cases/tests/pytest_extension/parametrize_plus/test_fixture_ref_basic4_ids.py" line="41" name="test_foo_nostyle[a]" time="0.0018241405487060547"><system-out>A AA
</system-out></testcase><testcase classname="pytest_cases.tests.pytest_extension.parametrize_plus.test_fixture_ref_basic4_ids" file="pytest_cases/tests/pytest_extension/parametrize_plus/test_fixture_ref_basic4_ids.py" line="41" name="test_foo_nostyle[aaa]" time="0.0032248497009277344"><system-out>A AA
</system-out></testcase><testcase classname="pytest_cases.tests.pytest_extension.parametrize_plus.test_fixture_ref_basic4_ids" file="pytest_cases/tests/pytest_extension/parametrize_plus/test_fixture_ref_basic4_ids.py" line="41" name="test_foo_nostyle[4-4]" time="0.002348661422729492"><system-out>4 4
</system-out></testcase><testcase classname="pytest_cases.tests.pytest_extension.parametrize_plus.test_fixture_ref_basic4_ids" file="pytest_cases/tests/pytest_extension/parametrize_plus/test_fixture_ref_basic4_ids.py" line="41" name="test_foo_nostyle[1-a]" time="0.0033304691314697266"><system-out>1 (&apos;A&apos;, &apos;AA&apos;)
</system-out></testcase><testcase classname="pytest_cases.tests.pytest_extension.parametrize_plus.test_fixture_ref_basic4_ids" file="pytest_cases/tests/pytest_extension/parametrize_plus/test_fixture_ref_basic4_ids.py" line="41" name="test_foo_nostyle[3-b-1]" time="0.0030508041381835938"><system-out>3 B1
</system-out></testcase><testcase classname="pytest_cases.tests.pytest_extension.parametrize_plus.test_fixture_ref_basic4_ids" file="pytest_cases/tests/pytest_extension/parametrize_plus/test_fixture_ref_basic4_ids.py" line="41" name="test_foo_nostyle[3-b-2]" time="0.0015864372253417969"><system-out>3 B2
</system-out></testcase><testcase classname="pytest_cases.tests.pytest_extension.parametrize_plus.test_fixture_ref_basic4_ids" file="pytest_cases/tests/pytest_extension/parametrize_plus/test_fixture_ref_basic4_ids.py" line="46" name="test_synthesis" time="0.007574796676635742"></testcase><testcase classname="pytest_cases.tests.pytest_extension.parametrize_plus.test_getcallspecs" file="pytest_cases/tests/pytest_extension/parametrize_plus/test_getcallspecs.py" line="12" name="test_getcallspecs[False]" time="0.0016281604766845703"></testcase><testcase classname="pytest_cases.tests.pytest_extension.parametrize_plus.test_getcallspecs" file="pytest_cases/tests/pytest_extension/parametrize_plus/test_getcallspecs.py" line="12" name="test_getcallspecs[True]" time="0.0015616416931152344"></testcase><testcase classname="pytest_cases.tests.pytest_extension.parametrize_plus.test_lazy_value" file="pytest_cases/tests/pytest_extension/parametrize_plus/test_lazy_value.py" line="26" name="test_foo_single[val]" time="0.0007946491241455078"></testcase><testcase classname="pytest_cases.tests.pytest_extension.parametrize_plus.test_lazy_value" file="pytest_cases/tests/pytest_extension/parametrize_plus/test_lazy_value.py" line="26" name="test_foo_single[val_skipped_on_old_pytest]" time="0.0004246234893798828"><skipped message="well" type="pytest.skip">pytest_cases/tests/pytest_extension/parametrize_plus/test_lazy_value.py:26: &lt;py._xmlgen.raw object at 0x7fa1acbb4208&gt;</skipped></testcase><testcase classname="pytest_cases.tests.pytest_extension.parametrize_plus.test_lazy_value" file="pytest_cases/tests/pytest_extension/parametrize_plus/test_lazy_value.py" line="26" name="test_foo_single[A]" time="0.0007054805755615234"></testcase><testcase classname="pytest_cases.tests.pytest_extension.parametrize_plus.test_lazy_value" file="pytest_cases/tests/pytest_extension/parametrize_plus/test_lazy_value.py" line="34" name="test_foo_multi[valtuple[0]-valtuple[1]]" time="0.0007967948913574219"></testcase><testcase classname="pytest_cases.tests.pytest_extension.parametrize_plus.test_lazy_value" file="pytest_cases/tests/pytest_extension/parametrize_plus/test_lazy_value.py" line="34" name="test_foo_multi[1-val]" time="0.00077056884765625"></testcase><testcase classname="pytest_cases.tests.pytest_extension.parametrize_plus.test_lazy_value" file="pytest_cases/tests/pytest_extension/parametrize_plus/test_lazy_value.py" line="41" name="test_synthesis" time="0.006270885467529297"></testcase><testcase classname="pytest_cases.tests.pytest_extension.parametrize_plus.test_lazy_value__custom_ids" file="pytest_cases/tests/pytest_extension/parametrize_plus/test_lazy_value__custom_ids.py" line="38" name="test_foo_single[a=val]" time="0.0006933212280273438"></testcase><testcase classname="pytest_cases.tests.pytest_extension.parametrize_plus.test_lazy_value__custom_ids" file="pytest_cases/tests/pytest_extension/parametrize_plus/test_lazy_value__custom_ids.py" line="38" name="test_foo_single[a=val_skipped_on_old_pytest]" time="0.00033211708068847656"><skipped message="well" type="pytest.skip">pytest_cases/tests/pytest_extension/parametrize_plus/test_lazy_value__custom_ids.py:38: &lt;py._xmlgen.raw object at 0x7fa1acba7e80&gt;</skipped></testcase><testcase classname="pytest_cases.tests.pytest_extension.parametrize_plus.test_lazy_value__custom_ids" file="pytest_cases/tests/pytest_extension/parametrize_plus/test_lazy_value__custom_ids.py" line="38" name="test_foo_single[a=A]" time="0.0007002353668212891"></testcase><testcase classname="pytest_cases.tests.pytest_extension.parametrize_plus.test_lazy_value__custom_ids" file="pytest_cases/tests/pytest_extension/parametrize_plus/test_lazy_value__custom_ids.py" line="46" name="test_foo_multi[a=valtuple[0]-b=valtuple[1]]" time="0.0008094310760498047"></testcase><testcase classname="pytest_cases.tests.pytest_extension.parametrize_plus.test_lazy_value__custom_ids" file="pytest_cases/tests/pytest_extension/parametrize_plus/test_lazy_value__custom_ids.py" line="46" name="test_foo_multi[a=1-b=val]" time="0.0008563995361328125"></testcase><testcase classname="pytest_cases.tests.pytest_extension.parametrize_plus.test_lazy_value__custom_ids" file="pytest_cases/tests/pytest_extension/parametrize_plus/test_lazy_value__custom_ids.py" line="53" name="test_synthesis" time="0.005598545074462891"></testcase><testcase classname="pytest_cases.tests.pytest_extension.parametrize_plus.test_lazy_value_and_fixture_ref" file="pytest_cases/tests/pytest_extension/parametrize_plus/test_lazy_value_and_fixture_ref.py" line="21" name="test_foo_single[val]" time="0.0012066364288330078"></testcase><testcase classname="pytest_cases.tests.pytest_extension.parametrize_plus.test_lazy_value_and_fixture_ref" file="pytest_cases/tests/pytest_extension/parametrize_plus/test_lazy_value_and_fixture_ref.py" line="21" name="test_foo_single[bfix-5]" time="0.0011098384857177734"></testcase><testcase classname="pytest_cases.tests.pytest_extension.parametrize_plus.test_lazy_value_and_fixture_ref" file="pytest_cases/tests/pytest_extension/parametrize_plus/test_lazy_value_and_fixture_ref.py" line="21" name="test_foo_single[bfix-7]" time="0.0011248588562011719"></testcase><testcase classname="pytest_cases.tests.pytest_extension.parametrize_plus.test_lazy_value_and_fixture_ref" file="pytest_cases/tests/pytest_extension/parametrize_plus/test_lazy_value_and_fixture_ref.py" line="21" name="test_foo_single[A]" time="0.0014426708221435547"></testcase><testcase classname="pytest_cases.tests.pytest_extension.parametrize_plus.test_lazy_value_and_fixture_ref" file="pytest_cases/tests/pytest_extension/parametrize_plus/test_lazy_value_and_fixture_ref.py" line="29" name="test_synthesis2" time="0.005731821060180664"></testcase><testcase classname="pytest_cases.tests.pytest_extension.parametrize_plus.test_lazy_value_and_fixture_ref2" file="pytest_cases/tests/pytest_extension/parametrize_plus/test_lazy_value_and_fixture_ref2.py" line="46" name="test_foo_multi[valtuple]" time="0.0015015602111816406"></testcase><testcase classname="pytest_cases.tests.pytest_extension.parametrize_plus.test_lazy_value_and_fixture_ref2" file="pytest_cases/tests/pytest_extension/parametrize_plus/test_lazy_value_and_fixture_ref2.py" line="46" name="test_foo_multi[A]" time="0.0015001296997070312"></testcase><testcase classname="pytest_cases.tests.pytest_extension.parametrize_plus.test_lazy_value_and_fixture_ref2" file="pytest_cases/tests/pytest_extension/parametrize_plus/test_lazy_value_and_fixture_ref2.py" line="46" name="test_foo_multi[tfix-13]" time="0.001912832260131836"></testcase><testcase classname="pytest_cases.tests.pytest_extension.parametrize_plus.test_lazy_value_and_fixture_ref2" file="pytest_cases/tests/pytest_extension/parametrize_plus/test_lazy_value_and_fixture_ref2.py" line="46" name="test_foo_multi[tfix-11]" time="0.0014383792877197266"></testcase><testcase classname="pytest_cases.tests.pytest_extension.parametrize_plus.test_lazy_value_and_fixture_ref2" file="pytest_cases/tests/pytest_extension/parametrize_plus/test_lazy_value_and_fixture_ref2.py" line="46" name="test_foo_multi[vfix-val-5]" time="0.0014524459838867188"></testcase><testcase classname="pytest_cases.tests.pytest_extension.parametrize_plus.test_lazy_value_and_fixture_ref2" file="pytest_cases/tests/pytest_extension/parametrize_plus/test_lazy_value_and_fixture_ref2.py" line="46" name="test_foo_multi[vfix-val-7]" time="0.0015130043029785156"></testcase><testcase classname="pytest_cases.tests.pytest_extension.parametrize_plus.test_lazy_value_and_fixture_ref2" file="pytest_cases/tests/pytest_extension/parametrize_plus/test_lazy_value_and_fixture_ref2.py" line="46" name="test_foo_multi[B-vfix-5]" time="0.0018956661224365234"></testcase><testcase classname="pytest_cases.tests.pytest_extension.parametrize_plus.test_lazy_value_and_fixture_ref2" file="pytest_cases/tests/pytest_extension/parametrize_plus/test_lazy_value_and_fixture_ref2.py" line="46" name="test_foo_multi[B-vfix-7]" time="0.0014455318450927734"></testcase><testcase classname="pytest_cases.tests.pytest_extension.parametrize_plus.test_lazy_value_and_fixture_ref2" file="pytest_cases/tests/pytest_extension/parametrize_plus/test_lazy_value_and_fixture_ref2.py" line="46" name="test_foo_multi[vfix-vfix-5]" time="0.0014154911041259766"></testcase><testcase classname="pytest_cases.tests.pytest_extension.parametrize_plus.test_lazy_value_and_fixture_ref2" file="pytest_cases/tests/pytest_extension/parametrize_plus/test_lazy_value_and_fixture_ref2.py" line="46" name="test_foo_multi[vfix-vfix-7]" time="0.0014536380767822266"></testcase><testcase classname="pytest_cases.tests.pytest_extension.parametrize_plus.test_lazy_value_and_fixture_ref2" file="pytest_cases/tests/pytest_extension/parametrize_plus/test_lazy_value_and_fixture_ref2.py" line="60" name="test_synthesis2" time="0.006639719009399414"></testcase><testcase classname="pytest_cases.tests.pytest_extension.parametrize_plus.test_lazy_value_and_fixture_ref3" file="pytest_cases/tests/pytest_extension/parametrize_plus/test_lazy_value_and_fixture_ref3.py" line="46" name="test_foo_multi[valtuple]" time="0.001463174819946289"></testcase><testcase classname="pytest_cases.tests.pytest_extension.parametrize_plus.test_lazy_value_and_fixture_ref3" file="pytest_cases/tests/pytest_extension/parametrize_plus/test_lazy_value_and_fixture_ref3.py" line="46" name="test_foo_multi[A]" time="0.0014367103576660156"></testcase><testcase classname="pytest_cases.tests.pytest_extension.parametrize_plus.test_lazy_value_and_fixture_ref3" file="pytest_cases/tests/pytest_extension/parametrize_plus/test_lazy_value_and_fixture_ref3.py" line="46" name="test_foo_multi[tfix-val]" time="0.0018422603607177734"></testcase><testcase classname="pytest_cases.tests.pytest_extension.parametrize_plus.test_lazy_value_and_fixture_ref3" file="pytest_cases/tests/pytest_extension/parametrize_plus/test_lazy_value_and_fixture_ref3.py" line="46" name="test_foo_multi[tfix-11]" time="0.0013852119445800781"></testcase><testcase classname="pytest_cases.tests.pytest_extension.parametrize_plus.test_lazy_value_and_fixture_ref3" file="pytest_cases/tests/pytest_extension/parametrize_plus/test_lazy_value_and_fixture_ref3.py" line="46" name="test_foo_multi[vfix-val-5]" time="0.0014376640319824219"></testcase><testcase classname="pytest_cases.tests.pytest_extension.parametrize_plus.test_lazy_value_and_fixture_ref3" file="pytest_cases/tests/pytest_extension/parametrize_plus/test_lazy_value_and_fixture_ref3.py" line="46" name="test_foo_multi[vfix-val-val]" time="0.0014081001281738281"></testcase><testcase classname="pytest_cases.tests.pytest_extension.parametrize_plus.test_lazy_value_and_fixture_ref3" file="pytest_cases/tests/pytest_extension/parametrize_plus/test_lazy_value_and_fixture_ref3.py" line="46" name="test_foo_multi[B-vfix-5]" time="0.0017688274383544922"></testcase><testcase classname="pytest_cases.tests.pytest_extension.parametrize_plus.test_lazy_value_and_fixture_ref3" file="pytest_cases/tests/pytest_extension/parametrize_plus/test_lazy_value_and_fixture_ref3.py" line="46" name="test_foo_multi[B-vfix-val]" time="0.0014095306396484375"></testcase><testcase classname="pytest_cases.tests.pytest_extension.parametrize_plus.test_lazy_value_and_fixture_ref3" file="pytest_cases/tests/pytest_extension/parametrize_plus/test_lazy_value_and_fixture_ref3.py" line="46" name="test_foo_multi[vfix-vfix-5]" time="0.0014278888702392578"></testcase><testcase classname="pytest_cases.tests.pytest_extension.parametrize_plus.test_lazy_value_and_fixture_ref3" file="pytest_cases/tests/pytest_extension/parametrize_plus/test_lazy_value_and_fixture_ref3.py" line="46" name="test_foo_multi[vfix-vfix-val]" time="0.0014548301696777344"></testcase><testcase classname="pytest_cases.tests.pytest_extension.parametrize_plus.test_lazy_value_and_fixture_ref3" file="pytest_cases/tests/pytest_extension/parametrize_plus/test_lazy_value_and_fixture_ref3.py" line="60" name="test_synthesis2" time="0.006761789321899414"></testcase><testcase classname="pytest_cases.tests.pytest_extension.parametrize_plus.test_lazy_value_low_level" file="pytest_cases/tests/pytest_extension/parametrize_plus/test_lazy_value_low_level.py" line="16" name="test_value_ref" time="0.0013034343719482422"></testcase><testcase classname="pytest_cases.tests.pytest_extension.parametrize_plus.test_lazy_value_low_level" file="pytest_cases/tests/pytest_extension/parametrize_plus/test_lazy_value_low_level.py" line="100" name="test_lv_clone" time="0.0007631778717041016"></testcase><testcase classname="pytest_cases.tests.pytest_extension.parametrize_plus.test_lazy_value_low_level" file="pytest_cases/tests/pytest_extension/parametrize_plus/test_lazy_value_low_level.py" line="125" name="test_lv_tuple_clone" time="0.0008604526519775391"></testcase><testcase classname="pytest_cases.tests.pytest_extension.parametrize_plus.test_lazy_value_so" file="pytest_cases/tests/pytest_extension/parametrize_plus/test_lazy_value_so.py" line="32" name="test_foo[get_param(0)]" time="0.0008184909820556641"><system-out>0.969178972086305
</system-out></testcase><testcase classname="pytest_cases.tests.pytest_extension.parametrize_plus.test_lazy_value_so" file="pytest_cases/tests/pytest_extension/parametrize_plus/test_lazy_value_so.py" line="32" name="test_foo[get_param(1)]" time="0.0010693073272705078"><system-out>0.2379451116066459
</system-out></testcase><testcase classname="pytest_cases.tests.pytest_extension.parametrize_plus.test_lazy_value_so" file="pytest_cases/tests/pytest_extension/parametrize_plus/test_lazy_value_so.py" line="32" name="test_foo[get_param(2)]" time="0.0007398128509521484"><system-out>0.7087699637331226
</system-out></testcase><testcase classname="pytest_cases.tests.pytest_extension.parametrize_plus.test_lazy_value_so" file="pytest_cases/tests/pytest_extension/parametrize_plus/test_lazy_value_so.py" line="32" name="test_foo[get_param(3)]" time="0.0006878376007080078"><system-out>0.7857800641724592
</system-out></testcase><testcase classname="pytest_cases.tests.pytest_extension.parametrize_plus.test_lazy_value_so" file="pytest_cases/tests/pytest_extension/parametrize_plus/test_lazy_value_so.py" line="32" name="test_foo[get_param(4)]" time="0.0007259845733642578"><system-out>0.03626823705837934
</system-out></testcase><testcase classname="pytest_cases.tests.pytest_extension.parametrize_plus.test_lazy_value_so" file="pytest_cases/tests/pytest_extension/parametrize_plus/test_lazy_value_so.py" line="32" name="test_foo[get_param(5)]" time="0.0007116794586181641"><system-out>0.20475546670405498
</system-out></testcase><testcase classname="pytest_cases.tests.pytest_extension.parametrize_plus.test_lazy_value_so" file="pytest_cases/tests/pytest_extension/parametrize_plus/test_lazy_value_so.py" line="32" name="test_foo[get_param(6)]" time="0.0010759830474853516"><system-out>0.050555864581824816
</system-out></testcase><testcase classname="pytest_cases.tests.pytest_extension.parametrize_plus.test_lazy_value_so" file="pytest_cases/tests/pytest_extension/parametrize_plus/test_lazy_value_so.py" line="32" name="test_foo[get_param(7)]" time="0.0007257461547851562"><system-out>0.2907430084298589
</system-out></testcase><testcase classname="pytest_cases.tests.pytest_extension.parametrize_plus.test_lazy_value_so" file="pytest_cases/tests/pytest_extension/parametrize_plus/test_lazy_value_so.py" line="32" name="test_foo[get_param(8)]" time="0.0007426738739013672"><system-out>0.2728700135220834
</system-out></testcase><testcase classname="pytest_cases.tests.pytest_extension.parametrize_plus.test_lazy_value_so" file="pytest_cases/tests/pytest_extension/parametrize_plus/test_lazy_value_so.py" line="32" name="test_foo[get_param(9)]" time="0.0007879734039306641"><system-out>0.054233650760942775
</system-out></testcase><testcase classname="pytest_cases.tests.pytest_extension.parametrize_plus.test_so2" file="pytest_cases/tests/pytest_extension/parametrize_plus/test_so2.py" line="67" name="test_databases[data_from_datasetA-idx=0]" time="0.00156402587890625"><system-out>setting up dataset A
setting up dataset B
data1_a
</system-out></testcase><testcase classname="pytest_cases.tests.pytest_extension.parametrize_plus.test_so2" file="pytest_cases/tests/pytest_extension/parametrize_plus/test_so2.py" line="67" name="test_databases[data_from_datasetB-idx=0]" time="0.0011212825775146484"></testcase><testcase classname="pytest_cases.tests.pytest_extension.parametrize_plus.test_so2" file="pytest_cases/tests/pytest_extension/parametrize_plus/test_so2.py" line="67" name="test_databases[data_from_datasetB-idx=1]" time="0.0011882781982421875"><system-out>data2_b
</system-out></testcase><testcase classname="pytest_cases.tests.pytest_extension.parametrize_plus.test_so2" file="pytest_cases/tests/pytest_extension/parametrize_plus/test_so2.py" line="67" name="test_databases[data_from_datasetB-idx=2]" time="0.001184225082397461"><system-out>data3_b
</system-out></testcase><testcase classname="pytest_cases.tests.pytest_extension.parametrize_plus.test_so2" file="pytest_cases/tests/pytest_extension/parametrize_plus/test_so2.py" line="67" name="test_databases[data_from_datasetA-idx=1]" time="0.001280069351196289"><system-out>data2_a
</system-out></testcase><testcase classname="pytest_cases.tests.pytest_extension.parametrize_plus.test_so2" file="pytest_cases/tests/pytest_extension/parametrize_plus/test_so2.py" line="67" name="test_databases[data_from_datasetA-idx=2]" time="0.0014023780822753906"><system-out>data3_a
</system-out></testcase><testcase classname="pytest_cases.tests.pytest_extension.parametrize_plus.test_so2_dynamic" file="pytest_cases/tests/pytest_extension/parametrize_plus/test_so2_dynamic.py" line="42" name="test_databases[data_from_DB-idx=0]" time="0.0014481544494628906"><system-out>setting up dataset DB
setting up dataset DA
data1_b
</system-out></testcase><testcase classname="pytest_cases.tests.pytest_extension.parametrize_plus.test_so2_dynamic" file="pytest_cases/tests/pytest_extension/parametrize_plus/test_so2_dynamic.py" line="42" name="test_databases[data_from_DA-idx=0]" time="0.0010845661163330078"></testcase><testcase classname="pytest_cases.tests.pytest_extension.parametrize_plus.test_so2_dynamic" file="pytest_cases/tests/pytest_extension/parametrize_plus/test_so2_dynamic.py" line="42" name="test_databases[data_from_DA-idx=1]" time="0.0012352466583251953"><system-out>data2_a
</system-out></testcase><testcase classname="pytest_cases.tests.pytest_extension.parametrize_plus.test_so2_dynamic" file="pytest_cases/tests/pytest_extension/parametrize_plus/test_so2_dynamic.py" line="42" name="test_databases[data_from_DA-idx=2]" time="0.0016474723815917969"><system-out>data3_a
</system-out></testcase><testcase classname="pytest_cases.tests.pytest_extension.parametrize_plus.test_so2_dynamic" file="pytest_cases/tests/pytest_extension/parametrize_plus/test_so2_dynamic.py" line="42" name="test_databases[data_from_DB-idx=1]" time="0.0013682842254638672"><system-out>data2_b
</system-out></testcase><testcase classname="pytest_cases.tests.pytest_extension.parametrize_plus.test_so2_new" file="pytest_cases/tests/pytest_extension/parametrize_plus/test_so2_new.py" line="45" name="test_data[from_A-idx=0]" time="0.0014090538024902344"><system-out>10
</system-out></testcase><testcase classname="pytest_cases.tests.pytest_extension.parametrize_plus.test_so2_new" file="pytest_cases/tests/pytest_extension/parametrize_plus/test_so2_new.py" line="45" name="test_data[from_A-idx=1]" time="0.0012822151184082031"><system-out>20
</system-out></testcase><testcase classname="pytest_cases.tests.pytest_extension.parametrize_plus.test_so2_new" file="pytest_cases/tests/pytest_extension/parametrize_plus/test_so2_new.py" line="45" name="test_data[from_A-idx=2]" time="0.001726388931274414"><system-out>30
</system-out></testcase><testcase classname="pytest_cases.tests.pytest_extension.parametrize_plus.test_so2_new" file="pytest_cases/tests/pytest_extension/parametrize_plus/test_so2_new.py" line="45" name="test_data[from_B-idx=0]" time="0.0012371540069580078"><system-out>100
</system-out></testcase><testcase classname="pytest_cases.tests.pytest_extension.parametrize_plus.test_so2_new" file="pytest_cases/tests/pytest_extension/parametrize_plus/test_so2_new.py" line="45" name="test_data[from_B-idx=1]" time="0.0013129711151123047"><system-out>200
</system-out></testcase><testcase classname="pytest_cases.tests.pytest_extension.parametrize_plus.test_so2_simplified" file="pytest_cases/tests/pytest_extension/parametrize_plus/test_so2_simplified.py" line="39" name="test_databases[data_from_datasetA-idx=0]" time="0.001401662826538086"><system-out>setting up dataset A
setting up dataset B
data1_a
</system-out></testcase><testcase classname="pytest_cases.tests.pytest_extension.parametrize_plus.test_so2_simplified" file="pytest_cases/tests/pytest_extension/parametrize_plus/test_so2_simplified.py" line="39" name="test_databases[data_from_datasetB-idx=0]" time="0.0014688968658447266"></testcase><testcase classname="pytest_cases.tests.pytest_extension.parametrize_plus.test_so2_simplified" file="pytest_cases/tests/pytest_extension/parametrize_plus/test_so2_simplified.py" line="39" name="test_databases[data_from_datasetA-idx=1]" time="0.001180887222290039"><system-out>data2_a
</system-out></testcase><testcase classname="pytest_cases.tests.pytest_extension.parametrize_plus.test_so2_simplified" file="pytest_cases/tests/pytest_extension/parametrize_plus/test_so2_simplified.py" line="39" name="test_databases[data_from_datasetA-idx=2]" time="0.0011782646179199219"><system-out>data3_a
</system-out></testcase><testcase classname="pytest_cases.tests.pytest_extension.parametrize_plus.test_so2_simplified" file="pytest_cases/tests/pytest_extension/parametrize_plus/test_so2_simplified.py" line="39" name="test_databases[data_from_datasetB-idx=1]" time="0.0034351348876953125"><system-out>data2_b
</system-out></testcase></testsuite>